131.321
129.805
122.247
104.026
104.026
103.96
102.188
92.8819
92.8819
91.7523
91.7523
89.6489
89.6489
89.6489
89.2432
89.2432
87.1696
87.1696
86.7116
86.5084
81.7764
81.7764
81.7764
81.7471
80.8719
80.7045
80.7045
80.7045
80.7045
80.6084
77.9062
77.9062
77.9062
77.9062
77.5599
77.5599
74.0846
69.3592
69.3592
69.3592
67.266
67.266
65.5403
65.5403
65.5403
65.5403
65.5403
65.5403
65.5403
65.5403
65.5403
65.5403
65.5403
65.5403
62.9809
62.9809
62.9424
62.9424
62.9424
62.9424
62.9424
62.9424
61.5523
61.5523
61.5523
61.5523
60.3017
60.3017
60.3017
57.7654
57.7654
57.7654
57.7654
57.7654
57.7654
57.7654
57.7654
57.7654
55.5253
55.5253
55.5253
55.5253
55.5253
55.5253
55.5253
55.5253
55.5253
55.1881
55.1881
55.1881
55.1881
55.1881
55.1881
55.1881
55.1881
55.1881
55.1881
55.1881
55.1881
55.1881
55.1881
55.1881
55.1881
55.1881
55.1881
55.1881
55.1881
55.1881
52.2647
52.2647
52.2647
52.2647
52.2647
52.2647
52.2647
51.1777
51.1777
50.6173
50.6173
50.6173
50.6173
50.6173
50.6173
50.6173
50.6173
50.6173
50.6173
50.1757
50.1757
50.1757
50.1757
50.1757
50.1757
50.1757
50.1757
50.1757
50.1757
50.1757
50.1757
50.1757
50.1757
50.1757
50.1757
50.1757
50.1757
50.1757
50.1757
50.1757
50.1757
50.1757
50.1757
50.1757
50.1757
50.1757
50.1757
50.1757
50.1757
50.1757
50.1757
50.1757
50.1757
50.1757
50.1757
50.1757
50.1757
50.1757
50.1757
50.1757
50.1757
50.1757
50.1757
50.1757
50.1757
50.1757
50.1757
50.1757
50.1757
50.1757
50.1757
50.1757
50.1757
50.1757
50.1757
50.1757
50.1757
50.1757
50.1757
50.1757
50.1757
50.1757
50.1757
50.1757
50.1757
50.1757
50.1757
50.1757
50.1757
50.1757
50.1757
50.1757
50.1757
50.1757
50.1757
50.1757
50.1757
50.1757
50.1757
50.1757
50.1757
50.1757
50.1757
50.1757
50.1757
50.1757
50.1757
50.1757
50.1757
50.1757
50.1757
50.1757
50.1757
50.1757
50.1757
50.1757
50.1757
50.1757
50.1757
50.1757
50.1757
50.1757
50.1757
50.1757
50.1757
50.1757
50.1757
50.1757
50.1757
50.1757
50.1757
50.1757
50.1757
50.1757
50.1757
50.1757
50.1757
50.1757
50.1757
50.1757
50.1757
50.1757
50.1757
50.1757
50.1757
50.1757
50.1757
50.1757
50.1757
50.1757
50.1757
50.1757
50.1757
50.1757
50.1757
50.1757
50.1757
50.1757
50.1757
50.1757
50.1757
50.1757
50.1757
50.1757
50.1757
50.1757
50.1757
50.1757
50.1757
50.1757
50.1757
50.1757
50.1757
50.1757
50.1757
50.1757
50.1757
50.1757
50.1757
50.1757
50.1757
50.1757
50.1757
50.1757
50.1757
50.1757
50.1757
50.1757
50.1757
50.1757
50.1757
50.1757
50.1757
50.1757
50.1757
50.1757
50.1757
50.1757
50.1757
50.1757
50.1757
50.1757
50.1757
50.1757
50.1757
50.1757
50.1757
50.1757
50.1757
50.1757
50.1757
50.1757
50.1757
50.1757
50.1757
50.1757
50.1757
50.1757
50.1757
50.1757
50.1757
50.1757
50.1757
50.1757
50.1757
50.1757
50.1757
50.1757
50.1757
50.1757
50.1757
50.1757
50.1757
50.1757
50.1757
50.1757
50.1757
50.1757
50.1757
50.1757
50.1757
50.1757
50.1757
50.1757
50.1757
50.1757
50.1757
50.1757
50.1757
50.1757
50.1757
50.1757
50.1757
50.1757
50.1757
50.1757
50.1757
50.1757
50.1757
50.1757
50.1757
50.1757
50.1757
50.1757
50.1757
50.1757
50.1757
50.1757
50.1757
50.1757
50.1757
50.1757
50.1757
50.1757
50.1757
50.1757
50.1757
50.1757
50.1757
48.9037
48.9037
47.1862
47.1862
47.1862
47.1862
47.1862
47.1862
47.1862
47.1862
47.1862
47.1862
47.1862
47.1862
47.1862
47.1862
47.1862
47.1862
47.1862
47.1862
47.1862
47.1862
47.1862
47.1862
47.1862
47.1862
46.9536
46.9536
46.9536
46.9536
46.9536
46.9536
46.9536
46.9536
46.9536
46.9536
46.9536
46.9536
46.9536
46.9536
46.9536
46.9536
46.9536
46.9536
46.9536
46.9536
46.9536
46.9536
46.9536
46.9536
46.9536
46.9536
46.9536
46.9536
46.9536
46.9536
46.9536
46.9536
46.9536
46.9536
46.9536
46.9536
46.9536
46.9536
46.9536
46.9536
46.9536
46.9536
46.9536
46.9536
46.9536
46.9536
46.9536
46.9536
46.9536
46.9536
46.9536
46.9536
46.9536
46.9536
46.9536
46.9536
46.9536
46.9536
46.9536
46.9536
46.9536
46.9536
46.9536
46.9536
46.9536
46.9536
46.9536
46.8713
46.8713
46.8713
46.8713
46.8713
46.8713
46.8713
46.8713
46.8713
46.8713
46.8713
46.8713
46.8713
46.8713
46.8713
46.8713
46.8713
46.8713
46.8713
46.8713
46.8713
46.8713
46.8713
46.8713
46.8713
46.8713
46.8713
46.8713
46.8713
46.8713
46.8713
46.8713
46.8713
46.8713
46.8713
46.8713
46.8713
46.8713
46.8713
46.8713
46.8713
46.8713
46.8713
46.8713
46.8713
46.8713
46.8713
46.8713
46.8713
46.8713
46.8713
46.8713
46.8713
46.8713
46.8713
46.8713
46.8713
46.8713
46.8713
46.8713
46.8713
46.8713
46.8713
46.8713
46.8713
46.8713
46.8713
46.8713
46.8713
46.8713
46.8713
46.8713
46.8713
46.8713
46.8713
46.8713
46.8713
46.8713
46.8713
46.8713
46.8713
46.8713
46.8713
46.8713
46.8713
46.8713
46.8713
46.8713
46.8713
46.8713
46.8713
46.8713
46.8713
46.8713
46.8713
46.8713
46.8713
46.8713
46.8713
46.8713
46.8713
46.8713
46.8713
46.8713
46.8713
46.8713
46.8713
46.8713
46.8713
46.8713
46.8713
46.8713
46.8713
46.8713
46.8713
46.8713
46.8713
46.8713
46.8713
46.8713
46.8713
46.8713
46.8713
46.8713
46.8713
46.8713
46.8713
46.8713
46.8713
46.8713
46.8713
46.8713
46.8713
46.8713
46.8713
46.8713
46.8713
46.8713
46.8713
46.8713
46.8713
46.8713
46.8713
46.8713
46.8713
46.8713
46.8713
46.8713
46.8713
46.8713
46.8713
46.8713
46.8713
46.8713
46.8713
46.8713
46.8713
46.8713
46.8713
46.8713
46.8713
46.8713
46.8713
46.8713
46.8713
46.8713
46.8713
46.8713
46.8713
46.8713
46.8713
46.8713
46.8713
46.8713
46.8713
46.8713
46.8713
46.8713
46.8713
46.8713
46.8713
46.8713
46.8713
46.8713
46.8713
46.8713
46.8713
46.8713
46.8713
46.8713
46.8713
46.8713
46.8713
46.8713
46.8713
46.8713
46.8713
46.8713
46.8713
46.8713
46.8713
46.8713
46.8713
46.8713
46.8713
46.8713
46.8713
46.8713
46.8713
46.8713
46.8713
46.8713
46.8713
46.8713
46.8713
46.8713
46.8713
46.8713
46.8713
46.8713
46.8713
46.8713
46.8713
46.8713
46.8713
46.8713
46.8713
46.8713
46.8713
46.8713
46.8713
46.8713
46.8713
46.8713
46.8713
46.8713
46.8713
46.8713
46.8713
46.8713
46.8713
46.8713
46.8713
46.8713
46.8713
46.8713
46.8713
46.8713
46.8713
46.8713
46.8713
46.8713
46.8713
46.8713
46.8713
46.8713
46.8713
46.8713
46.8713
46.8713
46.8713
46.8713
46.8713
46.8713
46.8713
46.8713
46.8713
46.8713
46.8713
46.8713
46.8713
46.8713
46.8713
46.8713
46.8713
46.8713
46.8713
46.8713
46.8713
46.8713
46.8713
46.8713
46.8713
46.8713
46.8713
46.8713
46.8713
46.8713
46.8713
46.8713
46.8713
46.8713
46.8713
46.8713
46.8713
46.8713
46.8713
46.8713
46.8713
46.8713
46.8713
46.8713
46.8713
46.8713
46.8713
46.8713
46.8713
46.8713
46.8713
46.8713
46.8713
46.8713
46.8713
46.8713
46.8713
46.8713
46.8713
46.8713
46.8713
46.8713
46.8713
46.8713
46.8713
46.8713
46.8713
46.8713
46.8713
46.8713
46.8713
46.8713
46.8713
46.8713
46.8713
46.8713
46.8713
46.8713
46.8713
46.8713
46.8713
46.8713
46.8713
46.8713
46.8713
46.8713
46.8713
46.8713
46.8713
46.8713
46.8713
46.8713
46.8713
46.8713
46.8713
46.8713
46.8713
46.8713
46.8713
46.8713
46.8713
46.8713
46.8713
46.8713
46.8713
46.8713
46.8713
46.8713
46.8713
46.8713
46.8713
46.8713
46.8713
46.8713
46.8713
46.8713
46.8713
46.8713
46.8713
46.8713
46.8713
46.8713
46.8713
46.8713
46.8713
46.8713
46.8713
46.8713
46.8713
46.8713
46.8713
46.8713
46.8713
46.8713
46.8713
46.8713
46.8713
46.8713
46.8713
46.8713
46.8713
46.8713
46.8713
46.8713
46.8713
46.8713
46.8713
46.8713
46.8713
46.8713
46.8713
46.8713
46.8713
46.8713
46.8713
46.8713
46.8713
46.8713
46.8713
46.8713
46.8713
46.8713
46.8713
46.8713
46.8713
46.8713
46.8713
46.8713
46.8713
46.8713
46.8713
46.8713
46.8713
46.8713
46.8713
46.8713
46.8713
46.8713
46.8713
46.8713
46.8713
46.8713
46.8713
46.8713
46.8713
46.8713
46.8713
46.8713
46.8713
46.8713
46.8713
46.8713
46.8713
46.8713
46.8713
46.8713
46.8713
46.8713
46.8713
46.8713
46.8713
46.8713
46.8713
46.8713
46.8713
46.8713
46.8713
46.8713
46.8713
46.8713
46.8713
46.8713
46.8713
46.8713
46.8713
46.8713
46.8713
46.8713
46.8713
46.8713
46.8713
46.8713
46.8713
46.8713
46.8713
46.8713
46.8713
46.8713
46.8713
46.8713
46.8713
46.8713
46.8713
46.8713
46.8713
46.8713
46.8713
46.8713
46.8713
46.8713
46.8713
46.8713
46.8713
46.8713
46.8713
46.8713
46.8713
46.8713
46.8713
46.8713
46.8713
46.8713
46.8713
46.8713
46.8713
46.8713
46.8713
46.8713
46.8713
46.8713
46.8713
46.8713
