131.321
129.432
129.011
128.124
117.517
116.704
116.025
111.904
111.904
110.33
104.707
103.318
102.007
102.007
101.303
99.171
94.7317
91.0501
91.0501
89.5042
89.5042
88.7241
86.9136
86.9136
86.9136
86.7886
84.3594
82.4048
82.4048
82.4048
82.4048
78.8305
78.8305
78.8305
78.8305
75.911
75.911
73.9726
73.9726
68.5919
68.5919
68.5919
68.5919
68.5815
68.5815
67.3598
66.9896
66.9896
66.9896
66.4164
64.5794
64.5794
64.5794
64.5794
64.5794
64.5794
64.5794
64.5794
64.5794
64.5794
64.5794
64.5794
64.2252
64.2252
63.2916
62.9374
62.6522
62.6522
62.6522
62.5963
62.5963
62.5963
62.5963
62.3754
62.2489
62.2489
62.2489
61.5832
61.2372
61.2318
60.5073
60.2469
60.2469
58.7232
58.7232
58.7232
58.27
58.0491
58.0491
58.0491
58.0491
58.0491
58.0491
55.5852
55.5852
55.5107
55.5107
55.5107
55.5107
55.5107
55.5107
55.3965
55.3965
55.3965
55.3965
55.3965
55.3965
55.3965
55.3965
55.3965
55.3965
55.3965
55.3965
55.3965
55.3965
55.3965
55.3965
55.3965
55.3965
55.3965
55.3965
53.8261
53.8261
53.8261
52.8213
52.8213
52.8213
52.8213
52.8213
52.8213
52.8213
52.8213
52.8213
52.3222
52.3222
51.4137
50.7789
50.558
50.558
50.558
50.558
50.558
50.558
50.558
50.558
50.558
50.558
50.558
50.558
50.558
50.558
50.558
50.2436
50.2436
50.2436
50.2436
50.2436
50.2436
50.2436
50.2436
50.2436
50.2436
50.2436
50.2436
50.2436
49.966
49.966
49.966
49.966
49.966
49.966
49.966
49.966
49.6229
49.6229
49.6229
49.6229
49.6229
49.6229
49.6229
49.6229
49.6229
49.6229
49.6229
49.6229
49.6229
49.6229
49.6229
49.6229
49.6229
49.6229
49.6229
49.6229
49.6229
49.6229
49.6229
49.6229
49.6229
49.6229
49.6229
49.6229
49.6229
49.6229
49.6229
49.6229
49.6229
49.6229
49.6229
49.6229
49.6229
49.6229
49.164
49.1254
49.1254
49.1254
49.1254
49.1254
49.1254
49.1254
49.1254
49.1254
49.1254
49.1254
47.9958
47.9958
47.9958
47.9958
47.9958
47.9958
47.9958
47.9958
47.9958
47.9958
47.9958
47.9958
47.9958
47.9958
47.9958
47.9958
47.9958
47.9958
47.9958
47.9958
47.9958
47.9958
47.9958
47.9958
47.9958
47.9958
47.9958
47.9958
47.9958
47.9958
47.9958
47.9958
47.9958
47.9958
47.9958
47.9958
47.9958
47.9958
47.9958
47.9958
47.9958
47.9958
47.9958
47.9958
47.9958
47.9958
47.9958
47.9958
47.9958
47.9958
47.9958
47.9958
47.9958
47.9958
47.9958
47.9958
47.9958
47.9958
47.9958
47.9958
47.9958
47.9958
47.9958
47.9958
47.9958
47.9958
47.9958
47.9958
47.9958
47.9958
47.9958
47.9958
47.9958
47.9958
47.9958
47.9958
47.9958
47.9958
47.9958
47.9958
47.9958
47.9958
47.9869
47.9869
47.9869
47.9869
47.9869
47.9869
47.9869
47.9869
47.9869
47.9869
47.9869
47.9869
47.9869
47.9869
47.9869
47.9869
47.9869
47.9869
47.9869
47.9869
47.9869
47.9869
47.9869
47.9869
47.9869
47.9869
47.9869
47.9869
47.2271
46.9945
46.9945
46.9945
46.9945
46.9945
46.9945
46.9945
46.9945
46.9945
46.9945
46.9945
46.9945
46.9945
46.9945
46.9945
46.9945
46.9945
46.9945
46.9945
46.9945
46.9945
46.9945
46.9945
46.9945
46.9945
46.9945
46.9945
46.9945
46.9945
46.9945
46.9945
46.9945
46.9945
46.9945
46.9945
46.9945
46.9945
46.9945
46.9945
46.9945
46.9945
46.9945
46.9945
46.9945
46.9945
46.9945
46.9945
46.9945
46.9945
46.9945
46.9945
46.9945
46.9945
46.9945
46.9945
46.9945
46.9945
46.9945
46.9945
46.9945
46.9945
46.9945
46.9945
46.9945
46.9945
46.9945
46.9945
46.9945
46.9945
46.9945
46.9945
46.9945
46.9945
46.9945
46.9945
46.9945
46.9945
46.9945
46.9945
46.9945
46.9945
46.9945
46.9945
46.9945
46.9945
46.9945
46.9945
46.9945
46.9945
46.9945
46.9945
46.9945
46.9945
46.9945
46.9945
46.9945
46.9945
46.9945
46.9945
46.9945
46.9945
46.9945
46.9945
46.9945
46.9945
46.9945
46.9945
46.9945
46.9945
46.9945
46.9945
46.9945
46.9945
46.9945
46.9945
46.9945
46.9945
46.9945
46.9945
46.9945
46.9945
46.9945
46.9945
46.9945
46.9945
46.9945
46.9945
46.9945
46.9945
46.9945
46.9945
46.9945
46.9945
46.9945
46.9945
46.9945
46.9945
46.9945
46.9945
46.9945
46.9945
46.9945
46.9945
46.9945
46.9945
46.9945
46.9945
46.9945
46.9945
46.9945
46.9945
46.9945
46.9945
46.9945
46.9945
46.9945
46.9945
46.9945
46.9945
46.9945
46.9945
46.9945
46.9945
46.9945
46.9945
46.9945
46.9945
46.9945
46.9945
46.9945
46.9945
46.9945
46.9945
46.9945
46.9945
46.9945
46.9945
46.9945
46.9945
46.9945
46.9945
46.9945
46.9945
46.9945
46.9945
46.9945
46.9945
46.9945
46.9945
46.9945
46.9945
46.9945
46.9945
46.9945
46.9945
46.9945
46.9945
46.9945
46.9945
46.9945
46.9945
46.9945
46.9945
46.9945
46.9945
46.9945
46.9945
46.9945
46.9945
46.9945
46.9945
46.9945
46.9945
46.9945
46.9945
46.9945
46.9945
46.9945
46.9945
46.9945
46.9945
46.9945
46.9945
46.9945
46.9945
46.9945
46.9945
46.9945
46.9945
46.9945
46.9945
46.9945
46.9945
46.9945
46.9945
46.9945
46.9945
46.9945
46.9945
46.9945
46.9945
46.9945
46.9945
46.9945
46.9945
46.9945
46.9945
46.9945
46.9945
46.9945
46.9945
46.9945
46.9945
46.9945
46.9945
46.9945
46.9945
46.9945
46.9945
46.9945
46.9945
46.9945
46.9945
46.9945
46.9945
46.9945
46.9945
46.9945
46.9945
46.9945
46.9945
46.9945
46.9945
46.9945
46.9945
46.9945
46.9945
46.9945
46.9945
46.9945
46.9945
46.9945
46.9945
46.9945
46.9945
46.9945
46.9945
46.9945
46.9945
46.9945
46.9945
46.9945
46.9945
46.9945
46.9945
46.9945
46.9945
46.9945
46.9945
46.9945
46.9945
46.9945
46.9945
46.9945
46.9945
46.9945
46.9945
46.9945
46.9945
46.9945
46.9945
46.9945
46.9945
46.9945
46.9945
46.9945
46.9945
46.9945
46.9945
46.9945
46.9945
46.9945
46.9945
46.9945
46.9945
46.9945
46.9945
46.9945
46.9945
46.9945
46.9945
46.9945
46.9945
46.9945
46.9945
46.9945
46.9945
46.9945
46.9945
46.9945
46.9945
46.9945
46.9945
46.9945
46.9945
46.9945
46.9945
46.9945
46.9945
46.9945
46.9945
46.9945
46.9945
46.9945
46.9945
46.9945
46.9945
46.9945
46.9945
46.9945
46.9945
46.9945
46.9945
46.9945
46.9945
46.9945
46.9945
46.9945
46.9945
46.9945
46.9945
46.9945
46.9945
46.9945
46.9945
46.9945
46.9945
46.9945
46.9945
46.9945
46.9945
46.9945
46.9945
46.9945
46.9945
46.9945
46.9945
46.9945
46.9945
46.9945
46.9945
46.9945
46.9945
46.9945
46.9945
46.9945
46.9945
46.9945
46.9945
46.9945
46.9945
46.9945
46.9945
46.9945
46.9945
46.9945
46.9945
46.9945
46.9945
46.9945
46.9945
46.9945
46.9945
46.9945
46.9945
46.9945
46.9945
46.9945
46.9945
46.9945
46.9945
46.9945
46.9945
46.9945
46.9945
46.9945
46.9945
46.9945
46.9945
46.9945
46.9945
46.9945
46.9945
46.9945
46.9945
46.9945
46.9945
46.9945
46.9945
46.9945
46.9945
46.9945
46.9945
46.9945
46.9945
46.9945
46.9945
46.9945
46.9945
46.9945
46.9945
46.9945
46.9945
46.9945
46.9945
46.9945
46.9945
46.9945
46.9945
46.9945
46.9945
46.9945
46.9945
46.9945
46.9945
46.9945
46.9945
46.9945
46.9945
46.9945
46.9945
46.9945
46.9945
46.9945
46.9945
46.9945
46.9945
46.9945
46.9945
46.9945
46.9945
46.9945
46.9945
46.9945
46.9945
46.9945
46.9945
46.9945
46.9945
46.9945
46.9945
46.9945
46.9945
46.9945
46.9945
46.9945
46.9945
46.9945
46.9945
46.9945
46.9945
46.9945
46.9945
46.9945
46.9945
46.9945
46.9945
46.9945
46.9945
46.9945
46.9945
46.9945
46.9945
46.9945
46.9945
46.9945
46.9945
46.9945
46.9945
46.9945
46.9945
46.9945
46.9945
46.9945
46.9945
46.9945
46.9945
46.9945
46.9945
46.9945
46.9945
46.9945
46.9945
46.9945
46.9945
46.9945
46.9945
46.9945
46.9945
46.9945
46.9945
46.9945
46.9945
46.9945
46.9945
46.9945
46.9945
46.9945
46.9945
46.9945
46.9945
46.9945
46.9945
46.9945
46.9945
46.9945
46.9945
46.9945
46.9945
46.9945
46.9945
46.9945
46.9945
46.9945
46.9945
46.9945
46.9945
46.9945
46.9945
46.9945
46.9945
46.9945
46.9945
46.9945
46.9945
46.9945
46.9945
46.9945
46.9945
46.9945
46.9945
46.9945
46.9945
46.9945
46.9945
46.9945
46.9945
46.9945
46.9945
46.9945
46.9945
46.9945
46.9945
46.9945
46.9945
46.9945
46.9945
46.9945
46.9945
46.9945
46.9945
46.9945
46.9945
46.9945
46.9945
46.9945
46.9945
46.9945
46.9945
46.9945
46.9945
46.9945
46.9945
46.9945
46.9945
46.9945
46.9945
46.9945
46.9945
46.9945
46.9945
46.9945
46.9945
46.9945
46.9945
46.9945
46.9945
46.9945
46.9945
46.9945
46.9945
46.9945
46.9945
46.9945
46.9945
46.9945
46.9945
46.9945
46.9945
46.9945
46.9945
46.9945
46.9945
46.9945
46.9945
46.9945
46.9945
46.9945
46.9945
46.9945
46.9945
46.9945
46.9945
46.9945
46.9945
46.9945
46.9945
46.9945
46.9945
46.9945
46.9945
46.9945
46.9945
46.9945
46.9945
46.9945
