141.52
134.79
127.503
127.503
123.704
114.076
110.496
108.715
106.597
105.988
102.803
96.9178
96.9178
91.8817
89.4798
82.7288
82.7288
82.7288
82.4454
82.4454
82.3917
82.3917
81.1544
77.5368
77.5368
76.0689
76.0649
76.0649
76.0649
75.5167
75.2585
73.351
66.8048
64.8973
64.7766
64.7766
64.7766
64.7766
64.7766
64.7766
63.2261
63.2261
63.2261
63.2261
63.2261
62.2261
62.2261
62.2261
62.2261
62.2261
62.2261
60.9715
60.9715
60.9715
60.9715
60.9715
60.9715
60.9715
60.9715
60.9715
60.9715
59.5311
59.5311
57.227
57.227
57.227
56.424
56.424
56.424
56.424
56.4182
56.1098
56.1098
56.1041
56.1041
56.1041
56.1041
56.1041
56.1041
56.1041
56.1041
53.8244
53.8244
53.8244
53.8244
52.8878
52.8878
52.8878
52.8878
52.8878
52.8878
52.8878
52.8878
52.8878
52.8878
52.8878
52.8878
52.8878
52.8878
52.8878
52.8878
52.8878
52.8878
52.8878
52.331
52.331
52.331
52.331
52.331
52.331
52.331
51.4951
51.4951
51.4951
51.4951
51.4951
51.3306
51.3306
51.3306
51.3306
51.3306
51.3306
51.3306
51.3306
51.3306
51.3306
51.3306
51.3306
51.3306
51.3306
51.3306
51.3306
51.3306
51.2568
51.2568
51.2568
51.2568
51.2568
51.2568
51.2568
51.2568
51.2568
51.2568
51.2568
51.2568
51.2568
51.2568
51.2568
51.2568
51.2568
51.2568
51.2568
51.2568
51.2568
50.9849
50.9849
50.9849
50.9849
50.9849
50.9849
50.8826
50.8826
50.8826
50.8826
50.8343
50.8343
50.8343
50.8343
50.8343
50.8343
50.8343
50.8343
50.8343
50.8343
50.8343
50.0364
50.0364
50.0364
50.0364
50.0364
50.0364
50.0364
50.0364
50.0364
50.0364
50.0364
50.0364
50.0364
50.0364
50.0364
50.0364
50.0364
50.0364
50.0364
50.0364
50.0364
50.0364
50.0364
50.0364
50.0364
50.0364
50.0364
50.0364
50.0364
49.9543
49.9543
49.9543
49.9543
49.9543
49.9543
49.9543
49.9543
49.9543
49.9543
49.9543
49.9543
49.9543
49.9543
49.9543
49.9543
49.9543
49.9543
49.9543
49.9543
49.9543
49.9543
49.9543
49.9543
49.9543
49.9543
49.9543
49.9543
49.9543
49.9543
49.9543
49.9543
49.9543
49.9543
49.9543
49.9543
49.9543
49.9543
49.9543
49.9543
49.9543
49.9543
49.9543
49.9543
49.9543
49.9543
49.9543
49.9543
49.9543
49.9543
49.9543
49.9543
49.9543
49.9543
49.9543
49.9543
49.9543
49.9543
49.9543
49.9543
49.9543
49.9543
49.9543
49.9543
49.9543
49.9543
49.9543
49.9543
49.9543
49.9543
49.9543
49.9543
49.9543
49.9543
49.9543
49.9543
49.9543
49.9543
49.9543
49.9543
49.9543
49.9543
49.9543
49.9543
49.9543
49.9543
49.9543
49.9543
49.9543
49.9543
49.9543
49.9543
49.9543
49.9543
49.9543
47.934
47.934
47.934
47.934
47.934
47.934
47.934
47.934
47.934
47.934
47.934
47.934
47.934
47.934
47.934
47.934
47.934
47.934
47.934
47.934
47.934
47.934
47.934
47.934
47.934
47.934
47.934
47.934
47.934
47.934
47.934
47.3671
46.8537
46.8537
46.8537
46.8537
46.8537
46.8537
46.8537
46.8537
46.7713
46.7713
46.7713
46.7713
46.7713
46.7713
46.7713
46.7713
46.7713
46.7713
46.7713
46.7713
46.7713
46.7713
46.7713
46.7713
46.7713
46.7713
46.7713
46.7713
46.7713
46.7713
46.7713
46.7713
46.7713
46.7713
46.7713
46.7713
46.7713
46.7713
46.7713
46.7713
46.7713
46.7713
46.7713
46.7713
46.7713
46.7713
46.7713
46.7713
46.7713
46.7713
46.7713
46.7713
46.7713
46.7713
46.7713
46.7713
46.7713
46.7713
46.7713
46.7713
46.7713
46.7713
46.7713
46.7713
46.7713
46.7713
46.7713
46.7713
46.7713
46.7713
46.7713
46.7713
46.7713
46.7713
46.7713
46.7713
46.7713
46.7713
46.7713
46.7713
46.7713
46.7713
46.7713
46.7713
46.7713
46.7713
46.7713
46.7713
46.7713
46.7713
46.7713
46.7713
46.7713
46.7713
46.7713
46.7713
46.7713
46.7713
46.7713
46.7713
46.7713
46.7713
46.7713
46.7713
46.7713
46.7713
46.7713
46.7713
46.7713
46.7713
46.7713
46.7713
46.7713
46.7713
46.7713
46.7713
46.7713
46.7713
46.7713
46.7713
46.7713
46.7713
46.7713
46.7713
46.7713
46.7713
46.7713
46.7713
46.7713
46.7713
46.7713
46.7713
46.7713
46.7713
46.7713
46.7713
46.7713
46.7713
46.7713
46.7713
46.7713
46.7713
46.7713
46.7713
46.7713
46.7713
46.7713
46.7713
46.7713
46.7713
46.7713
46.7713
46.7713
46.7713
46.7713
46.7713
46.7713
46.7713
46.7713
46.7713
46.7713
46.7713
46.7713
46.7713
46.7713
46.7713
46.7713
46.7713
46.7713
46.7713
46.7713
46.7713
46.7713
46.7713
46.7713
46.7713
46.7713
46.7713
46.7713
46.7713
46.7713
46.7713
46.7713
46.7713
46.7713
46.7713
46.7713
46.7713
46.7713
46.7713
46.7713
46.7713
46.7713
46.7713
46.7713
46.7713
46.7713
46.7713
46.7713
46.7713
46.7713
46.7713
46.7713
46.7713
46.7713
46.7713
46.7713
46.7713
46.7713
46.7713
46.7713
46.7713
46.7713
46.7713
46.7713
46.7713
46.7713
46.7713
46.7713
46.7713
46.7713
46.7713
46.7713
46.7713
46.7713
46.7713
46.7713
46.7713
46.7713
46.7713
46.7713
46.7713
46.7713
46.7713
46.7713
46.7713
46.7713
46.7713
46.7713
46.7713
46.7713
46.7713
46.7713
46.7713
46.7713
46.7713
46.7713
46.7713
46.7713
46.7713
46.7713
46.7713
46.7713
46.7713
46.7713
46.7713
46.7713
46.7713
46.7713
46.7713
46.7713
46.7713
46.7713
46.7713
46.7713
46.7713
46.7713
46.7713
46.7713
46.7713
46.7713
46.7713
46.7713
46.7713
46.7713
46.7713
46.7713
46.7713
46.7713
46.7713
46.7713
46.7713
46.7713
46.7713
46.7713
46.7713
46.7713
46.7713
46.7713
46.7713
46.7713
46.7713
46.7713
46.7713
46.7713
46.7713
46.7713
46.7713
46.7713
46.7713
46.7713
46.7713
46.7713
46.7713
46.7713
46.7713
46.7713
46.7713
46.7713
46.7713
46.7713
46.7713
46.7713
46.7713
46.7713
46.7713
46.7713
46.7713
46.7713
46.7713
46.7713
46.7713
46.7713
46.7713
46.7713
46.7713
46.7713
46.7713
46.7713
46.7713
46.7713
46.7713
46.7713
46.7713
46.7713
46.7713
46.7713
46.7713
46.7713
46.7713
46.7713
46.7713
46.7713
46.7713
46.7713
46.7713
46.7713
46.7713
46.7713
46.7713
46.7713
46.7713
46.7713
46.7713
46.7713
46.7713
46.7713
46.7713
46.7713
46.7713
46.7713
46.7713
46.7713
46.7713
46.7713
46.7713
46.7713
46.7713
46.7713
46.7713
46.7713
46.7713
46.7713
46.7713
46.7713
46.7713
46.7713
46.7713
46.7713
46.7713
46.7713
46.7713
46.7713
46.7713
46.7713
46.7713
46.7713
46.7713
46.7713
46.7713
46.7713
46.7713
46.7713
46.7713
46.7713
46.7713
46.7713
46.7713
46.7713
46.7713
46.7713
46.7713
46.7713
46.7713
46.7713
46.7713
46.7713
46.7713
46.7713
46.7713
46.7713
46.7713
46.7713
46.7713
46.7713
46.7713
46.7713
46.7713
46.7713
46.7713
46.7713
46.7713
46.7713
46.7713
46.7713
46.7713
46.7713
46.7713
46.7713
46.7713
46.7713
46.7713
46.7713
46.7713
46.7713
46.7713
46.7713
46.7713
46.7713
46.7713
46.7713
46.7713
46.7713
46.7713
46.7713
46.7713
46.7713
46.7713
46.7713
46.7713
46.7713
46.7713
46.7713
46.7713
46.7713
46.7713
46.7713
46.7713
46.7713
46.7713
46.7713
46.7713
46.7713
46.7713
46.7713
46.7713
46.7713
46.7713
46.7713
46.7713
46.7713
46.7713
46.7713
46.7713
46.7713
46.7713
46.7713
46.7713
46.7713
46.7713
46.7713
46.7713
46.7713
46.7713
46.7713
46.7713
46.7713
46.7713
46.7713
46.7713
46.7713
46.7713
46.7713
46.7713
46.7713
46.7713
46.7713
46.7713
46.7713
46.7713
46.7713
46.7713
46.7713
46.7713
46.7713
46.7713
46.7713
46.7713
46.7713
46.7713
46.7713
46.7713
46.7713
46.7713
46.7713
46.7713
46.7713
46.7713
46.7713
46.7713
46.7713
46.7713
46.7713
46.7713
46.7713
46.7713
46.7713
46.7713
46.7713
46.7713
46.7713
46.7713
46.7713
46.7713
46.7713
46.7713
46.7713
46.7713
46.7713
46.7713
46.7713
46.7713
46.7713
46.7713
46.7713
46.7713
46.7713
46.7713
46.7713
46.7713
46.7713
46.7713
46.7713
46.7713
46.7713
46.7713
46.7713
46.7713
46.7713
46.7713
46.7713
46.7713
46.7713
46.7713
46.7713
46.7713
46.7713
46.7713
46.7713
46.7713
46.7713
46.7713
46.7713
46.7713
46.7713
46.7713
46.7713
46.7713
46.7713
46.7713
46.7713
46.7713
46.7713
46.7713
46.7713
46.7713
46.7713
46.7713
46.7713
46.7713
46.7713
46.7713
46.7713
46.7713
46.7713
46.7713
46.7713
46.7713
46.7713
46.7713
46.7713
46.7713
46.7713
46.7713
46.7713
46.7713
46.7713
46.7713
46.7713
46.7713
46.7713
46.7713
46.7713
46.7713
46.7713
46.7713
46.7713
46.7713
46.7713
46.7713
46.7713
46.7713
46.7713
46.7713
46.7713
46.7713
46.7713
46.7713
46.7713
46.7713
46.7713
46.7713
46.7713
46.7713
46.7713
46.7713
46.7713
46.7713
46.7713
46.7713
46.7713
46.7713
46.7713
46.7713
46.7713
46.7713
46.7713
46.7713
46.7713
46.7713
46.7713
46.7713
46.7713
46.7713
46.7713
46.7713
46.7713
46.7713
46.7713
46.7713
46.7713
46.7713
46.7713
46.7713
46.7713
46.7713
46.7713
46.7713
46.7713
