131.321
124.869
124.869
124.869
120.342
116.923
109.496
109.496
109.496
105.449
104.075
104.075
100.589
98.9267
98.9267
97.4934
97.4934
97.3665
96.7697
94.7799
94.1231
90.1374
89.8631
88.642
86.161
85.0627
85.0627
85.0627
85.0627
85.0627
83.7801
83.219
83.219
81.1906
81.1906
81.1906
79.3519
79.3519
79.3519
79.3519
79.3519
78.1765
78.1765
78.1765
76.2561
74.0999
71.5663
71.5663
71.5663
71.5663
71.5663
71.5663
69.2621
67.7635
67.3011
67.3011
67.3011
67.3011
67.3011
67.3011
67.3011
66.9944
66.6561
66.6561
66.3494
66.3494
66.3494
64.8816
64.8816
64.8816
64.8816
64.8712
64.8712
63.8068
63.4897
63.4897
63.4897
63.1858
63.1754
63.1754
63.1754
63.1754
63.1754
63.1754
63.0873
63.0873
62.4616
62.4616
62.4616
62.4616
62.4616
62.4616
62.4616
55.6316
55.6316
55.6316
55.6316
55.6316
55.6316
55.6316
55.6316
55.6316
55.6316
55.6316
55.6316
55.6316
55.6316
55.6316
53.4723
53.4723
53.4723
53.4723
53.4723
53.4723
53.4723
53.4495
53.4495
53.4495
53.3923
53.3923
53.3923
53.3923
53.3923
53.3923
52.631
52.631
52.631
52.631
52.0405
52.0405
52.0405
51.9388
51.9388
50.7469
50.7469
50.7469
50.7469
50.6925
50.6925
50.6925
50.6925
50.6925
50.4655
50.4655
50.4655
50.4655
50.4655
50.0812
50.0812
50.0812
50.0812
50.0812
50.0812
50.0812
50.0812
50.0812
50.0812
50.0812
50.0812
50.0812
50.0812
50.0812
50.0812
50.0812
50.0812
50.0812
50.0812
50.0812
50.0812
50.0812
50.0812
50.0812
50.0812
50.0812
50.0812
50.0812
50.0812
50.0812
50.0812
50.0812
50.0812
50.0812
50.0812
50.0812
50.0812
50.0812
50.0812
50.0812
50.0812
50.0812
50.0812
50.0812
50.0812
50.0812
50.0812
50.0812
50.0812
50.0812
50.0812
50.0812
50.0812
50.0812
49.5739
49.5739
49.5739
49.5739
49.5739
49.5739
49.5739
49.5739
49.5739
49.5739
49.5739
49.5739
49.5739
49.5739
49.5739
49.5739
49.5739
49.5739
49.5739
49.5739
49.5256
49.5256
49.5256
49.5256
49.5256
49.5256
49.5256
49.5256
49.5256
49.5256
49.5256
49.0804
49.0804
49.0804
49.0804
49.0804
49.0804
49.0804
49.0804
49.0804
49.0804
49.0804
49.0804
49.0804
49.0804
49.0804
49.0804
49.0804
49.0804
49.0804
49.0804
49.0804
49.0804
49.0804
49.0804
49.0804
49.0804
49.0804
49.0804
49.0804
49.0804
49.0804
49.0804
49.0804
49.0804
49.0804
49.0804
49.0804
49.0804
49.0804
48.9981
48.9981
48.9981
48.9981
48.9981
48.9981
48.9981
48.9981
48.9981
48.9981
48.9981
48.9981
48.9981
48.9981
48.9981
48.9981
48.9981
48.9981
48.9981
48.9981
48.9981
48.9981
48.9981
48.9981
48.9981
48.9981
48.9981
48.9981
48.9981
48.9981
48.9981
48.9981
48.9981
48.9981
48.9981
48.9981
48.9981
48.9981
48.9981
48.9981
48.9981
48.9981
48.9981
48.9981
48.9981
48.9981
48.9981
48.9981
48.9981
48.9981
48.9981
48.9981
48.9981
48.9981
48.9981
48.9981
48.9981
48.9981
48.9981
48.9981
48.9981
48.9981
48.9981
48.9981
48.9981
48.9981
48.9981
48.9981
48.9981
48.9981
48.9981
48.9981
48.9981
48.9981
48.9981
48.9981
48.9981
48.9981
48.9981
48.9981
48.9981
48.9981
48.9981
48.9981
48.9981
48.9981
48.9981
48.9981
48.9981
48.9981
48.9981
48.9981
48.9981
48.9981
46.7713
46.7713
46.7713
46.7713
46.7713
46.7713
46.7713
46.7713
46.7713
46.7713
46.7713
46.7713
46.7713
46.7713
46.7713
46.7713
46.7713
46.7713
46.7713
46.7713
46.7713
46.7713
46.7713
46.7713
46.7713
46.7713
46.7713
46.7713
46.7713
46.7713
46.7713
46.7713
46.7713
46.7713
46.7713
46.7713
46.7713
46.7713
46.7713
46.7713
46.7713
46.7713
46.7713
46.7713
46.7713
46.7713
46.7713
46.7713
46.7713
46.7713
46.7713
46.7713
46.7713
46.7713
46.7713
46.7713
46.7713
46.7713
46.7713
46.7713
46.7713
46.7713
46.7713
46.7713
46.7713
46.7713
46.7713
46.7713
46.7713
46.7713
46.7713
46.7713
46.7713
46.7713
46.7713
46.7713
46.7713
46.7713
46.7713
46.7713
46.7713
46.7713
46.7713
46.7713
46.7713
46.7713
46.7713
46.7713
46.7713
46.7713
46.7713
46.7713
46.7713
46.7713
46.7713
46.7713
46.7713
46.7713
46.7713
46.7713
46.7713
46.7713
46.7713
46.7713
46.7713
46.7713
46.7713
46.7713
46.7713
46.7713
46.7713
46.7713
46.7713
46.7713
46.7713
46.7713
46.7713
46.7713
46.7713
46.7713
46.7713
46.7713
46.7713
46.7713
46.7713
46.7713
46.7713
46.7713
46.7713
46.7713
46.7713
46.7713
46.7713
46.7713
46.7713
46.7713
46.7713
46.7713
46.7713
46.7713
46.7713
46.7713
46.7713
46.7713
46.7713
46.7713
46.7713
46.7713
46.7713
46.7713
46.7713
46.7713
46.7713
46.7713
46.7713
46.7713
46.7713
46.7713
46.7713
46.7713
46.7713
46.7713
46.7713
46.7713
46.7713
46.7713
46.7713
46.7713
46.7713
46.7713
46.7713
46.7713
46.7713
46.7713
46.7713
46.7713
46.7713
46.7713
46.7713
46.7713
46.7713
46.7713
46.7713
46.7713
46.7713
46.7713
46.7713
46.7713
46.7713
46.7713
46.7713
46.7713
46.7713
46.7713
46.7713
46.7713
46.7713
46.7713
46.7713
46.7713
46.7713
46.7713
46.7713
46.7713
46.7713
46.7713
46.7713
46.7713
46.7713
46.7713
46.7713
46.7713
46.7713
46.7713
46.7713
46.7713
46.7713
46.7713
46.7713
46.7713
46.7713
46.7713
46.7713
46.7713
46.7713
46.7713
46.7713
46.7713
46.7713
46.7713
46.7713
46.7713
46.7713
46.7713
46.7713
46.7713
46.7713
46.7713
46.7713
46.7713
46.7713
46.7713
46.7713
46.7713
46.7713
46.7713
46.7713
46.7713
46.7713
46.7713
46.7713
46.7713
46.7713
46.7713
46.7713
46.7713
46.7713
46.7713
46.7713
46.7713
46.7713
46.7713
46.7713
46.7713
46.7713
46.7713
46.7713
46.7713
46.7713
46.7713
46.7713
46.7713
46.7713
46.7713
46.7713
46.7713
46.7713
46.7713
46.7713
46.7713
46.7713
46.7713
46.7713
46.7713
46.7713
46.7713
46.7713
46.7713
46.7713
46.7713
46.7713
46.7713
46.7713
46.7713
46.7713
46.7713
46.7713
46.7713
46.7713
46.7713
46.7713
46.7713
46.7713
46.7713
46.7713
46.7713
46.7713
46.7713
46.7713
46.7713
46.7713
46.7713
46.7713
46.7713
46.7713
46.7713
46.7713
46.7713
46.7713
46.7713
46.7713
46.7713
46.7713
46.7713
46.7713
46.7713
46.7713
46.7713
46.7713
46.7713
46.7713
46.7713
46.7713
46.7713
46.7713
46.7713
46.7713
46.7713
46.7713
46.7713
46.7713
46.7713
46.7713
46.7713
46.7713
46.7713
46.7713
46.7713
46.7713
46.7713
46.7713
46.7713
46.7713
46.7713
46.7713
46.7713
46.7713
46.7713
46.7713
46.7713
46.7713
46.7713
46.7713
46.7713
46.7713
46.7713
46.7713
46.7713
46.7713
46.7713
46.7713
46.7713
46.7713
46.7713
46.7713
46.7713
46.7713
46.7713
46.7713
46.7713
46.7713
46.7713
46.7713
46.7713
46.7713
46.7713
46.7713
46.7713
46.7713
46.7713
46.7713
46.7713
46.7713
46.7713
46.7713
46.7713
46.7713
46.7713
46.7713
46.7713
46.7713
46.7713
46.7713
46.7713
46.7713
46.7713
46.7713
46.7713
46.7713
46.7713
46.7713
46.7713
46.7713
46.7713
46.7713
46.7713
46.7713
46.7713
46.7713
46.7713
46.7713
46.7713
46.7713
46.7713
46.7713
46.7713
46.7713
46.7713
46.7713
46.7713
46.7713
46.7713
46.7713
46.7713
46.7713
46.7713
46.7713
46.7713
46.7713
46.7713
46.7713
46.7713
46.7713
46.7713
46.7713
46.7713
46.7713
46.7713
46.7713
46.7713
46.7713
46.7713
46.7713
46.7713
46.7713
46.7713
46.7713
46.7713
46.7713
46.7713
46.7713
46.7713
46.7713
46.7713
46.7713
46.7713
46.7713
46.7713
46.7713
46.7713
46.7713
46.7713
46.7713
46.7713
46.7713
46.7713
46.7713
46.7713
46.7713
46.7713
46.7713
46.7713
46.7713
46.7713
46.7713
46.7713
46.7713
46.7713
46.7713
46.7713
46.7713
46.7713
46.7713
46.7713
46.7713
46.7713
46.7713
46.7713
46.7713
46.7713
46.7713
46.7713
46.7713
46.7713
46.7713
46.7713
46.7713
46.7713
46.7713
46.7713
46.7713
46.7713
46.7713
46.7713
46.7713
46.7713
46.7713
46.7713
46.7713
46.7713
46.7713
46.7713
46.7713
46.7713
46.7713
46.7713
46.7713
46.7713
46.7713
46.7713
46.7713
46.7713
46.7713
46.7713
46.7713
46.7713
46.7713
46.7713
46.7713
46.7713
46.7713
46.7713
46.7713
46.7713
46.7713
46.7713
46.7713
46.7713
46.7713
46.7713
46.7713
46.7713
46.7713
46.7713
46.7713
46.7713
46.7713
46.7713
46.7713
46.7713
46.7713
46.7713
46.7713
46.7713
46.7713
46.7713
46.7713
46.7713
46.7713
46.7713
46.7713
46.7713
46.7713
46.7713
46.7713
46.7713
46.7713
46.7713
46.7713
46.7713
46.7713
46.7713
46.7713
46.7713
46.7713
46.7713
46.7713
46.7713
46.7713
46.7713
46.7713
46.7713
46.7713
46.7713
46.7713
46.7713
46.7713
46.7713
46.7713
46.7713
46.7713
46.7713
46.7713
46.7713
46.7713
46.7713
46.7713
46.7713
46.7713
46.7713
46.7713
46.7713
46.7713
46.7713
46.7713
46.7713
46.7713
46.7713
46.7713
46.7713
46.7713
46.7713
46.7713
46.7713
46.7713
46.7713
46.7713
46.7713
46.7713
46.7713
46.7713
46.7713
46.7713
46.7713
