131.321
124.628
122.867
119.109
119.109
118.477
118.477
107.981
100.402
100.402
100.221
96.8523
96.6718
95.1366
93.5765
91.239
91.239
90.8602
90.8602
89.7896
88.7038
88.5814
86.7702
86.7702
86.7702
86.7702
83.4988
83.4988
83.4988
83.4988
83.4988
83.4988
83.4988
83.4988
83.4988
83.4628
83.4628
83.4628
83.4628
83.4628
82.1499
82.1499
82.1499
80.626
80.626
80.626
80.626
80.1995
80.1729
80.1729
80.1729
80.146
79.8339
79.8339
79.8339
79.4332
77.075
77.075
77.075
77.075
77.075
75.5595
75.5595
75.5595
75.5595
75.5595
75.5595
75.5595
75.5595
75.5595
75.5595
75.4254
75.2174
73.7035
73.4954
71.5344
71.5344
71.343
70.6774
70.486
70.486
69.2833
68.3642
68.3642
68.3642
68.3642
68.3642
68.3642
68.3642
67.9151
67.9151
67.9151
67.9151
67.9151
67.9151
67.9151
67.9151
67.9151
65.9076
65.0026
64.9058
64.9058
63.587
63.587
63.587
63.587
63.587
63.587
63.587
63.5602
63.5602
62.0719
62.0719
62.0719
62.0719
62.0719
62.0719
62.0719
61.9821
61.9305
60.712
60.5706
60.5706
60.5706
60.5706
60.5706
60.5706
60.5706
60.5706
60.5706
60.5706
60.5706
60.5706
60.5706
60.5706
60.5706
59.2343
59.2343
59.2343
59.2343
59.2343
59.2343
59.2343
59.2343
59.2343
59.2343
59.2343
59.2343
59.2343
58.3299
58.3299
58.3299
57.8252
57.8252
57.8252
57.8252
57.8252
57.8252
57.8252
57.8252
57.8252
57.8252
57.8252
57.8252
57.8252
57.8252
57.8252
57.8252
57.8252
57.8252
57.8252
57.5269
57.5269
57.5269
57.5269
57.4786
57.4786
57.4786
57.4727
57.4727
57.4727
57.4727
57.4727
57.4727
57.4727
57.4727
57.4727
57.4727
57.4727
57.4727
57.4727
57.4727
57.4727
57.4727
57.4727
57.4727
57.4727
57.4727
57.4727
57.4727
57.4727
56.9096
56.9096
56.8711
56.8711
55.36
55.36
55.36
55.36
55.36
54.8851
53.3565
53.3565
53.3565
53.3565
53.3565
53.3565
53.3565
53.3565
53.3565
53.3565
53.3565
53.3565
53.3565
53.214
53.214
53.214
53.214
53.214
53.1639
53.1639
53.1639
53.1639
53.1639
53.1639
53.1639
53.1639
53.1639
53.1639
53.1639
53.1639
53.1639
53.1639
53.1639
53.1639
53.1639
53.1639
53.1288
53.1288
53.1288
53.1288
53.1288
53.1288
53.1288
53.1288
53.1288
53.1288
52.6512
52.6512
52.6512
52.6512
52.6512
52.6512
52.6512
52.6512
50.6309
50.6309
50.6309
50.6309
50.6309
50.6309
50.6309
50.6309
50.6309
50.6309
50.6309
50.6309
50.6309
50.6309
50.6309
50.6309
50.6309
50.6309
50.6309
50.6309
50.6309
50.6309
50.6309
50.6309
50.6309
50.6309
50.6309
50.6309
50.6309
50.6309
50.6309
50.6309
50.6309
50.6309
50.6309
50.6309
50.6309
50.6309
50.6309
50.6309
50.6309
50.6309
50.6309
50.5826
50.5826
50.5826
50.5826
50.5826
50.5826
50.5826
50.5826
50.5826
50.5826
50.5826
50.5826
50.5826
50.5826
50.5826
50.5826
50.5826
50.5826
50.5826
50.5826
50.5826
50.5826
50.5826
50.5826
50.5826
50.5826
50.5826
50.5826
50.5826
50.5826
50.5826
50.5826
50.5826
50.5826
50.5826
50.5826
50.5826
50.5826
50.5826
50.5826
50.5826
50.5826
50.5826
50.5826
50.5826
50.5826
50.5826
50.5826
50.5826
50.5826
50.5826
50.5826
50.5826
50.5826
50.5826
50.5826
50.5826
50.5826
50.5826
50.5826
50.5826
50.5826
50.5826
50.5826
50.5826
50.5826
50.5826
50.5826
50.5826
50.5826
50.5826
50.5826
50.5826
50.5826
50.5826
50.5826
50.5826
50.5826
50.5826
50.5826
50.5826
50.5826
50.5826
50.5826
50.5826
50.5826
50.5826
50.5826
50.5826
50.5826
50.5826
50.5826
50.5826
50.5826
50.5826
50.5826
50.5826
50.5826
50.5826
50.5826
50.5826
50.5826
50.5826
50.5826
50.5826
50.5826
50.5826
50.5003
50.5003
50.5003
50.5003
50.5003
50.5003
50.5003
50.5003
50.5003
50.5003
50.5003
50.5003
50.5003
50.5003
50.5003
50.5003
50.5003
50.5003
50.5003
50.5003
50.5003
50.5003
50.5003
50.5003
50.5003
50.5003
50.5003
50.5003
50.5003
50.5003
50.5003
50.5003
50.5003
50.5003
50.5003
50.5003
50.5003
50.5003
50.5003
50.5003
50.5003
50.5003
50.5003
50.5003
50.5003
50.5003
50.5003
50.5003
50.5003
50.5003
50.5003
50.5003
50.5003
50.5003
50.5003
50.5003
50.5003
50.5003
50.5003
50.5003
50.5003
50.5003
50.5003
50.5003
50.5003
50.5003
50.5003
50.5003
50.5003
50.5003
50.5003
50.5003
50.5003
50.5003
50.5003
50.5003
50.5003
50.5003
50.5003
50.5003
50.5003
50.5003
50.5003
50.5003
50.5003
50.5003
50.5003
50.5003
50.5003
50.5003
50.5003
50.5003
50.5003
50.5003
50.5003
50.5003
50.5003
50.5003
50.5003
50.5003
50.5003
50.5003
50.5003
50.5003
50.5003
50.5003
50.5003
50.5003
50.5003
50.5003
50.5003
50.5003
50.5003
50.5003
50.5003
50.5003
50.5003
50.5003
50.5003
50.5003
50.5003
50.5003
50.5003
50.5003
50.5003
50.5003
50.5003
50.5003
50.5003
50.5003
50.5003
50.5003
50.5003
50.5003
50.5003
50.5003
50.5003
50.5003
50.5003
50.5003
50.5003
50.5003
50.5003
50.5003
50.5003
50.5003
50.5003
50.5003
50.5003
50.5003
50.5003
50.5003
50.5003
50.5003
50.5003
50.5003
50.5003
50.5003
50.5003
50.5003
50.5003
50.5003
50.5003
50.5003
50.5003
50.5003
50.5003
50.5003
50.5003
50.5003
50.5003
50.5003
50.5003
50.5003
50.5003
50.5003
50.5003
50.5003
50.5003
50.5003
50.5003
50.5003
50.5003
50.5003
50.5003
50.5003
50.5003
50.5003
50.5003
50.5003
50.5003
50.5003
50.5003
50.5003
50.5003
50.5003
50.5003
50.5003
50.5003
50.5003
50.5003
50.5003
50.5003
50.5003
50.5003
50.5003
50.5003
50.5003
50.5003
50.5003
50.5003
50.5003
50.5003
50.5003
50.5003
50.5003
50.5003
50.5003
50.5003
50.5003
50.5003
50.5003
50.5003
50.5003
50.5003
50.5003
50.5003
50.5003
50.5003
50.5003
50.5003
50.5003
50.5003
50.5003
50.5003
50.5003
50.5003
50.5003
50.5003
50.5003
50.5003
50.5003
50.5003
50.5003
50.5003
50.5003
50.5003
50.5003
50.5003
50.5003
50.5003
50.5003
50.5003
50.5003
50.5003
50.5003
50.5003
50.5003
50.5003
50.5003
50.5003
50.5003
50.5003
50.5003
50.5003
50.5003
50.5003
50.5003
50.5003
50.5003
50.5003
50.5003
50.5003
50.5003
50.5003
50.5003
50.5003
50.5003
50.5003
50.5003
50.5003
50.5003
50.5003
50.5003
50.5003
50.5003
50.5003
50.5003
50.5003
50.5003
50.5003
50.5003
50.5003
50.5003
50.5003
50.5003
50.5003
50.5003
50.5003
50.5003
50.5003
50.5003
50.5003
50.5003
50.5003
50.5003
50.5003
50.5003
50.5003
50.5003
50.5003
50.5003
50.5003
50.5003
50.5003
50.5003
50.5003
50.5003
50.5003
50.5003
50.5003
50.5003
50.5003
50.5003
50.5003
50.5003
50.5003
50.5003
50.5003
50.5003
50.5003
50.5003
50.5003
50.5003
50.5003
50.5003
50.5003
50.5003
50.5003
50.5003
50.5003
50.5003
50.5003
50.5003
50.5003
50.5003
50.5003
50.5003
50.5003
50.5003
50.5003
50.5003
50.5003
50.5003
50.5003
50.5003
50.5003
50.5003
50.5003
50.5003
50.5003
50.5003
50.5003
50.5003
50.5003
50.5003
50.5003
50.5003
50.5003
50.5003
50.5003
50.5003
50.5003
50.5003
50.5003
50.5003
50.5003
50.5003
50.5003
50.5003
50.5003
50.5003
50.5003
50.5003
50.5003
50.5003
50.5003
50.5003
50.5003
50.5003
50.5003
50.5003
50.5003
50.5003
50.5003
50.5003
50.5003
50.5003
50.5003
50.5003
50.5003
50.5003
50.5003
50.5003
50.5003
50.5003
50.5003
50.5003
50.5003
50.5003
50.5003
50.5003
50.5003
50.5003
50.5003
50.5003
50.5003
50.5003
50.5003
50.5003
50.5003
50.5003
50.5003
50.5003
50.5003
50.5003
50.5003
50.5003
50.5003
50.5003
50.5003
50.5003
50.5003
50.5003
50.5003
50.5003
50.5003
50.5003
50.5003
50.5003
50.5003
50.5003
50.5003
50.5003
50.5003
50.5003
50.5003
50.5003
50.5003
50.5003
50.5003
50.5003
50.5003
50.5003
50.5003
50.5003
50.5003
50.5003
50.5003
50.5003
50.5003
50.5003
50.5003
50.5003
50.5003
50.5003
50.5003
50.5003
50.5003
50.5003
50.5003
50.5003
50.5003
50.5003
50.5003
50.5003
50.5003
50.5003
50.5003
50.5003
50.5003
50.5003
50.5003
50.5003
50.5003
50.5003
50.5003
50.5003
50.5003
50.5003
50.5003
50.5003
50.5003
50.5003
50.5003
50.5003
50.5003
50.5003
50.5003
50.5003
50.5003
50.5003
50.5003
50.5003
50.5003
50.5003
50.5003
50.5003
50.5003
50.5003
50.5003
50.5003
50.5003
50.5003
50.5003
50.5003
50.5003
50.5003
50.5003
50.5003
50.5003
50.5003
50.5003
50.5003
50.5003
50.5003
50.5003
50.5003
50.5003
50.5003
50.5003
50.5003
50.5003
50.5003
50.5003
50.5003
50.5003
50.5003
50.5003
50.5003
50.5003
50.5003
50.5003
50.5003
50.5003
50.5003
50.5003
50.5003
50.5003
50.5003
50.5003
50.5003
50.5003
50.5003
50.5003
50.5003
50.5003
50.5003
50.5003
50.5003
50.5003
50.5003
50.5003
50.5003
50.5003
50.5003
50.5003
50.5003
50.5003
50.5003
50.5003
50.5003
50.5003
50.5003
50.5003
50.5003
50.5003
50.5003
50.5003
50.5003
50.5003
50.5003
50.5003
50.5003
50.5003
