131.321
129.045
127.43
127.127
121.267
117.345
116.599
113.155
103.357
103.357
100.435
99.8198
97.412
92.6867
90.0315
89.1427
81.8196
80.9307
80.9307
80.9307
80.9307
80.9307
80.9307
80.9268
76.9653
76.9653
74.0342
74.0342
74.0342
74.0342
74.0342
73.101
72.9187
72.9187
72.9187
72.9187
72.9187
72.9187
72.9187
72.4433
72.172
72.172
72.0731
72.0132
72.0132
71.643
71.643
71.643
71.643
71.643
71.643
70.5524
70.5524
70.5524
70.5524
70.5524
70.5524
70.5524
70.5524
70.4281
67.4324
67.4324
67.4324
67.4324
63.5921
63.5921
63.5921
63.5921
63.5921
63.5921
63.5921
62.7818
62.7818
62.7818
62.7818
62.7818
62.7818
62.7818
62.7818
62.7818
62.7818
61.339
61.339
61.339
61.339
61.339
61.339
59.209
59.209
59.209
59.209
59.209
59.1377
59.1377
59.1377
59.1377
59.1377
59.1377
59.1377
57.5662
57.5662
57.5662
57.5662
57.5662
57.5662
57.5662
57.5662
57.5662
57.5662
57.5662
57.5662
57.5162
57.1793
57.1793
57.1793
57.1793
54.27
54.27
54.27
54.27
54.27
54.27
54.27
54.27
54.27
54.27
54.27
54.27
54.27
54.27
54.27
54.27
54.27
54.27
54.27
54.27
54.27
54.27
54.27
54.27
54.27
54.27
54.27
54.27
54.27
54.27
54.27
54.27
54.27
54.27
53.3143
53.3143
53.3143
53.3143
53.3143
53.3143
53.3143
53.3143
53.3143
53.3143
53.3143
53.3143
53.3143
53.3143
53.3143
53.3143
53.3143
53.3143
53.3143
53.3143
53.3143
53.3143
53.3143
51.2629
51.2629
51.2629
51.2629
51.2629
51.2629
51.2629
51.2629
51.2629
51.2629
51.2629
51.2629
51.2629
51.2629
51.2629
51.2629
51.2629
51.2629
51.2629
51.2629
51.2629
51.2629
49.9058
49.9058
49.9058
49.9058
49.9058
49.9058
49.9058
49.9058
49.9058
49.9058
49.9058
49.9058
49.9058
49.9058
49.9058
49.9058
49.9058
49.9058
49.9058
49.9058
49.9058
49.9058
49.9058
49.9058
49.9058
49.9058
49.9058
49.8754
49.8754
49.8754
49.8754
49.8754
49.8754
49.8754
49.8754
49.3681
49.3681
49.3681
49.3681
49.3681
49.3681
49.3681
49.3681
49.3681
49.3681
49.3681
49.3681
49.3681
49.3681
49.3681
49.3681
49.3681
49.3681
49.3681
49.3681
49.3681
49.3681
49.3681
49.3681
49.3681
49.3681
49.3681
49.3681
49.3681
49.3681
49.3681
49.3681
49.3681
49.3681
49.3681
49.3681
49.3681
49.3681
49.3681
49.3681
49.3681
49.3681
49.3681
49.3681
49.3681
49.3681
49.3681
49.3681
49.3681
49.3681
49.3681
49.3681
49.3681
49.3681
49.3681
49.3681
49.3681
49.3681
49.3681
49.3681
49.3681
49.3681
49.3681
49.3681
49.3681
49.3681
49.3681
49.3681
49.3681
49.3681
49.3681
49.3681
49.3681
49.3681
49.3681
49.3681
49.3681
49.3681
49.3681
49.3681
49.3681
49.3681
49.3681
49.3681
49.3681
49.3681
49.3681
49.3681
49.3681
49.3681
49.3681
49.3681
49.3681
49.3681
49.3681
49.3681
49.3681
49.3681
49.3681
49.3681
49.3681
49.3681
49.3681
49.3681
49.3681
49.3681
49.3681
49.3681
49.3681
49.3681
49.3681
49.3681
49.3681
49.3681
49.3681
49.3681
49.3681
49.3681
49.3681
49.3681
49.3681
49.3681
49.3681
49.3681
49.3681
49.3681
49.3681
49.3681
49.3681
49.3681
49.3681
49.3681
49.3681
49.3681
49.3681
49.3681
49.3681
49.3681
49.3681
49.3681
49.3681
49.3681
49.3681
49.3681
49.3681
49.3681
49.3681
49.3681
49.3681
49.3681
49.3681
49.3681
49.3681
49.3681
49.3681
49.3681
49.3681
49.3681
49.3681
49.3681
49.3681
49.3681
49.3681
49.3681
49.3681
49.3681
49.2535
49.2535
47.1696
47.1696
47.1696
47.1696
47.1696
47.1696
47.1696
47.1696
47.1696
47.1696
47.1696
47.1696
47.1696
47.1696
47.1696
47.1696
47.1696
47.1696
47.1696
47.1696
46.3666
46.3666
46.3666
46.3666
46.3666
46.3666
46.3666
46.3666
46.3666
46.3666
46.3666
46.3666
46.3666
46.3666
46.3666
46.3666
46.3666
46.3666
46.3666
46.3666
46.3666
46.3666
46.3666
46.3666
46.3666
46.3666
46.3666
46.3666
46.3666
46.3666
46.3666
46.3666
46.3666
46.3666
46.3666
46.3666
46.3666
46.3666
46.3666
46.3666
46.3666
46.3666
46.3666
46.3666
46.3666
46.3666
46.3666
46.3666
46.3666
46.3666
46.3666
46.3666
46.3666
46.3666
46.3666
46.3666
46.3666
46.3666
46.3666
46.3666
46.3666
46.3666
46.3666
46.3666
46.3666
46.3666
46.3666
46.3666
46.3666
46.3666
46.3666
46.3666
46.3666
46.3666
46.3666
46.3666
46.3666
46.3666
46.3666
46.3666
46.3666
46.3666
46.3666
46.3666
46.3666
46.3666
46.3666
46.3666
46.3666
46.3666
46.3666
46.3666
46.3666
46.3666
46.3666
46.3666
46.3666
46.3666
46.3666
46.3666
46.3666
46.3666
46.3666
46.3666
46.3666
46.3666
46.3666
46.3666
46.3666
46.3666
46.3666
46.3666
46.3666
46.3666
46.3666
46.3666
46.3666
46.3666
46.3666
46.3666
46.3666
46.3666
46.3666
46.3666
46.3666
46.3666
46.3666
46.3666
46.3666
46.3666
46.3666
46.3666
46.3666
46.3666
46.3666
46.3666
46.3666
46.3666
46.3666
46.3666
46.3666
46.3666
46.3666
46.3666
46.3666
46.3666
46.3666
46.3666
46.3666
46.3666
46.3666
46.3666
46.3666
46.3666
46.3666
46.3666
46.3666
46.3666
46.3666
46.3666
46.3666
46.3666
46.3666
46.3666
46.3666
46.3666
46.3666
46.3666
46.3666
46.3666
46.3666
46.3666
46.3666
46.3666
46.3666
46.3666
46.3666
46.3666
46.3666
46.3666
46.3666
46.3666
46.3666
46.3666
46.3666
46.3666
46.3666
46.3666
46.3666
46.3666
46.3666
46.3666
46.3666
46.3666
46.3666
46.3666
46.3666
46.3666
46.3666
46.3666
46.3666
46.3666
46.3666
46.3666
46.3666
46.3666
46.3666
46.3666
46.3666
46.3666
46.3666
46.3666
46.3666
46.3666
46.3666
46.3666
46.3666
46.3666
46.3666
46.3666
46.3666
46.3666
46.3666
46.3666
46.3666
46.3666
46.3666
46.3666
46.3666
46.3666
46.3666
46.3666
46.3666
46.3666
46.3666
46.3666
46.3666
46.3666
46.3666
46.3666
46.3666
46.3666
46.3666
46.3666
46.3666
46.3666
46.3666
46.3666
46.3666
46.3666
46.3666
46.3666
46.3666
46.3666
46.3666
46.3666
46.3666
46.3666
46.3666
46.3666
46.3666
46.3666
46.3666
46.3666
46.3666
46.3666
46.3666
46.3666
46.3666
46.3666
46.3666
46.3666
46.3666
46.3666
46.3666
46.3666
46.3666
46.3666
46.3666
46.3666
46.3666
46.3666
46.3666
46.3666
46.3666
46.3666
46.3666
46.3666
46.3666
46.3666
46.3666
46.3666
46.3666
46.3666
46.3666
46.3666
46.3666
46.3666
46.3666
46.3666
46.3666
46.3666
46.3666
46.3666
46.3666
46.3666
46.3666
46.3666
46.3666
46.3666
46.3666
46.3666
46.3666
46.3666
46.3666
46.3666
46.3666
46.3666
46.3666
46.3666
46.3666
46.3666
46.3666
46.3666
46.3666
46.3666
46.3666
46.3666
46.3666
46.3666
46.3666
46.3666
46.3666
46.3666
46.3666
46.3666
46.3666
46.3666
46.3666
46.3666
46.3666
46.3666
46.3666
46.3666
46.3666
46.3666
46.3666
46.3666
46.3666
46.3666
46.3666
46.3666
46.3666
46.3666
46.3666
46.3666
46.3666
46.3666
46.3666
46.3666
46.3666
46.3666
46.3666
46.3666
46.3666
46.3666
46.3666
46.3666
46.3666
46.3666
46.3666
46.3666
46.3666
46.3666
46.3666
46.3666
46.3666
46.3666
46.3666
46.3666
46.3666
46.3666
46.3666
46.3666
46.3666
46.3666
46.3666
46.3666
46.3666
46.3666
46.3666
46.3666
46.3666
46.3666
46.3666
46.3666
46.3666
46.3666
46.3666
46.3666
46.3666
46.3666
46.3666
46.3666
46.3666
46.3666
46.3666
46.3666
46.3666
46.3666
46.3666
46.3666
46.3666
46.3666
46.3666
46.3666
46.3666
46.3666
46.3666
46.3666
46.3666
46.3666
46.3666
46.3666
46.3666
46.3666
46.3666
46.3666
46.3666
46.3666
46.3666
46.3666
46.3666
46.3666
46.3666
46.3666
46.3666
46.3666
46.3666
46.3666
46.3666
46.3666
46.3666
46.3666
46.3666
46.3666
46.3666
46.3666
46.3666
46.3666
46.3666
46.3666
46.3666
46.3666
46.3666
46.3666
46.3666
46.3666
46.3666
46.3666
46.3666
46.3666
46.3666
46.3666
46.3666
46.3666
46.3666
46.3666
46.3666
46.3666
46.3666
46.3666
46.3666
46.3666
46.3666
46.3666
46.3666
46.3666
46.3666
46.3666
46.3666
46.3666
46.3666
46.3666
46.3666
46.3666
46.3666
46.3666
46.3666
46.3666
46.3666
46.3666
46.3666
46.3666
46.3666
46.3666
46.3666
46.3666
46.3666
46.3666
46.3666
46.3666
46.3666
46.3666
46.3666
46.3666
46.3666
46.3666
46.3666
46.3666
46.3666
46.3666
46.3666
46.3666
46.3666
46.3666
46.3666
46.3666
46.3666
46.3666
46.3666
46.3666
46.3666
46.3666
46.3666
46.3666
46.3666
46.3666
46.3666
46.3666
46.3666
46.3666
46.3666
46.3666
46.3666
46.3666
46.3666
46.3666
46.3666
46.3666
46.3666
46.3666
46.3666
46.3666
46.3666
46.3666
46.3666
46.3666
46.3666
46.3666
46.3666
46.3666
46.3666
46.3666
46.3666
46.3666
46.3666
46.3666
46.3666
46.3666
46.3666
46.3666
46.3666
46.3666
46.3666
46.3666
46.3666
46.3666
46.3666
46.3666
46.3666
46.3666
46.3666
46.3666
46.3666
46.3666
46.3666
46.3666
46.3666
46.3666
46.3666
46.3666
