162.934
156.915
147.217
142.538
139.261
135.746
129.288
122.916
119.793
118.21
114.824
112.772
107.839
105.388
103.55
100.295
97.5035
95.6776
91.3675
90.5279
88.7106
89.1162
88.6558
90.6686
89.2339
87.6009
86.7058
84.9027
84.7998
83.6146
85.0381
85.2216
82.0969
79.0427
75.6893
75.8138
71.6378
72.4294
73.0299
73.1095
72.701
75.3708
73.4949
73.1501
70.7423
71.6332
72.4406
70.034
70.6952
68.8558
67.1752
67.9568
69.338
69.264
69.7067
69.948
70.3674
69.8979
66.5457
69.4406
70.7776
71.9829
69.7271
68.153
68.3525
66.5066
64.6117
65.2763
66.0847
67.0448
66.1343
67.2195
66.0585
65.6222
66.6814
66.2468
66.7655
70.1609
69.0009
65.9249
64.4571
64.3953
62.8098
64.7668
63.6558
64.9429
62.1333
61.4965
57.8819
61.2269
60.7866
59.7905
63.0625
63.2647
62.6623
61.7243
64.0272
61.9397
61.0858
61.1669
62.3679
60.9279
63.2711
61.0333
61.0392
62.0995
60.8224
59.4072
59.0726
59.7281
59.1564
59.5311
61.1522
59.336
62.4194
62.5108
62.9593
60.3622
63.8124
62.4093
63.4249
61.3502
59.85
60.5717
62.3968
59.8602
58.9967
59.1036
57.5256
56.537
58.0909
57.8081
60.1394
61.9717
63.5422
59.9612
58.7868
60.296
59.7035
59.718
59.159
59.9175
57.5482
58.9913
59.0083
60.3415
58.9841
60.9887
60.1203
60.5875
60.1663
59.3156
61.5041
61.9632
60.066
61.1301
60.4819
61.6413
63.18
61.9741
60.508
58.2535
58.3215
59.5604
61.3276
59.834
60.6144
59.0025
59.281
59.9269
57.9271
58.8592
57.6704
59.1147
60.3791
60.6576
60.7238
58.9771
61.5613
58.7952
57.5456
59.7475
62.6193
59.1894
58.0803
58.7461
58.2153
58.5154
61.6066
61.8781
58.3297
58.7814
59.9357
57.3463
57.4266
57.8156
59.9766
58.6916
60.2826
60.1576
61.7945
58.7039
59.0932
57.7213
60.963
60.9958
59.0082
59.3026
58.6039
57.4586
59.1874
60.6422
59.312
59.7448
57.6277
58.2923
56.4592
56.9799
58.1256
61.7793
60.9553
60.8549
60.9753
60.2526
58.5618
60.2602
60.2911
60.8051
59.1022
59.5721
61.7441
59.7465
62.8798
60.2693
58.594
61.233
60.3988
58.8577
59.6378
59.7454
60.0624
60.897
58.2191
60.1264
58.9747
58.3428
61.0135
59.5066
59.8617
59.8036
58.8415
59.7938
58.8003
58.5029
60.937
60.0877
60.2129
58.3377
59.0829
59.2266
56.9017
57.9232
60.1759
59.3127
58.8182
58.1268
57.223
59.8282
59.8844
61.6958
59.9333
57.476
58.6513
59.0254
59.1499
58.5195
61.9732
62.5723
63.6524
60.9789
58.0179
59.3878
58.4925
59.783
58.0174
60.0177
59.5597
58.9806
57.9641
60.3734
61.3279
60.3758
60.0093
57.5546
56.5706
59.5224
59.7086
59.7495
60.5684
58.7559
59.5353
58.4449
60.1751
60.7279
58.0851
58.7477
56.4641
56.1654
57.7495
56.4391
56.4905
58.3264
53.6323
55.5
56.9793
57.93
57.5036
57.5528
58.9275
58.084
55.6921
55.029
56.4806
56.6615
54.527
55.9185
56.4675
60.4836
59.9296
55.9656
58.0238
57.2047
56.7184
55.9171
54.5854
56.3902
55.9005
58.7404
57.0264
56.1733
53.8288
53.7303
57.3144
57.2159
54.9143
55.4791
53.242
55.5873
55.9555
57.1084
56.5036
57.73
58.9584
56.7885
56.9776
57.7698
56.1172
55.8298
57.5804
57.9912
57.3735
57.9346
56.0966
56.8409
57.1065
58.8121
57.8275
60.1313
61.1679
56.5388
58.0826
55.7105
57.9676
53.3874
54.0809
55.5143
55.6631
55.3029
57.6
54.6601
56.1283
57.7429
58.8653
57.1384
56.2977
55.6237
55.5083
55.3955
53.888
53.1779
54.6902
55.4594
57.9689
58.5169
57.1724
57.5385
58.4755
57.873
59.4435
59.0603
55.4574
57.4479
54.8398
57.7532
55.3775
55.9978
57.1977
56.4752
53.2143
53.6678
55.2609
57.5239
57.7864
55.7815
53.968
54.5813
55.539
56.9348
56.72
57.0206
55.6504
59.8356
56.5468
56.5677
54.3354
54.2301
57.3124
58.8949
60.6314
59.7837
59.6946
56.7095
57.2681
57.6758
60.4871
57.7992
55.1764
58.9506
62.2208
59.9898
57.811
55.8974
57.0977
58.4103
58.2652
58.4704
54.9362
56.4361
56.8735
56.7617
55.9733
55.6153
58.0718
54.6597
56.1062
56.0767
53.6612
55.4143
54.9585
54.8789
55.6174
55.3876
56.3835
58.6445
57.0027
55.0098
57.5254
58.2866
56.5414
56.8164
53.1534
54.7886
54.8125
52.5029
55.8543
57.4862
55.6172
57.5158
56.8711
57.4076
55.0116
56.9929
56.1298
55.694
55.0406
57.4362
55.238
54.7765
54.268
55.7843
55.9006
55.7023
55.2731
56.5356
55.7341
57.1607
59.9585
59.308
56.6478
55.9044
54.9824
57.0088
55.0212
54.8134
56.8061
56.1057
53.8027
54.4733
56.9617
58.2004
57.3819
57.0066
58.2039
56.7948
55.5008
57.1203
59.3181
57.5322
55.7969
57.9508
57.6766
57.8626
57.0074
56.6897
57.539
57.7631
58.6284
56.8194
55.2146
56.4
58.4911
57.7322
55.9231
55.8525
55.7397
54.3805
55.0257
57.6522
56.4916
55.9896
56.9905
55.9024
55.6354
54.909
55.6633
59.258
57.7385
55.507
56.5059
55.0797
55.7671
55.8404
56.5911
59.0117
56.8303
56.3596
55.0838
54.5384
57.3736
58.3102
54.8476
57.3797
54.4841
54.1877
56.7813
55.5925
56.7418
61.3956
57.7645
56.0931
56.5322
53.8334
56.3049
54.3557
54.3095
57.6346
59.0528
56.832
56.2724
55.0857
55.9707
54.3082
54.1279
56.939
55.4358
56.1998
53.3897
55.9437
54.76
55.577
56.3292
56.451
53.4756
55.8201
55.8313
56.0819
55.245
56.048
56.4298
53.8413
54.6743
54.1431
56.7258
57.653
57.9832
57.4784
60.1732
59.4823
58.3419
53.5828
55.7518
54.9625
58.5474
56.9692
59.2498
56.7511
55.9764
56.189
55.7213
56.9626
56.1842
55.5274
55.1565
54.4039
55.1547
57.9133
57.0174
57.7346
59.1742
58.2382
58.0548
55.7258
59.8752
58.4324
56.5819
56.476
56.5449
55.6164
55.3187
58.7033
58.833
56.0296
53.4517
53.6638
55.5939
55.7862
56.4396
56.0178
53.355
54.0674
56.3777
56.6425
56.9714
56.7906
54.9898
56.3895
56.2132
56.2854
59.2064
55.6968
56.424
54.365
52.4609
56.0009
54.7144
54.5641
54.6554
55.865
57.0457
55.8029
54.837
57.4197
56.1254
54.4697
53.7191
54.887
56.9491
55.0784
56.9912
56.9296
58.9325
57.2204
55.8775
55.5951
56.15
56.1843
55.5929
54.436
56.0845
56.9877
54.303
53.5403
53.4818
53.8611
56.2718
57.4862
57.4273
57.8504
57.8897
56.4662
55.8231
56.2435
54.402
57.3072
55.2846
58.4355
57.9291
60.7099
56.6572
54.9098
58.7773
58.1973
56.745
55.9087
53.9847
53.633
54.994
55.2764
55.3691
56.0355
54.4788
55.9832
55.8302
55.1248
56.9652
55.3614
55.5151
56.8567
57.3108
58.5854
55.5546
55.9468
57.2222
57.151
55.4463
55.5807
57.5807
57.2951
58.2138
58.7228
55.4018
57.6786
57.1556
56.4432
55.3418
57.494
57.5927
56.8293
57.8846
55.0731
56.9189
55.5997
57.0048
58.4271
56.156
54.6201
54.2533
56.0695
56.2299
52.9561
54.2956
54.8397
55.1017
57.1361
58.2922
56.0653
56.7226
57.4427
54.6873
59.2481
56.1586
56.0859
56.4737
55.8895
56.8447
57.8999
58.2278
53.5422
57.9934
56.4065
55.7954
55.748
55.0289
55.7444
53.7361
57.37
60.1666
57.8608
55.4243
54.5268
55.0979
56.0279
59.3537
54.7864
57.2036
55.5026
56.0272
55.1168
56.0964
55.8501
57.583
55.7583
58.3854
59.4764
57.7695
59.4857
57.3715
56.0986
57.9669
57.3283
58.4597
57.3026
57.8914
56.1387
56.5195
57.5423
58.8711
58.0797
55.8154
56.6113
56.7947
60.0623
55.6427
54.4573
53.8248
56.4663
56.5713
53.2916
56.0085
57.2511
56.396
55.2594
53.6513
54.353
55.9804
55.2795
54.1787
55.5177
57.1377
54.2446
55.7793
58.4533
57.8024
57.646
57.5182
54.4285
55.5423
56.0966
56.0377
56.962
57.0806
57.6589
57.4413
61.5515
58.3347
60.572
58.2618
58.0382
57.4137
54.7072
56.0078
54.8581
53.9542
57.3561
56.6937
57.3144
57.6315
58.7392
57.1391
56.3761
53.2255
55.5448
57.3635
55.2225
56.3701
54.8145
56.3279
56.0411
57.6238
58.2898
60.7796
59.1925
58.017
54.3047
57.3045
57.0336
55.2763
57.6948
54.9105
52.9663
57.2469
58.5954
56.7283
58.3941
56.96
57.6299
55.4439
54.9828
57.1997
57.4898
57.2034
56.1463
56.641
57.0074
55.6195
57.0842
57.8431
55.8127
57.2891
55.6735
55.6948
57.0065
56.2141
55.1108
57.0287
58.3244
56.3054
56.283
54.4381
53.1784
54.8917
58.3393
57.3199
54.6824
56.5274
55.098
56.0318
58.6888
57.1669
55.9628
54.9053
58.0076
59.083
61.8508
58.6168
59.8456
58.5403
58.3258
57.1945
55.2626
56.1124
55.5659
55.3474
55.7731
54.476
55.0585
56.1908
56.6147
59.0182
56.9561
57.2274
54.0492
56.5839
55.8377
55.9987
56.047
56.1087
59.2537
57.8185
58.2404
57.6058
57.4741
55.4603
54.1185
54.7333
53.3228
56.2498
54.91
54.1963
54.3495
56.1188
57.0638
57.7858
57.7143
55.7658
57.5278
56.1813
56.2258
53.0289
55.3265
56.1455
59.5968
58.6965
61.2793
59.4621
59.221
57.2808
55.6556
53.8193
55.0132
55.0835
55.8383
53.1986
56.8664
57.4134
55.6548
54.9157
57.0572
57.2061
55.1446
