162.781
156.311
144.57
135.805
130.81
129.163
127.275
124.705
121.039
117.212
113.016
109.967
107.152
105.635
101.918
98.9366
96.3686
92.5867
90.5862
89.2937
86.6957
85.2947
85.0907
84.5692
83.8831
85.0582
82.7533
81.2562
80.1292
79.9318
80.0056
77.938
77.9574
77.7864
78.5566
77.0742
77.8759
77.7644
78.1689
78.6669
80.1731
81.1652
78.3799
79.1701
78.6557
78.4965
76.857
77.1927
76.2298
77.5405
76.1456
75.8672
73.3673
72.7363
74.2269
73.0659
74.0559
75.8936
75.7845
74.6874
75.285
74.4934
73.1752
72.565
73.9242
73.8986
72.9477
68.0098
67.4951
67.8359
66.9207
66.2449
67.4741
67.3159
69.1293
67.4134
66.4933
65.9766
67.4263
67.4456
67.5924
66.5643
66.8912
68.919
67.8244
67.5142
66.1419
65.1514
68.7849
66.7806
67.0864
65.507
65.1982
64.5585
64.6629
64.8801
65.1508
66.5535
66.1841
66.3815
63.9179
63.5482
64.1216
63.0602
62.3806
62.9455
63.8297
62.1403
63.5746
61.2414
61.1593
62.6268
60.9786
64.7084
62.0056
62.0262
61.3244
60.5412
59.1604
58.5736
58.6969
57.8329
57.7402
58.1504
59.6338
60.2986
62.7476
59.6617
59.245
59.0623
59.6913
59.991
59.7611
60.0986
57.4171
56.7247
58.7913
58.6521
60.3822
58.8167
57.7935
58.982
58.4666
58.322
60.2683
58.7734
59.7436
60.4408
59.1495
59.3517
59.8577
60.132
59.5877
60.383
59.6545
58.9766
58.3621
59.871
58.3183
59.2043
59.3455
58.78
58.7854
58.0177
58.7875
59.8426
59.6031
57.6432
56.3969
57.3922
58.4103
57.9248
58.5912
57.0109
56.2547
55.5145
55.8253
56.2463
55.6325
55.8909
54.9943
54.849
54.6181
57.0745
57.6579
58.5911
56.3513
55.4291
54.9656
56.4799
56.1495
55.6017
57.2167
56.081
56.4085
56.8925
56.6709
55.1024
56.0165
55.3156
55.869
55.2435
56.089
54.8983
55.4147
52.5553
54.1244
55.1018
55.82
53.8832
54.6945
55.8637
56.8631
58.4657
58.6341
56.5717
55.7691
57.3047
57.4209
56.0007
55.868
54.8522
55.3458
57.3832
58.0526
55.127
58.3886
56.74
55.9652
54.3452
54.4207
56.3561
55.7328
54.8189
53.8434
55.1918
54.6757
53.9522
54.4368
55.6901
55.675
54.0113
53.8447
55.2063
54.3515
53.2527
54.3582
55.269
54.5586
54.3799
54.8078
54.9113
55.6079
55.9944
55.5284
57.3062
54.9031
56.3684
55.8952
57.9012
54.8931
54.8864
53.2231
54.9069
53.7519
54.439
53.6351
53.8254
56.2632
54.9489
53.9734
54.5609
57.2161
56.4191
55.6115
55.167
55.5239
53.8768
54.3769
54.4383
53.8779
54.0668
53.714
52.2813
55.069
56.537
54.6787
54.1764
52.3815
54.1584
54.0718
54.1278
54.7837
55.1453
55.6301
54.7783
55.2648
54.053
54.5674
54.0977
54.5464
53.7231
54.9732
52.6742
53.563
54.1948
52.1866
54.9854
55.8701
56.4065
55.5108
55.4226
55.425
52.8183
53.1047
55.0829
55.9864
57.5285
55.6691
54.8519
55.5726
55.0694
56.0081
54.4902
52.6095
54.0727
54.0843
53.1262
54.7634
53.6344
54.5075
53.783
54.5401
54.3145
54.8605
55.9289
56.5564
55.6069
55.308
54.7428
53.9419
55.8234
54.8171
55.1339
55.6546
54.2831
55.004
53.8454
53.7093
55.4438
55.3323
53.3874
54.2834
53.7455
55.4198
55.8717
56.1699
53.3746
55.5185
54.109
54.867
54.487
54.7969
54.8357
54.3451
55.1271
53.4079
52.9083
55.3125
54.1896
54.1906
52.2784
52.0849
53.1467
55.6635
55.2769
56.3927
56.6334
55.1271
56.1569
57.5782
55.9561
54.4425
54.0933
54.3092
53.2265
53.9373
54.2365
54.0233
53.3121
54.5204
54.6551
53.6566
53.8926
52.7471
53.5665
54.705
54.0444
52.8732
54.1334
53.5551
54.4061
52.7915
50.2841
51.9433
53.3056
53.7083
52.6568
53.2803
54.1094
52.7616
52.9423
50.9656
52.0485
51.4877
52.738
53.1979
54.6231
53.7877
52.7293
54.0364
50.7254
51.7019
53.2081
50.519
50.7474
51.9633
50.5152
52.2289
50.8926
51.0965
52.1471
51.8859
50.4791
50.6625
50.0021
50.065
52.2001
52.7217
51.1706
51.467
50.4255
51.4503
52.4545
53.0394
51.242
50.7732
50.9611
50.8147
50.3981
53.0854
52.8568
51.5248
53.4176
51.5621
51.6304
51.3458
51.8748
52.9293
52.8851
53.1006
52.6422
51.9931
51.9146
53.5748
51.6296
50.2518
51.0494
50.4483
51.5041
52.9553
52.4467
51.9462
52.6075
51.0277
52.2841
53.7346
51.4498
52.7254
51.2368
51.9256
50.8318
51.8425
53.9967
51.3487
49.6938
52.7443
52.1389
51.1653
49.3431
49.9382
51.2549
50.4097
50.2838
50.4458
50.151
51.5769
50.6813
52.7636
53.2591
52.988
52.5019
53.0233
51.1131
51.9042
53.8721
51.9433
52.0378
51.6821
50.8125
50.1761
52.4914
50.1689
51.8943
51.9192
51.7827
52.3884
51.3806
50.0874
51.7195
50.4857
50.1871
49.0895
51.204
52.005
50.8024
51.8565
52.7819
53.3515
54.1566
52.2049
51.2315
51.7933
51.0904
54.1768
51.7304
53.3776
50.2348
51.469
51.4903
53.5264
54.1986
53.6512
52.6479
52.9704
50.9191
51.4232
50.6419
53.0659
53.7885
49.4497
50.7059
49.9555
50.8352
52.8622
53.866
53.3997
52.4117
51.0477
51.4003
50.7654
50.6458
51.1731
51.6182
51.6473
51.6729
52.5306
51.7636
52.1649
51.7639
51.5011
50.0384
51.5293
51.9858
50.867
49.9779
50.6614
50.5329
52.7258
52.4353
53.1389
52.0217
51.9703
54.3536
54.3673
52.9577
51.5535
52.3335
54.0159
51.2242
51.7607
50.744
50.3684
50.8306
51.5312
50.6225
50.9267
49.5981
50.5882
51.4328
49.9808
50.8936
53.0237
53.2589
51.5161
51.4349
50.0733
49.6267
50.6086
51.4488
51.4504
54.0317
51.7101
50.1535
52.2806
52.3995
52.6252
51.3345
51.8948
54.6177
52.8203
53.7877
51.7296
50.7007
51.8027
51.0355
52.4237
51.6502
51.7896
50.8173
51.5135
52.1546
53.2894
50.3159
53.0573
52.6032
52.7876
51.7232
52.3585
50.799
50.762
50.7832
49.4455
49.9713
51.4804
51.7635
52.0698
52.878
53.4299
51.8546
50.8726
52.0704
50.5469
51.1699
52.7504
51.9168
51.0488
53.4849
53.23
52.8109
51.685
49.2984
50.8449
52.9703
54.2428
52.6514
52.2134
53.6466
52.6171
51.783
53.1567
53.734
52.1921
50.7225
51.4786
52.3547
51.819
51.4164
52.1359
54.7006
54.4082
51.6091
50.3549
53.582
52.8855
52.8753
54.6251
52.7135
51.6629
50.3245
51.6613
50.6863
51.7922
53.783
53.8971
52.906
53.2315
52.5795
54.0973
53.9236
51.1736
50.0583
50.1713
51.7377
52.5015
55.4822
55.4131
54.3307
54.4995
52.7975
52.464
53.7697
54.2594
51.1851
51.9604
50.2321
50.8231
51.1223
51.0152
52.731
53.4121
54.6355
51.0632
52.0309
50.6777
50.0438
52.186
52.2611
52.8724
49.9789
50.0116
49.7184
51.9231
50.874
51.0367
51.9046
53.0383
51.7147
50.0774
50.8592
51.2673
52.4587
50.118
50.5005
51.6077
51.3157
50.4649
52.6165
53.2548
55.2417
52.7686
51.4881
52.7847
52.7206
52.2982
50.0918
51.5885
53.9298
51.3041
51.0633
52.1073
51.3249
51.0696
50.4521
51.5923
50.792
50.3511
52.0387
51.9111
50.5428
51.4879
51.0915
51.4569
52.0731
50.6202
54.0216
51.4889
52.7549
51.9258
50.3074
50.6196
50.3246
52.9724
52.0176
51.5523
49.7776
49.029
50.5144
53.0583
53.3458
51.8397
51.0887
52.129
50.5129
53.5549
53.991
53.3805
52.2323
51.0909
53.0213
53.411
52.0473
55.1786
52.464
52.5586
53.5463
51.5754
50.2881
50.9392
52.0789
50.6227
53.6195
55.0314
53.9594
53.7181
54.5104
51.9979
51.5629
51.7131
50.371
51.5783
51.9665
52.9831
52.6381
50.3812
51.3202
51.0572
50.7018
53.7056
53.3522
52.8345
52.4966
50.3475
49.0142
52.8009
52.5959
52.0281
51.3638
51.8293
53.8068
50.9344
52.9018
52.7322
51.2818
52.4655
52.4273
54.5019
52.6578
52.5906
53.3069
53.6377
53.725
52.3014
53.4827
52.2282
52.8993
54.4553
53.4001
52.6707
50.7296
53.5572
53.9632
52.6168
50.944
51.3374
51.0178
51.6126
51.0057
49.5722
51.4834
52.3062
51.9263
52.54
51.1753
50.7807
50.9613
50.6723
51.3151
52.283
51.2573
52.055
52.3406
52.0542
52.0803
53.1494
51.5794
50.628
52.0084
52.9269
49.4991
52.0217
49.9697
51.2232
50.5453
49.9022
50.1285
51.291
52.4404
51.7461
52.1156
52.611
51.5506
50.2602
53.2179
51.5371
53.0485
51.6899
53.645
50.13
50.7291
51.6337
51.872
51.647
51.9366
51.3339
51.5379
50.9019
52.3709
52.1362
51.7063
52.7694
51.6495
52.97
52.9995
52.5549
52.2316
52.0717
52.3155
50.3689
51.7857
52.4981
53.2627
51.841
52.7503
52.3042
51.5441
51.2812
52.5128
52.2832
49.8007
51.356
50.4725
49.689
51.1825
51.5134
50.0774
52.016
52.6699
51.0963
50.4085
50.7648
51.916
53.9738
52.2809
53.4422
52.5475
51.475
52.9167
53.0417
50.079
50.4096
49.1903
50.8651
54.0834
51.9019
52.3758
52.503
52.3056
52.3533
52.8741
50.2308
50.0667
50.894
51.7225
50.6755
52.5428
52.8104
53.0628
51.5221
53.2428
54.7852
51.7091
50.3413
49.7224
50.5265
50.3817
52.4767
51.5432
51.9908
51.6876
51.1375
51.3843
52.1905
51.927
51.4248
51.0394
50.8031
52.1423
51.9955
51.722
