162.98
155.426
145.856
135.777
128.92
127.187
125.505
123.824
117.71
114.99
112.718
110.074
108.886
106.307
106.818
105.922
104.187
101.309
100.076
101.371
100.562
97.9287
96.4573
95.0035
94.2174
93.4268
93.3674
91.327
90.2359
89.6284
89.0131
88.6549
87.4635
87.853
86.5787
85.8316
86.4315
84.6881
84.2749
81.5777
82.0589
82.6449
83.3263
81.2789
82.6008
82.1024
83.4017
79.4674
77.3923
75.3208
76.4544
75.257
75.0319
73.6354
70.9241
71.0807
70.5985
71.2698
72.1296
71.9328
71.6839
72.5191
71.1105
70.2095
70.3322
70.5241
70.1117
70.1341
68.9829
68.2475
68.0482
68.399
67.366
68.4733
68.5781
68.5093
67.4219
66.8833
66.2974
67.7773
65.7859
67.2718
67.2927
66.3837
67.1617
66.7252
67.0869
68.0565
66.007
67.1415
67.7938
67.5842
67.8356
66.5372
65.0758
61.9508
61.6571
61.1773
59.5245
61.3268
61.3596
61.1729
59.1915
59.575
61.1475
59.8507
58.5298
58.0705
60.4529
58.5108
56.9539
57.7824
57.0968
56.2418
56.0873
57.8594
57.2903
57.339
58.3038
57.8277
56.6376
56.7833
57.6303
56.3568
56.4336
56.6317
57.2165
58.733
60.7619
57.0345
55.4407
54.8938
56.6266
54.2571
56.6832
56.1018
54.3393
53.5012
53.617
55.0671
56.4589
55.5531
53.8457
55.8522
54.4886
55.2595
54.5309
54.0976
55.7283
55.9024
57.7143
58.0094
58.3742
56.2537
56.5884
55.8761
56.4477
56.1043
55.7899
53.9408
56.0612
55.6385
56.3757
54.9544
55.5373
54.7857
53.5286
53.5336
53.8579
53.8189
55.1354
54.698
54.3179
55.2157
53.5657
54.2011
52.5244
54.0145
54.4501
54.7258
53.6845
53.0669
52.7553
51.5387
51.8391
52.2438
53.0446
53.2654
54.5167
52.8617
52.6466
52.0958
53.8174
53.7543
53.9093
55.8062
55.3011
54.6273
53.689
53.3923
53.8939
55.9898
54.4989
55.3329
55.1598
54.351
53.7635
53.6811
54.6133
53.9435
53.1331
52.8034
54.2182
52.8713
53.6503
54.1678
55.1013
52.2458
51.9854
52.1666
53.477
53.4201
53.5134
52.6079
53.5612
52.866
54.8742
54.6737
53.0359
53.0422
54.3735
52.2332
53.0312
53.0588
54.0619
53.1483
52.8015
54.012
54.0423
53.4873
54.8541
55.819
54.3028
53.9721
54.5938
54.6693
52.89
53.3392
53.9392
55.3356
54.9754
55.1231
55.267
52.3031
52.9829
53.3955
54.2287
54.2719
53.9
54.6761
51.9548
53.5543
53.8616
54.4134
53.4071
52.2255
52.99
54.4779
52.3136
52.2976
51.9858
52.3367
53.4656
52.9235
52.8904
51.5623
53.4694
53.2005
53.0209
52.703
52.8982
52.562
51.2875
53.0046
52.5108
52.2089
51.3838
52.2401
52.5929
53.318
52.0651
53.4067
52.6514
51.5575
53.2577
54.118
53.9873
55.1902
57.4087
57.1476
54.9437
52.9035
53.947
55.303
54.295
52.8218
52.6225
53.4214
54.1375
54.4388
53.8847
51.8354
54.7152
54.3551
54.3804
53.7185
53.2929
53.7165
51.6765
51.6336
51.941
52.7145
52.3879
53.0622
53.522
54.9046
55.5969
54.2156
54.6901
53.6332
54.1391
52.9514
51.6212
51.5917
51.6237
51.6075
52.6022
50.6377
51.3881
53.4941
53.2845
53.4971
53.1816
53.8659
52.1497
52.7441
52.789
51.3828
52.2384
54.0195
51.9914
52.5681
53.0201
54.7276
53.4106
54.7173
54.3676
54.8675
52.669
52.1654
52.159
52.3771
52.5748
50.7338
54.6351
53.6413
53.5216
51.4963
51.48
51.6065
51.8289
50.6781
48.6796
50.1062
50.837
51.2019
50.0988
50.0688
49.9403
50.8261
51.7303
50.8165
51.9654
50.7435
50.9006
49.8937
50.4722
50.9156
50.3218
49.9777
50.104
50.9861
50.3954
50.4006
49.3365
50.8676
51.1585
50.9256
51.0074
50.108
51.0391
51.4787
53.5742
51.0356
50.391
49.6724
51.0329
51.4662
51.2318
50.536
51.2031
52.5395
51.703
52.513
50.7983
50.8251
53.0253
50.9841
49.876
49.5955
50.8493
50.7203
51.5771
51.2292
50.7485
51.578
51.9569
49.8163
48.0116
49.5621
52.3147
51.9961
51.1607
51.1814
50.9564
52.0561
51.0794
50.6309
51.4668
52.7183
50.1047
51.0964
50.8793
50.6587
52.2849
51.489
51.3284
49.8857
50.2946
51.0169
51.9257
50.7862
50.2479
50.7532
50.0364
52.1453
50.9885
51.4703
51.8041
49.991
51.873
50.716
51.7299
52.3813
52.2584
52.715
51.6675
49.2264
50.1202
51.1352
52.7996
50.4549
52.0874
52.1
52.0696
51.4502
49.9675
52.1142
50.3846
52.2039
53.144
50.6605
49.4313
50.3706
49.646
50.4734
49.5258
50.2471
52.1511
50.7998
51.423
50.0276
49.6779
49.7988
51.1609
50.0939
49.9572
49.0811
50.5683
51.3154
49.8651
49.5694
49.7727
50.9684
52.0631
50.4113
50.8443
52.0959
51.1428
51.2732
51.6243
51.847
49.6914
53.6777
51.8121
51.9571
52.8332
50.114
50.3849
51.1113
50.7089
50.3477
49.335
50.6487
52.6826
50.863
49.5771
50.6343
48.8178
49.2614
49.6835
51.9583
51.9484
51.9281
50.1571
50.2397
51.8184
50.4294
50.9833
50.5025
51.5875
52.4568
51.4567
52.6231
50.4996
51.3238
50.1541
50.3245
49.624
50.4235
50.912
51.9774
50.7029
51.127
50.1571
50.3865
50.3802
53.2018
54.1439
50.8197
50.7118
49.99
50.6935
52.5701
51.5729
50.4808
51.2625
51.6102
53.856
53.9913
51.5671
50.6111
49.727
51.4903
53.1895
51.9623
49.5049
51.3289
50.8485
50.6595
50.4143
50.8367
51.2053
52.6213
52.4272
50.6057
51.7788
51.626
52.1912
52.2409
51.3049
49.5181
50.8716
50.489
50.3394
50.8421
50.0313
50.7524
49.2319
52.0537
52.4014
51.2643
49.985
49.7673
49.3403
49.8927
49.5581
49.81
49.0736
50.9903
50.2291
50.0072
52.4845
52.4394
52.3271
50.5678
49.6807
51.1487
49.6533
49.6027
49.3253
51.0176
49.6383
49.541
50.9993
52.5841
51.7377
50.3391
50.8342
52.0387
50.6394
51.0674
51.0913
49.508
50.0886
50.8276
50.3512
51.085
51.0613
50.0502
50.8253
52.5258
52.681
52.6072
53.1941
53.4872
51.8731
52.1
51.661
51.0258
51.4747
50.1096
51.0255
49.7812
51.871
52.5877
51.4475
50.6019
50.098
49.4721
50.4642
51.3637
51.2423
50.1232
50.2687
50.9627
50.9148
50.6718
51.7811
51.3056
51.5493
51.45
50.8445
50.2012
50.3786
51.0518
49.98
49.184
50.7343
51.1157
50.9757
51.1541
52.2821
51.1151
50.8915
50.7458
51.2473
50.948
50.1642
50.2144
53.7854
53.5702
51.4103
48.7895
51.7609
53.322
49.9743
50.7913
49.8497
50.2083
50.9268
52.0885
50.7511
49.9938
49.6891
49.6555
50.8015
51.8151
53.4366
52.9139
53.3069
52.0527
53.9631
52.4482
51.1734
51.0926
49.7551
50.2837
50.2766
50.5305
52.0343
50.4428
50.2617
50.8472
51.6712
50.8709
51.648
49.8892
49.6357
51.2361
51.7686
50.9658
51.1841
50.2574
52.4526
54.2617
53.0232
52.9764
53.0321
49.6373
50.045
50.6951
49.4322
49.7387
52.0544
50.7005
50.7601
52.0977
51.9607
50.8086
52.9721
51.3538
50.8389
50.2683
49.5735
49.8149
50.3255
50.3828
50.1044
53.0917
52.2708
53.456
51.3932
51.5545
52.4526
52.488
51.0194
52.1657
50.9068
53.5845
52.6826
50.4729
49.9529
49.5336
52.14
50.3823
50.5448
50.1597
51.5168
51.7956
52.2581
50.7083
50.4403
49.8511
51.5262
51.1077
53.4944
51.6263
51.2918
52.3153
52.1353
50.9051
50.667
51.0639
51.001
50.4572
50.4411
50.5437
50.0634
50.1366
51.6157
51.0539
50.0637
49.0964
50.7262
49.4042
50.2321
51.0279
52.1224
51.958
51.002
50.3922
51.4103
51.9625
51.3669
52.5601
50.5329
52.3285
52.8564
51.1706
50.5861
50.1419
49.7327
49.1633
51.0853
53.7427
49.6172
51.6375
52.6083
53.7214
50.8974
50.5627
50.2729
50.5265
48.9061
50.8523
50.4789
51.2724
52.3554
50.0078
51.6415
50.6171
51.3829
51.492
51.9343
50.3245
49.7058
51.3333
53.6953
55.2459
51.25
50.8964
51.4112
52.2662
52.3201
52.1392
50.3292
51.0487
51.4687
50.2588
50.46
49.8754
49.8667
52.0539
53.4459
52.2865
52.9526
52.7349
51.1521
51.2206
52.4932
52.2421
53.454
51.0801
51.7377
53.5054
53.3732
52.1381
51.0454
50.2412
50.9881
50.7273
49.4566
51.043
51.9887
51.73
51.0765
50.5972
51.4229
51.9393
51.704
52.2049
52.0332
49.7491
50.4251
51.7431
51.9231
51.518
52.1443
52.0292
50.5418
51.2804
49.6893
49.4313
51.9106
52.2413
50.9476
50.9007
52.1912
51.861
50.4216
49.3609
52.2264
51.7424
51.5055
49.6086
50.5288
50.7097
52.9592
52.8073
50.8282
53.2631
51.2005
51.378
51.1792
51.7089
50.6643
50.0661
51.1241
49.3787
49.793
51.4174
50.2039
49.2271
50.9335
51.791
51.896
49.7537
52.489
49.8237
49.0778
49.9792
51.3026
49.8011
49.909
50.9451
52.5494
51.2245
52.387
51.9596
52.692
52.6302
53.0259
51.7959
49.7276
49.1342
48.9857
49.392
49.9659
50.5772
50.0472
51.733
51.6472
50.3818
51.1808
50.8902
50.3467
52.4096
52.1279
51.8194
50.8434
51.9494
53.454
52.3298
49.3882
49.3195
50.1193
52.2102
52.9508
52.1846
51.1888
50.8966
50.9776
51.766
53.3407
50.943
51.0979
52.46
51.6025
51.5649
52.6092
52.2663
50.5441
50.6296
50.2794
51.1803
51.1838
52.1961
51.5396
51.573
