162.687
156.78
144.736
136.482
131.839
128.833
123.08
121.031
119.483
118.05
116.262
117.929
112.498
109.608
107.29
105.075
105.503
102.238
102.069
100.962
98.3474
96.2736
94.659
93.3222
96.414
94.305
92.9877
92.6018
91.3516
90.3807
89.4797
88.0039
87.0199
84.5391
83.0489
83.3876
83.3464
82.9604
81.0825
80.8364
77.7584
75.4148
74.9095
75.404
74.9795
75.5264
74.2391
73.4616
73.929
73.5549
74.319
72.4952
72.5886
73.7311
71.6832
71.1878
72.4212
72.0079
70.419
70.8238
70.1154
69.4579
68.6168
68.7123
68.9228
69.4569
70.382
68.6596
70.0801
70.0222
71.237
70.3389
70.3722
68.9623
71.3205
70.9809
69.0397
69.1093
70.5393
68.3341
67.8549
68.4633
66.9686
65.7576
67.9707
65.9978
67.0934
67.207
69.7462
66.9439
65.0732
63.9842
62.4647
63.5142
63.3561
63.6159
62.9637
63.2071
62.9449
62.2805
63.8383
61.9002
62.3472
61.4795
63.6874
60.899
63.0122
60.2394
59.9873
61.8445
61.2031
64.9438
61.389
62.8107
63.4684
60.8665
61.9788
61.26
59.8917
61.98
60.7466
63.0105
61.0749
61.0049
61.5323
59.9668
59.5382
59.7266
58.2832
59.1535
58.6628
60.0715
60.0963
59.3795
60.1203
60.6037
59.8044
57.8855
62.2411
61.7498
60.3956
59.2795
56.6788
56.7995
55.9589
55.0916
55.5031
56.6452
54.4867
55.9604
55.0009
56.9448
55.4645
56.8211
56.5561
57.419
56.0514
56.8079
56.764
56.7628
56.9356
57.2833
56.4107
57.1218
56.8957
55.7192
55.5084
56.253
55.7322
56.5472
55.9199
57.9138
55.8477
54.8326
55.8275
54.8743
55.4651
54.7242
54.7211
54.1414
56.9676
59.1119
57.2844
57.4759
54.7333
56.1986
56.2209
56.6999
58.0674
55.9018
56.8049
57.4142
57.2267
55.7241
55.2164
55.8339
57.4582
55.8161
55.2759
56.1217
56.899
55.4605
54.325
55.7346
54.6078
55.0023
56.5094
56.3155
56.7207
57.1861
59.0709
57.1756
55.9728
57.8349
56.5488
56.5524
55.6541
54.5071
55.4791
56.4124
56.8418
55.8592
55.6757
55.5707
54.257
52.2373
52.5258
54.3779
56.8713
54.5093
54.6199
54.0139
54.5288
54.6963
53.346
56.3334
55.425
53.0827
52.1947
52.4413
53.5109
52.4071
56.8046
56.207
56.6555
54.3949
52.8655
55.0901
55.3905
56.2067
54.0556
53.163
52.5281
53.6702
55.2993
54.9616
53.543
55.1588
54.7848
55.1677
55.2841
54.7861
54.3818
54.46
53.3568
55.1282
54.3209
53.7745
53.9634
53.8965
55.4967
54.2025
54.2061
56.1924
55.1636
55.6835
54.0547
54.9156
53.092
55.2209
56.7993
55.5561
55.1767
51.155
53.2612
53.531
54.9421
55.318
55.8215
55.8019
57.2008
54.1874
53.4853
54.9323
55.2867
52.8304
52.9213
52.4784
52.4814
53.2385
54.4584
54.6293
55.9848
55.7687
55.0812
54.0508
51.739
51.1573
53.7233
53.8512
55.7904
56.474
55.0766
56.1091
54.433
54.4415
54.7655
52.8788
51.246
54.575
54.9646
54.063
53.4204
53.6549
54.3324
55.5246
53.0208
54.9713
55.6637
54.0605
56.1047
56.2105
56.4491
54.9154
52.6683
53.294
53.1524
53.9847
53.7544
53.3539
52.5746
51.0361
52.4174
53.6184
55.2815
52.1114
52.6928
53.781
54.3277
55.6942
52.923
52.755
55.5314
54.7517
53.6692
52.465
52.9789
53.8787
53.5113
53.3852
55.4905
54.7784
54.8099
53.8599
54.0404
53.6234
52.4549
52.1283
52.7252
52.124
51.8963
52.6116
51.8024
53.3104
54.8212
53.98
54.1254
54.2362
55.1516
52.93
52.9258
50.1782
51.6168
52.8426
52.2439
51.9469
51.8674
52.2611
51.7907
51.5265
52.0986
52.0203
52.9959
52.6355
52.9603
52.1527
51.2895
52.3429
54.5418
54.887
54.8623
53.639
54.19
52.0887
52.9925
51.6737
53.3646
52.5202
52.9201
53.9725
54.0299
54.203
56.836
52.8638
51.0542
51.9359
54.8916
54.902
53.3548
55.0157
53.5936
53.4014
52.146
51.859
52.5621
53.0852
51.9667
52.0347
51.4955
51.0577
53.2918
56.0879
51.9973
53.1113
53.891
54.359
51.4811
52.2099
52.8205
52.2634
54.0638
54.6897
53.846
54.2652
53.3715
53.2723
55.1001
55.9087
56.6322
53.3501
54.318
52.9231
53.4813
52.6315
51.8963
51.8247
53.3817
54.0503
52.7136
52.6086
52.6186
50.8438
51.5549
51.4292
52.1428
53.7504
51.9338
53.0254
54.1901
52.6839
54.2473
52.1908
53.3748
53.5211
53.7076
52.3785
52.9188
53.082
54.058
53.9775
51.7792
52.4963
53.6719
51.2826
50.8585
52.6447
50.8104
52.0232
54.3677
52.6815
53.2974
53.0855
52.5418
51.0158
52.167
51.1596
53.9533
53.9326
54.2082
54.7495
54.9735
54.4393
54.0534
52.9024
55.0674
54.4951
56.147
57.4985
55.913
52.8575
52.3827
51.1042
52.676
52.4667
53.2917
53.002
52.0492
52.7541
53.8812
52.8729
52.8947
55.4606
53.6767
54.2529
54.6172
56.0985
53.8691
55.3492
52.5122
52.141
52.2877
54.7176
56.6375
56.1153
55.427
56.6316
53.5056
52.7951
52.2182
56.2872
56.3717
54.8157
55.7338
52.4423
53.5103
52.8758
55.3789
54.1326
54.0372
55.4124
52.7058
52.1908
50.7777
53.0573
53.1904
53.7489
53.7752
53.2582
53.7297
52.76
53.207
54.8827
52.756
51.7663
52.4982
53.3026
52.2145
53.0965
54.5767
54.5626
53.7493
52.2753
51.5758
53.9188
53.6016
52.4758
53.1424
52.4228
53.7193
52.2384
53.2277
52.4056
52.6511
53.1089
52.7454
53.876
51.8449
51.866
52.0826
54.3861
51.4855
52.0244
54.2082
55.3445
53.6198
54.1373
52.4191
52.1883
50.9993
51.9832
50.4451
51.2365
51.7335
52.9123
52.7189
53.8811
54.1406
56.1905
54.8183
55.105
53.1944
54.6903
54.0326
54.5434
55.2088
55.0291
54.9539
54.7634
50.2161
50.7386
52.2511
53.6926
53.7308
50.8285
52.8815
55.1502
52.7806
53.8364
51.6812
53.1385
50.7981
53.5139
51.2053
54.9702
54.6016
52.8257
53.3515
51.7344
52.1085
52.8644
53.1875
53.9631
53.1352
54.5723
52.8442
55.0755
53.573
53.9832
53.0362
53.4025
50.7675
52.5781
54.4898
53.9358
53.4676
51.6352
52.267
52.639
54.3412
52.3405
53.8967
52.3137
51.2633
50.8888
53.5044
54.7637
52.6579
54.0228
55.7076
55.0626
53.0812
51.0582
52.8704
52.434
54.2167
56.7
54.5368
51.1043
52.8628
55.0563
54.15
52.6404
52.4754
52.6963
53.3143
54.0985
53.7178
53.6723
55.8807
53.7112
55.3385
53.0815
52.5271
53.3649
53.4378
52.3085
52.8934
52.9491
52.2553
54.0841
53.7734
55.4034
52.7322
53.7512
51.5912
51.3199
50.5288
52.2895
54.678
54.7457
54.2989
52.9771
54.3013
53.6662
53.7778
53.7686
53.1819
52.5731
52.7849
51.428
53.265
53.0244
51.767
53.2205
51.2692
52.2075
52.1656
51.9093
52.9383
53.9501
52.1832
51.7231
52.3574
51.8763
52.1121
52.9282
53.4845
55.3714
53.6139
54.1238
56.2574
53.4908
52.8806
50.751
52.9036
55.5088
53.1395
54.1664
53.533
52.3718
52.9596
51.9877
53.0928
51.5033
51.7854
51.7044
52.7953
53.2428
53.6781
53.9046
51.339
53.3018
55.03
55.9618
54.1222
54.4987
53.0042
53.7531
53.6332
53.5315
55.912
52.4294
51.9442
50.7842
50.651
53.0299
54.0965
54.344
52.2993
54.1855
54.5821
54.9856
55.709
54.3777
54.2277
54.3348
55.7078
55.4137
54.2474
55.5793
53.4741
54.3275
53.7624
54.155
51.4903
53.5977
53.6669
52.8504
52.481
54.4073
56.3693
56.6095
56.4465
54.3219
53.7413
53.5189
51.8497
52.7043
54.1059
52.4573
51.0732
51.7051
52.5307
52.2664
51.0636
54.3553
52.808
53.2984
51.9061
52.4455
52.7131
55.9084
55.2792
53.3479
52.5661
53.0307
53.2831
53.4629
55.3461
52.5211
52.0521
54.5407
55.1309
53.3289
54.6487
54.1889
53.5747
55.2962
54.0278
55.2975
56.9963
54.9218
52.7034
54.7704
53.335
52.393
52.635
54.0367
52.7047
53.3156
53.8054
51.8584
51.372
52.5126
52.6675
54.5532
55.9088
53.4473
51.1245
51.2248
52.4085
53.4804
53.4255
53.5343
53.7884
52.1806
53.3475
53.5616
52.92
52.0046
53.1743
52.8539
53.4717
52.3659
54.4725
53.5286
54.6944
53.4167
53.0825
52.861
50.6552
50.2853
52.1483
53.5975
52.4725
54.1394
54.1177
52.4362
54.4534
55.3357
55.5056
53.4338
55.0413
53.4186
54.9064
53.9889
53.4461
55.224
54.7247
54.1988
52.553
50.4464
52.2636
54.2614
53.0626
54.1096
52.3695
52.735
51.4664
50.9393
49.3461
51.8288
52.1159
53.7451
56.1976
54.5531
54.0898
53.675
54.143
54.1831
54.2296
53.8926
55.5814
53.4523
52.2643
53.0856
52.1157
53.1307
51.4515
51.4124
51.7829
55.1027
54.7199
54.9878
54.9228
53.7096
55.1433
54.3825
51.9054
52.9989
53.6169
54.2009
55.2136
53.9812
53.6807
51.8814
53.9638
55.7372
55.2835
53.5839
54.9995
53.8881
53.5938
55.4446
53.1201
51.7817
53.1359
51.9115
53.8009
51.7594
53.6268
52.5431
53.4543
55.3198
54.8904
53.6641
52.7012
53.3809
52.3451
51.3884
53.8903
52.7581
53.2232
52.9902
55.7087
52.4359
53.1083
51.9615
52.7539
52.522
53.1107
52.3295
51.0593
52.8229
52.4759
51.4373
52.1729
52.3353
53.1252
51.8937
51.8106
53.8616
54.1395
54.7174
53.0853
52.1999
52.7245
51.9307
52.1353
53.7392
