162.675
156.592
144.068
135.514
125.618
116.161
111.106
108.742
106.897
104.322
100.714
99.6384
97.9716
96.4725
95.6567
96.4676
96.8642
96.9088
97.0354
95.3725
93.6703
93.1463
93.253
91.8558
89.5694
90.1326
91.0777
87.7268
88.8849
88.5118
86.6942
87.7153
85.7099
86.4261
84.3657
84.5751
85.0167
82.0148
81.8962
80.5356
77.8911
76.805
76.5411
73.5014
74.2845
74.3104
72.0811
72.6986
73.6659
73.9916
71.0453
71.4446
71.9954
72.1703
70.6628
71.4342
71.9538
71.339
71.3357
70.3674
67.7248
68.3493
68.8488
71.5901
71.6528
70.3531
68.6519
69.2995
70.2401
70.2433
67.4765
67.9417
65.0694
65.26
65.86
64.5841
65.0248
66.2052
64.8195
63.7207
63.3722
65.3184
63.3654
61.2242
62.4732
65.01
62.2163
64.3047
62.9564
62.6535
62.4327
61.6593
62.737
62.2154
63.7597
61.9473
61.5877
61.2675
61.903
66.2331
62.9049
63.0679
62.305
63.8233
61.7743
62.0836
61.4054
61.7126
62.9494
60.1881
60.9193
58.8584
59.0724
58.3909
59.1699
59.3126
58.6413
60.3255
61.7773
59.0485
59.8069
60.7409
63.6348
58.3494
58.0878
58.4795
56.8687
56.9373
59.2205
58.7995
58.1188
58.1163
57.5731
58.5932
58.8335
54.6163
57.8845
57.1467
57.4629
57.9194
55.1159
57.043
56.4071
56.828
56.377
56.4325
55.7798
56.1688
56.0102
58.3522
57.754
57.1584
58.8893
59.2148
59.2474
57.0161
56.4062
56.7768
55.976
59.1484
57.8589
57.058
58.3536
56.7643
57.2832
59.8494
59.6047
58.5892
55.958
55.6189
56.4146
56.0499
56.9916
56.1916
56.8067
55.8308
55.8214
56.378
56.039
57.483
57.5021
56.863
55.9918
55.9417
55.2669
55.8433
57.6019
57.2471
57.5539
57.7745
57.7571
55.3166
57.6518
58.2591
57.5508
56.1978
57.4372
56.8028
55.1185
54.8504
55.5444
55.6266
56.9668
55.6054
56.76
56.9714
59.1462
56.5164
55.5989
58.2543
58.7064
58.0195
58.0986
58.6091
56.539
57.1141
59.6002
60.3003
57.0759
57.5199
58.8788
56.5912
54.3913
54.9397
56.5466
58.2287
57.9422
57.164
56.825
56.946
57.9047
57.0428
57.8795
57.335
55.8184
56.3642
55.0978
57.3786
58.3167
58.4348
58.8093
56.9133
59.6349
60.4751
59.8704
58.879
57.9458
59.4226
58.8691
57.0535
58.559
57.6774
55.4192
57.904
57.2056
59.8523
55.5827
55.1595
56.8943
59.3542
57.3921
58.1196
58.4266
61.4598
59.863
58.1732
58.0298
56.1166
56.4818
55.8783
55.9846
55.4328
54.2181
55.9228
55.0782
57.2446
56.9122
57.3473
55.6244
54.199
55.2541
55.3852
57.2962
58.6525
58.5133
59.1583
60.39
57.562
56.9237
58.7207
58.3037
56.1219
56.5415
55.486
55.9881
56.5345
55.1995
56.8909
57.8029
59.0891
60.4058
57.1495
56.3592
56.6452
57.3952
55.9209
57.6014
56.7324
59.4715
58.0043
57.9886
58.5879
57.1241
57.3913
55.5916
57.4379
55.9251
57.185
58.0503
56.7958
59.2571
57.0225
55.9384
57.7966
56.8145
57.1622
56.9316
55.6767
56.5028
58.2824
56.5999
55.9026
57.1069
57.3166
55.1119
56.445
57.8754
58.6598
56.6509
57.019
56.5348
57.414
59.8813
58.8083
58.2723
57.9026
55.8321
59.5459
56.7122
57.818
56.1997
56.7019
57.0774
56.8241
56.4181
58.0122
58.874
59.491
58.2768
59.4973
58.0796
58.1055
57.3049
58.41
55.9761
55.2599
56.5989
58.5305
58.6743
58.2608
57.696
57.567
57.661
54.7576
56.0186
56.2221
59.1572
56.3949
58.3469
59.4179
57.0268
57.3568
55.6752
55.1156
55.7312
55.2586
55.853
57.5795
57.0669
56.2161
55.0542
55.8977
55.8176
53.191
53.7463
54.0263
56.4825
54.6576
54.3735
52.3129
52.1965
54.1872
55.4353
55.6162
53.2052
54.4667
53.115
53.9668
54.1924
54.1074
55.0452
53.6802
52.5963
54.4995
51.3875
52.9203
52.5129
53.1855
53.7198
54.4877
52.8428
53.18
52.1697
51.7913
53.1565
56.6105
54.4392
55.601
56.0503
55.2297
53.0108
55.3351
56.3265
52.9648
54.9772
54.7571
54.6518
54.3433
54.0239
55.3042
54.75
54.3648
54.8003
54.8547
56.1702
55.2836
54.0288
54.3139
54.2907
55.5236
57.5804
56.5423
58.3442
58.1484
56.8376
59.1051
56.9821
56.01
56.1185
53.7985
52.7652
54.407
54.8177
53.4742
54.5046
54.6185
55.9907
56.4372
58.4353
56.7734
53.6564
54.22
54.0494
53.5968
52.0487
51.8125
51.1844
52.2599
53.1492
52.9359
55.1505
55.1614
53.2427
53.2404
53.1756
53.7408
52.9895
53.2666
53.1707
57.4841
56.7751
55.2567
55.948
56.9804
54.6502
53.4484
53.2544
54.0033
53.5124
56.4572
56.7398
53.8426
53.9462
53.2846
53.9811
52.0714
51.1979
50.6688
53.291
52.7204
53.1951
56.307
56.2069
53.2207
52.5182
53.5878
55.0926
53.1507
54.3609
53.2644
53.2355
53.5465
53.1462
52.5585
54.4344
53.6719
55.9531
55.1882
54.8175
53.9006
53.6363
53.7785
56.0684
54.2095
56.0341
54.0871
54.983
56.464
57.967
56.9421
55.4643
53.3359
54.5559
53.3069
54.3342
53.6304
54.1591
56.5154
55.6864
53.3927
53.7897
53.3647
53.0331
54.2709
53.5852
54.8769
51.8367
53.7896
53.6476
53.6392
54.4564
53.2057
53.7825
54.1678
52.353
53.3627
53.4263
52.731
52.6714
52.2155
52.6908
53.1336
53.1808
52.8192
53.0546
54.7241
54.765
54.1348
54.3892
53.3979
53.9326
56.1477
54.2213
53.7192
57.1132
56.0531
56.2244
54.3635
53.3999
52.7651
54.0679
55.4709
54.4811
53.8495
54.33
54.4581
53.9359
54.4745
54.6685
56.2161
55.2255
54.0374
54.2307
54.4204
52.4962
53.3139
53.8472
56.3904
53.2826
54.4641
53.4618
53.4578
53.7597
54.2145
52.2743
53.9432
52.0865
52.569
54.2665
53.3702
55.6233
53.7779
56.5426
54.1109
56.509
56.312
53.8801
53.7471
55.0315
53.8578
53.7015
54.6115
56.0551
53.0756
54.3036
53.8246
53.3916
53.9264
55.946
55.6466
54.9554
52.1136
53.3462
54.8154
53.5394
55.0142
54.9623
55.972
55.897
54.3919
55.2711
55.8124
54.5612
56.8001
54.1779
53.6848
52.7599
53.015
56.6257
53.5681
53.8207
52.4234
51.4293
52.8737
54.3978
53.4927
55.2701
55.0831
55.1875
54.0081
53.8058
54.8888
53.8911
53.0149
53.4096
54.8668
54.0843
55.0311
55.785
54.1317
54.2081
51.3582
52.9555
54.5956
55.7819
54.5379
53.014
53.0377
54.6451
53.5012
54.0553
57.7129
54.8382
53.5265
51.8086
53.1419
53.6552
53.4758
53.582
56.5059
55.9332
58.9323
56.6314
54.9962
54.5748
53.474
54.0219
54.2487
52.0344
54.5059
55.5061
51.665
51.3169
51.3101
53.8278
53.4043
55.0992
55.2016
56.2954
55.9533
55.2753
55.1049
51.6945
53.7346
53.8082
52.7887
53.5589
53.6565
55.4099
55.4046
55.2708
53.8944
55.5102
54.8545
57.3397
55.1576
57.3199
56.0452
55.4127
53.5279
53.465
53.8842
53.9425
53.481
55.0025
53.5073
54.7507
52.2854
54.3955
53.4778
54.2773
55.4374
56.0934
58.3189
59.2454
58.4879
56.089
54.0144
55.576
53.8565
54.1402
53.7731
51.1189
53.1485
53.1778
53.7445
52.6453
52.1389
53.9262
54.1264
55.009
54.371
53.6446
55.4424
53.985
56.7512
57.3617
54.6322
53.2757
53.3697
54.1797
54.0298
54.8464
55.7258
54.3497
53.2983
56.8143
54.4865
53.0344
54.5477
55.77
57.3205
54.4256
54.9874
52.819
53.5671
53.324
56.6656
54.1491
52.2924
54.2264
52.9422
53.1032
55.3206
54.0822
52.4291
52.2497
52.8268
51.068
53.9471
54.8865
52.5132
52.8403
52.7295
54.4188
56.5924
57.0795
53.9489
55.1386
56.9114
55.9738
54.3223
55.9715
54.2261
53.7612
56.5306
53.8682
56.3074
57.1432
57.3279
54.2649
53.8254
52.2142
50.7766
53.1189
54.1517
53.1208
51.9087
52.8759
52.51
53.6547
55.4995
54.0982
55.5259
54.6966
54.4335
56.6005
55.6586
54.3815
52.9236
53.0447
52.9964
53.0125
51.1468
53.863
53.9764
55.0446
53.4585
53.5248
54.1725
55.0647
53.9844
53.2712
55.1644
53.2312
54.5262
53.9152
52.504
53.1821
54.9992
57.0914
54.8089
54.9107
54.8693
53.0102
54.7522
54.6092
56.6159
56.2295
58.5345
54.2167
54.0868
54.5918
54.5849
55.7151
51.7894
53.4185
54.3569
52.9186
54.456
56.5743
54.8376
55.0229
53.4242
54.9249
54.2669
52.5388
50.7225
53.6507
54.4674
52.8191
53.2664
53.0712
54.1387
53.9373
54.8061
56.1421
57.0065
57.6234
58.0378
53.6472
55.7732
54.432
53.4238
55.0164
55.4242
56.0804
58.2442
54.9851
56.2499
54.7269
52.1142
54.3596
57.0724
53.2104
53.8823
54.5149
54.2702
52.95
52.6918
52.1337
57.1181
55.9133
55.8824
56.5511
54.6336
55.731
52.3596
53.0395
52.4002
51.5612
53.2283
54.7486
54.9893
55.6792
57.397
55.2022
53.79
54.9459
54.1517
54.6697
53.4048
52.6537
55.7655
55.1443
53.8058
54.8284
53.5309
53.9685
52.9445
54.0607
55.3245
56.1576
53.6716
52.915
53.9829
53.9218
54.2829
53.5288
54.1826
54.8952
54.5822
55.2029
54.767
54.6649
54.8029
53.59
55.7007
53.1301
54.2134
54.5346
56.0614
52.9359
54.427
54.7705
56.1314
55.2728
57.1969
58.0607
55.714
57.244
53.9141
52.3475
51.6192
52.827
53.3415
55.3844
54.0876
51.6673
52.6463
