162.842
155.657
146.154
135.654
127.957
123.721
122.876
122.614
118.257
113.264
108.72
104.683
102.847
101.251
100.714
98.2958
95.5948
95.3078
95.0715
94.6352
93.2504
93.6497
92.5576
93.2452
91.2254
90.9158
89.8827
89.8249
88.6832
87.5366
87.8517
87.2454
85.7174
87.6549
87.6454
85.8463
85.0828
85.8028
85.2306
85.2048
85.543
86.324
85.2434
83.9396
84.3895
83.8876
83.0551
83.3637
83.2532
81.9378
82.8844
82.2142
83.7101
84.5752
85.1218
83.8619
82.5099
81.3164
80.2628
80.1942
79.2337
78.7447
79.6545
79.2178
78.2419
77.4888
77.544
78.7959
79.1564
77.7455
78.0873
77.4039
77.856
77.2094
77.6676
75.4175
76.8639
75.6785
75.4216
74.5912
74.2806
73.0659
73.5959
72.3354
71.3999
71.0607
71.1704
70.8952
70.4156
71.2414
70.2632
70.7295
69.9226
71.3767
70.1954
70.2907
71.0729
70.1135
70.2019
71.638
69.1721
68.7632
68.3993
68.6696
67.9761
68.8557
67.9809
66.3739
66.154
66.8674
67.5947
68.4688
69.3148
68.8977
65.6763
64.8143
64.8618
64.6898
64.1421
64.7944
66.0516
65.1492
63.8384
63.83
64.0366
62.4219
63.8614
64.0865
63.3905
63.7671
65.657
64.0276
63.1185
62.3982
63.3183
62.8753
63.1591
62.9514
63.4108
61.4282
62.0588
62.0189
61.4031
62.1119
62.4317
62.9206
63.1137
63.29
62.5345
62.0919
61.7197
62.711
61.399
60.9687
60.6788
61.3658
60.7371
60.9319
61.2331
61.3269
59.9381
60.6457
62.3605
61.884
59.662
60.2331
61.3077
60.9933
61.339
60.4114
60.3122
60.8652
61.2169
61.4587
60.8142
60.8808
61.0379
60.095
60.5795
59.2568
60.8823
61.5319
62.5752
60.6886
60.5901
60.4035
58.8855
58.7607
58.7105
58.9685
60.1429
61.157
60.6675
60.1775
60.1543
60.3668
60.9594
61.0645
62.5002
62.2767
61.9997
59.4677
60.9303
60.6174
61.9981
62.2062
62.0465
59.9433
58.8284
58.9193
57.5686
57.3085
56.8307
56.2375
56.772
56.0575
56.4376
57.0832
57.5166
57.2001
56.2471
55.9511
55.9405
56.5824
57.2718
56.5474
56.2065
57.4332
56.9389
55.994
58.7285
57.7122
56.7655
55.8119
56.5029
55.5866
56.4278
56.2532
55.9583
56.4502
56.1047
54.5374
55.2186
55.6208
57.2803
58.0233
56.9007
57.2813
56.7663
55.8606
54.9271
55.1406
55.6955
56.399
57.667
56.6382
57.4039
54.3783
56.0429
56.0663
56.882
56.1327
55.8684
56.9987
54.8337
55.0272
56.489
55.5317
53.3049
53.322
54.5645
53.9276
54.2579
53.9659
52.2557
53.3138
54.5164
54.6242
53.1928
52.6259
53.3958
53.6149
52.0543
52.1232
52.7079
52.1112
51.8043
52.0177
53.7889
53.3544
53.2637
53.4998
52.7512
54.182
53.8949
53.5752
53.1111
51.9177
53.1778
53.7101
52.2917
53.4593
53.2374
53.3517
55.2271
55.4465
53.8523
54.0191
54.4419
53.2241
52.7929
52.5242
52.9442
52.5867
54.059
54.6632
53.0291
53.0578
53.9058
53.577
53.4788
53.3657
53.3149
52.8887
52.5309
51.9837
53.979
52.7183
53.1817
53.2169
53.9537
53.8936
52.9395
52.6016
52.7062
54.0241
53.7823
52.5797
52.581
52.3466
53.1965
54.4624
52.9639
52.6187
53.6551
53.1492
53.2582
53.0976
54.4271
53.8046
52.4494
52.2153
54.4279
53.497
54.0372
54.3935
53.9048
54.5581
53.6204
52.3619
53.5937
53.0164
54.4207
54.1868
55.1897
53.3598
52.3205
52.3808
53.7317
52.949
53.8893
52.5982
55.0305
54.3426
53.2773
54.2059
54.3044
53.9606
53.737
53.835
53.7587
53.6242
52.2692
52.9646
52.737
52.8782
55.239
54.4116
54.839
53.5015
53.9692
52.9894
53.5448
53.8311
53.212
52.9097
53.0916
53.5602
52.8322
52.6166
52.8944
52.9307
53.7639
53.4488
53.033
52.7786
53.8808
52.7361
52.5565
52.9355
52.9088
53.1388
53.4508
52.3449
53.9805
53.3485
52.6909
52.6985
53.6921
54.1437
55.321
55.237
55.2147
54.9116
54.886
53.4203
53.4254
52.186
53.5212
54.7371
55.5335
54.8791
54.9379
54.6603
52.8896
53.3183
53.8792
55.5606
54.0392
53.6348
55.308
54.5018
56.0698
53.4459
53.9481
54.105
53.9944
51.701
53.1944
54.2838
54.5148
53.7389
53.2661
53.2734
52.9783
53.6952
53.2524
53.3936
53.4122
52.4081
53.6087
52.4527
54.3631
54.0691
54.3935
53.7448
52.9918
54.632
53.4754
53.2113
54.5966
54.9498
54.274
55.6197
53.4689
54.1773
53.2283
53.4947
53.6718
55.2667
54.7789
55.5623
55.4549
53.4821
53.8968
53.0438
52.6204
52.3625
53.7158
52.216
53.3637
53.8115
53.1154
53.2383
55.3007
54.534
54.2545
52.7082
53.13
53.4282
51.9004
51.8957
53.6473
53.2686
53.0102
52.7186
54.2163
53.2409
52.61
52.0015
52.0916
52.6837
53.2485
53.6901
54.7536
55.2744
53.7766
52.9918
53.0831
53.2626
52.34
54.2246
52.8925
53.3401
53.5803
53.0225
52.9485
54.1638
52.8492
52.9303
52.8458
53.1082
53.989
52.1018
52.497
54.4611
52.4268
53.1968
53.3464
52.4156
52.0134
53.3202
54.1685
53.805
54.7859
54.2546
53.9745
52.9146
53.6052
53.993
54.8367
55.6121
53.2351
53.4203
52.1862
53.0683
52.18
52.1947
52.7898
53.14
53.794
53.7749
53.4822
53.7767
52.7278
53.0592
53.8255
54.7069
53.9719
54.2803
52.4459
52.1702
54.2048
55.0309
54.6313
55.6571
54.8574
55.0028
55.943
53.8598
53.7617
53.7116
54.2257
52.6314
52.4199
52.8623
53.4981
52.6152
51.5199
53.9044
53.0196
54.8383
53.2744
52.2679
52.3163
52.9807
52.3237
55.064
56.2723
54.2328
54.0318
52.9484
53.3853
54.8422
52.6462
51.8343
52.2444
52.9047
52.6756
53.5572
53.5129
53.5422
54.1933
53.8063
52.5898
52.8992
52.2713
52.7316
52.7614
53.7799
52.5529
52.8282
54.9717
53.8267
54.2965
52.7251
52.7524
52.927
52.7132
53.1816
51.8842
52.3356
52.9439
53.1392
52.8302
53.7886
53.0164
53.7455
53.943
54.5553
54.2116
54.0813
54.542
53.438
52.8173
52.5177
52.2012
53.0681
54.0626
55.1892
53.6699
54.4532
53.288
53.6126
53.6422
53.9215
54.8168
54.3134
54.7714
54.2397
54.1963
53.2774
53.5125
53.3667
54.0737
53.8235
53.5831
53.9054
52.9925
53.8524
52.3893
53.9988
54.0891
52.629
53.0794
53.5097
52.9036
52.3894
52.5258
51.9078
52.4354
52.5233
51.9494
53.6666
53.0086
54.6723
54.169
53.0898
51.9886
52.5845
54.0889
54.7899
53.9835
53.414
52.5943
52.9627
54.6687
54.2361
53.6228
52.7045
54.1633
55.8304
54.437
52.8345
52.0848
52.7155
52.2701
53.0976
51.612
52.6148
53.2568
51.682
52.4071
52.7843
52.9321
52.5321
52.8357
52.8271
52.9638
55.1731
55.2339
54.1208
54.5083
53.7457
52.6474
52.0409
53.0382
52.7062
53.6197
53.4683
52.7478
52.2601
52.878
52.6747
53.6389
53.1198
53.2602
52.3973
53.7329
53.2723
52.9204
52.7343
53.0465
53.4306
53.2621
53.1374
53.3264
55.3745
54.313
55.0632
54.6345
54.4163
53.5559
52.9245
51.4515
52.1694
53.5291
54.6864
54.2053
54.3893
54.2994
53.4455
52.3818
53.0776
53.7079
52.7599
53.8155
54.0944
53.5485
52.3808
53.1792
52.7162
53.2446
53.4176
53.3969
52.2613
53.7215
53.8612
53.1192
54.3436
52.7587
52.7827
52.5017
51.9258
53.6519
53.6391
52.8323
52.6212
52.558
52.3334
51.666
52.9142
53.7627
53.8025
53.0868
52.937
52.7354
54.0721
54.0636
55.57
55.2897
54.0919
54.0611
53.6866
53.5592
53.9411
54.3914
54.4407
54.0715
53.0707
52.849
52.7905
51.8505
52.2358
52.6595
52.8022
53.5023
54.1844
53.7043
53.7254
52.2851
54.0241
54.2281
53.8403
53.082
53.9309
54.4022
54.5747
55.2386
55.4044
54.4533
53.592
52.98
53.1874
53.3111
53.0689
53.6362
53.6182
52.5962
54.0077
54.1677
54.9267
55.1955
54.2289
53.9212
53.5158
52.756
54.8495
53.9409
54.9847
54.4477
53.6687
53.4594
53.439
53.8779
54.0799
53.1036
53.1086
54.367
52.8835
52.3964
52.3662
54.6296
55.7502
54.8559
53.924
54.6892
54.1964
54.1893
54.4222
53.7933
53.5823
52.9751
52.6274
54.7933
52.169
53.489
53.105
55.3298
54.579
55.5232
53.7681
53.6072
53.3365
54.5801
52.648
54.3175
53.192
52.3589
53.3192
53.2611
54.2988
52.2559
52.1814
53.3321
53.6507
55.3031
54.1867
52.8428
54.5355
53.475
53.7555
53.1221
53.5385
53.8438
54.1514
54.2496
54.4981
54.1373
53.9485
54.0705
54.2609
53.6739
54.1472
52.3288
52.4522
53.9423
55.5418
54.1803
55.0698
52.8798
53.0971
52.8925
53.5493
53.1877
52.5394
52.6888
54.614
53.9958
53.4635
51.6709
52.3665
52.8632
55.0201
53.9445
53.3704
55.2766
53.8505
53.2477
53.8857
53.1722
52.7855
54.5605
54.7842
53.3413
52.9993
52.8869
54.8365
53.4869
52.481
54.9357
52.7177
53.22
52.7523
55.2973
53.549
53.2099
53.0233
53.1715
52.6008
51.9699
53.9307
54.249
53.417
53.3031
54.3844
54.4174
55.297
53.8207
52.4636
53.1441
53.1602
52.0855
51.4821
52.6185
53.4645
54.2107
55.693
54.1644
52.9678
53.3498
52.581
54.3021
55.8018
53.8195
53.58
53.9869
55.6194
54.9824
53.5406
51.7596
52.183
52.6604
53.3198
54.3013
53.0691
52.8995
52.9493
53.7353
53.5554
