1,	-5.462242389,	0
2,	-5.46203382,	0.0002085688912
3,	-5.461594674,	0.0004553562268
4,	-5.461440186,	0.0003571293373
5,	-5.461258138,	0.000331158969
6,	-5.461252168,	0.0002704560675
7,	-5.461041469,	0.000310872249
8,	-5.461014957,	0.0002705254251
9,	-5.460930236,	0.0002531770215
10,	-5.460979023,	0.0002316443204
11,	-5.461043569,	0.000219246416
12,	-5.461010294,	0.0002028908878
13,	-5.460939636,	0.0001995601924
14,	-5.460920404,	0.0001857550829
15,	-5.460894927,	0.0001747952161
16,	-5.460963599,	0.000177341863
17,	-5.460939374,	0.0001683359303
18,	-5.460965909,	0.0001609114889
19,	-5.460987085,	0.0001536731194
20,	-5.461024113,	0.0001504158747
21,	-5.461016199,	0.0001432927409
22,	-5.461029652,	0.0001372849811
23,	-5.461017394,	0.000131751744
24,	-5.461005558,	0.000126696791
25,	-5.461038522,	0.0001259147568
26,	-5.461062807,	0.0001233884123
27,	-5.461053659,	0.0001190824751
28,	-5.461029892,	0.0001171860985
29,	-5.461064414,	0.0001182255688
30,	-5.461088568,	0.0001167426899
31,	-5.461115791,	0.0001161493707
32,	-5.461111291,	0.0001125511307
33,	-5.461104554,	0.0001092950492
34,	-5.461122286,	0.0001075042433
35,	-5.461146079,	0.0001070648265
36,	-5.461125946,	0.000105978147
37,	-5.461145395,	0.000104892901
38,	-5.461166925,	0.0001043406338
39,	-5.461164424,	0.0001016607806
40,	-5.461152138,	9.984555408e-05
41,	-5.461144276,	9.769664304e-05
42,	-5.461144047,	9.534243757e-05
43,	-5.461143154,	9.310305115e-05
44,	-5.461150749,	9.127901134e-05
45,	-5.461158978,	8.960620083e-05
46,	-5.461167622,	8.806186729e-05
47,	-5.461144849,	8.912658697e-05
48,	-5.461157855,	8.821415106e-05
49,	-5.461169146,	8.71297998e-05
50,	-5.461183885,	8.663249054e-05
51,	-5.46117091,	8.590251058e-05
52,	-5.461151256,	8.649663874e-05
53,	-5.461130023,	8.746537133e-05
54,	-5.461113989,	8.731518402e-05
55,	-5.461099117,	8.699369543e-05
56,	-5.461096855,	8.54560485e-05
57,	-5.461082493,	8.516318028e-05
58,	-5.461092164,	8.423893787e-05
59,	-5.461091873,	8.279936103e-05
60,	-5.461093159,	8.141784363e-05
61,	-5.461104086,	8.081408816e-05
62,	-5.46108852,	8.100961115e-05
63,	-5.461091745,	7.977860715e-05
64,	-5.461087655,	7.862863565e-05
65,	-5.461073013,	7.878207671e-05
66,	-5.461060564,	7.857168843e-05
67,	-5.461038111,	8.05813088e-05
68,	-5.461025422,	8.039514936e-05
69,	-5.46103992,	8.053705197e-05
70,	-5.461047007,	7.969394177e-05
71,	-5.46104703,	7.856347699e-05
72,	-5.461039477,	7.783205713e-05
73,	-5.461051712,	7.772747956e-05
74,	-5.461061462,	7.72873556e-05
75,	-5.461066108,	7.639132845e-05
76,	-5.461059143,	7.570055991e-05
77,	-5.461066024,	7.502717566e-05
78,	-5.461084376,	7.629890777e-05
79,	-5.461085809,	7.534053942e-05
80,	-5.461078719,	7.472992459e-05
81,	-5.461079902,	7.38110431e-05
82,	-5.461066228,	7.417659997e-05
83,	-5.461064689,	7.329361192e-05
84,	-5.461066583,	7.244057692e-05
85,	-5.461065982,	7.158578013e-05
86,	-5.461057791,	7.122110916e-05
87,	-5.461048894,	7.095769674e-05
88,	-5.461034526,	7.160306261e-05
89,	-5.461030993,	7.088207842e-05
90,	-5.46103258,	7.010804988e-05
91,	-5.461041961,	6.996502587e-05
92,	-5.461050434,	6.971712655e-05
93,	-5.461048113,	6.900243853e-05
94,	-5.461044887,	6.834059958e-05
95,	-5.461030211,	6.919167446e-05
96,	-5.46103026,	6.846715152e-05
97,	-5.461028539,	6.777948739e-05
98,	-5.4610345,	6.734863738e-05
99,	-5.461042021,	6.708782106e-05
100,	-5.461039638,	6.645631162e-05
