x,	 p,	 error
-4.9875,	0,	0
-4.9625,	0,	0
-4.9375,	0,	0
-4.9125,	0,	0
-4.8875,	0,	0
-4.8625,	0,	0
-4.8375,	0,	0
-4.8125,	0,	0
-4.7875,	0,	0
-4.7625,	0,	0
-4.7375,	0,	0
-4.7125,	0,	0
-4.6875,	0,	0
-4.6625,	0,	0
-4.6375,	0,	0
-4.6125,	0,	0
-4.5875,	0,	0
-4.5625,	0,	0
-4.5375,	0,	0
-4.5125,	0,	0
-4.4875,	0,	0
-4.4625,	0,	0
-4.4375,	0,	0
-4.4125,	0,	0
-4.3875,	0,	0
-4.3625,	0,	0
-4.3375,	0,	0
-4.3125,	0,	0
-4.2875,	0,	0
-4.2625,	0,	0
-4.2375,	0,	0
-4.2125,	0,	0
-4.1875,	0,	0
-4.1625,	0,	0
-4.1375,	0,	0
-4.1125,	0,	0
-4.0875,	0,	0
-4.0625,	0,	0
-4.0375,	0,	0
-4.0125,	0,	0
-3.9875,	0,	0
-3.9625,	0,	0
-3.9375,	0,	0
-3.9125,	0,	0
-3.8875,	0,	0
-3.8625,	0,	0
-3.8375,	0,	0
-3.8125,	0,	0
-3.7875,	0,	0
-3.7625,	0,	0
-3.7375,	0,	0
-3.7125,	0,	0
-3.6875,	0,	0
-3.6625,	0,	0
-3.6375,	0,	0
-3.6125,	0,	0
-3.5875,	0,	0
-3.5625,	0,	0
-3.5375,	0,	0
-3.5125,	0,	0
-3.4875,	0,	0
-3.4625,	0,	0
-3.4375,	0,	0
-3.4125,	0,	0
-3.3875,	0,	0
-3.3625,	0,	0
-3.3375,	0,	0
-3.3125,	0,	0
-3.2875,	0,	0
-3.2625,	0,	0
-3.2375,	0,	0
-3.2125,	0,	0
-3.1875,	4e-06,	4e-06
-3.1625,	0,	0
-3.1375,	0,	0
-3.1125,	0,	0
-3.0875,	0,	0
-3.0625,	0,	0
-3.0375,	0,	0
-3.0125,	0,	0
-2.9875,	0,	0
-2.9625,	0,	0
-2.9375,	4e-06,	4e-06
-2.9125,	4e-06,	4e-06
-2.8875,	8e-06,	5.62821e-06
-2.8625,	4e-06,	4e-06
-2.8375,	4e-06,	4e-06
-2.8125,	1.2e-05,	6.85786e-06
-2.7875,	1.6e-05,	7.87786e-06
-2.7625,	1.2e-05,	6.85786e-06
-2.7375,	8e-06,	5.62821e-06
-2.7125,	1.2e-05,	6.85786e-06
-2.6875,	2e-05,	8.76172e-06
-2.6625,	1.6e-05,	7.87786e-06
-2.6375,	4e-05,	1.20605e-05
-2.6125,	8.4e-05,	1.73333e-05
-2.5875,	8e-05,	1.88562e-05
-2.5625,	8.4e-05,	1.91074e-05
-2.5375,	7.6e-05,	1.57711e-05
-2.5125,	0.000196,	2.92644e-05
-2.4875,	0.000184,	2.50543e-05
-2.4625,	0.000184,	2.80951e-05
-2.4375,	0.00024,	3.26599e-05
-2.4125,	0.000308,	3.89166e-05
-2.3875,	0.000424,	4.01291e-05
-2.3625,	0.000456,	4.25529e-05
-2.3375,	0.000632,	5.18522e-05
-2.3125,	0.000828,	5.54883e-05
-2.2875,	0.001116,	6.33847e-05
-2.2625,	0.001392,	8.22865e-05
-2.2375,	0.001724,	8.17377e-05
-2.2125,	0.00192,	8.19953e-05
-2.1875,	0.002284,	0.000108662
-2.1625,	0.002624,	0.000116559
-2.1375,	0.003152,	0.000121177
-2.1125,	0.003892,	0.000122183
-2.0875,	0.004716,	0.00013264
-2.0625,	0.005412,	0.000160349
-2.0375,	0.006648,	0.000173266
-2.0125,	0.007312,	0.000170663
-1.9875,	0.008864,	0.000196101
-1.9625,	0.010404,	0.000231743
-1.9375,	0.012012,	0.000201044
-1.9125,	0.013392,	0.000256628
-1.8875,	0.015892,	0.000267142
-1.8625,	0.019572,	0.00029598
-1.8375,	0.021488,	0.000360071
-1.8125,	0.024416,	0.000350373
-1.7875,	0.028224,	0.000367545
-1.7625,	0.032232,	0.000416243
-1.7375,	0.035692,	0.000399266
-1.7125,	0.040688,	0.000394675
-1.6875,	0.045468,	0.000460726
-1.6625,	0.051376,	0.00048102
-1.6375,	0.05832,	0.000573883
-1.6125,	0.064456,	0.000564571
-1.5875,	0.073212,	0.000636111
-1.5625,	0.080164,	0.00063325
-1.5375,	0.088932,	0.00074736
-1.5125,	0.097944,	0.000679798
-1.4875,	0.1075,	0.000820886
-1.4625,	0.11714,	0.000741789
-1.4375,	0.126968,	0.000808744
-1.4125,	0.138008,	0.00088888
-1.3875,	0.151884,	0.000935414
-1.3625,	0.163528,	0.000929714
-1.3375,	0.174672,	0.00101841
-1.3125,	0.188036,	0.00100653
-1.2875,	0.201564,	0.000948655
-1.2625,	0.216272,	0.00112753
-1.2375,	0.229452,	0.00115045
-1.2125,	0.244904,	0.00117166
-1.1875,	0.257716,	0.00124386
-1.1625,	0.271616,	0.00119515
-1.1375,	0.28314,	0.00134466
-1.1125,	0.29892,	0.00129077
-1.0875,	0.31026,	0.0014721
-1.0625,	0.323924,	0.00139049
-1.0375,	0.335856,	0.00143522
-1.0125,	0.3462,	0.00140553
-0.9875,	0.359276,	0.00140631
-0.9625,	0.370372,	0.00141953
-0.9375,	0.37634,	0.00160616
-0.9125,	0.38388,	0.00163985
-0.8875,	0.395008,	0.00139115
-0.8625,	0.402472,	0.00158657
-0.8375,	0.405016,	0.00165521
-0.8125,	0.410156,	0.00155912
-0.7875,	0.41478,	0.00155793
-0.7625,	0.414548,	0.00152315
-0.7375,	0.4162,	0.00153183
-0.7125,	0.4185,	0.00154031
-0.6875,	0.415592,	0.00131959
-0.6625,	0.414272,	0.00150366
-0.6375,	0.410828,	0.00133919
-0.6125,	0.410328,	0.001422
-0.5875,	0.406104,	0.00150788
-0.5625,	0.402256,	0.00150267
-0.5375,	0.3984,	0.00158588
-0.5125,	0.390528,	0.00135257
-0.4875,	0.386044,	0.00125358
-0.4625,	0.379584,	0.00125517
-0.4375,	0.372432,	0.00125854
-0.4125,	0.366472,	0.00127316
-0.3875,	0.359976,	0.00143512
-0.3625,	0.352128,	0.00110466
-0.3375,	0.34622,	0.00112202
-0.3125,	0.339844,	0.00118123
-0.2875,	0.334544,	0.00112694
-0.2625,	0.328416,	0.00125586
-0.2375,	0.322544,	0.00106349
-0.2125,	0.317592,	0.001201
-0.1875,	0.31406,	0.0010299
-0.1625,	0.308564,	0.00108167
-0.1375,	0.305932,	0.00119857
-0.1125,	0.302928,	0.00128445
-0.0875,	0.29944,	0.00119964
-0.0625,	0.298892,	0.00101397
-0.0375,	0.296892,	0.000983169
-0.0125,	0.295268,	0.00111727
0.0125,	0.295544,	0.00102609
0.0375,	0.296868,	0.00113563
0.0625,	0.298756,	0.00106088
0.0875,	0.30028,	0.00119771
0.1125,	0.302564,	0.00117027
0.1375,	0.304772,	0.00102784
0.1625,	0.310088,	0.00116171
0.1875,	0.31346,	0.00131071
0.2125,	0.316596,	0.00118017
0.2375,	0.32224,	0.00102965
0.2625,	0.330564,	0.00126809
0.2875,	0.335564,	0.00131513
0.3125,	0.341792,	0.00129061
0.3375,	0.348756,	0.00116211
0.3625,	0.352404,	0.00131522
0.3875,	0.359396,	0.0013729
0.4125,	0.3688,	0.00143927
0.4375,	0.37386,	0.00122522
0.4625,	0.380292,	0.00133252
0.4875,	0.384936,	0.00123169
0.5125,	0.390208,	0.00128781
0.5375,	0.397892,	0.00134805
0.5625,	0.402128,	0.00143533
0.5875,	0.404504,	0.00157796
0.6125,	0.409608,	0.00153615
0.6375,	0.412644,	0.00136513
0.6625,	0.417536,	0.00160589
0.6875,	0.41566,	0.00150685
0.7125,	0.418144,	0.001574
0.7375,	0.418792,	0.00170092
0.7625,	0.412328,	0.00144123
0.7875,	0.413424,	0.00158833
0.8125,	0.407512,	0.0014918
0.8375,	0.404792,	0.00159084
0.8625,	0.3987,	0.00150113
0.8875,	0.39422,	0.00144619
0.9125,	0.384904,	0.00143543
0.9375,	0.376404,	0.00155424
0.9625,	0.367616,	0.00157711
0.9875,	0.355792,	0.00151444
1.0125,	0.35034,	0.0013736
1.0375,	0.335756,	0.00145932
1.0625,	0.32566,	0.00165795
1.0875,	0.311268,	0.00144816
1.1125,	0.299128,	0.00132576
1.1375,	0.282356,	0.00130716
1.1625,	0.27162,	0.0012318
1.1875,	0.257728,	0.00121826
1.2125,	0.244668,	0.00112104
1.2375,	0.228544,	0.00120773
1.2625,	0.2162,	0.00117351
1.2875,	0.202188,	0.00104955
1.3125,	0.189332,	0.00106633
1.3375,	0.17394,	0.00102583
1.3625,	0.16446,	0.00091556
1.3875,	0.15072,	0.00095475
1.4125,	0.13928,	0.000850031
1.4375,	0.127856,	0.000836279
1.4625,	0.1162,	0.000861035
1.4875,	0.107076,	0.000776247
1.5125,	0.097664,	0.000699985
1.5375,	0.08836,	0.000658778
1.5625,	0.07974,	0.00065464
1.5875,	0.072772,	0.000672826
1.6125,	0.064436,	0.000578709
1.6375,	0.057812,	0.000528324
1.6625,	0.051956,	0.000563851
1.6875,	0.045836,	0.000452373
1.7125,	0.04112,	0.000491413
1.7375,	0.03596,	0.00044132
1.7625,	0.03158,	0.000383809
1.7875,	0.028404,	0.000378386
1.8125,	0.02396,	0.000316777
1.8375,	0.021596,	0.000294296
1.8625,	0.0182,	0.000279422
1.8875,	0.01584,	0.000245657
1.9125,	0.014228,	0.000251589
1.9375,	0.011876,	0.000228315
1.9625,	0.010312,	0.00021071
1.9875,	0.0088,	0.000180683
2.0125,	0.007252,	0.000161373
2.0375,	0.00634,	0.000176921
2.0625,	0.005424,	0.000152057
2.0875,	0.00458,	0.000136256
2.1125,	0.0037,	0.000127049
2.1375,	0.003232,	0.000110343
2.1625,	0.002672,	0.000107704
2.1875,	0.002288,	0.000100114
2.2125,	0.001872,	7.93672e-05
2.2375,	0.001744,	7.92939e-05
2.2625,	0.00126,	7.13223e-05
2.2875,	0.000992,	6.26628e-05
2.3125,	0.000928,	6.42923e-05
2.3375,	0.000652,	5.13746e-05
2.3625,	0.000596,	4.70529e-05
2.3875,	0.000448,	5.12565e-05
2.4125,	0.000332,	3.64284e-05
2.4375,	0.0003,	3.42893e-05
2.4625,	0.000252,	3.14781e-05
2.4875,	0.000216,	2.97708e-05
2.5125,	0.000192,	2.6956e-05
2.5375,	0.000104,	2.17386e-05
2.5625,	9.2e-05,	1.95753e-05
2.5875,	7.6e-05,	1.77024e-05
2.6125,	6e-05,	1.54397e-05
2.6375,	6.8e-05,	1.5101e-05
2.6625,	2e-05,	8.76172e-06
2.6875,	4e-05,	1.33333e-05
2.7125,	2e-05,	8.76172e-06
2.7375,	1.6e-05,	7.87786e-06
2.7625,	0,	0
2.7875,	1.6e-05,	7.87786e-06
2.8125,	8e-06,	5.62821e-06
2.8375,	4e-06,	4e-06
2.8625,	0,	0
2.8875,	0,	0
2.9125,	4e-06,	4e-06
2.9375,	8e-06,	5.62821e-06
2.9625,	4e-06,	4e-06
2.9875,	4e-06,	4e-06
3.0125,	0,	0
3.0375,	0,	0
3.0625,	0,	0
3.0875,	4e-06,	4e-06
3.1125,	0,	0
3.1375,	0,	0
3.1625,	0,	0
3.1875,	0,	0
3.2125,	0,	0
3.2375,	0,	0
3.2625,	0,	0
3.2875,	0,	0
3.3125,	0,	0
3.3375,	0,	0
3.3625,	0,	0
3.3875,	0,	0
3.4125,	0,	0
3.4375,	0,	0
3.4625,	0,	0
3.4875,	0,	0
3.5125,	0,	0
3.5375,	0,	0
3.5625,	0,	0
3.5875,	0,	0
3.6125,	0,	0
3.6375,	0,	0
3.6625,	0,	0
3.6875,	0,	0
3.7125,	0,	0
3.7375,	0,	0
3.7625,	0,	0
3.7875,	0,	0
3.8125,	0,	0
3.8375,	0,	0
3.8625,	0,	0
3.8875,	0,	0
3.9125,	0,	0
3.9375,	0,	0
3.9625,	0,	0
3.9875,	0,	0
4.0125,	0,	0
4.0375,	0,	0
4.0625,	0,	0
4.0875,	0,	0
4.1125,	0,	0
4.1375,	0,	0
4.1625,	0,	0
4.1875,	0,	0
4.2125,	0,	0
4.2375,	0,	0
4.2625,	0,	0
4.2875,	0,	0
4.3125,	0,	0
4.3375,	0,	0
4.3625,	0,	0
4.3875,	0,	0
4.4125,	0,	0
4.4375,	0,	0
4.4625,	0,	0
4.4875,	0,	0
4.5125,	0,	0
4.5375,	0,	0
4.5625,	0,	0
4.5875,	0,	0
4.6125,	0,	0
4.6375,	0,	0
4.6625,	0,	0
4.6875,	0,	0
4.7125,	0,	0
4.7375,	0,	0
4.7625,	0,	0
4.7875,	0,	0
4.8125,	0,	0
4.8375,	0,	0
4.8625,	0,	0
4.8875,	0,	0
4.9125,	0,	0
4.9375,	0,	0
4.9625,	0,	0
4.9875,	0,	0
