1,	0.048988,	0
2,	0.0510363,	0.00204829
3,	0.0491495,	0.00222682
4,	0.0494893,	0.00161085
5,	0.0502041,	0.001438
6,	0.0501839,	0.0011743
7,	0.0506803,	0.00110968
8,	0.0504905,	0.000979575
9,	0.0507202,	0.000893927
10,	0.0508579,	0.000811315
11,	0.0505566,	0.000793285
12,	0.0505725,	0.000724341
13,	0.0508748,	0.00073168
14,	0.0508705,	0.000677418
15,	0.0507983,	0.000634767
16,	0.0507566,	0.000595234
17,	0.0507396,	0.000559383
18,	0.0504421,	0.000605526
19,	0.050432,	0.00057286
20,	0.0504134,	0.00054378
21,	0.0503485,	0.000521294
22,	0.0502234,	0.000512535
23,	0.0501773,	0.000491904
24,	0.0501985,	0.000471438
25,	0.0501382,	0.000456197
26,	0.050139,	0.000438301
27,	0.0500868,	0.000424977
28,	0.0501122,	0.000410306
29,	0.0500031,	0.000410648
30,	0.0499773,	0.000397563
31,	0.0499704,	0.000384587
32,	0.049987,	0.000372745
33,	0.0499282,	0.000366038
34,	0.0498452,	0.000364668
35,	0.0498243,	0.000354712
36,	0.0497654,	0.00034972
37,	0.0497598,	0.000340181
38,	0.0496674,	0.000343782
39,	0.049732,	0.000341029
40,	0.049744,	0.000332611
41,	0.0497524,	0.000324506
42,	0.0497841,	0.000318267
43,	0.0497078,	0.000320009
44,	0.0497001,	0.000312746
45,	0.0496708,	0.000307123
46,	0.0496578,	0.000300651
47,	0.0495759,	0.000305364
48,	0.0495738,	0.000298942
49,	0.0495374,	0.000295033
50,	0.0495167,	0.00028981
51,	0.0494743,	0.000287225
52,	0.0494136,	0.000288109
53,	0.0493965,	0.000283139
54,	0.0494009,	0.000277881
55,	0.0493635,	0.000275328
56,	0.0494283,	0.000278026
57,	0.0494306,	0.000273114
58,	0.0493814,	0.000272847
59,	0.0493225,	0.000274576
60,	0.049319,	0.000269983
61,	0.0492991,	0.000266268
62,	0.0492923,	0.000262027
63,	0.0492341,	0.000264308
64,	0.0492532,	0.00026084
65,	0.0492842,	0.00025867
66,	0.0492748,	0.000254898
67,	0.0492524,	0.000252057
68,	0.0492548,	0.000248334
69,	0.0492756,	0.00024559
70,	0.0493307,	0.000248262
71,	0.0493623,	0.000246767
72,	0.0493693,	0.000243418
73,	0.0493926,	0.000241186
74,	0.0494166,	0.000239112
75,	0.0494159,	0.000235903
76,	0.0494144,	0.000232783
77,	0.0494295,	0.000230235
78,	0.049489,	0.000234938
79,	0.0495167,	0.000233592
80,	0.0495306,	0.000231072
81,	0.0495284,	0.000228212
82,	0.0495453,	0.000226043
83,	0.0495691,	0.000224577
84,	0.0495901,	0.00022287
85,	0.0495855,	0.000220279
86,	0.0495869,	0.000217707
87,	0.049595,	0.000215341
88,	0.0495954,	0.00021288
89,	0.0496426,	0.000215712
90,	0.0496353,	0.000213427
91,	0.0495771,	0.000218938
92,	0.0495541,	0.000217766
93,	0.0495458,	0.000215573
94,	0.0495147,	0.000215518
95,	0.0494932,	0.000214322
96,	0.049462,	0.000214361
97,	0.049464,	0.000212149
98,	0.0494365,	0.000211771
99,	0.049429,	0.000209754
100,	0.0494478,	0.000208497
