1,	-5.470232279,	0
2,	-5.47002371,	0.0002085689082
3,	-5.469584564,	0.0004553562307
4,	-5.469430076,	0.0003571293389
5,	-5.469248028,	0.000331158973
6,	-5.469242058,	0.0002704560714
7,	-5.469031359,	0.00031087225
8,	-5.469004847,	0.000270525427
9,	-5.468920126,	0.0002531770215
10,	-5.468968913,	0.0002316443213
11,	-5.469033459,	0.0002192464152
12,	-5.469000184,	0.0002028908862
13,	-5.468929526,	0.0001995601917
14,	-5.468910294,	0.0001857550844
15,	-5.468884817,	0.0001747952176
16,	-5.468953489,	0.000177341863
17,	-5.468929264,	0.0001683359276
18,	-5.468955799,	0.000160911487
19,	-5.468976975,	0.0001536731182
20,	-5.469014003,	0.0001504158723
21,	-5.469006089,	0.0001432927384
22,	-5.469019542,	0.0001372849798
23,	-5.469007284,	0.000131751744
24,	-5.468995448,	0.000126696791
25,	-5.469028412,	0.0001259147568
26,	-5.469052697,	0.0001233884117
27,	-5.469043549,	0.0001190824751
28,	-5.469019782,	0.0001171860985
29,	-5.469054304,	0.0001182255688
30,	-5.469078458,	0.0001167426905
31,	-5.469105681,	0.0001161493712
32,	-5.469101181,	0.0001125511312
33,	-5.469094444,	0.0001092950502
34,	-5.469112176,	0.0001075042449
35,	-5.469135969,	0.0001070648275
36,	-5.469115836,	0.0001059781489
37,	-5.469135285,	0.0001048929028
38,	-5.469156815,	0.0001043406343
39,	-5.469154314,	0.000101660781
40,	-5.469142028,	9.984555453e-05
41,	-5.469134166,	9.76966444e-05
42,	-5.469133937,	9.53424403e-05
43,	-5.469133044,	9.310305251e-05
44,	-5.469140639,	9.127901134e-05
45,	-5.469148868,	8.960620083e-05
46,	-5.469157512,	8.806186864e-05
47,	-5.469134739,	8.912658697e-05
48,	-5.469147745,	8.82141502e-05
49,	-5.469159036,	8.712979895e-05
50,	-5.469173775,	8.663249054e-05
51,	-5.4691608,	8.590250976e-05
52,	-5.469141146,	8.649663834e-05
53,	-5.469119913,	8.746537133e-05
54,	-5.469103879,	8.731518287e-05
55,	-5.469089007,	8.699369316e-05
56,	-5.469086745,	8.545604737e-05
57,	-5.469072383,	8.516317916e-05
58,	-5.469082054,	8.423893787e-05
59,	-5.469081763,	8.27993614e-05
60,	-5.469083049,	8.141784437e-05
61,	-5.469093976,	8.081408999e-05
62,	-5.46907841,	8.100961331e-05
63,	-5.469081635,	7.977860823e-05
64,	-5.469077545,	7.862863745e-05
65,	-5.469062903,	7.878207953e-05
66,	-5.469050454,	7.857169191e-05
67,	-5.469028001,	8.058131247e-05
68,	-5.469015312,	8.039515265e-05
69,	-5.46902981,	8.053705521e-05
70,	-5.469036897,	7.9693945e-05
71,	-5.46903692,	7.856348022e-05
72,	-5.469029367,	7.783205971e-05
73,	-5.469041602,	7.77274821e-05
74,	-5.469051352,	7.728735812e-05
75,	-5.469055998,	7.639133096e-05
76,	-5.469049033,	7.570056178e-05
77,	-5.469055914,	7.502717722e-05
78,	-5.469074266,	7.629890898e-05
79,	-5.469075699,	7.534054184e-05
80,	-5.469068609,	7.472992609e-05
81,	-5.469069792,	7.381104461e-05
82,	-5.469056118,	7.417660115e-05
83,	-5.469054579,	7.32936134e-05
84,	-5.469056473,	7.244057958e-05
85,	-5.469055872,	7.158578308e-05
86,	-5.469047681,	7.122111239e-05
87,	-5.469038784,	7.095769906e-05
88,	-5.469024416,	7.160306489e-05
89,	-5.469020883,	7.088208041e-05
90,	-5.46902247,	7.010805159e-05
91,	-5.469031851,	6.996502756e-05
92,	-5.469040324,	6.971712851e-05
93,	-5.469038003,	6.900244049e-05
94,	-5.469034777,	6.83406007e-05
95,	-5.469020101,	6.919167556e-05
96,	-5.46902015,	6.846715207e-05
97,	-5.469018429,	6.777948794e-05
98,	-5.46902439,	6.734863793e-05
99,	-5.469031911,	6.708782187e-05
100,	-5.469029528,	6.645631216e-05
