162.495
154.377
147.015
140.359
134.328
130.668
127.057
125.168
121.471
118.914
117.818
115.752
114.951
111.322
109.301
109.521
106.327
103.844
102.539
103.694
102.506
100.442
97.147
95.3675
96.3094
95.5111
98.0946
95.9525
92.5736
92.2132
91.3255
91.2419
91.0961
91.2485
88.4195
88.0767
90.4807
88.5285
88.701
87.4313
88.7681
89.2068
88.5571
86.3932
88.3373
87.2615
87.1862
84.6559
83.3358
81.8176
81.91
78.7603
80.5013
80.4671
78.3205
77.5869
78.1564
78.973
80.9899
79.0897
76.4958
77.0284
76.9138
76.3619
76.3179
75.4929
75.732
75.748
75.1571
75.0173
74.8065
73.507
72.7554
75.378
72.9104
74.7061
72.6244
71.5149
72.2424
73.4674
72.5743
72.8011
72.0795
71.8198
70.7027
70.4556
69.0589
68.2704
65.9463
66.4269
65.8638
67.3549
66.1478
65.6845
68.0299
63.598
65.8877
65.6154
64.0034
66.3394
65.7353
67.152
65.6501
64.9316
65.5008
63.5614
64.5084
62.9265
62.9531
60.5015
62.0309
62.0635
61.8948
62.9407
60.6458
64.0332
62.2522
61.8061
64.8677
60.6212
61.6416
62.7266
60.3644
62.1541
63.3463
62.1555
61.0904
62.8366
63.8334
61.4084
62.2342
62.585
62.816
62.7061
63.8208
61.4178
61.1958
59.1265
57.7394
59.0063
59.064
58.2655
56.8495
59.8918
59.6476
59.825
58.1398
58.2505
59.5635
58.2361
57.9494
58.036
60.7616
57.776
59.9698
58.1542
59.3488
58.5126
57.2035
58.3677
57.6391
58.7182
59.8725
58.7195
59.2024
59.2704
57.9569
59.3835
57.1906
58.2272
58.6477
58.0904
58.3387
60.8987
59.3981
58.1434
55.9656
58.4011
58.5962
59.0227
57.7796
57.3315
57.1045
56.5836
55.5164
56.1525
56.572
58.8702
59.1961
59.326
57.5257
59.3703
59.5008
56.7734
56.8401
57.5213
57.4839
58.1311
58.8288
58.3104
54.8466
57.1432
57.2174
59.3878
58.3203
58.2926
57.249
58.6787
55.6058
56.6352
56.5896
55.8193
58.6285
59.5849
58.1427
56.0443
58.1022
57.0171
55.977
56.8942
59.53
57.9888
56.2942
56.1196
55.7593
54.1077
56.8167
57.3329
56.2251
56.5751
57.8484
57.0013
57.2462
56.0807
56.6218
56.4305
58.1554
58.05
55.8414
55.6124
57.1007
58.1481
57.7278
58.9443
56.8744
56.5731
55.5297
57.0948
56.8023
56.9677
59.1048
58.9009
59.4968
56.945
56.6348
57.8866
58.7911
59.0629
58.9241
59.6936
57.8379
58.884
58.3177
59.054
57.2808
55.8878
58.0685
57.5817
56.2077
57.1909
56.2453
57.3704
57.9022
57.0675
59.9756
57.976
57.6807
56.814
57.4655
57.5315
54.8348
55.8124
55.4631
56.9689
57.7977
56.54
56.7239
55.8541
56.0116
57.8444
56.0067
57.3015
57.5154
55.2201
56.6337
55.9531
57.4057
58.7638
57.585
57.1069
59.9267
56.6129
55.5473
57.4973
58.1605
55.6754
55.7131
54.695
54.3457
55.4797
56.1069
56.6371
57.455
58.0175
58.4468
56.1887
56.9496
56.096
55.2303
56.2604
57.253
58.201
59.4536
58.6338
58.3183
57.3705
57.8304
56.0644
56.4234
55.6005
57.6528
57.9109
55.8953
56.0481
53.9611
54.4493
55.6588
55.059
56.8103
57.6871
56.9967
58.1113
58.0965
59.1101
59.2065
57.5287
55.5322
54.7501
56.1963
56.894
54.2787
55.087
55.293
56.1727
56.2054
55.0933
56.6809
54.2942
55.789
56.5294
56.0866
55.2009
56.8589
56.608
59.4002
57.4438
56.6535
55.4137
55.8851
55.5119
55.9625
54.3024
54.7568
57.1556
58.3173
57.3088
57.5037
57.2371
57.966
56.8695
54.9103
55.6231
55.9944
58.0087
56.5578
57.1973
58.1026
56.1806
55.9912
54.1009
54.1362
53.6119
55.8451
55.4951
56.6629
56.6859
56.2676
56.1926
55.1134
54.0313
54.9751
54.9377
55.128
53.8657
53.6695
53.9035
56.2005
55.495
55.3974
53.8065
55.4211
57.9163
56.5633
56.9077
54.3536
57.0915
58.4973
57.8175
54.9525
55.8758
55.0213
55.9836
54.1407
54.864
56.8416
58.1008
57.8091
54.5018
53.4987
54.0287
56.7629
56.0252
54.4391
57.8351
53.8063
54.3697
54.1825
54.6641
56.0162
56.4133
54.8942
54.8573
54.3917
54.1051
55.0702
55.3251
57.0863
54.5974
55.6243
55.4599
56.0071
56.9432
56.104
55.3869
53.9544
55.6445
56.2855
56.0909
57.1912
54.5969
57.3368
56.5535
58.5716
58.3372
55.5729
56.1548
56.623
54.0036
55.3481
57.1702
55.9046
57.2734
57.4536
56.7947
55.5724
56.8068
54.503
57.197
56.8652
57.5691
58.9988
55.8024
56.0975
56.4269
55.5772
53.8743
53.8892
53.8785
56.6593
55.1884
53.9308
56.1505
55.9265
56.1551
56.4073
56.0272
55.7029
53.9279
55.1511
54.0848
55.505
55.7236
54.2343
54.008
56.0662
55.9376
56.9342
57.6401
55.9976
57.2755
56.2003
55.3043
55.6329
57.8544
56.2119
57.1427
56.4846
56.9173
56.2374
56.4258
55.5296
55.7378
55.9022
57.6307
58.7951
55.7705
56.8032
56.3585
54.7995
55.4065
55.1775
56.339
57.4231
53.8377
56.1021
56.045
56.9366
55.6524
56.207
55.4751
56.1699
56.4439
54.9143
55.671
53.7696
56.1113
56.7751
54.7507
54.3582
54.9819
54.5718
54.224
57.9001
58.0716
57.382
56.1593
54.4965
57.2363
57.5324
55.4006
56.4052
55.2878
54.2097
55.4431
55.8536
56.9571
55.5428
55.0819
56.4534
54.6523
53.5844
55.121
55.6793
56.3123
58.5673
57.7372
54.6856
54.8311
53.0918
55.7397
57.2355
54.9432
55.4793
54.7979
55.971
53.554
53.7027
56.0715
55.4636
55.2736
54.6353
53.733
54.2075
54.5497
54.6328
54.9548
53.7517
54.4793
54.4513
54.6202
55.6286
53.6568
53.7548
55.1992
54.3729
54.394
54.5954
53.4136
53.0693
56.0165
54.822
54.5899
57.1357
58.1264
57.7307
56.6321
54.3411
55.7734
52.8592
53.9965
54.4662
57.8968
54.9843
54.1761
55.8689
55.4629
56.5618
55.1874
57.5001
56.655
54.3913
55.8512
56.4235
53.4902
53.946
54.1676
55.0411
54.8002
55.5132
55.1058
54.5998
54.8291
56.0615
56.2535
56.7358
55.3791
54.6276
54.0914
54.4342
55.382
55.5539
53.6028
56.7708
54.4396
57.6008
56.2761
54.6959
56.2807
53.033
54.3221
53.8795
57.0777
54.8336
54.7183
54.9204
54.4159
55.1679
54.9878
55.7377
54.4853
56.572
56.7807
56.2837
55.182
56.3494
54.1215
55.8417
55.4384
56.1958
55.0449
55.4064
55.8313
56.5841
55.3305
55.2258
55.6119
56.5666
54.8535
53.7753
56.0208
59.1948
58.0464
55.5318
53.3203
52.212
53.9178
55.2192
56.0474
55.8476
55.7158
54.7621
54.3585
53.8683
53.205
53.3496
54.397
54.7484
56.0231
55.4548
54.0082
55.7451
57.3426
57.2131
56.4412
55.2746
54.5586
53.949
53.9045
54.1491
54.6347
53.3814
55.4225
56.1435
56.5706
54.5541
56.1379
55.4211
54.4747
54.5289
55.2894
55.2439
54.6879
56.5255
55.1727
54.4505
57.034
55.9041
55.5158
55.6155
55.6032
53.9621
55.0701
53.6506
55.4951
56.2057
53.3309
53.9973
55.1073
54.9138
54.0719
56.3559
54.9571
54.8059
55.9415
55.6591
53.9837
55.5014
55.1291
55.1391
55.7943
55.7698
56.6151
55.5995
56.1751
57.5639
56.3914
55.6675
56.885
55.851
56.7717
56.6941
52.8786
53.1366
53.6717
55.0851
55.756
54.1297
56.6511
57.6217
55.9276
56.4738
54.2339
54.698
53.8178
55.735
54.8732
54.4394
55.9538
58.434
59.2043
57.6713
54.3398
54.9681
55.2893
55.581
57.1803
54.2836
55.2593
55.6598
53.1093
54.8079
56.2043
54.3496
54.2475
53.7625
54.898
54.2638
56.2038
56.1362
55.2281
56.0623
55.3042
58.202
56.0965
54.0438
55.3943
54.5354
56.1905
56.0124
55.5716
55.3731
57.3918
54.664
54.8916
57.1034
58.0111
54.6443
54.7196
55.8539
57.4588
54.834
55.2836
53.7103
54.8556
53.2241
56.1302
55.2649
54.6043
54.991
55.5223
53.7685
54.4517
56.6011
57.4615
56.0815
54.6375
56.1579
55.2619
57.1617
55.5298
54.953
53.2938
53.5957
55.5001
56.6162
58.8685
55.8934
56.1833
56.1458
54.4455
55.7004
53.9882
55.1102
55.1832
56.2362
56.0745
55.5905
57.9149
55.5657
56.4395
57.0867
57.2424
56.4862
53.6345
56.4346
54.8597
53.4605
53.4228
55.9588
53.398
53.4645
55.3235
56.4852
55.8005
55.2829
54.4097
53.067
55.2942
53.8929
53.7105
53.9729
57.2742
54.2571
53.9385
52.4439
55.4508
54.9848
53.7544
53.7789
53.8505
55.788
55.8039
54.8137
54.4448
55.5821
56.2856
54.825
55.6068
55.1567
53.6342
53.5742
56.2073
57.756
54.3998
56.3389
55.3517
54.0106
56.2979
59.1448
57.5969
55.8631
55.9549
58.853
54.7481
55.0322
55.4401
54.4884
55.276
54.7413
56.1168
54.9802
54.938
56.464
55.7206
54.7056
56.001
53.1917
55.4476
55.5843
54.128
51.5159
53.6729
55.1524
55.3299
55.6151
55.4018
54.9266
53.4722
54.1621
54.1847
55.9211
56.1515
58.3788
56.4245
54.6299
55.6431
54.9647
53.4263
55.5839
54.9471
54.9255
54.4686
53.8837
56.2571
55.0337
54.8543
53.688
55.9146
56.5746
53.779
53.4208
54.5667
56.2522
57.469
56.1144
54.5365
57.4825
54.6605
55.0807
56.5462
55.7292
56.2541
55.1572
55.0149
57.0953
55.8707
54.7846
55.3408
54.2266
55.4451
54.8217
55.5393
56.3979
57.3441
55.5031
56.1099
56.3443
54.687
53.7294
56.8764
54.8691
53.5458
55.6303
53.4545
53.1665
53.4072
54.9546
55.8745
56.8205
56.4343
56.7366
57.1517
55.2616
55.7633
55.7646
57.9088
57.2836
56.632
56.2328
55.0476
54.775
54.7666
53.7691
54.3115
55.9159
53.8437
54.871
56.7384
57.0755
57.3779
53.7598
54.5
56.4288
56.6833
55.4689
56.2528
55.7762
54.8965
56.5217
56.0913
55.1388
55.6918
54.5581
55.1498
56.2981
55.0105
53.3914
53.4079
54.858
56.1808
56.9463
57.5145
57.9899
54.7193
56.4148
54.0475
54.6038
52.765
53.4695
53.3275
53.8046
55.4588
56.6218
55.4945
57.2451
57.4661
55.225
55.0846
56.2198
57.3586
57.3835
55.8308
54.1781
55.1892
54.9784
55.3454
54.6059
57.3071
57.2804
54.7701
54.7797
55.917
55.3626
56.8065
58.9991
54.2412
53.2474
53.8809
55.4916
55.4734
56.9012
55.0513
56.5084
55.7039
53.7062
53.5988
53.6476
53.7036
55.4823
59.1074
56.6741
55.1261
56.0905
56.1389
55.0218
53.8593
54.5242
56.9244
56.0243
56.3285
54.4053
54.305
53.5981
54.3863
54.5143
54.7644
54.7867
54.9924
55.0343
54.2946
55.082
54.0536
54.8309
56.6894
58.3396
54.9731
54.16
55.4836
55.435
53.8286
55.9597
55.8614
55.5348
55.3995
53.7966
56.1518
56.508
57.7426
56.8532
56.8336
56.4911
53.6941
53.674
55.0019
54.164
54.3498
54.0402
54.3504
55.3205
57.5454
55.0352
55.2565
56.6178
54.5546
55.4079
57.4017
55.8496
55.2192
55.1386
54.5977
55.8782
56.0634
56.9288
55.8356
54.6445
55.9032
55.2161
55.4697
54.9309
54.0133
53.1194
53.4801
54.5822
54.3026
57.8118
55.5282
53.8084
54.736
54.7443
54.4187
55.5732
53.0615
52.8497
53.0797
52.7246
52.9157
56.4882
57.4196
55.6557
56.5878
56.2789
55.688
55.7749
54.9761
54.3214
54.0684
54.192
55.2325
55.8516
54.8078
54.0042
54.6518
57.3884
56.8717
56.0022
56.2609
57.1051
55.0309
56.235
58.837
55.1671
56.5266
55.2912
53.6542
55.0092
54.4102
54.9498
56.5143
55.1658
54.0921
55.5954
53.174
53.1503
54.3813
54.8011
53.6475
54.3309
56.0495
56.1903
54.0125
53.7068
54.5383
54.4788
53.7469
53.8909
54.5177
55.3936
55.2603
55.4238
56.0204
56.182
54.7109
53.3872
56.9091
55.4332
55.2525
54.2245
54.6561
55.5213
55.3511
54.9641
56.4348
53.0651
54.4567
55.5093
52.4412
53.7004
56.2118
55.1372
55.7075
54.002
54.2544
56.8735
57.1691
54.8447
55.3395
56.3928
56.1241
55.7629
54.9182
57.1917
56.1404
56.158
56.9178
55.5527
55.2275
55.254
55.1205
56.0795
54.8205
55.744
55.5294
55.2111
57.109
55.8798
51.5047
52.8434
54.085
55.6554
55.641
57.8856
55.5428
55.9935
57.1811
56.3006
53.1969
55.3835
54.1406
55.7128
54.2693
55.7489
52.8001
53.5641
56.7011
58.4492
57.1428
55.7958
56.8041
55.2077
56.0434
56.1175
54.6411
55.4964
55.9186
55.7958
56.9141
56.6128
56.7998
54.6108
54.9143
55.9876
57.0328
55.5151
56.4784
55.3865
56.2494
54.3267
54.6483
54.3264
53.0095
55.7343
55.7451
54.5965
55.5399
55.3194
56.1795
55.0195
53.4829
53.5527
54.1332
55.3509
54.6887
55.4253
55.62
55.1437
55.4971
55.5871
56.0873
55.8734
56.6603
56.7525
54.8439
53.5771
54.822
54.0662
55.2324
56.3766
58.2778
54.9644
56.5792
55.6736
53.4792
54.2014
55.3314
55.0993
55.2095
55.5009
55.3921
55.2287
54.1107
54.9727
53.2967
52.3103
55.0569
56.2456
55.3683
53.1494
53.6228
53.6766
54.3001
55.4684
54.4857
55.5133
54.0509
53.2352
54.6388
55.0207
53.7451
53.209
54.6799
52.9448
54.5971
57.1904
57.107
55.3654
53.7173
54.8165
55.8121
56.3566
58.8899
58.0807
57.5747
53.0366
53.3371
55.7434
56.0828
55.2904
54.6398
55.5752
54.2939
54.1363
55.2694
55.3495
55.4629
56.1515
53.4485
56.6529
55.0264
55.7304
56.9559
56.5442
53.6444
55.0586
56.8149
56.1683
54.4945
53.5851
55.3986
57.0659
54.1628
54.5032
54.9645
54.9671
53.5736
55.2503
55.4999
55.4578
55.6373
56.5937
55.2732
54.8621
53.0366
54.9466
55.4174
55.5011
56.0189
55.0075
55.4347
54.9401
56.761
55.4726
54.9335
54.7981
58.0096
56.3557
58.3261
57.5647
56.1366
56.7812
55.0429
54.9098
53.7884
52.3395
53.6922
52.8451
54.2899
56.5805
56.4988
56.689
55.8091
57.0968
58.1231
56.1747
55.2951
54.3474
54.6741
53.831
55.7311
56.5761
56.8925
55.2739
55.6085
54.3749
54.4783
54.7275
55.322
55.8633
54.5716
54.9841
56.2157
55.154
54.5281
55.0836
53.3104
54.7604
56.5772
55.8879
54.5881
56.0632
54.7418
54.6353
55.0326
54.3752
53.7021
53.7266
53.3522
55.167
53.6102
54.7367
54.4885
53.1962
55.6066
55.8941
58.3537
57.095
54.929
55.9617
55.0096
55.032
55.3481
56.7231
55.5734
54.0155
54.2934
53.8817
55.1415
56.164
55.9929
53.2669
55.6302
55.3111
55.5275
55.0808
55.3894
55.7778
56.5512
56.8785
55.6543
55.184
57.1505
55.9706
56.0836
56.0622
55.5081
57.2629
60.887
57.3677
54.8963
54.9304
54.6676
55.1403
56.2375
56.4436
56.1915
54.1013
54.531
55.2995
55.9123
53.7609
55.397
55.9669
54.4472
55.9681
56.11
55.4809
53.935
55.3389
56.0423
54.443
53.2561
54.6885
54.7514
56.6476
54.9553
55.1135
55.2657
56.0089
55.3627
55.5757
55.9973
56.8516
54.5763
58.6784
55.8328
54.6518
54.9841
54.8243
54.2248
55.4409
55.1031
54.61
56.481
55.3505
54.2281
56.0762
55.4714
54.2213
53.9923
53.8972
55.7127
55.8103
55.2093
54.182
56.2036
56.4536
55.1733
54.1796
53.332
55.4057
56.3213
51.9461
54.3662
55.8387
56.7294
57.5099
55.2808
54.9101
53.988
55.7069
55.4306
55.1499
54.7506
55.6048
56.8152
56.2663
54.7607
53.8664
54.5196
54.6231
57.0661
54.5893
57.3408
54.4451
53.0384
53.5859
53.4932
55.9906
56.2923
53.6372
56.0303
53.5938
55.5656
55.2765
56.1643
55.2099
55.029
56.1909
56.0756
56.4459
55.2001
53.4332
53.333
53.0141
54.2997
53.3565
54.5029
54.4558
55.7611
56.6569
55.6137
56.0628
55.5429
56.1592
54.8873
55.0152
57.4301
57.9234
55.7119
54.7538
55.3008
55.8668
54.9844
54.7001
52.3765
54.0566
56.2742
55.1392
57.3293
55.8401
56.8043
57.0747
56.4011
58.8745
57.2624
58.2612
58.0747
55.2916
54.7685
56.2917
56.3364
56.0292
57.0891
55.8191
56.0548
54.6666
55.5612
55.0705
54.6444
57.6261
57.1167
54.458
56.198
54.4397
56.0722
55.9631
57.2598
54.0969
54.2892
54.3418
54.7952
56.4215
55.4167
55.3222
53.5315
53.732
54.398
54.9496
55.253
54.0359
54.7564
54.3242
55.3857
55.474
55.3105
54.0237
54.9834
55.6273
55.3808
53.8981
55.4241
55.1174
55.7097
55.8787
54.196
57.9695
55.5609
51.9801
55.0911
54.1709
58.3492
54.7606
55.3244
55.0809
54.835
56.8363
56.1692
55.7565
56.1877
56.1589
56.0198
55.4109
58.9533
56.006
55.4318
56.344
57.0194
55.7526
55.7526
54.4544
55.3639
53.9107
54.4385
54.7037
55.1772
56.292
55.1435
55.1881
55.1638
53.776
56.2541
54.3089
56.8426
54.1057
55.219
56.1962
56.8131
56.7274
55.7748
56.6621
56.0669
57.9257
53.1238
55.0831
55.745
56.0835
54.7602
53.4976
54.6069
55.9149
55.7219
54.4639
53.1309
55.4116
56.0256
55.7574
55.8801
54.6232
54.7332
56.2199
54.6763
55.9402
53.6357
55.0581
53.1455
55.1631
55.2275
55.1794
55.0312
54.7132
56.0561
55.9996
54.5028
55.7523
54.7414
55.1012
55.2933
55.6068
53.1349
55.3517
56.7578
58.0153
56.227
54.212
54.7654
54.0842
56.186
55.8416
52.9541
56.8518
56.7544
56.0593
54.6515
54.8406
56.4126
59.0311
56.4558
55.8035
56.1621
54.9959
54.0977
55.3471
55.9534
57.144
58.5519
54.5923
57.4586
53.5401
53.779
54.3933
53.1358
56.1482
53.945
53.9727
55.7171
56.6381
56.057
55.9097
53.805
55.8475
55.5589
55.2512
55.9195
54.178
55.1322
55.6705
55.546
55.1654
55.0131
54.358
53.7794
54.9934
57.9896
58.3216
56.2378
55.7295
56.0194
56.1545
57.0588
56.4831
55.6944
53.7864
55.0415
54.9329
55.8672
56.3397
52.7505
53.5594
54.3143
55.0363
52.5919
55.6349
56.2349
54.8172
55.3441
54.7773
53.3525
55.6313
55.0252
54.3601
53.3907
53.979
53.0634
53.3416
53.7997
54.2099
54.8572
54.2259
53.2014
55.8423
53.6223
54.2377
56.0155
58.526
55.8787
56.9859
55.576
55.7979
56.3809
57.4754
56.175
56.1642
55.72
53.7503
54.9316
53.9517
54.887
54.2432
54.4001
55.2144
53.8661
53.9627
54.5104
55.3751
54.1694
56.5089
55.385
56.6746
54.0613
55.5525
55.5093
57.4439
53.6615
56.554
55.6097
54.3996
54.3422
53.1241
54.374
54.4061
56.12
55.2308
58.3313
57.3681
55.7861
54.851
55.2465
56.5469
54.9831
54.2896
53.4632
52.5649
54.4688
56.9507
55.1044
56.9708
59.521
55.159
54.5549
54.9472
53.7143
54.3702
56.089
54.3675
55.3391
55.8164
54.0534
53.2683
53.4801
55.4819
55.1753
57.1659
56.6759
54.8638
53.8266
54.2599
54.0523
54.2696
55.2293
57.197
55.5774
57.3867
55.8185
54.8362
56.2391
57.3148
56.0442
56.3182
55.4878
53.6215
55.9688
57.1035
56.4703
54.3802
53.8597
54.5134
54.8535
55.1279
55.0674
55.4256
55.6947
57.4311
58.1561
54.9125
56.5305
54.7274
55.994
57.794
57.3079
58.9916
55.9027
56.174
55.4392
55.4021
55.3302
56.3291
56.6437
55.3489
55.0521
56.1418
54.3986
53.7314
54.1752
53.723
53.3653
53.5274
52.8675
53.0964
52.6671
53.3939
52.9854
55.5358
54.6586
55.3684
55.5558
55.5803
54.1777
52.8358
53.6338
55.009
53.1609
53.821
55.2948
56.7364
55.3049
53.738
54.2683
55.8468
56.3174
55.8043
54.7625
54.5548
53.2166
53.2904
56.4722
55.2442
54.151
55.4592
53.2661
54.3635
54.6391
55.6043
55.6677
56.7024
57.0928
56.046
54.6997
53.6192
53.9223
53.5804
56.4316
54.8674
55.068
54.6015
52.7856
52.1004
55.2308
57.5663
56.1051
54.0783
54.8777
55.1187
53.8658
55.0587
57.1847
55.9348
56.188
57.5901
55.1048
55.479
54.5989
53.8688
55.128
55.9403
58.6333
56.0483
55.9238
54.4165
54.6406
54.1761
53.6957
54.7886
54.9932
54.475
55.437
55.6644
54.2891
54.5418
55.8685
55.329
55.8196
57.0104
56.74
55.8093
53.9276
55.9018
54.2278
55.1692
53.8779
55.8617
54.4337
55.0679
56.1907
55.4108
55.1377
54.778
53.847
53.0344
53.7222
55.6312
56.5554
58.3451
57.0783
56.7511
53.7175
53.9839
54.7463
53.3671
53.848
55.8769
55.1939
54.7521
53.7324
53.0175
54.4977
55.1614
55.0712
54.434
54.3684
54.8938
55.7451
55.786
56.0489
57.5822
56.7984
56.8484
56.0869
52.8217
54.5646
53.507
54.0916
54.206
54.6236
55.584
54.6706
55.3729
54.6689
54.1401
52.962
55.5085
54.3312
54.0068
53.9649
54.1121
56.064
54.2986
52.9527
54.7188
53.3905
53.2228
52.3259
54.2659
55.5859
53.8312
54.8384
53.6883
54.3094
53.7059
58.643
56.6759
58.2012
54.0742
54.3265
53.9048
54.9335
54.8122
52.3603
53.6693
54.4113
52.7287
53.7878
54.8215
54.2588
53.1205
54.4192
55.9795
56.5888
56.8089
55.9275
56.3282
53.9354
55.0924
54.2704
55.1901
55.4334
54.5013
54.8257
53.2239
54.8739
54.3117
54.543
53.9443
55.2013
56.0186
54.2337
54.863
55.1165
52.4138
55.9615
55.4185
52.9155
53.8664
56.1447
56.3944
54.0779
55.638
58.8739
56.7217
53.6835
54.2702
54.5788
55.6685
55.3527
53.699
54.4864
56.5169
54.1758
52.7409
55.6723
55.3093
56.5091
55.037
54.8037
54.0328
53.0981
53.2622
55.2665
53.3599
53.246
55.2477
55.6592
53.0054
54.6199
53.564
54.6369
54.6971
55.2109
55.2163
54.5849
56.1644
56.9247
55.4246
56.4358
53.7081
52.5065
55.7871
56.8349
53.8609
53.5472
54.6049
54.5862
54.2696
54.8429
54.8137
54.9134
56.2129
54.644
54.1764
56.1131
55.4398
55.8072
56.7032
55.788
55.7776
56.1989
56.54
56.1796
55.3208
53.7704
55.1835
57.0529
57.1443
54.5851
55.41
53.9969
53.204
53.5094
52.1362
53.5575
53.4722
55.4117
54.0932
52.9976
54.0306
53.7201
53.2653
58.042
55.6517
56.9791
57.4082
56.2071
55.6981
53.9802
53.4027
53.6149
53.7552
54.5461
55.5172
55.4293
54.6277
54.6297
54.4207
55.0663
53.9054
53.4056
53.0423
54.0501
54.2188
55.2847
54.6912
53.8914
57.7118
53.8029
54.1009
57.0516
55.5106
52.8244
56.3759
55.1325
54.5127
54.5437
55.6454
57.3402
54.8776
54.0339
53.9817
54.1043
52.6947
54.4469
53.7306
55.7707
55.5391
55.3937
55.8555
52.6391
53.4303
55.0204
56.2299
55.4321
55.8489
54.7434
54.1265
55.8618
54.9744
53.3349
54.8226
55.6775
53.1485
54.0013
54.2859
55.3564
56.8594
54.5984
55.092
56.6601
56.6463
56.5092
55.12
52.8652
53.0187
54.6386
54.5145
54.2917
53.8982
53.322
54.0281
55.1235
54.6978
53.8737
56.9196
53.4102
54.3302
55.5746
53.721
54.0559
56.3683
54.0767
54.3518
53.4132
53.4654
55.4231
55.8495
56.1534
56.481
54.5985
54.6906
54.4046
54.6698
55.3774
55.867
55.2328
55.9409
54.8049
54.4586
54.8917
53.0738
52.1065
52.0139
54.4937
53.5803
53.6158
55.0596
55.5744
56.3264
55.6332
56.3969
55.7762
53.9547
52.5184
54.8717
54.3
52.034
54.2751
54.9347
55.7285
54.746
55.0642
53.8229
54.3824
54.3992
54.8756
52.3157
54.3306
52.3069
53.2662
53.8221
52.2247
52.8173
53.7683
53.9915
52.6063
53.6358
55.2435
54.4718
54.5537
56.7202
57.4169
57.7351
56.7927
55.9623
57.5378
54.3047
53.1757
54.7366
56.6144
54.6097
56.5224
55.9195
56.4984
54.9668
52.8349
53.6316
53.3234
53.3153
54.0003
53.9458
54.4376
56.4954
56.687
57.0224
55.3174
54.5542
54.2464
54.1833
54.3148
53.516
55.1595
54.5625
55.8063
55.9283
55.8975
54.557
55.4794
55.2234
54.4364
53.4556
54.1822
53.2571
54.1008
54.8413
54.2439
53.1039
55.5762
52.8309
53.9848
54.6738
53.7556
54.4283
53.7685
53.7153
54.5267
55.0942
52.7961
52.0586
55.192
55.1961
54.118
55.6107
55.3518
55.9395
53.123
52.0411
56.6511
56.447
56.3319
54.4799
56.2449
56.7069
53.2901
53.7789
55.0612
55.0972
53.1449
54.5193
55.422
56.8279
55.1339
53.7639
55.7128
56.4814
52.572
52.8502
56.3831
53.8363
55.7532
56.1285
55.1357
53.5619
55.9836
53.9393
55.762
56.4472
55.799
54.3379
54.8328
52.7332
55.4217
56.538
55.7048
54.5865
55.2357
54.4758
53.7753
56.4105
55.7252
54.2585
53.3727
54.6016
55.7959
55.4699
54.0608
54.8274
53.4908
53.2503
54.0134
54.2135
53.5351
55.0098
55.6628
54.0443
56.184
56.0589
58.1395
55.9986
54.0533
54.4702
54.3367
54.1223
56.6538
56.1483
54.1288
56.3912
58.4126
58.1751
53.9346
53.84
54.2031
53.8089
55.525
57.8383
55.9994
55.8628
55.2892
54.1416
55.6135
55.7189
54.4617
54.8471
55.1856
54.6307
55.0389
53.1488
54.2019
53.626
55.3547
54.5549
53.4421
55.8747
55.9239
54.4557
54.3064
54.5009
53.6117
55.4484
56.8721
54.8006
55.9533
53.3829
55.6299
57.0575
57.3073
57.1844
55.7626
56.0035
57.5901
57.0653
55.2946
54.4396
54.8752
53.7546
54.9103
53.4811
54.3724
55.4057
55.9711
55.7919
55.0918
55.4774
55.1213
54.8949
53.9151
54.7364
54.4943
54.5606
54.3334
53.4926
56.6462
55.7252
53.3349
55.1892
56.7712
55.0536
53.8904
54.713
55.0745
56.6375
57.0002
54.8033
56.1456
55.2283
54.2599
53.9653
52.8649
54.8164
56.8854
54.8702
55.5905
56.7193
56.5508
55.2731
54.8091
55.2818
55.0636
52.7962
53.017
54.0267
55.5598
54.1312
54.4534
54.79
55.3903
54.847
55.6898
53.2478
52.7451
53.2897
52.7306
54.0819
55.3033
54.8868
54.3119
55.9837
56.6335
55.6442
56.6086
54.227
54.2473
54.9595
55.8153
55.9841
54.557
56.0631
54.7719
54.8121
55.2622
54.7538
54.359
55.7834
56.2016
54.9332
54.8358
55.1031
53.4554
54.9928
55.1085
55.3067
56.1575
55.3886
55.1943
53.9235
54.9895
53.2853
53.4558
54.951
55.5286
55.683
53.3622
53.4411
54.8587
53.745
57.734
58.7952
56.6101
55.221
56.2543
55.7923
55.5529
57.6253
55.8011
54.9296
54.3814
55.4956
57.2026
55.9208
54.0973
54.7308
54.9313
57.4486
57.5482
55.786
56.6778
56.1971
57.3066
56.7402
54.1674
57.4517
55.7058
55.5629
55.6509
53.5079
53.6524
52.183
53.4943
54.544
54.2535
56.3338
56.1495
55.4725
56.857
55.7739
54.8075
54.2154
54.6145
56.7994
54.452
56.0112
56.1041
54.4937
54.4433
54.3636
55.1631
55.9656
56.3972
55.8399
55.461
54.7027
55.1013
54.0753
53.6869
56.1592
54.5561
51.9573
53.816
53.7702
53.8099
54.3473
53.3347
55.6366
58.2185
55.2926
54.6752
55.49
55.6396
55.86
53.9938
53.3243
54.9107
53.121
53.181
52.0814
54.3904
53.0864
53.9772
55.9213
55.1025
52.9917
56.2388
56.3993
57.524
54.9401
56.3471
56.923
54.5626
56.067
55.2906
55.7097
55.1605
54.5326
55.2314
54.4927
54.4328
54.1583
56.6684
55.0469
54.538
54.9761
52.8692
53.0479
55.2777
58.1728
56.8896
53.817
54.2968
57.8167
55.3727
57.5183
55.4197
53.9098
56.0402
54.9157
52.6794
53.2673
54.4561
55.8994
56.1688
56.043
57.003
55.544
55.3061
56.8877
54.6691
54.713
53.1598
53.5517
55.2425
56.6574
57.4805
54.54
53.8391
52.8488
53.6157
54.6473
54.4951
56.015
55.2977
54.4722
55.2034
53.7282
52.6918
54.5629
55.6965
55.2705
56.6787
53.9313
54.6465
54.5513
52.3356
54.0534
53.8183
55.1723
53.7136
53.531
52.2058
52.9109
54.8515
54.7578
53.4091
54.6434
52.9345
52.9376
53.7986
54.3767
54.279
55.3074
53.5042
52.9289
53.0744
55.664
55.1111
54.9167
54.7374
57.6733
55.5241
55.2859
53.3252
55.5989
54.7107
53.7873
55.0365
56.0573
55.2728
54.6498
54.7503
53.8253
53.7983
55.5824
55.0852
55.033
52.9027
53.7313
53.6048
53.9057
53.4531
54.1852
55.5508
55.0802
52.8661
53.9486
53.5806
54.9075
55.7468
53.7579
55.9285
54.9416
53.7294
53.8274
55.8342
54.1432
54.7774
53.1969
54.423
54.5509
54.7911
54.3059
54.1977
56.1858
55.5989
53.0642
53.8591
56.6289
56.7275
55.2118
58.3987
58.2871
56.5201
55.0222
56.4356
53.8915
54.4955
55.4094
57.6695
57.6291
55.9392
54.3566
55.2443
54.8981
54.0124
53.3223
53.1487
53.9833
54.7117
53.6565
53.5345
54.4832
55.68
56.8723
54.9985
53.9384
54.7415
58.3682
56.3069
57.7403
54.1029
54.2211
54.5953
55.5385
55.3961
53.1377
52.7132
54.0571
53.6899
55.2308
54.5889
52.7301
54.0248
53.495
53.5894
53.3589
55.6606
54.0226
54.5266
56.3968
53.5916
55.1699
54.2548
53.7545
53.4454
55.1484
54.5106
57.7011
55.9705
54.6797
54.912
55.1997
54.4709
52.8314
55.3003
56.6671
53.9829
53.7494
55.6696
55.3222
54.2782
54.7517
55.8039
56.4352
56.0257
53.7384
54.4328
56.0264
54.486
53.8091
53.4805
53.6737
54.5986
54.1012
53.1471
53.9336
54.0655
54.7235
52.8132
54.22
54.9159
55.6026
54.5845
55.1741
55.067
55.9423
55.7407
56.3902
55.6803
53.7315
54.4145
53.2546
55.5139
53.4774
52.7964
53.795
53.7507
53.2132
54.3335
56.1367
56.3889
57.0804
57.2916
58.0884
56.1236
55.8637
53.8778
53.9809
53.8319
54.4166
54.88
56.1449
54.7512
55.0014
54.062
53.7639
54.4154
54.2946
54.7906
54.2738
53.4696
55.3329
54.4953
53.2254
55.3557
54.7346
54.8066
53.6135
52.689
55.6913
55.1778
54.4552
53.1271
52.2303
53.9995
55.0568
54.7495
53.2426
51.933
53.417
53.5651
53.0737
52.8412
56.5323
56.3217
54.8693
57.1461
56.0469
56.1119
54.9084
55.7685
55.0445
55.7647
53.832
51.2
53.1917
54.2076
55.3406
56.1389
54.9286
55.2745
54.8166
55.5699
54.0838
55.5888
56.1692
55.4619
54.3509
54.6442
54.1237
54.6259
55.2266
55.1289
55.3543
55.5393
57.1939
55.6012
55.5584
53.0938
54.1549
55.0992
52.9396
53.2043
54.5259
52.3482
54.877
54.6387
55.3465
56.1009
54.2491
53.9329
54.7375
54.5233
55.0985
55.4745
54.7299
55.8232
56.3055
56.4202
56.3592
57.1308
55.1365
54.3606
53.5477
55.1215
56.5422
56.8264
56.8487
55.8016
55.8054
55.8555
56.5441
57.441
56.3496
56.7815
55.1848
53.0814
55.679
53.4985
52.7892
54.8788
54.2431
55.2315
55.8864
56.3888
56.2665
53.6009
53.1221
53.5318
55.418
55.0606
55.4482
54.1676
54.9921
53.8964
53.6728
53.8632
52.6173
54.9933
55.2565
56.8903
53.8424
55.4514
55.138
55.5414
54.1354
54.4741
53.6669
53.1053
55.9407
54.0786
53.6124
54.6451
53.7301
52.328
52.6505
52.8989
54.9784
54.0336
54.4333
55.3969
55.4244
53.5398
52.2217
55.6907
54.4957
54.3523
54.7905
56.8734
54.342
55.1007
54.2205
52.8967
54.2902
53.9349
53.4227
55.1957
55.928
56.4427
56.239
54.7042
53.2627
53.2973
54.048
54.7981
54.5326
55.2321
55.0498
55.728
56.6831
53.9968
54.9767
56.794
56.9793
54.7656
54.7669
55.5091
54.362
57.1982
57.0128
53.1856
52.4969
53.1894
55.427
55.0689
55.6227
57.0972
56.2661
55.3316
56.9518
57.4946
56.2659
54.0954
53.4914
54.033
54.6058
53.4978
54.3622
54.1478
55.3067
57.2331
55.1698
54.7889
55.7657
57.07
56.5389
55.2806
54.5324
52.7059
52.7896
54.0168
54.7971
55.5461
54.086
52.4406
52.8433
54.4256
55.6084
53.3343
55.7373
55.7512
55.0396
57.16
55.0215
53.3382
52.1374
52.7569
54.5311
53.6257
52.9882
52.8089
53.1761
56.2341
54.8845
56.4888
53.9116
53.0156
53.8581
53.7689
54.3133
54.0182
56.1092
58.5412
55.6742
54.601
52.6599
54.489
54.1272
54.7437
53.1579
53.1504
52.7767
53.6935
52.6308
53.1624
54.0496
57.8982
54.9508
54.7216
56.896
54.814
54.1119
54.4597
54.801
54.7109
54.0761
54.8602
54.6738
54.2167
54.3712
53.8868
56.1184
54.9081
55.4697
54.0229
54.577
55.7046
55.2064
54.8174
53.3087
52.5554
52.9701
54.2677
54.4677
56.3511
55.448
54.4465
53.7496
53.9918
52.8571
55.1583
53.9294
55.3321
54.6792
55.0123
55.3631
52.5753
53.4805
53.2509
55.0536
54.899
57.5538
52.8218
54.2796
55.2685
58.5925
55.987
55.0267
56.1657
53.9825
52.0612
54.4993
54.121
54.7518
56.2014
54.5617
53.9975
54.3638
53.1692
53.5045
54.2527
53.9884
54.3471
54.3151
54.1241
53.2755
56.2325
56.4777
57.3399
54.7441
55.7971
56.7529
57.2714
55.2355
54.893
54.2258
54.2924
55.7898
55.5625
55.3897
54.4779
54.9191
55.5641
54.5714
54.7542
54.6404
57.4587
55.9943
53.7289
53.6092
55.88
55.0026
56.5395
55.087
54.4673
54.0333
53.08
51.4565
53.2653
54.1834
52.7185
53.2687
54.2912
53.4164
54.9068
55.2804
56.0442
53.9914
55.1534
54.6531
55.1996
54.6724
54.6284
54.9198
52.8804
53.369
53.7769
54.0844
53.65
55.3433
54.416
54.1936
52.9986
53.7502
53.9852
55.1162
56.8183
56.3991
52.4813
52.2569
54.476
55.4138
55.617
55.7993
56.6327
56.131
55.7973
54.1211
55.4492
54.8347
53.9495
54.2065
56.2573
55.5154
56.2019
56.6204
55.1387
55.0098
54.7652
54.7092
57.2591
52.519
54.1763
55.5829
54.6237
55.7351
56.3363
54.8793
54.0863
54.1889
53.3192
53.9432
55.2842
54.9501
55.2453
55.3792
54.3808
54.6321
54.9225
53.6164
53.2457
52.6488
53.9861
54.4332
53.1516
53.9577
55.3467
53.9283
53.2065
52.9789
52.7859
53.2296
53.8975
55.2996
55.4261
55.3173
54.4836
56.8458
58.6724
57.139
58.2015
55.8932
54.8763
56.0013
58.225
54.3668
54.8015
55.2765
53.6182
53.5144
53.9072
54.71
53.66
55.3704
55.4272
54.3734
54.8609
53.9551
55.4498
53.7445
54.031
55.5647
57.2288
55.1398
56.1921
56.1504
56.4463
55.9076
56.2387
56.7873
57.6161
57.3823
56.223
58.4732
57.4091
56.1956
53.6879
55.2179
54.4477
54.9616
55.165
55.9812
54.3418
53.3875
53.4641
54.4817
54.2895
54.6667
56.6779
59.1654
56.941
54.8966
54.4196
54.9242
52.9247
53.2937
53.0991
54.3965
53.559
57.3174
57.5414
54.6164
56.2975
54.9353
53.5384
53.3608
56.7714
56.5338
56.5999
54.547
53.406
53.7075
52.8656
52.8629
56.3218
54.1107
54.4688
53.9501
56.5222
54.1627
53.5778
55.1274
54.9233
55.423
54.4442
53.5211
53.7078
54.0731
54.4178
54.5062
54.2625
54.2267
54.7842
53.8069
53.5871
53.7221
56.0422
54.6977
55.4999
55.9205
54.5301
55.9295
55.6572
55.9521
54.0993
55.0073
54.4541
55.0438
55.0347
53.2601
53.5525
55.9087
55.2531
53.2981
52.4736
54.1762
53.9142
54.4489
52.9352
53.9813
54.0746
54.8978
53.5278
55.3853
52.9659
53.3283
55.4131
53.7315
54.6738
53.8119
53.3532
53.6747
54.0898
54.6565
56.0491
53.5647
54.8654
55.4503
53.7012
54.9421
52.0676
53.9757
53.2417
54.6756
53.423
52.7359
55.2788
54.0281
54.5633
55.297
54.1347
54.4147
56.3133
55.8623
55.3185
53.8108
55.046
55.6637
54.3016
54.0862
54.5804
54.642
54.0007
53.2767
54.6906
55.9525
56.4703
55.607
59.2753
57.0075
54.8253
53.4807
53.3472
52.3411
54.2456
54.9875
55.8358
54.4411
54.2371
55.3428
56.0964
54.7547
53.1191
53.7917
54.7686
54.8383
54.1726
54.5599
56.449
55.6829
55.8204
53.821
53.042
54.3175
54.636
54.104
54.8616
55.7369
55.5236
54.2548
55.3883
56.2679
55.0301
55.9186
56.1194
54.5168
52.888
53.589
52.7016
54.0118
54.1234
53.0461
54.1747
54.6026
54.4427
52.2112
54.0336
53.0994
53.6305
53.7557
53.4817
53.9666
52.8314
53.6451
53.8405
55.1638
57.3833
56.4583
57.179
55.2418
55.6796
52.5699
51.4508
52.7571
53.1014
54.8173
53.9695
55.0292
54.8093
56.0423
57.3097
57.451
53.1419
55.8203
53.9638
54.4951
55.3138
56.8874
54.7749
55.3357
52.1806
53.7856
54.3001
55.6827
55.007
55.7487
55.8038
55.942
55.8401
56.7725
53.4971
53.8432
53.2266
55.99
55.4834
55.5983
55.4719
55.2341
55.1188
55.8508
56.0024
53.9926
55.8253
54.812
53.2012
54.243
52.5796
53.3653
54.044
55.1056
56.5101
54.8087
54.8423
54.0767
53.5271
53.9982
53.9005
56.6763
55.7979
54.8753
56.567
55.7814
57.2111
54.6974
54.2132
53.9113
52.9456
54.961
54.3933
55.2573
53.9401
56.4636
55.7112
55.985
54.6285
53.0263
54.061
54.1635
55.5686
53.6284
54.9667
55.5198
55.0442
53.6972
53.4
54.3545
53.4338
53.3991
52.708
55.144
57.2056
55.8129
55.2593
54.2827
56.0293
54.4153
56.2756
56.1718
55.8824
55.9818
56.7053
55.8507
56.5232
57.0302
55.3479
55.2617
54.8149
54.95
55.985
54.5747
54.4462
53.5646
54.7187
53.9045
53.3389
54.046
53.3687
56.3551
53.6332
55.2789
53.6703
52.5452
52.7395
55.3858
55.5182
56.662
54.6124
56.8548
55.6885
55.3802
55.6729
54.5489
53.598
54.926
53.5183
53.3976
53.1125
54.0694
54.8878
54.382
52.8689
54.3481
55.8167
56.602
53.1988
55.2009
53.4143
55.1793
52.8856
56.2434
54.7003
54.4264
53.4464
53.252
53.2477
55.0588
54.3467
52.3412
54.6885
56.1304
56.3531
54.7091
55.5252
55.7195
53.9939
53.5503
55.5188
54.0246
54.7172
55.0722
55.7959
56.03
56.6449
57.6864
55.6285
56.6077
55.1372
56.4383
54.2593
55.3907
56.7871
55.2235
56.1225
55.1711
53.1007
52.5398
54.7967
57.2534
55.829
56.1781
53.6922
53.7265
55.5064
56.6851
56.4304
56.0034
55.4913
55.2931
54.4585
54.4075
56.212
57.3647
55.2651
54.5502
54.3616
52.6666
55.7319
57.0082
54.3727
53.0146
52.4856
55.2909
55.5582
56.2096
55.2651
53.1594
54.4216
55.2777
55.261
55.4013
57.4963
55.0652
54.4342
53.9163
54.9891
55.6169
55.8372
54.6857
55.2444
54.9942
56.7276
54.7788
55.831
55.0096
53.7924
55.0053
55.6527
53.5549
56.4792
54.8632
55.1739
55.9558
56.3592
56.0312
57.2923
56.0881
53.771
57.3784
56.9909
56.0003
54.0565
54.2396
51.7032
55.4198
54.117
56.6057
57.7843
56.8669
56.6096
53.4538
53.1083
52.8244
52.6521
53.7533
54.3988
55.0779
54.0546
54.4325
54.5592
57.3459
54.9783
52.0157
52.6485
52.7985
51.858
53.7011
53.8246
54.0495
51.9541
53.0308
53.8516
53.0293
52.7251
52.7334
53.8561
52.317
52.5041
54.573
54.2372
53.738
53.6437
52.2368
51.132
54.2789
53.6691
53.3856
55.3595
53.2332
53.7027
53.9126
54.9459
53.1216
53.4003
53.3411
52.8824
53.512
54.9118
51.2312
52.2594
51.1173
50.7072
52.3187
52.1424
53.2979
55.641
57.8893
55.3121
54.2433
52.0798
53.5015
51.6071
52.4443
52.6897
51.8832
54.1613
52.7563
51.7153
51.7723
50.4793
52.288
53.5154
53.0754
54.7128
53.7099
53.6098
55.0501
55.2439
51.9602
53.3939
53.5152
51.9719
52.0906
50.4957
52.7333
52.4283
52.7414
51.7512
53.0056
52.8708
50.7995
53.744
53.4313
52.6398
53.0396
55.6299
52.4622
51.9284
53.2738
51.8752
54.3655
54.7908
52.9523
53.7272
53.0555
52.7829
53.2112
54.1605
54.2525
52.5325
52.0857
53.8084
52.1523
53.158
55.7806
54.6764
52.73
52.936
51.3543
53.6295
52.4543
54.2408
53.506
55.813
56.5061
56.9115
53.379
55.077
52.9011
53.3418
52.2172
53.1295
51.7944
52.9978
51.7036
55.2189
53.9894
52.1488
50.7293
50.8294
52.4241
54.0412
53.2184
52.5122
50.6734
51.4115
52.4514
53.9812
52.4394
52.0671
53.8842
52.1615
54.7892
53.9019
53.4959
53.0525
54.8638
53.2635
53.6351
52.5908
54.4104
53.1555
53.56
51.3659
51.5809
52.9717
51.8375
51.9611
51.2543
53.6345
55.3091
54.794
52.464
53.8072
51.8038
52.3275
52.4439
51.6809
52.4304
52.619
52.4367
52.96
52.8524
54.0332
53.0991
50.9883
52.1362
53.2693
52.6666
53.6737
52.7504
51.7839
52.6873
53.4387
53.5996
52.6456
54.0596
51.8748
52.3478
53.1735
51.9168
53.0797
50.7284
51.38
53.3009
52.2952
53.3262
53.5029
52.0001
54.4757
54.6234
53.9157
56.1036
55.2114
53.772
52.2264
53.252
52.2855
52.8784
51.8396
51.4129
54.0275
53.4876
52.7271
54.5371
53.1897
52.6483
53.546
55.3588
53.6099
53.8778
51.208
51.4758
51.6407
51.3186
53.1075
53.262
52.9303
53.7721
53.3793
50.8007
52.282
53.5384
52.508
52.9339
53.0692
52.1406
54.2782
54.7887
52.9996
52.2165
52.7366
51.6676
53.8376
55.3317
54.6109
55.8826
55.1528
54.6587
51.9061
55.1389
53.6255
52.7123
51.9113
52.6536
51.8244
53.6369
52.777
54.4299
53.6375
54.0405
53.9115
53.7601
53.0192
53.4331
52.2973
51.6809
53.7995
52.9932
51.105
53.6558
52.6098
54.8994
54.6347
52.2603
54.2993
54.8095
55.0408
51.5832
50.3262
52.9799
52.4724
52.9264
52.7069
52.2186
50.594
52.2732
53.0911
54.1176
53.3407
53.1049
52.1006
53.5833
53.0277
54.7065
53.8225
53.2944
51.4914
51.9452
53.2014
53.7394
51.3178
54.4517
53.1709
53.0671
51.069
51.0639
54.8483
53.4488
53.1104
53.654
52.2697
51.1664
53.7884
54.1252
53.2608
53.6598
53.9947
53.8648
54.5137
52.9279
52.5854
52.5292
53.5017
54.4064
53.4731
55.0024
54.3936
53.2448
55.4391
55.1204
55.0543
52.7294
51.8418
51.4722
51.7141
51.0405
53.4092
53.8427
54.6096
53.5028
52.4558
54.462
54.1338
52.8693
52.9649
52.939
52.3745
52.6172
51.895
53.19
52.3431
52.5114
54.74
53.9963
51.2154
52.8899
52.5252
51.7464
54.0951
52.7226
54.3375
54.5107
55.4799
51.0129
52.2581
52.3006
52.9274
51.7726
50.7932
52.2274
53.0111
52.8883
53.1417
52.233
52.8447
53.4745
54.2729
52.5574
55.2822
53.2881
54.6124
54.7316
54.7516
53.1038
52.7238
52.6153
54.2448
52.8682
51.5706
51.7501
53.4636
55.3542
55.9664
52.1613
52.6445
51.101
51.6026
51.1198
52.6409
51.5131
51.699
53.9205
51.4726
52.4429
52.8865
51.4155
50.0365
52.1744
52.7537
53.1255
54.1529
54.5759
52.1316
54.0849
50.9171
51.3517
52.8635
53.7528
53.5997
52.8874
51.8112
53.5097
52.6121
52.7938
55.234
54.7438
54.7376
50.726
52.2114
51.7239
51.201
53.4127
51.0938
51.4068
52.934
54.1165
52.9861
52.6903
51.7385
54.4638
52.7075
53.2906
53.3399
53.3016
52.254
53.1019
52.656
53.398
54.4732
53.7697
52.6723
52.3746
53.3762
53.0013
55.3962
53.4094
54.4929
53.6321
51.9621
53.3308
51.7756
53.4993
52.9773
53.9636
52.9136
52.4665
52.9375
51.8029
54.6601
53.6277
54.6374
51.9647
53.4773
53.0946
53.1141
52.6259
53.6925
52.5599
52.8101
54.6015
52.2692
51.3932
52.7375
54.8781
56.341
54.5079
52.2293
50.7512
51.2333
52.7916
53.367
52.7135
53.5245
52.0621
51.4824
51.5898
52.3202
55.2958
54.7071
56.461
54.9491
54.9937
52.7338
53.061
52.6962
54.2051
53.8923
52.5026
52.2984
51.8527
51.5091
51.6942
52.7989
51.5126
52.4613
53.1376
51.9732
53.8196
52.7054
53.4617
54.0122
54.1524
51.9124
52.6213
53.0149
54.3747
53.3213
51.6304
53.5743
53.907
53.2597
52.465
52.7492
51.576
52.3548
51.5118
52.6899
54.5518
53.8765
52.7199
53.1494
53.5462
52.4279
53.1078
53.0924
54.3723
55.1968
53.3959
51.3631
52.7097
53.0873
53.9633
52.6757
51.2979
52.3989
51.7246
51.9569
50.8194
52.4547
53.1837
51.7324
51.6075
52.1201
52.745
54.3633
54.7798
54.0286
54.624
54.0978
52.0667
52.3493
52.9503
52.4661
52.9
52.3414
51.7488
51.7708
54.9368
55.9848
52.3533
52.9676
54.0566
53.8817
51.6197
54.6063
53.2602
55.2604
57.09
53.6687
54.7891
53.3407
54.1742
55.0849
56.1428
54.765
53.7368
54.38
54.8735
53.5859
53.8486
53.8409
53.9821
54.6268
54.4715
53.5364
52.4176
53.5746
54.127
52.2432
52.5851
53.5374
51.0262
52.1068
52.3976
53.7217
52.3221
52.4213
51.7432
52.3501
52.5628
52.5867
53.0456
53.5938
52.662
51.8068
51.4286
52.182
54.1867
53.7595
52.5197
51.5392
51.6788
51.875
52.1398
51.9322
52.2581
54.5136
52.5229
53.1705
55.3729
54.2134
53.2764
53.4984
54.5423
55.2733
53.1916
53.5116
54.8638
53.6042
51.2186
52.3577
52.9909
52.6271
53.2362
52.8973
51.5902
52.1211
51.0052
51.2993
51.1791
51.549
52.769
52.8664
51.7653
53.6132
56.6145
53.1317
53.3332
53.255
52.5384
54.1373
51.995
52.7286
52.8315
54.053
54.4888
52.3322
53.7546
54.1796
51.9858
53.7962
51.3946
52.5275
53.0839
55.0365
53.5885
53.268
54.3051
53.5349
52.9402
55.2528
53.5646
53.3618
55.9816
54.1171
53.5527
54.4225
54.6257
54.794
54.2716
55.0113
53.0075
53.2367
54.9977
52.5256
51.7155
50.3407
51.7681
51.6052
52.6843
52.3416
52.9635
52.3715
53.4482
53.9101
54.0119
52.9646
51.7331
52.9145
52.0475
52.0571
54.0392
54.3155
55.543
54.9132
53.8469
53.9527
52.3021
52.6221
51.4617
54.587
54.1453
53.4115
53.2859
50.3453
52.0839
53.5382
53.5425
52.9802
50.8288
52.9232
54.2465
53.1345
52.8889
52.1976
51.9631
53.8901
51.8036
55.5372
57.2362
53.207
52.1993
51.9983
53.2481
53.3925
53.7652
56.0578
54.7317
52.7384
53.3545
54.1278
53.7935
54.1846
53.1461
51.8225
51.2337
51.7955
51.6477
53.1876
54.5068
52.6236
51.5971
52.5512
51.5274
51.7953
52.891
53.1196
53.4244
53.0515
52.4095
52.8896
53.109
52.7738
51.826
53.8722
51.8372
50.839
51.3861
52.3186
52.0834
53.5411
52.4035
50.6937
52.9938
55.905
54.2202
51.397
52.3142
52.4753
56.02
55.8202
53.9967
53.704
56.1696
56.3406
55.3279
54.3635
54.6978
52.0688
51.9196
52.1876
53.0275
54.3836
55.8249
55.7066
53.296
54.1726
52.8611
52.447
55.1506
55.6125
53.6362
55.6441
52.8762
52.6044
54.3808
52.822
52.4275
53.2415
53.6852
53.604
52.9527
52.5962
52.4674
51.9876
54.1915
55.9373
53.2984
51.1693
51.3169
52.6469
53.6128
52.94
52.152
54.0513
56.107
54.9366
51.3817
53.1153
51.5437
54.9637
53.1904
53.5466
52.133
52.4911
52.7539
51.4299
51.912
52.7575
52.469
50.5995
52.8996
53.462
51.3554
52.2804
51.847
54.8473
54.4508
53.4897
51.7892
53.6976
54.4153
54.0322
52.9316
53.3426
52.8416
54.0958
53.1862
54.5656
53.0883
53.1071
53.1203
52.8136
52.6172
53.1089
55.9376
57.4831
55.7039
56.0003
53.9
55.6388
52.2176
52.7385
54.4653
53.2991
55.1276
53.8224
51.8747
52.3062
51.387
52.8313
52.7409
52.6072
54.0436
51.9148
52.1684
52.1052
52.8811
53.928
53.4607
53.2983
52.2345
51.1779
51.865
51.2398
53.7357
51.6429
55.7543
53.6965
53.7152
53.9347
53.9167
52.808
52.452
51.2626
54.6547
54.8059
52.8349
52.6732
53.6279
53.154
53.7416
52.4695
54.2748
52.9941
51.4654
53.1899
53.1249
52.3906
51.562
52.3249
53.6008
53.81
51.99
50.3311
52.1052
52.5486
51.3124
53.0008
53.3671
55.2036
53.6599
55.4936
53.9084
53.8802
52.2905
53.04
52.5692
54.3357
54.0052
53.7416
55.7134
54.7164
51.9619
51.1683
52.2411
56.177
53.7654
53.3692
51.8245
52.6913
51.5011
52.6027
54.3308
52.3684
53.5825
51.7905
53.6652
51.2147
51.8982
53.7157
53.2277
54.1217
53.8854
53.2453
54.0878
52.287
51.8146
53.7861
55.3001
53.9872
53.9151
51.819
52.6677
52.5395
52.83
52.7551
52.158
51.901
54.9879
53.0075
52.42
53.8999
51.5552
52.8356
52.1788
50.6234
53.2582
53.9042
52.1308
52.3207
53.0743
50.4634
53.1832
53.8907
53.8479
52.5187
53.282
53.7256
54.5857
53.3905
56.4331
55.9827
53.9274
52.6679
52.3292
51.4111
50.528
51.4921
51.5154
51.6372
52.2395
53.266
52.0819
54.6398
59.1308
56.7604
54.3362
53.2087
54.0215
53.3749
53.3492
53.3936
54.0089
55.44
52.7608
54.9213
54.7924
54.8384
53.873
52.2995
52.9904
52.0293
53.3398
54.3217
52.8875
54.5033
54.7857
53.3552
52.3771
52.2506
52.2137
54.2362
51.3045
53.8147
53.343
52.8478
52.6246
52.6497
54.1958
54.7041
53.6992
53.3848
53.202
54.3007
52.0328
52.9373
52.8388
54.7498
54.6168
54.7641
55.8951
56.0919
54.0952
52.1923
52.4342
51.8836
51.7555
52.0005
53.6562
50.9033
51.0363
51.6694
52.3175
51.1139
50.9198
53.246
52.868
52.4268
51.2567
52.3437
55.146
55.0239
52.2321
52.2514
52.2317
53.8468
54.3666
54.8513
54.9387
54.6351
54.4027
54.1627
55.2466
54.4706
52.3611
52.2323
52.8929
52.7845
54.0028
53.4471
51.8151
52.0277
52.4164
52.2345
53.9949
53.1773
53.7177
50.9362
52.1541
53.593
52.1102
53.3163
52.1703
51.8088
52.1216
51.6685
54.1948
51.2446
52.2443
53.2658
51.8255
55.5364
53.143
54.7632
53.9809
52.4452
51.9477
52.4431
54.2938
52.7496
51.4307
53.6701
51.0946
52.7826
55.1146
54.5202
53.3175
53.3094
55.7095
54.2612
53.8831
54.1256
52.9295
52.0862
50.7834
51.6158
53.3147
52.1668
51.2797
52.9173
53.0384
54.4452
55.0527
57.0013
55.521
55.7143
54.2281
51.608
51.3508
51.2448
51.6566
52.5419
53.4796
53.7883
53.3912
55.7608
54.0958
56.0537
53.5046
53.8894
53.4028
55.0173
53.4836
55.2711
54.5628
52.6871
54.5354
55.7293
53.9242
52.4876
53.5761
52.5612
51.6365
54.1094
53.8474
51.7077
53.2995
54.8446
52.8063
53.6808
55.2169
53.9007
51.2842
53.555
54.1018
53.4923
54.3517
53.2777
53.4669
53.7873
52.6207
53.0428
53.0312
51.8141
53.8805
54.9393
53.8499
53.0311
52.775
52.3793
52.3277
51.888
53.5707
53.2976
51.5067
54.3175
50.7828
53.8211
52.5478
50.5247
52.089
51.7433
51.8604
52.8812
52.2818
54.368
52.9302
51.8492
52.0414
52.9115
53.6923
53.4793
52.2548
53.7174
54.9726
53.1266
53.8152
52.6834
52.5338
55.2883
55.044
52.0752
52.1619
52.5074
53.9915
54.3946
52.506
51.9844
53.0448
54.4909
54.3194
53.1822
52.3942
52.9941
51.297
51.2948
51.0626
53.5178
53.7068
53.9479
52.0994
52.4138
52.546
52.198
51.3332
53.4598
51.874
53.5961
55.2848
53.5009
52.4447
51.4585
52.9992
52.9898
54.958
52.8651
52.9075
50.5475
52.6562
53.2761
53.851
50.7571
52.5651
51.7307
53.2091
53.1754
53.3507
52.8723
53.756
52.1991
54.2298
54.278
52.912
52.7653
53.377
53.9404
54.0071
51.2306
52.4563
52.1705
53.1081
52.8232
52.9342
54.3918
51.5166
53.1906
54.1176
54.1668
54.295
54.2684
54.5708
52.2073
53.1535
52.0945
52.5967
51.261
52.2632
50.8401
51.4124
53.1761
53.7817
51.9889
51.0139
52.2696
50.0275
50.774
52.229
51.8944
52.9753
53.1673
52.7991
52.7933
52.64
54.258
54.1834
52.231
52.19
52.3679
54.2459
52.625
54.7142
51.5887
52.2207
53.2869
51.0997
52.9708
54.4084
53.0233
52.9322
51.7607
53.8796
54.2392
52.8954
51.4159
51.0556
53.0392
52.9781
53.4554
52.4565
51.4342
52.5343
55.9601
53.3916
51.9057
51.8189
51.8101
52.697
52.4927
52.0031
51.103
52.8728
52.5253
53.2233
54.5039
55.9047
53.9149
53.4261
53.596
54.5972
53.5871
52.8796
53.1563
52.3198
52.3686
52.8637
52.3923
52.6
52.2786
51.1499
53.8149
52.3631
50.8267
51.6517
52.5003
53.4788
51.8553
53.5297
55.5565
56.1268
54.9216
52.8342
53.5474
52.2465
50.6584
54.7151
53.8821
53.7554
53.0309
52.4506
52.1019
52.9555
51.553
52.9759
52.5506
52.7916
51.968
53.289
53.0465
53.3788
52.5322
52.5472
54.403
53.8254
53.7272
53.349
53.8296
52.7789
52.2379
52.2966
50.8594
57.4305
55.2845
53.99
51.6263
53.5778
51.324
53.3302
53.3594
51.1925
52.7408
52.4278
52.4224
53.0632
54.6696
54.1294
53.7887
53.1592
53.1374
54.2244
51.6699
52.6104
53.8273
55.0279
54.1756
51.8589
54.2108
54.5243
55.502
54.1896
53.8675
53.749
52.1075
53.406
54.5383
52.469
52.983
52.9534
52.2235
53.2129
55.3023
53.2994
52.8963
53.3348
52.9374
51.5241
50.5461
53.0065
52.8904
54.6002
52.0525
50.8512
52.1484
53.1073
52.5449
50.2684
53.4871
51.5465
52.226
51.5563
51.2943
54.0487
53.6075
53.5781
53.7379
53.3394
52.4432
51.4904
51.8404
51.0236
53.1908
52.8275
52.3825
51.8273
53.6279
51.4979
52.9674
52.1265
54.3944
54.0021
52.4503
52.1295
52.4997
51.1135
50.9738
53.1951
53.6898
53.3698
53.6928
53.0321
54.7712
55.7334
55.8832
53.6604
55.4895
52.648
51.965
53.1477
53.9014
54.6144
54.2456
53.5955
53.518
53.9558
53.3493
50.5673
54.281
53.8694
53.8269
52.771
54.3357
54.7226
55.9638
54.7077
51.9976
51.5249
52.7202
51.0782
50.9552
52.1804
51.9114
52.5577
53.3716
53.0298
52.3963
53.2842
55.5172
52.6657
51.7068
53.9788
54.8874
52.7895
51.6889
51.5331
51.0792
52.9878
52.9414
55.5643
52.1654
53.102
53.1181
51.6052
50.8851
51.8057
52.0445
52.064
52.227
54.428
53.5537
53.9205
53.485
53.1489
52.867
53.0393
52.7077
53.5402
53.8342
53.188
52.6729
53.5134
53.2356
52.0725
53.1617
52.4729
54.2061
52.7175
54.5512
53.8796
51.2051
53.0571
52.2328
50.6596
50.7703
50.1111
50.6911
49.6118
51.9714
55.3657
53.6119
52.2063
54.5305
52.5783
54.0626
52.1384
52.0731
52.3911
53.3972
53.884
54.084
53.524
53.7222
54.9869
54.3372
52.4654
51.6144
53.9637
53.4567
54.7569
54.9733
54.3132
53.8982
54.3558
54.8266
54.031
52.5913
50.808
51.8992
52.8087
53.9145
52.4126
52.8371
51.9135
51.4711
53.5423
53.0698
53.9203
54.5522
53.6288
53.9306
52.1509
52.1447
51.2513
52.5122
52.0619
51.3278
51.8969
50.8517
52.843
53.0811
53.2242
52.7897
56.8038
54.7913
54.1718
55.5779
52.4817
54.348
53.7793
53.338
52.4628
52.867
53.3582
53.3627
52.9751
51.1543
51.5328
51.2579
51.5727
51.9239
49.9527
52.1443
51.355
51.5274
51.8244
51.9496
52.7924
53.6762
53.4158
52.3222
52.3784
53.1123
54.9285
55.1742
56.7066
54.8125
54.4273
52.5524
51.5518
52.2855
54.3984
54.8962
52.4078
54.8151
55.8338
53.0601
52.5734
52.0565
52.9868
54.2602
53.7235
55.8293
52.7294
53.3879
54.33
54.199
51.8908
52.9422
52.7855
54.3239
54.2237
54.4746
53.743
52.303
53.2824
54.0197
54.5979
54.1777
53.1606
54.0108
54.4875
55.6327
52.8036
54.5442
53.0995
51.8477
52.94
52.4539
51.1775
52.8864
54
52.7151
51.8245
50.4883
53.4735
53.095
53.7976
54.5804
54.914
52.724
52.4113
53.6078
52.4381
52.8005
53.6129
51.7392
52.453
52.7766
52.8577
52.1128
53.8564
53.0538
53.099
53.2319
52.9228
54.0445
53.711
55.2409
53.9795
51.4393
51.5202
51.6533
51.94
51.1543
54.0101
52.4901
51.9768
52.4882
51.4136
52.1684
52.2081
55.259
51.4326
53.6877
52.1192
51.4854
54.3135
52.5533
52.5056
52.126
53.2775
52.6259
51.0512
51.4267
51.2012
52.1451
55.5452
54.9477
53.22
52.3749
51.8192
54.2554
53.4645
54.0217
55.422
55.0639
54.1255
52.7432
53.8355
52.5085
54.2832
54.226
53.8709
52.1122
53.7178
54.3703
51.4253
52.8986
52.3462
53.7872
52.8445
53.838
52.8673
53.3401
51.9387
53.9285
53.8742
52.0001
52.7159
53.5193
53.927
54.632
56.0393
52.7933
50.6408
51.749
51.5822
52.406
53.9388
51.6282
52.7247
50.8658
54.8459
53.2096
53.9126
54.6268
54.8757
51.5317
51.6177
51.7665
53.9252
53.9769
55.8675
53.9347
52.9343
52.8106
51.3349
52.1821
53.6517
52.296
51.8806
52.0026
53.637
56.0861
54.0182
53.4547
54.4483
53.2111
53.6822
52.4169
51.0681
51.7305
52.3019
52.965
52.5493
52.6989
51.807
52.7662
52.1029
52.2477
54.7356
55.4589
52.496
54.1427
52.7814
54.4435
55.0008
50.7741
53.5031
51.7288
52.7321
54.9373
54.1114
53.0385
54.4314
54.6407
51.7551
53.6091
52.944
53.4308
52.7051
51.9285
54.5014
54.5211
55.6406
55.7766
53.4269
53.7115
53.0849
52.0528
52.5486
52.8438
52.3851
51.6816
52.1276
54.0772
52.5228
52.1218
54.9048
56.5887
54.1475
54.1764
53.5945
53.3022
53.3999
54.6643
52.7426
51.7869
53.4244
49.1857
49.7185
51.1375
53.4621
54.509
54.2271
52.3668
54.624
56.0213
55.0374
55.3558
57.1397
54.9554
54.8271
53.5856
53.5094
53.3087
52.1986
52.5386
53.5366
53.8824
53.3345
52.5996
54.5531
53.173
53.9322
54.1882
52.5909
53.1717
53.9814
52.7216
52.878
52.6389
52.108
53.612
54.5399
55.847
53.1384
53.3592
52.6808
52.9897
53.716
53.337
52.9488
53.7273
53.9254
52.126
52.0181
53.253
53.0526
51.668
52.4664
52.6043
53.1953
53.4511
52.1416
51.8981
50.8105
51.6335
52.8922
50.9324
51.2398
53.2546
53.5637
54.4213
53.6807
51.7436
50.3524
52.7762
51.9966
54.4519
54.0236
52.9352
52.6778
50.4063
53.2879
53.5611
53.2068
54.261
53.9212
52.9512
51.8159
52.7076
51.8307
53.2033
52.9364
52.6415
52.3392
52.652
53.3468
53.0685
53.0628
55.7977
55.5384
54.3624
50.1679
52.9845
54.8506
52.1321
52.3998
53.0362
53.6653
55.7118
53.2308
52.0948
52.321
53.3615
51.9896
55.1123
53.9271
54.37
53.3948
54.5116
53.0954
55.3681
53.477
54.366
53.4545
52.3395
53.6402
53.8128
54.7764
53.7412
54.3901
53.8565
53.3211
52.5734
51.6515
52.8801
54.6057
54.3776
52.2974
52.2459
51.6366
53.73
52.7978
50.7776
52.3878
52.3108
52.5298
51.8181
53.4707
55.6332
54.2077
54.3885
54.305
54.8771
52.251
55.0161
51.8151
51.8364
53.6407
51.2527
54.037
51.1638
52.4444
55.423
54.4838
52.4595
50.8427
51.1718
53.6789
53.2673
55.1082
53.906
51.9524
52.5407
54.5889
53.8453
51.7075
52.2449
52.7621
53.9338
54.549
54.4725
53.1313
54.059
52.4266
53.4727
53.2141
50.9611
50.1219
50.9048
53.6351
52.7126
52.8944
54.6039
50.7872
51.257
52.7044
51.9147
53.5413
55.1385
54.5568
53.1389
54.3265
55.2687
53.6592
51.9001
55.5197
53.7603
53.8372
52.6587
52.8873
53.6447
55.2798
53.8777
52.8126
52.9602
51.33
52.3959
51.3176
51.4116
53.1466
53.1409
52.6106
51.6317
53.5844
53.1806
52.7245
50.7543
53.2992
52.7797
54.8263
54.2182
52.6147
52.3448
50.7817
50.4272
51.1994
50.7942
50.9991
52.5486
53.0976
52.3949
54.0026
53.2281
54.7775
53.223
53.5778
52.4488
53.7917
54.3542
52.216
52.0168
54.1021
54.5364
53.0061
51.6363
53.4125
53.2747
52.0852
54.1286
52.8299
51.7209
54.2726
53.8999
50.8918
51.8839
52.2268
53.2207
50.8944
52.2645
55.0669
51.8812
52.4734
52.7911
54.0425
53.3725
52.9698
53.5885
54.2289
52.3451
52.4867
54.9307
54.6184
54.8001
51.2298
51.5667
51.6793
50.8729
51.8507
51.3796
54.742
55.7622
56.5361
55.722
53.0418
51.8414
53.6099
53.5643
52.5231
52.4725
52.5692
54.04
51.6392
54.0825
55.387
52.4844
51.6489
52.1808
52.1881
53.0787
53.4039
54.3849
54.7657
51.6849
52.3206
53.8618
51.7589
51.0466
52.1144
53.4584
55.4763
55.6266
52.281
55.5473
52.1871
51.582
52.921
53.7522
55.5493
53.2718
52.5636
51.5757
52.8168
53.5804
52.0498
54.0313
53.5965
50.915
53.3755
52.5944
52.9947
55.7635
52.9631
53.5547
51.5668
49.7107
51.2878
51.8921
52.6276
50.8675
51.9291
52.2927
52.2324
52.8322
53.8113
53.4612
51.4795
51.0333
52.6055
52.7698
52.7259
54.0951
52.0161
52.1919
53.4468
55.0283
52.9299
52.5839
51.3471
52.0739
52.1636
54.0851
52.3221
53.8449
52.4371
51.1635
51.4651
52.397
51.8081
52.1127
52.1019
50.6364
52.9302
51.7104
51.4416
50.3411
53.0202
52.147
53.6903
53.3412
52.1198
52.2372
50.6324
51.9883
52.1711
52.8766
55.0282
54.8537
55.4976
53.8622
52.4001
52.7098
52.9051
54.2266
53.1104
51.2601
54.3014
54.2874
52.1158
52.1374
53.1235
53.3639
53.0107
53.7898
53.9342
52.6718
52.0358
53.3464
51.6075
53.6821
54.5261
53.1281
52.2383
53.0481
51.3717
52.8084
53.1101
52.5476
52.4222
52.9504
52.2109
51.9827
53.1956
52.6576
51.1467
51.5345
50.6787
51.4364
51.8556
51.5032
53.3562
55.0196
55.8315
53.3192
54.6673
53.8743
53.1097
53.3091
52.4695
52.5106
53.9627
54.4887
53.7835
53.364
53.2981
53.013
52.2069
53.1227
52.8322
54.3769
54.3232
53.0274
51.7263
51.2022
51.0782
52.9299
51.728
53.0508
53.781
54.4976
52.4343
52.5258
52.8518
51.41
54.6653
52.9984
53.0879
52.7219
51.9809
54.3101
53.0164
52.4573
53.379
52.1817
51.3548
52.2668
50.8763
51.9273
51.6304
53.0271
52.4307
52.2308
51.7991
52.4627
54.4825
51.3793
53.7713
53.9049
55.9011
54.3352
52.158
52.8436
52.7646
53.4972
53.918
50.3101
52.6672
52.1934
50.8823
50.9917
53.3762
52.4227
53.158
53.5263
51.9721
52.3785
54.6694
55.8979
55.8966
54.0027
52.1951
52.0623
52.3697
52.9773
53.7761
54.3094
52.5913
55.3653
57.7546
55.4235
57.0253
58.0941
54.5758
52.8511
52.6244
53.9106
52.5061
54.241
52.6356
52.5097
52.9634
52.5291
53.1789
51.4473
52.999
53.7146
52.8313
54.0361
54.0103
51.4975
50.3551
53.6697
52.8826
50.5164
54.1449
52.5497
52.7228
53.9298
52.2434
53.1351
55.3039
52.539
54.2343
52.4052
52.6823
51.7511
52.4545
54.4883
53.5957
53.084
51.8191
53.2564
52.2911
52.5384
51.9804
51.8877
55.0691
52.737
54.3696
52.8011
53.8785
54.5579
52.4568
53.9256
53.9976
54.008
54.1846
54.0467
52.4436
52.2533
52.8682
51.8622
54.1467
53.5589
54.3171
53.2952
54.8716
55.7385
52.1387
54.6254
53.311
53.3732
55.1985
52.3516
53.7173
53.9993
52.1259
53.0172
51.0006
51.6551
54.6762
54.0588
55.7326
54.0197
53.7368
51.9661
54.3977
52.9136
55.1402
52.9659
53.0435
55.139
54.3475
53.8328
55.2498
54.206
54.3377
51.2427
51.7827
52.8576
49.9228
51.2941
53.5942
52.2259
52.8574
53.6713
52.211
53.3648
52.7872
51.9833
53.0068
52.8972
56.2072
54.5537
54.9702
55.1167
54.8293
54.5394
52.6429
55.3296
56.309
56.2292
53.4543
55.1392
52.9361
53.4704
51.8054
51.4373
52.0244
52.6185
54.6227
52.1112
50.6892
51.8682
52.0081
52.3592
52.1103
52.2588
51.2549
50.9729
51.9252
51.9354
51.9998
53.0279
52.7099
52.4138
54.2873
51.0167
54.0624
55.8739
53.5343
54.7551
54.3339
52.9901
53.2952
54.1836
52.9187
53.326
53.7673
54.1759
52.2044
51.8493
51.5731
52.9146
53.4525
51.2773
53.0699
52.2866
55.5783
56.7878
54.9857
52.561
53.036
54.5876
53.7433
53.9647
54.4836
53.0613
53.5187
54.2474
54.2337
51.3239
53.5423
54.1381
52.4748
52.5375
54.3342
52.777
53.4064
52.1815
53.0747
54.0089
53.4042
54.9857
55.4113
55.0728
52.6735
52.0228
51.8168
51.4709
51.4837
54.3734
53.2821
51.6918
51.3945
52.6912
52.1694
52.1862
54.0763
52.1743
51.0784
51.774
52.2199
54.4905
52.3712
52.7237
50.918
52.9333
53.2001
53.9677
53.8473
51.374
52.7567
52.7186
50.7488
50.9652
52.0393
51.703
54.1858
51.6257
53.1874
52.0767
53.9805
53.7379
53.3513
54.138
53.888
52.6631
52.2575
53.1211
53.0606
51.1275
52.7617
53.7648
51.5193
50.5636
52.501
53.4886
53.6326
53.2167
51.8609
52.5075
52.9993
52.5244
54.8073
54.4689
51.4687
51.3234
52.821
52.7659
50.9228
53.3458
54.58
53.3569
54.4964
53.3304
52.7848
52.0741
54.1298
53.2822
52.6608
51.3506
53.5145
53.7575
54.1411
55.5306
53.8764
51.5115
54.9481
51.5748
54.825
55.1321
54.736
54.2071
53.8735
53.4657
54.8448
51.2034
53.1153
50.6646
51.8327
54.5017
55.8549
54.165
53.4845
52.3535
52.4346
54.0202
52.6977
51.8913
52.499
52.7075
51.9893
54.5025
52.3845
52.6526
52.2229
51.8856
52.003
53.7432
55.1695
54.7224
52.6674
52.5642
54.4452
52.1691
52.5349
51.5241
51.5964
52.027
53.7706
53.384
52.7926
54.5443
53.8337
54.828
53.0704
52.7333
52.6182
52.7124
51.6516
52.4676
51.4112
52.5099
51.7938
52.6755
53.2786
51.3066
53.5542
53.1815
55.5164
51.2507
53.5389
53.3347
55.1433
54.1143
54.1744
54.2998
55.429
52.3641
51.8271
53.8856
53.7201
53.795
53.0127
54.5297
55.7518
53.4236
53.6321
52.2193
52.5314
51.3844
53.9524
52.8186
53.949
55.4076
53.5401
52.2236
53.3094
54.0215
53.0155
53.8271
53.0782
54.685
53.3766
53.1216
54.7977
53.5066
52.0703
53.2935
53.4852
52.4386
52.8624
51.2164
49.904
52.7172
52.7631
54.252
56.4496
54.958
54.7508
51.8177
53.3227
54.0017
54.0263
53.0573
54.6762
51.6484
55.2267
53.9051
52.9496
51.5338
51.6927
51.3092
53.5758
53.0627
51.9909
53.4898
52.8745
51.3044
52.0485
54.4177
52.1553
52.7311
52.0571
53.1905
54.0946
53.8366
53.8356
53.7601
51.3852
53.9524
55.8475
52.0284
52.7134
54.5095
51.3472
51.2386
52.0667
54.8088
52.646
52.465
53.2572
51.8153
52.5114
52.2215
52.5509
54.9556
55.3894
52.8161
53.0197
52.6698
53.4271
51.4044
52.9346
52.9162
53.1829
54.3471
55.1664
55.0971
54.1951
52.3105
51.3527
51.9264
52.8698
51.4673
52.7613
52.162
53.2204
51.6434
53.0191
54.6227
53.9697
50.7964
50.9978
53.1163
51.6617
55.4847
53.0874
53.5793
54.5569
55.549
53.3635
54.0695
51.9578
53.0254
54.8273
53.6491
53.6958
52.8509
52.7607
52.9784
51.4648
51.2942
53.3183
53.048
52.8938
53.8837
52.6603
53.7541
56.0782
53.0647
56.7062
53.5398
53.5978
54.2294
53.3616
52.6234
54.2507
53.5648
52.2786
51.5571
51.0112
52.7253
52.9354
54.2777
53.9994
52.5264
52.6477
53.2408
52.6051
52.7857
53.7797
53.4539
54.2673
54.1259
55.0087
53.1396
53.4072
53.3012
54.0504
54.4815
56.2196
56.5662
54.4137
55.5816
52.8541
54.2775
51.5965
50.7967
52.141
54.5136
53.2815
53.4316
53.7821
53.108
53.409
54.3359
52.4413
52.2027
54.7714
52.6225
53.1555
53.6491
52.8334
53.5325
52.5664
53.4761
50.9962
51.3324
52.4237
51.8281
51.3195
51.7504
53.7325
54.3845
51.8029
51.1492
52.9001
55.0867
53.8046
55.9416
54.4377
55.1132
55.7472
54.1991
54.6685
54.6778
53.9865
54.4325
54.3226
51.2127
51.5396
52.8908
53.2963
52.1356
54.0099
54.2025
50.5991
52.4303
51.5992
53.3999
53.3082
51.9904
55.1145
54.568
53.3871
55.4163
55.188
53.2336
51.28
54.0045
52.4329
52.7887
53.0347
53.5405
52.5678
51.4507
52.7809
53.8321
55.56
54.9112
54.9789
53.6558
53.8537
53.0927
53.8456
52.2198
51.0226
50.8694
53.5083
52.2786
53.531
54.667
52.662
54.1043
52.5488
54.6153
55.2851
50.6381
52.9911
53.0413
54.42
53.7962
51.0077
52.5354
52.8902
51.1896
50.0563
54.2394
52.9416
54.308
53.1422
55.2015
52.5362
52.8572
53.109
51.8263
51.6053
52.5626
52.7179
52.1099
52.2648
52.0238
51.2484
53.6984
53.543
55.1306
51.5901
52.8279
52.4943
53.5217
53.9777
52.2486
52.9705
53.6792
54.9304
53.6409
53.3882
53.1828
54.1932
53.0861
53.7773
52.9326
52.5483
51.6126
52.4412
54.4173
51.6558
52.4846
53.7476
51.5932
51.9381
52.4419
54.3888
54.4721
52.8963
52.6975
51.2832
51.4116
53.0777
53.4939
51.6179
53.03
51.7412
52.0367
52.9129
52.7308
53.9852
52.8354
51.4493
52.0456
52.9982
52.1644
51.3598
51.5439
53.4162
53.124
51.6136
52.1486
52.2595
53.2253
52.7954
53.4864
51.5243
52.4715
53.0011
53.3409
53.3202
51.9557
52.0512
54.7653
55.69
54.0133
51.0798
51.2207
52.3015
52.1897
54.2723
52.1753
51.1908
52.1824
53.6306
54.3896
56.3212
53.6054
51.6504
53.1692
52.4242
51.6895
52.2123
54.6674
53.3968
52.4685
54.954
53.9565
54.4942
51.7676
51.3199
53.6779
52.8641
52.0787
53.5091
54.8243
53.2946
52.1991
52.4075
54.0141
53.3001
54.2168
54.3695
53.2893
51.3829
52.9039
51.2114
51.3944
52.8442
53.9364
54.1439
53.5579
52.6524
53.7615
54.3564
54.0776
53.2536
52.0736
52.2612
54.3442
54.6238
55.6444
55.0782
53.0767
55.1008
53.8722
53.7278
54.6504
54.8361
52.2546
52.2828
54.1078
54.8413
52.7244
53.4767
51.7145
53.647
52.8677
52.0602
52.9171
54.2228
56.1072
51.9918
50.6288
51.3852
53.2935
52.8932
51.3851
52.5304
53.3083
54.4387
54.1616
54.3427
52.6175
52.3798
56.6364
54.2486
54.1747
54.8961
54.2783
53.3681
55.6116
53.8226
52.0781
51.2808
51.0119
51.2126
53.7206
52.6065
52.8029
51.9763
52.5688
52.0972
50.8382
53.456
55.4095
54.4546
53.7259
53.4139
53.6188
55.3382
53.4495
52.3521
54.4254
54.5402
52.6064
51.6992
51.6959
54.7427
52.9391
54.0004
53.7643
53.7924
54.349
54.4443
55.543
53.2269
55.5345
52.2637
53.1341
53.3413
52.9989
50.6797
53.788
50.8499
52.3964
55.2295
53.9025
52.6026
52.0963
53.7665
53.4495
53.2979
51.8567
54.6576
55.907
55.6701
52.7907
51.5202
50.7803
52.2987
52.1757
55.0269
53.5944
53.2113
51.9407
52.2007
54.5398
54.74
54.4425
53.9858
53.4182
54.2469
56.0732
55.5422
54.4631
53.6485
52.2161
54.5213
52.9776
52.5937
52.5587
54.0047
52.0279
53.0938
56.7519
52.8461
52.6948
53.4597
54.4448
53.6748
52.8513
54.6905
56.5081
56.1245
55.1284
51.8099
53.6839
53.9185
55.2278
55.8112
52.8192
53.8449
53.8368
51.9514
53.0935
53.8776
54.8394
55.9879
54.0898
51.0724
51.4402
52.3103
52.2127
52.5224
54.4226
57.325
53.3717
52.8981
50.749
53.4446
54.5437
54.0485
52.0468
52.241
53.3631
52.62
54.6778
54.1982
53.1421
52.721
52.2239
55.5933
53.9585
54.5154
53.8012
54.9316
54.424
52.6292
52.6044
51.7696
51.4981
51.3827
54.2283
52.317
54.0045
54.961
53.4975
55.8549
54.0398
54.2604
52.9354
54.688
53.8826
55.6511
54.3858
52.8154
53.0591
54.6632
53.9693
54.8442
54.9632
52.5791
55.29
54.2927
52.7384
53.6057
53.2486
53.2223
52.071
52.883
50.2878
50.9616
50.7792
51.7971
52.6849
52.3837
54.1721
53.023
54.607
54.633
52.6625
52.9165
54.1819
53.1833
51.6563
51.0241
54.5227
53.1668
51.2061
53.0333
53.7071
56.1318
56.6566
54.6333
54.4485
54.7667
54.475
56.8162
53.5424
52.2288
52.8807
51.5578
53.8982
53.009
52.1103
51.492
53.3651
53.1152
52.7396
53.7148
54.1228
54.6173
54.4601
52.8461
55.8291
54.5411
54.3073
54.5292
53.6658
55.4992
54.4982
52.3311
52.7574
52.8087
52.9797
54.558
54.1679
53.2679
53.0264
49.7809
52.9864
53.8914
54.1084
51.8913
54.1545
53.1221
54.6284
53.4176
53.8424
52.9552
53.2801
52.6266
53.4519
52.1917
52.2602
52.2938
52.3636
50.773
52.8472
52.0949
52.3178
51.928
51.6919
53.0462
52.6216
51.834
51.58
51.5758
52.5186
52.2445
51.8758
53.2018
54.0732
54.6453
54.6803
53.1724
54.8207
55.712
54.8004
52.4299
51.094
52.0447
51.6387
54.9793
51.9188
54.4218
55.5987
53.903
52.7764
52.4613
51.101
49.6324
53.0539
55.0897
52.241
52.7352
52.5276
51.8881
53.4883
53.792
52.5094
55.065
52.1315
55.0623
54.191
55.2706
55.6266
54.1323
53.4161
53.3947
53.3318
54.0924
53.8163
53.6001
53.6254
53.6542
54.4725
55.794
53.4526
51.6742
52.0853
51.993
52.1715
52.9332
53.1075
54.4932
52.9321
52.7092
52.4887
53.4008
52.9507
53.2718
52.8868
52.9826
54.8004
54.1053
53.9256
53.5425
53.2135
55.3646
52.0207
52.7867
53.853
52.9366
52.52
51.6534
52.2198
53.2308
54.9878
54.0763
54.8802
51.1542
50.3515
52.6143
52.9277
52.5676
52.6288
54.5475
55.4729
53.5528
53.2406
53.8468
53.5433
55.9141
52.4586
50.8959
51.8876
52.3079
54.2299
54.2951
52.3648
53.9319
53.6369
50.4772
52.4709
52.8512
52.4297
50.4547
51.8253
52.0497
52.4449
52.4119
53.4166
51.247
51.1851
53.9112
53.6685
52.3025
52.5711
53.8021
53.6195
53.6124
55.4714
55.3786
51.7714
53.7788
54.1798
51.5254
51.3462
53.3469
54.9449
53.3561
54.3728
54.353
52.3218
53.0825
50.8161
53.846
53.8724
52.9971
52.5382
54.0352
54.1261
53.5617
53.2093
51.4652
52.5996
54.1052
53.3767
53.8047
53.3102
52.7465
51.1428
54.0484
54.6801
57.0412
54.0728
52.7107
53.7734
54.126
53.8215
55.4716
55.5796
52.6502
54.9479
55.9673
51.7959
53.685
51.8473
53.375
52.7287
51.7544
51.0678
53.6427
52.1079
53.9418
51.0347
52.6453
52.9916
51.8814
53.9636
54.2924
56.8106
53.057
51.6228
52.3265
51.9367
52.5452
52.8892
54.5049
54.6305
54.5976
53.6882
53.2011
51.4077
52.4511
52.211
54.422
52.5991
54.3254
52.8233
54.0145
54.2056
53.5439
52.8294
53.7164
53.9609
54.0824
53.5291
52.8044
52.1575
53.8555
55.1565
54.31
53.6573
54.6004
53.9068
55.2241
54.0742
56.8506
53.6541
55.4764
52.9364
51.7042
52.0206
51.2595
49.839
49.8548
51.6918
52.1583
51.5383
53.1584
53.144
54.8623
54.293
54.2815
55.4391
53.4904
53.6206
53.2515
54.2966
53.7809
53.2543
53.1636
53.9717
55.3801
54.9111
52.0702
54.9097
54.9057
55.7486
52.8235
51.7595
53.7311
51.9586
54.6521
53.8302
51.7685
52.8709
52.0533
52.5134
51.5474
50.7212
52.742
53.5383
53.3813
50.6338
53.5374
53.4751
51.3419
51.411
53.4141
53.2621
55.574
54.9404
53.7677
53.6932
54.4854
51.7285
53.0297
55.195
52.28
51.884
53.1657
53.5601
51.8218
52.6179
54.0268
54.7207
51.5032
52.6974
53.511
52.6513
54.3787
55.4623
53.8602
55.445
55.913
54.7625
56.2853
57.931
52.3945
53.5401
53.3426
52.5098
54.9995
54.6759
55.0773
55.7878
53.1427
51.9604
52.5913
53.5806
54.0922
53.3339
51.0632
52.0267
54.6455
54.4743
53.1796
55.3243
53.243
52.567
53.0905
54.0002
54.8256
56.4249
54.1666
54.5835
54.1655
52.0648
51.7933
51.6924
51.4583
52.1546
54.1351
52.7802
51.5612
51.9675
50.9452
51.8315
52.9122
52.2114
51.8986
51.7065
52.5323
52.7864
53.2178
53.9225
52.8419
52.6754
54.1649
56.7273
55.8292
53.9627
53.7565
52.5416
53.9248
52.688
51.4452
52.2743
53.2977
52.128
52.3002
51.7619
52.7001
52.193
52.3274
52.8141
53.2342
52.471
52.2186
52.1761
53.2556
54.3822
53.8711
53.6534
53.8435
53.8171
52.3387
55.2283
56.1164
53.306
52.823
51.7451
51.7691
51.4708
52.9273
55.401
53.1093
53.916
51.9965
52.8865
51.2982
53.3911
52.7369
50.9828
50.5923
53.6396
55.2761
54.1287
52.4018
53.002
55.4471
53.3844
53.713
51.987
51.4544
52.1851
53.349
53.2278
53.6839
53.1111
52.7276
54.9526
54.5206
53.5836
52.2877
51.3467
53.5884
54.4782
54.0494
52.2685
54.2552
53.324
52.8863
55.5265
52.8827
53.8652
52.794
54.0926
54.1034
54.6946
53.424
53.3032
52.5925
54.3571
54.8395
53.1886
52.723
51.8501
52.7324
54.7934
54.0209
53.4828
52.0677
53.6537
53.9595
53.771
53.3044
53.583
52.9595
53.8293
52.4753
53.3729
52.3129
53.1281
52.3356
53.0299
51.7852
51.138
52.2013
51.7115
51.2945
52.613
53.0305
52.6104
53.5134
51.7704
52.7793
53.5966
53.5419
55.1432
53.8096
53.575
52.8699
52.9357
52.6593
54.6301
52.471
52.3734
52.115
51.742
52.6594
51.2655
54.5714
53.512
51.4915
51.6714
54.5461
53.6678
53.4099
54.9564
53.345
51.9375
53.8285
52.3136
54.398
53.8446
51.4946
51.9059
51.581
51.7583
52.7174
53.5786
54.5256
52.4374
51.0471
49.2932
52.1689
51.8979
53.1339
52.3447
51.958
53.2001
51.7408
50.3779
51.9712
51.0999
51.5337
52.3521
53.3786
54.0567
53.4954
52.4858
52.6184
53.9402
52.6342
54.7248
53.2671
51.947
52.8596
52.5081
51.553
52.272
54.5917
53.266
55.1183
54.8595
51.7724
52.0093
52.7184
51.5991
53.0626
54.1703
53.5693
52.5171
51.932
52.087
51.1979
51.5968
51.893
52.5272
53.6206
50.8628
51.9577
53.1244
54.3698
52.4833
54.3144
51.8851
52.4076
52.8379
50.5805
53.2984
51.6008
52.655
52.679
52.0185
53.5139
52.5191
53.9263
52.3565
53.6618
53.9894
53.6711
53.4531
53.699
55.1982
51.4761
52.2978
52.4661
51.0615
51.7694
52.1885
53.8955
53.5145
54.5471
55.2057
52.5025
51.355
51.9094
53.737
54.1045
51.8878
52.1708
54.2537
52.7443
54.4906
53.2734
52.4946
54.0281
53.5944
54.6292
52.2786
54.9268
52.4156
51.4184
52.7059
54.1245
50.9577
52.2673
52.5206
52.7073
52.4105
53.9805
54.2409
55.3063
53.4089
53.4418
52.1815
51.6806
51.5388
52.082
51.5574
54.2815
54.2497
53.9471
53.6005
52.4634
55.1281
52.9951
52.1957
54.979
53.9451
52.6853
51.6104
53.6538
53.6024
51.4289
51.8653
54.0006
53.2207
53.0105
53.7005
54.006
57.9004
53.0786
50.9558
53.1011
52.6745
53.0849
53.5467
53.669
53.1538
53.0275
53.7605
55.0597
55.3556
54.6968
52.3284
52.0325
53.644
56.1509
55.5408
54.3255
55.2935
54.5036
55.2712
54.237
53.9247
53.9009
52.7076
52.9233
55.1117
55.0227
55.21
53.2309
54.8137
53.3727
52.8208
52.1472
49.5691
50.4984
50.2422
51.0267
52.4051
53.3428
52.7481
52.5749
52.416
54.5578
54.5689
52.4497
53.6147
52.9805
53.5169
53.6194
54.358
53.6503
52.9618
52.6443
52.0206
51.0682
51.872
53.828
53.9757
55.4647
53.9954
54.3105
53.0955
50.0267
50.5628
50.3949
49.7179
52.6267
51.8461
53.3522
53.5251
52.3677
52.0638
53.5069
51.2572
51.1718
52.6793
52.1454
51.6656
52.4794
52.0245
51.3797
52.4939
50.4399
50.0622
52.5777
52.5819
53.9837
52.8726
51.9304
52.9023
52.4929
52.7936
52.0808
51.8241
52.5347
52.085
52.8567
53.6687
53.5113
53.455
53.1444
53.3821
54.3956
53.692
53.7504
51.6189
51.9707
52.0271
50.5753
51.6043
53.4432
54.418
54.2793
51.2192
53.5157
54.0911
53.6978
50.5365
53.0768
52.8458
51.5434
51.8692
52.4262
52.6699
52.4651
51.9773
52.4153
52.6911
51.5678
53.9343
54.0466
52.3293
53.3192
53.9113
50.9816
52.3581
53.5487
52.6202
53.5192
51.7228
51.464
52.0764
52.2892
53.5451
51.1668
53.6065
53.6502
53.1662
51.9075
53.7464
56.1617
54.9382
54.1716
53.6286
55.6845
50.9337
51.9163
52.9919
53.5726
53.8647
53.3983
53.5921
54.5448
53.7986
54.0081
52.3095
54.9339
54.4805
53.2176
53.836
51.8146
53.0223
53.0353
52.8012
53.3182
55.3745
51.672
53.857
53.6646
53.4536
51.651
53.5336
52.6829
53.2479
53.5187
50.8234
53.3092
53.2153
55.433
54.9569
54.3453
51.2345
53.0719
54.3285
52.115
53.107
55.4367
53.6975
53.4744
52.4836
50.1766
52.48
54.2311
52.2917
53.6355
52.5927
51.9542
53.3823
51.1493
53.0789
53.3047
54.6861
53.9823
53.6184
52.7796
52.2484
52.4979
52.7634
52.5566
51.7163
51.7131
53.776
54.4643
53.153
51.0728
52.0035
51.1546
50.9714
53.1849
50.7277
52.1455
52.7736
55.8361
55.261
54.2057
52.2424
52.9514
55.1088
52.8894
52.9687
53.7474
54.3772
51.0779
51.6459
52.8189
53.0747
52.5235
51.6924
51.5016
52.3505
52.2082
52.8878
52.7292
52.5488
53.1517
53.5566
53.1864
54.5169
51.6307
53.0787
53.1941
51.0319
52.6507
52.4071
52.7652
52.4912
51.3715
53.7357
54.1078
55.2147
55.5696
54.5292
53.6818
54.0469
52.1662
52.7377
53.5623
52.9402
53.2909
53.6032
52.8497
52.1008
51.0693
51.0909
53.1992
54.6158
55.3411
54.8441
51.3636
52.8433
53.9735
53.2579
52.9504
52.6192
54.6719
52.9748
53.3733
52.7767
50.9766
51.2137
51.2141
52.6219
53.0634
52.0007
51.7742
53.2328
54.7119
53.9817
53.6749
53.7359
50.8337
51.0456
52.084
52.5282
52.3314
52.883
53.2459
52.624
52.5148
53.0916
54.6549
51.9365
52.9496
54.6293
53.1501
52.6691
52.3446
53.8174
54.1086
52.7741
51.6894
51.8523
51.58
51.6322
54.2897
54.1457
53.1736
54.9815
53.0784
52.4593
53.4422
53.0446
52.1611
54.9224
52.8797
52.7544
54.9834
52.3355
55.218
50.7179
53.1783
53.1383
53.4239
52.6683
53.6163
53.7967
52.4105
51.4251
52.1
55.483
53.3174
51.2221
54.2821
54.5732
53.7325
53.3363
53.5374
52.5735
52.9555
55.538
53.5656
54.0742
55.6867
56.0182
53.6104
52.5644
51.8428
52.3337
52.867
51.139
51.9334
53.0939
53.5765
52.9897
54.6116
53.7514
52.4537
52.9759
52.0743
51.3968
52.1214
53.4987
52.3963
52.7857
52.7218
52.3164
51.6764
52.6713
51.4957
53.3916
54.8594
55.595
53.8293
53.7649
53.085
52.7708
55.0447
54.0527
53.3478
50.2117
52.1451
53.5702
55.2546
51.6942
53.0678
52.9012
54.0889
52.5481
52.9917
52.6601
52.7459
52.838
53.0961
55.4874
54.2564
53.3372
55.7713
53.5623
51.5247
52.0701
52.1707
52.7606
54.036
54.0459
54.1831
52.3633
53.6124
53.4451
53.3809
56.163
53.8461
53.0361
53.6053
54.4525
52.8973
52.034
52.8235
52.9732
50.5603
51.8887
52.1917
54.2427
55.4918
54.3735
53.5662
53.7343
53.5874
51.6253
51.572
51.4578
51.6505
52.6719
54.8081
52.7396
53.4346
54.8304
53.8662
53.3873
54.2836
54.2299
55.1391
55.7953
53.9326
53.1993
52.6164
52.3805
51.7762
54.4641
52.4195
52.7019
52.6886
54.3863
54.3723
54.2751
53.9245
52.6001
53.091
52.8759
54.7561
51.5193
52.6099
51.1231
52.332
50.5504
53.014
54.3353
53.8644
53.0198
52.9588
53.1636
50.8302
52.3863
54.3158
52.7949
51.805
51.1686
52.8541
52.0538
50.994
53.2538
52.5099
53.7117
56.2795
55.4658
54.4924
54.7399
54.5405
52.2244
52.8183
53.65
53.0877
52.7059
52.0018
52.0766
52.8322
53.5944
53.6836
53.2674
51.8975
53.1161
52.6437
53.7283
53.18
53.4662
52.1299
53.4543
54.0179
54.308
52.9346
52.9568
53.5067
53.6409
53.5329
51.9406
53.3688
53.6155
54.0456
52.6187
54.2439
56.2328
51.8809
52.0443
55.6861
55.5865
55.398
53.9564
51.0896
53.7329
54.201
54.2866
54.4984
51.5355
54.1265
52.3837
52.6506
52.1289
52.8488
53.3619
52.869
51.9698
52.8826
53.7974
52.9664
52.8702
52.7848
52.4838
53.905
53.5085
52.293
51.6876
52.6105
52.6083
53.7491
53.6062
53.1643
50.8213
51.8448
52.4868
53.2751
51.0296
52.7097
51.8058
53.6371
54.3213
52.8626
53.8926
54.2645
53.5421
54.5415
52.7118
52.466
52.125
52.1086
53.1231
52.3385
52.8682
54.1815
52.7607
53.0788
55.1203
53.959
54.1279
54.4941
52.5051
53.489
52.4625
52.9211
54.4072
53.148
51.8973
53.2127
51.3848
53.8311
54.0099
54.4566
51.6889
53.3505
51.282
51.8526
52.4735
51.3725
52.9301
53.3717
52.8043
53.5887
54.2971
54.4473
55.7813
54.6313
55.1732
52.7403
52.0018
54.0356
52.5536
51.5033
51.3445
51.8993
52.6514
52.1923
54.9749
53.194
54.5891
53.7851
50.9592
51.7306
52.9463
51.9647
54.046
54.1539
53.3674
54.167
54.5299
55.2668
54.4857
52.193
52.8129
54.5304
53.3015
52.3208
51.8373
51.3415
54.1577
54.0176
53.7989
52.0348
51.8409
52.3873
51.2818
52.5305
54.2938
53.3283
52.3166
53.4685
54.0978
52.0555
54.3217
52.8587
51.9392
53.4399
54.0132
53.9579
55.4233
54.6522
53.2038
52.8638
52.5065
52.9228
52.7076
52.4656
53.3813
53.2528
53.5921
50.6169
52.2056
52.0958
53.2907
55.358
53.6303
52.1275
51.5155
53.8336
54.744
55.1562
54.9247
53.4972
52.3974
52.4978
52.7745
54.2004
52.7645
53.2477
52.2501
53.1921
53.4534
52.3085
51.883
53.9652
51.0959
51.9374
53.1708
53.0706
53.5823
52.7636
54.2647
55.0169
51.3597
51.9397
53.3318
53.7613
53.4897
54.7473
54.737
52.8009
54.5929
54.2795
55.0066
52.7422
54.0557
52.072
51.8624
52.696
51.7488
53.5658
51.4923
52.7781
55.2094
54.8503
53.1394
53.1723
54.962
56.8081
53.6244
53.416
53.2938
53.947
50.6466
52.479
52.5596
52.9552
52.4038
54.2221
53.1239
53.5484
50.7454
52.5253
52.3557
54.8315
52.9852
51.8083
52.3502
54.1645
54.9127
53.785
53.1951
57.0776
54.9653
53.945
51.0403
51.6786
52.3098
52.7895
53.6323
55.1342
52.4966
51.2315
51.9751
54.5542
53.7046
53.6679
53.2295
53.6652
52.5436
53.9784
51.7937
52.5298
53.9282
53.2599
51.6658
51.639
52.6981
51.7452
54.8321
52.6969
53.0902
52.1607
54.0642
54.1202
52.099
54.4641
55.5954
55.0104
55.4065
54.6694
54.483
52.3997
51.2484
49.8848
51.8999
52.8699
54.0305
52.0785
52.3088
52.2773
53.1319
52.9722
55.7833
55.571
53.6112
54.628
53.7385
51.1155
53.7336
53.7302
52.4253
51.9163
51.1914
53.7586
53.6091
52.5449
53.4178
52.05
52.1541
52.706
51.9389
50.0102
52.1842
53.6172
52.8476
52.0637
51.2335
53.0792
52.6045
51.8973
51.155
53.5428
54.2825
51.3833
50.9592
53.6046
52.7732
52.7921
51.3682
53.1059
51.3046
52.0776
52.8039
52.1344
52.4246
51.4163
52.691
54.7686
53.6819
53.294
53.7896
52.7679
51.8033
51.2841
53.5471
55.6792
55.6594
53.3636
53.5298
52.4954
53.1232
52.4652
53.1325
52.2924
51.8141
53.4782
50.3914
53.3906
53.3993
52.2148
51.8443
52.7248
53.4566
52.7743
51.0984
53.8253
52.8465
52.8314
54.3661
54.0971
53.2915
53.2553
54.0667
53.6347
54.4457
52.6375
52.1874
53.6253
55.2839
53.6165
53.4303
51.2021
52.4866
56.0089
53.3875
56.0564
51.5594
52.5996
51.5578
52.1643
52.6751
52.167
53.8467
53.4096
54.5622
53.3615
54.0961
54.0859
54.4739
53.6327
52.733
52.6339
54.4389
53.3536
53.1431
54.8088
57.7635
54.7472
55.07
55.4719
53.4444
53.0948
53.1224
53.2539
53.3252
53.7327
52.0161
54.7764
53.2119
54.0796
53.0246
54.535
51.9726
52.3949
53.3446
53.3172
53.3705
52.737
52.068
50.0671
50.9422
52.5194
54.3351
53.6653
56.7499
53.4187
55.0874
52.4999
52.8151
55.1941
54.0857
55.8378
52.3622
55.7506
54.4026
53.4816
52.7949
53.9032
51.8504
55.5412
55.4217
54.9604
54.307
52.7784
52.2967
52.6079
52.1337
53.3837
54.4385
54.5561
52.5722
52.8358
51.5976
52.0826
54.4407
54.5521
52.9698
54.6052
54.205
50.9458
52.1932
54.7423
54.7238
53.4452
52.0549
53.6349
53.3252
51.8847
52.5066
52.3434
54.6434
53.0686
52.9509
54.3288
51.8769
52.8931
52.726
52.8037
54.5634
53.406
52.6716
52.3613
53.8266
52.7522
53.3029
53.6302
54.5092
54.5408
53.6095
52.7241
52.7741
53.7543
53.4594
52.7844
52.5468
52.5907
53.7306
54.3311
52.7491
54.7253
52.6126
51.8298
53.0684
54.1903
51.311
52.9239
55.249
54.4186
53.9489
52.3254
53.7863
52.3566
53.3212
55.0497
53.9273
52.4538
51.6568
52.7511
53.1363
53.1247
52.9614
54.0591
53.1755
52.9696
53.1588
52.2294
52.8543
55.1055
54.4809
53.6675
53.802
54.2516
54.6626
51.9683
54.5017
51.8668
53.542
53.9162
50.8328
54.3714
51.7711
53.6317
53.9999
54.5703
53.7339
53.3294
52.114
52.4629
53.1746
51.2426
53.9987
53.1848
54.1456
52.2077
53.2572
54.5156
51.7464
52.3345
51.0573
52.5273
51.7891
52.4528
51.7784
52.4045
52.0093
52.9433
51.8636
51.5722
53.4707
55.1083
52.0917
53.8845
53.1404
52.304
53.8779
52.2823
55.7669
52.591
53.5948
52.5306
54.6099
53.3561
53.5381
51.8219
51.3993
49.7259
52.0687
50.073
51.7909
51.8832
53.1267
52.4729
54.9075
53.8628
52.9932
51.5018
50.8515
52.36
52.6641
54.1827
52.2366
53.432
52.9089
52.5369
52.1787
51.7067
54.2738
52.8134
52.1057
52.377
52.1163
53.9666
53.1632
52.2245
53.5871
51.5582
52.1969
53.1943
53.3208
52.8305
53.5587
54.4669
52.9343
51.1054
51.5854
51.9298
53.5104
54.1231
55.5604
52.5564
54.355
53.6765
52.5342
53.1949
52.1661
52.9685
51.5809
53.9914
52.244
53.5286
50.6505
51.7996
53.5408
53.5509
51.9602
53.6524
53.2561
54.4417
53.6867
49.9865
52.3355
52.5878
53.5919
53.6917
53.8493
50.2696
53.2372
53.5705
53.5597
51.028
52.8074
53.9105
53.117
53.2827
53.5478
51.4443
53.686
55.2023
52.6811
52.8342
53.3222
53.1459
52.3712
52.4376
52.2271
52.9511
55.5715
55.7366
53.6196
51.9246
51.6229
51.746
54.0563
53.1322
52.3863
50.7228
51.2977
53.7509
53.347
52.9222
52.4972
54.3201
51.8545
52.4819
54.0623
52.9855
55.0039
54.3952
53.0611
56.7206
56.2656
55.9751
53.613
54.7891
52.0337
52.3999
52.7112
55.3165
53.1592
51.7652
53.5802
51.5085
51.1195
51.527
52.0376
55.3922
55.2342
53.7507
53.5987
54.2846
53.431
51.6008
52.2253
53.3739
51.6739
51.7733
52.0789
52.7865
54.0839
53.022
52.0492
52.1248
54.7772
53.1341
53.3831
52.7721
52.924
53.0964
53.1072
54.9496
54.4937
55.8678
51.2934
50.4918
50.6954
51.0553
50.5345
51.254
51.0346
51.8921
52.4608
50.5053
52.1168
53.07
54.147
53.6179
52.7698
54.2082
51.8267
53.4583
52.5529
51.8026
52.1241
52.2388
54.3374
52.159
53.2476
53.5985
51.0724
53.7165
52.9998
52.9882
53.7863
55.22
53.088
52.0979
52.4609
52.5003
52.6659
53.661
53.8386
53.8365
54.4101
52.9114
53.0814
55.1113
55.0455
53.6556
53.8685
51.1963
54.0367
54.0183
53.8572
51.9582
50.9165
51.958
53.6065
53.2689
54.2511
54.5796
53.9707
54.5508
54.6545
53.7663
54.6577
53.9871
52.966
52.0915
52.502
52.2747
55.3317
55.9002
53.405
53.3344
52.4708
51.398
52.239
50.6901
54.6713
54.2056
52.7138
55.267
55.1608
52.4754
51.837
51.9159
52.4437
52.5934
52.9948
51.2302
52.8443
51.7227
51.4847
51.1589
51.0668
53.7167
51.5678
53.317
55.4113
52.8917
51.6592
53.4421
55.2873
53.6969
53.3424
53.7142
54.9002
53.7085
53.4709
53.0744
55.6056
54.0155
53.7287
52.2192
53.4561
55.0506
53.0135
51.6808
51.1396
50.499
50.8537
50.5537
52.5096
53.1549
54.5146
57.8249
54.8915
55.2571
51.0061
51.6203
54.0032
51.1862
53.5784
52.3045
53.7747
53.8326
54.721
52.7497
53.4613
54.257
53.0083
53.4001
50.478
52.7161
51.3032
50.1575
51.6539
52.5342
54.8031
55.0267
53.2971
51.9015
52.2197
52.5395
52.9771
53.1142
52.5758
52.5927
52.3897
53.8881
52.2864
51.7975
50.5912
50.3821
52.4562
52.0774
53.4572
52.9498
53.3025
51.7342
51.9709
51.9478
51.3801
53.7816
55.7325
54.9855
53.176
51.8699
52.2632
53.7283
55.3951
53.9516
55.5367
55.7685
57.7935
56.4658
55.2339
55.1465
54.325
53.2118
53.4112
53.5918
54.216
55.14
54.2778
54.0906
52.6474
50.2515
53.0278
52.466
54.0959
53.5305
51.7
52.0113
51.9834
51.5867
51.8828
52.0117
51.7332
51.7038
51.2804
55.6994
54.9324
55.7979
55.8247
52.0852
52.3896
52.0781
53.0305
53.6173
55.0822
52.8041
54.3953
52.3245
52.0167
51.4852
51.2189
54.3605
53.9582
52.2086
53.3615
51.941
52.2196
53.1839
52.9501
51.289
52.4342
53.8221
52.9049
52.119
51.7475
51.6094
51.5493
53.4172
51.4202
50.4188
52.1781
50.631
53.2345
54.8023
54.2936
55.4201
53.4276
54.3569
53.9976
52.0256
54.4147
56.0118
54.0758
53.503
54.4811
52.8683
53.684
53.742
53.914
53.901
53.227
52.6754
55.8001
54.1441
53.2225
53.1151
52.8635
52.2413
51.9362
54.097
52.8182
54.2535
52.169
52.0288
51.8263
53.4563
53.1664
53.9534
55.1046
51.8528
51.6773
51.7288
53.8309
53.2059
53.3861
54.7888
53.0886
55.3196
50.8843
53.6786
54.0055
53.5899
54.5056
52.0149
53.0774
52.5019
53.4312
54.5772
52.3875
51.6085
53.8261
54.6429
52.9046
52.6492
53.3894
53.8108
53.2806
55.1743
53.4314
53.6449
52.9085
53.9425
55.4998
56.7523
53.1943
50.8062
54.5722
52.7187
50.8993
52.0513
55.7031
54.6381
55.0708
53.3294
52.0601
53.3183
53.1833
54.9645
54.7672
53.4787
53.1169
51.3705
53.0934
53.0946
52.0864
51.81
52.7021
53.9606
52.7204
53.2622
51.7282
51.7329
54.1485
53.5972
52.6142
53.4257
54.1725
53.5206
51.7024
53.675
53.8292
53.7637
53.204
53.172
52.7172
53.2895
54.9109
53.4666
52.3882
52.6335
51.8546
52.9323
55.3189
52.4371
52.7502
52.7116
53.1584
52.6094
55.1887
54.617
56.2199
54.852
53.3987
54.5694
54.0972
52.3532
53.7077
53.3781
50.7668
52.5538
52.0524
52.2536
51.5667
51.4422
53.7481
51.5562
52.3486
51.6741
51.5285
51.4293
54.3448
53.5131
53.7091
51.438
52.4643
52.7147
51.6278
53.9169
53.0483
51.5569
51.5104
51.0238
53.4607
52.4981
53.6932
53.2298
54.0401
52.6288
54.3784
53.6202
52.91
52.8574
50.8766
50.4899
51.6256
54.4437
52.4171
53.4561
53.5017
53.0759
54.9136
53.6961
52.6337
53.3457
52.5694
54.7509
53.6269
53.6902
52.7666
51.7412
53.3311
50.3351
53.2463
53.2815
52.4937
54.2893
52.2106
53.2119
53.5868
53.3947
53.9701
