162.243
155.7
147.742
141.527
135.564
130.341
126.024
122.565
119.841
119.385
114.707
113.914
114.001
112.33
108.166
106.88
105.481
104.306
106.071
104.861
102.45
99.7997
97.8415
95.5908
96.6623
95.7256
93.1251
94.7902
95.3559
95.098
92.0427
91.5479
91.1687
89.2265
87.2384
88.5471
87.306
87.0497
85.5612
84.3759
83.2742
82.7818
83.9405
83.6568
81.4445
81.0299
80.3751
80.3722
80.7962
79.7595
78.6127
75.7884
75.2272
75.6061
75.2185
74.4853
73.2322
74.4245
73.3784
70.8978
72.5956
70.147
69.9777
70.8132
72.508
72.5585
70.7126
71.2747
70.7854
69.8791
70.9087
71.5998
72.4965
71.6156
70.0816
70.3482
71.2345
70.8191
68.2918
67.1191
68.2094
71.6345
71.841
68.3497
67.9877
69.076
67.7226
68.0023
68.1018
69.8509
66.1571
66.9924
66.1623
65.9726
67.447
67.3242
69.7213
69.7393
67.7757
64.6789
66.0136
67.1746
65.9286
65.5818
67.098
67.7004
65.4741
66.3206
65.1062
65.9404
66.7158
64.4471
64.9412
64.0405
64.7787
64.9048
63.2182
64.0225
63.0752
63.4175
65.5752
64.2995
64.6199
64.2416
66.428
63.8425
62.9355
63.4711
64.2077
63.5584
66.0512
62.565
61.782
62.2916
61.919
61.3182
62.7407
62.2459
61.3945
63.8023
64.3254
61.542
61.6249
59.8313
61.8671
60.9898
61.653
60.1645
61.8211
59.0878
60.749
60.9602
60.3047
58.8379
61.6102
64.0748
62.6267
62.6231
60.0117
61.4391
60.2721
60.2452
60.8895
60.2591
57.2397
57.7521
57.6255
58.6914
59.9072
58.1544
59.2694
58.4102
59.4499
57.8459
57.8515
57.8395
57.4439
57.5796
57.5539
57.7848
56.948
57.5689
58.844
58.8308
57.7668
56.8435
57.98
56.3135
56.4403
58.3715
58.6509
56.9023
57.5599
57.4213
55.2096
56.4373
57.2785
58.2774
57.8112
58.6479
57.4605
57.2852
54.9401
56.0118
56.4672
57.6781
59.3723
58.2224
58.8183
59.1051
57.9034
58.1209
58.7483
56.9553
58.8551
58.6913
60.4468
58.1629
57.4868
60.0023
60.3287
57.9506
57.2141
60.1818
58.8019
56.5387
55.8328
56.2128
57.1565
58.6454
56.818
57.2667
58.2382
58.3608
57.7313
57.2644
56.1316
56.6069
56.8885
59.0702
56.7718
58.6813
58.9384
59.3496
59.3148
56.4418
59.2656
59.6126
59.6513
58.0588
57.4349
59.6714
57.9484
57.9828
59.0846
59.1172
56.2608
56.9251
56.5724
57.5441
57.2957
57.1641
58.4146
60.2909
58.3537
57.5076
57.6737
58.6968
57.2546
56.0959
56.4696
57.6765
56.733
56.1764
57.7698
58.4008
57.5704
55.9845
55.0287
55.7442
58.7784
59.244
58.8729
57.3891
56.4651
57.1198
56.9303
58.3025
58.7031
59.5878
59.7692
59.2031
59.8434
56.8411
57.1567
56.8985
57.7222
55.8313
57.9157
58.4548
57.4935
57.285
56.9841
57.1978
59.4334
57.7573
58.8068
57.3576
56.3017
56.8336
56.0999
57.6187
57.9269
59.066
59.1632
58.4984
58.7835
59.7555
59.3295
57.3105
58.2697
56.7472
57.0841
58.1844
55.5474
57.2211
56.6408
56.7313
59.5255
59.5534
56.4081
57.5472
59.988
57.7818
61.1728
57.8942
54.3011
58.6078
56.9245
55.7526
56.1639
56.7666
58.6974
56.5074
56.581
57.3792
57.2891
58.1113
58.1974
59.4873
56.1087
56.8422
58.4089
58.1974
55.8347
57.4203
56.7207
56.5524
58.6457
59.6201
57.5223
57.7855
55.9764
58.2084
57.1157
59.6322
56.5141
58.7479
59.4646
59.7464
58.3385
55.8192
57.9687
57.9522
58.4166
59.4044
56.1605
56.879
57.7145
55.806
56.4488
57.6709
58.9368
59.6721
58.4453
60.2849
57.615
58.0199
58.0066
56.7343
60.4213
58.663
57.4309
57.8297
56.8908
58.3402
59.4159
59.4069
58.3185
58.4528
58.2693
57.9423
57.3474
58.6947
57.179
56.3548
55.7064
55.0187
56.6279
56.5707
58.295
58.5854
58.2446
57.8704
56.796
56.3014
56.3691
58.5021
57.4101
57.2867
58.0288
58.65
60.8914
57.8977
56.6047
55.6889
56.6692
55.2653
55.0365
56.3899
57.7374
57.439
56.6895
57.2681
55.6501
58.2617
59.6377
55.4414
57.3344
59.2914
55.6461
55.9855
57.3408
56.1363
55.7884
55.1524
58.1531
58.3246
59.0263
57.2396
57.546
56.8415
59.7001
59.0375
61.3009
58.3748
57.2542
57.954
56.6911
57.455
58.8299
58.1937
56.1235
55.9637
55.7729
57.3293
57.8709
57.4335
57.1989
55.6197
56.9056
57.0098
56.2827
59.4572
56.4003
55.782
58.3811
58.4141
56.4745
56.572
55.7751
56.0117
55.9129
56.2072
55.692
55.9973
55.0991
55.0676
58.2638
58.779
55.6692
57.8142
56.0208
57.3383
55.2893
56.1056
55.8134
59.8215
57.6023
59.2551
59.1043
59.2049
58.2757
56.638
57.4187
56.5117
57.5908
59.5691
60.122
59.3847
57.987
57.6991
57.2337
57.0693
57.721
57.2107
56.7835
56.7872
56.9623
60.4688
58.1342
58.6933
59.873
58.0072
56.9867
60.6332
60.3748
58.3021
58.768
55.8872
56.4786
57.4442
57.2635
58.3476
57.7545
57.4503
59.1814
57.7652
57.2566
55.4975
59.3746
61.2112
59.4627
61.7663
59.0199
58.7909
56.4044
57.9278
59.7731
60.4357
57.9902
57.7224
56.8912
57.3236
59.265
58.7453
59.4072
57.7672
57.2508
56.433
55.5826
55.5264
58.2674
57.4497
56.9175
59.1232
59.6372
55.0835
56.0079
58.2858
56.7085
56.8768
59.2897
56.9532
58.0929
56.547
56.3375
54.6512
55.1837
57.8492
56.427
56.0355
55.8723
55.4426
55.7381
55.9753
56.0487
55.9363
55.9055
54.6219
55.9103
56.1724
57.4219
58.0461
60.1428
57.2254
56.7754
56.2496
54.8032
55.0346
56.4593
55.5336
56.9146
58.1095
56.6791
57.0708
57.0071
57.8369
59.7789
58.0282
59.3482
56.5642
58.4163
55.529
57.6986
58.3438
59.4224
57.8719
58.2203
55.3144
56.2575
56.8528
58.4259
58.6831
54.2671
56.4181
56.3209
54.796
56.3286
55.7395
57.2868
56.623
59.3088
56.3968
59.2363
60.4552
56.7828
56.0734
56.0809
56.1628
55.9894
58.0799
57.6143
56.9984
58.2643
57.1624
57.2304
57.3411
58.0402
57.56
56.4457
56.4458
57.1445
55.8615
55.1646
55.7628
55.6123
59.4051
55.8493
56.0891
56.812
56.6542
58.0788
56.431
56.8305
57.4693
56.461
56.6165
56.3973
57.5628
57.9219
56.8838
55.0391
56.3357
57.0178
57.4353
59.9125
58.9524
57.0092
56.542
59.0593
56.93
57.2983
58.3273
58.7683
57.4525
57.9407
59.2129
60.4468
61.6016
53.8451
55.0443
55.5607
55.4769
57.1675
56.5131
56.0904
56.2013
56.5754
57.2743
56.7515
57.9594
59.8456
57.5077
56.7103
54.8162
56.7169
55.0835
57.0419
57.4988
58.595
57.8739
59.4099
59.5838
57.6753
58.769
58.8858
58.5713
56.0091
56.4423
56.8301
57.2255
56.4167
57.2124
57.5143
57.5801
56.8694
57.7461
57.6477
55.7387
56.8175
56.0384
58.0339
59.3495
58.2273
57.7579
59.2246
58.2116
58.2157
58.7755
60.5616
56.8111
56.309
56.6547
57.5502
56.6542
55.5501
56.1357
56.3402
57.8479
57.4517
55.9546
55.9936
58.5993
59.8044
56.8936
57.7455
54.8688
57.91
56.4341
56.3824
56.0158
60.0168
59.9118
56.4675
59.257
58.8091
56.7724
57.1312
55.5961
58.9497
58.4664
56.0628
57.3773
56.83
58.0476
59.3977
58.4349
58.0689
56.4706
56.8306
56.2603
57.2526
58.4105
56.6754
58.072
58.2721
60.688
60.1474
57.2394
58.7572
56.6654
58.072
58.2016
56.9074
56.1461
56.6806
55.5031
57.2087
56.8873
57.6153
58.3757
60.5329
59.1603
56.6294
58.7958
57.3109
56.744
58.3782
57.3883
58.5154
55.6013
57.3549
57.8661
57.5928
56.2707
59.4332
58.1012
56.8329
57.3891
56.4817
57.9428
57.9961
59.5919
56.2288
56.5108
56.1939
56.4886
57.8449
59.6995
55.7844
55.3602
56.0314
55.9137
55.4241
56.715
58.053
56.9472
59.444
56.4305
59.0557
59.5009
59.2225
58.305
57.9028
56.3748
55.3537
56.5355
57.7973
57.7574
56.9603
59.0343
57.8391
57.4195
57.5947
56.6797
58.8277
59.5627
56.985
56.8753
56.3707
56.3138
59.5496
58.5484
58.6541
58.3736
57.1868
57.2172
56.9389
58.0501
55.8088
55.0707
55.1977
59.0598
56.2202
56.5797
57.3916
58.094
57.0586
55.1243
57.499
55.9192
57.0828
56.3923
58.349
56.4472
56.94
56.2873
55.883
56.172
57.6182
59.2254
56.891
59.0604
56.5729
58.9181
58.1813
57.8343
58.9535
58.0132
57.157
56.1413
55.4189
56.2909
57.4467
56.8241
58.7259
56.6413
56.8773
54.5843
55.5294
54.1003
56.5743
55.9671
57.106
59.0316
57.3843
57.921
56.4587
57.9039
56.1759
55.9283
57.6001
61.1099
58.9786
57.3431
56.0856
54.4123
56.6951
56.7718
56.6793
56.5986
58.5445
58.7745
59.0657
57.9633
57.343
57.934
58.5758
55.5654
57.7839
58.492
58.8672
58.8414
58.4003
56.4393
56.0305
58.7808
58.2142
57.5331
55.7096
57.9284
57.4601
57.6915
59.9811
56.9963
56.5227
56.5984
56.7474
55.637
56.3183
56.0269
54.6619
56.4752
58.523
57.3298
56.675
56.5093
58.2029
57.1564
56.9872
57.8479
57.975
56.2142
56.7411
58.9454
55.7619
56.0881
54.7574
55.8704
55.3692
56.7951
56.5764
55.0019
56.4803
56.3213
56.607
57.0191
56.6494
57.0811
57.236
56.6798
57.0801
57.3159
57.1648
55.3466
58.2583
56.4567
55.3748
56.452
59.0204
57.4405
56.8005
56.0405
58.546
58.4782
56.7864
55.8812
55.0178
57.1289
56.7491
58.9592
57.1237
56.4143
55.8209
56.0352
57.4862
59.7613
58.9507
58.9263
56.462
59.0879
58.1684
58.7222
57.9195
58.2125
56.9647
55.85
57.9835
60.0845
58.3381
59.3525
57.5897
57.0344
57.0368
58.1976
57.365
58.6914
58.2713
57.6764
57.8091
56.5469
54.9345
55.4099
56.7491
55.8083
56.1766
57.3537
58.6908
59.6227
56.3287
58.0651
55.6615
55.9096
56.9078
57.4878
57.4593
55.4347
57.2129
58.5175
56.1905
55.4124
55.08
55.5298
57.9182
58.6041
58.8789
57.8709
57.4996
58.5288
58.318
57.1084
57.3198
59.0476
55.0051
57.3702
57.0028
57.4514
55.9285
55.9227
57.0801
55.9164
55.8172
55.8873
57.4626
57.6308
61.0346
57.9148
56.3071
57.4276
59.0826
58.6479
57.5493
57.4745
56.8147
57.6655
57.8298
57.6174
57.1255
58.1537
59.2198
59.7982
58.6582
57.0594
57.9875
56.412
57.5668
58.1353
56.6654
58.1415
56.0991
55.9146
57.8973
57.4926
57.2407
57.0744
59.9227
56.8138
56.7497
59.8676
59.5694
56.6078
55.9282
56.291
59.0205
57.4875
57.7645
57.9735
56.4477
58.0991
58.0778
57.6517
58.0977
55.9449
55.4647
57.5757
59.3146
58.217
57.7306
55.3239
55.0661
54.4206
56.2819
57.5424
55.1421
54.2369
54.7425
54.6605
55.8917
57.3313
56.5179
57.6975
58.855
59.1325
56.4927
54.9157
57.4689
54.9918
57.7489
58.3052
56.7815
57.5273
59.0215
58.0298
60.016
59.2077
58.8874
58.6265
57.5724
57.6386
57.1888
55.9765
57.398
57.727
56.2521
55.1519
56.9582
57.5202
58.2702
59.3864
58.9379
55.5942
57.0739
56.5223
56.3006
55.7762
55.8952
56.7159
57.6787
55.1909
58.789
58.9878
57.5471
56.2025
56.3621
55.5806
54.554
57.4418
57.1421
58.2226
57.1759
57.8656
57.9478
56.9397
57.1153
57.9784
56.7495
55.6975
56.2237
58.5261
58.1223
58.1298
57.2728
56.5805
56.901
58.4246
57.8152
56.87
58.4573
58.2595
58.8891
55.7093
58.1555
59.7454
60.0132
61.5605
57.7909
54.8519
58.1763
57.1242
58.6239
57.5305
57.9059
57.8399
56.5375
57.1944
56.4567
56.457
56.3754
56.9581
57.5599
59.3393
58.2604
61.1433
59.3382
57.1697
56.3919
58.2384
57.7201
58.3247
59.6734
57.138
56.7589
56.2204
54.4569
55.7241
57.9738
56.4711
55.6726
58.4816
55.9386
56.8896
57.6114
56.5046
57.7449
58.2389
57.9303
57.5447
59.2149
57.5556
55.3049
56.9607
59.3136
55.9522
58.4308
57.5314
57.4525
58.0528
57.482
56.4944
57.2819
57.83
58.4542
58.0867
57.1621
57.5937
58.5537
57.3431
57.8242
59.696
59.0537
57.5303
57.2214
56.5158
57.3014
56.5776
57.9464
55.2121
57.9938
56.7822
56.4272
57.854
56.841
57.6887
58.1513
59.3136
56.8612
59.1876
58.3706
56.7987
57.1798
58.6115
58.3129
55.0466
56.9618
55.1347
55.4062
56.864
58.4914
57.5586
56.5913
56.4889
56.9518
56.3458
58.0246
59.5617
59.5426
57.4788
57.0896
57.9274
58.543
58.1117
55.8787
55.237
56.0749
55.2134
57.5139
57.5381
57.4013
56.2156
56.0948
55.3566
56.3919
56.1509
54.9341
56.9058
58.4271
58.1354
58.0271
59.0853
58.0962
57.1839
55.9698
57.1657
59.0246
58.2148
57.8887
57.5473
56.0425
55.4022
56.501
57.301
58.6253
58.2922
58.3453
56.7394
57.4683
57.9763
54.5145
55.0696
56.706
57.1338
57.6025
58.2728
57.9053
60.0209
57.1911
57.2848
59.1618
60.3485
58.2896
56.9232
56.8261
59.1867
56.1226
56.1754
55.8379
54.9356
54.9507
56.7749
58.5746
56.7
57.4611
57.7752
59.2357
57.361
58.2401
56.8092
55.2669
55.8224
55.564
57.5589
58.6182
59.924
59.0175
57.7441
57.7836
57.3012
55.608
55.6768
57.2932
56.4339
59.376
58.7307
58.674
57.2544
54.1911
58.3081
55.0528
55.5519
58.9417
56.8865
56.5566
58.2887
58.2502
58.7702
56.7824
56.9281
55.0155
56.2476
56.5553
57.3892
59.0013
56.4915
56.96
57.4597
56.6123
56.1363
56.3003
57.8363
59.4074
59.4814
61.2084
58.3459
58.1779
58.2125
56.9832
56.7445
58.2906
58.6788
58.0197
57.5935
58.8862
58.6407
56.5706
55.2996
55.0488
54.601
55.2166
55.3578
55.3855
57.3892
56.8296
56.2108
56.1846
58.7908
58.4578
58.6489
58.7318
56.8123
58.3488
59.132
57.3076
57.3481
55.9587
57.2996
56.8868
56.3141
58.1057
56.7951
55.2996
56.7921
57.5658
61.8314
59.0306
60.4855
61.1742
60.0305
59.4898
56.9753
57.3632
57.0877
56.6996
56.4891
55.9501
56.3528
56.6633
58.766
57.2787
55.8305
57.2655
56.2054
57.2077
57.5776
57.6533
59.3734
58.3776
56.6364
58.2417
56.3757
58.2072
59.0934
59.0329
59.1289
57.3695
57.9415
57.0901
58.9101
58.2199
55.0343
55.2416
54.4876
54.4151
56.0051
54.6193
59.1654
57.6852
60.1118
57.3254
56.9653
56.159
56.5926
59.3164
59.9188
56.6969
55.1574
56.6043
57.9246
57.1866
56.9468
54.2888
56.1067
57.3663
54.696
58.428
57.2231
57.0419
57.0468
54.2711
58.1459
57.1258
56.8573
56.2973
57.3585
55.6985
54.496
54.4139
55.7613
56.6824
58.6502
56.0721
55.7087
56.0123
56.1705
57.7299
57.6565
56.3557
56.5992
57.5038
59.4954
56.4491
56.2036
54.5914
55.4916
57.378
57.8659
57.5334
56.6442
58.035
57.1221
59.6934
56.5558
56.6053
56.7168
56.6761
55.1174
57.4515
57.0822
59.3856
57.0324
57.0306
59.4743
58.4613
56.4354
56.1847
58.9169
58.3681
57.7986
55.8247
56.7795
55.9728
58.646
57.3309
55.3395
58.5205
55.9772
56.9767
57.5219
57.7437
57.4101
59.2905
56.8711
58.0679
59.6483
57.9819
57.0229
56.1099
56.9055
56.8793
56.5549
58.3079
56.1389
57.2865
56.5482
56.99
58.5709
61.3368
58.1243
58.1889
57.151
57.6311
58.675
58.7308
55.9654
56.0632
58.9117
57.8667
56.308
56.4612
56.88
58.3259
56.8864
58.0801
57.6188
57.0021
59.0888
56.7309
57.2756
57.8611
58.881
57.9559
56.9922
56.462
55.3538
57.7107
56.2741
57.9051
60.5297
57.7335
56.4036
55.9077
56.2115
57.4911
56.7838
57.8736
58.7086
56.5741
57.4306
56.8869
57.145
55.977
56.9657
55.4268
55.2695
57.5268
56.4445
56.2975
57.2388
57.5149
55.393
59.8083
57.2416
55.4882
57.8292
58.4297
60.5037
56.8763
57.0529
58.4091
58.0076
57.45
59.5188
58.8937
57.285
60.0012
57.7113
57.6718
57.9788
55.7123
59.1227
55.3177
56.8085
55.6344
55.7715
55.5772
56.2372
56.3933
55.7619
58.1508
60.4069
58.9935
55.4436
55.3028
53.397
56.8826
56.0395
59.0114
57.6279
58.1504
59.1843
59.5967
58.0352
56.7377
58.3373
57.5439
58.1392
56.0649
57.7147
57.4324
57.5127
56.0564
55.8468
56.3046
55.66
58.7288
58.5269
58.0751
56.1857
57.1572
57.2981
56.7301
58.2391
57.0318
58.0775
57.1271
56.7702
55.95
55.2632
55.2704
56.9674
57.2461
56.4304
56.3222
57.639
58.4885
58.0064
57.5665
55.3706
56.8266
56.9163
58.5473
58.7047
57.7192
57.9437
58.2686
58.3341
56.8676
57.9771
58.1148
57.4295
57.2247
58.1559
58.0219
56.3013
56.2101
56.9177
56.9785
59.4636
56.6034
57.2741
58.9995
57.1672
58.4105
56.4426
57.2762
57.9635
58.0231
55.9401
57.4235
54.7794
60.6819
59.215
59.8979
58.2797
58.0266
54.8519
56.0521
56.0895
54.8236
57.973
60.8544
58.179
58.9557
57.2949
58.4297
56.3603
56.5362
57.1551
55.7058
56.4788
55.512
55.3782
56.076
59.7588
58.9767
60.1595
59.3244
58.4272
56.9423
57.2148
57.6016
58.4019
58.5255
56.3064
57.4281
57.3737
56.7499
55.7987
58.3128
55.9955
55.1702
57.7663
58.9561
57.1855
58.0666
57.9638
56.9956
60.0213
57.0576
55.4164
54.6792
55.5632
53.9927
57.0688
56.312
55.3276
55.8383
56.5963
54.6244
58.0915
57.0427
57.162
58.4165
58.9016
56.1349
57.4543
58.0405
57.7515
57.5108
57.3913
57.6649
58.074
57.3495
57.0289
58.9462
58.2642
56.5941
57.3989
54.8943
56.7647
57.7579
57.0397
59.5477
56.8498
58.3089
57.5043
56.2846
58.1237
57.2541
55.4249
57.3539
57.7281
58.9081
57.2247
56.5789
59.4043
56.2775
57.5212
57.4563
57.9203
57.584
59.2875
57.7509
57.5221
58.768
55.3962
57.8332
56.8828
56.1891
56.1593
57.7732
57.465
54.4956
58.5559
61.228
60.5481
58.4032
58.2208
55.8871
58.5165
56.4436
58.0885
58.4221
58.553
57.5166
57.493
55.702
56.2349
55.9652
58.7143
61.7097
60.5609
57.6543
57.2633
57.2725
57.7854
58.5593
59.7026
59.2245
59.1896
59.326
60.0308
57.6098
57.2194
58.8309
58.0402
55.737
56.9253
58.3136
58.6314
58.2466
59.2538
57.12
58.3619
58.1154
57.041
57.6686
59.4975
58.1553
59.9117
57.5285
58.6688
57.41
58.611
56.5881
58.65
59.3186
61.1672
58.6597
58.7067
58.6896
57.6297
58.6864
57.7694
58.4917
58.9256
59.2239
58.2377
58.0179
57.1824
57.601
58.3578
56.4182
57.9035
56.2769
55.4179
57.5934
58.82
57.454
55.3043
57.2588
56.7369
57.9518
57.1015
56.0224
54.6194
57.9066
57.6991
57.4236
58.3595
55.8749
56.9003
58.2416
57.5639
56.2366
57.7935
58.0366
56.1746
57.8847
57.9874
57.7207
57.1683
58.3133
56.9484
57.6748
59.25
55.2023
57.2451
61.2075
56.7173
55.8038
56.3071
56.4448
57.886
55.4253
57.6584
57.6825
58.8072
57.605
55.7924
56.3859
56.5159
58.2942
57.1056
56.2832
58.2599
56.9474
56.551
56.3848
56.6808
57.2103
58.2569
58.3826
57.4025
57.8013
57.2904
59.7903
59.3343
59.5645
57.2337
58.9305
59.2296
57.9523
59.5645
60.0205
59.8741
59.1392
57.1663
57.53
56.2412
54.8799
55.3055
57.1883
57.6725
60.1188
58.6347
57.9
56.1537
57.5767
55.3719
57.5107
56.95
56.2475
58.0844
57.5767
58.4091
58.1246
57.006
55.6498
56.09
55.7803
55.3556
55.9997
57.2486
58.8647
58.1789
56.259
57.3089
58.2508
57.3026
58.2051
58.5882
59.861
60.0107
56.0147
54.643
56.3837
57.5632
59.2338
57.9412
57.0576
57.7713
55.3488
56.1618
57.9964
57.7087
57.7125
57.0249
58.188
57.6656
57.3063
55.4802
56.9288
57.6258
58.4062
56.0464
58.7713
58.2065
56.4281
55.5051
58.6155
56.4939
56.142
57.089
52.5064
56.1257
57.4055
57.1625
57.2956
57.8395
57.7271
54.3062
55.9677
57.7071
55.5259
56.4508
55.4139
59.1824
59.2722
58.9764
57.8749
56.775
56.7577
55.1083
55.3734
55.8469
56.2755
55.4635
55.9039
55.2847
57.0319
56.7909
57.6465
56.2159
58.6661
57.5812
58.1696
59.6742
60.6995
58.9897
56.2387
57.1179
56.0988
57.2381
57.0873
57.8782
57.1508
56.6777
55.7255
57.4502
58.7879
57.9405
56.8118
56.261
59.4234
57.27
58.5521
56.1074
55.1191
56.2109
54.5051
57.3436
57.1787
59.9516
58.9719
58.5157
56.5145
56.7765
56.0541
56.7888
58.0337
59.63
59.6351
58.0621
55.3416
55.2699
55.5791
59.3397
57.4996
58.9055
59.0736
57.2338
56.2693
58.4726
58.2323
58.7894
56.6444
56.282
57.0447
56.9701
59.2846
57.3176
58.4928
55.4507
55.8144
56.7881
55.6625
56.3992
59.2612
56.5355
56.9593
56.6135
56.0196
58.0598
58.7191
55.9284
55.1714
56.0729
55.4191
56.4944
56.0537
58.2081
59.1525
58.9002
58.1057
56.199
55.5561
56.5038
57.0012
57.4511
57.4855
58.4129
57.8343
58.5565
58.2384
57.2554
56.8625
58.3449
57.5848
57.4182
57.5505
58.6035
55.4342
55.7737
56.8165
57.2402
57.5645
57.6686
55.5559
55.0428
55.876
56.1464
56.8502
58.1842
56.7796
58.4739
59.0138
59.82
59.8691
56.2271
56.1978
54.4394
55.9231
57.3704
57.7784
57.1168
55.7838
58.3518
56.5273
55.4492
57.2397
55.9068
56.2157
56.8889
57.3591
56.2873
57.267
59.4958
56.5375
57.9755
58.8192
57.7705
55.4343
57.6823
57.3552
57.5476
57.0088
56.2311
57.1865
56.4155
56.2545
58.5837
55.8051
57.9538
57.5879
57.871
56.6963
57.7038
59.0413
56.3458
56.9398
57.6217
57.3829
56.6024
55.6011
55.2483
54.5292
56.5636
57.6311
56.6538
57.165
56.4687
55.9481
55.4967
56.6002
57.7793
58.3862
57.5773
57.6968
56.6803
59.6417
54.3018
56.1366
55.7852
57.676
56.9097
57.7194
56.7067
55.797
54.6895
57.0323
56.0133
56.4772
58.005
57.4649
56
56.6664
54.7143
55.203
55.8642
54.8429
55.733
56.1568
57.5797
59.2085
58.4112
56.9029
58.346
56.4811
55.1023
56.0148
56.5227
56.6824
58.0364
56.5018
55.4329
53.771
56.0287
54.7485
57.3262
57.0912
57.1905
57.4216
57.811
57.4548
57.1128
56.5876
57.7038
55.1978
56.8298
55.3273
54.4367
55.3713
55.7775
53.5313
54.2619
56.9684
56.248
56.4865
58.7128
56.6724
57.5727
56.7096
55.6866
54.9935
54.1445
54.3887
54.6223
53.6363
54.8249
56.2578
59.0196
56.9788
57.3021
56.6048
57.5641
56.1034
57.3723
59.7489
59.7209
58.0359
56.6724
58.0915
53.4905
56.1036
57.9854
59.6606
57.4958
56.8181
56.1323
57.1625
56.3303
55.5715
55.5903
56.4107
56.547
54.21
54.6778
57.3407
59.0707
56.2998
55.4181
55.0066
58.2852
56.6581
57.6105
54.6515
55.282
55.2559
57.3926
55.3868
55.9364
56.4458
55.5266
57.3277
57.2337
57.224
56.7274
57.9591
55.8053
56.1639
56.0435
55.7041
55.6795
57.2687
55.4072
56.3789
57.8716
57.7514
58.6237
56.6904
56.9982
54.1157
54.4278
56.3249
55.8223
54.8304
54.2764
54.9513
54.7872
54.1285
54.0252
55.7738
54.7024
54.7904
55.0209
54.9449
56.1295
57.1683
56.2882
56.01
55.7088
54.1823
55.9004
57.9038
58.3857
57.1256
57.5804
56.8369
54.2978
53.8935
57.2174
54.2365
57.4837
57.3809
55.9845
54.7784
52.5452
52.5729
55.8432
56.739
56.2802
55.842
54.1568
56.1012
56.5688
55.3148
55.4496
55.2864
53.6763
53.8106
55.6869
57.422
59.4241
56.9414
55.1037
54.5881
54.3635
54.0836
55.1617
55.417
53.6381
54.1147
56.2457
53.9184
55.339
56.5687
56.7085
53.3344
52.1517
55.774
55.2613
56.483
54.6222
56.3627
56.4534
56.6958
55.9434
54.0748
58.2115
56.818
54.7133
52.7894
53.0826
54.0204
55.2157
55.6343
55.923
56.8304
56.4424
56.9727
57.9724
57.6316
55.916
55.3179
53.8011
55.1458
55.2247
53.8759
54.3506
58.2692
59.0691
55.0968
52.8797
53.9766
56.4077
58.1738
56.904
54.4626
54.6041
54.2716
56.3048
55.8082
54.2357
53.9489
54.7187
56.5031
57.8854
53.8796
52.8814
56.4821
56.6207
54.4453
54.4274
55.8711
54.7266
56.8331
56.2717
56.4212
57.0472
56.6945
57.8032
57.2374
57.3372
55.5403
56.8239
54.1037
54.2894
54.7046
55.0876
54.2642
55.0046
56.2512
56.3386
57.9673
57.6622
56.5577
56.142
55.9337
57.6176
56.4154
55.4008
53.9374
55.9078
54.6231
54.4039
54.6883
52.9417
55.1329
54.6465
53.884
55.6203
57.3071
57.4339
57.0117
57.0606
59.7503
56.9902
55.9501
56.9642
56.4318
55.9139
55.0772
53.8757
55.5051
53.9223
53.405
52.9861
54.4959
54.8481
54.6575
57.3259
54.3119
53.6957
58.5295
57.4455
59.7455
57.0168
57.4102
57.3431
57.1267
56.671
56.9781
56.893
56.1061
57.8261
54.8938
54.9528
55.5869
54.6
54.9814
56.5266
55.0856
54.909
52.9846
52.6326
55.9372
56.4986
56.3499
54.2839
55.5626
57.2075
56.0284
56.5111
55.1838
53.3923
55.9751
55.4709
56.4549
53.799
54.1364
54.8758
54.2282
58.941
60.7597
57.7614
53.8169
53.0574
54.9732
57.291
57.4517
56.8282
54.5086
55.3169
54.695
55.0923
55.8011
54.1215
54.3521
56.4339
56.8172
56.9966
58.3845
59.19
59.2821
54.8344
54.4135
55.1719
55.1127
54.9601
53.7336
54.249
53.5943
53.7376
55.9207
54.9609
54.192
54.2986
55.2207
56.5794
55.3939
56.729
56.7754
56.0341
55.0875
57.4669
54.8253
56.5421
56.6157
58.1208
59.7401
59.6167
55.2651
53.8034
53.4005
55.2884
55.3263
55.7118
53.0871
53.827
55.6051
57.3927
56.5614
55.8977
54.5525
56.4128
56.1495
56.5283
57.7068
57.0228
58.5709
57.6882
57.606
57.358
57.525
55.0699
54.131
56.0388
55.0295
55.3399
55.6162
56.3146
55.2866
56.1559
54.2614
53.9896
55.1776
54.8683
56.4213
56.9823
55.9449
54.4799
58.177
54.4205
55.2925
57.2952
57.5693
57.992
59.0198
57.3196
55.2656
55.8016
57.8821
56.6947
55.8083
55.2696
54.9244
54.3001
55.6089
56.127
54.5783
53.8774
54.8222
57.5207
54.6964
56.7687
57.6569
58.4148
56.8536
56.1746
53.0339
54.7471
55.5953
52.9518
53.56
55.5728
55.7901
58.3525
54.4339
54.2947
54.3405
53.9782
55.1767
56.9488
56.5131
56.5349
54.6999
55.5938
53.5968
55.0576
54.5492
56.464
56.3722
55.7557
53.3367
53.4946
54.1374
54.1426
53.6755
56.8024
56.4146
57.2591
56.303
57.4781
53.6028
54.882
55.0495
54.4529
53.1712
54.401
52.8643
55.2207
56.4838
55.6489
56.5375
55.7205
54.1364
53.0303
55.0566
55.3809
55.9125
56.5849
55.7864
56.9633
56.2856
54.6151
53.5679
53.5423
54.1035
55.5713
55.9186
55.0493
53.1299
52.5893
53.9226
56.755
57.0457
55.396
56.1936
55.8821
56.2625
55.6063
54.0181
54.9049
54.3675
54.6761
54.891
54.6744
54.2058
52.9831
55.9129
55.3277
55.9851
54.3511
54.6766
54.0622
56.3128
57.1978
55.8156
57.5009
56.1078
55.3515
56.1668
56.6884
53.3301
56.2845
54.7366
54.9165
55.6205
55.0606
57.2974
56.7384
57.6986
57.1452
56.755
56.4339
54.6439
55.0141
54.9527
57.4587
58.6712
56.3324
56.7533
56.3047
55.151
56.4781
55.5607
55.1226
52.7052
54.231
56.3702
57.2634
56.3306
54.8874
54.9268
55.0646
54.2991
56.0058
56.2358
54.3713
53.8298
56.0809
55.4981
54.5972
53.9477
54.6922
55.5326
53.8357
56.5593
54.5773
54.8763
55.051
54.4837
53.4375
54.1039
53.2418
54.0835
54.4253
54.652
56.3442
55.4551
53.9469
55.703
56.7161
56.2053
54.8396
56.0182
56.4009
56.1809
55.686
52.4226
54.693
54.4983
56.336
56.3341
56.272
56.4048
55.6997
57.7724
54.9461
58.2789
57.709
56.0576
55.9716
57.6849
56.8733
55.4119
56.6798
56.7351
56.1109
56.3558
56.1735
54.9284
55.659
53.5957
55.9144
55.7562
56.0373
59.0232
56.7027
54.8843
53.3172
54.2704
52.9758
55.7415
56.5127
55.438
55.9819
56.3428
58.0689
55.7565
55.1338
54.7723
56.2609
54.7033
54.3709
55.8683
57.348
54.783
55.0371
54.0979
54.9707
53.744
55.9662
56.3995
56.3212
56.4252
55.6773
55.3757
54.8457
54.3514
55.1502
55.2665
55.0959
54.0181
55.1996
56.8914
54.4808
51.954
54.5196
57.5239
56.604
54.7432
56.0459
53.7903
56.8877
56.1337
58.0015
55.4494
56.8766
57.411
55.0152
53.8393
56.6079
56.3616
56.4149
53.6818
53.2579
55.388
54.2669
53.0212
51.7836
51.9324
54.5258
54.7672
55.1953
55.6528
55.6501
58.7221
58.3138
57.9104
56.5278
56.222
54.9331
55.3057
57.334
52.9252
52.8104
55.6059
56.1156
59.9144
56.9962
54.419
56.3143
54.8456
55.3438
53.276
54.6113
54.0888
53.2246
54.079
56.6826
54.2708
55.9284
54.4695
54.5781
54.7228
56.2485
55.8029
56.7816
55.0967
55.4679
57.2779
57.8023
54.1623
54.6135
53.8681
52.4865
54.8718
52.7964
55.1491
53.9429
54.8873
55.8852
56.4478
56.6024
55.5932
56.0912
56.8187
56.4853
56.815
54.8444
56.6459
56.5837
54.992
56.8295
54.382
55.7806
56.9146
54.8653
55.9731
54.4376
55.462
52.2332
55.4427
58.1928
59.0565
56.9222
56.0348
58.5922
56.1172
53.9485
55.0827
55.2084
56.5845
57.6839
58.4926
55.8594
54.23
55.4982
56.7706
55.1803
56.3473
57.1019
54.9925
53.4861
55.6474
56.1722
56.3148
55.0604
56.2959
55.9449
56.3854
54.5103
56.1982
54.0576
54.5414
53.848
53.7748
54.7604
53.8296
54.5527
55.3074
55.1007
53.4649
52.6233
52.6689
54.9384
54.8613
57.3911
57.0632
57.0775
55.2934
54.2588
55.2933
55.3105
54.9609
55.59
54.8597
56.4167
58.098
55.2634
53.2166
51.7816
52.9623
54.8041
54.7613
55.232
54.1938
55.3963
54.7686
54.628
56.7459
55.3129
55.6507
54.6908
56.4909
56.6462
58.6258
55.0883
56.03
56.9866
59.2685
54.7616
55.2215
55.0868
54.9089
54.6321
54.6475
52.0605
53.2268
53.0204
53.1741
54.5544
54.7411
55.8101
55.6428
55.1459
53.6153
54.7937
55.1281
53.7383
55.9176
56.2846
55.4475
56.6863
55.003
56.282
55.3545
53.1343
55.0996
55.1299
57.9139
57.2934
55.418
55.2948
53.8503
55.4081
54.5267
54.1671
56.4157
56.77
56.0863
55.8682
55.359
55.955
55.449
57.4344
55.2078
53.6471
55.9812
57.3646
54.8098
55.8692
54.7119
55.4543
54.7011
56.5872
54.0314
53.5938
54.9229
55.8838
53.9784
54.1113
54.9726
55.4973
55.0369
56.9769
57.8375
58.0932
54.2665
54.4341
53.9931
54.7909
55.361
54.7119
53.8303
54.6066
54.506
55.2923
54.861
57.2425
58.7753
54.4141
55.2291
58.0165
58.5956
54.4858
52.7961
54.7876
52.9099
53.5906
54.8415
56.1175
54.0356
54.525
54.667
55.8648
55.4598
54.7442
54.5858
54.9173
54.216
54.9166
53.5749
53.5771
53.9744
53.0527
55.2117
56.785
55.5906
54.8695
55.9758
57.0022
56.6822
55.5417
54.9387
56.1329
56.0835
55.766
54.4438
54.5379
55.1979
55.66
55.7931
55.5376
57.412
52.9936
55.8488
56.6151
57.3092
55.303
56.185
57.7793
54.8563
52.7332
54.5035
53.781
55.3644
54.6817
54.9229
55.6425
56.2349
53.5221
53.7762
55.9044
57.5509
57.0934
54.1875
55.2171
55.3381
55.9693
56.8241
54.0255
54.2053
56.225
55.8692
55.2213
56.4801
54.1589
53.9278
55.4091
54.6839
58.3249
56.9913
56.0918
54.401
56.4104
54.8986
54.676
55.0133
54.6453
56.608
56.5343
55.0962
56.7445
55.0335
58.079
55.6697
55.3509
52.3555
53.6524
55.4948
54.3355
55.0561
57.4109
56.0831
54.5971
55.4869
57.0527
55.1113
56.721
55.8611
55.1895
58.242
55.385
55.5726
55.1666
54.588
54.5708
54.2161
56.6695
59.7656
58.5911
57.0164
56.6132
55.3669
56.468
56.8242
56.0994
56.1352
53.6987
53.719
54.9504
55.4418
56.5592
56.2793
55.4055
53.7312
54.2886
55.0688
55.2995
54.2958
54.4974
56.9389
57.9693
56.3254
56.6466
55.1879
53.1575
56.9018
53.9502
56.1178
54.9699
53.9408
53.2185
55.2259
56.1256
55.1865
58.7269
57.3717
57.5078
54.8118
58.2453
58.0385
56.8862
56.9148
52.7892
53.7653
56.5374
55.9765
54.2446
55.1906
55.0356
57.0416
55.7823
55.7819
56.1844
57.6076
54.2187
55.8961
54.3925
53.9602
57.3034
55.0567
56.7645
56.4109
58.2019
57.5576
56.1956
55.3792
53.484
53.5516
55.6749
55.9722
57.3836
57.1398
55.3242
54.5839
57.5286
56.612
55.8366
56.4316
57.1846
56.2619
54.9878
56.5635
55.5591
54.9012
57.3359
55.5165
55.8185
56.6205
57.0954
56.8343
53.6918
54.7206
56.9002
59.5601
60.0803
58.3472
57.0747
55.2596
57.8312
57.0219
56.3186
56.2954
56.7844
56.0622
55.8794
55.2799
57.1694
56.4341
55.9482
57.0211
55.9799
56.7217
54.9749
56.7591
55.3715
54.6251
54.5263
54.736
52.8573
54.3907
53.3642
55.4041
57.0296
57.2481
57.2765
57.3189
54.675
54.352
57.4564
59.5453
55.9267
56.3463
53.4514
53.4985
54.0063
53.1038
52.8849
56.5349
55.0183
53.3161
56.5747
56.2209
55.4592
56.7731
55.346
55.3615
55.4485
55.3593
52.8744
54.6244
54.446
57.3444
54.9559
56.6522
53.2664
53.4352
54.6436
56.5352
57.686
57.1075
56.9587
55.4465
53.8289
54.1377
57.1793
59.3106
57.6971
56.4661
55.969
54.275
54.872
57.1936
60.0285
55.9745
54.451
54.3155
55.1131
56.5578
57.4959
55.3742
54.2488
55.5135
54.4172
55.5401
56.3376
52.3321
54.6368
56.6106
55.8439
57.0756
53.4824
53.4902
53.4841
57.0204
55.2586
55.0821
54.6253
54.6731
56.9555
55.262
57.2139
58.5959
55.4013
56.0235
56.7679
54.0454
54.5925
57.3025
56.5213
55.901
54.8291
54.3302
55.5766
53.505
54.5767
53.9803
55.9467
56.1352
54.9518
54.9922
53.93
54.1072
55.2789
53.9788
55.6286
54.2806
55.4251
56.539
58.8088
57.2264
57.0614
54.0751
55.0971
53.0086
55.1828
54.9685
53.9042
53.7293
53.9428
56.5419
57.6073
58.627
58.2011
54.6714
54.6566
56.6811
54.6865
56.7721
55.5564
56.4538
55.2602
55.1948
55.1824
53.6039
54.7297
55.2391
55.4205
55.3401
56.3346
55.0393
55.8479
55.8724
55.6274
54.7088
52.6137
54.2512
56.3522
54.4604
53.7631
53.3766
54.2247
54.0348
55.0356
54.375
54.3367
55.2602
54.8539
56.2686
57.8961
57.6214
55.7718
53.6019
54.7849
55.9384
57.8695
56.4359
57.0665
56.0616
57.5896
54.9754
55.3642
54.0541
53.2118
55.2181
56.8926
57.5377
58.867
54.8691
53.3628
55.2988
57.0026
56.766
56.3867
57.7627
55.7261
56.3418
54.8734
55.1415
56.2752
58.8481
56.6565
56.6929
56.0833
55.9023
57.3965
55.7197
56.3308
54.5273
52.9891
53.9462
57.2546
56.8505
56.7865
56.7792
55.5452
55.9575
56.2304
54.3628
55.1045
57.5281
56.1469
55.0239
52.6622
53.7018
54.645
54.3119
54.8452
57.2969
58.1916
56.0597
55.1213
54.9939
55.0292
58.3633
55.7693
55.8593
54.2629
56.4032
55.0447
55.7474
57.0864
55.9067
55.0042
55.4144
56.3678
55.4426
54.4485
56.5864
56.9597
55.3837
55.9305
54.1688
53.4421
54.0966
54.3389
53.7014
55.4013
55.087
55.6711
57.182
54.8227
52.7016
53.4978
53.0034
57.4357
56.4866
58.3848
55.6393
55.3735
57.1781
55.0837
56.2349
55.0815
55.9737
57.1729
53.9507
55.2189
55.0676
56.8142
56.89
56.7268
56.6386
55.1452
57.1537
56.8386
57.7394
54.4636
55.5245
56.1454
57.3513
54.9064
54.9654
55.3052
54.34
54.8596
53.6504
53.5467
53.3603
55.5066
54.9806
53.1782
55.2258
56.2114
55.7137
55.1922
55.1482
56.6451
55.725
54.7226
56.5466
56.3136
58.491
57.4971
56.8102
54.3065
56.5696
54.1721
56.7694
54.7295
56.0035
57.8583
56.7801
53.2836
55.8768
56.3451
55.2939
54.0375
53.429
54.8249
53.0388
54.5994
55.0721
55.581
54.6103
54.9675
57.0715
56.2534
57.7222
57.0503
56.4979
56.7577
57.3712
57.3751
56.7808
56.5122
56.5937
58.4891
55.8046
57.0027
56.6345
56.1615
55.6939
54.6288
54.6067
54.6862
58.283
54.662
57.7916
53.8226
56.2897
56.8186
54.1947
55.5989
56.152
57.941
57.439
55.5388
54.9561
55.4518
55.0144
57.7353
57.6819
55.0699
55.9007
54.4122
55.4051
54.0428
51.6219
55.335
55.4215
54.1999
54.7953
53.14
56.1519
58.4225
55.5927
54.2946
53.154
54.0936
54.8423
55.2727
54.5003
57.593
57.0228
55.739
54.251
55.781
54.8447
54.1587
53.8664
53.5108
54.1893
54.8645
52.9345
55.0412
55.2549
55.8266
57.3949
56.7114
58.2327
57.6081
57.3076
56.3252
55.0997
55.5859
56.1286
55.9045
53.9383
57.8437
57.5819
56.3018
54.1779
54.5953
55.7245
57.4952
57.0471
56.5789
53.628
53.8013
55.7658
54.2104
53.1575
55.1006
55.2607
54.5555
54.9435
53.359
54.6389
54.7242
56.8942
57.634
55.7512
57.4247
55.5453
56.1557
55.0147
53.4977
54.2539
53.5121
57.4756
57.5094
56.1651
54.6364
55.3672
56.8001
55.8643
54.2124
55.8169
58.0135
58.1226
55.8264
55.0436
55.1746
55.1416
56.7844
56.6879
55.9418
56.6481
56.1672
54.4639
57.5816
56.5121
55.4799
53.962
57.4108
58.8687
56.0773
55.2989
55.5735
55.8286
55.2284
54.9462
56.6696
58.0512
59.9546
57.0864
55.9427
55.6873
56.1714
52.4558
54.2056
55.6144
54.9848
56.2924
55.1186
54.3303
55.8801
56.12
54.6086
53.7354
53.9012
54.9652
57.6145
56.1874
57.8495
58.5037
57.1642
58.5207
55.9673
56.2051
53.5832
55.6484
55.6787
55.4322
55.6436
55.698
55.6183
54.5496
57.4179
56.3643
53.8046
52.6003
54.4414
53.0854
54.2015
54.1637
57.2591
56.387
55.66
56.4238
58.9721
60.6219
57.8252
58.3137
58.0862
55.4184
55.1459
53.4519
54.6965
55.1718
57.8131
55.6302
55.563
57.5345
53.4956
57.6492
54.672
56.8628
56.9566
55.253
55.5801
54.2828
54.1956
52.4661
52.2184
54.8575
56.8315
57.2453
53.4191
53.1803
53.8368
56.5723
55.0642
54.1447
55.2422
54.2809
55.44
55.6304
57.2062
56.5118
55.4517
55.1119
55.3736
54.1484
53.4464
56.2893
54.9226
55.4805
55.9099
54.1043
55.5471
54.5496
53.1729
54.0982
56.1174
55.8197
54.8091
56.2895
55.1675
57.1756
54.8232
52.1325
52.5952
54.3957
56.4146
55.9185
53.4915
52.7471
53.3186
54.4584
54.2157
54.5446
53.7932
55.5198
57.4089
54.62
54.8812
55.8609
55.7697
54.834
54.8976
56.6071
54.0687
53.8081
56.2256
54.9521
55.4322
55.4102
56.2364
55.4124
56.306
54.5912
54.7306
54.4068
54.3787
54.3389
54.6861
56.7999
56.4173
56.5677
57.8774
57.6101
57.1161
58.8652
58.6783
62.8168
57.348
56.6848
57.1547
55.7158
56.0344
56.8184
57.1294
54.7644
56.9305
55.5938
56.6771
57.1708
56.3279
57.4753
58.2234
57.782
54.6387
54.1497
55.3032
56.2698
55.5664
58.3878
58.3477
57.1776
54.4513
53.6832
56.1489
54.9868
54.2733
52.6036
53.7838
56.412
53.2047
54.8153
55.5973
55.1698
54.5297
55.7107
54.033
55.6283
56.2162
55.5494
56.6608
56.8678
56.578
56.3011
57.5298
57.2281
53.3453
53.3116
55.5776
55.2945
54.2435
55.1796
53.2364
55.3065
55.5199
57.4341
58.1898
54.6673
55.8114
53.5024
55.9129
55.2568
55.092
56.4414
56.0017
57.0921
57.628
57.3267
56.6277
57.8186
56.3055
54.1663
52.0484
54.5916
54.7884
55.3383
53.9074
55.416
56.7207
55.5125
56.3034
56.3499
55.4096
55.8425
55.796
55.3217
55.6975
56.6094
54.3931
55.4352
54.6363
53.0861
54.1817
54.7997
54.5054
54.4903
55.9521
55.8686
54.127
58.2377
54.7963
55.1653
57.0607
53.9838
55.2844
57.147
56.198
56.04
55.05
58.0169
57.3372
56.4703
54.9999
54.6016
53.4109
53.9596
55.3346
55.5929
55.0375
55.8613
54.4942
55.0844
53.5527
54.8887
55.2938
54.2347
53.2379
54.6787
56.3196
54.9902
57.0621
58.1035
56.5519
56.0865
55.8868
55.4152
57.1541
56.5772
56.1269
56.8291
54.4777
56.0676
54.8661
54.1612
57.2069
57.1821
54.9908
55.1385
55.6603
55.094
55.0871
56.2597
54.8326
54.5422
54.25
53.6957
54.26
54.8107
54.7551
55.1356
56.236
57.9916
58.536
54.6464
54.1517
54.3078
55.1284
56.1689
57.3341
56.7163
56.1309
58.1903
57.2449
57.6343
55.5514
55.4549
55.5247
58.0502
54.8934
51.9093
53.4937
56.5573
58.4368
57.4224
56.9719
53.7205
53.2041
54.3548
54.3081
52.9739
51.5023
55.8454
56.9663
55.9914
56.8997
55.7468
53.4033
54.8358
55.5603
55.1403
55.7154
56.4264
55.5364
58.7982
57.3876
53.8678
59.2047
59.2676
57.6119
54.8481
53.8985
54.7683
55.2759
55.6039
57.1674
56.4818
57.4064
54.9749
57.3554
56.3287
54.3867
54.865
56.0366
56.8674
56.996
54.7172
53.8476
53.5819
55.8482
55.3426
54.9448
55.9622
56.8471
56.2362
56.0175
56.3824
56.304
53.744
55.5486
53.6053
53.0746
54.8175
54.3846
54.7103
53.6916
52.7
54.1491
53.8062
53.4522
54.3532
54.5256
56.6804
54.5328
54.9349
55.2253
54.6506
55.0315
55.3632
55.2482
55.1005
54.4619
55.4056
55.412
56.0344
56.6627
54.8298
55.9422
57.7795
53.1722
54.5206
54.8444
56.1334
56.9338
55.8494
54.568
52.9257
52.939
54.1642
55.191
56.2957
54.6694
56.6246
55.5683
55.6896
57.6193
56.6149
55.0817
53.6602
54.7218
55.5222
55.5687
56.8685
53.8601
54.1778
55.389
53.5082
55.5615
55.8554
54.8993
55.2541
54.424
56.9034
56.482
54.8589
56.2026
55.035
53.4894
54.5594
55.0209
54.4131
56.3664
56.315
59.0071
54.2295
55.8022
54.1069
55.2251
54.3702
54.0819
54.6922
55.6098
55.4404
58.2145
56.2165
55.9097
54.0673
53.9324
56.9777
57.1445
56.3771
52.4512
54.6876
56.1621
54.5573
53.7073
55.0522
57.7408
57.9992
54.5239
54.8134
54.3537
55.7438
55.8899
54.8186
55.3878
54.4051
54.1505
55.0025
55.8938
58.5131
59.5476
59.5383
58.967
56.5505
56.8905
57.3694
54.7849
55.1106
55.4994
57.3982
54.491
55.0964
58.7653
58.6335
57.6579
54.9181
54.9723
56.09
54.3131
55.8116
55.9835
55.5698
56.7888
56.5616
57.1159
56.4449
57.0011
58.136
56.9156
55.941
58.5989
58.2746
54.0288
54.2644
54.0576
54.1269
53.0605
52.9699
54.1692
55.314
55.884
53.9057
54.4557
55.028
54.1726
55.2103
54.0856
53.3341
55.4598
54.5994
56.3733
53.397
55.585
54.9229
55.352
56.6306
56.6591
53.74
54.7437
54.9426
54.1457
55.8865
56.6401
54.8959
55.1909
56.91
58.1644
55.419
55.6074
54.9665
55.5898
52.8199
56.1077
55.2163
54.5985
55.2127
54.1917
56.8658
54.5373
55.3295
55.2791
53.8501
53.8113
54.1818
53.7147
53.4471
54.7339
56.1408
55.1728
54.7582
55.2496
55.9797
56.136
56.5456
57.6467
57.0204
58.4517
56.7753
53.0062
55.6042
55.8385
56.7128
55.7795
54.9589
57.0292
56.5895
55.1686
54.9511
53.6864
56.2212
56.021
54.8826
55.0043
52.9353
54.1816
56.1268
58.4686
57.562
55.6975
55.8991
55.3804
54.5147
56.5817
53.7258
55.594
54.7643
55.0386
54.2519
54.4774
55.9992
54.2821
54.6324
53.2837
54.841
55.2157
56.7868
56.8402
56.563
55.3595
54.4165
54.7236
54.2753
55.6898
53.472
55.8744
55.908
57.848
56.9059
54.373
56.3688
56.9285
55.4916
54.4569
56.4535
58.0842
58.7661
57.7198
59.2605
56.2261
54.5712
57.2006
57.1707
55.8255
55.77
54.4731
56.08
56.1613
56.5631
53.4875
52.2167
54.7033
55.7303
55.5618
56.6059
58.2021
55.4596
55.7016
53.4156
58.3333
60.0128
56.9712
56.3489
57.3558
55.314
53.5676
57.4107
56.1651
57.5708
55.4208
52.1827
55.8416
56.8213
59.0326
58.0476
54.2345
53.544
53.1911
54.5545
55.4152
54.189
54.8056
54.9489
54.2442
54.7097
56.9465
56.9335
56.7359
57.8476
54.6942
57.2345
57.6565
56.6833
57.1932
55.6086
54.9372
53.8483
56.2166
55.2279
54.0266
55.4905
54.5835
53.3935
52.466
56.3332
56.6666
56.3469
56.7611
56.1318
57.0244
57.8962
57.837
58.3491
58.4169
57.4637
56.993
55.6256
58.4164
57.0515
56.5478
55.2439
53.9252
56.73
56.5652
55.9496
55.7538
56.025
53.2292
55.5926
52.3481
56.2777
55.5035
54.1006
54.8769
56.1782
54.2612
55.4243
55.6524
55.8581
55.7001
56.2374
56.3496
53.4592
56.4415
57.9132
55.4317
53.5378
53.0017
54.6396
56.4887
57.0346
56.3754
55.889
54.3886
54.9619
54.037
54.8642
54.6599
55.7448
54.3026
55.9559
54.4715
57.6299
58.6232
56.0041
53.8218
54.5417
54.4943
54.6166
54.7864
54.9556
54.3861
54.0363
57.6312
56.0806
54.2974
55.5066
57.8677
58.6314
55.6474
52.5641
54.8399
53.8981
53.5353
53.0755
53.369
54.5185
57.6647
59.5846
57.1805
56.5108
57.4284
58.0709
55.5799
54.409
56.3155
56.6032
56.1247
55.5962
55.7312
57.1176
57.0144
56.1865
55.699
54.3443
53.4297
54.9133
55.5618
55.6151
55.4779
54.5383
55.0638
53.0514
53.6755
55.872
52.9456
54.6994
53.358
55.2986
55.826
56.9933
58.2711
56.0653
54.9607
56.5356
54.8171
54.7385
56.0144
54.6892
55.1342
55.592
56.7723
55.0004
54.4104
55.9766
56.0273
57.1722
56.3595
56.5906
58.2983
55.746
56.933
55.4649
55.6501
54.016
53.7238
54.1073
56.1811
55.9285
54.2205
56.4972
56.7281
56.0032
57.5485
55.8774
54.6865
55.7549
55.4119
54.5956
56.8242
56.241
55.4365
58.5549
56.0265
55.9007
57.6473
56.9935
54.526
54.8502
55.6223
56.5946
54.8862
57.7266
56.4227
55.0832
55.0997
55.3401
54.7846
55.799
55.9147
57.8348
57.1147
55.9765
55.2186
55.0276
55.8644
56.3063
55.1117
56.2161
54.1737
53.1938
56.4175
56.7151
56.2118
58.2589
55.0165
55.5897
54.6613
53.2774
54.0837
55.4932
55.6801
56.3218
57.2728
54.3546
55.6087
54.4444
54.4571
53.7199
53.6646
54.9258
54.8811
54.2001
55.0997
55.2626
55.1952
52.5757
55.2244
55.974
54.3839
54.2646
55.1389
55.1803
58.2632
55.1239
56.2621
57.1329
57.1097
55.9436
54.4593
53.6932
54.4072
55.6146
56.2532
55.2584
54.5253
56.4516
58.5438
59.1701
55.9495
55.3048
55.2282
56.9448
54.8558
58.8953
57.3356
55.1515
54.534
54.5722
55.0682
55.008
54.458
55.0374
54.6122
58.4834
56.9844
56.1238
56.3867
58.727
57.414
56.5553
54.4966
55.4439
55.1126
53.0414
57.0775
55.8139
54.6184
54.0704
54.1765
56.4692
57.0422
54.8321
55.5708
54.5295
57.8011
54.2161
55.5877
56.8229
56.8212
55.3067
55.6111
56.1525
55.7674
55.85
54.2676
54.1944
54.6239
53.7665
54.2099
56.7945
53.9742
54.4242
54.7809
54.1753
54.0966
55.8137
55.0613
57.1568
58.7653
58.1192
57.4092
55.8717
55.6744
52.8072
52.4249
55.089
56.2071
57.93
56.8675
54.7576
53.1657
53.7407
55.6996
55.5903
54.2509
54.39
54.4315
56.3423
56.5466
54.9233
55.1874
55.0014
54.7942
55.0273
52.5692
55.2915
53.7014
55.108
54.7296
54.0016
54.8739
54.8168
54.9448
56.8615
55.7356
56.0685
57.2217
56.0553
55.8871
57.676
58.4913
59.0995
56.0231
55.4552
56.3491
56.6247
58.2691
55.4044
55.704
57.6011
54.5795
53.0017
55.0738
53.3419
54.4573
53.4249
55.6688
57.1587
58.0454
57.3618
54.1824
52.7547
54.8358
53.757
54.2957
51.9893
53.3309
55.2745
55.2748
54.6765
57.6276
57.2074
56.4532
54.7581
55.6372
56.3502
55.2048
54.8579
56.7868
57.2026
56.6574
55.4849
56.6937
55.7437
56.6019
54.5448
56.1383
56.197
56.1782
55.8456
57.4748
56.5964
54.4351
57.9864
57.5761
57.3697
57.0281
55.5915
54.7224
56.3836
54.7149
56.5214
54.9824
56.7701
56.6666
56.1965
56.371
56.0283
53.4937
55.409
55.5763
57.1654
57.8085
56.99
56.9652
55.2351
55.0644
58.5613
57.3181
58.293
57.9595
57.1918
58.4766
56.3844
56.7153
54.8506
56.2086
55.8029
56.9098
56.5303
54.8149
54.2521
57.0951
54.2752
54.4594
54.7271
53.5135
54.4304
56.7258
54.8939
56.7021
54.1345
54.1521
53.7156
56.1443
56.3875
55.6705
54.4878
56.813
56.7289
55.2225
56.4772
56.5461
55.1631
55.7912
56.2736
53.2824
53.6112
52.6717
53.0929
55.1249
56.4544
53.3724
55.2904
58.8963
58.2274
57.4775
57.9871
55.367
55.7346
56.1969
55.5122
55.0353
54.284
54.8322
54.5583
54.9956
55.0262
52.8531
56.2447
55.9792
56.9381
56.648
57.7052
55.2921
54.7211
56.3694
57.2884
54.9425
57.8684
56.9111
55.8085
57.9956
55.8979
54.1013
54.3515
55.6581
55.8378
56.1024
55.5591
56.2018
56.3187
54.7841
55.9027
56.8626
55.4096
56.6034
54.3463
55.9284
57.6333
55.7358
54.0014
55.1075
55.1247
54.4023
53.1831
55.2388
53.7809
55.1064
55.1236
56.4503
55.505
57.3004
55.959
57.2337
57.5964
55.8475
54.7629
53.9309
54.1439
54.6784
55.9232
55.8024
55.0015
53.3774
54.3799
53.4644
52.9779
56.9541
54.9441
54.5582
54.6644
56.7091
56.6536
55.5551
56.1165
59.2167
57.9179
56.9122
57.7484
55.704
55.6258
54.577
56.3705
56.3532
55.4512
56.3329
55.82
56.0624
55.0497
55.2147
54.6727
54.7223
55.7821
54.0508
54.9876
54.1708
54.329
54.5769
53.4651
53.3929
54.7851
53.6425
55.1672
56.5984
53.5781
55.5285
54.3849
54.9888
55.5672
57.8349
54.319
54.4688
56.2874
58.6526
56.1383
56.8891
56.6798
55.7813
56.5318
57.3478
53.5458
54.2602
55.1808
55.7276
54.1832
54.6923
55.6357
58.2241
56.9506
53.318
54.7407
56.1159
55.0001
53.757
53.3942
56.2803
57.8091
56.5346
54.686
57.3955
54.1931
55.0738
56.8859
56.5342
56.1871
55.1175
54.6147
54.4696
57.8222
53.7517
55.0456
57.4797
57.6176
55.2167
57
54.5417
55.6029
57.2766
57.1904
57.9391
55.6521
55.8346
54.8686
57.3876
54.7764
55.7528
53.9598
57.2352
55.1912
55.3815
52.4263
55.3607
53.8124
55.9592
54.6399
54.9546
55.5411
53.6655
55.3828
58.4725
54.3901
55.8779
58.2649
60.7761
58.248
56.6364
55.5508
56.2837
56.878
56.346
54.8737
54.8874
54.6975
58.1902
58.9697
55.6191
54.9477
56.0272
55.3352
55.4608
54.9817
54.4944
56.2688
54.6552
55.1134
55.1764
55.2872
55.8189
55.2363
55.029
54.0489
53.9654
57.2615
56.4777
56.3421
54.7514
54.5664
54.5923
57.3314
55.0486
56.2637
54.1422
54.1447
55.7223
53.8055
56.8454
54.9237
54.254
55.8269
54.9894
54.7183
56.9607
55.8128
54.0487
54.5
55.8301
54.7019
55.0204
57.065
53.8882
53.7851
54.695
57.4967
58.7713
55.0428
55.7946
58.7818
56.4875
55.7793
55.4739
53.8687
54.7682
56.3533
54.1603
56.1294
56.9291
57.7981
57.3984
58.4066
54.0638
55.711
55.9444
54.5806
54.1618
53.7881
56.9249
55.627
57.5756
53.5514
55.9517
54.7816
55.4797
56.1283
55.426
56.9256
56.7443
57.9718
57.4162
54.9296
57.0101
57.5142
54.5355
53.7522
54.7133
56.8302
57.7008
56.191
55.0635
57.9945
56.5537
55.4977
53.9977
54.8313
55.0994
54.9125
55.2051
54.2335
54.5605
56.2391
58.2744
55.0284
55.4032
56.3286
53.8646
53.4903
53.5739
54.0009
55.0223
54.8814
55.5208
56.9108
55.7748
52.9391
53.6757
56.0765
55.8686
56.6531
55.791
56.287
56.6534
56.9846
57.8731
55.1936
58.171
58.441
58.5662
57.3405
55.4743
55.7076
54.2872
53.977
53.6411
57.4019
54.8711
52.992
52.692
52.0069
53.2141
55.2083
54.6546
56.9077
56.2343
55.672
56.098
55.7377
55.4804
53.0977
55.9548
55.5094
56.0744
56.333
58.0157
59.7434
57.1821
53.4592
57.644
55.693
55.9317
56.2092
54.3697
53.5905
56.3462
55.0363
57.2116
56.7236
54.839
55.2855
56.4686
57.403
56.4575
56.5214
54.8445
53.5141
54.8978
56.3545
56.4338
56.3174
57.3186
54.1219
54.7244
54.6346
55.7949
56.8313
57.7142
55.9316
53.974
56.5729
56.7798
54.7376
55.1207
56.9788
56.8535
56.4962
56.1411
54.6551
57.6667
58.3018
56.891
52.7055
54.6837
55.335
53.4535
53.4856
55.3815
56.1344
53.9816
54.8976
52.2499
54.9116
54.5365
55.4749
53.6734
53.9936
55.9544
57.0591
55.046
54.1573
53.3747
56.6333
59.2309
59.5973
61.5602
56.281
53.9282
55.1275
54.5917
56.9061
57.854
56.7729
56.7478
56.9673
55.0743
54.3632
52.2207
53.274
55.3119
54.3389
55.3499
54.0858
53.1293
54.53
53.8896
54.689
56.4798
55.139
55.0773
53.3048
55.0069
56.5807
55.3913
54.2313
54.8645
56.9494
57.4056
58.4423
59.5175
57.0326
58.659
56.2967
57.9281
56.7557
56.4077
57.0429
54.381
55.3493
58.5851
55.4842
57.3597
55.2137
55.9411
54.3276
54.8963
55.3546
56.5562
52.5056
58.8843
56.39
54.2447
53.7003
56.0729
54.3519
53.8914
56.2305
55.6327
52.9934
56.6476
55.4767
54.943
57.062
55.5088
55.8677
56.3815
57.9868
56.8463
55.0228
55.8352
55.8568
54.0471
55.8854
55.5921
54.1017
54.7874
54.592
55.3619
55.4389
55.382
54.7931
55.4686
56.5584
55.8482
56.681
55.0207
55.2884
53.0943
57.6811
56.4212
53.8092
52.48
53.7247
54.0126
57.3174
53.2041
54.6852
54.7542
53.8887
55.834
56.5711
56.0221
57.1677
57.2885
55.3766
55.7515
57.9833
57.6314
56.3732
57.2901
56.4486
55.7612
53.6593
55.4303
56.8957
55.0584
56.1862
56.1912
54.3835
56.6078
56.5786
54.3345
55.7291
57.541
56.5748
55.3865
56.6778
55.2736
57.9533
55.5295
56.2178
57.1983
55.9699
56.0252
56.186
54.3049
54.3603
54.3559
54.4927
56.4735
56.4436
56.7782
58.5321
55.22
55.3304
54.7467
56.2943
55.6525
57.421
57.3115
55.6072
55.8405
56.0936
55.464
57.5416
52.4992
54.1655
53.4591
55.749
55.0528
56.8862
55.6163
56.263
54.9516
54.7372
53.6478
55.1747
55.2133
55.3214
57.407
54.3534
55.7037
55.5596
53.6711
52.4567
55.4363
53.3561
51.993
53.6646
54.4207
56.6489
57.0605
53.4362
56.3292
55.0914
56.8791
57.4867
55.0886
54.3512
56.7466
55.1873
54.0718
54.4682
57.0285
56.4433
55.958
55.614
53.0865
54.5903
55.096
55.113
55.553
55.2341
54.025
55.7918
54.0164
54.1954
54.6658
55.6695
57.175
55.9091
58.0676
57.0034
58.1235
55.5562
56.3299
55.4294
55.6328
54.0872
55.711
54.5116
54.0107
55.7516
53.2876
53.461
54.3244
57.7658
56.3637
55.9985
53.6152
55.3232
55.6238
56.6815
56.8622
58.8777
55.1001
55.4642
55.7296
58.6454
54.4653
55.0054
56.9341
56.4238
52.8543
56.9151
55.3269
55.6127
55.8886
56.7902
56.5332
56.3865
56.7541
54.0579
56.6026
55.906
55.6902
55.1729
56.2944
56.5238
53.2535
56.5249
54.7681
55.9422
56.8268
54.8885
53.6409
54.6498
57.4104
58.3105
57.9411
56.9848
55.1934
56.3632
56.4175
56.4189
55.8993
57.042
54.6237
53.5746
53.2584
55.004
56.2853
52.7077
54.6046
54.5006
55.9254
57.047
55.9464
55.2575
55.7601
55.829
55.7432
57.3642
56.814
56.1054
53.854
54.803
55.8255
56.4745
56.4984
56.7143
55.0213
55.6284
55.9831
54.9861
56.2508
54.2755
53.9346
53.579
55.5707
55.3752
55.5823
57.6985
57.0397
57.889
52.717
54.7304
58.1218
56.3357
55.7235
57.5167
57.5567
57.4366
55.6093
53.7106
51.5285
52.4477
54.253
54.9832
55.3849
55.6519
56.0714
55.0536
54.9672
54.5585
56.558
57.7629
58.7564
57.0559
55.4357
55.5328
53.3059
55.4043
55.709
55.2803
56.5971
57.7762
59.024
56.8659
54.1184
51.4504
53.2226
53.7798
56.7512
55.8206
55.4964
56.8191
58.6666
54.5277
55.758
57.5636
55.1696
55.8739
55.0217
55.9175
54.7325
57.2271
54.9628
55.2138
55.0546
55.0079
55.9165
54.3403
55.46
57.0458
56.2538
56.4017
53.8954
55.1284
57.2357
56.5151
54.6156
56.115
58.3046
60.1067
58.7855
57.3606
55.6268
56.803
55.9212
54.9566
56.2457
56.1518
56.9506
56.9773
56.7379
54.9549
56.37
54.4699
54.4879
56.5812
54.5295
56.4779
56.8794
54.9602
56.5083
56.6205
56.1715
55.9351
56.5028
54.0923
54.495
56.0079
55.7738
55.6344
57.3326
57.704
57.3293
54.6291
55.092
55.8998
56.8588
58.1992
55.8986
57.5584
55.3982
55.8775
56.9272
54.3955
55.9008
55.3815
55.6189
55.1405
56.9188
56.1981
53.8982
52.9015
54.851
56.2505
55.3964
55.1935
55.1835
53.5406
54.0617
53.9475
54.0347
56.7736
55.4109
56.4442
55.3973
55.409
54.7424
55.5319
55.9072
55.2127
55.2158
56.6552
56.1568
55.0461
54.5603
55.4205
58.1579
55.3269
54.4689
55.7179
56.6698
54.0908
56.0991
56.756
53.8794
58.4147
56.5001
54.1696
55.9244
54.7928
55.1175
52.8831
53.6019
55.5933
54.0923
55.9955
56.4272
57.0798
57.1093
56.2059
55.3795
53.3612
55.6711
57.337
55.0433
55.0268
55.1132
54.5262
55.2128
54.9656
54.3915
54.418
56.0816
57.4199
57.8472
57.1872
55.4175
53.9012
54.9602
55.8479
56.4158
55.2548
56.2768
57.1732
55.2296
55.3435
57.1983
54.5678
54.5747
54.5582
54.9918
56.017
55.6308
53.0797
53.856
55.7217
56.4617
56.3062
57.9271
59.0528
56.9771
57.9733
55.7023
54.4803
57.5386
55.2329
56.6576
55.3176
56.579
55.7037
54.5746
54.6788
56.0791
56.9573
54.5521
55.5935
57.2794
56.5226
56.0415
56.9024
55.6231
58.7005
56.4389
59.0763
56.1967
56.1804
54.1231
54.2688
55.9602
56.0173
54.4838
54.7792
55.6547
55.4107
55.2963
54.0637
53.2176
54.1184
54.8289
57.3642
56.3685
57.1445
56.2732
54.0235
55.5422
56.4864
54.3231
53.712
55.4643
55.0258
55.3423
55.4301
55.7245
55.8134
53.9162
54.5493
52.9838
55.0229
56.5513
54.8816
54.3172
55.1553
54.1197
53.3189
51.4762
56.1644
55.7683
55.8084
55.7024
54.8316
54.9752
53.3819
55.4687
55.5821
56.3374
56.5742
56.5489
56.4568
55.4077
56.8512
56.0481
56.9128
55.3677
54.491
54.3094
55.2346
55.0459
56.6369
57.0094
59.646
58.0965
53.9205
54.4272
53.8138
55.7745
57.3464
54.9845
55.9013
57.013
53.7146
52.9448
54.3452
54.949
54.421
54.4653
54.6463
56.9537
57.1053
54.0451
55.2397
55.6157
56.5561
56.4021
55.5242
54.3876
55.6046
55.6618
57.6989
58.4918
57.9791
57.5734
55.4348
54.6469
54.2325
53.949
53.3662
54.0824
54.8449
56.4534
56.5246
55.7223
59.2529
56.9797
56.9477
54.3649
54.3546
55.4156
56.1381
52.9128
53.7336
53.9124
56.1673
54.0753
53.2347
52.1417
52.6546
54.7581
54.4407
55.7382
55.2894
56.1155
55.7902
53.8282
54.4377
54.5134
57.0196
55.7527
55.5085
55.661
53.8824
52.2455
54.9662
55.3747
54.6953
57.3934
56.8331
55.419
56.1632
57.285
55.119
55.9408
54.6146
56.432
55.5654
54.7931
56.0997
54.7079
55.4098
55.3887
56.9955
53.4826
53.3526
54.0962
52.8563
52.0135
55.6457
54.4514
54.1436
54.6953
53.5069
57.7083
55.279
58.4654
57.1476
57.5417
54.7297
54.5119
54.2436
56.7135
56.9015
56.8149
57.3919
57.6816
57.5916
58.4331
56.9578
56.1418
57.1532
56.408
56.0831
56.8871
57.7537
56.3825
57.274
56.1375
55.514
56.0843
54.686
55.6935
55.8171
57.1246
55.1838
54.0618
54.7821
52.5393
55.5475
56.2819
56.5071
54.5583
52.738
55.6224
55.59
55.3724
56.2088
54.6294
56.2989
54.8885
55.7274
54.1832
56.5914
54.7651
54.6388
54.8475
55.5685
57.2735
56.6831
54.5371
53.8325
54.5968
56.7169
55.9755
54.3912
53.5355
57.7624
55.7439
54.8244
57.3943
56.8028
55.608
57.7961
55.816
52.9665
54.6853
53.6212
54.7866
55.4081
58.9304
56.335
56.653
56.8094
54.9134
55.9428
55.0355
54.8846
55.2068
55.1517
55.8402
56.2574
55.4277
54.8213
54.2536
54.5939
57.2295
54.6117
58.9684
56.8888
56.1584
54.3136
57.4089
56.9063
57.8351
55.5451
57.1776
58.3404
56.1314
55.8028
55.6837
56.0412
56.255
55.213
55.4107
54.4443
55.1987
56.2239
54.0361
55.2981
55.2396
54.0154
58.0441
55.8985
56.2368
56.998
55.2081
55.4075
54.7445
54.9643
54.7604
56.9483
57.3826
58.0712
58.2373
56.6528
56.2874
55.8132
56.2538
54.0041
56.0196
56.5998
55.1701
56.1827
57.178
54.1375
54.3841
55.739
55.1494
56.0602
54.7306
54.8458
53.9282
53.3652
54.5835
56.9117
57.8879
54.6962
55.2076
55.7969
55.6059
55.8863
55.3257
55.6343
54.697
55.7282
56.7287
57.4334
53.4263
53.9731
55.4915
55.043
55.4048
55.8849
56.705
55.3597
55.4663
56.7548
53.6861
55.0114
55.4726
56.3284
57.2982
59.3369
57.0442
57.048
56.3011
55.8889
52.4488
54.8075
56.3034
55.7022
58.3773
59.4654
56.7352
58.0375
57.241
57.1877
56.9099
56.6279
55.7256
54.7979
55.0552
57.5744
56.9803
56.7376
54.781
55.8621
55.8272
55.4417
54.7485
54.4562
55.5019
57.2094
54.4847
53.6771
57.0077
56.4317
57.2744
60.0543
58.0693
54.5694
56.6786
55.5177
55.078
56.1123
56.3079
53.6584
54.9548
56.313
55.9837
52.9803
54.2696
54.3152
55.3341
52.6227
53.0825
55.2631
56.4446
56.6401
54.4998
54.528
54.1331
55.9086
57.9642
57.4309
53.9267
55.0068
55.5372
55.847
54.2901
57.0814
55.9861
56.687
55.7427
52.7061
53.2166
55.8888
56.4171
55.1246
54.4569
56.7232
55.5894
54.4917
54.1644
55.2993
53.2028
54.7051
55.3284
54.8146
53.6936
55.7808
58.2714
57.5194
58.8651
57.4938
53.3409
55.1729
56.0834
54.6335
54.7364
55.5389
55.4601
56.344
54.7486
56.0795
54.4768
53.5602
54.9705
54.8748
56.921
57.9054
53.9594
55.9965
55.7314
53.6023
52.5855
54.2418
53.3374
56.3975
56.9316
55.9603
56.1514
56.2433
56.3181
55.3901
56.2369
55.3703
55.1381
55.486
53.9028
54.8379
56.5576
55.1575
55.3305
55.6897
56.5513
55.889
57.3345
55.9003
57.8633
54.5248
56.1234
57.9493
58.2475
55.1994
54.7038
53.9189
53.8064
54.6136
54.0612
56.144
55.9573
56.1549
55.9469
55.2222
55.0657
54.7631
54.3092
54.7137
53.7753
55.6271
56.2095
55.3247
56.0332
55.3772
58.107
56.1412
55.1729
56.0729
54.1018
56.7679
57.6865
56.1148
54.6414
55.2187
56.1215
54.6851
56.5697
57.001
55.8799
55.1542
56.5484
55.4741
58.0869
55.9519
55.7741
54.3983
53.0942
54.7191
54.1209
54.2263
57.1227
54.6815
54.3988
55.912
57.923
56.457
57.8925
55.146
55.6719
56.9412
57.2162
56.4348
55.2412
55.8338
55.0514
54.5079
55.185
55.7303
56.4936
58.8464
56.5072
56.1746
56.2871
52.9806
54.352
57.9104
57.7316
56.2981
57.0207
55.324
57.1752
55.0733
56.4486
55.2344
54.0961
55.3481
54.5175
55.4292
54.6316
54.8335
54.5752
57.1932
56.1483
54.6009
56.729
54.6243
53.9411
53.9807
54.3176
56.254
58.2947
58.9709
57.3675
53.6102
54.5974
54.7562
54.5005
55.9193
55.1379
54.6007
54.3082
56.0594
56.6764
55.4448
55.7908
57.5564
55.8609
53.9152
54.3951
55.404
56.0926
53.785
53.8912
55.4943
54.8267
56.1394
56.2298
55.4753
53.4466
54.8083
55.3488
55.7028
55.1185
54.5289
52.9447
54.5265
56.9233
55.2578
55.0444
55.0106
55.2685
54.1418
55.6373
55.5745
54.9508
55.2523
56.1365
55.2919
55.251
57.5584
56.2203
53.3607
59.3885
58.3575
56.744
54.7168
56.2293
56.2908
55.4303
57.335
57.2558
55.9956
55.0871
54.8074
55.233
56.9479
57.0144
56.9554
55.4053
54.1784
55.9135
55.1025
55.1012
56.482
55.8025
55.9863
58.0077
56.466
55.4666
57.213
55.1148
55.1751
54.3712
55.4662
56.6227
54.184
53.8802
55.0894
55.6425
55.8718
55.5489
55.0631
55.0269
55.0276
55.6497
57.2479
56.8206
57.6686
56.1487
55.8646
58.0001
58.3491
56.4832
58.0588
56.6172
57.4336
55.2306
54.2938
54.9913
53.5319
53.8333
55.9123
54.818
55.5367
54.9685
55.0293
55.7348
56.2148
55.0511
53.8152
57.3272
58.1585
55.4193
54.8763
58.0218
56.143
56.9993
54.1551
54.1236
55.5407
55.5778
54.2401
54.4989
56.1558
57.4652
57.4419
53.9556
54.7228
57.2612
55.9198
56.1054
54.7778
57.4772
58.0612
55.5067
55.0411
55.3742
54.433
55.4212
55.4417
57.1477
59.3086
54.9126
54.8414
56.154
56.3519
55.1855
54.6808
56.3985
55.248
55.8644
53.9444
54.0444
59.7463
59.9438
57.4871
57.1761
57.4552
54.4407
59.2177
55.9985
58.0351
56.0727
55.5799
57.303
54.5942
53.9285
54.2658
56.4776
53.4825
54.5665
54.1039
54.999
55.4964
53.318
55.081
53.0764
55.5283
54.2467
51.9517
54.0624
54.9668
57.0169
55.8222
55.5902
54.8028
52.005
53.6943
58.2706
57.0202
56.0252
53.2213
55.3231
55.3895
53.8457
55.5967
56.6257
52.6876
56.7827
56.5991
57.689
55.5008
54.2267
53.7514
52.8652
56.3563
56.1522
57.07
57.1456
57.7946
57.9602
57.0547
56.0289
55.6697
54.0945
53.4985
54.5136
56.5152
56.9455
54.293
54.0401
53.3371
53.7271
56.0182
56.7026
56.3435
54.6068
55.1627
54.0773
54.6344
56.378
53.5117
58.8309
56.4423
58.218
56.4892
53.2774
53.5797
55.3579
56.509
56.1233
54.6634
54.5878
53.4393
54.7238
55.2846
55.842
55.003
55.2585
54.1651
54.2927
55.241
55.7339
54.7402
56.398
57.0929
55.328
54.6566
54.3256
55.0545
55.9575
55.1457
55.8673
55.797
54.3113
54.2835
52.9646
52.9244
51.3867
54.7649
56.2511
57.4731
57.3722
52.6166
53.8634
56.7734
58.1512
58.4455
54.6225
54.485
56.776
56.6097
56.76
53.5355
53.987
53.8457
56.742
56.2477
54.9778
54.9907
55.2464
55.2964
54.7556
54.0687
56.0477
56.7238
55.3499
56.487
56.3552
57.3157
55.8112
55.7155
54.3174
53.7364
53.7618
55.384
56.545
53.7272
54.1791
54.8936
56.7058
55.2911
54.6081
54.8486
55.569
54.1793
54.3886
54.4024
55.2705
53.2862
53.9665
54.4306
55.3452
56.0511
57.0908
54.4933
57.6742
55.997
55.3774
54.932
57.107
59.3221
56.9219
57.0899
58.0164
58.4822
55.6938
54.5364
55.8216
55.4191
54.314
54.3346
54.4756
53.7713
55.0103
52.8353
55.9786
55.3729
58.3205
55.7393
53.8228
55.1009
53.8927
53.2275
54.1494
54.5992
55.1351
53.795
56.6392
56.8177
59.0122
55.8678
55.1684
57.4998
56.2982
55.3175
56.4003
55.133
55.9255
54.6592
56.6337
57.1009
56.4041
55.6491
55.8224
56.7923
56.3412
55.6632
54.5739
53.1932
53.9713
55.7916
54.9766
57.432
58.4197
59.5362
56.6339
56.9299
56.6599
54.7943
53.6841
54.3198
55.942
55.6294
53.3914
54.7163
55.2635
56.2053
55.9814
56.4128
55.795
57.1761
57.1164
57.4345
56.1803
54.8017
54.3459
53.5225
55.229
56.1202
53.0252
55.9309
53.0055
56.1926
56.5077
57.0484
55.9376
55.9883
52.971
55.4471
57.4887
53.6623
58.2219
59.0034
58.0152
56.4175
55.8053
54.4013
57.1119
55.7748
57.6965
54.9278
55.0393
52.762
54.8197
55.4087
54.2687
55.4278
55.4206
54.6438
55.3649
56.5713
56.7057
55.007
55.65
57.1174
57.4441
55.4849
55.9945
57.5319
54.6441
56.5283
58.117
54.3402
54.8704
57.555
54.9075
54.2382
56.4875
56.4047
55.8094
55.6292
55.404
56.3419
55.2512
56.6283
56.0335
55.1414
56.3415
55.5833
56.2396
56.7828
53.8273
54.8155
57.8355
58.9869
55.1124
55.5676
56.4466
54.7976
54.0281
55.9818
57.5879
56.7361
55.5148
55.2699
57.5277
57.0744
55.0252
54.4856
53.7702
56.0815
56.3421
55.4454
54.667
55.2382
54.3337
56.2155
55.96
57.2756
55.534
56.7908
55.9184
52.8559
54.0859
55.0721
53.257
53.409
56.9825
55.7179
57.989
58.9398
55.3038
58.1592
55.5113
55.5397
56.8767
56.8003
55.7618
57.8142
56.7864
55.6547
58.2076
56.9643
56.4357
56.4867
58.7968
53.4472
56.151
55.7102
57.3954
55.7785
54.7299
53.0174
54.1154
53.6691
53.9847
53.2431
55.0831
57.2178
55.7639
56.0159
53.7784
55.4972
53.1257
52.9356
55.2684
57.2421
53.6354
54.9462
53.5728
56.309
55.6661
53.0662
55.0749
54.2299
54.1539
55.313
56.6223
58.0759
54.5232
54.552
53.8191
57.8575
59.7535
54.4549
54.4689
53.7625
56.4461
57.754
55.5375
55.9329
55.6439
55.8055
54.4567
54.9541
54.4974
56.0055
56.6017
55.748
55.1113
56.6641
53.7434
56.2056
56.3997
57.7024
56.726
55.4424
53.7864
53.8966
53.9434
55.8021
56.4694
54.5205
57.0109
54.4757
54.6002
53.5837
57.2804
54.831
56.4058
55.8925
58.2003
55.0247
54.7488
55.0648
54.6614
53.6774
55.1583
55.8333
54.2188
55.3989
56.5945
55.3974
54.6446
54.9014
56.125
54.8068
53.4996
53.7696
53.2112
55.0206
53.5611
54.9205
54.2351
55.6854
55.5347
56.6335
56.1647
55.3823
55.603
58.2489
57.0675
56.6593
55.0259
57.8504
54.4201
57.3506
58.2165
59.1613
57.9517
54.9507
53.9465
53.6935
55.7706
57.4297
52.8423
53.858
55.0992
53.9773
56.0527
55.6749
55.786
55.3313
52.0299
54.6675
52.5144
54.6967
55.1595
55.6727
56.6851
57.0538
57.4325
55.9327
55.4631
56.2017
57.5971
56.1878
54.6374
56.1456
53.9981
54.6336
56.9256
55.6251
56.236
53.9079
55.1299
55.3976
55.6906
54.2704
53.5083
54.4837
57.8313
55.469
56.0763
57.743
58.6505
56.844
56.8469
54.0522
57.2657
53.2762
54.1481
54.4456
55.7631
54.8104
55.7839
54.4397
55.2612
54.0772
55.5345
54.3233
53.5694
54.8062
55.626
54.191
53.0836
56.1204
55.4171
58.5653
52.5543
56.0077
55.4526
57.6286
53.8924
52.564
53.0853
53.4493
55.2125
58.0475
55.7828
55.6935
55.0602
53.4253
55.5425
55.2579
54.3467
54.463
56.8796
57.9401
57.2331
56.8446
57.5782
56.3096
55.0029
54.8587
54.8765
54.6899
56.6358
53.8093
52.0188
55.3475
54.163
55.7402
56.1434
57.4014
55.3648
55.8332
56.998
56.3742
55.0741
54.0752
54.7933
55.3398
54.6638
53.9377
58.0512
58.2461
57.8807
55.258
56.737
56.633
54.6425
54.0075
56.3378
55.3961
57.2507
58.2058
57.8197
56.2767
56.0818
57.3658
57.8007
57.0624
56.4882
57.7199
52.9112
54.4402
54.8171
55.3881
55.2558
55.7864
55.8789
57.4084
57.7029
55.0389
55.0473
59.17
57.928
54.6503
53.6716
55.8938
55.2983
55.3547
52.395
54.7721
54.947
54.2917
55.2533
54.9433
55.509
56.8795
57.5701
55.1971
55.5938
55.9145
56.4061
57.9987
57.2892
57.1626
54.1289
53.634
54.2078
53.9382
57.5279
53.649
56.154
54.5001
56.7589
56.4842
56.432
56.4368
58.0072
56.3905
56.9894
56.0243
55.001
54.3352
58.3012
58.748
57.5984
56.1438
55.7432
56.6891
55.6279
56.7921
57.1466
56.5698
53.4794
55.1381
54.4448
54.3079
53.4358
51.0834
52.6666
52.3196
53.9859
55.3298
57.253
57.5572
55.5993
54.435
55.4155
56.1354
55.4532
56.0525
54.435
54.2881
55.5445
57.6033
58.2669
57.9248
58.1412
56.2806
56.719
57.4057
57.1537
57.3683
54.6203
55.3938
55.9673
58.3514
55.9946
56.0579
52.3722
53.2764
55.0804
53.597
52.3792
54.3381
56.068
53.9301
53.277
54.7756
55.4049
54.8983
55.8747
56.9113
56.2182
56.5593
56.4943
57.4627
57.7974
55.3241
55.4492
56.3028
56.2269
54.3617
55.5176
54.9879
55.796
55.5573
54.9165
52.7777
52.6506
55.1228
56.377
55.0368
58.6908
57.9551
57.74
54.675
55.7843
58.5395
56.8963
53.5331
55.9796
54.9185
54.7217
55.5039
57.8647
57.2171
56.0366
55.4895
54.3905
54.788
56.8431
56.9107
56.9073
56.4969
56.0515
55.0328
56.4878
57.0992
53.028
53.7236
55.6642
54.3923
53.9986
56.5361
56.4545
55.6841
56.3221
56.7183
55.5658
56.0908
54.6263
54.5203
57.7005
53.7874
52.7295
55.5681
55.918
55.1971
56.4211
55.3896
57.1775
55.9745
55.2265
55.1222
54.0545
54.1568
56.174
55.5357
57.4047
57.3392
58.7694
57.6727
53.1715
55.0386
54.857
54.233
55.6698
54.5348
54.7832
55.4165
53.4778
55.0507
54.4061
53.9679
53.5643
54.6679
55.7794
55.1552
55.4807
54.8231
56.4902
56.1761
56.7839
57.3995
56.3017
53.7106
55.4825
56.5005
54.4607
53.3883
55.5576
54.1294
54.3236
55.6729
58.6973
56.0208
55.1118
56.5127
54.3966
56.2078
57.145
57.2796
53.5484
55.6946
53.8561
53.8907
58.5523
57.0324
60.1926
56.941
55.3697
54.2382
53.6536
54.3675
54.6444
55.4903
56.53
54.8274
54.8308
56.0991
55.5842
56.4645
57.9498
57.4645
59.2875
60.2414
56.1102
55.2536
54.9827
56.4546
56.1683
55.9395
55.6136
55.3725
57.2267
56.6472
58.2422
55.202
56.1447
55.0766
54.5983
55.4569
53.7006
54.3963
54.3769
54.3574
56.0539
56.6821
57.2801
58.2339
58.3842
56.2024
55.8382
55.5864
55.2081
56.2495
56.1534
55.5106
55.6234
56.5193
57.7317
55.3076
53.8928
53.3662
55.627
57.054
54.8559
54.3484
55.6771
55.2848
56.4394
55.3756
56.4064
57.2216
54.9774
57.9395
56.148
54.0718
53.1367
56.8682
55.7264
59.2956
56.4445
56.0622
56.3473
55.9446
56.1129
56.6429
56.8787
55.0554
57.52
57.0494
53.753
55.0439
56.1328
54.7564
54.5169
55.4026
53.3008
55.7289
56.1011
54.6469
54.8855
55.0392
55.8117
56.3066
54.6367
54.4217
56.6345
54.142
56.756
56.318
55.0214
55.9206
56.1933
54.9788
54.6965
55.0489
56.7479
56.2988
54.616
54.0668
55.9147
55.9612
53.9097
53.5556
53.1084
55.278
55.1298
56.7543
55.2885
55.4402
55.4034
56.0245
54.8448
55.946
58.1261
57.413
56.9879
54.3753
54.0575
55.0864
54.6048
54.5585
54.8527
58.6386
56.3285
54.5984
53.4329
54.7169
55.0019
54.8939
54.1208
56.2536
56.1697
58.644
59.0215
58.8568
57.4336
58.6184
55.9743
57.0744
55.7861
53.2776
55.2636
54.0045
54.44
55.5895
54.4842
53.4024
53.6121
57.608
54.6302
53.8369
55.4073
55.0686
54.124
53.4057
57.8093
58.8838
56.8177
54.6547
54.3547
54.7966
56.9114
53.1912
55.2246
55.9639
56.6396
55.7969
56.6697
55.6151
56.855
55.4966
55.5851
56.4465
53.7453
54.9019
55.909
58.0935
56.6502
53.9502
55.4008
57.5031
57.1768
55.9571
54.4121
54.3558
54.1597
55.4097
55.4145
53.6296
53.7436
55.9761
57.3233
54.5011
53.1502
57.4439
57.2635
55.4705
53.7134
54.8946
54.934
55.2189
56.13
55.7838
54.1689
56.7212
53.7422
55.3399
54.1844
57.4018
56.3831
58.26
56.7855
59.4568
57.6493
57.4192
55.9923
59.0661
57.3602
58.3069
57.2482
58.3558
54.739
52.3745
54.8263
56.4678
55.1976
54.6425
54.5796
55.1389
53.8856
56.7113
56.2527
55.8517
57.1334
54.0577
56.2907
56.4956
56.5109
57.368
56.9075
53.7333
53.6273
56.2544
55.0212
55.0568
57.9131
54.875
54.077
55.9733
55.455
56.3673
57.9403
57.0144
53.954
55.2291
53.4202
53.0567
52.9648
53.6753
55.8911
55.249
53.6612
54.5632
55.8529
58.3148
58.7054
58.1175
59.5977
58.3201
57.7422
58.8805
55.6996
57.0291
57.6866
53.9615
56.4256
56.7707
61.071
58.843
57.6489
55.9855
56.9708
55.4361
52.5215
54.896
54.7108
53.3903
53.7436
54.6758
55.0585
56.6918
54.8797
54.9189
59.2487
56.5869
54.3697
53.471
54.511
57.202
56.7011
55.9072
53.6254
53.2068
52.9251
54.6971
54.0174
56.8895
56.1148
54.9598
58.2543
56.0615
54.458
55.3014
55.4035
56.2003
56.9779
55.7718
56.6301
55.3431
57.5838
57.3069
55.2816
56.7741
53.7684
54.3877
55.3305
54.7406
57.2968
58.2149
59.2284
54.4892
56.25
55.2592
54.8434
54.9026
56.5311
53.8022
56.1656
54.4522
54.8508
54.9587
56.1081
54.6576
54.982
54.9276
55.6598
55.9118
55.6592
57.69
56.6229
55.6528
56.0301
53.7658
54.2292
54.0723
54.2216
56.0531
56.0291
55.0892
55.1349
54.1502
56.3775
55.7406
57.8051
57.5628
57.5151
55.6458
54.6758
54.8494
55.6225
56.0109
55.1138
56.6866
58.1139
57.7329
54.5882
52.5669
54.2666
53.801
56.5243
55.5113
56.3336
54.5275
54.7401
55.9382
55.0292
55.7923
56.0536
55.7054
55.4631
54.676
52.7077
54.1614
54.603
55.509
56.2131
55.7148
53.9665
54.2811
53.6446
53.6374
55.1872
53.1538
54.4238
56.111
55.7311
55.498
56.5751
53.566
55.5947
57.0764
54.7307
55.081
56.9129
54.7552
55.2549
53.5522
56.3055
55.3271
56.7721
55.8119
56.0588
56.165
56.1974
54.5892
53.5244
53.5935
55.787
57.089
55.1909
54.4032
54.7155
54.4413
54.8336
55.582
55.9704
53.8329
54.369
56.3613
54.6477
54.8532
54.4544
54.2341
55.4063
52.6954
54.0265
55.9699
53.819
57.1506
58.391
55.5925
57.1528
56.4171
55.6858
54.5534
54.9242
54.0749
54.9929
55.1677
55.2551
56.329
55.7019
54.3403
52.5056
53.9166
54.7638
56.5278
54.3634
53.4498
54.8969
57.1328
54.0213
55.9232
55.2852
55.7431
54.6797
53.3355
56.2385
57.438
54.7543
54.2485
55.193
55.9628
54.2265
57.2089
55.0141
53.8685
56.957
55.5348
54.657
55.8441
54.1265
53.4805
54.59
55.3802
58.1786
55.6389
56.6352
55.153
56.6859
58.2357
56.8619
56.2899
56.4617
56.984
56.3715
56.3425
55.2949
59.7221
57.1077
56.8852
60.4906
56.3378
55.5199
54.7763
55.7598
55.2823
54.0613
54.6131
55.7801
54.4146
53.9462
55.2816
55.3036
53.9614
55.6854
55.4538
54.4771
57.3969
54.568
53.7618
54.4737
54.5387
55.6133
55.1502
57.3833
57.3618
53.4938
54.2488
55.7423
56.3993
56.2118
55.5992
56.1028
55.7306
54.8817
52.6073
56.5969
54.3016
54.8734
56.2032
57.7824
55.2905
55.7967
54.9347
57.2077
55.1734
54.7327
57.8972
54.2004
54.8823
55.3272
56.2671
53.9774
52.5363
53.7569
56.0395
54.6818
55.2626
53.804
54.5516
56.3701
55.3632
53.8261
55.6529
54.0364
56.6273
55.2993
57.309
54.5242
56.4901
57.8646
59.2707
55.8205
56.4971
54.8028
54.2542
53.2009
53.5171
55.5752
54.3394
56.7286
56.5512
54.6512
54.8573
55.6945
56.3329
54.5522
54.6205
53.2707
53.9236
54.4218
55.784
54.7106
55.662
53.8138
53.6883
54.6155
56.3572
56.2074
55.4536
55.8247
58.1394
55.0619
54.283
56.007
55.6378
54.1816
56.0088
55.3071
56.3397
58.1247
55.9701
56.678
55.5051
56.8936
55.4335
55.8395
54.8431
55.5935
56.7166
56.7026
56.253
57.6178
55.6713
57.2956
56.3467
57.1742
53.958
53.6484
54.0172
56.0297
56.8428
57.1676
54.9793
56.9678
54.9225
53.8981
55.5518
55.6356
53.7404
56.3116
58.5637
54.9121
54.6254
55.252
54.7814
54.9155
53.8709
53.9728
57.5067
58.2458
60.9089
56.6516
56.4648
54.7455
55.256
55.8877
56.9332
57.1139
57.5611
56.8084
57.2595
57.6368
56.4511
56.3346
55.024
54.6615
54.2102
55.6548
56.671
59.3312
55.1376
54.7507
57.2966
56.9232
56.4645
56.4806
57.4468
57.6721
57.3228
55.2515
56.4008
54.3555
54.4006
52.7203
54.6025
54.6779
54.206
55.8147
55.3739
54.3595
55.0593
54.5049
54.7801
55.3226
54.8221
55.0296
55.5282
57.6093
54.5524
54.4082
55.9424
57.2178
58.338
54.4808
56.1859
54.921
55.0819
56.4112
55.4895
58.2209
56.6403
57.7808
55.9979
56.6779
55.871
55.3418
57.0193
56.6409
57.4812
56.5991
56.0091
54.5766
55.4075
54.5335
56.1304
55.2399
55.4367
57.0499
54.7797
57.2248
56.8147
55.1734
55.6963
55.2475
54.715
56.2243
54.395
54.6744
55.544
55.7698
56.1375
55.8232
58.0926
56.2461
56.0576
56.0189
56.0433
54.8812
53.5345
54.0614
56.0013
54.3776
55.8524
55.5775
55.0394
57.571
56.7226
57.9884
57.3
57.4981
55.893
54.0978
53.6329
56.6811
56.854
56.2359
57.8294
56.3032
56.6676
57.5311
55.0584
56.5439
54.8548
54.1257
57.1986
57.7272
55.5725
58.3952
56.7603
53.9806
56.1846
56.2672
55.2349
56.4749
56.3714
56.0903
53.0774
54.4213
55.5513
52.9735
54.0271
53.4894
54.5064
55.0942
55.8683
54.4777
55.0491
57.4942
57.1033
55.5535
57.2936
60.3337
57.459
56.7614
57.0306
57.569
52.839
54.1495
56.0516
56.198
54.9779
55.8941
54.8127
55.8587
56.5658
55.1613
54.5901
52.815
55.6459
54.3505
55.7706
54.1199
55.6398
54.6505
56.1093
54.6088
55.1001
56.691
55.2941
55.1354
54.9845
55.4913
54.7782
55.0546
53.407
55.1068
53.3516
54.0216
56.0448
56.5091
54.8487
54.9882
55.5544
53.4612
54.4422
54.3581
55.3932
58.2665
56.526
57.5808
58.7925
58.7221
57.0415
57.2323
54.9687
54.1913
56.99
56.0691
54.87
55.7855
54.418
55.2429
56.4748
55.1889
54.4043
54.6413
53.0725
54.0334
54.4787
56.2781
53.7427
54.8141
53.7205
54.4564
53.7164
56.8467
57.9723
56.2506
57.4826
54.9282
56.5444
56.2733
54.8796
56.1503
55.4736
56.5423
53.5193
54.8397
54.008
54.086
56.73
53.5123
55.893
57.6691
55.8397
57.7172
56.3458
53.9257
55.7315
55.0029
57.1353
56.4127
55.5639
57.8496
57.4862
56.9878
55.4667
54.8923
57.6106
55.3727
53.4309
56.2588
54.6936
56.2767
56.334
54.4818
55.1803
55.411
56.3531
56.509
57.3387
56.4418
57.732
57.8902
53.5404
54.7423
55.6949
56.2596
54.3775
55.6502
58.1015
56.1654
56.907
58.1179
57.3817
55.1514
55.5493
55.8598
54.5475
58.1036
54.2432
55.6512
55.1615
55.5929
55.9219
55.3717
56.2006
58.1117
56.9391
57.5268
57.7912
54.6438
53.5464
55.0432
55.2542
57.0743
56.2076
54.64
56.2598
56.9935
54.2416
55.2126
56.9228
56.9312
56.9007
54.7453
55.7868
57.2047
55.1041
55.3965
56.966
55.2874
55.3272
53.9376
55.3576
55.0696
55.1278
56.3966
57.7455
54.8116
54.6322
56.7572
60.3763
56.4366
56.5995
54.0734
56.3128
55.1906
54.5143
55.765
56.2186
56.0772
55.9975
57.6689
56.8653
53.5248
55.1664
53.0987
55.2753
53.9476
54.8672
55.0154
55.1839
56.4095
55.8467
56.3989
57.0314
57.0099
57.249
55.2659
52.9765
53.5143
53.4113
52.6794
55.0554
55.2066
56.5213
53.4954
56.0099
56.7351
54.8486
55.6994
55.1923
56.5565
56.587
55.4308
56.0216
58.1168
55.9235
54.8731
54.4744
54.1478
54.4761
56.3946
57.0647
55.4817
55.2178
54.5354
54.0942
53.7479
55.2477
54.716
54.6576
54.5603
56.8187
55.7153
54.6517
54.4579
54.9673
58.0633
56.5112
57.3086
55.2102
54.9393
54.0593
57.2701
56.0741
55.4009
56.3322
55.0832
53.3979
53.5265
54.4453
56.2619
55.1176
56.9219
55.6458
55.1619
55.2036
56.4812
55.9186
57.9723
58.4551
57.6867
56.388
55.4652
54.6476
54.4476
55.9266
55.3964
55.8279
56.6073
54.6868
55.515
53.8402
52.8093
52.8023
54.3861
54.671
54.2709
54.9236
56.4295
56.2971
55.3654
54.64
56.6108
58.7066
57.1965
55.9305
58.7543
56.5574
53.3257
55.1103
54.6074
56.9931
57.9641
56.9366
54.9786
58.721
56.0805
56.3624
55.9889
56.3961
56.3764
54.8306
55.8225
54.4032
55.685
54.0968
54.4961
54.5227
55.2806
56.791
56.7794
54.527
54.7526
56.7919
56.9104
57.8835
56.8887
57.0368
57.2872
55.9249
55.9726
55.5646
55.3798
55.6955
55.2425
54.8063
55.1396
55.1223
56.3043
55.2399
57.1192
56.9119
56.7617
55.9535
55.7988
55.63
55.9592
55.7961
54.0605
53.0525
54.3847
53.8888
54.2183
52.2406
53.6263
54.241
57.4338
55.6818
53.6568
53.9054
57.4899
55.0272
53.5336
53.8351
55.8255
55.2692
56.1837
56.972
55.3373
57.7403
56.9781
56.6096
58.3783
55.5888
56.7501
56.1013
55.7228
56.0856
55.251
55.7406
59.2404
55.5042
56.2743
56.7118
57.1874
55.1952
56.4374
53.8275
54.0643
55.3384
55.2085
57.7096
55.1375
55.1963
53.8524
54.5722
54.4142
55.0435
56.0471
60.1492
55.1739
55.7842
58.603
55.951
55.071
54.9774
55.5738
57.5178
56.024
56.627
55.2399
56.6713
55.7065
55.4906
53.7282
54.7346
56.1226
55.1861
57.1094
56.677
55.2613
54.3823
56.0451
55.0761
53.8952
54.8675
56.0965
54.3075
56.0322
53.6479
53.3258
52.8637
55.8776
54.2592
57.9472
56.3762
54.3235
54.3037
56.0471
56.8526
58.1598
57.6999
56.5084
53.7315
54.9191
54.0902
54.8627
54.7787
57.1688
58.0229
56.5465
54.8009
56.0507
55.2944
53.8421
56.5098
57.0429
55.7352
53.0927
56.1816
54.595
54.3589
54.4021
53.6748
55.7908
54.0664
55.4607
53.56
52.8044
57.1949
56.194
56.5706
53.6304
54.6614
55.1587
54.9664
53.4159
57.1339
53.5214
58.2316
55.4918
56.2647
56.3242
53.2036
53.9065
54.8017
55.3493
56.0366
55.3903
54.6385
57.2013
55.1266
54.9722
56.3251
55.545
55.9146
54.0828
53.4691
56.5421
55.4901
55.7947
54.5454
57.7199
55.4881
57.642
55.5556
58.1475
56.6722
56.1353
57.1917
53.4368
53.837
58.4948
54.6209
55.9413
54.2351
56.0339
55.6982
54.3744
55.1429
54.7415
54.9117
56.6749
52.711
53.8323
55.6589
55.4599
55.2419
55.3179
56.583
56.1234
57.1287
55.9859
55.7346
56.2759
56.4288
55.8557
54.2718
52.7374
55.5679
56.0305
55.3353
55.8563
56.9315
57.1555
57.2195
57.0794
54.0295
55.374
57.6969
58.0169
57.6575
55.9271
54.3496
56.3821
56.1741
55.8994
56.16
57.2179
56.8471
56.0985
56.8304
53.9427
53.7279
53.7814
55.7188
55.0338
54.1757
55.8021
53.697
54.1616
54.6211
54.7579
56.9281
55.6291
54.0778
55.7776
54.8358
56.0502
57.6512
57.1686
56.6477
55.4795
57.1181
55.6623
55.8205
55.654
54.417
52.5493
54.6341
56.7461
54.1894
54.7644
56.2852
56.3028
58.8684
56.8966
54.4351
55.2776
55.9717
56.5024
55.5737
57.344
54.8734
56.5065
54.6595
54.9443
56.8308
54.2779
55.9537
54.4733
55.8636
56.3043
58.0209
54.8963
53.5896
56.0372
56.0029
56.649
57.3466
57.4264
55.4381
56.1814
55.8836
56.0549
55.3841
56.3313
56.7221
54.989
56.339
55.1622
56.1364
55.3194
52.9513
54.2221
54.8922
54.6636
58.1914
57.3982
56.8812
55.1166
55.5445
54.2181
54.4798
56.1605
53.6585
55.1629
54.9189
52.4625
55.8716
51.8868
54.2131
55.8548
55.8807
52.3953
53.3052
55.8089
55.7897
55.2016
55.3097
55.9029
54.5793
56.0483
56.7859
54.7603
52.1763
54.6505
53.6267
53.598
54.5167
58.3624
52.8061
56.0681
54.2825
56.1743
57.188
56.3399
57.3144
53.4234
54.0928
55.2017
57.296
55.4933
55.9182
54.7115
56.4658
54.7497
54.1683
55.3899
54.0644
55.4949
55.4
55.2224
56.9054
55.5976
52.8858
55.557
56.2767
57.2248
56.2221
56.6598
57.2168
56.2858
55.0783
56.0796
57.4063
53.4638
55.7953
54.8537
55.5187
56.3332
55.0877
54.7861
55.2908
54.4163
56.1378
56.5121
56.9906
55.7638
56.5225
57.515
57.031
57.1839
56.2767
56.8629
55.5206
57.4454
56.2561
58.3523
54.6693
54.6469
58.5838
56.1782
54.7247
55.6323
55.5312
56.6647
57.281
55.2716
56.338
56.3628
55.4461
53.0611
54.6666
55.6261
53.6334
56.1769
55.4773
53.5994
54.836
53.6585
55.7608
54.8497
54.2301
55.2602
55.2573
54.1583
54.5374
57.1027
56.1858
57.1035
56.8269
54.4627
54.6093
55.1463
54.0009
55.507
55.5865
56.1321
56.1711
53.8892
53.6197
52.6495
51.8543
53.1906
53.4052
53.3685
52.9757
54.7862
54.5666
54.5911
54.4609
58.189
57.0989
56.9772
57.0272
56.1729
59.1889
57.4331
58.2534
56.3045
56.3611
56.8467
56.6039
56.2925
52.8503
52.9388
54.7944
53.9624
57.3293
56.3684
55.6719
55.7656
55.8236
54.809
55.891
54.2583
53.6405
55.2007
56.0339
55.4624
54.8106
54.5652
54.2581
56.0716
54.0241
56.4893
55.1289
51.8959
54.269
54.4469
55.6593
55.4971
54.5173
55.3871
55.2279
56.0253
53.8976
58.6536
59.2146
55.7989
57.5046
52.8197
53.7303
54.8528
57.517
56.6933
58.3552
59.558
58.8349
58.9411
55.5467
56.1417
57.1024
55.3845
57.3371
57.6906
57.2673
56.8055
57.0485
57.5138
55.3195
53.9136
56.6024
57.0772
55.5597
55.362
56.7068
55.3053
52.3023
54.2997
55.052
56.6401
54.4938
54.6792
56.9347
57.0605
57.4462
57.3708
58.7168
54.1029
54.3743
54.7257
55.4391
55.4668
54.4401
53.4479
53.1411
55.2896
54.9718
54.3171
53.4137
54.9943
54.9738
55.061
57.0142
55.5549
55.7723
54.8549
55.0287
56.6726
54.2294
54.8441
55.0132
55.4185
55.3275
55.3826
54.7347
56.3935
58.4906
55.3233
57.8845
60.2389
59.29
58.1232
56.4094
54.857
54.6856
53.8259
54.6237
54.579
55.0263
55.6735
56.5642
56.0331
54.8435
59.1014
59.0829
56.3309
56.2626
57.9801
56.8801
56.6034
55.6165
55.484
57.145
55.0308
53.9932
55.7323
54.5629
54.6667
54.8889
55.46
54.3806
56.3545
55.3615
52.7379
55.4485
53.6995
55.5636
55.2092
56.7352
57.1861
56.7769
54.3338
53.0426
55.8558
56.3286
55.9173
56.4787
53.7528
55.1627
55.0844
55.9993
56.3807
57.6544
57.1709
57.5289
54.9209
55.3519
54.3102
55.0641
61.1901
58.0155
56.5705
54.9374
53.6581
53.1638
54.7671
55.2123
54.7042
54.1091
54.5908
56.7116
54.0001
53.3202
56.4312
56.5759
57.4751
53.4545
55.2497
57.1293
55.5012
57.2695
55.9019
56.0233
54.8846
54.7563
54.7397
55.996
56.7831
56.0051
57.0225
54.9627
56.143
54.8813
54.8039
55.5229
54.1186
54.7148
55.109
55.4985
54.6554
54.8416
56.692
59.2726
56.7335
57.0308
57.6554
55.7791
58.4706
59.6608
56.3133
56.3303
54.0492
53.6132
55.4291
55.7316
56.903
56.6356
56.1316
54.1878
56.0542
56.4133
55.73
55.4913
54.1858
59.3268
56.6107
56.0671
54.1517
55.0772
54.238
57.6228
58.9821
55.7192
54.2781
53.2678
55.9166
54.032
55.5541
55.0135
55.4432
56.4267
55.303
56.1221
56.5525
57.6889
58.2878
56.6459
55.9601
55.933
55.7705
52.4231
52.767
55.8086
55.6787
54.9299
55.221
55.5056
54.3716
57.1082
56.2202
56.4806
54.8948
51.647
52.8391
53.9179
55.0553
54.325
54.7175
55.3997
57.2559
58.222
57.4805
57.2118
57.9732
56.6739
58.2451
57.9989
57.1015
57.6361
55.7563
53.7244
56.2184
57.4254
55.3898
56.1134
55.9024
55.6951
55.3555
56.0196
56.6009
56.0771
56.7226
54.9341
54.7635
57.7312
55.6944
53.5827
54.0875
54.3852
57.1342
57.452
58.7387
56.2695
56.2806
54.4642
54.5744
54.2405
54.2785
55.1608
56.0575
55.3646
54.0416
53.578
53.3717
55.5229
54.176
55.7372
56.3747
55.9876
55.7902
57.5278
57.8951
56.0288
55.2769
54.8636
53.3109
56.9224
55.2886
54.6986
55.949
56.1716
55.764
55.2921
56.6231
55.9531
55.1524
54.119
53.7591
56.7978
53.5397
55.0665
54.4443
54.0537
56.9659
59.5492
56.5978
56.0294
53.6844
56.6646
57.548
56.5977
54.9101
54.3679
55.0218
56.9024
56.261
54.5539
54.7145
53.65
52.6465
52.9707
56.2779
55.2979
53.7544
54.8819
53.4333
55.9897
56.2359
56.9255
55.6328
53.723
53.6472
55.0547
56.5089
57.4412
56.5564
54.4955
55.6253
55.6444
54.2212
55.3251
56.2859
55.7982
56.3945
57.4372
55.5238
55.3394
55.0697
55.0501
56.0502
54.9238
55.783
56.075
55.2972
53.6361
54.001
55.5119
56.7913
53.6315
52.7476
55.3143
54.7875
55.4964
55.0368
52.8156
55.9251
57.8456
57.237
57.4341
56.0248
56.2808
56.3784
54.5436
55.6809
56.7344
56.078
56.1332
55.1949
57.8558
57.6719
56.8644
56.5751
55.7308
54.2773
53.7997
54.6785
54.9544
54.2479
53.5872
55.4401
58.3838
58.6817
57.2776
54.4312
55.9253
55.0272
56.8386
58.4062
56.8894
56.8804
58.5641
55.5059
56.6803
56.9188
55.5494
58.1928
55.678
55.9067
55.3097
54.131
57.5457
57.6437
56.1279
56.7072
57.8693
56.2674
55.4852
56.5192
54.3154
54.8901
54.688
57.6203
59.5398
55.5064
54.3433
54.424
54.3504
55.8065
54.8651
53.928
54.0232
54.6232
53.167
55.2905
56.055
53.6454
54.2537
54.6042
54.529
54.714
55.3933
54.6627
55.2435
56.4764
54.8764
53.0148
54.9554
56.0212
55.8628
57.8963
57.0914
55.9385
53.8709
57.6373
52.9886
54.5508
53.7524
52.7568
55.9069
58.5244
57.481
54.7303
55.5165
56.2416
56.9965
55.278
54.6224
57.0865
55.8038
53.6164
54.382
57.5246
56.686
54.5682
56.5159
54.1319
53.8845
54.9437
54.5953
55.5634
54.0302
55.9153
57.2469
55.8289
54.6967
54.9197
57.7912
56.2519
56.1423
55.8481
56.1154
55.5678
58.6668
55.5301
57.987
57.8124
54.8108
54.4509
57.6257
56.8557
55.0163
53.1836
52.9867
52.448
54.2955
54.7614
54.3902
54.7983
55.8953
55.4931
55.8312
55.9758
58.6486
56.9851
54.8821
55.742
54.6193
55.0032
53.6696
55.5422
53.5877
52.4099
53.8744
55.6336
56.5945
57.7181
58.6143
58.1857
58.0647
55.3751
55.8245
56.4228
55.4113
55.9124
54.3721
57.2508
54.3938
56.3526
55.1627
53.8504
54.6215
55.7476
54.4491
57.2375
54.7079
55.2795
54.3355
55.6626
56.3213
56.2305
53.8507
53.5915
55.0424
55.9804
54.6625
57.3457
57.522
56.144
55.339
55.0229
