163.032
156.141
146.99
140.618
135.558
131.329
129.218
126.815
123.348
119.676
116.393
113.932
110.445
105.352
102.854
101.411
99.1985
99.3274
99.1406
100.468
99.7803
99.6141
97.4268
96.2462
97.671
97.1603
96.0519
95.1942
96.0724
96.5091
94.8052
95.1219
94.5229
94.2421
93.0132
89.7108
88.776
88.4505
86.3142
85.0379
85.4873
85.8251
85.2707
84.0035
82.2289
80.4444
80.182
80.6829
81.8293
81.4137
78.8693
79.2112
82.1903
79.2934
79.8402
81.2435
79.3765
78.0032
78.5292
78.7923
78.0292
75.9655
76.2011
76.3734
75.5357
74.6421
75.5404
72.9603
74.4151
72.8592
71.4349
73.7122
73.0906
72.7175
72.2926
73.2642
73.7324
75.1003
73.7392
73.8372
74.6021
71.4176
70.8281
70.3226
69.7005
69.0347
67.1437
67.915
64.8268
65.8055
63.2187
63.8329
64.9535
64.3811
67.0022
67.2169
68.4842
66.9196
67.237
67.3252
66.7386
65.6152
66.2274
66.4628
65.0749
63.8231
63.6259
64.3822
63.2222
64.8281
61.866
62.3925
63.2261
62.6031
64.5462
63.7358
62.7387
63.0902
64.1462
62.6096
62.2498
63.0813
63.9697
63.5021
63.8351
62.5696
63.0557
65.0798
63.0604
63.2924
63.4728
62.5426
62.0312
61.3897
62.59
62.358
64.1171
63.0611
65.1934
65.5827
62.0659
62.7989
63.9679
64.3887
62.7012
64.0798
62.3925
61.3498
62.1214
61.6954
60.1348
61.8174
61.6766
61.0346
61.9939
60.427
61.4392
60.8619
61.9634
61.6661
62.0643
59.7891
60.9803
61.2983
61.5169
63.3108
61.1889
62.1571
61.9885
61.4105
60.6597
61.3574
62.518
61.5786
58.4374
60.6141
60.6682
60.3563
62.6555
62.8049
62.5714
62.3455
62.0906
62.786
59.2542
59.3117
61.3117
61.7067
59.022
59.851
61.0974
58.1838
62.0381
63.661
63.1181
60.4838
61.7259
60.9071
60.5676
59.8993
58.2701
56.7457
58.773
56.7616
57.2439
56.8957
59.3657
59.8057
56.9055
57.3952
60.2573
58.0976
57.418
58.1895
55.8053
56.827
55.5621
58.2813
57.8912
58.2875
57.7029
56.9093
56.5703
56.199
55.6117
57.6189
57.9927
57.9256
58.5285
58.4621
57.7561
58.7493
56.5042
58.0772
56.3308
58.3421
56.6541
58.3037
58.4148
59.3116
58.8394
57.8774
57.0703
58.6022
56.6968
58.0471
57.8859
58.9576
57.6089
55.0743
56.3126
56.7657
54.6598
57.9646
57.373
61.1413
55.1854
54.7875
56.8763
58.8594
57.2805
58.35
57.151
58.779
58.6292
58.4318
57.7769
55.4737
55.7244
55.3183
56.3463
56.3933
54.5599
54.9705
54.1266
56.726
56.9957
58.2315
56.0832
55.5777
57.754
58.0772
59.5787
61.2618
60.9656
61.9348
59.1202
55.6902
56.3638
57.1513
58.4652
57.4929
58.1843
57.7391
57.4565
57.2937
55.585
57.4337
59.1813
59.1944
57.764
58.0182
57.1461
55.6229
55.8933
58.0095
57.7001
58.7213
57.413
55.2524
55.549
58.5228
60.0344
59.7783
58.9559
58.7073
57.3999
58.527
57.2084
57.1066
57.8627
54.524
55.709
57.6821
58.2416
58.4052
58.0353
60.2106
58.9487
60.3586
55.256
55.9769
57.4793
56.7999
54.8625
57.9373
57.257
54.9335
56.1075
54.5544
55.9954
56.9461
60.8475
59.36
58.7751
57.5165
56.6687
60.3951
56.9231
56.6987
56.4998
56.2961
54.623
56.6208
57.0447
58.0231
59.7746
59.682
58.6789
59.5838
58.4752
58.6605
58.4129
58.9533
56.5841
54.3683
59.1828
57.756
58.9741
58.0604
55.8984
56.1525
55.6368
54.2725
57.9163
59.5447
57.9817
59.072
59.5608
58.7507
56.0413
56.6761
55.1783
58.952
55.5257
56.2259
56.7884
59.4615
58.9477
58.9134
57.6211
57.8672
58.4444
59.1712
58.2888
58.088
59.0589
56.5678
57.966
56.5998
58.2427
56.5837
56.9297
57.8618
58.5634
56.5912
58.2166
55.7777
53.9944
55.7294
58.0021
56.5913
56.4236
57.7477
59.1653
61.4751
57.3697
57.1748
56.5242
57.7061
55.4386
56.0698
59.5748
59.0975
57.5709
56.1492
54.7067
56.2776
57.3799
58.0964
57.7888
57.2617
58.5449
58.2478
58.8006
58.2715
59.579
59.4339
59.6231
58.9151
58.6658
57.9692
58.3014
58.7313
58.7158
56.6739
58.2708
58.0835
57.1642
56.527
59.1309
58.6422
57.5322
57.8158
56.2184
56.1256
56.2649
56.4248
57.9318
55.3145
56.2496
57.3062
58.5272
59.261
57.3574
59.388
58.7714
58.4602
56.4417
58.4512
57.3951
55.3569
56.3623
55.4776
56.5318
57.0394
57.642
56.0083
57.0078
57.716
59.4633
57.6633
58.405
56.1963
57.0607
57.2627
56.2744
56.4653
57.2987
61.9632
57.6479
58.8877
57.5523
55.8671
55.2408
56.569
57.0418
56.836
55.739
56.7782
57.0324
56.1812
54.6503
54.9779
56.4048
57.2432
57.2584
55.9333
57.4996
58.4127
58.8935
59.3294
60.1445
57.489
59.4785
55.1664
59.0831
58.8668
56.3361
58.8921
57.0579
57.4815
57.6369
57.6455
61.0583
59.7724
57.6402
60.1561
56.9361
57.1444
57.0514
59.7189
60.1124
59.5212
61.6327
60.1485
60.5155
59.4743
58.641
57.5875
57.9119
57.6708
57.3715
57.4291
59.1053
56.8192
60.3485
60.4949
59.0755
56.4788
55.1141
54.7508
56.7236
55.5898
57.3664
56.6795
56.5604
57.6133
56.6166
56.5182
58.0634
57.392
55.2275
55.2151
56.1136
57.5126
59.2958
56.924
56.8266
56.6547
56.7816
58.0924
57.7267
56.0069
54.3697
55.5257
56.766
57.7477
57.4481
57.5399
55.9172
57.0939
57.0231
58.9919
61.1569
58.2646
54.7906
56.3987
57.2099
57.8413
56.2155
56.9403
59.3061
58.6581
58.27
57.3292
55.6686
58.7213
58.1668
57.5256
58.3803
56.9332
59.7898
56.1881
60.0635
55.3379
55.7077
55.1071
57.7032
58.9001
59.2682
56.6503
59.0278
59.1099
57.3767
57.8787
58.6296
55.1655
56.7548
56.8243
59.0731
57.434
56.5032
56.1184
57.5568
56.3257
57.0063
54.3322
56.5138
57.6622
59.9602
58.5417
59.0972
56.7202
56.3718
57.6474
56.071
57.2668
59.237
56.5769
54.0948
56.0593
57.341
58.5025
57.3072
56.9398
54.7611
57.0042
57.5066
57.6913
58.3934
59.0041
56.3656
57.847
55.877
58.1823
57.5543
57.4292
62.125
61.3203
56.0836
54.3643
57.8246
56.8945
59.2976
60.9679
59.4362
59.4533
56.394
57.1522
56.4305
55.6856
57.6814
57.8464
57.0323
54.5572
55.3033
57.4898
61.1778
58.4583
55.7294
52.6855
54.554
56.5481
55.4605
56.3166
54.668
54.8942
56.8012
57.9798
56.8363
56.2968
56.5716
56.631
54.3792
54.7488
56.2415
54.2715
56.8052
56.7811
58.2523
56.3921
56.6717
54.6159
54.4514
57.2171
57.6267
56.9921
55.9894
56.5184
55.9395
55.4942
56.6223
54.8659
55.6395
58.8688
56.0435
56.5679
56.7236
55.74
56.6603
56.5691
57.3019
56.6205
57.7712
57.38
57.3884
57.1766
58.6584
58.0564
56.6652
58.7265
57.0713
55.4594
56.4023
52.9335
54.0156
54.7324
57.3227
55.5642
53.9962
56.0518
56.789
56.2273
55.9967
54.8451
54.3907
53.0205
53.6826
55.7612
54.8131
58.0785
55.3479
56.0144
59.037
57.2017
57.8234
57.8771
58.465
55.7937
56.2673
55.8316
56.7598
57.9389
56.5016
55.854
55.8591
56.4426
56.3101
56.5143
56.5367
56.5037
52.7876
56.8769
56.6948
56.632
58.1422
60.1167
55.1712
55.3163
57.1154
56.7061
54.9046
55.9361
56.0858
56.9589
55.5063
55.8462
57.8869
56.7396
57.5496
55.8449
57.3521
55.9124
55.0131
57.4592
56.5226
57.3334
54.8306
56.4573
57.3799
55.3627
55.035
55.9673
56.3616
54.9628
56.8121
54.8186
56.8713
56.8193
55.5975
54.7934
54.4503
55.7195
54.9801
56.5279
56.7531
55.8108
57.3977
55.4637
57.4611
55.4008
57.5483
57.3666
59.1086
56.9089
57.9672
60.7869
57.5723
56.375
57.2404
58.0923
56.758
56.903
58.1198
55.3234
57.1156
56.8052
57.8292
54.7754
56.8649
54.452
56.681
57.4256
57.7976
56.651
54.9307
55.3134
58.3484
56.9965
57.2065
56.0275
55.3504
57.1448
56.8526
53.6821
53.026
55.804
55.5769
57.8105
58.8128
57.4557
55.8623
58.3465
55.701
55.9575
58.2639
58.273
56.7943
56.1544
55.6614
55.3585
55.9827
53.2102
54.2936
57.4848
57.2318
57.8606
55.1445
57.1996
55.5611
57.1677
56.7189
55.5104
55.5521
55.1786
55.6258
55.7763
55.1626
56.4668
55.4008
57.3214
56.6277
57.0542
58.1026
56.4815
54.5406
56.4101
54.9801
57.3255
56.3531
55.5693
57.739
55.1141
55.7922
54.9519
56.2376
55.8796
58.5392
56.204
53.3675
53.8423
55.6391
55.9395
55.5814
56.4619
55.7491
59.2382
59.0933
58.0263
57.2895
54.7754
56.627
57.1899
54.7063
59.3715
59.0976
58.2387
55.8055
56.4278
55.2357
56.6057
58.8591
58.6722
56.0575
57.659
56.3725
56.963
56.1967
57.3975
57.0176
58.3412
56.7965
57.8113
55.4763
55.6415
55.6618
55.5374
56.7294
54.7162
55.7564
57.2431
56.6103
58.7088
56.1712
55.0464
54.2367
54.2815
55.0137
55.5644
56.5635
58.5255
56.9195
56.8263
56.6783
56.7957
58.2114
56.9717
57.0358
56.8363
56.9971
56.7591
55.5698
56.8354
55.7343
56.3767
56.3999
54.9104
55.8324
55.3386
56.9104
56.8549
54.5323
55.7486
55.9752
56.2789
57.3739
57.5703
58.0294
58.8963
56.237
58.938
59.1397
57.2702
53.8236
57.6244
56.2225
53.4544
53.924
56.9204
55.5861
60.1559
57.5517
57.1965
55.2367
55.2707
56.4224
53.761
54.5538
56.8913
58.4046
56.0824
54.728
55.9011
53.214
57.9359
56.8216
55.7841
54.4911
56.2379
56.7094
56.393
53.7107
57.0783
58.5187
56.2964
54.1732
56.615
57.4485
54.9772
54.7915
56.9875
56.3256
57.0702
56.4512
57.7234
56.3825
55.6431
57.9379
57.3735
55.4284
56.9691
57.9144
56.2248
54.7284
54.4692
55.3769
57.9348
57.7357
58.3985
58.6297
57.3881
57.4815
58.776
58.1964
60.1883
59.1449
57.4061
55.2821
56.6789
59.5472
57.1404
57.4013
55.1336
54.449
53.568
56.6246
55.3949
56.7247
57.7893
55.5883
57.4076
59.3572
60.344
55.7645
59.0961
57.3088
54.6196
56.7236
55.2633
54.81
56.6351
57.7458
57.079
56.5836
55.0276
57.4646
55.7617
57.3891
56.6823
58.9799
56.5111
56.372
55.034
53.1183
57.0148
58.5366
56.3882
56.9171
56.9113
55.1437
57.4978
55.944
57.092
56.0423
55.7867
57.1109
58.8705
57.42
56.2194
56.712
57.1832
56.2851
55.1612
55.8596
54.7647
55.7141
55.7302
58.0231
57.5592
58.516
55.8627
54.6515
54.4391
56.6969
56.551
54.2131
54.1726
54.6282
56.1861
52.4943
55.2633
56.4147
58.6012
60.7234
58.4858
56.7404
56.2904
54.6529
55.7826
56.8587
55.1247
56.1468
54.9746
56.5266
58.5472
58.7118
56.3964
56.7289
56.5069
55.2281
55.4205
55.4414
55.6888
53.9273
57.3602
57.0664
53.9428
54.8231
57.8036
58.7221
59.6704
57.3948
56.8816
57.8022
56.8234
54.3575
55.1011
53.5224
53.088
56.142
58.1287
56.9099
56.5041
55.1363
55.6962
53.0683
53.8772
55.7354
55.1894
55.2589
55.1236
55.8716
57.8472
55.7119
55.9494
57.8862
57.4073
54.5891
54.1532
56.5041
56.42
58.1617
57.4159
54.7927
55.9067
56.8663
57.9248
57.7654
56.0068
55.7531
58.2535
54.5454
56.859
57.6082
55.6445
60.1815
56.9011
57.5864
59.2056
56.4016
57.9932
57.2404
58.6267
57.2414
56.9092
58.8646
55.1053
55.798
54.1575
56.887
56.5238
57.0052
55.2776
56.9992
56.5556
56.3667
54.0742
56.2801
56.0092
57.0556
56.029
57.7215
56.8944
56.0726
53.1648
55.324
55.0682
56.6693
54.7612
58.339
56.2613
55.6952
58.0317
55.477
58.1719
55.9785
55.727
60.8986
58.6123
55.6059
54.201
57.2757
55.7479
58.1346
57.0398
57.2274
57.7021
55.8409
55.1517
54.4854
55.4231
59.3173
56.9733
55.8947
55.7818
56.7629
55.1227
56.706
59.5516
57.72
57.4977
56.4969
54.8089
54.7237
53.2553
54.443
54.543
58.024
55.1587
56.5199
55.7559
57.1573
56.7481
56.7751
55.5806
55.2234
57.4258
58.157
56.2844
57.7535
58.7202
58.0761
57.4502
57.9314
54.2625
57.1212
56.3225
57.314
56.5798
56.1207
58.5121
55.4989
57.4065
58.4959
54.1056
54.8863
56.8162
56.3739
58.7864
59.0108
57.4069
54.1381
55.8622
53.5977
57.044
58.3272
56.8298
56.0201
55.2565
54.5146
55.8768
55.5327
54.8606
56.5965
57.0067
56.506
59.7648
57.8851
56.2469
55.5477
57.8038
56.4708
57.1378
58.0827
58.2022
60.6402
58.167
57.8092
58.8647
55.0911
56.2138
56.9561
54.3956
54.6799
56.4255
56.7875
54.3911
54.4759
55.8482
57.7598
56.8124
57.0347
55.5023
56.4417
56.5535
57.2815
57.2772
56.795
57.1627
59.143
57.2247
56.3052
58.0388
56.6553
58.2943
55.7798
55.5728
56.5113
56.0362
56.4451
57.2172
57.9148
55.8041
56.2026
54.789
53.1775
55.356
54.3799
56.3408
59.3472
57.9735
57.6288
57.4495
59.2859
58.7452
56.0466
56.4292
56.4873
58.3352
57.9564
56.5487
56.6039
54.2574
55.3722
56.3998
57.631
57.8612
58.0715
60.4266
60.2559
55.8494
57.4331
59.4559
56.3232
55.5661
56.6029
55.6491
58.0145
58.8676
57.0716
53.844
56.4529
56.356
57.8849
58.7171
59.7191
58.2132
57.7036
56.2169
54.7967
53.2484
57.2517
55.5142
55.3389
55.3124
55.6779
56.9348
55.9563
56.2927
56.2557
57.2403
56.0998
54.1882
55.7307
54.619
55.5956
54.3132
56.7623
57.8657
55.8034
55.6177
55.4662
57.536
57.7911
56.7752
55.3952
58.3051
56.7227
56.3928
56.3155
53.7854
54.8966
55.8645
54.9472
57.2583
56.2052
53.0804
56.0565
57.151
58.3168
58.3623
56.5285
57.7855
57.6529
56.3631
55.6368
57.3828
56.4099
56.9602
58.0847
56.3138
56.717
57.4543
58.0947
54.681
53.5441
55.9515
55.9995
56.2741
56.2122
56.3577
55.9391
52.8404
52.4281
54.0734
54.6344
56.8893
59.0661
55.8672
58.398
57.3799
56.3658
56.0254
56.8095
54.6737
52.0721
54.1087
56.8206
59.0999
57.4388
58.1411
57.2605
60.9955
63.0891
58.3597
58.5513
55.294
58.071
57.5005
56.5949
54.0785
54.3211
55.5856
54.0241
54.7034
52.6567
53.128
55.6782
54.8653
57.2036
55.7527
55.8821
56.9239
50.3914
56.3515
54.8534
55.9805
56.6617
56.4766
55.5566
55.3391
56.3475
56.5824
57.3532
56.5912
55.5904
57.2898
58.1675
58.8418
58.6287
57.8807
56.5416
56.4709
55.567
56.2639
55.7704
56.7648
55.6764
55.5026
57.955
57.5912
53.9386
54.6958
52.3386
57.5612
55.4716
54.6936
55.3553
53.2447
55.624
54.1782
54.1822
54.6806
56.4453
55.6865
56.3369
55.7987
55.6904
56.5204
57.233
57.5861
57.8245
56.2113
55.0552
56.0892
58.432
57.8354
57.0926
57.4764
55.312
56.2917
57.3287
56.4587
58.2892
58.9507
56.6826
58.9906
57.0573
54.171
53.7463
53.4054
56.1751
56.7232
55.4496
57.8864
57.8038
57.8712
55.49
56.0284
55.2007
57.041
56.1129
54.966
56.7003
56.1338
56.8832
58.1696
56.5728
55.862
58.2845
57.1703
55.823
56.655
55.7848
57.1972
56.5946
56.4709
58.9934
59.9663
58.5832
56.3084
57.2508
57.2454
55.1663
53.5599
54.5613
54.5755
55.3073
56.9938
55.0935
57.2362
58.1072
57.705
53.7658
53.8151
56.8053
57.4678
58.1205
58.3813
57.7846
56.9586
57.596
56.7077
55.6092
56.8849
54.4599
53.9195
55.6317
54.5323
55.3493
55.6882
55.9662
54.7443
58.1893
55.9214
53.6387
55.4762
55.5377
58.7079
55.6903
56.49
57.4425
56.912
56.6287
58.3179
57.4882
56.7057
55.2803
55.9646
56.6535
57.0163
55.3777
56.1821
57.2554
57.3541
53.185
54.9232
54.0899
55.3352
56.1132
55.3139
56.3429
58.9953
58.7458
56.6506
56.0897
56.4381
55.8079
57.5851
54.623
55.8853
56.8088
57.7017
57.8419
56.464
57.6405
57.9909
58.4834
55.4549
57.8355
57.3954
55.7731
56.9209
54.876
54.619
54.767
57.4902
58.1504
58.6356
56.8636
56.4395
56.8873
54.8421
58.2157
58.1784
56.9085
57.6465
54.8179
56.6419
57.6745
59.0304
58.7244
57.4964
56.0885
54.9457
59.9159
56.5005
54.6983
55.4549
57.5818
55.9218
55.3463
56.2443
55.5335
57.1532
59.2439
57.1575
54.9429
54.7409
55.6499
57.0173
56.6337
56.7242
57.0199
59.9164
57.8487
56.3232
55.4761
55.6552
53.2773
55.4446
55.1826
58.0636
57.8305
56.249
56.4981
56.2407
59.523
55.7485
59.7841
53.2506
59.9247
58.3754
57.2338
56.6891
58.8372
55.3188
55.1444
54.3327
53.6887
55.6894
58.0119
57.2793
57.1808
56.53
55.8106
55.2183
56.2943
55.7261
55.4656
56.6098
56.3202
58.2331
56.4035
57.1259
57.8054
59.3449
59.2911
59.6547
58.4347
59.1102
57.3794
55.2767
55.0108
55.38
57.5974
58.7926
58.0867
53.6941
56.2056
57.0606
54.0901
58.0945
53.8726
52.8311
52.9338
54.2844
54.9665
56.2895
55.4242
57.7106
55.9682
57.1198
56.8041
57.4339
56.0202
54.2301
54.094
55.9541
56.464
54.3744
55.6848
56.6332
57.7178
56.413
58.4536
57.1489
58.6227
57.3205
56.8652
58.6585
57.5246
57.9313
57.7625
57.0847
57.5682
54.8295
55.9384
56.8482
55.6559
56.6765
57.2588
56.2355
54.9818
57.4295
55.1603
54.4254
55.5323
58.3346
57.2808
55.0171
57.2951
56.6087
56.6026
57.8709
56.6723
56.8001
56.7059
55.0846
58.7105
58.1699
57.5483
57.8916
54.5744
54.7035
57.5521
57.1432
56.1056
55.5236
55.1022
55.3067
55.0722
55.3246
58.2256
58.4059
59.0857
57.2351
55.8145
57.0871
57.4765
55.623
55.4263
56.5652
55.4938
55.162
53.4248
55.4114
55.1594
57.3853
59.1915
57.388
55.7009
55.4095
57.1307
56.2452
58.4851
56.4511
56.9152
55.7077
57.3543
56.2442
58.2666
57.7474
57.5435
57.7402
56.1496
56.3639
57.1592
57.644
56.2926
57.9886
55.4805
56.2269
53.4783
56.3829
57.8101
55.4519
56.6188
55.1724
56.5216
55.743
56.8931
60.4335
58.1183
57.3932
60.0328
57.4227
58.7513
57.4442
58.0329
56.2222
57.2062
55.0345
55.1126
55.3756
54.0014
55.2674
54.1912
55.4693
54.7483
55.0286
56.2377
56.6015
56.7272
57.2129
58.781
58.5282
55.371
57.1813
55.4893
58.2429
56.0771
55.0636
55.2277
56.0601
58.7167
59.4355
58.3293
54.0697
56.2231
57.9654
58.9889
57.3673
56.4069
58.4455
56.6551
55.7093
54.1045
57.5267
57.4357
57.1617
57.3977
56.6933
57.0576
56.8131
59.1956
59.4594
54.1634
54.1865
55.4387
55.9896
57.0499
54.7687
55.2278
58.0289
57.4817
56.9523
55.6618
57.7535
55.2846
55.228
53.6419
55.5438
55.6595
59.2603
58.5885
58.4999
56.9095
59.8476
58.0075
56.3509
55.9066
56.7515
58.0537
56.0724
57.8085
56.5076
56.9501
58.4446
57.3435
58.2809
61.3913
59.1375
59.3678
57.4466
59.2211
57.599
56.9562
57.0284
57.3429
56.1287
56.0429
57.4185
56.8061
56.9738
57.9738
55.7982
56.8081
54.6518
54.9198
55.7931
57.7608
60.2106
58.2123
56.032
55.5264
54.5825
52.415
54.0332
55.9458
57.1381
57.1474
56.469
54.1559
55.3579
57.79
57.4552
58.5722
57.3035
58.1057
57.3219
55.9534
55.4422
54.7686
56.7215
58.7789
57.759
56.06
56.434
57.0587
58.4792
58.2107
58.2123
56.8349
59.0479
57.144
55.6977
53.1266
56.005
55.1084
59.0034
57.2548
55.6173
55.8884
55.0858
55.126
57.8888
58.0167
58.1185
57.6058
58.881
59.1732
56.2018
54.0313
56.5565
57.5227
56.5168
54.9324
56.8968
56.5643
56.9215
54.2651
56.1152
58.7208
59.1334
58.0417
55.889
56.262
56.5786
55.0337
55.3439
56.2745
53.7095
53.6717
55.4686
55.2934
57.6425
58.1372
55.4939
53.1138
57.0224
56.8412
56.6975
55.8924
56.0253
55.2474
56.956
56.8821
58.2686
55.6753
55.973
55.0108
53.7668
57.3256
56.2985
54.346
56.4162
56.5071
55.8924
57.9908
57.008
56.2572
55.5885
54.4605
55.7926
54.9177
57.0382
55.8847
57.0873
56.0789
58.495
55.1042
53.0807
54.2798
54.4162
56.4497
56.7578
54.5265
53.8907
55.0372
56.2852
59.4005
57.8228
56.1576
57.4819
57.2795
56.0844
57.6723
56.5506
57.7818
56.6193
55.5307
57.3898
56.1767
56.3534
56.4205
55.3881
55.4749
56.092
55.9482
55.3324
56.611
56.9543
56.8417
56.4188
54.9199
54.1151
57.5615
54.7912
53.6613
54.493
55.6717
56.148
58.2448
56.1372
57.1957
58.5028
58.1871
54.9494
55.2143
56.6795
55.6554
55.6855
58.2951
55.9124
56.1532
57.0185
56.8944
55.344
56.3151
56.4808
58.2197
56.8482
54.7124
58.9312
57.274
54.826
56.3945
53.6423
55.6912
56.544
55.1668
55.2454
57.4892
55.0128
56.3496
56.7379
55.9123
56.6927
57.7868
57.5671
56.7557
54.9938
55.2856
54.8205
54.5542
56.3775
58.3318
59.1626
57.7375
54.403
55.4153
57.0202
57.6042
56.8695
57.1185
56.7744
58.5241
54.6647
55.7129
56.7808
56.6279
55.2304
54.6255
54.9772
56.3226
55.5582
57.0744
55.15
54.5626
58.4134
57.635
55.9839
55.441
55.8848
55.2379
55.8647
56.0212
54.9896
55.0128
56.1321
55.94
54.9641
56.6802
56.9348
56.2091
55.3124
55.0592
55.7964
55.6752
57.3844
56.3526
54.0889
56.906
58.3299
55.1095
56.2506
57.99
57.139
56.5877
55.2572
57.9233
56.1559
57.5452
57.9323
56.2526
53.7042
54.7648
53.9014
54.7716
55.0287
55.6569
55.8094
56.547
56.2937
54.7457
56.206
57.9624
56.6658
58.2591
57.7389
56.3792
55.3908
54.7646
57.0018
59.3348
59.0083
58.9533
60.9838
57.4952
57.3821
55.1002
56.0054
56.4639
57.4864
58.6924
58.7161
56.8334
57.0483
58.2539
57.7016
58.1557
56.0396
54.6576
55.9715
57.5494
55.8472
56.6784
56.6246
56.3193
54.3622
56.3954
53.8776
54.7961
55.3146
56.9102
55.5326
54.6385
55.948
56.7674
57.153
58.7445
59.4864
58.7126
59.1115
55.6883
53.95
55.8285
56.5588
57.5738
55.9213
54.3398
54.6553
56.694
53.7308
54.9973
56.1255
56.1987
55.3086
56.4906
56.8456
55.8367
56.6656
57.5144
54.4729
55.2332
54.4134
57.6836
55.921
57.2841
57.1018
59.5661
56.9691
53.237
53.881
55.259
53.8985
55.3585
54.9478
56.8108
59.3461
57.9061
57.1365
55.9125
56.7211
56.8369
56.7953
54.6455
56.0183
53.1985
55.0023
55.9335
57.9296
57.0537
58.0915
57.9528
56.656
56.4584
54.8771
55.2619
55.0004
56.3886
56.7586
55.099
55.6257
58.0486
56.5284
57.8182
57.9783
59.0276
58.6587
55.7604
56.8416
55.1485
56.3133
57.1341
59.038
56.4876
57.5699
54.1955
54.8822
54.0971
54.4427
56.615
54.9463
55.2591
56.641
57.1554
56.379
55.3582
55.9444
56.27
56.4011
54.5823
56.6727
57.8857
56.3322
56.236
61.1353
57.1093
52.9608
55.957
55.4392
57.326
55.4052
56.2706
57.4565
55.7421
53.9461
55.552
56.8141
56.1772
56.7067
55.6617
57.998
59.4032
58.2247
55.8618
56.7792
55.4476
57.1045
55.6417
56.7505
59.2854
57.5362
57.0002
56.5571
55.6176
56.4019
56.1254
56.4378
54.7911
54.2911
56.7032
56.6218
58.7997
58.2171
57.4674
54.5427
53.5018
57.0803
59.2103
57.0408
55.7729
58.7468
58.4456
55.1841
55.6411
53.3307
57.6466
57.0994
55.3105
54.5557
54.5684
55.1967
57.0835
59.6124
59.3253
56.3364
56.7889
58.6596
58.9068
60.0013
58.2911
60.1977
57.1196
56.8728
57.5475
55.643
55.3313
56.451
58.0332
55.763
55.3985
56.5461
56.9906
56.2289
56.1309
56.7473
56.9733
59.1778
56.6203
56.1814
56.209
55.4546
56.5285
60.0804
57.1722
54.0763
58.3098
55.8828
54.824
53.7301
58.2936
56.7991
57.9485
58.9269
56.9568
59.464
56.3722
56.7499
56.3867
56.8432
56.4473
57.6455
57.0948
55.6481
56.4273
55.7489
56.3727
56.0767
55.9472
55.2916
57.1438
59.4368
58.6101
55.634
54.636
58.2903
60.3663
60.3637
56.689
56.7905
53.1081
54.2865
54.3206
53.9841
54.7384
55.5469
60.0199
57.9792
54.0059
54.4307
56.5769
60.2645
57.9493
56.458
57.7609
57.3436
57.9634
55.9702
55.6819
55.0903
57.6899
56.0098
55.2401
56.5603
54.7192
55.9463
55.8381
53.8856
55.5448
57.0733
57.6555
58.2296
55.5581
55.0907
55.7237
55.747
55.2822
57.2894
58.2327
56.9231
57.9568
56.642
55.3285
56.3091
54.7807
56.1017
56.5424
56.7321
57.8337
56.061
54.2109
56.4163
57.5898
57.6906
57.4227
56.4552
56.6821
56.4041
55.0813
54.818
53.6034
55.6435
53.8667
54.5285
53.4604
54.5362
54.4622
55.9314
58.9265
60.3739
57.4912
56.3361
57.3793
57.6043
58.5249
54.6454
55.5358
54.6816
55.877
55.9237
56.8498
57.3371
56.0584
57.2515
58.1103
57.1406
57.0885
57.3359
58.0266
58.624
59.3964
55.4533
57.2844
55.8481
57.3144
56.3823
53.9164
55.9942
57.6642
56.3409
53.9024
54.6635
56.3548
57.049
58.1557
58.043
58.0049
57.3288
56.3146
58.9287
57.3378
57.9354
57.8013
57.1059
57.6819
56.559
55.5803
56.0034
56.7325
57.8716
52.7384
56.6514
53.9791
54.8175
56.1529
58.3458
55.4803
55.7897
55.8709
54.8538
54.4236
55.1462
57.229
58.8244
59.188
57.6381
55.6583
55.1182
55.6074
56.216
57.3348
55.3852
56.3594
56.7486
58.1458
55.0537
56.3757
56.0929
56.2747
57.1043
58.5677
59.2066
58.796
57.4936
58.069
60.2026
56.355
56.6809
57.25
59.2708
57.8762
58.3427
57.9535
55.9671
55.0543
57.4079
58.0416
56.9452
55.6085
55.6117
54.459
56.6748
57.608
55.3875
52.3551
54.9872
56.744
55.2603
57.1517
57.0409
58.8545
57.3885
55.8222
54.8529
54.2886
55.9825
56.6862
55.8667
56.6495
55.3106
58.1456
57.3556
55.7614
55.2762
56.6371
55.7911
58.8945
57.2749
57.0105
57.2177
56.3689
56.4957
54.2674
56.5046
56.8254
56.0098
54.3408
56.3878
56.5837
54.5751
56.3849
58.0631
55.9372
57.9286
55.0344
55.3268
53.2472
53.8648
56.3221
57.5948
56.2826
55.0164
56.2399
57.1135
53.2766
55.1052
57.1738
58.9306
54.4981
54.1548
54.5503
56.1174
58.0233
60.0421
58.4134
58.4948
56.8158
56.1585
54.3077
54.9124
55.9885
55.809
58.0569
55.6609
54.2902
54.8638
56.1257
56.4177
55.9207
56.9615
53.2604
54.98
56.2351
55.4322
58.9074
57.1652
55.3144
54.2597
54.8418
55.435
55.4684
55.5673
57.0549
55.2909
55.0842
53.7791
55.9109
57.3928
58.0549
58.6427
58.3149
58.4254
55.2472
55.2952
56.5014
54.6395
55.1457
55.0666
55.7077
54.6659
58.1985
57.1721
55.6312
55.9864
56.176
58.6281
56.1065
55.8339
56.9243
57.1483
58.5662
58.937
55.3656
56.6227
57.4549
56.7941
57.3194
56.7478
55.8835
54.9679
53.9169
57.6194
56.3884
56.653
52.5984
54.054
54.9077
54.5022
56.7704
58.3356
55.6098
58.1081
57.1433
57.0195
55.6927
57.8921
57.3151
58.2886
54.9901
57.0197
58.981
57.0564
56.4106
54.5289
57.2125
56.0091
56.4886
55.9232
55.0857
57.5525
57.5103
57.984
59.4216
57.0788
56.4519
55.4219
59.0217
55.6791
54.9513
54.2195
55.3105
55.3098
54.7175
56.0307
55.7747
55.594
56.7618
56.0969
57.6298
56.3219
57.6264
57.9607
57.0795
56.8562
56.7425
57.6624
56.0432
57.1832
56.6534
56.7592
57.7411
57.4174
56.3309
55.046
54.7591
55.5825
55.6511
55.8287
57.4885
56.878
54.7073
55.0637
55.1867
55.1617
56.1689
55.6866
55.5001
54.9146
57.4538
58.7339
58.6828
56.8075
56.9878
57.8618
56.2705
57.7941
56.8842
57.0458
56.5815
59.2304
56.7365
57.3596
56.1806
56.5186
56.4339
55.8214
56.8636
55.2327
53.9131
56.9239
56.0366
57.2648
56.1017
55.6712
56.3706
59.0299
56.6937
53.9868
55.4552
56.7464
56.1526
54.6957
56.4352
55.0472
57.7692
56.5248
58.1546
56.9786
56.7579
56.8787
54.59
54.7246
57.2733
57.6179
58.6145
55.2846
56.3273
56.2131
59.1269
58.9829
55.4579
55.6652
55.6316
55.2435
54.5613
55.6073
57.1639
55.5051
58.6877
58.6444
59.4495
55.1486
56.8907
57.0016
56.8422
56.4181
56.5375
57.842
59.6068
60.2404
57.8716
55.8889
55.9876
55.6755
58.2254
57.818
54.3107
54.2293
54.6954
57.562
56.0806
52.7985
54.3793
53.8248
54.6593
56.2475
58.0502
57.5624
56.6397
55.9221
56.9733
61.6475
57.6343
57.9083
55.6166
53.3748
56.3492
56.4581
58.8116
57.1211
55.2763
56.7938
57.4648
56.9405
56.5809
56.106
55.1388
57.5498
58.8853
57.1938
54.9327
56.8696
55.8295
56.1693
55.0369
56.2613
57.7091
60.0578
59.6632
60.1747
60.7045
55.8142
57.995
58.624
57.5126
54.9019
58.3381
58.3998
58.4695
55.0627
57.3608
55.9187
59.1503
57.2033
56.7362
56.9368
54.5554
55.9143
56.1875
54.7359
57.3155
56.8066
55.3356
56.6501
55.6523
56.6481
57.215
58.3758
55.9311
56.6596
57.3394
59.287
57.2057
56.0199
55.541
57.697
58.8806
56.9446
58.2535
56.1009
57.3085
55.2168
55.5061
55.0531
56.5919
54.9961
55.6469
57.4512
58.1844
57.9464
57.1065
57.0096
54.2914
54.5783
53.8978
56.0647
56.5786
57.6745
57.7662
55.9084
57.1264
58.234
56.741
58.187
58.9407
56.792
55.289
56.0768
56.5698
57.0789
53.3996
55.41
57.174
56.644
58.913
57.9285
57.2808
58.7677
60.3282
57.4019
57.8432
61.2706
58.0973
60.3276
58.2772
53.887
54.9974
54.6461
54.1808
53.8683
54.7554
56.2129
58.2835
56.7197
53.7443
55.5416
56.9124
55.1613
57.5286
56.0629
55.9547
57.3064
56.6366
57.537
58.3572
57.4803
57.9742
57.517
57.6488
57.2702
57.6013
57.9043
56.1454
56.0297
58.194
59.6983
60.6271
58.4372
57.538
56.5437
57.2677
56.785
57.5248
54.8713
53.4114
57.769
54.6847
55.847
56.0292
55.3335
56.9102
57.0259
56.5601
56.8074
55.9113
57.1942
55.8923
53.8117
54.8668
57.3253
57.4309
55.7169
56.7781
57.758
58.1254
55.0634
55.3075
55.5561
54.2187
56.082
56.4988
54.7804
55.6836
56.0147
55.2154
54.5566
57.6109
58.8175
56.9405
56.0147
58.832
57.1567
54.9556
54.9339
55.2388
53.9468
54.7278
55.7347
57.6678
55.0622
53.509
55.1368
55.9893
55.8915
55.3634
55.4498
57.5611
55.7897
57.428
57.4757
56.0281
55.3857
55.225
55.4721
56.676
57.2844
57.4855
54.4202
56.7513
57.0832
56.1017
54.334
56.0895
55.4676
55.5938
56.7177
57.323
55.6195
55.7062
57.6962
58.1645
53.7429
56.233
55.9226
58.5053
55.5636
56.5062
56.7002
55.3393
54.194
56.2055
55.3584
56.126
54.8043
54.8099
55.2677
57.3735
54.8966
54.6597
56.26
58.224
56.7914
53.3692
56.1836
57.0983
57.3826
59.1004
56.2364
56.0812
58.1517
56.5135
56.6227
56.8164
54.8673
54.9895
56.366
55.6251
59.0649
56.2931
56.5476
58.815
58.0093
55.886
56.107
58.7293
57.2688
57.8243
57.8869
57.565
58.6462
56.9174
56.7166
54.2722
51.2289
52.7492
56.1404
53.4773
54.8743
57.9574
57.4188
54.7372
57.0432
55.5221
55.7601
56.4628
58.2065
55.3676
57.1131
54.7701
54.027
55.9584
55.1069
55.4755
54.4446
54.8106
59.5976
56.6684
54.5017
52.484
54.4796
57.4653
57.0002
54.4463
54.5809
53.9649
55.8147
57.546
57.7206
58.7034
56.8561
56.5658
54.4919
54.8606
56.1971
56.3248
55.9362
53.9301
56.2197
56.619
56.5981
55.7314
54.8952
55.4889
56.7947
54.5653
55.834
55.1364
56.3612
55.4846
56.1272
60.0415
56.701
57.2933
57.3652
55.6631
57.1568
57.9219
56.3389
55.7943
60.206
55.5513
54.9243
57.8949
57.6388
56.2856
56.4161
56.9023
56.4041
54.4983
56.1203
54.5204
56.0366
55.7385
54.6052
55.0077
55.6392
56.9271
61.4323
58.051
55.5975
56.1151
59.1433
55.6204
55.0935
55.073
55.6571
56.9604
58.1912
58.5536
57.8512
57.977
59.3033
55.7494
55.8468
56.7742
58.1165
57.2359
55.9649
58.0275
57.9508
55.4788
59.5455
56.7197
58.9143
58.872
59.3054
58.4594
57.5367
55.3866
56.4055
58.0412
58.7194
58.4207
61.1342
62.268
59.599
59.173
56.5459
55.4706
57.9036
56.1086
55.9044
58.2432
56.6632
54.6887
55.9577
56.0903
60.5206
59.2255
59.1619
58.1348
57.4564
56.3944
56.5485
55.6923
56.6204
57.5612
57.3112
56.375
56.0971
56.4489
56.038
57.0154
55.7374
57.3634
59.7024
58.8707
56.7755
55.3937
54.3949
54.6067
54.3339
55.0538
57.7092
55.6293
54.3316
56.7999
58.166
57.6974
56.7884
55.7699
57.5548
56.1435
56.4145
54.4456
56.1173
56.204
57.8996
56.206
57.7603
55.8117
55.404
54.4547
55.2222
55.6411
58.2872
55.8107
55.0799
53.8294
55.1878
56.8741
57.2938
57.8551
59.6001
57.045
55.0077
55.4959
55.5484
55.2384
54.9957
55.8467
55.0458
55.2724
55.8336
56.851
55.8635
56.5628
58.0189
55.9309
56.2742
58.1707
54.5056
55.6687
54.5706
57.737
57.3174
57.0363
55.784
57.3601
58.2306
57.6988
57.8776
56.6786
54.8515
55.2899
57.4925
55.4841
55.1889
57.3764
56.0113
55.3153
55.902
56.8517
54.7719
57.2902
55.5199
54.8853
56.7878
55.1259
56.9646
55.0868
56.4989
56.8293
57.5444
55.9316
53.8719
56.0051
57.3545
55.4381
53.7455
54.7057
54.6123
57.1102
59.8607
58.9649
58.8361
57.7617
56.6633
54.0143
54.9061
55.3768
55.8435
57.8291
55.3167
56.7456
57.0829
55.6955
56.1607
58.5816
58.633
57.3063
54.534
57.5673
56.5108
55.1902
55.3015
56.0205
55.6442
58.5666
55.2555
55.3306
56.1288
54.6597
56.5845
59.5292
58.1241
57.0449
57.2889
54.5893
55.9647
55.8827
55.7524
54.9283
53.4414
55.9111
57.1982
56.2074
55.5662
55.248
56.8021
55.2152
56.4125
57.5832
56.7258
53.4243
53.709
55.5103
54.9031
57.0859
55.1336
57.1046
57.0935
56.3347
57.4136
54.4925
56.9619
53.5973
55.8918
57.0892
58.0849
57.1984
55.4093
57.3675
54.3464
55.4501
54.1196
56.4367
56.6576
58.1653
57.1911
54.2013
53.5557
54.6704
58.4609
58.0443
55.2802
56.1788
57.2684
57.4219
57.9659
56.8724
55.7033
54.2844
57.9551
59.7428
58.3023
57.1999
56.4755
58.1823
59.2783
56.5406
55.5459
58.3846
57.0055
57.479
55.762
55.8591
56.26
53.5265
55.1457
57.3053
57.9262
58.8048
56.9993
55.1854
53.9756
57.3344
56.7128
56.5715
57.6409
56.5323
59.8567
56.7523
56.363
54.6131
54.8548
54.4435
56.0692
54.5606
56.8001
53.5167
53.5314
55.9583
54.3439
54.0795
55.2949
55.6439
57.9535
57.2327
55.6314
55.4084
56.3217
55.9076
55.7031
55.9528
55.4888
57.5883
54.8245
59.5993
57.8624
57.1996
56.6501
58.6773
56.7493
55.4991
56.6421
58.5168
56.4294
55.0047
56.0241
55.3382
56.025
58.748
57.1754
56.1343
56.3158
57.0079
56.118
54.6604
57.3602
58.812
57.861
56.2406
56.4133
56.2833
55.8705
56.6144
56.6485
55.7356
53.6024
56.3737
54.4082
54.5971
56.151
56.0019
55.5799
56.5501
55.3233
54.7759
59.0629
53.8652
54.5576
54.1832
55.0136
56.0996
56.8074
54.8238
55.8033
53.7276
53.3909
53.9493
56.4973
58.8701
56.1666
57.8306
54.4894
54.5374
56.1786
57.0978
55.6665
55.0549
56.2756
55.7594
56.0061
55.0726
56.4727
59.0572
57.4265
55.6898
55.305
54.4128
56.3486
55.2446
54.0906
56.3063
56.0361
57.0693
59.0029
59.8071
59.9444
57.3096
57.8651
57.2148
54.3922
55.6294
55.5397
58.4451
54.343
57.2851
55.3748
57.1837
56.0144
56.2957
56.207
56.6218
56.7696
58.1221
55.5369
59.1343
59.6108
58.0034
57.3727
56.9627
58.6543
58.2258
55.778
54.0524
53.9844
55.0323
55.9135
56.4674
57.7811
56.2234
56.4597
58.5138
57.7285
57.5551
58.3154
54.8632
56.6432
58.1063
58.4217
58.884
56.2624
57.0574
55.1813
57.2275
56.6628
55.6655
55.6905
55.7826
56.2649
57.3506
55.9458
57.1052
56.3016
56.0048
57.7809
56.1559
56.5193
57.4128
57.363
58.0094
57.5888
56.7494
58.1237
55.2922
58.0603
59.3436
56.8089
57.9921
55.2489
54.9572
56.7937
57.9903
59.3011
58.0735
55.0792
57.164
54.7351
54.4639
53.2529
57.5145
57.024
55.1837
53.7935
54.1117
55.0428
57.6305
57.3434
56.7339
59.6193
55.0402
56.6507
56.6707
55.9613
57.6415
55.9019
55.0394
57.0668
57.6013
57.4639
55.1811
54.6069
54.5044
55.3543
56.3119
59.0693
58.5747
58.3971
56.692
57.0994
56.3168
55.7953
57.496
58.9701
56.7072
57.5702
56.7949
58.4535
57.2847
56.2238
55.5251
57.4359
57.8771
55.3052
58.0974
56.3987
54.1355
55.6282
55.4043
55.89
55.8665
55.0476
54.4048
54.2379
57.2521
57.4911
55.5541
57.4031
56.7976
56.7586
55.8582
58.6748
58.4817
54.6077
54.8986
56.2089
56.9639
57.044
59.1503
58.084
57.3307
56.471
55.0595
57.1561
56.6563
57.2692
56.0203
57.5682
55.6527
56.159
55.8425
56.9788
57.2773
54.8527
55.4263
54.5562
55.3269
54.4119
56.3372
56.2922
55.277
54.3706
58.9884
56.803
55.7865
57.0744
59.1496
60.6077
57.4592
58.9632
60.3449
57.1467
55.5481
55.2259
54.6408
55.9999
58.9895
54.9071
53.7091
55.1689
55.8252
56.8215
54.0721
55.0651
54.0648
52.9913
57.4946
55.6819
54.5789
53.2711
57.8589
55.7574
57.074
56.7472
56.7607
55.9742
56.0418
56.9018
55.656
53.7321
54.1194
54.4012
55.6435
57.1959
59.9583
54.7342
54.4875
54.9002
56.8247
54.5572
54.4922
55.0692
56.5418
55.5949
53.0014
56.5826
59.0463
55.3041
57.429
57.342
55.4761
55.2528
56.9963
55.9064
56.6712
56.3212
53.2317
52.4183
54.3057
56.9112
55.619
55.2183
55.9757
55.7621
56.1961
55.1047
55.7256
53.8379
56.5974
54.2703
56.5998
55.3652
55.4941
55.9171
54.6647
56.7134
58.4773
59.4623
57.1383
56.188
58.4604
56.8676
55.5828
56.8716
56.5009
57.9419
57.2278
55.8482
55.4598
56.5278
57.5773
56.3755
57.5314
55.3923
55.6594
56.9866
58.0385
59.1011
59.0428
60.1001
57.5639
58.9087
58.1201
56.2845
56.4313
58.3539
58.7415
57.8531
57.2581
57.0081
56.6153
57.3481
58.4357
58.2771
59.701
58.8571
54.8526
54.2492
53.2511
54.7046
56.5841
58.5208
58.4122
57.9655
54.409
53.8085
56.2788
56.1535
56.8081
56.7572
56.8343
58.0625
56.4544
57.0107
54.2147
53.4306
53.7672
53.845
55.4615
57.85
55.5453
55.3612
56.8754
57.0865
55.0951
57.072
57.1279
59.3901
58.4386
57.6106
56.0167
57.365
56.2292
57.7135
59.5347
60.6948
58.4832
57.5412
56.5074
57.1368
55.8238
57.3067
55.5675
56.8103
57.517
54.9231
55.8733
58.2816
57.5426
57.8534
57.9372
58.1337
54.3667
53.7727
56.0621
54.8584
57.1596
54.5152
56.3244
58.04
56.3591
54.754
59.1401
56.0018
55.3992
56.9357
57.1494
55.8388
53.7787
55.9328
54.688
54.9528
56.589
55.8355
54.7262
56.5387
56.1164
57.2665
55.3903
56.4755
57.6394
57.2254
61.5881
58.2857
59.8987
55.9276
56.271
58.7224
58.4434
57.0282
57.7272
57.8324
55.342
57.5871
54.7867
54.926
54.2671
56.3131
58.0027
58.2534
56.0936
55.9753
55.9103
56.0009
56.1953
54.6146
53.2391
54.7649
56.2986
56.2465
58.3224
58.0621
58.0051
59.3347
57.7882
56.2638
56.9481
57.1654
57.4862
58.6965
56.3686
57.2898
56.1798
56.3668
57.8218
54.42
56.3191
56.0188
59.008
57.9937
57.0041
56.8844
55.8996
57.0626
54.8704
54.3072
53.5197
53.7755
55.6998
54.6117
57.5307
57.2154
54.1225
57.3397
57.3721
56.0336
57.3729
56.2665
58.743
56.8384
57.6597
54.9587
55.8051
57.8631
57.0333
56.3629
59.1667
55.9149
56.129
57.2385
58.6436
60.0259
58.8297
59.2423
55.553
54.0992
55.2396
55.8038
53.7139
52.3311
56.9863
58.7555
58.5564
56.3277
55.1827
54.4897
55.233
53.9164
55.5494
54.8371
57.3482
57.7523
57.6661
58.6103
57.0564
59.325
58.3598
58.873
55.9301
55.5946
56.3776
57.5777
56.7349
57.5652
57.3083
56.1263
55.3141
54.4988
55.7989
57.9914
56.1221
57.6116
61.9618
60.6416
57.7309
56.3408
54.3239
55.3434
57.7397
58.1826
59.1041
58.2101
56.2703
55.8795
55.1096
56.0006
57.5009
54.3154
54.6651
57.0589
56.7304
55.783
54.6091
55.0962
56.3217
55.931
53.0353
54.7987
54.8992
56.2567
57.387
57.8021
57.6338
55.6427
58.3328
56.8203
58.7399
55.4823
57.831
56.7871
56.8254
58.21
57.5306
53.3579
54.6193
55.9653
56.0393
56.3981
55.2565
57.2174
58.6647
58.5341
54.7743
57.1147
58.8549
55.2552
55.4932
55.7242
55.862
57.6505
54.3566
53.4213
55.8976
56.9467
57.9933
58.8116
58.5555
57.3849
59.2217
55.7569
56.9757
54.7162
54.1034
56.9623
54.8794
56.3616
57.3924
57.9907
56.5269
55.4088
55.1719
56.3112
56.37
55.6836
57.3895
56.4122
55.1408
54.6035
54.5241
56.8306
54.0051
54.9392
58.1388
59.3095
57.3239
56.3321
57.3615
55.7099
57.9603
55.7104
56.639
55.772
54.0485
55.0324
55.168
58.2381
56.1406
55.2671
55.7774
55.5201
57.6387
58.3122
57.2169
58.7594
57.1495
56.3029
59.0462
57.5531
59.5839
57.4619
56.963
56.6086
54.0301
54.5413
54.8411
56.3845
55.5743
56.4075
59.2775
57.9026
57.7795
57.2892
55.7595
55.8009
56.3119
59.0433
55.2616
56.9813
58.5063
58.1011
55.2544
55.5294
58.1581
57.3245
53.9119
56.0414
55.528
54.6098
54.2106
57.2849
58.2333
57.9948
56.9376
57.4841
56.2578
55.7935
58.0141
58.1566
56.3306
54.2152
54.6622
55.1592
55.1767
56.0601
55.2197
54.1525
56.5311
55.5882
55.8565
56.9333
57.0235
55.1399
56.174
57.7123
53.8771
54.5629
54.8515
54.6761
57.6281
58.0888
55.7179
57.1421
54.4724
53.8959
54.6493
54.4425
57.1023
55.7942
55.9804
54.454
55.6717
57.2042
55.7619
56.5365
56.3241
53.6181
54.5146
56.0646
55.672
53.0523
51.8544
54.1712
56.6215
54.5421
56.481
55.6847
55.1054
55.5955
57.9796
56.3712
53.9433
56.427
58.1038
55.5284
54.2183
55.7716
57.6813
57.4748
57.1735
58.0265
57.2906
59.2978
57.0408
54.5911
55.446
54.7451
57.2054
53.9254
57.1686
57.6646
54.9875
57.7396
57.7536
56.598
56.9836
57.0953
56.161
54.9664
54.076
54.073
56.054
57.2092
59.1465
60.1277
56.8893
56.4551
55.6446
53.8154
54.4915
60.0893
59.8999
57.0557
58.2315
55.6419
55.1672
56.725
56.0098
54.1012
54.2782
56.1199
56.1949
56.7154
54.8457
56.1105
57.6274
56.8833
58.4132
55.7461
57.7276
55.643
57.1616
56.2057
54.8446
57.0735
57.7353
57.0811
57.2054
57.2405
57.9354
56.6703
54.5084
56.0964
55.082
54.0827
56.3647
57.6037
58.3054
59.41
57.5435
56.9332
55.7139
56.8003
54.0719
54.3319
55.7666
56.2047
56.5065
57.8663
58.8814
58.7578
56.5524
53.4954
58.3826
56.4092
56.9544
56.4525
54.8
54.6553
53.4575
59.1624
59.2912
57.3237
56.8944
55.7459
57.1802
55.2356
55.7811
55.3675
54.5981
54.8225
55.1843
52.6746
56.6887
59.2058
56.2993
56.3684
57.6816
56.4129
57.7126
56.2735
57.1791
56.3303
55.1574
57
55.5509
57.6925
58.9317
56.3002
54.443
53.9809
55.3847
55.8825
57.295
57.5946
54.8122
55.9787
58.3353
56.9943
56.6185
55.4646
56.0598
55.1021
56.9113
58.2172
57.3446
58.8054
56.2154
56.9871
56.7472
58.5325
57.8961
56.5347
55.5926
54.1294
56.6178
57.9844
55.9863
55.1086
55.3476
57.4606
56.5432
55.0695
56.1436
56.1553
57.2364
57.6533
57.7027
53.6623
56.2048
57.289
55.8691
55.46
57.1302
57.287
55.3935
56.2862
59.3569
58.0906
56.7924
53.1807
56.8389
55.7616
59.7515
56.4522
58.8193
57.6035
56.6437
55.859
55.0768
57.0515
55.2584
55.3492
55.2868
56.1883
56.2012
54.478
57.5773
55.4113
55.6859
55.2905
56.6553
53.4889
55.9543
55.0256
55.1771
55.8737
56.0966
55.6135
57.337
58.8612
57.2532
53.6344
56.2688
54.3278
54.5708
54.5029
55.1028
56.4359
60.4984
62.5505
60.5473
57.8426
58.3925
55.621
53.9755
54.1997
55.4604
57.8732
55.1084
56.778
56.3612
55.2218
56.253
56.8885
55.9555
53.7598
54.8448
55.9281
56.6143
56.7244
57.3452
56.9718
56.9352
55.7413
57.201
55.6127
55.4146
55.501
53.2531
55.4978
54.0587
55.7307
56.9442
58.4334
57.993
57.1014
55.9522
57.1718
54.6012
55.2337
53.134
56.6361
56.2415
57.0191
56.254
56.4663
56.9892
55.7076
56.6769
55.7353
54.5848
58.4506
59.0902
57.2189
56.5775
55.6601
56.5989
55.1349
56.3807
52.5405
55.6725
56.3692
59.4563
58.9207
56.9679
55.9906
57.2685
55.6781
55.8583
56.5369
56.2
55.8348
58.1355
57.3755
57.7783
60.868
57.6099
55.6011
55.2296
53.7128
55.6072
56.4648
56.9284
58.2677
57.6574
53.7693
54.1877
57.2509
57.7964
56.9803
58.2141
55.4057
56.9593
58.3984
58.2083
56.4299
57.617
56.4144
55.6799
56.1966
56.1079
55.4676
55.5278
56.465
57.7836
56.3518
59.7571
56.3536
56.8155
58.2541
55.2058
58.3539
58.6267
56.2123
57.6228
55.6917
55.5626
56.7524
53.8401
54.6059
55.2362
57.1078
56.6925
56.8563
56.6951
53.7797
56.199
57.5577
56.4209
56.7432
56.9678
56.9755
59.0973
57.5924
58.7067
57.9837
58.2279
55.0875
55.6218
55.4632
57.1634
57.2853
54.6845
56.6392
57.9658
59.0005
59.4846
58.6884
58.6416
57.3403
58.4226
57.6473
57.5491
57.9184
58.7152
57.2115
57.7158
57.873
59.2406
57.0305
53.7519
56.708
55.98
57.8219
55.4174
55.1645
56.9594
58.9164
57.8899
57.4445
57.5904
56.8219
55.283
57.4186
54.8282
56.6727
55.9635
58.0237
57.7807
57.541
56.2385
57.634
57.3317
57.8455
56.248
59.0891
58.3001
59.1651
57.9255
58.3269
55.8997
54.9806
58.1877
56.8735
54.901
55.1969
54.8154
57.3754
56.2444
57.5029
55.1862
57.4071
59.5656
55.334
56.16
56.3727
55.9375
56.934
55.6559
56.3816
54.8309
54.8885
53.4206
53.2651
56.007
55.9744
56.5755
56.8573
57.5305
56.78
55.8144
58.899
58.7537
55.0856
58.1119
56.7735
59.167
57.814
54.8249
58.2287
56.1384
56.7983
54.462
56.1101
53.5824
55.6971
55.3379
54.3836
54.4441
57.1346
59.6525
58.8507
56.6367
58.3807
59.544
58.4783
56.1453
58.0512
57.6285
58.8403
56.6161
55.6623
57.7099
58.1188
60.3565
61.4845
55.7728
55.6672
56.2848
55.9288
56.8331
56.9452
56.0696
55.2627
56.3645
56.8047
56.3467
56.9701
57.5664
56.371
55.5095
55.8508
54.9489
54.4332
55.86
57.7383
57.7073
57.1131
56.1303
56.9658
55.5168
55.113
53.29
55.5319
56.9735
58.1138
58.6091
56.0724
56.1241
56.7314
56.9195
57.4241
57.0145
58.9573
56.3933
58.974
58.1651
55.6918
56.0277
56.473
56.5478
58.74
58.0538
58.1652
57.0529
55.9405
56.3849
54.7543
52.8632
56.0876
57.0076
56.02
55.0905
57.4352
55.5245
56.1519
57.4073
56.3278
60.0913
58.3918
54.9445
56.1615
57.3042
56.824
57.2843
54.9514
55.5056
56.2372
56.2743
55.8887
56.7022
55.6134
56.7124
55.3584
56.9927
56.3831
54.8888
55.9149
53.0328
53.8349
53.1997
55.1051
56.7115
55.2935
56.6188
58.6436
57.3262
57.1507
55.3063
55.941
56.5294
56.3465
55.0425
54.1893
56.9294
58.4037
55.2498
56.6718
55.5102
54.6712
55.3848
57.3108
54.5593
56.2646
55.9388
55.577
57.9323
54.6797
54.9617
56.7103
57.7259
55.5233
54.0626
55.5221
54.2975
54.5501
55.2809
56.1282
55.6102
56.7936
54.8977
56.0134
56.5155
55.6867
55.5363
57.9032
56.0273
55.8024
58.5868
57.9121
55.5032
55.4928
56.5113
56.6723
54.4465
57.9136
55.1938
55.8451
56.6295
58.0259
55.9924
56.3879
54.1244
55.9645
56.717
57.6106
57.0075
56.6177
57.2837
57.5237
55.4787
58.3978
59.6655
55.8582
55.7569
54.5591
55.5923
56.542
53.9756
55.768
55.2487
57.3937
54.2792
55.8058
56.4221
57.4196
57.8532
59.0844
58.3258
58.7125
58.5918
57.3417
57.1534
56.8625
56.4294
56.5727
59.4872
57.4854
54.7347
53.2311
55.0503
54.01
55.9543
57.4028
57.7795
57.8545
58.6137
56.9443
57.3025
58.0064
56.4224
58.2808
59.1383
56.4348
58.7804
55.6287
58.2063
55.003
55.4584
56.9
57.2061
58.8603
56.2223
58.4472
57.5804
57.6442
55.4296
54.1466
54.6686
55.777
55.6202
54.937
58.0986
54.2366
54.418
55.2925
57.9311
56.1269
55.4404
54.5605
55.5543
55.5515
56.063
57.2702
58.5899
58.6473
56.5078
55.157
56.4752
55.3666
57.4808
56.6725
56.746
57.0903
58.3851
57.6535
55.677
53.6888
56.387
55.915
55.8199
55.8246
55.0553
55.5758
53.9664
56.871
56.1341
54.8602
55.3929
54.3114
57.5931
58.7339
55.6343
55.4557
57.7635
57.4025
55.4796
59.6307
57.3909
56.6292
54.6898
55.8378
55.3352
57.4053
53.2375
55.4379
57.2212
58.9061
57.3785
57.3255
57.0412
56.7462
56.1944
57.6031
57.3579
55.5255
55.1546
57.5565
55.9424
56.5327
57.4335
57.3853
60.2167
58.4551
55.8821
55.6158
56.928
57.7122
58.3159
56.1098
59.4871
54.9591
56.3797
57.1051
56.2263
53.006
55.7489
56.9738
57.5865
58.7608
57.1003
57.4672
56.5038
55.8192
55.1322
54.7458
56.2394
57.7547
56.5174
54.6364
56.3719
55.955
56.6765
55.1227
56.7967
55.4828
54.0752
54.3393
55.2155
56.2951
57.2027
55.3596
55.6504
55.7447
55.2549
54.8932
57.8432
56.862
56.646
55.3045
58.1096
57.8005
59.5865
54.8621
55.7613
55.3088
55.8463
56.1134
54.3906
58.1526
58.7289
55.7144
56.9183
55.9409
55.5929
55.1091
54.7117
54.6867
57.1035
57.8082
59.2164
54.1295
57.149
55.3992
55.254
56.3391
57.6059
56.333
54.5027
57.2823
55.6658
54.6389
55.3083
54.7003
55.3681
57.5686
56.4905
54.8836
57.5842
57.0308
57.3476
61.3942
59.0805
56.1425
56.0763
56.8371
58.2458
58.1786
56.0079
57.1542
55.6668
52.8443
56.193
58.3722
59.0351
57.1347
57.4724
59.9928
58.6859
59.157
57.088
54.7049
55.8001
55.6348
55.5038
53.506
56.4063
57.608
58.9558
56.2972
55.9689
57.7541
54.2647
54.6614
55.7925
59.3325
54.674
54.1708
53.3703
54.888
55.4245
57.3972
56.6765
57.0965
60.2123
59.0171
58.3151
52.8173
52.5641
53.4712
56.7974
55.4551
54.7946
56.6929
55.8526
56.0699
58.3294
56.5709
54.8414
55.7089
57.6128
57.9768
58.6421
58.1741
55.9972
57.3327
57.0132
58.705
57.5128
55.74
55.4301
55.6695
57.0304
55.9259
57.8132
56.7651
54.779
52.7487
53.3566
54.8669
56.278
56.7884
56.9714
56.8344
56.5368
56.7416
55.7921
56.9933
55.4055
58.4966
54.9534
55.1004
57.6623
59.4929
61.8153
57.4919
57.0747
58.4908
58.3526
59.1938
59.2466
58.1737
57.0627
56.0809
56.5775
56.9926
56.5529
56.832
56.8489
57.3927
55.8129
53.6596
56.5285
55.4544
55.4084
55.5218
56.032
56.9063
56.0123
53.638
54.5588
54.7589
56.822
57.0792
55.9976
56.4335
56.5015
59.2389
58.7011
57.5424
56.8952
56.9931
56.705
56.3533
58.5679
55.4101
58.5848
59.1724
59.0377
55.6748
57.6742
57.4746
55.8104
56.9516
56.82
58.2123
55.8223
54.538
52.9438
55.9048
54.1093
55.6504
56.337
56.9263
56.478
56.2448
53.7583
53.4812
55.7141
56.8985
57.2245
58.6512
58.6303
58.0212
56.3018
58.4545
58.7749
59.9625
57.4338
55.6983
57.6136
57.0585
56.0069
53.8793
54.3266
56.005
57.4262
56.4922
57.2195
56.0757
55.5013
56.4153
59.1897
57.3062
58.7569
59.291
54.9169
56.2814
56.7358
57.2268
56.9575
56.0404
56.5549
55.7707
58.895
59.6603
55.463
57.822
56.1939
58.1204
58.8651
58.7327
57.5828
54.989
56.7807
57.7424
57.4881
57.4067
56.8503
56.6311
55.3187
54.0901
57.3858
57.5123
55.0538
58.62
58.2787
55.9994
54.4464
57.5827
54.7529
57.0439
58.2996
55.5239
57.5973
56.4899
56.974
56.1507
56.3915
58.9091
57.6745
57.1315
55.6768
54.9403
55.4022
55.8395
54.826
54.7122
56.7201
56.1643
55.7753
56.8624
57.9851
57.5996
57.9444
56.6654
57.0529
57.4702
56.0421
56.2623
56.0535
58.6811
53.5164
57.5265
56.4362
55.4259
53.1462
53.7764
55.3152
57.2458
53.0185
56.4085
54.1406
55.9377
55.663
56.5835
56.95
57.8461
58.1987
56.0485
57.3734
56.4161
57.4089
57.9819
57.7005
55.1827
57.9412
58.2592
57.9319
59.473
56.4316
56.9214
57.3871
57.5738
55.4151
55.2373
54.8995
56.8837
55.5817
54.024
56.9518
57.1435
57.9237
58.4009
60.1001
57.0596
56.9353
56.7356
58.1618
57.0381
56.458
55.6954
54.1745
55.6812
56.4943
56.7013
58.2541
57.1651
58.1797
56.4559
55.7331
56.1985
56.6511
56.652
56.6615
56.1572
55.7259
56.07
57.0986
57.2507
55.6474
53.803
55.0415
55.7853
57.7754
57.2158
57.9177
58.0887
57.2611
56.5174
57.3743
57.6663
58.2698
58.9118
55.7516
55.0041
55.5523
55.9737
55.3585
57.8328
53.9186
53.5181
56.408
54.7917
53.8508
56.5278
57.9174
56.0556
59.0642
56.2085
56.3
54.4219
56.8841
58.104
56.7452
58.0912
59.2026
57.7794
55.9341
56.2679
56.4408
57.6077
56.8644
56.3532
54.9409
57.9135
58.0514
56.9619
54.55
56.1703
58.3188
55.6091
57.5698
56.1278
58.3067
56.9566
57.658
56.7118
58.416
57.8332
55.9579
55.1782
55.8857
55.7089
56.1362
55.4331
54.078
54.132
54.1234
55.3594
54.9836
57.5654
58.4815
58.2984
57.4687
55.6604
57.0881
56.3217
57.3425
59.454
57.4736
57.9604
54.7551
54.7434
56.7525
56.33
55.0111
55.0565
55.8026
57.8101
55.61
56.7341
55.189
54.5446
56.0211
54.7371
54.4534
56.8092
57.0871
57.8573
57.5947
57.2178
58.3838
55.9051
58.848
59.3351
56.8724
55.5825
54.3965
57.3426
59.3346
61.8451
60.3837
58.0671
58.2468
57.2675
58.7037
57.2447
56.6946
56.8263
54.4134
54.5805
56.9066
60.0886
57.5215
54.5875
57.0587
56.5149
55.8045
55.9019
55.5308
55.8827
56.8765
56.5129
59.5105
59.2021
56.4277
55.8124
56.9409
56.6114
57.7051
58.4612
57.7854
56.8906
55.5097
57.4759
56.6286
54.9819
53.515
53.1042
54.3237
55.4646
55.7325
55.7146
56.3331
56.3459
54.4068
55.8135
57.6982
57.2291
56.7174
55.7547
56.486
58.4825
56.9442
56.6755
54.7511
55.3334
54.3839
55.8262
56.3994
55.3176
57.0542
56.6759
53.7293
56.387
57.7441
58.6229
56.0581
55.5037
55.4036
55.5897
56.0667
57.0192
57.2404
55.9238
54.9015
54.1672
56.8694
58.4338
55.4779
54.5496
55.7891
56.5768
58.2211
55.9349
56.675
58.6812
59.0898
53.7632
56.0901
59.3234
58.4009
57.2066
55.4572
56.6424
56.725
58.9808
55.3318
55.7561
57.7241
55.6847
59.4649
56.7558
56.7985
55.9953
56.1337
55.5406
56.9728
56.658
56.9461
57.3908
57.1899
57.7884
56.923
57.3645
57.4406
56.83
56.3027
55.641
55.0386
55.5473
55.5661
57.1362
55.8701
55.8804
57.2651
56.5203
55.7362
57.784
58.0841
57.1097
55.4716
57.0698
56.5928
57.1167
54.9966
55.5025
57.6516
57.0938
57.6535
56.9455
57.6099
57.1039
56.7748
58.1961
58.5401
57.9734
54.3891
56.1088
54.8513
56.3429
57.9722
56.8707
56.425
56.2755
57.0099
54.0548
55.1137
57.0319
55.0053
53.866
56.1278
57.123
55.355
55.3882
57.8078
56.6153
55.9844
54.3196
56.3918
56.3327
53.7807
55.4688
53.6899
54.9054
55.8651
54.4611
55.1856
55.3088
55.6792
56.2229
58.4861
56.0802
56.3019
58.3115
56.6283
57.4035
57.0123
58.0881
54.2625
56.3441
55.3892
56.8181
55.9514
57.5638
58.0368
60.8346
56.9176
60.3378
60.6632
56.131
57.1842
55.1938
55.7936
53.1663
54.2184
55.1455
55.7926
57.8603
58.6799
58.4049
57.0705
56.8549
57.3806
57.176
56.6483
57.2865
56.1238
57.6178
54.7538
56.1663
55.8865
55.0669
55.4541
56.4673
58.6126
58.2686
60.4337
59.8827
58.9298
58.0808
59.9338
58.5762
56.3412
56.145
56.1852
54.6599
56.8868
56.9945
56.0293
54.9254
54.4794
54.9565
55.6998
54.4726
56.497
57.3236
56.2296
56.9531
54.5535
55.9931
56.7371
55.7349
57.0366
57.6363
58.4988
56.4604
58.0914
56.8662
55.1275
56.76
57.6277
54.7786
56.1263
58.1984
56.4111
54.0194
55.3369
59.053
57.5033
57.0545
58.8581
56.3214
57.6533
56.2975
58.8198
55.253
56.3434
56.5554
55.9432
56.4182
54.2548
56.0348
55.7821
57.6523
57.2605
57.1608
56.6054
54.0824
55.7179
54.4978
57.5987
57.7711
54.8612
54.5397
56.5484
58.045
56.2899
57.2741
57.5036
54.0583
55.4161
57.1101
56.975
57.2669
55.3002
54.2975
54.4885
55.6711
55.1649
55.7533
55.2346
55.0708
57.2796
55.0629
52.9918
55.0417
54.9756
55.9167
57.7164
58.1923
57.1679
55.139
55.1737
55.6651
55.9434
56.4777
58.292
58.4344
55.7974
57.9879
56.7396
57.6176
58.4278
57.6415
55.4322
58.2376
56.4793
57.0266
58.7923
60.2754
58.0576
56.7847
55.0238
55.8234
59.8119
55.73
55.6908
57.096
58.0259
56.1412
57.0656
57.6625
56.8775
57.2472
57.3693
58.0075
56.391
56.9983
56.9616
56.9203
55.6667
55.5948
58.0097
53.1023
55.4886
55.561
57.279
56.3371
59.1711
58.3043
56.9707
55.1627
54.742
55.3099
55.504
55.1556
55.4228
59.724
58.5583
55.9464
58.198
59.9555
58.1905
56.1487
56.4459
58.2728
57.5816
54.5703
55.8738
56.0826
55.5753
56.1235
56.3092
56.6149
55.4936
55.1169
57.2209
55.4043
55.3189
56.6078
56.5024
56.556
59.044
58.3087
57.5819
59.1772
56.7302
54.7991
56.3583
55.505
55.5028
55.891
54.9474
57.0836
55.3386
56.5798
56.3299
57.2324
58.9502
55.1773
59.4695
57.7799
56.0621
56.4954
55.9437
57.5743
57.4455
58.9572
55.2773
54.9592
55.4101
53.8562
54.1981
54.9008
55.269
54.5994
54.8038
55.7795
56.3228
54.5546
58.1027
57.5033
55.6148
56.165
55.5506
57.4125
55.4474
53.5847
53.8309
56.7535
58.7084
57.4021
56.8731
57.8017
57.4408
56.1705
56.5792
56.5713
56.9986
56.9371
56.6731
58.6769
55.9276
56.4532
56.4857
58.9624
57.7697
57.1092
56.3823
56.8891
56.3626
55.3733
54.8928
56.1917
56.1503
56.4744
55.8948
55.2831
56.508
55.6108
57.2551
60.6095
58.7112
57.5738
57.5044
56.8196
57.3114
56.4721
55.5811
53.93
55.3926
56.9332
57.3828
55.9761
55.9207
55.2781
59.1435
58.2657
55.3775
55.6608
58.676
55.5507
53.238
56.894
56.8905
55.7979
57.2493
56.7199
54.2246
54.8868
54.3835
55.1179
54.7646
56.76
57.2949
58.5428
58.929
53.7848
56.703
55.3701
56.2523
58.695
57.2108
56.6846
57.0146
54.9229
55.1207
54.3035
58.1037
55.5398
58.8931
58.0033
55.2941
56.4495
57.9337
54.9422
58.5053
56.2128
57.9814
58.7639
57.3036
57.939
59.0764
55.6708
55.2052
54.9194
57.7579
55.0712
53.8524
57.3121
56.7332
58.2152
57.643
54.9532
56.4481
56.4234
56.9631
58.6591
58.3374
57.0237
56.9297
56.5099
54.6725
56.6331
58.714
60.0842
55.8229
58.7579
57.8663
56.5074
54.8901
52.3997
54.1654
55.3937
58.2752
57.8947
58.4438
54.7214
54.5926
57.3708
54.0462
55.0109
56.8775
56.7461
58.1667
56.6494
59.7592
58.8767
55.3047
55.8994
55.6402
56.5604
55.3942
58.8079
58.9497
56.6773
57.2466
56.649
55.5489
57.1156
56.7598
56.8925
57.0314
58.0873
58.0404
57.6383
55.2265
55.9526
56.2016
56.7219
55.8194
55.3299
55.5655
58.0459
58.5897
56.0556
56.2468
55.9796
56.7567
54.2691
55.6147
57.0955
56.3447
58.8191
59.9547
57.0935
55.948
56.0457
57.7169
58.4056
55.477
54.1832
53.5815
56.1143
57.643
57.1454
57.5265
56.4628
57.3354
56.602
57.217
55.3602
55.778
58.2194
55.25
56.0682
54.1655
57.283
57.0654
56.7146
58.2053
57.9695
57.6948
56.271
56.3757
56.546
53.7806
53.9634
55.2352
58.6277
59.3623
59.4179
55.803
57.1353
58.0334
56.6776
55.1907
56.6908
58.0848
56.7501
54.0458
56.7676
54.7256
54.738
56.8849
57.545
57.9491
58.347
56.4717
55.5412
55.2694
57.7371
56.7832
55.8301
56.2144
52.5403
54.098
56.0601
57.352
55.4996
55.0762
56.5495
56.3234
55.2231
53.9112
54.8059
53.6625
55.0706
54.8118
54.6169
53.109
55.2295
58.1794
56.7221
59.9198
56.3533
56.2719
55.9279
56.7885
54.9519
53.5631
56.5087
55.3616
55.9028
58.3837
57.3932
54.8761
58.72
55.5529
59.3472
57.0781
55.3824
53.6217
54.5902
54.4583
55.4328
57.5265
57.0173
59.71
59.4245
57.5295
57.5504
59.3921
57.5566
56.8268
57.5005
56.5546
55.9535
56.1785
55.3892
55.0228
56.4085
54.9858
56.4163
58.769
58.4407
58.2914
60.4292
57.451
58.3272
58.9774
56.5984
56.0863
55.3913
56.2168
57.2916
55.4856
55.0925
56.6387
56.6147
57.7783
56.2911
59.208
57.046
57.2618
58.3953
54.896
56.4368
55.4713
56.2195
55.6657
55.308
55.4801
54.7529
55.5079
58.4704
60.8446
55.6145
56.1559
56.3164
58.4051
57.664
57.4884
58.833
58.2259
56.7711
56.348
54.6118
56.2896
54.4877
56.4519
54.4981
59.0691
58.5268
57.6905
56.8552
55.0387
57.088
55.0214
57.0598
59.1833
56.8781
55.6482
55.0796
57.6607
54.6805
58.923
58.2426
58.2651
57.8911
56.2506
57.6269
56.5575
57.8032
57.887
55.5475
57.9747
57.4383
56.2441
58.3319
57.4494
58.8294
61.0855
57.868
59.3953
56.0484
55.0479
55.3579
55.0502
53.281
55.9549
57.5335
56.3702
57.7657
57.2759
57.4625
54.4515
55.0296
55.5941
56.2062
58.304
59.9186
57.3276
57.3155
56.4175
56.0541
56.4333
58.1151
59.0463
59.4166
60.6111
58.2846
56.7343
55.6855
55.5471
55.3088
56.8038
57.2352
55.205
54.4928
56.3848
57.9262
56.5
56.942
58.6831
55.4364
57.0645
54.7757
57.0903
57.443
55.6519
54.9702
57.4194
56.5478
56.9396
57.6695
58.0925
57.1085
57.3764
57.4507
59.0665
55.1031
56.8189
58.01
59.0372
57.5594
56.3052
55.672
57.3653
55.8237
55.6156
56.931
56.7405
55.138
55.6179
55.1714
54.5519
58.145
57.1528
56.4074
57.434
57.8545
54.5007
55.5298
57.0923
59.7885
57.8601
56.4518
56.8263
57.6276
57.1719
56.1918
56.1138
58.7809
58.3065
58.5118
58.4868
54.2651
56.5453
58.9097
57.4779
60.4636
57.3123
55.645
57.817
59.132
55.0794
55.4838
55.2873
55.0667
55.5762
56.3624
55.572
56.3086
56.5549
56.9534
60.2015
60.3477
57.5159
57.3989
57.5377
56.1101
60.0645
57.802
56.7021
57.1265
56.4958
56.3133
57.6343
57.9375
55.5824
58.7837
58.698
57.2923
53.91
54.8182
55.1509
56.5165
56.0419
55.4181
55.5978
54.8158
57.5312
56.2835
57.1827
57.1076
56.1508
56.3257
56.5029
58.0798
57.1012
58.778
58.1576
58.4557
57.3338
56.3498
57.8046
58.1771
55.8899
56.0559
56.9478
59.9343
56.4713
55.6743
54.5422
58.598
56.1727
55.5415
55.997
55.3567
60.1743
58.346
56.9351
57.164
56.1808
55.0445
54.5173
56.3046
58.4328
55.5816
55.1726
57.6286
57.5757
54.4654
56.2044
56.5664
59.5199
57.5976
56.6908
60.4773
59.0807
57.1511
55.5102
56.5462
59.4475
58.3747
60.101
59.27
59.6212
55.583
57.5473
56.4676
55.8213
56.8415
59.0112
58.439
58.0624
56.8678
55.6599
54.5637
54.0351
54.8515
54.7813
55.279
54.4601
53.4014
55.1185
55.8853
57.6484
57.2523
57.2635
56.551
53.0168
57.1229
58.7843
59.9137
58.1931
55.6745
56.1521
56.5065
58.0639
58.7371
55.3075
53.9237
57.6645
57.4322
57.1233
55.8351
55.8199
54.6641
53.6575
55.8075
54.8626
55.7353
57.2544
58.6006
55.5398
61.1626
59.9106
58.832
58.4557
56.5062
56.1831
56.6764
56.7055
53.7526
54.0772
57.0037
54.9775
55.1399
56.5454
56.7812
56.0471
57.4793
56.3554
57.4618
56.6323
59.2305
58.9294
57.1159
57.4056
54.4786
54.8456
56.7944
58.1201
58.1882
55.9803
56.1622
54.8447
55.2557
57.0648
56.5197
56.5941
56.5211
55.3963
54.619
54.7931
55.1765
54.0531
56.3634
57.3039
56.3657
56.192
56.1939
54.9345
55.9197
55.9427
57.5168
57.2464
54.8046
54.83
54.2477
56.6506
56.0081
58.721
56.3751
57.0059
57.2697
54.5343
56.8703
56.2483
59.3906
52.0593
53.692
53.7854
56.6491
55.9914
55.3249
53.4766
55.8874
57.0319
57.46
58.3381
57.0308
56.317
57.6855
56.7986
53.7409
55.5799
55.436
54.6005
56.4328
55.4792
57.5956
57.4393
56.6619
54.7602
54.6702
54.6322
56.3106
56.3412
56.8912
55.2519
54.449
56.9189
57.1348
57.797
58.5885
55.5422
57.7354
55.2496
55.3845
54.6753
53.4994
57.484
55.4323
57.3004
55.8394
58.1765
57.1784
57.224
54.7156
54.8444
56.4547
58.8231
57.7872
56.9755
57.0691
58.9006
55.4824
56.5253
57.3392
58.0207
54.3576
55.0866
56.0033
55.2451
57.4812
57.9111
57.5624
54.6392
54.6548
55.5551
57.2097
57.7765
54.7003
54.0834
54.2564
54.8677
57.625
57.5601
57.676
58.7452
57.6173
55.7396
55.828
57.948
57.6952
56.2777
57.1748
55.53
56.8219
54.4854
55.6356
59.133
55.9056
54.2013
53.7562
56.0166
56.3813
54.5948
55.9225
53.1576
56.2256
56.9258
56.659
53.963
55.9771
55.6494
52.9123
58.3754
58.1776
55.3135
54.3647
55.4274
55.0418
57.327
57.3457
58.5593
60.943
57.9398
58.6799
56.3033
59.1256
58.0197
55.9986
57.684
55.8
56.0662
54.3502
55.4815
55.5747
56.0865
57.4577
56.003
58.6475
59.1132
56.997
54.6943
54.6485
56.0299
56.124
57.9512
53.7859
57.665
59.8043
59.7095
58.3671
55.9821
55.5007
57.5481
56.4789
55.3965
53.045
54.8057
56.6132
55.792
55.2089
55.5496
55.8894
56.7888
56.9597
57.3841
57.9657
56.8149
56.1901
56.3603
57.8874
56.0465
55.3895
56.405
56.4921
56.1668
55.6058
54.4577
55.9677
57.4525
57.0636
56.8389
54.0251
55.9824
58.2337
57.0398
58.0807
53.5431
57.2395
59.0881
55.6492
56.3408
56.7876
54.606
55.6386
56.523
54.5402
57.3214
59.5052
58.2171
53.6018
57.5323
57.8799
56.2821
56.9276
58.5309
58.349
57.0949
55.9544
57.9318
57.354
57.7623
55.205
56.3468
57.4825
59.0401
59.2228
57.4919
56.3765
58.2726
56.558
58.5072
57.7599
59.8314
59.6968
57.8649
58.7776
55.687
53.4491
53.5652
55.3393
54.4699
54.7835
56.9021
56.6072
57.1367
56.7523
57.5017
57.4253
57.4706
57.5194
55.7459
53.3552
55.4002
54.6428
57.696
56.1905
56.2651
59.4621
57.6001
56.8588
57.1125
56.2195
57.3918
57.9348
55.3887
52.9931
54.7718
55.7092
54.6807
53.8744
56.4456
58.3449
56.3223
56.8615
54.6826
56.8558
57.9785
56.5149
57.7169
57.8805
54.5475
57.0577
55.8871
57.1757
56.6543
56.0236
56.863
55.1022
58.2267
59.3909
59.498
57.3992
57.2395
56.9871
58.1986
57.6064
56.6415
54.4533
57.442
56.7208
57.3046
57.0455
57.0753
56.3975
55.5094
55.3252
58.8708
57.7408
56.8062
58.4809
56.3504
56.2937
56.7508
55.8018
58.1744
57.6461
58.4168
56.7198
56.2527
55.375
55.6884
54.8348
57.1832
55.878
54.056
55.105
55.6173
54.0746
53.7896
57.3385
55.3348
56.3681
56.9719
57.4952
54.468
56.3982
54.3477
54.8007
52.6833
54.435
55.7653
54.0478
56.7272
57.2236
57.6814
59.6852
57.0028
56.8328
55.7768
55.0944
56.7935
55.0672
57.5141
56.6663
57.7519
58.6095
58.7777
60.1617
56.8182
58.2662
58.3055
58.0818
54.7413
55.4748
56.2289
57.5012
57.7696
54.9406
54.8149
56.3765
56.8495
56.1609
56.0425
54.4346
55.4748
55.0794
55.7734
55.1358
55.7902
55.903
55.9478
54.8577
56.2789
58.0179
53.2706
56.404
53.87
54.9078
56.0898
55.0546
55.0459
56.95
58.8219
58.7318
58.0514
57.306
58.7062
56.4121
55.915
59.3475
56.0117
56.4636
59.4409
56.7957
56.15
56.272
59.229
57.3705
57.5068
55.7588
54.9482
57.3041
59.7347
56.5407
56.0595
55.7355
56.4622
56.2012
56.6951
55.2057
57.4786
56.2404
57.6369
56.579
55.6534
54.5637
53.6884
57.6888
60.8551
59.1565
60.7673
54.0784
55.1518
54.2211
55.2559
55.6619
58.1845
56.1581
59.4761
53.5502
57.0694
55.1595
57.9863
55.1614
53.6404
56.2406
54.7156
55.412
59.4238
56.8249
56.9293
57.678
53.6866
54.5622
54.1439
53.9337
54.8617
57.8648
57.3946
56.2981
56.8846
56.1117
56.486
57.4241
56.5677
56.0024
55.3154
54.3856
54.5441
56.9745
57.7886
56.5747
56.972
58.0247
57.9117
55.7655
54.734
55.5263
57.5623
57.0985
55.8405
57.7211
56.582
54.851
55.604
58.0725
55.1157
53.7033
56.934
56.0003
55.6703
55.7738
55.9195
54.6853
56.329
55.9997
56.371
56.574
56.6601
55.8061
56.9657
57.2896
59.4076
58.1795
54.6753
55.4231
56.8263
57.6688
55.3042
56.3516
57.0167
54.5101
52.2739
53.9671
55.2232
55.5926
55.7975
58.4503
55.8562
56.1278
54.0525
56.6618
54.3484
55.3604
55.4957
54.7717
55.7591
57.5902
57.5138
57.5397
59.6145
58.9193
57.078
57.5682
58.2994
57.4556
57.8465
58.7876
55.9326
54.2063
54.6077
55.8113
57.4982
54.2906
56.2068
54.8976
56.9527
58.8227
58.4499
55.99
55.9899
56.9172
56.1599
57.264
58.2983
58.7862
59.3077
60.3784
59.1032
58.0424
58.3441
57.8094
58.8173
59.5798
57.0148
58.9656
58.8422
57.2765
56.8628
55.9604
57.1691
55.4253
54.2506
56.6342
55.5041
56.6158
57.1557
56.1244
54.9845
55.2773
55.5692
56.0295
57.7938
57.1569
57.2969
56.9748
57.3508
58.7563
58.6731
57.9443
56.5401
58.477
56.6719
56.9339
55.8636
55.0842
53.411
56.6694
56.0887
55.5415
58.4889
55.681
56.0354
54.612
53.1516
55.5136
55.9062
57.1124
56.8112
56.6513
58.2744
57.5965
52.7668
57.5255
56.1566
59.4787
56.1851
54.9129
55.8153
57.9287
56.3371
56.8154
57.952
56.2708
55.7712
56.8906
56.0918
57.0746
59.1518
60.0169
56.3575
54.1366
54.6088
54.5079
60.6623
57.3374
56.3839
54.6657
57.0926
61.1024
58.1229
54.4159
57.3218
57.4355
55.8544
58.1539
56.5436
56.4141
56.657
54.4818
53.4226
54.6801
55.6757
56.4372
57.1756
55.7474
53.8914
56.0249
55.1656
55.2294
53.6188
53.9719
54.2389
54.2883
57.4845
56.6235
58.0055
54.3194
57.4073
55.2419
55.7314
55.5469
55.1061
55.4971
56.7947
56.5318
55.3333
57.2217
58.5669
56.4583
59.4439
56.3432
55.4038
56.7272
59.4059
57.3179
54.0693
53.992
55.9492
55.2868
59.0773
58.373
58.5157
57.3578
55.7571
56.8605
55.0646
56.3114
57.8328
56.9152
59.0837
55.559
56.2305
56.0158
54.2264
53.0167
54.8393
58.0614
56.8989
56.3009
54.7026
55.3881
56.0101
57.1757
58.5931
56.8633
55.4839
56.6496
58.1061
55.4832
53.5613
56.0564
57.0812
57.3208
56.9774
58.3018
52.5693
55.4927
54.8495
56.1938
57.4523
56.2075
56.9483
55.3684
58.3635
57.4399
57.0017
56.885
55.487
59.0382
58.1402
59.4648
55.4418
57.6713
56.7602
58.0366
56.6506
56.8074
54.4999
56.1041
55.5801
56.0893
59.659
58.974
58.0289
56.883
56.8921
55.9615
57.1126
56.951
57.973
58.4627
56.1175
56.7196
59.0201
57.9613
58.0634
59.56
60.1586
55.8423
56.9676
57.9969
57.9484
57.7897
56.5287
55.2065
57.834
57.5232
57.9997
57.0078
56.5485
53.8825
55.0899
55.9743
56.7923
59.9111
59.3726
57.4954
57.2793
56.2094
53.5717
54.4402
54.6109
54.3487
56.8438
58.5977
56.6925
55.5475
55.7601
55.6108
56.4749
57.0598
55.6057
57.5175
57.375
59.1872
55.9706
54.1824
56.362
58.7589
58.1611
56.3902
57.6713
54.4187
54.8076
54.9305
55.0394
57.9017
55.4344
58.363
59.4668
57.6104
55.8901
57.1148
55.0305
55.5443
55.1275
55.1233
57.4567
57.2054
57.5182
55.7253
56.7536
55.4001
54.9958
56.7765
56.3203
57.6157
53.877
57.4651
56.8433
58.2828
58.657
57.8775
57.179
56.5797
53.5128
59.0897
55.7225
56.3538
56.9105
57.5805
57.6466
60.6387
54.9205
56.6359
55.0811
55.3505
57.6298
57.9009
55.8498
57.3152
55.2383
55.6455
56.4067
54.9216
56.7182
55.6007
54.5341
53.0665
55.1469
56.2774
60.4708
58.6107
58.4981
55.4623
55.08
55.7325
56.0757
55.7158
54.043
56.2116
56.5926
58.2476
58.6924
56.0243
56.6404
56.6939
55.6532
53.126
54.8033
54.6228
56.2699
53.0912
54.5572
56.407
56.355
53.6941
55.9091
57.0265
56.1694
55.1133
56.7319
54.4828
54.0747
54.6064
58.6467
59.043
59.5972
55.4866
54.6757
55.8669
58.6054
55.7956
56.21
57.9398
58.839
56.8336
57.6012
57.8267
55.8506
57.3055
56.3242
55.6054
55.5309
55.9996
55.8214
56.4463
57.329
56.1225
53.8637
57.6982
54.8882
57.3621
57.9911
55.9903
55.8322
56.4956
56.1729
55.0046
56.4473
59.3142
58.8656
58.7529
56.2785
55.8429
57.3615
56.4365
55.2297
55.778
56.6511
57.8646
53.8025
54.3977
55.2962
58.3058
55.2281
57.4957
59.8724
54.5546
54.0728
53.8838
59.0087
57.2706
56.9478
56.6067
56.7029
57.6516
56.9381
57.1124
57.9371
57.7909
55.9703
56.8977
57.1626
56.0027
56.8362
55.0731
56.3357
55.0686
57.2346
57.6891
55.9909
57.6553
56.4748
57.5711
56.6769
57.2042
57.7169
58.4931
55.8653
55.829
56.2276
54.4705
54.4639
54.9518
56.4168
56.8557
57.5766
58.6208
59.346
58.7153
57.8269
57.31
58.1678
56.8943
56.2118
54.9535
55.5348
56.6901
54.1205
54.9794
53.8469
55.6612
58.2099
55.511
57.3475
55.5278
55.8342
59.0499
56.7605
57.2101
55.6026
54.5352
55.7046
55.7939
57.9817
56.3486
56.6202
60.0489
59.0668
58.7214
54.4694
54.6807
53.4785
53.8111
54.3135
55.8881
55.4623
56.6577
55.3908
56.1191
59.1538
57.5484
54.6123
54.8341
54.7108
57.2199
56.917
55.9225
54.745
54.3889
53.5745
56.446
56.9459
59.4865
56.0058
54.8791
54.8934
55.9683
54.7343
54.1044
54.8197
56.9061
54.899
55.403
55.6036
57.1225
57.2033
56.2687
54.9982
58.7913
58.9122
54.31
54.4025
55.915
58.6424
57.4649
55.2144
57.7139
59.7666
59.0571
55.618
56.2875
56.5661
55.9393
54.7337
55.475
55.7836
58.6727
56.9088
57.2544
55.883
56.8017
55.5436
56.6423
58.7154
57.2275
56.7412
57.2339
54.4094
53.9465
54.6425
55.2504
57.3314
56.6129
55.9074
55.5035
55.8365
56.5684
55.1512
58.5742
57.9872
59.5498
57.712
59.7898
56.1305
55.647
55.7394
57.3274
55.5023
55.6778
57.5249
55.855
58.7616
56.3468
57.8431
56.3678
56.4184
56.4113
55.4212
57.6329
57.93
57.3009
58.2214
60.037
56.183
56.4289
55.4376
56.4274
57.9333
56.0862
59.273
59.6317
55.8904
56.3286
54.3418
54.5662
54.5583
54.1171
56.9778
57.0129
58.1408
56.9372
57.5107
55.2204
56.9606
56.6595
54.6321
56.5479
58.8016
59.3676
56.5724
55.1956
56.8425
56.186
56.7366
57.6379
57.4776
56.4069
57.1814
56.2246
56.3679
56.4754
56.4764
56.8352
56.9128
58.5297
54.6774
54.9939
55.9762
56.0962
57.4181
58.0198
54.6228
55.8397
57.8517
56.7678
56.0552
53.8927
56.7901
54.7343
53.7854
55.8512
54.5995
56.0686
56.7848
55.775
56.8267
57.0775
56.8342
55.2156
54.8597
56.0922
55.8369
55.6334
56.8603
56.5509
55.9253
52.3922
53.5467
54.459
54.9466
52.6288
54.6247
54.5151
56.1597
56.231
56.7395
58.1902
58.2445
57.0563
53.8134
57.6207
58.3204
57.0849
55.3198
56.8543
56.4847
56.078
59.2001
57.4551
56.3686
58.8188
58.2369
57.6683
57.9595
56.9835
56.084
57.7944
58.2162
54.7624
54.1573
54.3549
55.1557
56.7334
56.5832
58.9739
57.351
58.5854
54.4758
53.6724
56.794
55.495
57.0789
56.7195
56.4222
56.8082
56.2336
54.8742
55.8469
55.7862
55.5657
54.3407
57.5032
57.157
57.1079
54.8688
55.5146
54.9694
54.7932
55.367
55.6714
55.7952
57.3191
57.978
55.4434
54.5455
56.9574
57.136
57.919
60.0296
55.5696
55.1669
55.87
57.2401
56.5838
53.8623
54.5629
57.3585
60.6905
57.8527
56.1524
57.5093
58.0451
57.8035
54.3584
56.2246
55.8633
54.499
56.4002
55.457
54.7048
55.9083
54.004
58.4287
58.3938
57.0972
56.214
56.8928
55.7896
55.1332
54.6362
56.1858
57.8669
55.6989
56.9485
56.6682
57.9341
59.7707
60.4521
56.7976
55.8037
55.5099
57.3133
56.5859
58.3801
56.4592
55.989
57.0186
55.3016
55.1929
53.6613
56.5812
55.0467
55.8546
56.0016
53.6849
54.8432
56.2712
56.538
56.3458
57.2445
54.5981
55.0959
56.3886
54.3964
54.9801
56.0935
53.8745
55.4513
55.0761
56.7084
56.1472
57.3562
57.1833
58.2029
55.7656
56.1255
54.2544
56.159
54.9527
57.5905
55.7092
56.6218
56.4421
57.8306
56.4617
56.7354
57.1078
59.9055
58.7163
57.7967
54.9122
55.2997
56.4714
56.4578
57.3476
54.4698
57.6963
54.9101
54.312
56.1806
55.2839
57.181
55.7264
56.3238
58.1419
56.3627
55.2079
56.908
56.3356
55.4216
55.2683
54.8998
56.397
55.959
54.5489
55.4369
55.6707
55.7662
56.4878
55.2685
58.0287
59.7736
62.0753
56.4668
58.3507
57.703
55.7894
56.3207
58.4703
57.3144
55.9653
57.1047
57.7496
58.6825
58.7762
58.0314
58.0078
55.2681
55.0093
55.4345
56.0366
57.5536
56.6482
57.1591
56.1727
55.0254
55.5301
57.5279
54.6172
56.3588
55.8202
56.4617
58.3487
60.596
57.6975
56.7753
54.1856
54.7105
54.4408
55.1291
53.9069
57.4219
57.3484
58.4523
56.4488
56.1243
54.9662
53.5928
53.8871
54.3531
53.3353
56.5455
58.7267
57.9965
56.4237
56.2338
57.8272
56.1487
54.4078
57.7681
56.5879
56.8454
56.9466
55.3633
57.5182
55.8915
56.4724
57.1325
56.4971
57.5424
56.8554
59.3204
57.9458
58.2453
57.7415
56.8824
57.3605
56.8158
57.0929
54.4875
56.6443
58.1004
55.3528
55.9272
52.3735
55.1461
57.5202
56.1305
54.9832
57.0529
56.1941
54.4243
55.4403
57.2089
57.4089
59.6895
58.062
56.779
54.1558
55.3511
53.902
55.1534
55.8841
58.0674
57.8069
56.3874
56.8276
56.8563
58.8191
57.9178
56.8669
57.0854
55.7044
55.1134
55.5479
56.3877
57.2951
55.677
56.1343
57.208
55.0817
56.2352
55.6576
56.2053
56.7767
58.1708
58.6349
58.1026
57.2174
57.4485
56.7192
59.2239
56.143
57.9616
55.7643
53.9721
54.7343
55.818
56.7648
54.5011
54.2772
55.646
54.8957
55.9464
55.3956
53.9213
55.1811
58.0118
59.598
59.2872
59.3064
60.7595
58.852
56.2933
57.8938
56.2343
56.0113
56.5907
56.5993
59.5101
57.4484
56.4674
55.6435
58.5896
59.1379
60.4755
58.1651
58.3217
61.58
57.2409
57.0911
55.4653
55.9317
55.9075
56.2911
56.8368
56.2691
54.3439
56.1062
56.737
57.2056
55.098
57.2602
55.8874
56.6844
56.4381
55.9659
54.3906
56.685
55.6562
56.5188
56.8764
56.6509
55.9694
55.7029
55.754
57.3171
59.1856
62.1373
60.9475
59.987
59.0973
59.3401
58.1029
55.8291
54.6942
56.1495
54.9246
56.6251
54.4503
56.5484
56.8867
55.4579
54.804
55.8222
52.7681
54.4428
55.9019
56.7882
55.6172
53.5596
55.7932
57.0902
56.4625
55.2684
54.8479
55.5087
56.2991
56.4107
59.5091
57.1732
58.3455
56.0645
58.3927
57.8948
57.6038
53.9479
57.0907
57.9343
56.295
56.4591
56.8044
57.4127
58.3866
55.4314
55.7596
57.2426
56.7034
56.9843
55.59
55.1938
57.747
56.6625
57.6391
57.9127
56.2177
59.43
55.0265
55.0892
57.8411
55.5233
56.1137
56.668
55.4136
56.5937
54.9883
56.6909
56.7001
58.4082
56.0618
58.2414
57.614
56.0936
58.8565
57.7785
57.5603
56.3672
54.8779
55.4253
56.251
57.053
54.607
57.1327
55.0277
54.1418
56.8816
53.7882
55.7869
57.436
56.8685
57.1105
54.139
54.3401
55.5693
56.1482
56.5524
60.6435
60.9452
61.2398
56.7385
55.1911
57.1137
55.7088
56.5326
55.9633
58.1289
61.7873
59.4458
58.9653
57.4783
61.1731
59.7218
56.2129
58.7272
58.1084
56.7181
56.534
58.2368
56.3807
56.463
54.1907
54.5502
54.6755
56.5935
56.5513
57.7939
57.0817
55.9444
57.2755
59.09
56.4175
55.296
54.9293
57.3684
56.8056
55.74
55.4871
56.871
57.3376
56.118
57.3307
56.5413
57.157
58.1618
55.3093
53.4642
57.5589
58.292
58.3149
56.6207
58.7437
57.8654
59.1138
56.5043
55.6781
57.1027
56.199
53.3659
57.4358
55.7774
56.5398
55.2553
55.4512
56.1045
56.5534
56.2427
55.265
56.7573
55.8659
57.3286
57.3447
56.0834
56.1841
57.2658
57.169
56.74
55.6785
56.3043
56.4687
55.1435
55.3522
55.7868
55.5263
54.2397
53.9708
53.8656
55.4367
55.3966
57.1551
57.8031
59.7861
56.3957
55.5726
54.3519
56.3491
54.5997
56.7352
58.0748
58.5895
56.7767
56.0844
54.3756
55.1461
54.1933
57.2143
55.752
54.1231
53.9868
53.4142
54.5917
56.2213
55.9108
55.3405
56.6513
56.5275
55.3766
57.5632
57.4375
57.1178
54.9154
56.108
56.7296
56.0187
55.9066
54.7624
53.494
55.1575
54.0591
58.3744
54.3238
54.0825
54.3972
55.4809
56.9841
55.5618
56.2156
56.92
56.1111
54.6608
55.7143
56.3471
57.7126
55.2956
55.5046
58.663
58.8224
56.1375
55.686
58.6038
56.5266
57.8339
57.9589
57.2671
58.2113
57.0966
57.9638
56.5123
55.9977
55.416
56.7609
57.1615
59.036
55.4818
55.2871
56.2495
56.7806
57.5773
58.6402
55.5345
55.3449
56.8368
56.1568
56.8801
55.5552
56.9651
57.959
56.9068
57.324
57.7984
55.9705
55.4946
54.9533
55.2774
55.9911
54.5626
56.1757
57.3672
58.0702
58.3003
56.8334
57.6623
57.4702
56.1191
58.1019
55.8574
55.9799
55.1474
56.2216
56.638
54.801
54.1345
54.6058
53.3318
56.6715
56.0353
54.8748
58.9174
58.4175
57.281
54.9762
56.9905
59.3224
58.192
56.0227
57.7486
56.5849
55.5618
58.316
55.3762
57.0715
54.4751
58.3907
55.2748
55.9325
55.9574
55.3945
54.8993
54.8762
54.8428
54.3349
56.568
56.8925
56.0856
55.6476
57.1937
54.5624
55.1051
57.5435
55.418
55.1707
53.9598
54.6704
57.1996
56.4337
56.6737
60.8838
56.1298
57.8866
59.2047
55.5526
56.3158
54.2194
53.4366
56.6176
54.6524
55.8852
54.8701
56.8592
55.8007
56.8732
53.3248
54.181
54.7769
57.8665
60.1511
58.8989
58.6206
55.9299
57.8175
55.5341
57.0993
56.647
55.9859
56.1488
55.4881
55.0865
56.7695
57.1382
53.3614
56.0631
58.0165
58.4263
57.3327
54.4118
55.2023
55.5812
54.6889
55.8605
56.3946
54.8651
53.857
56.6018
56.1831
56.4094
57.2927
57.8252
56.3491
57.9219
56.5937
55.5301
57.9346
58.039
57.208
53.5901
56.1599
55.2982
54.275
54.1935
54.5755
57.5898
54.6909
56.9976
53.0815
55.9278
57.7491
58.0072
56.9502
57.8429
56.1871
56.5669
55.1462
55.0627
54.9971
55.9089
56.5036
54.9397
56.6881
55.7049
54.723
53.3674
53.6499
54.5696
54.0256
57.959
57.691
56.8337
57.6544
55.8265
55.6805
55.8536
59.6923
55.8451
57.8307
56.9852
55.0308
55.3494
59.3962
56.6503
57.2516
56.9852
59.596
60.1993
57.2574
57.7222
55.282
53.0358
55.6652
54.2307
55.0236
56.3794
56.2433
55.2873
56.1635
57.2
57.5695
57.6372
58.1343
55.7481
55.7081
56.2637
56.1363
55.9417
57.1002
58.6144
56.9979
57.6124
55.4963
56.6544
57.1669
58.249
57.5252
55.4125
55.8064
56.3515
55.0108
54.3782
55.5617
56.3444
56.0531
57.17
55.8788
55.7836
55.1865
55.7934
54.9989
58.3134
56.2079
54.6011
56.1123
56.3275
57.2246
56.2445
56.2897
54.6303
56.4757
59.8944
60.7869
57.4796
55.5866
58.5461
57.0437
55.008
56.8235
55.3822
55.5101
56.6432
52.8749
55.7983
55.8056
56.1011
55.6946
57.2478
57.5513
57.4881
57.3254
54.8361
56.4908
55.5977
56.6649
56.3506
54.0179
54.8669
57.3179
58.1079
55.8231
55.7297
55.8853
56.7579
57.1986
56.2215
56.344
58.5144
58.0703
58.4589
57.0777
56.4133
56.8248
57.7424
55.8746
55.7924
59.4387
57.0262
57.8715
56.3038
55.8009
55.0118
57.2342
57.3862
58.4663
56.8438
59.015
57.2535
57.9174
60.9613
60.2507
58.0163
55.5745
56.975
53.8277
54.6309
56.0736
56.6277
56.3417
54.7146
56.3648
54.7996
54.0311
54.3825
55.399
57.156
57.2185
56.2238
57.3328
55.0186
54.2525
57.2316
55.6379
53.8122
55.6322
56.7859
54.1911
55.8753
57.4433
55.4407
55.2662
59.148
58.2254
57.66
58.8474
57.6741
54.5144
54.0818
56.8704
55.2555
57.6864
56.4754
54.0325
53.3638
55.8464
52.9305
51.5441
53.5776
56.8613
54.2906
56.7736
54.8244
55.2126
56.5626
56.4947
57.6334
55.4473
54.672
54.9598
55.7958
55.9565
56.4451
55.7043
56.384
55.9862
55.8384
56.2789
56.2344
57.7083
60.09
54.4301
56.8833
55.7106
55.5522
58.0601
57.0899
58.9993
58.3159
56.6078
58.465
53.9834
55.5658
57.9195
55.8433
56.7102
58.8271
57.3363
56.2218
54.6244
56.4399
57.2812
57.7272
56.0598
57.7284
57.5666
56.6116
55.928
56.145
57.4528
56.0337
57.3536
57.224
55.8911
56.2055
55.4989
58.0693
57.2754
57.9157
59.5336
55.4777
53.3161
55.5797
56.7654
58
59.8769
57.1966
56.7732
56.5983
56.3049
54.7759
55.4111
55.5504
54.4335
55.7544
56.9143
55.5883
58.5054
57.4904
56.9665
57.089
54.1954
55.6548
56.3977
55.2952
56.5143
57.9252
56.0152
55.8276
54.6305
55.4024
57.6049
56.3366
56.3125
56.9268
59.8475
57.4597
55.9864
57.7715
55.9806
57.9442
57.7144
58.0779
56.674
55.4194
55.8794
54.8803
56.6947
54.2616
58.872
56.5839
55.9874
53.2479
56.1354
56.9898
55.0125
58.3941
57.0733
55.9239
55.9381
55.7321
54.866
53.0695
53.6552
56.1406
54.6521
56.8235
56.9525
55.642
55.0775
54.7567
56.697
56.9632
55.7214
56.2623
54.9613
55.4618
58.8113
58.3164
54.3054
54.6495
55.8021
55.4431
57.6821
57.4396
55.8303
54.0803
55.0085
56.284
55.6811
57.027
56.3841
55.8521
54.3916
57.4495
58.7784
58.272
59.0854
56.533
53.7719
55.9295
57.0547
56.0754
55.4184
57.3577
59.4697
57.6884
58.248
55.7604
56.9452
58.0309
56.9593
57.5749
57.4929
57.7686
57.299
54.9762
56.3948
53.6839
57.6805
56.5234
56.4322
55.9219
56.7525
58.615
57.8358
56.9797
54.2536
53.9623
54.8135
55.2459
57.9375
57.9389
58.8811
59.8377
58.7402
55.5735
55.5727
54.5418
55.7788
56.5502
56.2403
54.3796
54.064
56.4933
55.0472
56.0896
54.3797
54.7415
54.2545
55.9772
57.8695
56.4183
54.9983
54.6923
58.9106
57.1602
53.7263
55.4865
53.9936
53.2832
56.552
55.5387
57.8826
57.3123
57.6309
56.2426
58.2071
59.0696
56.5646
58.2899
59.0167
55.4621
56.1857
58.2899
58.0233
55.3694
57.7904
58.3857
55.259
55.2565
54.175
56.0437
57.5656
56.088
57.9317
59.4088
58.9534
56.5155
59.5445
59.7576
56.8077
57.8094
55.3528
56.603
55.3411
54.3342
55.7818
55.4013
57.7039
58.2952
59.2604
59.1949
56.0382
57.8651
56.4047
57.998
56.6673
57.3687
56.4034
54.7646
55.1177
53.8472
56.6965
57.0833
54.2945
56.4111
55.0659
58.6497
57.4818
57.0246
57.2762
58.574
56.1169
56.0132
55.1288
54.9629
58.0644
58.8391
59.4355
55.5553
54.342
55.8187
57.5878
58.6392
55.6774
54.8194
57.0866
55.6958
53.0011
52.4001
55.8254
54.7861
54.2561
54.2374
53.3704
56.3028
54.1078
55.3448
56.3223
56.1151
53.1412
53.2668
54.2917
55.3322
58.3587
56.6146
54.9522
55.6433
57.2476
54.425
54.6868
57.5461
56.0439
55.1006
54.8973
54.8726
56.0097
54.9146
60.1277
57.6718
55.8433
56.1132
56.8287
57.1977
57.8753
59.2164
58.1888
55.4537
55.8707
57.0845
57.968
56.0801
55.3299
58.7488
56.4978
56.2471
57.2259
57.4304
57.1046
56.9611
59.2195
55.1477
54.8183
55.3101
57.0657
55.7133
58.8677
60.4179
59.8016
56.1271
55.5991
60.121
59.0898
58.458
55.8081
54.5834
57.0564
57.646
54.8922
55.6043
56.3379
60.0302
57.2466
56.3655
57.3015
57.085
55.4779
55.7856
57.8673
56.3572
54.8511
55.2264
55.2328
56.1171
54.6778
55.8548
56.8166
57.1998
54.8921
55.1673
57.6102
56.7356
56.5466
56.526
58.5405
55.7025
55.0157
55.1468
54.6081
55.22
55.5792
57.8293
55.9526
54.9032
55.9308
56.5281
54.9919
56.4825
56.0164
54.0861
55.5176
54.5485
58.8393
59.5675
56.4698
56.9885
54.4668
56.493
55.8415
56.9351
56.5581
57.6935
55.9367
54.2646
58.3519
56.8124
57.3305
57.3249
56.2149
55.0811
55.3836
56.7547
55.4083
55.4768
55.4714
56.257
54.8457
54.3707
53.8917
54.857
53.4968
54.6858
56.0887
57.0996
58.2591
58.6174
57.2325
54.7172
54.1187
55.1193
54.1843
55.3631
57.525
57.2284
59.8716
56.4037
55.954
56.5226
56.4741
55.2426
58.5222
57.0484
54.6671
55.1605
54.8056
55.8579
56.6381
57.0275
58.2987
57.0586
56.3873
55.5391
57.5249
59.2455
60.2614
56.4908
55.4027
55.6965
54.5068
53.3064
53.8292
54.5633
54.5643
56.3435
56.0401
59.8765
54.4132
57.0992
57.0788
58.4497
59.3434
57.6934
57.9248
56.3967
56.2745
56.9412
55.4719
58.8241
58.4716
55.776
55.6222
56.1895
56.8326
54.2057
57.0064
57.6583
57.1842
56.112
56.9406
57.0008
57.1404
57.5441
56.9735
56.4449
57.534
54.7522
57.312
56.9666
55.2755
57.5269
57.3109
55.9329
56.4191
56.385
56.5076
58.1856
57.7255
57.3594
55.2806
57.8714
58.2283
58.083
59.1255
60.5683
57.2201
58.4003
56.0666
56.799
57.6062
55.4565
58.0089
55.8456
55.4063
56.9667
57.7225
56.6203
54.3416
54.1463
54.6534
55.9609
54.1798
53.4918
57.2676
56.4156
57.9919
57.618
55.3734
56.2876
57.0732
59.3642
59.1584
59.3479
58.3882
58.3621
56.9858
57.4123
58.4434
57.0162
58.4357
55.7783
58.8249
57.8818
54.2457
56.3712
55.9777
54.4854
55.0857
57.7942
59.0507
58.5595
59.008
55.5401
54.7973
54.4536
58.2073
58.8244
56.3336
57.4194
59.0408
57.087
54.7343
56.3214
55.8227
55.7271
55.2409
55.4053
55.9024
53.8733
57.1809
55.4027
57.1952
57.6651
56.3498
56.8112
55.7405
55.9045
56.5987
54.2322
53.8689
54.5307
56.911
57.765
58.5161
56.74
53.8819
57.3279
57.3769
59.3577
59.6038
54.8974
58.1523
58.8149
57.81
55.0707
56.4223
58.2812
57.4783
55.5546
57.2248
57.8161
55.8482
54.4933
56.1705
55.5732
57.3687
55.7773
53.5196
53.7048
56.4072
58.293
57.2642
57.5071
56.4279
59.0202
56.6038
56.1865
56.5457
53.5976
56.4232
55.7637
55.6519
54.8437
56.2419
58.5997
59.8126
60.4193
59.5539
56.9556
54.3581
56.588
56.9146
54.6214
55.5744
56.6698
55.0621
54.2524
54.901
55.1717
53.5587
55.857
55.875
55.4545
56.3708
57.4396
58.4844
59.4279
56.8079
56.6079
57.0268
53.6872
54.2721
56.3739
56.4356
54.968
56.1213
55.846
56.4156
59.6123
58.3168
58.4844
56.0968
55.0912
55.5811
56.3424
58.0118
56.6862
58.4005
57.3519
57.3447
58.6797
57.4602
55.715
55.8133
56.0263
57.8159
55.4092
56.2451
56.4833
55.6762
55.4694
58.0684
57.8106
54.8384
58.0047
57.6005
58.7404
59.2669
58.3157
57.6892
53.761
58.4249
58.6332
55.4017
55.7133
55.3321
56.0374
56.6736
58.1997
58.754
57.2444
54.4659
55.9023
56.0213
58.2289
56.416
55.1998
56.5565
58.902
56.501
53.8186
54.6331
56.4783
55.6908
55.3981
54.5596
56.0264
57.8597
57.037
55.5192
57.0819
54.7381
56.2946
56.5893
56.3884
55.102
54.9617
55.4797
53.9992
56.0127
55.3979
54.6989
55.0738
55.5772
58.123
54.7978
56.8909
55.5952
54.9206
55.3131
57.2964
58.1913
59.0669
56.849
56.3327
55.9431
55.5827
54.5268
53.2705
55.8441
58.3972
55.4758
55.3488
55.72
56.4153
58.9938
58.232
57.9587
57.6429
57.9023
57.7566
55.2807
53.7973
55.8552
57.9435
57.4813
54.9655
56.9745
60.3965
58.1567
56.9579
56.5891
57.7852
57.9533
57.8863
56.3462
59.0052
58.564
56.6328
54.2071
53.7527
55.5111
56.6553
56.9082
54.6277
56.032
54.1623
53.6093
54.1453
57.1932
56.0712
56.5752
55.9406
55.8927
56.2458
58.0605
55.0344
56.8603
57.5257
55.2788
54.23
56.1546
56.7869
55.1458
56.2012
55.0464
55.4375
56.0466
56.6663
55.273
55.2429
56.6699
56.8896
58.3887
56.7136
57.815
55.4735
56.3624
57.2934
57.5302
52.9088
55.1014
56.0603
55.2348
54.3574
53.9558
55.3403
56.4328
60.5179
57.043
58.9016
57.3657
56.3042
56.1196
57.6158
56.5561
56.7817
55.0799
56.7737
57.5064
55.1829
55.859
57.3254
55.6597
55.9041
54.7059
59.004
58.0489
