162.218
153.708
144.485
136.715
129.453
126.005
125.501
121.634
119.406
117.629
116.178
114.619
114.026
112.201
111.006
110.455
108.667
108.149
107.995
109.69
107.589
105.153
103.517
102.888
101.496
100.456
101.012
100.926
100.666
98.1904
97.248
97.5066
96.5641
96.2726
95.9233
93.8289
92.5022
90.2519
88.6241
89.2959
86.6858
86.4451
86.8352
86.9273
84.8827
85.2038
85.722
85.1265
84.1848
81.9262
80.7227
80.1856
80.5381
79.8837
78.0037
78.4416
77.5352
77.5086
77.1705
77.0807
77.7962
77.2734
76.0226
77.3369
78.5508
77.6273
75.689
75.4579
74.9953
73.3179
70.8569
69.4035
68.7385
66.4662
67.5918
67.1808
65.4188
67.088
65.6085
66.8842
65.8218
64.3713
64.139
63.0182
64.3109
63.4769
63.9271
65.3443
63.7885
63.8014
62.7017
63.6762
65.3843
64.0623
65.3779
63.3371
63.2317
63.2651
60.0064
62.7574
62.1657
61.4923
64.0696
64.5163
63.0264
62.0462
62.7039
62.498
61.9973
62.078
62.5706
63.3108
60.4258
61.0561
63.1899
62.7744
62.9526
62.0511
60.8493
62.6258
61.3396
61.861
61.3751
61.1585
62.1951
61.2235
61.6219
62.9385
59.9145
58.1827
58.6618
60.6324
61.7305
59.7821
58.0325
57.3342
58.8488
58.8577
60.3166
58.3993
58.8267
57.5722
57.4496
57.8343
57.702
58.7578
57.6562
57.2093
58.8503
58.3305
58.9957
59.5517
56.7382
59.0546
59.5371
58.1414
58.0433
58.0521
57.6268
57.09
57.6231
58.2478
58.4622
57.9163
58.633
61.6696
59.1618
59.1859
58.9795
59.4055
59.8794
57.4814
60.7428
60.2879
58.5179
57.4492
56.9436
57.4067
57.6623
58.4436
57.4735
58.0558
58.0531
58.943
57.9648
57.6045
58.2322
58.5199
56.6822
56.126
56.3584
57.1849
58.5808
58.6994
58.096
58.37
57.2015
56.4186
58.8812
58.4562
58.128
59.2219
58.8855
58.9182
57.9816
57.7416
57.2059
57.5527
58.1203
59.7544
59.2272
57.9952
58.0904
57.5653
56.9236
56.9671
57.825
57.5561
57.3417
58.5101
57.9604
59.0983
59.8774
60.3283
60.0754
56.2463
58.0741
59.8578
59.0529
57.2824
55.985
57.3134
55.6308
57.8044
57.454
56.4424
55.3169
55.932
55.8748
55.526
53.9401
54.5464
57.8964
56.2085
57.2939
54.821
56.5419
55.5337
55.5526
55.1276
56.1261
56.3263
56.6156
56.2394
56.1207
54.694
55.7171
55.4514
56.6592
57.297
57.0339
55.1
55.7826
55.3369
56.0343
57.1116
54.7063
55.852
53.8306
55.0841
55.9992
56.389
55.5228
55.5687
57.3974
56.6607
57.8601
54.0055
53.7192
53.9948
56.2593
57.9382
58.2401
56.7734
54.8687
55.1811
54.7101
55.2417
56.4526
54.3292
54.0842
54.7725
55.8371
55.6133
53.2797
53.5827
54.6599
54.2422
57.1655
55.597
56.9334
56.569
53.9908
55.4131
55.6151
54.082
54.5985
55.7062
58.2997
56.1169
57.1126
56.5091
55.1747
55.3126
54.6929
54.9519
54.7843
54.4116
54.3291
54.9209
55.319
54.347
57.0104
56.7735
56.6211
55.33
55.3701
54.0833
53.0724
54.1563
52.695
52.8687
55.5507
53.5351
54.5256
55.6861
54.1201
55.3115
56.1177
54.7133
54.1685
54.2167
53.8227
53.0021
54.4183
52.0463
52.6914
53.181
53.0099
53.1384
53.4733
54.1213
55.1272
54.8318
54.5983
54.1166
53.2987
53.1132
53.3708
53.2221
53.4501
54.4768
53.0203
54.0832
52.8903
52.2917
52.9321
52.387
53.7541
54.6667
53.8681
53.9556
53.762
53.058
53.4334
52.6946
56.6248
54.425
55.8329
54.1897
53.5833
52.8227
53.8298
55.1887
51.9646
52.1372
52.5624
54.1681
52.3905
54.1371
52.8292
54.155
53.3799
54.0068
52.8536
52.8736
54.6766
52.3604
52.8113
53.8569
53.4544
53.987
53.9299
54.4113
52.5549
53.7049
53.2986
52.1434
53.3225
53.0448
52.8928
53.3279
54.2552
52.4766
52.4846
54.9796
51.471
51.4323
51.7339
53.2556
52.8245
54.8932
53.3221
52.7396
53.9891
54.6628
54.5021
54.9178
54.6801
54.8835
54.2343
53.5726
51.4166
52.6957
52.5607
53.3969
53.4214
53.21
55.1581
55.591
55.8526
53.716
51.3517
52.5875
55.3639
53.461
52.5325
53.6923
52.1131
53.0525
52.6699
52.4084
53.3633
53.7652
54.6986
51.6541
53.1819
52.3694
52.1412
54.3414
54.1264
54.2327
54.197
53.918
53.6773
54.7115
55.436
53.4503
52.7642
52.486
54.3286
54.6044
54.5501
55.0446
53.3566
55.8502
53.126
53.3967
55.4909
55.3657
54.7645
55.898
53.9424
53.8362
53.9914
54.3881
55.1616
55.3304
54.0385
52.5888
53.5223
54.1326
51.5558
53.9843
55.5389
54.6115
54.9136
53.0808
52.4172
53.6236
52.6426
53.0059
53.1024
53.5899
54.9423
53.1176
53.9389
53.6067
53.0198
51.3868
53.9441
54.898
53.0451
52.6998
55.1398
53.1261
53.3625
52.1647
53.04
52.7442
53.0225
54.2134
54.447
54.3468
54.7153
53.4947
54.664
55.3966
53.7354
55.0316
56.3303
53.3814
55.1367
55.2191
53.0669
52.3298
53.6136
52.6268
53.1978
52.979
53.2179
54.4537
53.9534
52.5617
54.0084
51.5883
52.8612
53.4434
51.5706
53.1773
53.6363
52.6045
53.9116
53.4389
55.045
56.376
55.2643
54.9598
52.9377
53.9644
53.4128
54.4053
53.1811
54.9544
54.4803
54.517
54.1011
55.5818
55.9077
55.5487
53.3129
54.0875
53.7927
53.0472
53.0496
53.6863
55.0669
54.1984
53.2292
54.0682
53.8579
54.7215
52.4541
54.5075
52.4966
51.772
50.9549
52.807
51.9678
51.0338
52.1251
52.4963
53.3735
55.0352
53.0047
51.6847
52.1633
51.0511
51.3413
52.9523
51.8719
52.5837
52.0274
51.573
50.6831
51.9707
51.8922
54.2547
53.4452
54.4192
52.537
50.8514
53.3364
52.5674
51.6218
52.05
53.3201
55.1281
53.5465
54.0625
54.8332
53.265
52.1252
51.4162
51.714
52.3737
51.8491
51.5931
52.7151
53.4544
51.9247
52.1992
52.8695
55.399
53.2424
52.1888
51.8435
51.2158
50.1955
52.4374
52.3288
50.2663
51.2189
51.186
50.272
51.3774
51.3655
52.3677
52.6964
51.9122
54.3428
52.5241
53.8894
52.9886
51.901
51.6926
51.1867
52.1736
52.6059
52.6929
52.8209
53.0477
52.5326
52.381
52.9011
52.2543
51.9449
51.5633
51.54
51.1935
50.8448
50.0514
51.6998
51.5698
51.1018
51.5795
54.1536
53.1437
51.7755
51.6323
50.9973
50.8258
50.6699
53.0987
51.8722
52.3455
51.1351
51.8284
50.5087
49.3509
51.6067
52.0303
51.6595
51.3257
50.1014
50.1206
51.1775
52.406
50.843
50.9942
49.5515
50.7701
53.1763
52.6173
50.6826
53.1431
51.0955
52.0199
53.9995
52.7134
52.3131
50.5356
51.1906
52.7665
52.8899
51.355
50.058
50.4378
51.1127
52.0579
51.1388
51.8141
51.1656
52.2385
50.4277
52.252
51.7685
52.1085
53.4958
53.7011
52.9734
52.779
52.772
52.1249
53.3829
53.2786
53.541
51.5871
50.6962
51.1636
51.1355
51.1756
51.8199
51.1186
51.7522
52.166
52.8955
51.9398
54.8424
51.0754
51.6483
50.9244
50.7947
51.1777
50.8746
51.3349
51.1927
54.1156
51.9832
52.1268
53.2793
51.5109
51.3561
50.8862
51.1172
50.7742
51.5866
51.2734
51.3001
51.5421
51.0686
50.9567
51.8356
52.4997
51.5141
51.5653
51.7486
51.1899
51.508
50.9481
50.6389
50.8138
52.1329
52.0546
50.6887
51.3624
52.94
52.504
51.6482
51.4957
52.0048
52.4271
52.1534
51.3235
50.6843
53.5396
52.5007
49.6509
50.6974
50.8447
51.4726
52.2603
50.7312
52.5171
51.6411
51.5512
52.0465
51.5057
51.4763
53.6391
51.8014
50.8832
51.3498
50.3305
53.864
51.3173
52.0863
52.6971
52.4115
51.6317
51.4597
50.7559
53.9918
50.9932
52.6693
50.0034
50.2386
51.8628
54.5318
52.0606
50.4268
50.7378
51.6892
51.4127
52.3373
53.6141
52.887
51.9647
52.4467
51.5551
53.0793
51.5554
51.6035
50.9539
49.389
52.3445
52.9482
51.0593
51.0485
51.2031
50.106
50.5059
52.3066
52.5306
52.6497
52.5789
52.8785
54.3609
51.5582
51.4981
51.5082
52.2586
50.2681
51.7965
51.4363
51.2421
52.0304
52.3083
51.6804
50
53.3458
53.7293
52.3081
53.0305
51.4018
49.9152
51.8474
51.6613
50.8624
50.9015
51.5585
52.5827
51.2726
51.4189
53.4509
51.4097
50.3158
51.8494
52.1724
51.6956
50.0861
51.3171
52.6781
53.2787
52.863
53.7661
53.4883
52.4841
51.1128
52.0283
51.8584
51.4014
52.9728
52.3351
53.6881
52.1694
51.84
52.5711
51.1038
51.0026
52.7423
54.2854
54.35
52.0667
53.1596
52.0856
52.093
52.0627
52.5125
51.2008
51.9801
51.5142
51.2901
51.2999
50.748
52.4977
51.5217
51.7473
52.4665
51.5233
50.4529
52.0787
51.1237
51.3941
50.5709
52.1304
50.4734
51.9745
51.1895
50.5834
50.9435
51.3196
50.3168
51.6842
51.908
51.8722
51.285
50.6358
50.9721
52.2485
52.9916
52.6865
55.3791
54.9691
51.4803
51.967
52.6823
52.4734
51.5932
51.7787
53.1536
51.3858
50.6186
50.9343
51.9322
52.2583
53.9758
51.2061
50.2288
51.5099
51.5014
50.5803
50.1082
49.8407
52.8519
50.3941
50.0546
51.3068
51.6038
51.6585
52.3897
52.4041
50.9148
52.1225
52.3355
52.2326
51.3427
51.5568
50.4006
50.3141
51.4183
51.752
51.1646
50.4446
52.0609
51.6709
52.2456
51.987
50.4597
52.9228
51.4714
51.5447
52.4648
53.4314
53.1035
54.5296
52.2494
51.985
51.2537
52.0614
55.2206
54.9398
53.6391
52.016
52.1648
51.7807
50.5779
51.5943
51.5344
51.1716
51.2988
51.1864
52.284
51.2499
52.055
52.2607
51.303
53.1974
54.1415
52.4175
50.5536
50.7924
51.8967
52.0504
51.6182
51.0207
52.5565
52.0584
50.5031
50.2691
52.1538
51.0773
50.6419
51.6434
51.3878
50.652
51.0404
53.8653
51.9237
52.0979
52.3306
51.6322
52.5107
52.6677
53.1209
51.2298
51.0468
50.8482
52.1246
52.054
52.7424
51.3481
51.1662
51.1318
51.3684
51.7987
53.2105
54.4025
53.1754
52.8077
52.4478
51.3062
51.7747
50.4325
51.2214
51.5304
51.6558
51.3474
52.1738
52.3395
51.9883
49.8946
51.0618
50.7055
52.4342
53.7719
52.38
54.3838
50.9593
51.4212
52.4209
52.9034
50.9798
51.6375
53.3891
53.9153
52.0944
51.1045
50.9424
51.4908
53.0335
51.4016
50.3113
51.5883
52.3618
51.4826
53.1161
54.489
51.6504
51.1689
51.6716
52.8395
51.369
51.5906
53.4221
52.0905
51.8047
52.9285
53.9119
53.9757
52.7734
53.3803
52.0416
51.9744
51.9669
52.6788
52.967
51.6065
52.2554
52.377
51.5311
51.2305
49.974
50.9342
51.129
51.4742
51.7879
52.7786
53.0858
52.378
51.59
52.5978
51.3018
52.5838
53.1362
51.9076
52.667
50.2069
50.4273
50.34
53.1529
51.8311
50.2914
51.5528
49.9784
52.2383
52.3473
51.4308
52.6624
50.6204
52.9679
50.7793
49.8456
52.7594
49.8598
51.7726
51.8208
50.141
50.9729
50.8252
50.5954
51.5381
52.8389
53.1137
53.3192
52.9847
52.2938
52.6928
51.9326
51.6162
50.9755
53.2431
52.3273
51.1586
52.8659
51.5201
52.3076
52.1167
50.093
50.6324
50.8568
50.6376
51.2767
51.513
49.9352
50.0252
52.4009
49.8495
50.029
52.4382
52.8167
53.7673
52.48
51.2519
50.6419
51.6116
51.2526
52.3341
50.9514
50.6065
50.7197
51.765
51.2204
51.993
53.7429
52.8212
53.8593
52.7079
52.3414
52.8074
51.909
52.6135
53.3794
53.1629
50.4208
53.3127
50.279
53.6093
52.8336
54.8617
51.6598
49.6657
49.4511
51.3119
50.7871
52.2155
52.6823
52.2769
52.4505
51.3003
50.5562
52.9532
52.4441
53.4006
52.4515
51.75
51.7184
52.5687
51.8641
52.334
51.5241
52.1061
50.7389
51.4307
52.2909
52.1742
53.7962
55.407
53.7818
51.1748
50.6986
51.4515
50.8458
51.3545
51.4823
51.1247
51.8034
51.0135
51.4752
52.8729
51.0258
50.6154
50.7965
51.8999
50.521
51.2225
51.0894
51.3086
52.2365
54.1103
53.4592
51.3817
50.633
51.3825
50.5686
52.8908
52.009
49.3562
50.9762
51.4594
51.4091
52.9276
52.5794
52.0615
51.1366
52.9775
52.7979
53.2184
51.796
50.3441
51.5274
52.7028
51.6748
51.6924
51.6581
51.7542
50.9729
51.9568
51.8707
52.2622
53.6699
52.2369
52.6169
54.3263
53.565
52.3851
52.8186
51.5717
51.021
50.7225
52.5993
50.5942
51.5501
51.7445
53.5964
52.4938
53.3299
52.2715
53.1373
50.0711
52.5846
50.6518
51.872
52.0289
52.4986
53.0643
51.9225
53.0109
50.4619
51.0972
50.7976
52.2101
53.2286
50.6695
50.4264
51.9278
51.7815
50.5554
50.5435
51.1993
51.8991
51.063
52.9729
51.9165
51.9881
51.1305
51.2146
51.8345
50.6214
52.1475
54.9825
53.599
52.3933
52.8617
53.6379
52.2521
52.9992
53.655
52.0357
51.1758
52.6393
51.0442
52.3584
51.4561
53.8671
53.7953
51.2918
51.6171
51.3795
51.3283
51.0558
51.8185
53.3861
51.3221
52.6372
51.8742
51.4388
52.4047
53.3189
54.8011
53.3212
52.596
53.0774
52.4957
51.6225
52.4175
50.3167
52.3809
51.1938
52.0821
51.5336
52.2562
52.0878
52.4974
53.7593
52.2251
51.8849
50.66
51.8478
51.317
52.6351
51.8606
50.9721
52.6026
53.8504
52.6629
52.8476
51.0864
53.4389
52.9444
51.4161
50.4276
50.979
51.7592
51.7114
52.5306
52.7729
52.8378
51.0258
51.7244
52.068
52.3247
53.1537
51.2119
50.5704
52.1714
48.6997
49.5833
51.5605
50.4249
51.483
51.3428
51.1806
52.0152
52.6687
53.8041
53.402
52.1659
51.1955
51.4727
53.487
50.8739
51.2929
53.1042
51.7116
50.7279
51.4693
52.3817
54.2985
52.0248
51.2367
52.0598
51.9785
53.2674
52.4771
53.1913
51.8359
51.4085
50.7749
51.4721
54.2061
52.2974
50.6588
50.7777
52.7462
54.6503
51.5406
51.7005
51.3321
52.6706
51.7816
51.1819
50.6695
53.2663
51.6852
52.3915
53.2783
51.4413
51.6183
53.0766
52.0691
50.667
51.3324
51.9001
52.4509
50.2008
52.4385
52.9012
51.7002
51.5319
51.9351
54.124
52.9121
53.3977
53.1552
52.1758
51.4826
51.8646
52.889
50.4674
50.0239
49.7944
50.4317
50.6925
51.1193
52.2578
53.8289
52.9932
51.3159
52.2407
54.3134
52.9973
52.5678
51.6806
52.4872
52.7185
51.6826
52.2369
52.6292
50.9108
52.5958
51.2483
52.2612
51.4385
53.2104
52.5227
51.5381
51.8025
53.5122
52.6404
51.7963
52.5757
53.2803
53.6799
52.7856
50.7764
51.2271
51.8829
51.3407
52.5831
51.7981
51.8763
51.5343
53.0615
50.7784
51.0052
50.2074
49.1084
50.2601
49.8545
50.0179
51.0103
54.0166
54.4978
53.4271
52.3766
51.0102
51.856
52.1285
50.8418
51.8031
51.5956
50.4064
50.3644
50.9545
52.4865
51.5209
50.4023
51.8943
50.3707
50.805
51.5743
51.2329
50.0587
50.2913
51.8747
51.4573
51.6477
50.4772
49.9813
51.4855
51.8026
52.2438
53.8864
54.3785
53.2079
55.5542
53.4812
50.7996
49.8903
50.3585
50.0056
52.5599
52.4389
51.6946
52.6885
50.7265
50.6818
50.9206
52.499
53.6349
52.6826
52.0948
51.0031
52.3539
51.7021
51.4106
50.7825
53.0823
51.9688
49.5234
50.0417
51.2388
49.7927
52.1992
50.3914
50.6922
51.1047
51.4154
51.7654
51.1772
51.0952
51.3534
50.5557
52.0565
51.8217
51.0893
49.5518
50.6704
51.8847
52.1397
51.4929
51.1146
51.2987
50.4625
50.9324
51.6414
51.6976
52.7124
51.747
52.4707
50.8068
52.3963
52.5885
52.5209
50.7877
53.3769
52.1805
51.7373
50.7879
51.3136
50.6899
51.421
52.1642
51.5031
50.6033
50.7119
50.8291
52.0567
51.4509
51.4401
51.3173
52.6586
51.9446
51.4274
52.6246
52.7256
52.1178
53.7766
50.8751
52.6082
51.5527
52.0004
53.4355
52.1493
54.0028
51.973
50.498
50.7837
51.7798
52.5398
53.1293
51.979
51.8925
52.3766
53.5837
54.1249
52.9919
51.2631
52.6067
52.4946
52.7087
51.8767
52.8897
50.8997
50.7673
51.898
50.4471
51.4069
53.2958
52.4175
51.2813
51.4672
51.2093
52.1845
52.3589
52.8151
53.2293
51.5058
51.7391
52.9076
53.9095
54.7882
52.5679
52.2613
51.6005
52.1102
52.0866
51.417
49.5181
50.2869
52.0206
53.2109
52.0009
53.9188
52.7159
52.4678
52.2354
53.6617
52.5327
51.3863
53.5931
52.2409
51.5004
52.3509
51.7211
51.605
52.4217
52.4317
53.1833
51.8351
52.2388
52.3187
53.1938
53.5997
53.8977
50.9273
50.7417
50.5782
51.2177
52.6321
51.303
52.6992
52.1143
53.0056
51.6765
51.5204
53.0464
53.9607
55.921
51.9474
50.4328
49.9189
50.8505
51.0022
51.3394
51.0675
51.4945
51.5792
51.1504
52.4936
51.3701
51.2943
50.5454
50.9023
50.2462
51.0349
52.3388
51.6154
51.0498
50.7739
51.5625
52.0553
49.0748
49.6492
50.3399
51.1796
53.358
50.8477
50.8911
50.9966
50.8451
51.7152
51.0146
51.2376
51.673
52.7011
51.636
52.2309
52.6294
51.8265
50.5911
53.2489
51.9221
51.6886
52.7685
49.9607
50.6274
53.7616
51.208
50.9027
51.2716
51.874
51.657
51.3602
50.0626
50.4368
51.0948
51.6289
50.608
53.3648
50.6747
52.1055
50.6585
51.5457
53.8035
53.3331
51.5249
50.9815
50.7021
50.4857
48.9697
50.385
51.9931
50.7557
50.7802
50.9772
51.3709
52.4301
53.5566
52.4826
49.5183
51.9001
52.2664
51.6651
52.4345
51.0933
52.1206
52.6827
51.9182
52.8192
52.1036
51.7342
52.6451
53.4339
52.3636
50.3627
51.5845
52.1207
49.6091
50.8984
50.9427
51.6483
51.7296
51.1505
50.8203
50.6085
51.4753
51.6805
51.0642
52.7905
52.8688
52.5316
50.8679
52.9092
52.0865
52.7219
52.2397
50.8935
52.1535
52.2909
50.7181
51.0331
51.5415
51.963
51.5027
51.9806
52.8688
52.4503
53.1397
53.9746
53.7298
51.9161
52.0334
51.2625
51.7977
50.2549
51.3742
50.3757
51.2706
51.1655
50.7816
52.3067
50.7686
50.4836
50.9229
50.7126
51.1206
51.8273
51.48
50.9454
51.6844
52.6423
53.0101
52.1762
51.6953
51.8297
53.0965
52.1807
52.3325
50.8371
51.357
51.8611
52.0035
52.8969
52.2074
52.1683
52.8611
52.0476
52.6626
50.8085
51.1573
51.7173
50.7903
52.2027
51.8414
52.2848
52.6401
52.704
51.1853
52.0579
52.1761
51.2828
51.103
50.552
49.8086
49.3632
49.6555
50.3873
51.6499
52.532
52.2429
53.4211
51.4071
51.8418
51.6438
53.1545
51.578
50.9007
50.2102
50.5373
50.4106
51.1213
51.3921
53.4065
52.972
51.9909
52.287
51.9515
51.1213
49.6618
50.7537
51.1538
52.4283
52.9384
54.1759
51.9137
51.1384
52.4947
50.5804
51.1326
52.3902
52.246
55.1071
50.9906
51.6699
52.1335
52.8636
51.1412
52.4844
51.9576
52.7931
50.102
50.699
51.6015
50.4225
50.7331
52.6283
51.4826
52.6223
51.6503
52.3735
50.0405
50.6499
50.9187
51.7602
52.3591
54.1527
54.0963
50.5897
50.1321
50.7401
51.3034
51.3504
51.1964
50.475
50.5264
50.676
51.8352
51.1604
53.3561
55.6226
54.0322
51.4557
52.4473
51.7203
51.2126
50.4667
49.4875
52.2595
51.4448
51.1362
48.7936
49.3012
49.5365
50.4736
51.6918
52.6077
53.3317
53.6474
50.9452
51.0041
52.3314
51.156
51.8307
54.0913
52.7629
53.8523
51.3984
51.4944
51.7602
52.7819
51.708
52.6722
53.2599
51.8877
51.2147
51.4059
51.5868
52.3718
50.7627
50.8734
51.3866
53.2401
53.9041
52.1147
52.9939
53.932
52.9895
52.5452
51.6096
53.8859
50.0755
51.4639
54.3259
51.9668
52.1861
52.7927
52.7102
52.3261
53.9531
51.8981
50.5799
50.7937
50.3593
51.6773
51.6891
52.1912
50.6755
52.1982
50.7173
50.8317
50.6032
51.6391
49.5095
49.5231
51.2819
49.649
50.6818
51.7976
51.1514
49.2214
50.3285
52.8351
53.6272
53.3546
49.9201
50.926
51.6041
51.6835
51.4335
51.9496
52.0018
51.2626
52.7768
52.5615
51.9948
51.7986
52.0136
50.9926
50.7195
50.701
51.2822
50.7197
52.192
52.3768
51.4122
51.4781
50.3841
51.2154
50.4264
50.7443
52.1044
52.5703
50.1585
49.9253
50.8744
49.9326
50.1536
51.8677
51.6207
51.0587
50.7466
51.0495
49.6846
52.4313
52.812
52.4077
53.1095
51.6764
51.9609
50.6448
50.9486
53.2857
52.1144
52.2626
52.0541
51.2536
52.5139
50.9643
51.0438
51.4373
53.7638
54.6843
52.9594
51.2089
50.6957
51.3347
52.6606
51.4596
52.3172
52.8144
51.2778
51.4804
52.2999
53.1207
52.135
51.5387
52.7326
52.3907
50.4925
51.5584
52.3122
52.0755
52.7208
50.7447
51.6738
51.5348
52.3819
53.0416
52.0154
50.8119
51.3175
52.8996
51.4387
52.005
49.9642
51.3873
51.7552
49.7148
51.3626
51.8407
54.5107
54.0617
52.5431
50.6097
50.0352
51.244
51.1553
51.5676
52.8484
52.338
52.5616
50.8209
50.5142
50.2046
50.4832
52.1273
51.9624
50.9897
51.5033
53.1118
51.3108
50.6323
51.502
51.9517
52.1706
51.965
51.4378
52.0515
51.4916
50.2907
51.9482
53.1952
52.8453
52.6923
52.3324
50.4676
51.1848
50.2274
50.6614
51.3402
50.5225
49.2705
50.4811
50.2896
49.8422
51.5006
51.8412
50.3844
51.6515
50.7277
50.8475
50.2761
51.8805
51.8442
50.7847
50.84
51.7226
51.0559
51.9033
52.3679
50.758
52.061
51.6588
51.9888
52.0635
49.5202
51.3345
51.8255
50.4416
51.739
52.107
52.9345
51.5348
52.4123
54.139
51.5627
50.8468
51.1045
51.9205
52.4038
52.0402
51.1333
51.4128
52.3282
51.1585
51.7398
52.6057
51.9298
53.6406
51.881
51.2614
50.9582
50.7708
50.5292
52.3977
51.8869
52.8001
54.7039
52.6505
53.1413
50.6955
50.3668
50.8202
50.5977
53.0544
52.5956
51.1317
50.6373
51.5988
51.4739
52.4629
51.3598
51.4533
51.3334
51.4718
51.2623
50.8227
52.7466
49.7939
50.7003
51.505
54.342
51.9145
51.615
52.3812
51.9523
51.2952
50.702
50.7837
52.2746
50.4216
50.2412
51.6831
51.4248
52.3179
51.8657
51.1446
50.672
51.0465
50.5733
49.5921
50.594
50.0109
51.7163
53.7089
51.9852
53.2968
51.4862
50.6513
51.5842
52.3706
51.1287
51.4631
52.257
53.0437
53.1956
52.5428
52.1346
54.034
53.278
51.7942
51.1076
52.3207
52.3339
50.7213
52.1188
49.8024
51.6757
51.7758
52.5973
52.3856
51.0423
51.5858
50.762
53.0406
51.2672
53.1656
52.407
51.8033
53.0295
51.5911
51.8899
51.5986
52.2847
50.6742
51.7365
52.403
51.4566
52.5986
53.0774
50.9527
53.2135
50.8705
52.4204
52.4277
51.8161
50.7177
50.8571
50.9689
52.4028
50.8948
52.0452
53.2372
51.214
52.0167
50.0774
50.2303
51.0171
51.9603
51.304
51.6498
51.0594
50.8792
50.6621
52.3727
52.0291
51.8788
53.4753
53.2223
52.0123
51.3167
51.083
50.1855
50.0078
52.054
51.439
51.032
51.067
52.5444
52.9027
52.9274
52.1759
52.3097
50.1871
51.1902
52.4518
50.9018
53.5483
53.6858
52.7541
51.8089
50.6383
52.3575
54.5071
52.0867
50.6304
51.7362
52.269
50.4084
52.2235
53.1768
52.3292
50.2887
50.7983
52.4293
52.0367
51.8943
50.2366
51.6775
52.3771
52.0328
53.7103
51.4894
51.7359
50.7502
52.4661
51.2347
50.6769
50.374
50.8085
51.3025
50.727
50.3847
51.9595
52.2773
51.4993
51.0514
50.9986
50.7692
50.2573
52.8089
51.4896
51.0445
52.0198
52.0438
49.8028
51.4323
51.2017
51.0298
52.001
51.3067
52.9987
52.2166
52.1388
52.9333
53.1456
53.2265
53.136
52.3213
51.7945
51.6325
50.4134
51.6464
52.3556
50.6142
49.1809
50.4783
51.0433
50.9506
51.6507
52.423
50.5085
51.3722
51.1464
51.7185
53.0734
52.679
53.0931
53.571
51.9037
49.9865
50.1683
51.0357
52.0834
52.5727
53.1172
52.4793
53.2304
51.2792
51.4638
51.1955
49.9403
51.3516
49.9903
50.1459
50.4627
50.2029
50.3908
51.5073
52.4956
52.8019
52.995
51.2925
53.4908
52.0444
53.5612
52.7578
53.2361
51.921
51.2579
51.4889
52.1051
52.0576
53.0703
53.7498
52.6823
53.0023
51.8925
51.7826
52.072
52.2884
51.3387
51.4473
52.3737
51.8981
51.3376
50.0532
51.347
52.1483
52.2321
52.9989
51.9433
51.1307
52.7644
52.6793
51.368
50.766
53.2457
50.7033
50.6981
51.0097
51.3494
50.6528
52.0622
50.821
51.9877
50.2114
52.0966
51.929
51.5038
50.332
51.6617
52.8196
51.9872
51.2659
49.0929
49.9063
51.0003
50.1716
50.2086
51.3453
51.2372
51.7793
51.3849
51.3763
51.8543
50.9582
51.6459
51.4396
50.6009
52.5757
51.4413
51.3128
49.5934
49.0089
49.8022
50.638
51.2563
51.1933
50.5538
51.2128
52.2211
52.7412
53.2674
51.31
52.0194
50.4844
52.3097
53.0073
51.4519
50.9916
51.322
50.5396
51.0583
49.8529
51.3501
51.6019
54.5332
52.5052
52.1963
52.967
52.9655
51.8155
51.2537
51.1745
52.2662
51.0568
51.5356
50.7211
51.9651
52.7841
52.855
50.2045
50.8825
51.1585
51.9448
50.6096
53.353
51.822
50.4106
50.0556
50.6422
52.3268
52.6116
53.656
54.2496
52.5647
51.8364
52.6871
51.9369
50.5044
51.2049
50.7371
51.4491
52.6034
51.7887
50.6549
53.3783
54.7273
53.4166
51.881
52.3712
52.4546
52.1208
52.3075
50.6187
53.2698
53.1815
50.1546
52.5066
51.7573
52.3705
50.9422
51.7359
53.389
52.5071
53.1339
52.303
51.2477
52.4759
51.1183
54.3841
50.2412
52.9029
50.8657
51.3773
52.5921
51.6459
50.4237
50.4976
51.7327
50.9363
50.6394
51.1838
51.4954
52.2598
51.4125
51.3143
50.9311
52.9666
52.9417
50.6989
50.8493
50.6211
51.0104
51.7279
53.2765
54.2458
50.9619
53.2615
52.6213
51.1735
50.5634
51.49
53.7094
53.2106
53.897
52.7472
49.9009
49.7155
51.3666
51.9941
54.4945
51.6473
52.4616
51.5244
51.3654
51.784
51.5067
52.1939
50.6655
51.7839
50.867
52.0234
51.5227
50.1755
52.3287
52.7525
51.1478
51.4552
52.2665
52.5242
51.6798
50.2613
51.3176
51.9133
52.6349
50.5523
52.5425
50.3551
49.8312
50.0409
51.576
53.1762
51.6971
50.6767
50.7079
51.3709
49.8067
51.3181
51.2861
49.666
51.2067
51.5297
52.9208
51.9061
52.1871
52.0885
51.6117
51.0377
50.8759
50.3672
50.1317
49.5741
50.1815
52.7908
51.444
51.1143
51.5981
52.622
52.5321
51.8663
53.7269
53.4461
49.6486
52.0854
52.1152
52.5061
51.759
50.5356
53.4906
53.0358
53.0822
53.6543
51.7423
52.0223
52.2168
53.13
50.793
49.623
51.2989
50.5402
52.4421
51.4525
51.1161
51.2319
49.9657
50.0199
49.8993
50.4438
50.0268
50.4011
50.3015
51.7931
50.0756
50.5896
49.4001
51.4873
52.9524
50.0289
53.5505
54.8223
52.1849
51.1287
53.4739
52.5017
50.9617
52.9998
50.5882
51.5825
49.6583
50.0914
50.602
50.7874
50.4592
50.4854
50.6059
51.5712
52.3594
51.0177
51.5094
52.9102
53.6199
53.8215
53.0569
51.5928
53.933
52.0727
53.2497
51.6947
50.4935
51.3593
51.4273
50.9766
50.7601
52.1534
50.6731
50.8975
50.0945
51.9609
53.0734
52.1953
52.5
51.6043
52.6962
52.2252
50.0418
50.3386
51.9972
53.7377
53.5272
51.9193
51.8227
52.1694
53.0186
52.0823
50.6036
51.6326
51.9504
52.5065
51.4348
52.1749
51.342
50.9711
51.5299
52.7668
51.5807
52.783
51.1139
51.8826
51.73
52.2546
51.9009
51.0548
51.9111
52.282
51.7171
50.0683
50.2816
50.7356
50.42
51.5707
50.932
51.1588
49.6017
49.793
52.0749
50.9312
51.8657
52.3849
53.9864
52.6387
52.0436
52.6897
52.4698
54.7571
51.944
51.564
52.8092
53.641
52.0672
51.1521
51.6185
51.0515
53.0847
52.5094
53.6826
51.6084
51.606
52.9985
52.1335
51.9054
52.4533
52.7334
51.9547
50.6071
51.6015
53.1525
50.8627
53.4375
52.0583
51.5829
52.7261
52.9401
52.2082
51.0008
50.7135
51.1486
49.5102
51.1497
51.7235
49.8457
51.8058
50.9283
51.4451
51.4954
51.6213
50.6582
51.7283
52.8547
54.2226
53.5906
51.9807
51.2244
51.4962
50.7905
51.5625
51.7824
53.1572
52.4506
51.4499
52.0786
52.0575
51.8381
52.702
52.6275
52.5271
52.9135
53.0172
49.3524
52.2333
50.9451
50.9032
51.7833
52.5364
52.7615
51.8546
51.8978
52.9083
52.3391
51.9345
51.0779
50.6657
52.511
50.4512
51.2106
52.6147
52.574
52.8622
53.0998
52.3057
51.7029
50.6777
52.622
52.3712
51.6078
53.4515
53.7762
52.1087
51.5423
50.5044
50.5462
51.5524
52.7865
52.4117
52.2219
51.5747
52.1359
51.1626
50.1133
50.9171
51.2491
52.0677
52.0302
51.8269
49.982
50.3491
50.5672
51.7354
50.2719
49.2995
50.9351
51.4737
52.481
52.3992
51.1877
51.3148
51.9998
51.7759
51.7133
52.7927
54.2737
52.3651
51.668
52.3567
50.5775
51.9351
51.6883
51.5525
50.8453
54.0446
52.2178
52.5384
51.9981
52.7538
51.3581
50.193
53.9039
53.9021
51.3026
53.1207
54.653
54.1666
50.6205
53.0461
52.7265
50.9394
52.3793
53.2856
52.9339
53.5519
52.6809
53.2531
51.9547
51.2633
51.5179
51.8119
51.8972
51.0314
51.6464
52.2323
52.9567
50.2571
50.8959
51.1995
52.295
50.7128
51.4832
53.1717
52.6405
53.6625
50.4292
50.2893
51.3067
52.886
51.6194
50.4108
49.8691
51.8244
50.7315
51.4711
51.2439
52.6899
52.7762
51.5872
50.7939
50.2046
51.7086
50.5591
51.3801
50.965
51.5161
51.7435
52.8725
51.9164
53.0207
51.5336
51.9612
51.7889
51.2759
51.3825
51.5204
51.3522
52.222
52.2411
50.928
51.6544
52.1145
51.6014
50.909
52.3788
52.5424
52.1455
49.8662
50.7006
51.1117
51.7346
52.2615
51.6886
51.1788
51.2346
49.6009
49.6982
49.5576
51.9557
53.7357
51.8704
52.6532
52.1172
50.0129
52.4488
50.1724
50.8061
51.4835
52.6583
51.6372
52.2536
51.8639
51.8505
52.8499
50.9552
51.6239
50.762
52.6449
52.3679
52.3858
52.0932
52.0767
51.5841
49.2198
51.9885
50.792
50.2552
53.5878
52.7493
51.8188
51.3377
50.2711
51.3201
50.2684
50.8328
50.0562
51.1215
51.0591
52.012
52.6258
51.8426
49.9719
49.9733
51.6934
53.5837
51.903
51.5048
51.4519
51.2557
52.6321
52.3928
52.1523
50.3243
52.5674
52.8852
53.052
50.0593
50.5982
52.5409
51.6989
51.3017
51.6425
51.2245
51.9335
51.9356
49.5125
49.5624
50.8657
50.4997
50.998
50.3987
52.1227
51.6377
53.2099
51.7102
53.3395
52.2966
51.6504
52.9681
51.3997
52.3023
51.3794
50.0196
50.0699
50.0043
50.1313
52.8996
52.9875
50.9404
52.7041
50.6884
53.5014
51.4686
50.8804
51.2538
50.4111
50.2841
50.3093
52.4886
52.2777
50.8671
52.2966
52.406
51.0002
52.3882
52.7531
51.6865
51.1498
50.5881
51.5397
53.0517
52.9164
50.7738
50.9596
51.0918
48.2312
50.4893
51.7594
52.8499
52.3849
51.6157
51.3756
50.9471
49.9114
51.4827
51.6861
51.3993
52.6939
53.5168
54.1317
53.5228
52.8466
52.5522
49.3292
50.615
53.3944
49.3426
51.5221
53.1679
51.5601
52.3837
52.7542
51.5314
49.726
51.0599
51.3648
52.4958
52.8363
51.3403
52.4206
51.1508
50.8943
49.6797
52.3999
51.3772
52.8153
53.4977
52.2952
51.5186
50.8264
51.4142
53.4381
52.1976
51.1741
51.0104
52.0103
52.3754
53.0679
51.0714
50.2553
50.5983
51.8191
51.4648
53.232
52.3373
52.88
53.2705
51.5247
51.7626
52.9021
52.6863
52.101
51.2623
50.2761
51.7392
52.5984
49.4571
50.2996
51.0858
51.536
52.7946
52.7539
54.0291
52.3877
52.6685
50.5606
50.269
52.1832
52.0231
52.6766
51.6761
50.2955
51.2907
51.4749
52.7223
51.217
51.0282
50.2499
49.6098
52.299
51.5111
54.4145
53.5067
51.2923
50.4803
51.3676
52.4481
51.2127
52.1499
51.1184
50.1793
50.891
50.8553
52.7164
52.4115
53.1997
53.4683
52.504
51.5479
53.4538
53.0986
52.3039
54.2389
53.1449
51.1879
50.9056
50.3074
50.685
50.1221
50.8052
51.0041
51.5556
52.2223
51.4875
51.5059
53.0535
51.7552
51.9488
52.4233
50.6756
50.9813
50.08
51.8195
51.8709
52.3777
54.0181
51.4446
51.5049
52.0215
54.4766
53.5878
52.5383
51.774
51.9286
51.0489
51.0113
51.7024
52.4338
52.3002
52.2333
50.8868
51.3055
50.5202
50.7274
50.6884
52.2458
50.7136
50.174
52.8398
51.9388
51.4658
50.4857
52.4221
53.8745
50.8733
50.7877
49.9749
49.9406
52.7603
52.6648
52.485
51.2725
49.2638
50.0979
49.6746
51.0562
52.3969
54.8971
50.6187
51.3852
50.7549
50.7913
51.0699
50.7728
50.6838
51.862
50.5448
51.4431
50.4864
50.1338
50.8925
52.0318
52.9884
54.1648
50.7399
50.6868
52.0926
51.3097
51.3392
49.7242
51.5202
51.622
50.5138
50.6823
51.1357
52.3301
51.3901
50.1161
50.9169
51.731
51.8709
51.4981
51.025
50.4441
49.7746
50.3177
50.4803
50.6749
49.8666
49.8751
50.1101
51.8557
52.3476
53.2566
51.898
50.1656
51.3284
50.3196
51.8325
51.1598
51.442
51.9203
51.8473
51.1798
50.7677
51.3997
50.6229
51.631
52.917
52.8758
50.4505
50.3707
50.5943
53.0207
52.7345
51.6467
53.5136
52.6338
49.3402
50.433
51.7744
50.1192
50.88
50.1911
50.2184
51.4328
50.8788
51.6026
51.2107
50.3247
52.0981
51.1029
51.9293
49.0743
51.2736
50.9721
52.5283
54.7017
52.3022
50.8591
52.112
52.7839
52.115
51.3324
51.8296
50.5086
50.8707
52.4735
51.6867
54.1679
54.7594
51.754
51.975
50.8266
51.7714
50.6838
54.6086
52.0718
51.2667
51.2754
51.8742
54.0479
52.6514
51.1136
51.3971
53.0593
52.5762
50.8983
52.732
52.2178
51.1153
51.0481
50.4635
51.1008
50.5272
51.136
50.4562
51.8675
50.7947
51.9796
51.141
52.3474
53.2456
50.7896
51.2607
51.4855
51.7982
50.6603
50.9285
49.8986
51.7628
50.0646
50.7674
49.6286
49.8391
51.027
51.5117
52.4157
51.3024
51.6263
51.5323
51.7947
54.7
51.7992
51.8594
50.741
51.9409
50.6365
50.9414
51.8568
53.2735
52.6781
51.4806
50.0469
51.6715
53.0811
52.5552
53.2465
52.6843
52.5492
51.3866
51.341
52.0099
50.7225
50.426
51.4692
51.3339
51.1005
52.3913
51.0903
53.1548
51.2688
51.8928
50.5025
53.6519
52.818
50.8871
51.6516
53.6465
51.8369
51.1788
52.6735
53.3657
52.6096
52.0112
52.8421
52.8346
53.0527
53.4974
54.0305
51.6506
50.6154
50.5191
50.5327
51.3018
50.8049
52.0195
51.4773
53.2771
51.9789
54.112
52.0008
51.8254
52.5598
50.5348
50.1443
51.5096
51.5375
53.6726
52.1412
51.6858
52.654
55.0512
52.876
53.662
51.2391
50.7852
51.5391
52.7765
52.6665
54.0334
52.581
53.4617
50.7792
50.8085
50.6825
54.0727
51.0654
52.9777
52.6403
50.4557
50.332
50.6839
51.5994
53.9377
54.1703
51.6687
52.0986
51.7735
52.1726
51.5045
50.7936
51.5644
53.9645
51.9333
51.8841
54.0043
53.0993
52.1649
51.6645
51.8344
50.9049
50.6846
52.3041
53.3673
52.9856
53.4696
52.169
51.0351
50.89
51.7812
51.4558
51.2685
50.6098
52.7841
53.6074
52.3963
52.3777
50.4493
51.261
52.1277
52.3304
50.2433
51.2635
50.6974
50.1577
50.9297
51.0677
50.8862
49.973
52.059
51.6419
50.1613
51.0916
52.7851
51.4478
51.5613
53.1383
51.7822
51.6705
51.4866
51.149
50.4973
51.6281
52.7194
52.7829
50.1646
51.7783
51.018
50.5954
49.4222
51.0896
49.5215
50.4117
51.3111
52.0587
50.5259
50.1993
51.1458
52.4554
51.7276
52.076
52.5004
52.1393
52.7037
51.7803
52.0725
52.1032
52.7935
50.188
51.0266
51.2062
52.2128
52.8701
53.2859
50.634
51.7299
52.5274
53.8422
49.6982
51.2785
51.8259
51.9612
50.1172
50.3807
51.1322
52.3878
51.6766
50.2668
51.5905
53.4057
51.9315
51.889
51.3364
51.2354
51.629
50.6986
52.0623
50.4183
51.1272
50.1601
52.4008
50.3424
50.157
52.2005
51.847
51.6181
50.9363
50.601
51.2077
52.6072
51.5094
51.4485
52.061
51.6596
52.3151
51.0153
50.5056
53.4128
53.099
51.7097
51.5093
51.1825
51.8371
51.459
52.7599
53.3105
54.419
53.3567
52.7936
50.6869
50.6999
50.99
50.0996
50.8719
53.5183
54.6553
53.3065
51.3036
51.3307
52.274
51.2081
51.1932
50.7178
52.0817
52.3103
50.6622
50.7211
53.3296
52.842
55.3396
53.8203
52.4197
51.9064
51.0924
50.2168
50.0355
51.5836
51.4693
50.4554
51.6341
51.053
51.2178
53.0097
53.1138
51.4453
52.0558
51.4919
53.1841
51.7521
51.2167
50.5216
50.6328
51.7817
52.9625
52.2123
50.9054
50.9927
51.3345
53.6999
53.2797
53.6368
53.5616
51.6432
51.3711
51.8962
52.4574
52.2975
52.7369
54.2451
52.3758
51.5459
50.8547
50.7918
51.3144
51.9569
49.8641
52.5762
51.2069
51.2888
51.3071
51.9188
52.3151
49.3692
51.2361
49.5552
50.678
51.8607
54.2633
52.6441
51.9754
52.8087
52.1489
52.3029
51.9012
52.0857
51.5196
51.8885
52.7265
52.0984
51.5874
53.2968
51.2463
51.0804
50.3255
51.5336
52.3458
51.8581
52.3817
52.9127
52.8265
52.1488
52.4404
52.0354
51.0713
53.0048
52.7235
51.7635
52.5196
52.0406
49.9455
50.0666
50.9427
53.0445
51.6162
53.0103
52.1424
49.399
51.4065
52.2813
52.634
52.5781
50.7644
52.1598
51.9315
53.0632
53.0155
51.8199
52.0885
50.3603
51.7755
51.9616
50.2768
51.1798
51.3674
51.1934
50.2185
51.7055
51.0651
51.0126
50.956
51.7561
51.8829
51.7095
51.2196
50.2552
52.1497
50.3696
51.2516
51.607
51.2278
51.0204
52.3101
52.966
54.2347
53.3564
51.8881
51.3864
51.7662
51.0611
51.417
50.9239
51.8382
52.6911
53.8731
52.7523
53.2806
52.6292
51.3262
52.1472
51.5451
51.418
50.7622
51.7876
50.6512
53.0378
51.0268
51.7797
53.2255
50.6026
50.3493
50.8748
52.1317
50.7429
51.7898
51.1363
52.0367
51.2142
52.5057
52.415
50.7042
51.2108
50.7198
52.7871
52.239
51.5958
50.773
52.4537
50.6532
52.3047
51.4554
51.2792
50.3391
52.1424
50.5268
51.5292
52.381
52.6703
50.9853
51.8638
50.3653
51.7805
52.3889
52.7637
50.0794
51.9241
51.5148
51.2508
51.4266
51.8036
50.395
52.3268
51.0644
51.7047
51.8819
50.5032
50.9038
50.4846
51.0874
51.0139
51.0311
51.8397
50.5552
50.5297
50.0856
50.0898
50.5683
50.313
51.372
52.83
52.431
53.0423
54.4883
51.5547
52.5278
51.9006
52.8787
53.7014
53.3131
53.974
51.9644
50.3082
50.0303
51.0294
52.4159
51.5574
51.2563
52.4324
52.3289
53.1986
53.5881
53.3916
52.1094
51.237
50.799
49.91
51.6552
51.6694
53.7579
53.0965
52.3014
51.6907
51.7374
51.6898
53.5488
51.9369
50.9071
50.8629
52.1289
51.4318
52.8737
52.9993
52.8668
52.4219
50.0629
52.9557
53.495
51.6885
51.0569
53.5656
52.694
51.146
50.5442
51.7891
50.9131
51.2437
51.3665
52.3022
51.6936
51.6527
49.9708
52.6171
53.0638
51.735
52.2691
51.4437
50.2965
53.0394
51.1528
53.1126
51.8344
51.1338
51.4992
53.482
52.6258
52.3482
53.4519
52.5098
51.9488
52.5958
52.7015
51.5628
49.877
52.1262
51.2434
51.7477
50.5145
50.5889
51.8253
51.0931
51.254
50.8308
50.477
50.9367
50.5642
50.9122
52.1012
51.4851
52.8859
53.9027
53.0432
50.8904
51.5127
51.4711
53.0142
52.3556
52.4896
53.7788
52.5979
50.7597
51.811
52.2192
51.7011
52.7034
51.7054
51.0585
51.2265
51.8358
52.3608
53.3549
53.3766
51.6269
50.4469
50.6173
53.1638
53.0696
51.2649
51.8317
53.1601
50.2523
50.7294
51.4954
51.8213
51.9588
51.9525
52.431
52.5746
51.2478
51.9051
53.3878
52.1451
51.5921
50.0427
51.5574
51.2722
51.8112
52.1904
53.0217
51.8517
52.7667
49.912
51.4001
49.5661
50.1293
51.6432
52.0606
52.6683
50.6871
51.8448
52.7232
52.2877
53.1355
52.2166
51.7038
50.5665
50.6485
52.7205
51.9334
52.1223
52.5162
51.1514
52.0666
52.4167
51.2777
51.9591
51.2027
52.1855
51.4298
51.174
50.3735
51.7704
52.2907
50.0465
52.9674
53.1075
51.1312
49.2071
50.925
50.2164
51.9221
52.2709
50.6912
51.9601
51.1577
51.1947
52.3889
53.751
54.0426
54.0969
52.5912
51.8325
51.6432
50.8942
51.0537
50.9922
52.319
53.4352
54.9122
52.5364
51.3571
51.6775
50.2474
51.3805
50.7048
52.8392
50.5124
51.624
52.0668
52.9075
50.6949
50.6083
50.5488
52.0623
50.3997
51.3712
51.7881
49.7486
49.8086
49.9566
50.9056
51.9452
50.7429
50.8221
50.4257
51.1481
52.1825
51.7389
51.1546
50.8343
50.6256
51.4432
53.7878
51.5951
50.6813
50.5623
50.3158
52.3988
52.5741
50.6941
50.565
52.2118
51.1995
50.5271
51.6237
52.361
52.6384
51.324
51.4495
51.9452
52.6514
52.9445
50.1668
51.1481
51.325
53.0169
53.3683
50.7804
50.8733
51.9556
50.3823
49.8674
50.7496
52.3377
52.7233
51.8212
51.866
51.4635
52.2329
51.7991
51.2184
50.8156
51.1582
52.3969
52.7558
55.272
53.4191
51.4371
53.2235
50.6835
52.7778
52.3103
51.6496
51.1039
50.389
51.5827
49.3169
50.0778
50.881
49.5591
49.4728
51.9853
50.9842
51.1581
52.316
50.807
50.634
50.7217
51.6744
53.7481
52.1731
54.341
51.7963
49.4305
50.3908
52.4248
51.218
52.4942
52.6713
53.5144
51.899
52.6019
53.0212
53.1437
52.0729
53.3141
54.2311
52.8197
52.6609
50.746
51.713
49.8698
51.2044
51.9903
51.588
51.0592
50.6562
50.6898
50.8554
51.5591
52.0793
51.122
53.0515
53.5102
51.8993
50.9093
52.9523
52.0702
50.838
51.5479
50.4272
51.261
52.2095
52.781
52.4567
52.1971
52.8025
53.2294
51.7467
52.6834
51.2372
52.5362
52.7322
51.9777
50.9878
50.6854
50.064
51.3877
50.9879
52.404
52.0736
52.9101
49.5583
50.7847
50.7051
51.0178
52.2604
53.4276
53.2467
51.9307
50.9728
51.182
50.5255
51.4415
52.1248
51.9123
51.0377
54.1796
51.0567
49.6563
51.9215
52.097
53.3028
53.3723
52.7725
51.356
52.2498
51.3167
50.9689
51.2772
51.5906
50.3768
53.504
52.6005
50.0516
51.8574
51.6356
51.3979
50.8245
51.4656
50.8586
53.8452
52.8493
51.9652
52.4925
52.5324
51.0648
50.45
52.6347
52.7447
51.5587
52.888
50.8334
50.1219
51.5119
51.3054
51.8106
53.9954
52.2868
52.9924
51.132
50.5148
49.8205
50.9691
51.5193
52.1926
51.9281
51.8639
51.0544
53.0466
51.9912
53.4665
51.0667
53.5791
51.8425
49.9813
50.4994
51.8065
51.1943
52.991
53.5666
52.9469
52.4668
52.1627
52.5985
54.0189
52.2031
51.372
50.5954
51.1648
52.6867
53.5395
51.3163
52.818
51.4008
50.4794
51.9174
51.0793
50.7548
52.3972
49.7034
49.9702
50.6494
49.3163
51.9551
52.0579
54.0181
50.3128
51.1106
51.4116
52.1967
51.545
51.7262
50.5191
51.75
51.5989
51.0787
52.2503
51.2882
52.5507
53.3862
50.283
52.8933
53.5382
52.4334
50.866
50.1782
52.1339
50.1206
50.923
51.5831
53.4928
52.3177
51.4683
51.7703
53.2973
52.8721
52.9196
51.0197
51.7913
49.9263
51.9003
50.8839
50.2278
50.5008
49.6797
52.9047
51.3459
54.4761
52.6138
51.0897
50.4339
50.1341
49.4547
52.0854
52.1722
51.7246
53.9123
52.7598
51.5118
52.4369
50.6063
51.4958
53.1049
53.8214
53.3808
50.926
51.0032
50.7546
52.7627
52.002
53.7908
53.7961
51.3987
52.5106
51.9391
52.2534
51.8155
51.6794
51.8515
52.6455
52.3498
54.3793
53.1077
51.1834
50.7149
52.2366
54.0179
52.2548
51.2702
53.4892
51.4102
51.4495
50.1021
51.9402
52.5428
51.3126
51.534
49.9748
52.0047
50.8249
50.7189
50.6386
50.6608
51.5362
50.5484
52.0156
51.0711
51.0419
50.224
51.3604
50.4868
51.0006
49.4185
50.7147
53.579
52.4436
50.3429
51.9246
51.2287
51.3677
51.7339
51.3624
51.2694
52.0514
51.1942
50.743
53.4295
49.2687
50.4292
51.2654
50.1851
51.8056
53.6226
53.9103
49.7228
49.8648
51.3908
52.3539
51.3855
51.7154
49.2657
50.9148
51.88
52.3551
51.1917
51.8979
52.6649
54.3845
53.4742
52.0572
52.2176
51.6559
52.2182
50.858
50.3182
52.3486
51.0504
52.6572
53.5131
52.5509
52.0593
50.859
52.3071
52.4671
51.926
52.3461
52.0644
52.4465
53.7652
51.9305
51.3794
49.7604
51.6466
51.2732
52.9891
51.2786
51.1669
52.6587
52.8069
51.4126
50.4244
51.2553
50.1871
50.9188
51.6558
51.6087
50.9695
52.9978
51.896
51.1813
54.4488
53.0765
51.3455
50.9348
52.6672
53.0016
52.0831
51.8537
52.5081
54.5497
53.2474
49.6886
52.642
50.2619
50.3879
50.1568
49.8521
49.6801
52.3251
53.1748
51.3419
51.4056
51.6207
52.4669
53.013
51.1328
52.6977
51.5695
52.8015
52.5017
52.4582
54.2896
52.0878
53.2709
52.7362
52.6688
51.7738
52.593
50.4639
53.1151
50.8414
51.7991
53.7007
52.0469
50.4888
52.249
51.8051
51.7435
53.0457
53.2987
52.0508
51.4167
52.0745
50.8421
52.4905
50.7201
50.2488
50.9974
51.7742
50.6024
51.0289
50.7528
50.9067
52.2954
53.5365
50.3123
51.1371
50.4529
51.9987
53.2047
51.8545
51.1629
52.2634
51.2113
52.3506
52.9285
53.8428
50.7033
51.7789
50.4238
50.7481
52.6943
52.2397
52.1447
52.5076
51.6273
51.7187
50.6998
51.8641
50.8536
53.0874
50.5194
50.868
50.4823
50.879
49.8773
50.835
52.1881
50.1262
49.968
50.19
51.0046
50.4125
50.7477
50.8873
53.1535
53.5067
52.2719
50.7216
50.9169
52.2162
51.1688
50.5739
52.336
52.5979
52.0688
52.0279
51.1905
53.3874
52.4176
51.9425
51.4052
50.6869
51.3778
51.8697
52.3199
52.4295
52.997
52.59
52.5649
52.7758
51.2786
52.9206
51.4698
53.0992
53.4732
50.6728
50.99
51.9895
51.9781
52.2964
51.703
51.5352
51.0267
51.3929
51.1198
50.8374
51.0516
52.1609
50.6404
53.494
53.4091
52.4968
53.0807
51.6066
51.8753
51.5267
51.8894
51.6955
52.0842
51.1667
50.4667
51.4658
52.5187
51.6331
51.0126
50.6611
51.0927
52.6404
51.4445
51.3335
50.9293
51.8524
51.1827
52.3066
52.8227
52.4336
51.464
51.8368
51.6004
50.7356
50.7016
51.4471
52.6826
51.4541
52.5267
52.8775
52.8563
54.5584
52.8723
53.0089
52.5262
52.4787
50.6745
50.4624
50.411
52.8782
53.0086
52.9829
53.2211
50.9256
52.1963
52.2705
50.4261
51.4198
51.2252
50.9619
52.82
53.5574
53.111
53.0624
51.5139
51.9194
50.5179
53.9083
53.4293
50.183
50.9324
50.9346
51.2056
52.6058
49.9952
52.5361
52.6907
52.2682
51.0807
49.2123
53.6234
54.0444
51.6165
50.6783
51.116
50.8182
52.1774
51.3207
51.4231
51.8444
52.8972
52.0936
52.6193
52.3375
53.0426
52.9827
52.4617
51.6574
52.6603
52.1018
52.4049
52.6186
50.6717
51.9688
53.1724
51.3108
50.6791
50.2551
49.574
51.2494
51.9841
52.5132
51.1267
50.61
50.2444
53.5458
52.5079
52.125
51.6231
52.4331
52.2286
51.5476
49.749
49.8579
51.5339
52.9077
50.9616
52.7208
53.0169
52.0616
51.5942
51.1184
51.5615
51.2005
51.5177
52.6103
51.7557
51.3813
51.5876
50.5165
52.0917
50.8934
49.4304
50.9
51.4957
51.2149
51.5483
50.9239
50.5234
51.5138
51.8917
52.8569
52.0096
52.2255
52.27
50.841
51.326
53.0854
53.1378
53.3823
52.5561
53.0999
52.2779
52.2614
52.0668
52.5299
52.3875
54.4285
51.9091
52.2672
50.5966
51.3344
50.9354
52.7784
51.9487
52.3276
51.7084
52.2435
50.821
50.569
51.6876
51.0476
51.076
51.5869
50.6745
50.7618
50.352
51.1038
50.7042
50.5595
50.4987
51.6161
50.5473
51.45
52.5523
50.7279
50.6311
51.4305
50.0765
51.0917
51.6207
51.6298
52.3852
51.5539
52.9226
52.5549
50.622
51.9871
51.3851
52.609
52.8096
53.3188
52.9754
52.0496
52.0518
52.6628
52.8943
52.3079
51.0575
52.8155
51.6238
50.9509
50.6514
49.908
53.1438
52.0043
51.762
51.6341
51.3866
51.0561
52.3366
51.7296
52.6913
51.2873
51.7868
51.9512
48.6561
51.1295
51.418
50.9087
51.6461
51.5956
54.2015
52.0612
50.7218
50.5278
51.4349
50.5008
51.4156
50.8822
52.9109
51.8298
50.5202
50.9205
51.6409
51.6875
51.5607
51.4518
52.0639
51.4188
51.2487
51.4368
50.7828
52.3561
50.3794
50.4682
50.6301
51.8732
52.3067
51.8818
49.92
51.3114
51.6062
50.9118
52.1478
52.3731
51.7657
51.4402
51.8554
50.7849
52.3587
52.6572
50.951
50.8105
53.2739
51.9364
51.7347
50.3486
52.135
51.6872
51.2475
51.5245
51.3859
51.0391
52.7685
52.9017
52.7924
52.4873
51.3539
50.6782
51.1689
51.0207
54.3066
53.3909
51.5714
50.0087
50.4131
52.1669
53.3456
51.7823
53.0157
54.1863
52.7246
49.9897
50.3114
51.4716
51.6971
51.4909
52.7969
50.958
51.6987
52.5815
51.0236
51.9187
51.7375
51.9232
52.405
51.5127
53.8361
51.2992
52.0282
52.057
51.2004
51.552
51.417
52.6168
51.5976
50.6417
50.6019
50.0192
50.737
52.8001
52.4176
51.9462
52.1994
52.492
52.2251
51.5483
51.0741
50.934
52.7321
52.1694
53.4123
52.5624
51.4753
49.5549
49.2062
51.1462
51.2847
51.4843
51.7992
51.3854
52.4868
51.6795
53.3428
53.1404
52.3768
52.2549
51.7446
51.4446
52.8478
52.5713
53.1062
54.3089
54.8476
53.3675
50.8325
52.2518
52.6935
51.3896
50.8536
50.6901
50.7787
51.0807
49.3979
49.1915
51.8968
51.6155
51.1511
52.8481
51.7949
52.0095
52.2135
51.0978
54.2832
50.5052
50.8157
49.9729
52.4247
51.5458
51.9722
51.8511
51.2725
50.2233
50.5887
53.0425
50.2591
53.8756
52.6452
53.2443
53.1617
52.4507
51.8297
50.8838
51.0072
51.3182
51.7063
50.9266
51.4625
51.619
52.3801
51.6982
50.2048
50.3198
51.1908
50.4043
51.0355
50.2282
52.2297
51.6988
53.3081
52.2764
51.6465
51.4766
51.869
51.9614
50.968
49.3926
50.738
51.4949
54.6217
52.6501
52.8539
52.4667
51.351
52.5641
52.4868
51.5841
51.4657
51.7719
51.7523
50.7246
50.8142
51.8987
52.2401
52.4877
52.6823
51.2627
50.8337
52.0131
51.0849
51.1181
52.0181
51.6426
50.414
51.9516
51.896
53.5676
52.5347
51.5092
52.1
51.8778
52.3495
53.018
52.2457
52.5687
52.5722
52.8802
51.8984
51.3387
51.3251
51.5793
52.906
51.1179
51.8289
52.8311
50.9083
50.7044
50.6872
51.0808
50.6791
49.8971
51.32
51.1983
51.0343
52.8671
52.3061
51.4
51.1353
50.9731
50.0528
50.3592
48.58
50.094
52.3756
50.772
52.4602
52.4548
52.7181
52.1894
52.3859
52.5264
50.6802
50.9509
51.5771
51.6259
51.8654
50.8761
50.6874
50.2103
51.9482
51.9296
52.1222
51.7325
51.96
51.3734
50.9106
53.3867
53.3985
51.5913
53.3924
50.3357
54.4952
54.3321
51.8557
52.4783
51.9624
50.8127
51.4241
52.6342
52.3528
49.3525
50.9453
51.546
52.5253
52.173
51.1095
52.0046
50.6358
50.7216
51.9867
53.0878
52.3384
52.716
51.3549
50.3216
50.2634
51.145
52.2005
51.8921
51.9631
52.5692
52.7994
52.4172
52.6435
52.6384
52.261
52.5786
50.8704
51.3524
51.8429
52.6945
52.1298
51.0579
52.3636
51.0662
51.6985
51.8785
52.1154
52.0223
50.6699
53.7179
51.4668
54.2069
52.6564
52.2666
52.9353
51.806
51.6402
52.0185
51.2299
52.1558
52.3847
52.5798
51.7705
52.2765
52.5052
55.1834
52.9106
51.1832
49.9454
50.9492
52.8225
54.6918
51.469
51.5313
52.378
53.3035
53.4052
52.8023
51.5307
51.1633
51.1126
51.4638
51.2012
50.0755
52.8287
52.5415
53.3442
51.5811
52.6489
50.4401
51.9422
51.2127
52.0705
50.0797
51.3584
52.5472
51.4931
51.5513
50.5329
52.1157
52.394
53.5359
50.9361
51.4134
50.2739
50.0335
51.9292
51.3121
50.0675
51.281
51.691
52.8718
51.8207
51.3964
52.4326
51.145
50.1851
51.6675
50.9316
51.1097
49.5053
51.767
50.3
52.3478
54.0204
52.1189
52.9245
51.8315
52.7161
51.9758
52.1478
53.3386
51.4927
50.2983
52.1145
52.5913
51.5617
54.327
52.5562
50.7418
50.4772
53.8735
52.434
51.5138
52.2051
52.2345
52.986
51.2051
50.488
51.4368
50.6097
51.4429
50.899
49.6951
51.1352
51.9129
50.4895
52.3697
52.3959
52.9769
51.595
51.5857
52.285
53.2218
53.2933
52.9833
50.8843
52.6838
51.4041
51.6117
50.8955
52.2261
52.2165
51.2137
51.1585
52.1682
51.1952
53.7758
52.9599
51.5832
51.1876
50.4764
50.17
51.6083
52.3082
50.7079
51.7974
51.4289
51.2971
49.7652
52.1001
52.5604
51.0488
51.0595
49.6013
49.9686
50.9932
51.0356
50.0112
49.4969
50.9329
51.2407
51.6881
51.3942
54.4765
54.2055
52.5454
51.5573
51.3231
51.2685
50.11
52.2114
52.2075
51.3264
51.7012
50.3845
49.6322
51.7433
52.6904
53.7215
52.4366
50.915
51.5442
53.0333
53.1196
51.1591
50.0874
51.2773
52.0627
54.0976
52.4175
50.6503
51.8485
51.1443
50.1039
53.1272
51.7826
51.5547
50.5501
50.6728
52.8149
51.9956
51.9381
51.2616
53.2524
51.0012
50.8154
51.0363
51.2689
51.6222
50.8132
50.458
49.8827
51.4967
50.1843
50.6197
53.137
53.2392
51.9179
51.5327
51.705
50.3022
52.9296
51.3193
50.6466
50.7404
52.0037
51.2077
54.2978
53.0615
52.1735
51.4795
51.0713
51.0425
51.0725
52.0279
52.0677
51.7354
50.5445
52.8196
52.9549
53.2683
51.8937
51.9387
51.8727
52.9746
51.9733
51.0863
52.2212
52.7856
52.448
51.7111
49.9653
51.6177
51.3736
52.0455
51.4161
52.4444
51.4871
52.5076
50.2366
51.0773
52.5673
53.3407
51.5757
51.4657
52.0041
52.3003
50.1264
50.294
50.7933
50.6838
52.3056
51.6715
50.9342
51.4122
51.7472
51.5962
49.9607
51.8124
51.2709
52.6085
50.6847
50.702
52.7021
54.3671
51.6202
52.7982
51.476
52.1261
53.0848
51.6549
50.1726
50.5326
50.8609
51.1723
51.3148
51.7136
51.9107
50.3604
49.3017
49.6369
52.0184
53.1245
50.8555
51.1808
51.1272
50.6523
49.79
51.709
52.4538
51.9285
52.6777
54.3656
51.0053
52.1115
52.2761
51.0275
51.5456
52.3331
52.2639
52.9612
52.6988
52.0522
53.4007
52.0425
51.6002
52.6113
52.4167
53.2092
49.4975
51.4699
51.8708
50.6375
49.9423
51.3226
50.8358
51.6115
51.0469
51.5439
50.9873
51.1886
50.8404
51.7895
51.2016
51.112
52.6417
53.083
51.8697
52.2954
51.5813
51.5439
51.1706
51.0064
50.0367
52.264
52.201
51.8455
51.3193
50.8492
49.9603
51.2489
52.4878
53.0906
52.0979
51.8183
52.2265
52.0374
51.1445
50.3006
50.8793
51.4111
53.4747
51.1525
50.2083
51.3639
52.1155
52.2897
52.9565
54.1472
52.3922
50.2435
50.8332
52.1606
51.6203
52.4313
53.5689
54.0121
52.1331
50.9439
51.1837
52.9359
51.5949
51.5745
51.4889
50.0453
51.5759
51.9654
51.115
51.3958
50.8775
51.6195
51.0298
51.224
51.9319
51.5441
52.5711
53.5886
51.8966
52.3215
51.2631
51.3582
51.0633
52.4561
51.9139
51.064
52.2689
52.481
50.5194
51.1613
51.4528
50.9107
50.9912
52.5736
52.6026
53.2247
53.0773
51.2981
52.1915
52.4378
51.401
52.3121
51.71
50.2004
51.6691
52.6263
53.1705
51.9535
51.1778
51.2242
50.8796
50.7025
51.241
51.23
50.5935
50.723
51.5353
49.0267
51.5791
51.3807
52.3413
52.6522
52.3738
52.9682
52.0332
51.216
51.6858
52.2674
51.5721
51.4128
53.1831
52.5748
50.6194
53.3194
52.7864
54.7713
54.1092
51.4954
52.2143
50.65
51.0822
52.6309
51.7228
52.6976
52.4189
54.2881
51.5254
51.0361
49.9755
51.0842
50.7261
52.9823
50.5491
51.7735
51.5698
52.0396
51.5557
50.1329
50.9146
50.4367
52.0007
52.3955
49.8941
51.1553
52.3395
52.3161
52.7211
53.9247
53.3782
54.5228
51.9731
49.2882
51.4034
50.7124
51.8939
51.3306
51.0181
50.8451
50.6068
51.4899
50.509
51.2211
51.3395
51.4714
52.1589
53.0293
53.2041
52.5983
51.5109
53.5856
52.8928
53.5865
53.1617
52.0343
52.0193
52.8106
52.8415
51.7805
53.6018
55.3712
52.5426
51.2138
51.3842
52.5767
52.2137
50.7367
50.9645
53.091
52.8489
53.7612
53.2992
52.8914
53.9148
51.6976
51.9475
51.289
51.6988
53.4703
53.498
50.9876
51.4812
51.159
50.741
50.3676
52.0542
51.8747
51.1768
52.2107
52.4028
51.4267
52.2921
51.6924
52.3226
53.7803
53.3634
51.8968
51.8217
51.4026
52.2663
51.3229
49.8524
50.951
51.3302
50.8481
49.885
53.1744
52.1218
51.0635
49.7126
50.6171
51.3297
52.7719
51.575
52.5881
50.4314
52.2315
50.6333
49.9347
50.613
50.8236
50.9156
49.8851
50.602
49.782
51.2702
52.1638
50.1188
51.3308
53.1091
51.5131
51.1059
50.6532
50.3217
51.1817
53.9242
52.1426
53.2622
54.953
53.5411
51.5779
49.7945
50.7046
51.3074
51.0528
52.4115
52.9415
51.8992
51.7843
52.5409
49.9001
51.3557
52.0453
53.3938
52.795
51.037
50.9949
52.6723
51.307
50.0931
52.476
51.7204
50.633
50.5799
51.4723
49.8531
51.3105
52.3575
52.7653
51.2912
52.5697
53.1131
50.4657
50.7791
52.0761
50.4291
50.3455
51.1496
51.4507
52.4779
54.0722
53.2369
50.8403
51.4899
51.3076
52.0793
52.3253
51.2786
52.0024
50.3804
50.9593
50.8579
51.9118
51.4737
51.4944
52.0382
51.0145
51.0243
51.9491
51.3053
52.4001
53.3298
52.1593
51.8456
53.3795
51.7824
50.1543
51.0284
51.0058
50.8169
50.9056
52.696
50.9666
51.8979
50.6521
51.86
53.3721
51.1895
51.1136
51.0583
51.7977
51.7914
51.4698
52.7953
55.1584
50.8933
51.824
50.8138
51.9595
52.3934
52.4516
50.7771
50.986
50.163
50.8428
52.1779
51.467
50.9118
51.2608
50.8123
52.0831
52.6339
52.8097
50.8105
52.9207
54.1187
51.1601
50.6249
49.5464
51.8172
52.365
52.2862
53.438
52.743
54.6018
52.5829
51.9181
51.6611
51.3244
51.7701
50.9372
50.6695
52.0143
52.4168
53.4861
51.9253
52.4043
51.2128
51.4326
52.5659
54.788
52.6918
52.5882
51.3255
53.8526
54.036
52.6739
52.5589
52.8546
51.5213
53.0124
53.2228
52.1351
51.8809
52.2473
51.4848
52.6763
51.6381
50.4691
52.7901
53.0086
51.8631
49.9963
52.2232
51.2298
51.5814
51.3563
52.58
52.9116
50.4949
52.52
51.656
52.2421
52.7142
52.9688
51.5651
51.2897
50.5927
53.2189
54.7724
53.3343
51.646
53.832
52.4089
51.5323
51.9556
51.2248
50.0218
50.6809
52.5349
52.3896
51.2689
52.4785
52.3515
52.7898
48.9196
50.3852
52.2804
51.7631
53.6503
53.3799
51.9593
53.7461
53.0537
53.2721
54.3488
51.7458
52.5922
51.908
50.84
51.724
52.2747
52.5994
52.3058
52.5329
52.5285
52.6083
52.7912
52.1898
51.7672
51.6154
51.6103
53.9334
52.6364
53.0696
51.0397
51.6609
51.8416
50.5948
50.6679
50.8495
51.9701
52.0349
52.5815
51.5915
50.268
51.8535
52.2523
50.99
49.9028
51.3218
52.3551
53.9968
51.0446
52.9955
51.4618
51.7268
51.3728
53.0481
52.5582
52.56
51.3511
51.1332
49.9952
52.6676
51.1698
51.5937
51.6812
50.7068
50.9301
52.3287
51.4908
51.9369
51.2982
52.0152
52.1572
51.9789
51.5881
52.1582
54.1038
53.1838
51.7171
49.9263
52.142
52.7177
52.9694
50.1408
50.007
52.253
51.54
51.7414
51.3419
51.3282
51.7866
53.8404
51.905
52.1266
51.1012
51.2742
53.9826
52.1613
52.4183
52.8787
53.4061
50.4644
52.096
50.3936
51.6646
51.3022
51.2512
52.0643
51.2967
50.4247
51.816
52.5326
51.418
50.7205
50.1595
49.9403
50.7966
50.8435
51.0108
51.9773
53.0479
54.0384
52.7289
52.396
50.4245
53.3616
51.6315
51.7118
51.4791
52.3387
51.4872
52.5742
53.3489
54.7577
53.7114
53.9326
52.6078
51.1902
50.2133
51.3487
51.4971
51.5717
52.7726
51.3323
50.6803
52.8237
53.7644
53.4148
50.6321
53.2173
51.7612
51.1999
51.5623
52.3127
51.1106
50.9654
54.001
52.3738
53.0514
50.3971
51.8728
51.6907
51.3832
49.7234
52.4056
51.5261
51.5696
51.4169
53.4232
52.258
51.6572
50.0698
49.818
51.0379
52.0393
51.2413
50.6909
50.4141
49.8636
49.7743
50.8029
51.2762
52.124
50.1182
51.6352
51.8222
51.5426
51.192
50.8664
50.6125
50.8108
51.8185
53.7631
53.3648
53.0492
53.5552
52.7747
51.6238
51.3355
51.4991
50.4421
53.0452
53.475
52.036
52.599
52.1986
52.2922
51.991
52.9716
50.7576
50.416
51.5727
52.9831
50.3493
52.0891
53.5176
51.5026
52.0118
51.1686
51.7359
51.7904
51.8342
52.451
51.7496
50.0328
51.548
51.7817
51.5225
51.926
52.2663
50.1067
49.4637
50.6975
51.1801
51.8459
51.5473
53.3269
53.4248
53.6211
53.6442
51.6965
51.9047
53.9001
53.2472
51.9205
51.3114
51.543
52.2375
49.9305
51.835
52.1183
51.7623
52.8166
53.29
51.6449
50.5978
51.1068
50.743
49.6688
50.7894
51.8611
53.6019
52.2242
52.1139
51.8663
51.5661
51.8976
52.0595
52.8086
50.673
53.3919
51.9067
51.2852
50.5207
53.0259
54.7811
51.0974
51.5069
50.7715
52.175
52.1095
51.5038
52.2417
52.5762
53.8601
52.8184
53.2857
53.2152
53.5426
51.3847
52.056
52.2193
53.0318
52.3728
50.7032
52.2238
52.0075
50.038
50.6202
51.5749
51.6349
52.4751
52.5718
52.7553
53.8035
53.4119
53.1116
53.6387
51.4515
54.104
52.1475
51.2392
53.2968
52.833
51.7859
53.8757
52.6455
52.6361
53.8444
51.6477
51.0766
53.3004
51.39
50.725
51.0217
50.7218
51.8504
50.4137
50.021
50.328
51.4167
51.4814
51.1599
49.0424
48.9775
51.7432
51.5212
52.5243
52.2743
50.4299
50.8284
50.6797
51.9323
51.3589
51.4915
52.7061
52.701
53.0282
51.828
51.7583
53.5384
50.728
51.4315
52.7274
52.0536
51.2446
51.5606
51.3063
51.6231
51.7141
53.7331
51.8477
51.8475
52.8247
52.3946
51.1573
51.6274
54.1458
51.5348
52.5454
52.6996
52.3879
50.8857
50.6356
51.449
52.5601
52.5795
52.389
51.3458
51.9685
51.9801
51.185
52.5246
52.9189
50.4876
50.9693
51.9444
50.8243
51.5561
52.4434
53.691
53.6208
52.3138
51.2258
52.8941
51.5175
50.7845
52.2752
50.5254
52.4246
51.8093
53.3221
54.9793
53.5023
51.5159
53.3318
51.9399
50.703
52.2508
52.2293
52.7972
53.3832
50.8767
50.0865
50.4575
49.9288
50.9286
51.6048
52.9751
51.9332
50.9651
51.4693
50.7143
52.1682
50.5896
52.9179
52.6959
54.9642
53.8087
52.6663
51.4942
51.9623
52.3167
51.1373
50.5363
52.7504
51.682
52.4558
51.5607
51.9518
53.6855
53.8756
52.157
50.839
51.4942
51.6287
52.2639
51.8378
51.4124
51.2968
53.0516
53.4263
51.3235
51.3388
52.835
52.5286
51.4523
49.8008
50.842
52.5024
50.0593
49.9213
51.5729
51.5106
50.9851
51.86
52.117
52.2245
51.5739
52.9394
53.7785
53.3313
53.1943
51.434
52.7255
50.6001
51.7771
51.1683
53.0973
50.746
51.1519
52.914
52.6608
54.8656
54.3739
53.3684
51.2075
49.9437
50.808
51.7058
52.8785
53.116
53.8948
52.7118
51.653
50.786
49.9459
52.3846
52.5291
51.5254
53.61
53.2698
51.2875
51.2022
50.4027
53.0104
52.9499
50.3103
51.4628
50.9959
51.6262
51.8591
50.874
51.936
53.1089
49.7903
50.3283
52.0125
52.9873
50.874
53.2048
53.8655
52.4927
50.4333
51.9966
51.9582
51.2067
50.7215
51.9247
51.2063
50.329
53.0504
51.3965
50.8016
51.084
52.8514
51.5916
51.096
51.6822
51.4643
52.0439
51.3165
52.0864
51.0076
52.2507
51.7253
50.6005
51.401
50.853
51.3661
50.709
52.1541
52.3936
50.6968
52.379
52.7281
51.1029
51.9624
52.7918
51.4795
51.0587
52.5954
52.4801
51.0671
49.4318
51.7628
51.8017
50.8854
51.7985
50.6001
50.634
49.9299
51.7885
49.5067
51.5014
51.2373
52.573
52.1098
51.9153
52.3872
52.3621
51.5999
51.5168
50.4619
51.2077
54.2597
52.5665
50.1155
49.5712
50.6626
53.0444
52.6518
52.1202
50.8554
51.2066
51.5176
50.5423
50.8929
51.394
53.3805
52.8605
51.4713
52.4488
51.8118
52.8583
52.0416
51.9519
50.872
51.223
51.3503
51.7048
51.5861
51.1154
50.0217
52.2292
53.5183
52.9229
50.7117
52.3501
53.4762
51.3701
51.7146
52.158
51.6546
51.966
50.8919
50.7003
50.5238
52.7791
51.8724
51.0408
51.4102
51.5865
51.4467
52.8811
49.6705
52.1962
53.1335
50.8392
51.6526
50.9047
51.0594
51.9421
52.8267
51.5006
51.5753
52.5419
52.5774
52.703
51.4361
50.1797
52.0075
52.1561
52.6473
50.6979
51.478
52.7033
53.7048
53.1927
51.4273
52.1893
54.1557
51.7813
51.4788
51.8298
51.8089
50.6022
51.093
51.2618
51.0241
51.6804
52.3483
52.13
51.8253
52.3232
53.6938
50.5393
52.1731
51.4563
52.2646
52.2435
51.6068
51.2778
52.3585
52.04
51.1571
52.003
50.8356
51.7568
51.8662
53.0763
51.4557
50.7259
51.7262
52.7897
52.2265
50.204
50.6964
52.2465
50.9567
50.385
51.2842
52.2603
52.797
51.263
51.8592
50.3251
51.1726
52.0593
51.5245
51.8175
51.549
51.7742
53.0608
52.5246
51.2354
51.9325
52.9348
52.2313
50.637
52.126
50.8213
53.9994
51.351
51.2671
52.8115
52.2591
52.954
51.4174
51.5897
50.9953
51.3355
51.1749
50.2554
52.6559
52.6113
51.063
52.916
49.8909
51.9951
51.1204
50.0165
50.2448
50.427
49.953
50.4979
51.3462
51.3849
52.5219
52.1787
51.8205
50.7216
51.4837
52.3848
53.7331
53.0201
53.1482
52.121
49.6001
51.5421
51.6023
51.4545
53.2925
51.4778
51.7133
51.5529
51.1748
52.5672
53.142
49.9808
51.9941
50.6932
51.9519
52.7386
54.8135
50.9295
52.9237
52.2883
50.3485
50.7542
50.3828
51.4562
51.9692
51.0416
52.2829
51.0951
50.0542
52.124
50.4838
50.0829
51.0579
50.7392
50.8606
51.7625
52.2493
51.7327
53.287
51.5406
51.2268
51.1323
51.1571
51.3277
52.3842
51.0356
52.2461
53.2467
53.755
53.6592
55.0427
54.709
53.251
52.5585
51.0447
53.0136
51.9134
51.8066
54.1531
55.0616
53.0565
53.7797
52.6297
55.2563
53.2168
52.7032
50.994
51.3643
51.4854
51.617
52.4424
52.7167
51.1018
50.7252
51.8286
52.4898
53.5502
50.5813
51.0158
50.9271
53.5524
54.1855
54.2347
53.1296
53.4785
53.018
52.7651
52.1916
50.9974
51.3353
53.2542
52.4843
52.3234
53.4184
51.0373
49.517
51.1122
51.0693
50.3382
52.489
52.8162
50.7657
54.2414
52.9316
50.169
51.2716
49.739
51.1882
52.0484
53.0494
52.586
52.6375
51.7261
52.1076
51.8025
51.2678
50.6038
51.7106
51.1042
50.1276
50.663
50.0185
51.6347
52.0048
51.7117
52.344
52.7543
50.3769
51.5482
53.4546
50.3581
51.5372
52.1281
51.3363
52.4572
51.0756
52.0065
50.7451
50.8682
51.703
52.7453
55.4331
53.7053
52.3015
51.4689
51.1541
51.3119
50.6061
50.4208
51.7347
52.3954
50.8517
52.1032
50.3985
51.2827
51.8764
52.9742
53.8743
52.1287
51.3024
51.1702
52.4283
50.8025
51.7782
52.0358
52.4711
51.9368
51.9789
52.8061
50.5337
51.8566
52.3298
54.0613
52.7422
51.8357
51.541
52.6385
52.397
51.94
50.1041
50.7224
50.9618
51.8669
51.527
52.7527
51.5481
51.0405
51.752
51.2962
52.4603
52.532
51.306
51.2965
50.7603
51.4891
51.7189
51.0789
50.9344
51.7033
51.0559
51.8067
52.4134
53.7728
50.8062
49.9646
48.9721
50.2398
50.2306
53.3998
52.6583
51.6441
53.5108
51.4616
51.2805
52.2543
51.6512
51.0744
51.7523
51.7668
52.5875
51.9539
52.0531
51.4128
51.1626
50.4667
52.8852
52.1226
52.3598
51.4651
52.46
50.7916
52.7023
52.8597
51.0894
52.997
51.5284
50.2468
51.25
52.0399
50.4399
52.6399
51.9353
52.7079
51.3293
50.3305
51.2336
51.0507
52.22
52.8419
53.8751
54.6126
52.3963
51.5154
51.9785
51.557
52.0539
50.808
51.9575
52.6928
52.6082
52.835
52.1856
51.501
51.4765
51.9223
50.7208
52.4
51.7993
53.9123
51.718
50.317
49.316
50.1831
50.2583
52.1874
51.7329
51.2568
51.7164
52.7616
53.4349
54.2882
52.4008
52.2616
53.5117
51.4474
51.7723
51.6323
50.8137
52.1073
52.1494
52.6685
53.4013
51.1505
51.241
50.9568
52.0924
54.2104
51.7242
49.8048
51.7375
51.7589
51.4296
51.4964
53.8608
50.8489
51.7951
52.0392
53.1114
53.2405
52.6676
51.3809
51.8734
51.9433
51.5907
51.6878
51.1298
50.3201
52.6499
51.1841
51.9427
51.6232
51.1678
51.9726
50.986
50.4192
51.0299
51.0812
50.2194
52.1648
52.4169
53.3132
53.1977
53.4443
55.8525
54.8023
52.8088
53.9814
51.6266
51.4384
52.8739
51.1081
51.7799
51.5559
50.7966
51.329
51.9053
53.9463
51.5059
52.6114
51.0603
50.8637
50.6062
49.9711
51.9588
51.1484
51.8688
51.6431
50.9603
51.6154
52.5096
52.7014
51.8168
50.8064
53.2867
51.3992
50.5639
50.8812
51.3179
52.6904
52.2297
50.972
51.2735
50.7717
51.1852
52.3803
53.2001
50.3116
51.1878
51.6157
51.4735
51.6824
51.5092
49.9866
50.9753
50.5995
51.673
52.3593
51.1293
52.893
51.9784
52.735
53.2117
54.2915
53.7881
52.7705
52.9778
54.2378
51.7089
50.5935
50.5306
51.0583
51.5058
52.0886
52.1016
51.4116
51.1056
52.6138
52.2791
51.6002
50.6035
50.6117
50.38
51.6322
52.2666
55.7755
53.9864
52.5871
51.6786
52.1842
50.566
51.4229
51.2144
51.4322
50.7812
50.7017
51.1287
51.761
51.484
51.0783
50.9355
50.4674
50.2676
50.5265
50.7685
51.738
51.6934
52.5122
50.2222
51.1368
51.4461
50.9902
54.2559
51.5953
52.685
51.7882
50.2006
52.2091
50.5636
51.9245
50.4351
50.1817
51.1005
50.9755
49.3748
50.0134
50.544
51.9268
52.8442
51.6125
50.5257
49.9865
51.3286
51.7835
50.5041
49.7825
51.0167
51.6877
52.0708
51.7033
51.6568
52.5158
51.5287
51.9304
51.128
50.9414
50.1422
50.1341
50.6875
51.9126
50.8328
50.8959
52.6055
49.3632
50.5931
51.2311
52.3262
52.9048
51.9458
50.3838
50.813
51.7895
53.0821
52.9933
52.8558
52.3628
52.1721
51.7795
52.2273
51.1133
49.3596
50.5822
51.5483
51.2015
51.1732
51.6681
51.4883
51.351
50.6728
51.8658
51.2892
51.2145
51.1402
51.8965
52.771
54.6758
52.5072
51.5622
50.9017
52.234
50.3857
52.2708
51.5812
53.5527
52.1982
51.6705
51.4055
50.2399
52.0995
52.1135
52.6885
52.3729
50.4965
49.6816
51.9646
52.703
52.0925
53.0363
52.9256
51.4072
51.3975
51.9797
51.5797
50.7077
49.7897
51.831
51.2831
51.0992
50.5971
50.1957
50.5691
51.914
51.7719
52.2719
51.7828
51.4658
55.109
52.5123
53.0943
53.1936
52.9577
51.4213
52.4318
51.6744
52.7708
51.1356
52.2444
50.8921
52.2732
51.4823
51.8775
52.0946
50.7029
52.0182
51.9325
51.0906
50.8972
50.6994
51.414
50.7829
50.8356
50.8977
50.9921
50.4591
50.187
52.2551
53.1758
51.9527
51.8584
51.7674
51.898
50.0334
51.9264
50.8467
51.5272
53.0111
54.1137
53.977
52.8767
51.8674
50.4737
50.8464
51.5823
52.4079
51.6542
50.559
51.1002
51.051
51.7759
51.6528
52.573
52.0667
51.1417
52.3767
50.4682
51.8946
51.8321
51.6883
51.7494
54.7293
51.0861
52.599
51.7261
50.401
52.146
52.4303
52.1979
52.1103
51.7051
50.7257
51.1415
50.152
52.3846
51.4904
51.0028
50.9019
52.8409
53.0307
51.7402
53.1415
52.1437
51.1979
51.7606
51.2435
50.8914
50.7437
53.0043
52.6461
52.4698
53.1613
52.1043
51.8108
51.6317
52.1775
52.059
49.9647
51.1226
51.135
52.2998
52.8281
51.8519
52.4166
52.4184
52.9697
51.6897
51.4801
50.853
52.3261
52.6905
50.6167
52.9994
53.2602
51.8293
51.9334
53.8192
50.7535
51.1459
50.5254
50.8241
49.5866
51.6631
53.8884
50.9222
52.0512
53.2217
51.632
50.534
49.9649
50.2784
51.3861
50.8827
52.0087
50.9009
52.1585
52.3819
50.7636
50.6729
49.5198
52.2464
51.1384
52.3684
52.1854
51.0871
51.7596
50.5419
50.7333
50.3976
49.3072
52.0054
50.8068
51.1064
50.4394
51.5638
53.0858
51.6979
52.0395
51.3092
51.3375
51.2173
50.9843
51.6639
52.396
51.9131
50.0464
50.3764
51.436
53.8597
52.9459
51.6226
52.6059
53.0744
53.1889
51.6186
52.435
53.0116
52.6478
51.1699
50.2982
50.5219
51.7813
51.8226
53.3171
54.2568
51.7349
50.8545
51.1269
51.4504
51.5188
50.7869
52.9969
53.0847
55.0934
52.38
50.5505
50.6062
53.1112
52.8856
51.3076
51.9204
52.9132
52.9156
52.5161
53.7666
53.1312
52.9641
52.5116
51.9296
50.6855
51.2169
51.2539
50.3179
50.8522
50.6145
51.2795
52.0198
51.4925
52.1718
51.7775
51.3784
51.5758
51.5118
50.98
50.8724
52.0354
53.1554
52.0793
53.0681
52.1023
52.5251
53.9903
52.9013
52.5584
51.5889
51.2998
52.8409
51.6862
50.6854
52.3094
51.6526
51.1286
52.3097
50.1101
50.4318
50.3139
51.3866
53.2584
52.0808
51.841
51.3285
50.9426
51.4841
52.1982
52.2494
52.9234
52.423
54.8937
53.1023
51.1403
50.3372
52.0988
52.4261
52.0716
50.2268
51.5504
52.2036
51.613
51.252
50.0861
51.2512
51.8659
52.9221
53.4656
53.3868
53.2146
51.3059
52.8502
52.5867
54.9546
52.5286
52.6806
51.0901
51.7971
51.3432
52.1914
52.4449
52.7415
51.7619
51.492
51.2578
51.6064
50.3083
51.6404
51.0209
49.6582
52.2949
52.8854
50.1689
51.059
51.6912
49.7578
51.1697
51.5562
50.9383
51.2371
50.8245
49.795
49.7903
49.8311
50.6615
50.3119
50.986
50.6551
51.883
52.1415
53.0947
52.4891
51.1511
52.4002
52.6971
51.4636
54.0422
51.2083
51.6323
51.8355
50.8955
51.6465
51.3405
52.2299
53.3428
50.2566
49.8148
51.3751
50.5858
49.576
50.3754
49.815
50.6289
51.8958
53.0993
51.9101
51.205
53.0152
52.1555
51.7109
52.1197
50.7588
51.1898
50.228
51.4614
51.321
52.5307
52.3893
52.2375
51.3583
52.367
49.1179
50.9137
51.5182
50.9299
50.7681
52.6113
53.5425
51.3397
51.4069
50.729
53.0749
52.6506
53.5737
52.1934
51.0264
50.5578
51.3023
51.8856
50.4695
52.1609
52.0953
53.5669
52.816
52.3071
53.0803
51.0487
50.5801
50.4633
52.8136
52.5164
51.777
52.7804
53.8121
51.0058
48.8626
52.4132
51.478
51.5332
52.0581
51.7159
51.3678
51.4871
51.2256
51.9006
52.9041
52.0057
51.676
50.8779
51.286
51.463
52.0507
52.5573
50.7222
52.0214
51.6428
49.5521
51.8963
50.0638
51.6844
50.8104
51.124
50.3571
52.9677
50.9628
50.2644
50.1666
49.4993
51.2758
52.4574
51.6888
52.4416
52.3402
51.9673
52.7895
52.6538
51.9054
52.7967
52.378
52.6941
51.8584
52.5718
52.8241
51.9847
52.4315
53.4429
51.8044
51.3225
52.9398
50.7057
49.9241
51.1063
52.8754
52.1034
52.4493
51.3148
52.3849
50.6873
50.3585
51.3715
50.4351
52.3634
51.4774
51.7322
53.2936
54.3201
54.8751
52.6818
51.2975
51.6742
50.6266
50.1471
50.79
51.6365
52.3558
51.0514
50.8064
51.4201
50.6126
51.2046
52.0226
55.4597
51.9868
52.8402
51.3209
51.6651
51.5621
52.6152
51.5095
52.1182
51.3715
52.653
52.4952
52.7821
51.7767
52.2489
52.8375
52.9436
52.5161
52.7301
51.6851
52.3904
51.998
51.9542
54.0268
52.0781
53.2272
51.7423
53.2517
51.8763
51.1367
49.8244
51.9152
51.7866
50.378
51.2875
51.4566
51.7229
52.1134
52.7428
50.6596
51.771
51.0366
51.6041
53.1719
53.1526
53.9876
53.8215
51.235
54.005
52.7977
52.5555
51.3031
51.293
51.7591
52.6335
52.8711
50.4215
51.1581
53.5079
51.4586
49.6153
51.7676
50.9719
51.5205
50.1211
50.4122
51.1584
50.0691
49.8713
52.288
50.895
52.6207
48.9376
51.4429
50.9507
51.8115
50.9568
53.3934
53.3819
52.5088
51.8477
51.762
52.9376
54.3858
52.1282
52.1024
52.9651
51.6771
51.5925
51.8877
53.1205
49.9773
50.4064
51.7907
52.4477
51.011
50.5247
52.4258
52.7435
51.3576
53.1755
53.7712
51.5274
50.1951
50.5148
51.0963
50.6767
51.1292
51.2166
51.8237
52.3051
53.0166
51.0868
51.106
53.2268
53.7718
53.5079
49.7828
52.521
52.4395
52.5681
50.9929
51.423
50.984
53.1183
52.1619
52.2361
52.3792
51.4727
51.4048
53.2462
51.1577
50.47
52.0062
52.7994
51.7331
52.3724
52.2902
52.4537
52.1605
50.549
51.2929
51.4768
52.0318
49.6291
49.4923
51.908
51.9708
51.648
51.7999
52.1139
50.2724
51.0611
51.525
55.972
53.1715
53.5923
52.2678
52.4398
50.8205
51.7587
54.4563
53.7275
52.6348
50.2533
51.3018
51.4221
50.589
52.6176
53.7049
51.4095
50.3826
50.5821
50.5309
52.3316
53.135
51.1309
51.235
51.1871
51.3023
50.1773
50.7361
51.6232
49.9639
50.9824
50.9229
51.2473
52.0692
50.2592
53.532
53.8736
53.0614
50.0814
50.4937
50.8875
50.8614
50.7908
50.3411
52.4575
51.5746
51.2047
51.4564
51.9639
52.0751
52.1096
51.5396
50.9856
50.7423
52.38
51.346
50.5657
53.1948
51.9403
53.6794
51.4255
51.0996
50.681
52.0269
51.9485
52.4896
53.1652
51.7517
52.0874
51.9322
51.8163
52.9831
52.0746
51.3484
52.0339
52.7502
54.3164
52.6423
50.7147
51.5693
52.3511
51.9739
53.0389
55.5913
51.7408
52.3642
53.2123
54.4277
51.727
51.9129
51.8034
52.4977
50.3442
51.5319
53.1471
52.6995
52.9311
52.545
51.2476
51.7157
53.8005
54.6348
52.4399
53.3095
52.8087
52.742
52.2358
51.7641
51.2817
50.8803
51.1988
50.5054
51.0448
50.9753
51.6323
50.303
51.8375
52.583
51.7376
51.9152
51.2054
52.0114
51.5087
52.2397
51.2967
49.6684
50.6797
50.632
53.4096
52.4117
52.3185
53.0711
52.0916
51.6178
53.226
52.3083
50.8917
52.067
50.8667
52.2531
50.5461
53.1815
53.4522
51.174
51.726
50.9422
51.4545
51.2431
51.1165
50.9898
51.6604
52.4835
52.2559
51.1482
52.1644
51.2217
53.5634
53.6863
52.1466
51.5341
51.6547
52.657
52.1045
52.8981
50.5545
50.5858
52.4089
50.7046
51.6662
52.5207
50.7325
50.7865
51.4313
49.5793
51.448
50.4796
52.2443
51.9551
50.7172
50.894
51.2333
52.0734
52.6458
51.2386
50.1639
49.8661
52.0059
49.7443
51.3732
52.3292
52.2673
51.8383
50.7343
51.7127
51.2444
51.7164
50.5437
50.6346
53.5425
49.5492
50.2877
50.3242
52.1506
50.2324
52.1115
52.419
51.7622
50.0027
51.2898
52.6352
50.8648
51.8347
50.8946
52.586
52.2177
50.1666
51.0444
52.9058
53.6208
50.6096
51.5778
51.041
50.1565
50.385
50.3952
51.3212
51.1048
51.599
52.9158
52.5293
52.2696
51.8632
52.5935
53.0132
50.0066
51.3191
52.6051
50.3056
50.5669
53.3327
53.2916
53.925
51.4682
52.9933
50.5545
51.5325
50.975
53.1497
52.7806
52.9191
52.1448
53.2446
52.0807
50.5963
52.4791
52.62
50.9277
51.4063
52.3779
52.036
51.2959
52.2368
50.7953
51.6444
51.3402
52.5891
51.4341
54.0938
53.9121
52.1006
49.7165
50.4065
51.5035
52.9019
52.1247
51.8139
52.1273
52.1812
53.663
52.3612
52.9341
50.3577
50.7518
50.8392
51.0967
49.7549
50.5842
49.9028
51.4165
53.2154
51.8358
51.5618
52.2096
53.4857
51.5752
51.9406
53.0011
53.2309
53.4893
51.007
50.8822
53.442
52.2582
52.622
50.8434
51.4185
51.899
52.7024
52.2609
51.2784
52.8185
51.7675
50.5383
51.1648
52.6892
53.4251
52.1045
51.8201
51.7962
53.0679
53.3057
54.4081
53.9811
52.8666
51.654
51.6757
51.3765
52.097
53.5098
52.4267
53.6523
51.4971
51.9626
51.0056
51.0604
52.5929
51.4093
50.727
51.0068
51.8806
50.9603
51.1816
51.3665
52.5104
51.0514
50.7932
51.756
50.4424
51.2136
50.2561
50.393
52.4342
51.8412
51.3716
51.7278
50.7997
53.6858
52.3822
50.6337
52.5731
52.5671
50.8018
51.2766
54.3803
51.4444
51.6338
52.6536
50.3098
50.0464
49.3469
51.8533
52.192
52.064
50.7863
50.8608
52.7477
53.0352
51.4153
51.5148
50.138
49.3394
51.1218
50.4922
51.4301
51.942
52.1397
51.8319
51.6858
51.9576
52.0128
52.1857
52.4405
51.1125
51.8377
51.4557
51.9293
51.2627
50.8004
50.0108
51.7046
53.9003
52.9487
52.8287
51.4782
50.9182
51.4402
51.7206
50.0569
51.3406
49.9833
52.5614
52.8629
53.1224
51.1203
50.9263
51.0312
49.7511
52.5548
54.3504
53.0108
51.004
50.4153
50.217
50.9577
51.8067
51.4189
53.5785
51.6595
51.1447
51.6619
52.3833
50.8679
52.3983
52.0673
53.3135
52.2873
50.3551
50.9874
51.9352
51.9943
52.3035
51.793
51.595
52.1313
50.2835
50.4047
52.0055
49.8663
52.0732
51.9625
52.0686
50.7255
51.5003
52.3629
52.0037
51.3349
49.2699
50.7816
51.921
50.3165
50.2335
51.5273
51.3659
51.6314
51.7342
53.1681
52.4135
53.1071
51.5368
50.7501
51.2608
51.9598
53.9236
53.0007
52.7708
52.4858
51.9858
50.8932
51.0151
51.2738
51.8551
51.5014
53.6573
54.1808
53.8308
53.7999
53.1164
52.4726
54.3907
53.745
52.1034
50.7791
50.8149
52.337
52.8362
51.5682
52.1751
53.0031
52.565
52.8158
52.91
51.3762
51.0992
51.6681
51.6176
51.5681
51.5858
52.8564
52.5673
51.3182
51.1054
52.1567
52.4573
51.2972
52.0566
52.4165
51.4598
50.877
51.0569
51.1058
51.452
50.8718
52.4968
51.8007
51.0407
51.6215
52.1635
53.2175
50.9292
51.7254
53.2218
53.3363
51.9871
51.3492
51.302
49.9462
49.7288
50.0779
51.6469
52.3875
52.6715
52.9379
52.0536
51.5225
51.3665
50.6838
50.297
49.2017
51.2402
50.1303
49.2
51.0965
52.9708
52.0119
49.7935
50.4472
53.4949
53.3262
52.9732
51.7647
51.6286
51.9755
53.57
51.5052
51.4682
51.3208
51.5493
50.7024
50.9461
51.8646
51.4505
51.7112
52.0621
51.245
50.544
51.0832
52.3462
51.9432
52.6816
51.7881
51.2511
52.271
51.4753
51.8229
50.5715
51.6456
49.9501
50.3238
51.343
53.0655
52.1572
53.4005
51.5228
49.2386
49.7677
50.1126
51.1038
51.9809
52.4401
52.0501
52.6692
53.0201
53.3771
51.6773
51.1256
51.0028
51.3567
51.984
54.0582
51.3931
52.9083
52.8558
54.096
52.1446
50.7337
50.4848
50.6181
52.67
51.1502
51.7919
53.027
52.4646
51.8475
50.5976
49.7525
52.0434
51.9978
51.5795
51.6241
50.7883
51.4357
50.4939
52.2598
50.4322
50.2185
52.0185
51.4517
50.3361
50.5939
50.011
51.4392
50.6652
51.4093
53.6709
51.1075
51.9058
52.9229
52.6503
50.9872
50.303
50.5271
49.8456
50.5881
49.8011
52.6209
53.0391
53.1116
52.2572
52.6487
50.7255
52.6184
53.7881
51.1343
51.2177
51.7629
51.3445
51.2611
53.3519
51.2803
50.4625
52.4537
49.584
50.2161
52.0765
54.543
54.4713
54.6381
53.3128
51.7584
53.1339
50.2276
50.4498
49.7085
52.6555
51.1575
51.3244
51.0424
52.3073
52.1092
52.2335
51.0642
54.0341
52.7911
51.1733
53.163
51.7888
52.6057
51.3015
51.3862
52.0706
51.6552
51.2588
51.0205
51.6791
50.6382
51.8725
51.3385
51.7502
51.7928
51.5103
51.1778
51.8079
51.3201
50.5849
51.681
49.5167
51.3169
50.7626
51.2324
52.1599
52.041
51.4402
50.9309
50.6291
51.3962
50.8182
51.9537
52.0168
52.1338
51.3631
51.2111
50.4744
51.3858
51.2901
52.4504
50.3578
51.1367
51.4761
51.1903
52.572
51.8869
51.773
53.6777
52.6601
52.1405
52.6797
53.0422
51.0102
50.608
51.2935
51.7723
52.0669
51.1014
52.6377
50.9311
49.7978
51.4776
51.1192
51.1739
52.2605
52.22
52.6266
49.8812
51.1287
51.0208
49.8809
51.9785
52.4912
53.7087
52.1789
51.9895
51.1628
50.0891
49.3849
51.2297
49.6939
51.6197
51.8286
53.0237
52.1608
52.607
53.7369
52.5434
52.4913
50.9918
50.8251
52.2991
52.1111
50.7841
51.0015
52.6837
52.2665
51.9273
50.7552
51.7015
52.3675
52.0464
51.276
53.0603
52.9208
53.0922
52.3054
50.6416
51.5647
52.3787
51.9333
52.7911
50.7735
51.3608
50.9218
51.6815
52.2903
50.9782
51.8429
50.4081
52.2167
51.2715
52.2426
52.8156
51.0763
51.3591
50.6865
51.5374
52.3626
51.1858
52.097
50.7299
52.5306
53.9119
51.8897
52.2586
51.969
51.355
50.2372
52.0866
51.7006
53.0537
50.5935
51.2971
51.3317
49.9181
52.5884
55.2565
51.893
53.445
52.434
53.4074
50.9994
51.3329
52.8318
51.9465
50.1402
52.0126
51.446
50.9503
50.0325
51.4864
52.7434
51.241
50.5176
52.9412
50.3588
51.8307
54.4566
50.8136
50.3623
51.7878
52.4704
51.5814
52.2659
52.4036
51.6993
51.3612
52.3525
49.4989
51.2006
51.6184
52.144
51.6951
52.3897
52.3258
52.0285
52.2859
52.2551
52.5024
51.8339
51.044
51.0003
51.48
52.8346
53.8899
52.3678
51.4824
52.966
52.2493
51.1597
53.6695
52.6389
52.5522
51.6819
51.5096
49.1266
51.4105
51.8266
50.4878
51.4601
51.0713
50.7307
51.386
52.311
52.6472
51.4835
51.9061
52.1646
51.612
50.3398
49.6833
50.522
50.6981
50.4534
51.3106
53.1238
54.0542
53.5767
53.0217
50.6289
51.619
51.6962
50.8474
51.3994
51.7182
51.1906
52.8354
53.8887
53.5986
50.326
50.7972
50.9236
52.1001
54.0556
52.4196
52.8572
53.219
56.1221
52.2584
53.8056
50.3258
51.1227
52.5321
51.9792
52.0388
52.2696
51.754
51.9349
50.0063
50.3995
52.0136
53.0725
53.7716
49.9682
51.6828
52.8691
53.2103
53.9204
51.7089
50.6955
50.7109
51.2026
50.1318
50.2312
51.6589
52.215
51.4096
51.6976
50.3036
50.6592
51.863
51.5143
51.2551
50.1357
49.7584
49.5557
50.7683
51.1595
50.0779
51.964
51.3766
50.6748
50.5382
52.4608
51.6972
51.0321
51.0969
51.7392
50.7918
51.5363
49.9193
52.5173
52.5991
52.2476
52.0317
52.8433
53.5117
52.2967
51.3034
49.0289
52.3295
53.4359
50.7358
51.2274
50.9887
51.3266
49.7109
50.254
50.2039
51.3619
49.4649
50.8812
50.7653
49.7059
52.2659
53.0871
52.0947
50.6753
51.2406
50.7735
51.6001
53.1997
52.7502
52.3853
52.2032
50.7751
51.7222
50.5783
51.0031
50.8074
50.5212
51.7974
50.0546
52.6066
52.2911
54.079
53.248
51.5939
51.7359
51.8469
51.2944
51.8645
51.9527
52.3492
51.8397
53.3123
54.1572
51.9435
50.8373
52.5395
51.929
54.1275
53.0029
54.7135
52.1489
51.6401
51.3706
52.7169
50.3141
50.531
51.0647
50.7208
50.8115
50.5463
49.9651
50.779
50.5447
51.9302
51.7111
53.4278
53.0685
52.6939
50.2247
50.8443
52.7889
50.7691
52.5839
50.9222
51.3369
49.3873
50.1031
50.8036
51.0965
51.2306
51.1874
50.1883
50.5226
51.5362
53.1268
52.2949
52.1483
51.6514
51.1311
50.7261
51.6727
52.9115
54.3085
50.306
50.9015
50.7766
51.4591
53.5497
53.0796
52.8063
53.9253
54.1773
52.9555
52.0422
51.275
51.2523
51.3976
49.4757
50.0788
51.6561
51.7337
51.9178
52.8747
53.5493
50.931
50.5367
49.4671
50.0605
50.314
50.4636
51.142
50.631
53.6006
52.5839
51.1105
51.275
52.3852
52.0925
53.0771
50.5472
51.7754
49.8775
51.4785
51.5654
50.5946
50.9607
51.79
50.2264
50.1509
50.6258
49.888
51.3433
50.7146
51.3618
50.5656
50.743
51.336
51.4224
51.1381
53.9265
54.9045
54.1052
52.1632
51.269
52.3687
52.3536
50.3752
50.0028
52.0039
52.129
51.4527
50.4145
50.0304
49.8326
50.6733
51.8778
50.8176
51.8176
50.9034
50.6844
51.7208
52.152
51.3453
50.7278
52.8728
51.2792
49.9704
51.4341
51.6898
50.291
50.7486
51.0394
50.9308
51.7439
51.8572
50.8455
49.9203
52.2477
52.404
52.0696
52.5645
50.3622
53.6363
51.1904
51.3537
50.0408
50.7997
50.7403
49.877
49.8245
50.7351
50.5672
50.3919
50.7954
50.2342
50.37
50.3715
53.6458
52.4096
51.9298
51.0017
51.1304
51.363
51.4194
51.1924
51.3993
51.2875
51.5914
50.4698
51.4287
51.1725
53.7493
54.938
54.0962
51.4248
51.2748
51.1271
50.9424
51.9101
51.7205
51.7483
52.3761
50.9356
52.6137
52.8436
52.083
52.6305
52.2647
51.3548
50.73
52.7962
51.2104
51.901
52.5878
53.0546
52.5679
53.7314
52.9348
52.3243
52.1318
49.4303
51.5239
51.8343
50.1829
53.0349
54.7641
52.6671
53.0322
51.7724
51.59
53.0692
52.4049
53.6563
51.8339
50.8183
51.9434
51.2805
51.3325
51.7307
51.1589
51.1408
52.0555
51.9404
51.6682
53.7605
51.1732
52.5451
51.4666
51.0652
53.8824
51.2353
52.2749
52.2539
53.1285
53.9707
52.5466
52.851
52.6385
51.1522
51.3558
51.4889
51.8469
50.3022
51.8659
51.6542
52.3665
49.8672
50.8685
50.3671
51.4643
51.1866
52.536
52.4989
51.0501
52.52
52.1309
50.7512
50.2911
51.2752
51.7421
51.6829
50.9135
51.0173
53.1515
51.83
51.2836
51.1388
52.0366
52.2344
52.9415
53.9193
53.3856
53.6376
53.2859
52.3739
51.2582
52.5903
52.2443
52.9941
52.5092
54.4254
49.4577
52.5696
51.1413
51.2
50.3967
51.2637
52.236
50.1963
51.275
51.4247
52.0212
52.2329
49.7627
52.7103
52.2267
53.0067
54.2596
54.1282
50.2682
50.9158
53.0431
52.0436
51.7237
51.1262
50.8597
51.7953
50.6642
49.9837
50.3255
54.367
50.7726
51.5905
52.8446
53.0161
50.219
49.8453
51.8481
50.8618
51.469
51.976
51.3889
50.9812
52.9333
51.8715
51.3206
50.4268
53.0023
51.9321
51.9434
50.7916
51.7595
51.5581
51.6872
50.8785
52.4181
49.6284
49.8781
50.5249
51.898
50.641
52.5782
52.6177
52.5766
51.3784
52.2468
51.4565
52.9097
53.0101
52.8488
51.4431
49.7272
51.4034
49.9556
50.4977
51.1663
51.4747
50.1526
50.3319
51.1076
52.6243
53.1374
52.7375
52.6954
51.5631
49.742
50.9475
50.6236
51.908
51.8275
52.8016
52.244
52.7044
51.3396
51.1618
51.9902
51.0038
52.7689
52.267
51.4667
51.2545
51.7359
51.3929
50.9611
50.5959
51.7896
51.6491
52.6195
53.0858
52.0085
50.8314
52.1207
50.8017
52.2595
53.1184
54.1231
52.1954
52.5849
54.6141
51.9252
50.7776
50.894
50.7288
50.4874
52.3028
51.4225
50.0158
51.8164
49.9846
50.6822
51.7875
50.7846
51.9751
52.2821
51.9734
53.0015
52.0579
52.6478
51.9442
49.9148
53.9214
51.319
51.1001
50.7927
51.5367
50.8529
51.9357
52.8037
52.2598
51.3399
52.3
51.2597
52.0209
51.3776
52.2397
53.6499
52.8215
51.8152
50.5322
52.4166
51.9798
51.6119
50.8855
53.1897
52.7808
51.9361
52.6968
51.3221
51.6406
51.3068
51.4046
51.5668
51.3561
51.249
51.3558
50.5893
53.2574
52.2192
52.4708
54.3907
52.8363
52.9669
52.3657
50.1187
51.6182
52.0539
51.2033
50.8139
50.8593
51.6915
51.7216
51.3371
53.0852
53.2426
52.2904
51.4957
52.9788
53.55
53.3103
51.8456
51.3611
50.6857
51.3921
52.4494
52.2258
52.1369
51.0446
51.9882
53.7264
53.4869
51.5606
52.5496
52.2545
51.8578
50.5442
49.7928
51.1092
51.5254
48.9341
52.9705
52.9073
51.6754
51.8929
51.3034
50.0693
49.9727
51.5135
51.7274
51.2654
50.9646
52.7822
51.9823
50.5867
51.0158
51.5246
50.6053
50.7989
51.0244
51.5496
51.4772
51.4037
50.8155
51.9767
52.9562
53.69
51.9274
51.5675
51.5397
51.4727
50.8331
50.8561
51.7285
51.8782
50.7556
50.935
52.0157
52.4876
53.3078
53.007
53.2179
52.0265
50.5077
51.0113
50.7142
50.4517
51.7452
50.9185
52.2683
52.6249
53.1007
53.8812
53.6392
52.3768
50.6923
51.9151
51.555
51.6285
51.4975
52.2248
51.3362
49.6081
49.5706
51.4384
52.7252
51.8532
51.7894
51.8976
50.3741
51.4638
52.8014
52.6327
51.8403
52.2524
50.2142
51.7322
50.9787
51.2722
52.6339
53.2117
51.386
51.4665
53.045
53.5597
53.1024
50.7588
52.0828
53.0312
51.8611
50.1712
51.9306
51.9952
50.7523
51.1501
50.4139
50.896
51.2416
50.8719
51.4022
51.2858
51.7158
51.65
50.8469
53.6042
52.2542
52.6317
52.1078
52.2652
52.5057
49.9505
51.3427
52.0482
50.8408
50.684
50.3988
51.0472
51.227
50.7656
50.2264
49.7999
52.7752
51.6062
51.3323
53.7906
52.2094
53.5877
50.6231
51.258
52.6353
52.0189
53.4821
51.6949
51.3603
52.4766
53.3319
51.0198
51.1144
53.5093
52.8209
52.4629
53.4799
49.856
52.2177
52.1305
52.8539
51.2643
50.4213
52.0202
51.6877
52.2256
52.3822
52.1123
51.682
51.9902
51.7575
52.5542
51.3037
50.8991
50.6935
50.9979
50.4014
50.9343
50.2327
51.0752
51.673
51.5822
52.3366
51.1135
49.3385
51.9254
51.5874
53.8678
53.8808
52.2327
50.0081
50.7373
51.2635
51.4983
53.4086
52.3327
52.4268
52.6898
52.5487
51.6193
50.6151
51.2233
50.3272
52.6241
52.2592
51.5975
52.5953
51.7112
51.9356
51.2783
51.7224
50.9398
52.5564
52.6873
51.9997
52.3937
53.0434
52.3715
51.8506
52.9659
53.3785
53.3874
53.2085
52.6314
53.2139
52.3324
50.9396
50.6105
51.7993
52.3222
51.7
50.7752
