162.127
153.834
146.572
140.413
137.253
133.668
128.815
124.929
122.714
120.114
116.616
115.175
111.395
109.137
107.062
103.494
102.788
102.54
102.459
101.416
100.81
99.1456
98.0939
99.8178
98.2328
95.2392
92.9822
92.3527
91.6172
89.4146
86.7755
85.6404
84.5402
81.6705
81.9788
81.9068
80.7009
82.0296
79.5814
81.1277
80.3865
76.2025
78.2305
78.354
79.6079
78.5363
78.7651
79.7682
77.6517
77.2231
76.0315
74.354
76.8753
75.7448
73.7394
73.6714
73.6177
72.9088
72.0018
71.9859
73.1419
70.8542
71.5047
71.2315
70.3104
72.4237
72.5475
71.7138
73.8199
72.7743
72.0543
72.9578
74.2414
72.5034
74.2854
70.897
71.6056
69.5378
69.3975
71.0269
70.987
73.1593
72.8609
73.7022
68.5368
68.3111
71.5508
71.5587
72.9183
74.7493
74.1779
70.7763
71.4969
69.4494
69.865
71.023
72.079
68.6955
70.1273
70.7151
71.9982
68.5247
73.2983
68.5744
69.2985
68.7806
67.5317
69.2377
66.9969
69.3297
68.6174
64.8205
66.7476
69.2775
66.3574
68.4337
67.5095
68.3011
68.7108
67.6989
68.7659
69.717
67.034
67.0585
69.0618
67.1657
67.6252
68.5941
67.8772
66.8681
65.9811
67.9003
63.448
64.1959
62.256
67.1356
66.0306
65.9863
64.2532
64.7891
65.5553
66.6074
68.679
65.8886
67.6003
66.4207
64.9273
63.8086
63.815
65.4129
65.2677
65.173
64.1816
66.1042
66.2774
66.1957
65.2034
66.1675
66.5074
64.3978
65.5036
62.4215
63.3307
65.3522
65.9814
66.8736
69.1232
67.9125
65.5505
65.5009
66.4184
66.5011
63.9136
66.7869
66.7171
64.3707
64.118
67.7489
66.7059
64.574
66.5475
66.7851
68.6791
65.945
64.7472
63.964
64.3601
63.6638
67.5942
66.778
67.323
69.6092
71.9394
67.855
66.572
68.7632
67.4688
65.9361
67.8493
65.8156
67.3666
70.3049
67.0284
65.6243
68.722
66.1764
64.9294
65.1263
66.2228
69.1463
66.9967
68.9027
66.622
68.5372
66.0194
66.832
66.6462
65.6301
64.6773
65.1814
66.6886
65.0592
67.1065
66.2788
64.5415
64.0763
65.3364
69.9841
66.4519
66.6005
64.0617
62.514
62.7981
64.0373
64.7641
65.8323
63.8031
66.4305
64.3415
63.1636
66.2172
65.7419
66.2863
66.7218
65.375
63.7813
63.8761
63.7646
64.7638
63.7982
62.4711
65.5912
66.008
63.8119
64.2869
63.223
67.9031
67.175
65.7285
68.9225
67.0855
67.5711
67.3166
68.1412
69.3185
69.565
67.1506
64.2824
66.3517
67.9876
67.5208
64.9698
65.2996
65.245
66.5344
67.2013
70.3448
68.1826
70.2991
67.107
66.9774
66.4692
65.0305
65.1681
66.1377
68.8241
67.322
65.5798
67.073
66.6295
68.5291
68.297
64.7991
62.5719
65.0406
66.1223
62.1603
64.4762
65.2453
64.6269
67.2456
64.5919
67.9329
67.2111
68.6575
68.6845
67.8864
66.8074
68.0826
67.1046
64.3879
66.4849
64.0683
65.1083
67.3126
68.1543
67.861
66.8064
65.6695
65.6716
65.9099
67.3357
67.8085
68.2394
64.7585
67.0389
67.6929
65.7124
67.1051
67.8746
67.299
65.9007
68.2821
66.9694
65.5524
64.3023
67.5352
66.8512
67.0613
64.2166
66.8854
66.358
69.6598
66.9985
69.2647
69.0402
64.5221
66.3135
65.8129
65.472
67.774
68.4154
68.0948
65.6737
67.0062
66.7227
70.1544
65.2458
61.3558
62.4131
64.4801
66.6373
67.0073
67.4514
67.0272
66.0993
66.2466
66.3995
67.9178
65.5236
64.944
67.3208
66.8461
66.3642
64.4547
66.0722
66.3339
66.384
67.5543
64.5862
66.5678
69.0432
67.0025
65.5531
65.2168
64.08
64.6688
67.1863
66.6872
67.7928
65.9672
65.0811
65.6274
67.1853
64.0427
64.5478
63.8378
64.3826
64.9586
66.049
67.0702
69.3602
69.392
68.0106
67.9313
66.6159
64.2926
67.1222
69.077
69.2159
68.4626
68.9014
71.5618
67.3728
67.3005
69.1241
66.9097
65.9854
68.7879
70.7656
67.8859
66.6043
65.3822
63.4905
63.0513
63.9796
66.9171
65.0008
65.7953
65.7243
65.1466
68.2378
65.8935
65.8612
65.7057
64.3053
65.6986
68.1743
66.356
65.5234
65.7259
64.9161
65.3063
67.1858
69.6945
65.0889
69.0677
67.1958
67.1416
63.8983
64.7964
68.0414
66.7906
66.4512
71.7596
66.7976
68.4957
67.3156
66.954
66.0987
68.3251
67.7048
65.8685
70.699
68.2264
65.3876
62.4213
64.3751
66.3534
65.7292
66.9024
66.617
65.327
66.4089
65.5561
67.4136
68.3216
63.2225
64.6809
64.9484
65.7217
65.0602
68.2337
65.4651
65.7702
66.9541
64.4069
65.2184
66.4117
66.5275
66.4638
65.8562
64.0821
66.8166
66.8983
66.6422
68.6753
68.6918
66.5993
67.0784
66.0718
67.0915
67.2762
67.4324
66.7932
65.6715
67.8086
68.1972
66.2515
65.5707
65.475
66.1785
64.5866
65.9007
64.7327
65.3264
66.8097
68.1495
64.502
64.1144
66.6079
66.0557
65.7952
64.284
67.9329
67.1768
67.3763
64.6741
63.0309
64.6562
63.9568
63.9114
64.8287
63.6117
65.2327
63.2529
66.1827
64.0746
65.0972
67.1819
64.6558
64.6569
66.6941
66.8509
66.3459
66.3908
64.4458
66.7685
64.6612
63.8445
63.9563
66.238
64.2074
64.3972
63.708
64.5106
67.8847
65.354
65.2297
68.5866
64.5969
67.6819
60.9895
63.5207
62.2657
62.8527
63.5069
61.6573
63.3187
62.6285
62.072
60.8741
61.8883
64.8417
63.5349
63.6337
66.2527
65.9534
64.246
66.7218
65.7372
65.4443
64.4158
63.7659
67.2757
65.9793
65.6302
66.2131
65.3487
61.4433
64.204
63.2943
64.9595
64.3317
64.8177
62.6022
64.5391
64.2387
64.4914
62.6711
62.8581
65.959
65.3906
64.2051
63.9586
62.8393
64.7272
63.6301
61.1385
62.854
64.5168
63.4538
64.6916
65.0648
63.862
64.9824
62.6193
63.5129
64.3334
64.702
64.5163
67.2144
62.4995
63.3057
64.4266
66.0547
63.7369
63.7506
66.6275
67.4766
68.0643
63.7686
62.8988
62.7764
64.1792
62.2091
61.8773
63.2908
65.6522
65.9043
65.4961
65.3214
65.2766
63.6483
63.619
64.5329
62.0293
65.5361
64.0838
64.9129
63.0313
63.2862
63.7435
64.5811
62.557
64.1811
65.4458
64.9219
65.9719
64.5077
63.8892
62.2847
62.1974
64.6616
67.1615
64.9288
66.8972
65.9641
64.521
63.819
65.224
67.3039
64.5958
63.6771
64.7847
64.1239
65.6687
65.7467
64.5417
65.4236
65.4237
63.6972
65.6503
62.5684
65.4203
63.4241
63.1315
65.8411
65.997
64.7845
64.8021
66.6104
65.7378
64.575
63.283
62.6994
66.2515
67.2958
69.5847
68.5444
65.5111
65.7057
64.0772
62.8551
64.8312
67.0047
67.6061
64.3264
65.1072
66.0917
66.0036
66.0469
63.4087
64.5343
63.8191
66.0596
64.0869
62.6312
65.5177
65.5061
63.0461
64.0261
63.3395
62.2907
63.4753
64.2358
64.638
64.3669
62.8427
64.7022
64.5274
65.0221
64.7528
67.6102
63.6776
64.551
63.611
65.5875
64.6859
63.0472
67.5742
63.6691
62.8338
64.671
64.4462
63.1286
64.7508
67.2579
65.7425
65.6659
65.0431
65.0866
65.4475
63.3453
64.7052
66.4244
65.7684
65.3789
64.6403
64.635
65.6396
63.6398
62.0742
63.5461
65.6488
62.6479
65.8001
67.3915
68.6045
66.1781
67.5409
69.9642
68.9513
65.5768
67.1439
66.2444
64.255
63.175
64.3883
65.48
65.4735
66.8679
66.4263
66.6292
65.7394
63.2035
62.1197
61.1023
65.7427
65.2906
65.9391
63.0818
63.4947
65.4744
64.7716
62.7638
63.3175
62.1019
64.0445
65.8518
66.8725
65.1197
63.496
64.6013
65.2051
63.618
65.3851
66.6584
67.4837
63.8352
65.2044
61.187
64.0627
69.583
68.3421
66.7427
67.8096
64.887
66.2909
63.0158
65.2582
62.2629
62.832
63.5532
63.0074
63.924
66.3882
65.2895
61.6983
63.0288
65.5433
67.2005
64.2857
61.4383
63.4757
62.7248
64.4514
62.8743
62.5774
63.0039
65.0264
65.9514
65.2393
65.5115
63.541
62.9453
64.9763
63.9491
64.838
65.6588
65.8007
64.5849
62.364
67.2017
62.5595
63.7252
65.5004
64.7293
65.3631
64.9354
65.0135
67.2981
67.0266
65.403
65.6961
66.1517
68.1469
67.6848
65.8895
64.8666
65.6839
64.593
65.2097
64.2399
68.0931
64.2773
66.8226
67.3027
67.842
64.8445
64.8893
63.6331
67.2745
63.6674
63.3936
64.5708
61.9125
62.0712
60.756
60.6117
62.8808
64.3913
62.8781
62.9131
62.3399
63.0698
63.5636
61.1514
65.0511
65.0911
65.1457
64.7424
62.4818
62.7434
64.6054
63.4388
63.0736
67.3656
66.611
64.565
60.9962
60.7691
62.3342
65.3276
64.0847
65.3944
64.9119
66.0382
63.6453
64.955
64.5381
64.0962
65.493
62.6854
64.085
62.7536
63.2398
65.2711
64.2217
63.3961
64.0952
66.384
63.9454
63.4322
63.9979
65.0775
64.4041
68.1791
62.9247
61.8405
62.6057
62.3644
60.3253
63.357
64.4238
62.8285
63.3991
63.9054
66.113
62.6683
62.3266
60.7658
62.8257
61.4713
65.547
64.6835
64.2955
66.8147
64.3329
64.9449
63.8278
66.9483
66.5822
64.7333
68.1767
65.4211
61.6047
64.2589
63.0238
63.7489
62.0131
60.7339
61.0973
65.9397
66.9139
66.2056
67.4039
66.934
66.4513
64.734
66.1388
63.1595
67.5768
65.4544
63.4203
64.424
64.3365
63.6571
64.3712
66.0702
67.6589
64.4252
65.162
64.4937
65.4485
62.0701
61.2363
66.6293
64.9493
65.4989
64.6987
63.9446
62.6077
63.076
64.0361
65.5705
65.5756
64.6195
63.8509
64.8514
64.2113
65.1649
66.2311
64.5392
64.0959
63.8671
63.349
65.8837
67.7338
63.3399
64.339
63.9131
61.006
63.3085
65.5673
62.8344
63.7987
64.0924
66.2157
66.1678
63.3393
67.499
65.5348
66.1059
64.8359
66.5443
65.6975
62.8891
63.3121
65.747
66.2854
63.918
65.0214
66.1144
65.1639
64.4206
63.0599
62.8475
65.2852
65.1747
66.3032
64.5642
63.7224
65.0053
64.9716
63.4339
63.407
64.2658
64.991
63.8885
64.071
64.8158
65.2872
64.5059
65.4233
66.3454
67.4228
65.5403
67.3173
64.9505
66.5105
63.7908
65.2739
63.3909
63.6225
63.0658
63.3473
64.2318
65.8415
64.8734
64.0872
66.0351
66.2997
64.3338
61.1113
62.579
65.6587
64.196
64.3111
63.4366
59.8106
62.0428
61.6706
62.6147
65.8856
65.0077
65.3917
63.7454
64.7764
65.397
64.3768
66.1244
65.5694
65.1724
63.7639
64.2168
63.2603
64.5592
68.4726
65.3997
64.2843
64.4665
64.2057
64.9465
63.4223
62.192
61.2687
63.809
67.0416
66.0382
71.413
67.2543
66.193
67.1629
65.919
68.1385
64.0836
65.4138
66.8631
65.6839
62.2853
63.8434
63.2845
63.2263
60.7234
63.6599
63.1173
63.4341
62.6829
61.3418
63.4077
63.3304
63.7468
63.4027
67.1474
65.8425
68.7751
63.367
64.4603
62.511
61.6314
63.8294
64.1876
64.6112
66.4797
63.8455
65.8542
63.1504
62.9755
64.8459
65.3171
63.0114
64.0009
67.9037
62.3492
65.8342
66.9994
65.1827
62.7526
64.2471
65.1461
62.4179
66.9927
65.0767
63.1844
64.0796
62.6407
65.1344
67.8852
66.9926
66.4347
63.7105
61.7641
64.7672
62.9386
63.4287
62.5757
65.8723
66.1353
67.691
64.5228
65.6636
66.6252
66.5848
64.5976
62.4317
63.3174
60.4749
62.6817
65.7578
66.045
64.3733
64.18
63.5101
65.5837
64.914
68.4063
64.6164
64.4759
64.3449
63.5269
66.8697
63.7599
62.3944
63.4126
63.3941
62.2736
67.4923
65.277
63.972
62.3808
64.1905
63.6902
62.4615
64.9267
63.4373
62.8164
64.3725
63.8718
62.0865
62.8085
62.1002
62.0123
60.904
64.558
63.149
64.7602
64.7331
65.5552
69.4313
68.0346
66.6558
67.6561
68.07
64.9001
67.1248
66.0406
64.6389
64.6336
65.6259
66.4261
66.5254
61.5552
63.2589
62.5281
64.2315
66.2274
67.7899
63.3268
63.9787
66.6142
62.7427
64.6582
65.5933
63.906
61.6552
63.6215
65.1666
62.0936
61.8078
61.303
65.634
65.8508
65.7809
67.2356
64.2159
62.4777
62.7139
61.9966
62.3436
61.7375
66.1526
64.5251
67.7633
65.9081
65.1671
66.6153
64.5011
62.9431
62.2154
63.7349
64.2494
65.2471
63.087
61.1801
62.8253
62.5075
63.5507
65.0496
65.6014
64.3967
62.5264
67.0466
69.6138
65.9448
65.776
65.8656
64.3998
67.4854
66.4
64.0389
64.3481
64.7158
61.5665
62.3929
64.9071
63.5569
64.0064
63.3814
62.918
61.1127
62.9679
64.2789
63.0253
64.0752
63.6363
65.2946
66.6958
67.5074
65.9976
64.8137
63.0784
61.6973
62.9342
65.2575
62.3359
62.9797
64.4925
65.7989
65.346
66.1683
63.6668
62.3189
64.6128
63.6077
65.0771
63.8456
62.0401
61.2037
61.5142
64.3465
64.7625
63.8969
63.6035
63.8078
66.5309
63.6208
66.7273
64.6745
63.4139
66.7571
65.1583
65.0536
66.9041
65.275
65.9127
63.0306
63.7645
63.8211
63.091
63.3153
66.1255
63.2177
64.1125
64.4522
65.5957
63.6889
65.6645
64.5672
64.4202
63.1927
64.2309
64.8275
65.1674
65.4908
63.8488
63.9846
65.7232
67.8355
62.6825
61.9817
65.677
65.1677
62.916
65.13
65.6863
65.7053
66.0067
68.897
66.6831
65.9906
67.6799
63.5319
66.0546
65.3878
65.0158
65.5894
67.6022
68.1276
67.7407
65.8909
63.1558
62.8988
64.1045
63.2335
63.1248
62.9672
61.7966
62.788
65.4563
68.3505
66.725
63.4885
61.3741
63.3445
65.8661
64.1731
65.2457
64.2128
63.6945
65.3347
66.5227
65.5667
63.5651
64.1953
63.8007
63.1609
62.6598
64.1907
64.1118
63.3273
61.5967
62.5503
62.0703
65.5402
64.8274
63.1253
64.6651
64.6982
61.7024
64.4253
64.2577
63.2875
65.5407
65.8535
65.7825
65.8647
69.1495
64.7747
64.3773
64.107
63.5048
62.3624
61.3943
65.0333
66.123
64.1514
62.2973
63.8153
64.5574
63.9796
64.1731
64.8317
63.557
65.0349
67.8101
67.0859
67.812
65.4281
64.8059
64.1856
66.0501
64.6618
66.4026
65.357
66.8889
66.8979
67.5559
66.358
63.9328
65.3163
64.1172
65.1436
63.9732
62.8639
64.1963
64.756
64.3149
63.9151
65.7044
62.2718
64.0797
64.7402
66.5058
67.9134
63.4414
63.624
63.2232
65.1987
64.4566
67.5945
65.0402
63.2979
63.8418
62.6702
62.4422
61.2879
63.3311
63.3373
62.2781
64.9867
65.1773
66.6812
67.4861
63.073
60.6631
63.3793
62.564
63.4292
61.4128
63.1556
61.412
63.3103
64.7947
67.0238
65.821
65.3971
63.1554
63.5471
65.0479
66.3588
67.0636
64.8132
62.845
65.1132
64.5169
66.03
64.8095
63.3991
63.7015
64.2865
64.2893
65.6359
67.3243
64.3112
67.174
67.3077
65.1347
63.521
62.6861
62.4065
64.119
67.9483
66.725
62.4657
62.0946
61.6336
62.561
64.7486
64.2096
63.0926
64.5909
64.4543
65.2672
65.2938
63.8231
63.907
62.7878
63.0929
65.9453
65.1859
63.6354
64.5187
63.3875
63.9462
66.9453
65.4729
66.3733
67.5269
65.4784
65.7883
62.3675
63.5961
66.9555
67.8894
64.6089
61.9642
61.5401
62.4491
63.5789
64.5644
64.5248
63.2608
65.761
66.0368
62.5482
62.8735
63.755
65.0384
60.9857
64.2359
63.9732
64.88
65.5229
63.922
61.2521
63.7216
63.8893
66.6242
67.8466
66.0993
66.6825
64.6009
62.8702
63.1722
64.4206
64.3165
63.1413
64.3596
67.9021
64.7723
63.3496
66.1126
63.5288
63.8091
61.1581
61.3157
62.7224
61.4955
62.9671
62.4523
62.8384
62.5224
61.3511
65.5827
62.3428
64.5819
64.189
65.1453
65.115
63.334
63.6279
63.3776
64.2089
64.9359
67.7179
65.36
62.7869
63.8307
67.3385
64.496
63.8511
64.0584
66.3556
65.1436
65.1728
66.6695
66.2761
64.861
67.0358
66.3169
65.4303
65.0069
63.2579
64.1857
63.2747
63.4504
63.7261
62.5648
61.4371
62.6714
62.2555
62.5054
63.1928
61.9038
63.9996
67.5563
64.0383
60.2906
63.9604
63.2069
63.853
64.1664
65.8341
66.3547
63.2492
64.1776
63.0705
65.9661
63.8821
64.8803
62.6461
63.8944
65.5973
66.1186
64.9059
63.5425
62.7967
64.0073
61.2119
62.116
62.09
65.6351
66.702
68.2713
65.2801
65.7915
64.2228
63.7988
63.5722
63.5205
64.1567
61.8254
63.9139
64.8862
65.2639
63.5263
63.8576
65.711
66.4869
67.6565
66.4464
65.2379
65.2227
63.2368
62.3583
61.8499
62.6833
63.6695
63.8367
63.8978
66.7291
63.2888
63.1771
64.2236
63.0048
65.5237
66.0114
64.4838
65.5572
65.2576
61.984
62.121
65.7574
67.865
69.4049
67.2805
65.0797
64.7581
65.5995
63.1984
66.1167
66.0403
65.2391
66.9833
64.93
62.7094
64.3619
66.1416
64.3846
66.012
68.6004
67.5671
67.8275
64.5362
64.0342
66.241
65.3814
64.3217
63.2361
66.0133
63.6345
67.5812
67.3596
65.6908
64.0453
64.8118
65.8172
68.2882
69.1732
63.2298
65.3928
65.0841
63.1725
66.9776
67.2134
66.248
63.2956
61.5841
64.6603
62.7087
65.4543
65.6888
64.2059
65.2025
63.5572
64.631
64.5351
64.165
61.982
62.8358
63.5739
65.2228
64.0267
63.8426
62.6845
65.3968
65.0388
65.3001
60.591
62.3331
63.8719
65.0345
63.5396
65.5017
68.1477
64.8755
64.4011
64.1642
65.4785
65.5407
63.6972
63.4534
63.5603
64.2744
65.2388
67.8692
63.6301
62.9209
64.1862
68.6888
64.74
64.6016
65.1282
64.2084
61.8779
64.692
63.0764
61.4879
62.8858
65.337
65.5942
64.639
65.3019
65.0971
65.644
65.1125
65.0594
67.0243
62.7198
64.7658
66.4662
63.5799
65.2885
64.4181
62.5775
64.848
65.5564
64.9476
65.6299
66.723
64.6132
62.5176
61.9657
62.3837
61.883
63.7009
64.5511
65.4351
63.6755
65.0075
68.7587
63.8045
63.7878
65.812
66.7111
62.9413
65.6495
66.233
65.4875
64.8921
66.1308
64.4603
63.761
65.2831
68.2255
66.3812
64.6301
63.3388
63.031
65.1588
63.9073
66.4355
66.901
66.3657
63.8496
61.9506
62.8619
64.1135
66.7422
66.1778
65.3506
64.6713
63.4281
64.0899
66.2763
66.6093
68.0263
68.1631
65.755
63.0837
62.4058
63.2868
64.258
62.8148
63.5244
62.8812
64.1675
62.5847
66.1325
63.2687
63.2319
62.6927
63.2648
63.3746
62.4872
61.244
62.6561
64.0073
65.0701
65.288
63.4582
65.6468
63.3163
62.6672
61.9542
66.5948
64.0365
62.037
61.9493
64.4453
64.7799
64.0078
63.0733
64.8372
63.4175
63.8237
65.5385
67.062
64.5291
66.6545
66.0408
68.6403
68.6604
67.6577
65.5758
68.0901
65.6282
64.4296
63.1302
63.6685
62.2191
65.1584
64.8317
63.0413
63.8534
61.5729
63.7034
65.5753
65.0231
63.521
64.4067
64.7128
65.6871
68.4832
67.9702
67.2163
63.2962
63.4044
65.305
63.4541
61.5828
62.6533
63.9224
64.2912
64.82
62.1424
61.016
65.4598
66.1719
63.8924
65.4682
64.7539
63.6595
62.7489
61.08
64.9025
66.1835
61.7031
62.2302
64.5871
67.2037
63.1149
62.3061
63.8385
65.3599
63.5222
64.611
65.497
66.469
61.7489
64.4146
64.9787
66.1255
63.0599
64.9914
64.1554
64.2159
64.6411
64.3099
65.8827
63.8843
62.4799
68.544
66.2452
63.3493
67.0132
65.7037
65.5008
66.0114
66.4416
64.1769
62.7416
62.1312
64.9634
66.6432
65.065
67.2677
65.8745
63.0141
63.5344
64.1741
64.8859
62.1213
61.2713
60.1082
65.3213
61.4986
61.9364
64.1811
64.353
67.3822
64.8883
66.4415
67.2723
65.6806
66.6968
63.0691
63.6333
64.4784
65.8465
61.8789
65.7927
63.6339
62.4419
63.1606
65.4792
62.5404
64.4912
65.6523
64.8555
65.7677
66.2389
64.5383
64.1793
63.3208
62.9233
63.7608
64.0398
62.5161
63.7087
65.7568
62.1722
62.6634
62.9073
61.5931
63.0672
62.9334
64.8618
62.1732
63.6347
61.8882
63.8333
64.0865
62.9452
62.2114
63.9393
67.6453
67.7208
63.3973
65.1252
63.6687
65.9009
63.153
65.4062
64.4414
66.3109
65.1691
64.0712
66.8582
69.0294
63.637
64.277
65.1463
64.2304
64.5745
66.3151
65.4459
63.3844
63.8757
64.2073
68.5
67.5372
64.9345
65.088
65.1793
60.7888
62.3426
62.978
63.2312
65.6142
65.0339
66.9638
65.3932
64.7011
66.5907
63.1424
62.8483
63.2288
65.5568
67.4502
66.8464
62.2389
63.685
65.1864
62.0823
62.5775
63.5829
64.1853
65.5011
66.0253
66.055
65.7237
70.5519
65.4399
67.0076
68.2014
66.8722
63.1917
64.0723
64.9811
65.4998
67.0348
67.3607
65.1872
62.1152
63.2809
62.9932
61.6437
65.0796
63.1382
63.897
66.2423
65.6462
62.7468
63.7779
63.2142
66.039
66.2924
64.0614
64.0385
61.2615
61.8155
62.6116
63.4281
65.024
62.3442
60.9586
63.5244
63.7816
62.2383
63.6399
64.8525
64.1795
62.9014
63.5854
62.2453
61.5311
63.7231
64.2206
67.995
64.3215
61.1982
63.4512
62.4046
63.0809
62.7648
63.4149
65.2046
65.6822
64.8697
64.516
65.8985
67.8927
66.2233
64.2134
62.7304
63.944
64.5025
63.3215
66.0243
65.9519
64.054
64.3242
65.784
64.3017
64.858
64.8823
63.6179
63.7663
66.3872
65.6509
63.4291
65.0472
63.2349
63.3622
64.7908
65.8265
62.7992
62.5567
63.4631
66.9494
65.9393
65.4516
66.487
63.9411
67.8946
64.7599
64.0069
64.8752
62.4455
66.1056
66.0753
65.7982
62.0015
63.8511
63.4345
64.0975
65.678
64.3916
62.3561
64.4909
65.0137
64.7689
63.1292
65.9966
64.4163
63.7728
63.1334
63.3176
63.6515
66.3858
67.5249
64.8322
64.0592
63.0298
63.018
64.3547
66.3372
64.6299
65.3381
65.1909
61.98
64.7305
64.2791
63.8219
64.6978
63.7908
63.8124
64.6942
65.9413
64.8332
63.8983
62.5983
66.5029
65.4281
64.7105
60.6659
64.5321
64.4158
64.7908
62.2587
64.4272
64.7423
62.629
63.8658
61.9641
65.072
66.5771
67.7329
66.3351
66.573
67.0186
67.0699
68.9671
64.099
65.3631
64.1735
62.368
62.4312
63.3543
63.7339
65.4517
60.8021
58.9848
60.7665
61.2016
64.4141
64.0048
62.8902
67.3757
62.2716
63.5562
62.8327
63.5354
63.4584
65.8712
66.451
65.4561
66.374
64.1208
62.9056
62.3811
66.9836
64.2578
65.9568
65.9021
64.1842
65.1907
62.9097
63.6135
63.5929
63.0941
64.0027
64.3547
63.9707
64.2009
62.8237
64.6878
64.6206
66.3788
63.9122
64.8424
64.8393
66.4088
65.4963
68.9412
68.0926
66.0188
65.5492
64.5431
65.1471
62.5497
62.62
64.7765
65.3289
62.8462
63.6566
64.1765
64.0599
65.5273
67.2768
65.0938
62.8221
61.1392
64.1453
64.926
63.1926
63.972
64.9486
64.138
65.9057
64.353
62.7813
63.2916
64.6971
63.8785
63.0966
64.5391
64.0107
65.1879
67.1128
63.8501
65.7743
67.5252
66.1534
65.0869
64.5879
65.7761
65.0441
63.3692
61.2191
63.6962
64.5967
63.4987
67.4451
63.9549
60.6859
63.6754
66.5621
66.732
65.4133
65.8314
68.5499
68.0753
65.9215
63.0341
64.152
64.3333
62.0204
62.65
62.5063
63.2808
67.2095
66.5389
64.7917
65.8904
62.9402
64.3487
66.0844
62.9573
63.0644
62.2787
64.3099
64.5942
61.1929
61.5058
63.5874
64.6006
65.0903
67.1723
66.7888
66.4136
67.0256
68.4678
64.1238
64.3458
64.6802
62.9757
62.851
63.6198
63.2633
64.1823
63.2153
62.2823
65.2397
65.2219
62.7551
64.0727
63.9944
64.3921
62.9195
66.2092
66.0031
67.3741
62.5856
64.3436
64.7243
63.4078
63.9354
65.4957
64.8148
61.5325
63.5095
63.6717
62.5761
66.7538
64.8963
64.3417
62.0246
64.2794
63.3316
64.7478
68.2854
66.0559
66.7712
65.7397
63.969
62.4863
62.7151
62.4279
64.5611
62.7922
64.751
67.3251
65.3549
65.0947
66.7259
64.3363
66.0303
62.9671
66.1595
64.7617
65.3975
66.2149
62.4369
63.5515
65.0419
69.3696
64.2882
64.6592
64.0535
61.8114
63.3454
66.2043
62.2691
64.0544
64.7006
63.4903
60.2894
63.9344
63.1928
65.3022
66.4109
65.7728
63.2007
62.8985
63.0834
64.4033
64.875
64.7275
63.8985
63.3363
63.3909
65.7627
63.6552
63.5447
65.7388
64.5727
63.2355
63.952
63.8488
66.4917
65.0846
65.7368
65.6573
67.8856
62.3895
61.3961
63.4157
63.7259
67.9452
68.8502
68.3741
64.5827
64.4133
64.0786
63.8849
66.9508
62.5261
64.4223
63.897
63.519
65.1379
66.2253
65.1162
64.3553
63.3488
67.7184
65.1532
63.2696
61.4683
63.5081
62.7019
63.7327
64.0199
64.0522
65.9256
67.8192
64.7843
65.255
66.2633
65.4177
65.3619
65.5137
67.3266
63.652
62.3921
64.2837
62.6342
63.2852
66.731
65.3197
63.0527
62.943
62.3736
62.4088
62.8549
68.2648
65.4785
63.2996
64.3814
63.0613
65.4992
63.9262
65.6194
65.4281
64.9586
63.4181
64.9858
63.1046
63.8729
64.8655
60.8305
64.0186
63.4879
60.7984
63.8431
63.7746
61.8828
64.6568
61.6936
66.0623
62.116
63.0724
64.958
64.7461
64.4263
64.064
66.7369
64.1826
64.5686
65.0109
64.9809
62.9978
63.1968
67.4799
69.4734
63.5159
62.564
66.1677
65.5716
62.9598
64.724
66.0864
65.1184
64.4174
67.5485
64.9821
65.238
64.7448
65.0538
64.6471
66.0944
67.418
64.1374
65.8455
62.7929
62.282
63.8993
64.5612
65.5856
61.7589
61.7913
65.3413
62.7205
65.1403
64.3562
65.7844
65.2783
64.3113
66.3277
67.6481
65.5722
69.0452
66.7615
64.0731
63.4384
63.2875
65.194
64.9138
63.1378
62.9828
66.1559
64.0451
65.2686
66.9096
66.5735
67.2144
65.2689
64.4243
63.5643
65.2394
60.4631
64.3546
66.1428
67.2233
66.7832
66.0226
67.1602
65.422
62.5815
61.716
62.8007
62.9821
61.098
62.8855
61.5816
63.0997
64.789
61.8271
63.4589
64.7119
65.2997
64.5707
67.4369
64.8464
63.2786
64.2674
65.9532
65.3622
63.4673
59.8989
63.6354
62.9246
65.6951
65.6273
63.4305
64.9361
63.0751
62.4735
63.0719
63.6454
63.4433
62.5904
62.4285
63.5516
62.9579
62.8427
65.5808
65.9556
64.3735
62.1646
64.8195
64.5284
66.7829
65.1373
67.6353
67.448
68.7947
68.9829
69.0252
68.6693
66.1505
65.1986
62.1857
63.2254
65.898
66.9948
64.3657
63.0108
66.5596
63.8252
65.5859
65.1163
62.6549
61.4253
64.1786
69.8279
65.3677
64.3599
63.9952
65.5908
67.7078
65.0789
65.6629
67.1734
68.0082
62.971
65.3977
64.9558
65.4888
60.666
62.7115
63.3313
61.9054
63.4062
63.4165
63.6134
63.4998
64.1262
62.6148
63.5735
63.1954
64.2007
64.9792
66.0424
65.5018
62.082
61.9355
62.1351
62.815
63.6028
66.1399
66.0418
64.1904
62.3635
62.7037
63.5345
66.2515
64.9824
62.8116
62.8195
64.8595
64.2743
65.1532
64.5793
63.9596
65.1104
62.8135
64.3487
65.4769
64.9108
64.0249
66.177
67.4338
65.633
67.6969
65.0558
65.973
66.0554
64.2766
64.8328
64.1299
68.0767
63.8576
62.8179
67.5511
67.1268
64.5518
65.8992
63.3728
64.4753
66.3472
65.4962
65.547
66.961
66.2306
64.7637
64.982
64.2551
64.612
64.8936
63.8568
63.6633
63.208
63.6679
64.7532
61.7208
64.7936
64.8197
64.6168
63.3457
64.0952
64.5835
65.7088
63.2159
65.6987
63.3878
61.2837
63.5983
63.5539
64.8796
64.5906
63.6475
60.9025
62.0414
61.6842
61.7042
66.0431
65.1712
63.5948
65.2985
65.7306
66.6696
67.0456
66.7188
66.1949
62.4629
62.2521
62.9546
62.6151
64.9428
66.6696
66.7758
64.3461
64.6726
64.7214
64.0666
65.6154
67.8857
67.1819
66.7159
62.528
60.9049
62.2551
64.5417
65.2147
66.1169
65.0237
63.6803
63.4407
63.9606
63.1868
65.0964
67.1515
62.9226
62.5885
65.7011
62.0149
62.2599
62.0564
63.2067
66.367
60.7219
67.912
64.5301
63.2031
65.2811
65.9945
63.9771
63.1066
66.3021
67.8434
64.6461
66.1403
63.7817
63.6167
63.5845
62.173
60.3176
65.0959
63.6038
62.9394
63.2958
64.0509
63.6256
63.6554
64.1154
62.5279
65.1049
63.9862
63.724
62.5637
64.1846
64.0036
62.6098
65.728
65.3926
64.7594
64.6262
62.8422
65.0249
63.6312
64.5468
62.4357
64.0935
64.2808
60.7771
62.725
65.8649
65.3761
60.9633
62.8155
61.9864
63.4208
62.1264
63.1431
59.9984
59.8497
62.4051
61.6947
62.3467
63.1202
64.1597
65.6376
66.0921
64.14
66.7268
61.4362
63.5534
65.4183
64.342
64.3133
63.9774
63.7648
60.0483
61.2282
64.7745
64.7137
63.1399
63.6201
62.5807
66.8588
64.9427
67.0942
65.0882
62.7223
62.8661
65.7619
63.7668
66.1936
65.8569
62.0936
65.6028
63.079
63.8484
65.3583
62.1795
61.6736
60.9535
64.207
63.3515
64.3942
63.5895
62.9043
62.5163
61.2344
63.7588
66.3242
66.4622
63.8236
64.6734
64.3048
63.0819
64.9011
65.6643
65.653
65.0221
65.3415
65.2645
60.7281
60.7318
63.2518
61.708
65.3139
63.2513
62.4103
65.8156
64.635
64.2481
64.7666
65.1178
63.4747
64.5359
63.5483
64.141
63.4954
65.2721
63.0467
61.8767
63.8054
64.9174
62.1898
63.2064
64.7525
63.5953
63.8107
63.2318
65.1727
63.837
67.7053
63.0808
65.1394
63.3755
65.4826
63.7275
63.2679
64.1284
63.389
67.3088
65.4931
67.2142
65.9789
64.2745
65.2406
64.3481
65.6882
64.0518
63.8318
63.6507
65.5362
63.217
62.5744
67.7696
64.3645
65.7223
64.7607
64.4502
64.3553
63.3321
60.4283
63.5535
64.02
63.8694
63.9601
64.3978
66.0412
63.5284
64.4847
64.3153
62.5876
65.9551
65.1859
65.5136
64.1562
64.8927
62.3594
64.7742
65.3788
65.1097
62.9018
64.673
65.8254
66.4469
66.519
63.269
62.5124
63.6439
65.409
66.3434
65.4546
64.6781
64.1289
64.0855
65.6614
66.7173
64.3772
64.1189
63.144
64.7332
65.3746
66.0433
64.4418
64.5209
65.3492
65.6231
65.4611
66.104
63.3721
64.529
64.6071
61.5152
63.123
63.9703
63.1077
64.4796
64.083
63.5328
64.8349
64.3415
61.0182
63.283
64.5005
61.3458
62.4597
61.2977
63.1469
63.9458
67.2558
66.2597
61.3738
62.4432
64.9001
66.3282
64.5577
65.2111
66.0401
62.3734
61.802
63.3454
64.1035
61.5039
64.6671
64.0005
67.2481
63.284
65.4558
66.2502
64.7775
63.8216
64.3365
64.8062
66.6847
66.6088
66.3833
66.5404
64.5394
67.3195
65.4702
63.0389
64.533
64.1806
64.0137
64.1266
64.573
65.8442
66.007
65.2769
64.8012
64.9094
63.8192
64.0369
63.2606
63.5405
61.8935
61.98
63.5961
62.4339
63.5343
64.4107
64.3952
64.8392
65.4892
63.374
63.9714
62.7372
64.3962
65.587
66.0415
68.3981
64.3476
63.2536
65.3046
64.2763
64.4898
65.8189
66.2425
65.2311
66.9042
65.1756
64.8221
62.0151
63.7245
62.6474
64.6096
64.0758
63.1038
62.7078
62.9665
65.3945
66.9105
65.9397
61.7413
65.3979
63.9251
65.9554
66.7341
63.8435
64.5126
66.6878
67.5789
68.9734
68.2914
64.2247
66.5177
66.6408
64.4463
62.24
65.209
63.6216
63.5447
61.6474
59.3955
63.7252
63.5598
64.7573
66.2413
66.3842
64.7254
65.8781
64.0746
66.5064
65.7532
66.8023
62.4161
63.906
66.2222
64.833
65.8183
64.8155
65.0168
65.0116
67.4017
66.4735
64.5171
64.6761
67.1619
67.0364
64.0446
64.4338
63.3001
64.4149
63.2652
62.2075
62.4563
64.6433
64.9729
67.0637
65.7826
64.4414
62.607
62.151
60.6167
61.4813
63.0225
61.1275
62.8502
65.4569
64.7288
65.3527
67.7104
65.6655
65.4253
64.2177
64.7908
65.343
64.0415
65.9309
66.8099
65.169
66.1041
64.5892
66.1427
65.9685
64.1145
62.7698
61.6805
61.173
61.5389
62.8745
61.7737
62.8323
64.0536
64.6196
65.631
62.5497
63.8023
63.5265
63.1242
64.2293
67.2668
67.0148
63.9887
64.6045
63.918
61.7232
62.0644
64.6457
59.9575
63.1972
66.0228
68.6248
69.2087
67.2386
65.9195
68.1589
63.6268
63.0616
64.1183
64.4396
64.1816
64.5643
62.7353
62.8016
61.9218
64.6642
63.6506
63.443
65.7264
65.3826
64.629
63.6033
65.1424
63.9465
63.2933
64.0521
62.5858
64.0845
62.541
64.4062
65.9472
64.8821
62.9732
64.3108
66.1825
62.9432
66.0681
63.959
63.3179
62.3173
62.7009
64.2287
63.883
64.8337
64.7567
64.446
63.6611
65.427
67.1589
64.0474
64.0595
62.6347
61.6747
63.3452
67.017
65.9161
63.9882
64.7229
64.2083
64.7665
64.2104
63.4114
64.7405
63.2859
68.8203
68.964
67.2183
66.6903
65.2153
67.1211
66.127
61.9063
62.9841
64.6322
64.641
63.5652
64.2595
63.5033
65.9441
66.0753
67.0149
62.9431
63.9274
66.8599
63.8857
62.8667
61.214
62.4597
62.6775
65.6792
61.7528
60.6637
63.2992
61.0778
60.8891
62.0739
65.5818
64.2642
66.6071
67.3315
65.2541
66.7039
64.92
62.7258
64.1179
63.8647
63.638
65.2328
64.6238
63.8959
62.3739
64.358
63.0958
61.6782
61.2433
61.2773
66.7198
62.5652
65.172
64.345
63.9047
66.313
63.1712
62.2329
62.331
62.6649
64.084
66.3215
68.4626
68.3503
65.9424
66.4325
65.4398
65.6753
63.2294
62.3884
66.2447
65.0968
66.7628
67.1921
67.5823
68.3215
65.792
65.2447
64.2744
64.4424
65.706
65.1087
64.4933
63.8664
62.377
63.6505
61.7221
63.5783
63.6885
63.3019
64.9727
67.8314
62.094
63.7799
64.4652
65.7339
63.4533
63.1062
62.6701
63.3053
64.5687
61.2534
64.0275
63.8456
62.4189
63.8509
60.8658
65.1079
65.1115
62.1982
63.5635
63.1926
64.7059
65.7408
66.2608
69.2065
65.4201
65.3144
62.9021
65.7808
63.6292
64.2656
64.543
62.518
65.2726
63.3445
66.1347
66.4202
67.314
65.5387
63.5331
64.4956
65.4693
66.8892
65.0501
63.8873
68.1232
66.2305
65.135
66.4181
64.5479
66.2585
64.3885
63.2395
61.4218
62.8211
64.523
64.2794
61.4989
64.525
65.6554
65.7831
67.1092
67.1459
66.7625
62.5397
63.7271
64.4818
66.5437
66.9632
66.4912
65.2185
62.4777
63.1571
62.0665
64.9463
63.7631
60.8596
62.3449
63.2212
62.1667
63.7272
64.4239
64.1694
66.3065
64.0303
63.5959
64.8444
63.9818
63.852
64.9572
63.1588
64.1669
66.3541
65.4316
63.6602
67.5108
66.1817
66.375
66.3746
62.2907
64.5758
63.803
65.1619
63.6272
62.2569
63.4572
64.5576
62.8696
64.792
65.9018
64.5119
64.5971
65.4076
64.5282
65.4501
63.5467
64.218
66.9089
65.9274
64.7081
62.049
66.2056
65.6085
67.0848
64.6218
63.4522
64.9516
64.9931
67.2912
69.5416
64.423
65.9128
66.8164
63.5758
63.5237
62.6603
64.1857
62.1044
61.0616
63.6974
63.7373
66.0005
66.6481
66.638
60.5199
62.8994
64.2661
63.6778
64.9294
66.0047
65.4659
64.9373
68.4857
65.6835
65.006
64.4464
61.9133
62.0453
64.7186
65.1039
62.5944
61.2115
61.1483
62.2229
62.1636
63.2383
64.2361
62.4306
62.4631
64.4714
62.0526
61.9093
63.7154
63.0683
62.9704
63.1192
65.6538
66.0036
66.6571
65.5415
63.6615
64.5101
64.6783
63.6481
64.6896
65.5256
65.1487
62.4554
63.6561
64.0218
62.961
65.0589
63.0141
66.8388
64.3939
67.326
66.7596
63.6828
62.302
63.7719
65.3113
63.629
64.8064
64.0567
62.92
62.8297
62.7946
62.5501
64.0993
66.1977
63.8936
62.1215
64.2443
64.2915
61.6828
64.4692
64.7454
67.6257
62.8221
64.9876
67.5025
65.2791
66.5154
63.5147
65.4489
65.6452
64.5471
63.1604
64.5659
64.0613
64.8603
66.7163
65.3357
64.4885
64.2252
62.9806
67.8711
66.5841
65.9226
64.0247
64.5254
63.6737
65.3417
65.0368
66.5553
65.3628
66.9918
66.316
62.6357
62.341
63.1175
65.0683
66.9573
62.941
65.7609
67.3236
67.4427
71.0408
67.6661
67.4195
69.2212
64.9767
63.7064
64.2625
62.5139
64.4791
64.4656
65.1248
65.4158
64.5713
64.3993
62.0439
64.2422
63.8237
65.1102
65.2291
64.0084
63.1252
62.166
62.9025
64.557
61.117
62.1052
64.1912
64.395
64.0723
65.9294
64.3675
65.4168
64.251
64.0576
61.5278
63.1122
61.9103
63.2047
66.5932
65.6696
66.8251
64.1585
64.6857
65.0306
64.8096
62.794
64.0092
63.6593
64.1901
62.6414
64.0211
64.6289
66.275
67.3258
66.002
63.7334
62.692
66.8351
69.5686
70.1163
66.3698
63.573
66.6312
66.2738
66.3065
63.7248
60.9797
61.2111
62.5228
62.4806
64.0916
63.6883
61.4624
60.0373
61.388
64.5991
64.3123
64.198
63.0999
62.1843
62.7494
61.0921
64.647
65.1802
64.3206
62.7068
63.3817
62.5083
66.6312
65.98
66.7559
69.731
65.6071
64.9973
62.6572
62.7784
64.2051
64.3819
64.2963
64.4812
64.8399
64.2516
65.2306
63.2152
63.9732
61.8811
61.3216
62.1989
64.1495
65.3743
64.0947
61.2363
65.5412
66.7327
64.6253
63.2187
61.3147
62.4039
65.8135
68.6699
67.1176
67.4885
66.5445
67.4509
64.7663
63.4696
65.5656
64.9064
62.5842
63.1246
65.8683
67.3408
65.6369
65.1446
63.0678
63.0196
64.698
63.2962
63.1981
64.162
62.3377
66.3344
62.0363
62.7044
64.9363
64.4292
65.5574
65.3915
65.7
68.6218
66.7764
66.6038
64.1594
65.085
62.262
60.8997
63.5396
64.5854
65.8788
65.0162
64.1042
60.5309
62.9332
65.452
64.7449
63.8254
65.6755
64.8893
64.3224
63.2631
64.0885
64.1648
66.3207
67.4346
65.1841
65.1713
66.466
67.3452
67.271
66.5613
64.5467
63.5492
62.6273
61.6293
62.8987
61.8174
65.0906
68.9131
65.9346
65.769
64.8943
62.328
64.7022
64.685
62.9505
64.8589
64.715
65.1099
63.4159
65.8685
67.5417
67.4257
65.6422
64.1457
66.7637
66.0591
63.8186
64.7639
61.5068
61.8797
63.8818
62.993
62.3133
62.6958
63.9151
66.0344
63.8111
62.3934
61.068
60.3803
62.4932
65.4114
62.6015
65.3116
65.8105
63.5852
63.5905
62.0916
62.3237
62.4422
59.9354
61.9526
64.6707
64.841
61.9003
64.5254
62.5794
62.5682
63.708
60.8684
64.1767
60.4426
61.7183
62.4454
64.3375
65.6179
66.7659
67.6725
64.8224
65.8687
63.1228
62.5435
65.6702
64.7258
62.8321
65.5176
62.7241
62.6593
63.1367
64.4402
63.732
63.7049
65.6322
64.8163
64.917
63.7256
64.8253
63.0859
64.9776
65.722
65.6383
64.004
62.9618
64.5158
63.1784
62.7714
62.2645
64.7363
64.0537
64.725
60.6347
61.1922
62.0906
65.6487
66.1777
67.742
66.1328
63.9679
62.4831
63.661
64.6581
62.8741
64.35
63.1918
67.4339
64.3196
61.0391
62.1732
61.028
61.6769
61.5692
61.5727
64.5329
65.2135
65.6055
61.0472
64.7341
63.4093
62.016
63.4013
63.4456
64.6281
64.8551
65.154
63.4714
64.8878
66.8622
65.9722
64.9391
67.1774
66.0775
62.2669
63.9367
61.7954
62.5033
65.4033
64.0787
64.6497
63.541
64.8939
65.4179
63.5256
62.1921
66.1317
65.1454
66.3526
66.1247
63.7347
65.6368
67.3737
66.0267
64.5918
64.0931
63.2119
63.1678
63.5548
62.4879
65.0991
62.9787
62.167
64.8475
64.7096
66.8558
65.3129
64.5372
64.2869
60.4536
62.3808
61.2476
61.4467
62.8716
64.9266
65.2639
64.4415
64.7455
63.8507
63.4583
65.5354
65.3288
65.7916
66.5807
65.0897
64.4788
62.7229
63.96
66.291
66.8094
64.8113
63.161
62.3657
60.7411
64.282
64.49
62.7449
63.2793
63.5838
64.9999
64.1186
65.2817
64.115
61.8592
64.4589
63.1037
63.8128
63.2119
63.5446
63.8564
65.5012
66.4207
66.8418
64.4712
63.3291
63.6465
65.138
67.3523
65.0446
64.5646
62.9742
66.5172
66.2608
65.6797
63.4283
63.0376
62.7623
64.3146
63.1847
60.3984
64.6514
65.6331
66.0838
64.5883
64.637
62.2193
63.2623
62.3738
64.3773
65.0007
63.2006
66.2292
64.0214
65.5305
65.0284
62.3518
62.5886
64.83
63.2137
63.0072
61.9883
65.0336
63.2175
63.5722
66.1156
62.9638
63.9365
65.4841
65.1657
63.8685
61.9897
64.9554
67.7606
64.8529
64.7521
64.3873
64.5884
63.2116
65.1298
63.1985
63.3566
65.9083
66.2309
66.3115
64.6805
63.4871
62.3614
64.8761
62.7835
61.5607
62.7151
66.3255
66.2785
67.0135
64.048
63.834
62.7946
61.8881
66.1885
61.7431
61.2936
63.2993
64.3433
62.0754
64.8491
62.9139
64.0462
64.2855
63.2146
65.0697
65.7152
62.7933
62.7254
61.4645
63.6925
62.5294
64.9634
64.9313
63.9
63.3989
63.2911
65.658
65.3637
67.9382
65.8083
62.3451
64.9722
63.31
67.767
66.562
63.1855
61.7564
62.4674
63.4357
66.0371
66.9908
64.4056
64.5935
66.9152
66.9534
66.554
65.9674
68.0383
66.919
66.8074
65.3438
66.5017
66.2608
66.8178
64.6592
65.1601
62.0814
62.9782
62.5967
63.4783
65.5907
66.8567
66.2078
64.0986
63.7371
65.0131
65.7588
65.6215
67.8685
65.2531
63.9592
64.2854
64.4672
64.693
65.6028
65.4185
62.9828
63.3707
63.9294
62.6389
64.0359
65.9547
63.6089
63.923
64.1154
62.6134
66.3375
63.7305
63.8879
63.9998
61.3662
62.3483
63.152
66.1402
66.2721
64.7222
62.8573
64.3176
62.5216
64.7964
62.351
63.0365
62.6085
63.8486
65.1434
61.9013
62.4269
63.7993
63.252
62.9254
65.8983
64.7146
64.6805
62.6902
64.3766
63.4419
63.4708
64.3947
65.3134
65.0879
66.156
63.3934
66.8106
63.901
63.8751
62.454
60.2647
64.021
63.4917
63.6128
64.5298
68.3128
65.9431
66.7274
67.9381
66.5381
64.1321
67.0089
64.1371
67.5708
67.8641
63.3274
66.1839
65.9125
66.2297
62.2002
65.3451
62.749
66.5146
62.4542
64.2928
62.2598
63.7324
64.0767
64.009
63.8878
63.5507
62.2493
61.2629
63.4016
65.5412
65.4456
65.3017
64.1793
65.6526
68.4303
68.1198
68.8724
66.2145
67.8653
65.8758
65.9064
61.9919
64.4631
63.1536
64.1674
60.1233
63.8838
64.8448
61.2135
61.9982
65.8109
64.6473
65.9376
66.7398
65.2624
62.2315
64.1045
65.9256
63.8857
64.1807
67.7732
66.3552
63.8649
66.9133
65.9056
65.6599
64.2821
61.4846
65.1355
65.2655
63.4879
65.2717
66.7953
63.9897
64.475
61.4308
63.3886
63.4769
62.615
64.0467
61.9689
63.9816
65.958
64.2189
63.9479
63.2575
66.1023
64.6796
64.211
63.3847
63.3032
64.0207
62.9967
64.4518
68.6337
67.7613
64.568
62.3503
62.59
62.3529
61.39
63.0569
62.948
63.0828
64.1841
62.0671
66.0363
63.288
62.984
61.9494
62.8201
62.4656
63.6332
67.3345
65.0992
63.7101
66.5286
66.058
65.4315
65.0198
64.4501
64.6893
63.6949
65.7478
64.8367
66.8065
65.4539
65.5842
65.361
66.2214
65.6852
65.2499
64.802
65.1648
66.0405
64.2908
65.0393
64.5836
63.4966
59.5727
62.4672
62.1271
62.3242
61.7453
64.3875
66.3557
63.4034
61.9279
62.8412
65.5179
63.2944
62.6952
62.5109
62.9023
62.5633
62.4177
64.7762
64.6622
63.9598
65.9761
65.324
63.7302
65.9151
66.7416
66.03
66.2051
63.7333
64.664
64.1984
65.9794
63.6913
63.8813
65.271
66.1255
68.0792
64.1024
62.9229
64.5217
64.9895
66.3236
65.7821
65.0571
63.4349
62.2293
62.4151
63.0393
62.2134
62.4003
61.9782
62.6909
64.3057
61.7637
60.5616
59.8623
65.8214
65.818
63.5668
65.2743
65.781
62.7809
64.1539
64.8812
63.7925
64.3561
63.1893
65.5404
62.4405
63.8402
64.3897
64.6445
62.5238
63.6306
61.6223
61.6297
64.3757
63.0619
64.7315
63.0698
63.3009
62.7641
65.4889
65.6667
67.1503
63.5323
65.1317
67.7828
64.9995
63.716
63.7796
65.0535
63.5032
61.8819
63.6276
65.0297
63.1817
63.8646
65.5972
67.3317
64.6999
61.7314
61.9278
63.9676
64.4777
63.5347
63.7339
66.9985
70.1419
64.8826
63.4625
64.6599
63.7917
65.5098
61.6376
63.0044
65.844
66.1385
63.9854
61.9653
63.3983
65.0496
65.9233
66.0726
65.0466
64.0066
64.4036
65.6167
65.4942
64.4366
61.9592
61.643
63.7988
64.9166
64.3405
64.1958
66.9691
65.1851
64.3651
65.3638
63.4619
65.3163
64.1885
64.4854
65.0356
62.7432
62.6546
65.8957
65.2793
64.7779
62.5427
64.3378
63.3418
65.6215
64.3059
67.1773
63.1093
63.953
64.2874
63.0165
63.0582
66.5338
66.4097
67.3489
65.6688
65.0733
64.6996
65.7723
62.9569
59.4743
60.3965
62.4452
63.0879
65.3356
64.0908
62.459
63.4259
61.1539
62.5877
61.2442
61.7605
64.6846
64.3389
64.5445
65.3947
63.3951
63.1263
65.1426
68.8629
65.9392
62.2456
66.0891
63.8289
62.4744
62.9487
64.5135
67.5183
66.0486
63.0269
63.2182
62.1111
62.2515
62.7103
64.8082
65.8477
64.2635
63.3083
64.6807
63.0516
62.2483
63.8323
62.3654
63.6243
64.8368
62.5348
64.365
66.0817
64.2589
63.169
66.6906
65.3529
64.7479
66.3519
67.1588
66.3875
64.1576
63.1728
63.6467
63.3149
63.5391
65.8848
63.1255
64.5173
60.9865
62.4244
65.0115
61.9319
65.8737
62.3204
65.6473
66.1185
64.5403
66.2347
66.4594
65.1787
63.5141
64.1213
64.7454
65.5578
66.8094
65.9626
64.0216
64.7862
64.716
64.4253
66.0032
65.9732
62.1276
64.5377
63.195
61.4134
62.0529
61.3554
65.689
66.8058
63.4348
64.4914
66.7356
64.9645
63.2091
64.0351
66.3536
65.3141
65.0999
66.2413
64.7375
64.2834
62.3657
63.4376
64.6596
65.0808
66.4184
63.5492
65.9277
62.9615
62.364
63.1117
65.2753
64.6745
65.9362
65.4508
66.1834
62.8792
61.344
62.0782
63.0356
64.5947
65.5665
64.6568
64.8136
62.0415
64.2988
65.516
65.0655
63.8463
64.2171
63.5574
67.208
66.0053
65.7325
65.8892
64.5265
64.2125
62.0374
62.733
63.0103
64.4202
63.9046
63.9747
65.6889
64.3582
61.4023
63.2963
62.5863
65.4653
63.1321
63.6512
64.245
62.7676
62.3396
67.0445
63.9499
62.1175
63.2487
65.2045
65.5955
64.7658
67.3635
64.6917
62.0879
64.187
68.1483
71.0126
69.6064
66.1026
64.5515
64.3382
64.9234
63.3643
63.9591
60.5055
62.316
65.1779
64.9921
64.4862
66.4276
65.4
63.6718
62.1437
65.3709
64.8764
66.2326
66.3117
64.4339
63.5365
64.23
65.2365
66.7286
60.9514
62.9606
65.1382
64.9843
65.3535
61.9384
64.5391
63.2224
59.9618
62.1182
64.7087
66.0354
65.0502
64.6008
65.7267
63.8319
62.9739
63.288
63.2323
62.1834
63.9523
64.1339
65.0005
65.1344
65.0282
65.2213
63.1221
62.1137
63.4515
66.2859
66.0717
62.6956
65.1988
65.1894
66.8915
65.2968
65.7879
64.2997
62.876
62.7436
63.616
66.4876
64.9951
67.3702
63.6903
66.8562
63.1921
63.1913
63.9077
64.5764
64.7125
63.4195
65.3379
66.2668
64.5667
63.5466
66.8153
66.5007
63.1984
61.6873
64.6405
62.6631
65.677
64.579
62.9791
65.5782
63.0118
67.4969
63.7889
62.017
63.7839
61.5937
62.7264
61.8694
61.9283
64.5673
64.2783
63.1317
63.01
62.5003
60.2388
64.3748
67.5286
64.6663
67.175
64.6691
64.1124
64.7757
62.3848
61.5999
63.2212
61.0279
62.6533
60.3564
63.7285
64.7894
64.1247
64.446
63.8363
64.5391
61.1365
63.0099
66.3336
62.6708
61.2993
62.4303
62.2438
63.3668
65.675
65.6388
61.3699
64.3487
62.4806
60.8674
63.1185
63.1653
62.0727
61.3327
61.3298
64.1372
63.3391
64.4401
64.8887
65.6699
67.1627
66.4688
62.7073
64.0274
65.6448
64.3599
64.84
64.8353
66.7968
62.1729
59.7601
62.933
60.6936
63.895
62.1691
62.7157
61.2509
60.0704
62.7878
61.9361
63.8361
63.296
65.9144
67.349
67.591
64.6263
63.5336
63.5607
66.8062
63.5938
65.6555
65.1457
67.7821
69.1077
66.1137
65.3441
66.5649
68.4962
66.3598
62.2876
62.4758
63.8401
65.9619
65.7069
64.5721
63.8329
64.9071
67.1909
63.1837
61.5873
61.835
60.9528
63.4686
62.0814
63.6033
64.7338
65.6735
66.3623
65.6718
67.0546
63.6967
66.0029
67.2994
66.3962
65.9462
66.1735
64.3984
65.527
64.7007
62.4605
65.8425
64.3723
66.4847
66.8274
64.6951
62.7057
62.8921
61.4388
62.1348
64.983
64.816
64.8047
63.4594
64.076
65.5255
62.6133
59.9557
63.6298
64.1542
65.3299
64.5887
63.7487
64.5206
67.0659
69.5487
67.2346
66.3383
66.2847
63.7806
62.8777
63.9914
63.7435
65.499
67.6524
67.9892
65.1853
66.9741
63.8294
64.9095
65.2787
63.9792
63.6709
63.7565
63.7468
63.5841
64.7107
65.1351
63.1158
63.36
65.2348
65.5098
64.6826
62.9066
63.7423
66.2397
65.0196
64.7279
62.7398
62.5613
62.3801
61.4666
60.8257
63.9029
64.8448
64.8268
65.0179
63.5939
63.6397
64.0665
64.7096
66.4157
62.8795
66.4576
64.9181
62.6005
67.162
63.5748
63.6603
63.9985
63.8375
64.2524
63.2834
63.2909
65.0208
64.9302
65.3493
64.3517
66.3467
66.6315
67.2003
66.4273
65.164
63.7557
64.501
62.9006
63.0989
62.6267
64.1767
64.7015
64.451
63.4374
63.7821
62.6524
63.5557
64.1475
62.7733
62.6365
63.3114
64.5871
63.8887
63.2114
66.5789
64.4583
65.6728
62.9928
61.5317
64.3557
64.1797
63.3658
63.2504
64.595
65.2208
63.6348
62.3458
66.3862
63.7247
63.6616
63.5688
65.7513
62.5107
64.3739
67.8784
67.7662
65.4399
64.7147
65.3587
66.7799
64.9059
64.3331
62.2882
62.8244
62.0283
64.1439
64.3094
64.382
63.3857
65.0304
66.8644
66.3609
67.6563
67.2816
64.9489
65.6888
66.8737
63.3806
68.1023
63.8706
64.2493
66.5555
67.5855
66.6875
65.1398
64.6837
65.11
66.2744
62.3432
63.3378
67.3966
63.6679
64.9057
67.1224
66.8829
64.9353
63.9234
64.8375
64.5005
62.3544
62.0543
63.3332
65.4839
63.5398
66.5644
65.9194
66.2024
68.1387
68.7872
66.4116
63.5175
67.1166
64.9431
67.0065
68.7224
64.3519
68.5372
65.9365
64.1644
65.5583
65.7918
66.5083
66.4914
65.4682
64.7624
65.7271
67.206
64.2291
64.2067
64.2787
65.5187
62.6965
63.6082
63.1395
63.9575
62.7884
64.8969
63.2923
62.0984
62.546
60.2071
62.7793
64.8899
62.8269
63.7241
63.9507
64.4877
66.5892
65.992
63.6472
65.116
63.0835
63.636
64.8182
63.8508
63.4465
63.3327
64.2563
64.4696
65.2097
62.9862
65.253
61.5179
62.6025
65.7233
65.3054
64.5983
65.7011
64.2792
65.1075
64.9329
64.9228
65.4798
61.9667
63.2504
62.1214
63.5687
65.9436
65.1373
65.6074
65.9829
64.2849
66.0439
62.3863
62.3724
61.4572
64.3329
61.6215
65.1718
63.7362
63.9493
61.6659
63.0609
66.2818
64.0259
67.5065
64.7247
67.9421
70.3554
65.621
64.4898
66.3306
65.1479
65.6309
63.6575
64.228
62.9848
63.5237
63.8859
65.5187
65.3648
69.1727
65.0704
63.7174
63.5284
63.3799
62.2522
63.5984
65.4336
65.4444
66.7359
65.9201
62.1982
65.3837
63.6456
63.638
65.1817
64.2379
63.8147
62.9294
62.9803
64.5769
65.0604
66.1199
62.8057
65.5468
63.1179
65.4897
65.8712
65.5284
66.3006
62.4464
62.4893
64.8978
64.6458
63.3293
65.5171
67.2397
64.448
62.0361
61.5404
61.8517
64.7301
66.585
65.5634
64.4487
61.9596
61.2993
63.2797
65.9444
64.9978
66.74
66.5168
65.8186
64.19
63.0488
64.5332
62.4081
64.1779
64.2022
67.4299
67.7262
63.9138
59.7303
61.2616
63.3743
63.5996
59.2507
61.7208
63.8753
64.8551
66.9129
66.2331
66.6767
64.4344
62.5918
62.9853
63.3562
62.9758
64.4681
62.9395
64.7546
66.0174
66.9369
65.3095
63.8348
62.1522
64.2304
63.9119
65.5659
64.1907
64.3784
67.076
66.5158
66.4675
68.2982
65.2854
64.8507
62.853
64.2886
65.6859
65.3465
67.0004
65.7727
64.8918
64.8333
65.4155
62.6973
62.0545
64.0573
65.7037
65.0592
64.1736
63.1346
64.7366
63.9584
66.0794
67.1605
64.5585
63.9427
63.039
64.9223
62.9996
63.3235
62.3921
65.1214
67.6659
65.855
63.536
65.5316
63.5377
66.1026
61.3359
62.741
62.4493
64.9483
62.5014
64.5802
65.6656
64.0887
63.4199
63.0382
62.1839
63.3918
63.2752
61.7071
64.1481
64.3567
62.3511
62.3432
62.3143
62.8491
62.3399
62.7124
64.404
66.1353
65.2785
65.6559
62.1053
62.5407
64.1957
65.0706
62.939
64.0476
63.8042
64.3225
65.402
66.0587
67.3041
62.6593
65.8561
67.7925
66.2177
63.802
62.5405
62.9959
62.3065
63.2219
61.4124
62.6743
62.9574
61.1308
64.042
64.0156
64.7801
68.0778
65.3112
64.2414
68.0608
66.2917
62.7198
64.3386
64.0955
63.1504
65.2868
63.5923
65.7585
64.9578
63.1
63.8569
65.5519
63.5999
60.7423
61.4479
61.7756
61.6265
62.0723
63.7645
62.0067
63.9308
61.918
61.6228
60.948
62.1327
61.8829
62.1856
63.6385
63.1518
63.8162
63.3581
63.7535
62.5494
62.5053
62.1082
63.4117
63.2002
63.6271
68.4082
66.9769
64.6669
64.947
66.1439
66.1601
62.4966
63.2354
63.8548
64.7819
65.5076
65.1138
64.2752
66.1696
67.0311
64.2967
64.1818
62.9636
65.1391
63.8617
62.4821
63.3973
63.1925
64.6843
66.1047
65.4901
64.841
67.0584
64.137
63.1574
63.2903
65.366
67.181
65.9866
64.9195
63.4405
63.879
63.5113
63.3665
62.4471
62.3986
64.1485
63.694
61.4922
62.9058
61.654
61.8567
61.7555
63.0387
63.2811
61.4292
61.9815
64.6395
65.0393
64.3226
64.1307
66.2571
65.7206
65.4893
65.2928
64.3245
62.4079
61.4463
62.7413
65.5439
66.0739
67.2609
67.1682
65.8841
65.1772
65.7489
61.1284
62.0714
64.5237
65.9755
65.4851
65.0555
65.4908
62.9118
63.8559
62.6158
63.0756
65.1084
64.4548
63.1268
63.8674
65.0177
62.4381
64.6195
63.4116
64.1359
63.3978
62.1681
64.3935
63.7911
64.1128
64.6063
64.7121
61.76
63.5052
63.1259
64.087
63.4483
62.7622
66.0066
68.3235
65.5455
62.4477
63.9939
66.5275
65.1551
63.9912
64.4533
64.526
64.1236
63.1217
64.693
66.8975
66.4342
65.6343
68.3729
68.8624
63.1804
63.1456
63.8613
65.4741
65.5255
66.2227
67.0295
65.0296
64.2061
66.5528
62.9782
61.2466
63.3602
60.8705
61.9347
64.3735
65.6329
65.856
67.003
63.9669
63.8342
63.9431
65.1701
65.5321
65.0333
65.0084
65.1385
64.4117
62.2626
63.9671
62.5802
65.5223
64.1074
60.0284
63.0715
63.6534
61.8149
64.871
64.9691
62.8508
60.9032
62.2275
60.4785
62.2063
60.5775
63.729
62.3337
63.8042
65.9676
64.8748
64.2188
62.4292
62.7821
62.8666
63.9452
66.9542
65.4044
68.4352
66.3876
66.0121
64.4146
65.572
68.0778
64.8435
62.4834
61.7713
61.2924
62.883
65.7935
65.6642
61.9219
61.896
63.9019
64.1837
67.8029
64.9683
62.9329
64.1759
61.9997
62.7506
63.4166
59.9642
60.8904
59.891
60.0814
61.8339
60.4373
61.6161
64.3477
65.3303
63.2676
65.0734
62.8128
64.8721
63.5002
64.0177
66.0749
63.2125
65.1461
65.8254
62.4365
62.0615
65.7858
63.6706
61.2951
65.6794
63.4049
63.872
65.9348
65.7449
63.9979
63.5863
65.2185
63.8315
60.9841
61.36
63.2093
65.7533
67.3628
64.2965
63.292
63.6982
66.8979
66.4947
63.8177
64.5271
65.1986
65.9826
65.543
63.3236
63.6077
64.2637
65.9631
65.7627
67.3202
64.5392
62.8194
64.3578
65.6165
66.4395
63.6809
63.3364
62.6233
63.6785
64.194
63.8158
65.233
65.3536
62.4023
63.8393
63.1953
64.5604
64.0353
65.5017
64.4341
63.3587
64.8383
67.3559
64.0368
64.6893
66.3347
64.9579
65.1788
61.6835
61.8525
65.7163
66.5226
65.7273
66.7486
62.2188
64.5669
65.9048
65.8229
66.3571
65.6362
65.135
62.9145
61.9572
62.6354
61.1648
63.8261
63.9882
63.3767
64.6668
65.2542
67.3662
63.6617
63.3308
62.3407
61.3533
60.9827
65.4796
65.7031
66.4923
64.2555
64.0698
64.8653
65.7387
61.6289
60.9553
63.1793
62.0877
63.6887
60.9589
63.1429
66.294
67.7905
65.5661
65.0398
64.7715
65.2997
64.5363
63.5
61.8742
63.7563
63.1776
62.9616
65.0491
65.2434
65.2489
64.8467
67.2033
65.408
63.2796
62.186
62.8307
62.5862
64.2347
64.5677
62.0996
62.9151
61.4668
63.8365
63.3186
64.6442
64.9968
66.9978
63.9695
65.1357
65.783
63.0388
61.8238
66.0158
66.7406
64.256
63.9047
65.9324
64.3158
63.0415
62.489
64.3965
59.5755
64.2998
65.2294
64.5039
65.01
64.7506
65.4388
64.2386
66.8655
63.0529
63.0258
62.2177
63.5956
62.8887
61.2475
61.0071
61.5955
63.9116
64.6337
64.5001
62.3552
65.0007
63.7557
65.4206
63.8325
65.4639
64.2274
62.5259
65.2324
64.1328
64.0921
63.9759
62.6458
66.2314
63.609
63.3581
63.9739
61.799
63.1356
63.8043
64.1196
63.676
67.4166
65.1514
63.4225
65.1322
60.1058
63.1595
64.2776
64.4567
62.4663
63.5571
64.5855
66.4742
68.1291
63.9284
63.964
63.363
64.3017
63.654
65.7667
64.8112
64.2879
65.4908
63.778
64.4926
63.552
64.332
64.3434
63.2915
64.3354
62.1745
64.7119
63.8767
66.1353
65.156
65.5398
67.464
65.2244
66.4454
64.1437
64.2001
61.0271
61.9924
62.3448
64.418
63.153
62.7717
61.8283
61.6894
62.167
65.2025
67.1065
65.6001
64.2496
61.3959
62.3879
62.8137
65.0714
64.8995
64.2766
63.3754
62.5794
65.0043
64.783
63.861
62.5649
63.3586
64.2453
64.9764
66.2353
65.1361
63.3612
64.3109
61.2653
63.8377
63.0713
60.426
62.4222
63.669
63.9145
63.5202
64.6984
66.5572
66.2888
65.6183
65.486
62.5094
63.2048
68.1345
61.3341
63.3077
63.3948
66.3049
64.7481
62.0959
63.6654
61.2974
63.7173
64.6443
64.7495
66.9867
64.8783
65.9852
66.1086
64.57
65.114
65.7355
67.8172
64.2747
65.6892
68.6255
64.7071
65.975
63.9954
62.2716
65.3902
63.6206
64.5386
64.3317
63.061
64.6061
63.04
62.4957
62.438
62.9352
64.9287
64.8341
63.2075
65.84
64.4861
62.6578
63.598
63.2451
65.8288
64.9633
62.3822
63.4538
64.147
64.986
63.5505
64.4552
62.0485
65.2461
66.1796
63.3704
62.0115
64.4605
63.986
64.1959
64.8033
63.7327
66.201
65.9389
64.6976
65.6766
62.7298
62.9285
64.5979
65.576
65.8829
65.3522
64.5477
62.5405
64.2075
63.0977
63.0794
65.1104
65.1584
64.6411
63.4123
63.35
64.6966
65.6112
64.2019
65.611
66.0161
63.2558
64.1599
66.9274
64.0213
63.0925
62.4575
63.6301
66.8456
66.411
63.1535
64.0502
62.2195
62.3298
62.643
60.8117
62.7661
62.4596
65.6909
64.9688
64.1823
63.4138
62.8985
66.135
64.7651
64.6087
63.3854
63.3798
63.242
62.945
63.8814
63.8017
62.4011
65.2
66.8314
63.037
62.3183
63.7791
61.0771
61.3101
66.0543
61.4915
61.3125
62.0364
65.3053
66.8643
63.1197
61.6775
60.7306
61.387
65.5193
67.7407
64.7055
64.4947
63.5195
63.9886
65.4741
65.0123
66.542
66.6944
65.1897
60.8281
61.4609
63.2557
63.5799
64.9676
66.6429
62.5738
65.0179
64.7098
66.0661
63.9283
60.8059
64.3263
64.0895
62.7401
64.4567
65.6562
66.8035
65.419
62.0982
63.1682
63.2342
63.6367
64.9699
68.2527
66.7772
66.2256
64.891
63.2254
62.7765
62.3857
60.5779
62.322
66.2983
61.3585
64.213
63.7627
66.5714
64.1271
64.0334
62.9183
63.4646
64.5064
62.7772
63.4668
64.6266
63.0433
64.5221
62.5248
64.1659
63.018
67.2792
65.5349
65.359
66.2328
67.2498
66.0925
67.6419
65.0644
63.5745
61.4831
64.8389
65.4953
67.0376
65.4184
64.6767
64.7158
64.9334
62.9189
61.3232
63.5604
63.2784
62.0224
62.6929
65.41
63.0141
65.6529
64.5042
66.1901
65.0217
63.3705
64.9817
61.8451
63.8018
62.3254
63.2653
63.1047
62.6395
64.189
63.9584
63.8211
63.5582
65.1086
65.3886
66.6347
64.2091
65.747
62.9757
60.0898
66.1451
65.3894
63.6871
64.4062
65.3063
64.5577
66.5363
64.8677
66.6844
63.3007
66.8616
66.9222
65.3537
63.7407
62.9113
63.9915
65.1743
62.9448
65.251
66.2928
65.5836
65.2402
62.7402
64.0665
63.5298
63.5058
60.7124
63.3585
65.3692
63.0865
62.6375
63.3247
62.514
63.2162
65.5302
65.1335
65.1631
64.7143
64.1372
63.5995
64.5976
65.857
68.3135
66.0437
65.1814
69.0552
65.5315
64.0378
66.6235
64.6747
63.9615
64.8303
66.8658
64.5728
62.5105
65.0287
65.1104
62.8128
61.0715
62.7817
63.7077
63.9587
61.2108
62.0439
65.8012
66.3256
64.9444
64.4881
63.8094
65.0235
64.2986
63.6596
64.0268
65.1617
67.8203
65.8595
66.1171
61.4624
65.1948
64.7138
62.9382
62.7104
65.7062
64.3752
64.6412
64.6274
65.4381
62.3905
62.5176
61.8872
65.0679
66.4737
67.1024
65.5708
66.334
63.2921
67.9054
63.9466
63.1556
67.2671
66.0905
63.829
62.785
61.4009
63.6869
64.3296
64.1626
64.618
61.4277
64.426
64.1619
64.312
61.5917
60.591
67.7681
63.4434
63.9558
63.0732
64.2582
62.3355
63.878
65.2339
62.661
60.6965
63.0134
62.1959
64.9884
65.2506
63.5814
64.9182
65.3212
62.4676
62.6083
64.3046
61.5506
61.4652
62.5727
63.5839
63.0494
62.8169
65.4063
65.0499
64.0841
66.4866
63.7607
65.7991
68.417
65.9876
65.9118
65.5506
64.3986
65.9221
66.6966
69.1107
64.8454
61.7726
61.4244
63.0446
63.6106
62.2773
63.4397
64.0059
61.9895
63.3574
62.9157
63.0362
62.3297
64.5342
64.7615
60.6172
60.9012
63.1905
65.3144
63.4034
63.9421
64.8171
63.5236
67.0089
65.86
62.8063
65.4011
66.8497
63.9405
64.6173
64.907
65.9118
66.9428
64.9318
62.4163
63.3173
66.025
64.0406
64.8944
65.1703
65.1395
64.0739
62.3074
60.7788
64.791
66.7151
66.0434
64.344
62.7152
62.8773
64.7783
65.3055
66.3966
67.052
64.3225
61.5186
61.23
65.3763
63.9698
62.1306
61.1019
65.5228
66.4972
67.403
67.4855
66.7868
66.4806
64.5929
64.0165
64.0634
62.9508
64.9284
67.1807
66.8569
65.5524
61.7501
63.2933
63.224
62.6115
62.0257
65.1937
64.7234
65.8911
66.7245
64.7342
66.6169
62.4374
66.927
65.3401
67.3208
64.1204
63.6165
66.2496
66.1541
63.8393
63.3536
62.2348
58.3209
62.2894
64.682
64.4342
63.3675
64.5256
64.6792
65.2422
65.3079
63.9929
66.5111
65.4055
63.5408
62.8378
65.6742
65.3256
69.8735
64.3995
65.986
63.1278
62.0167
62.3329
64.445
64.0741
62.4984
64.1486
63.4893
67.893
64.1542
63.1187
64.2254
61.155
61.0764
63.2496
63.6144
62.0657
61.7906
62.1333
61.9901
62.8836
62.6731
65.6523
64.1176
65.4969
64.7216
63.4994
63.3874
65.9214
64.6105
65.572
65.1724
64.0401
66.8578
67.2486
66.2621
62.9159
66.4524
64.6527
67.7427
67.0153
64.9265
67.4441
64.1889
64.6764
61.7717
65.2536
63.0514
63.0341
64.6426
64.9798
64.6309
62.3563
63.1683
61.4423
62.2564
61.2151
63.8762
63.8346
62.7
61.9702
62.726
63.4857
64.5409
65.0434
63.1245
63.2091
65.3066
66.7083
66.3678
65.1399
64.8907
64.7681
63.5492
63.5995
65.4848
65.5861
62.8977
63.4748
64.0674
63.4359
61.8894
62.2651
63.1564
61.9537
62.9971
60.8899
62.21
62.6408
65.0441
62.969
63.2638
63.1811
64.3621
64.6161
65.0651
64.7525
63.1253
66.9047
67.3969
63.6577
65.4311
65.087
67.711
63.8108
59.7524
62.7501
60.7286
62.2217
61.104
61.6949
65.2784
64.1487
64.6209
64.8499
62.4164
61.2185
61.4806
62.5907
63.7144
64.5204
62.6534
61.2174
64.9448
61.805
65.444
65.8312
63.2482
65.6283
65.1946
62.1007
67.0368
64.3857
63.8624
62.8333
62.0612
63.7487
62.273
62.1911
62.4093
61.9102
62.0711
61.7127
61.8805
63.2902
64.3809
65.7972
62.6981
64.1878
65.6048
65.4007
66.4806
64.9585
64.4322
65.0625
64.8049
64.0863
64.0149
64.324
62.481
65.9073
65.0451
62.9283
62.0111
62.7449
65.7095
68.1783
67.2027
64.509
63.982
65.6801
66.3388
64.4896
64.0081
63.1381
62.2203
62.8367
62.5617
61.9307
59.9763
62.5596
64.6651
66.1277
65.6328
63.298
64.2725
65.8953
64.2245
65.006
61.7848
65.6225
64.0333
65.1934
66.2635
65.9108
64.3472
61.9529
62.3502
62.7362
64.5856
61.1229
64.4709
63.2323
62.4096
65.2175
61.7665
62.7281
64.062
64.953
66.0507
65.6665
66.0281
64.3329
62.7533
64.2831
62.6479
62.2203
64.2794
64.8439
65.854
67.0595
66.9234
63.692
64.9019
63.8479
63.0637
64.4315
62.4247
63.9694
61.7064
63.8675
60.8531
63.4824
60.518
63.6272
65.2278
64.5828
66.9259
65.934
64.3714
64.9501
65.1849
66.97
64.6745
65.7995
68.1669
67.7938
66.3933
63.4826
64.4118
63.8537
67.4125
65.6517
66.5904
65.2973
64.6076
65.0483
67.4608
66.3636
63.4699
61.3374
62.8366
63.9868
63.8636
63.4347
64.5996
62.6257
62.267
62.619
63.1745
66.2861
64.3665
64.3391
65.8979
67.1161
66.8771
70.103
64.9714
63.0138
64.4448
63.5593
64.9512
64.2687
64.0838
62.7235
61.2317
63.5416
64.9074
63.6544
65.5324
63.4037
66.6265
66.2744
68.0734
64.2225
65.8673
64.1515
66.1333
67.1955
65.9217
65.4157
66.0064
67.6683
66.4051
66.4537
62.4945
63.4895
64.4827
62.1234
60.7897
65.0221
65.3946
62.6562
63.8854
62.0215
62.5965
62.8288
64.7533
64.8155
66.4757
64.3747
62.5112
64.1429
65.0239
63.9281
61.9677
63.3517
67.6422
66.0838
65.871
63.2685
63.6458
64.4361
67.7133
67.2361
66.7066
64.5067
64.2079
65.95
68.5065
64.0359
65.9179
63.9867
64.4056
66.5241
62.3565
64.699
65.4125
64.9879
67.2336
66.5758
62.0556
60.8288
66.6157
69.1832
68.8241
67.1278
67.6476
66.4414
65.0555
64.1673
65.7083
64.7272
64.2348
63.8791
64.3315
66.2181
67.0458
65.0208
64.194
64.175
64.8687
66.4262
66.8733
65.0695
65.295
67.1363
67.8068
68.1802
64.5949
65.1165
67.5826
68.4423
66.1448
64.5136
62.6556
65.977
64.4904
65.8701
67.7743
65.4991
67.0193
64.6465
63.5912
65.4736
64.8294
64.3057
64.7883
67.0372
62.6294
64.5226
64.3317
67.1745
64.7545
67.3486
63.6162
66.9054
64.9703
62.119
64.8635
64.957
63.5641
61.7804
64.7519
64.9889
67.9279
67.2681
65.343
63.4446
63.6321
65.2012
63.844
65.0161
64.2529
69.1148
65.146
66.6116
63.316
62.966
63.5988
62.7976
63.3296
65.9452
63.7277
62.4327
66.0248
66.1322
65.7695
64.3851
64.5652
66.1544
65.8214
65.569
60.5321
64.0327
65.2085
63.6233
61.9989
62.3876
62.9795
64.2837
60.8566
61.1977
63.27
63.4095
64.8182
66.7038
65.9315
64.3363
64.2811
65.1127
65.0056
63.2427
64.9556
64.1692
63.7065
66.1314
65.0037
63.7468
66.0313
64.8153
64.6704
62.9841
66.4286
64.0406
65.1607
63.8495
64.9001
63.2518
65.3761
67.0305
67.3306
63.5601
63.979
65.4415
67.0027
64.5837
65.7363
66.5971
65.8511
66.1852
66.1559
66.032
70.805
64.6473
63.4865
65.5633
61.504
65.837
68.5198
67.7792
66.0216
66.0607
66.6513
63.5463
64.181
65.3888
63.1165
63.5154
61.2918
62.9631
64.3051
67.7677
65.9883
64.7778
64.8402
64.7755
65.4694
62.6288
65.0775
64.8348
64.586
64.2639
64.3665
63.1258
62.8885
64.5166
65.9814
63.2679
64.6435
65.0566
65.5428
65.473
65.3933
64.2801
63.9283
65.0575
65.8049
66.012
66.6747
65.9954
64.7356
67.04
62.8907
60.1536
63.7177
64.6683
64.6428
66.6685
65.1271
63.1399
61.6325
64.2619
68.2289
66.9681
63.8659
62.0246
62.1351
64.0851
62.8372
59.5036
64.1306
63.5754
64.6746
65.6819
64.2965
65.9973
66.5896
65.5845
62.8081
66.7824
64.495
62.5764
66.2762
65.8102
64.8021
65.0102
63.9369
64.485
62.0581
64.7202
64.5932
66.5196
65.5413
63.2851
63.5506
64.9669
66.5514
67.703
64.0946
64.3127
63.0386
64.6977
67.5615
64.4031
63.2409
62.738
61.2264
64.5762
65.6264
64.0081
67.1452
65.9479
67.1798
66.952
64.5174
61.992
67.6236
65.2137
64.9407
63.7396
61.2187
62.6159
63.3502
64.7946
66.1278
62.7414
62.959
66.8048
61.4511
63.9269
67.5575
61.6438
65.8417
64.956
65.302
62.5388
64.3213
61.948
65.1237
67.1517
67.1484
68.1447
68.6707
64.7218
63.0464
64.0312
64.5193
65.0928
64.815
63.9206
63.3339
63.317
62.0333
63.0068
62.1957
65.0749
62.4186
64.3894
64.1877
63.6842
62.8509
63.391
65.0257
61.8096
62.2302
62.5004
66.2085
63.3534
64.4746
65.9983
64.9171
64.2398
65.0097
64.8392
68.2988
68.5259
63.7064
63.2486
63.6193
67.7279
66.4231
67.6032
66.9466
66.4167
62.2494
63.2829
63.5528
62.7724
63.2789
63.9459
63.79
63.2326
62.9125
65.4792
64.1151
60.185
61.7055
64.4671
62.6261
61.8851
64.2984
63.8882
65.6175
65.2542
65.1956
64.3529
65.9489
66.2633
67.6202
66.3574
64.7201
60.5843
61.4245
64.1894
62.8705
65.7158
65.356
64.3613
63.8788
64.6581
62.2532
62.0079
62.6804
60.8076
64.6329
64.5917
63.3935
63.0321
63.1317
66.4825
64.4708
65.2584
65.1269
66.8591
71.3388
67.6952
68.1764
67.1969
67.815
66.1122
67.2129
63.2946
67.2212
66.559
63.7499
66.5564
66.3281
67.7641
64.0987
65.7746
66.6423
64.7069
64.6672
64.5172
66.891
66.6502
64.4748
66.7989
64.2685
65.3932
65.6386
63.444
62.9002
63.5749
66.2684
66.0503
63.0492
62.4266
63.4539
62.7437
67.8133
66.9226
65.8129
63.7655
66.6462
63.6407
65.2561
65.4197
65.6658
67.7307
65.6729
65.4747
66.1814
63.9673
61.0665
61.9344
66.5316
64.3295
63.5386
64.7501
62.9236
67.4488
64.712
61.3855
63.0535
65.0087
62.3355
65.2259
63.8934
65.1777
63.6506
65.5475
62.8155
66.2451
64.827
63.5446
64.1656
65.9263
68.127
65.9333
66.1648
66.0065
64.6672
67.0619
64.7172
65.1123
63.4443
66.0065
66.2208
62.5772
66.8009
66.6565
67.1325
67.4947
64.6533
63.9554
62.8579
61.9748
64.5445
65.0944
63.9657
64.2718
62.5386
66.4671
64.773
61.7755
64.4356
64.2886
65.6463
63.092
65.4247
63.4926
65.5449
65.7287
63.751
62.7255
63.3031
64.4758
62.8817
60.46
63.2917
61.5888
64.5923
63.1469
63.9412
65.8552
65.3202
66.0318
61.881
63.618
61.1593
62.1725
66.3397
67.1879
63.6822
65.601
65.1677
64.4814
67.3498
66.895
66.0409
64.8425
62.7557
64.9465
67.4803
63.6744
68.2312
67.1377
67.2957
64.296
61.2932
63.7083
65.4959
64.8301
61.7096
64.3727
64.4922
64.7792
67.1048
64.9413
65.1827
63.1843
64.9902
63.6573
65.159
63.9134
63.035
65.2534
63.4475
63.8849
62.4886
65.4977
65.8904
63.7771
63.8542
66.586
65.1907
63.3218
62.9782
65.5316
65.1896
65.4337
65.5389
66.9985
61.0476
65.5666
63.341
64.2593
61.7732
63.9739
63.1998
65.4611
63.6654
65.2573
64.4719
62.624
65.8943
63.7888
64.7878
65.088
64.714
65.5806
66.4298
66.1145
66.0668
65.9391
67.2009
66.9129
65.8377
64.3026
64.7231
63.1014
62.3598
63.1074
62.1211
63.3435
63.37
67.3276
66.5402
64.9633
63.0024
65.8268
65.1461
66.991
67.3371
65.9827
67.6946
67.7736
63.256
65.8843
60.4929
61.1271
65.5546
65.368
67.7256
64.3042
62.8255
63.9441
62.9096
63.2364
63.2667
63.823
63.3052
60.929
63.2546
61.7055
60.9885
63.4943
64.6498
63.149
65.2454
66.3074
65.0983
63.3793
66.8958
67.6571
64.1681
63.7125
64.6942
62.8257
66.2447
68.6047
64.8207
62.5663
65.3598
63.8184
63.3703
64.0871
65.3483
65.9645
64.6351
65.983
63.6388
66.1676
62.1835
63.5526
66.5769
65.931
64.7432
65.3115
66.5189
63.8928
63.9577
62.8205
63.1675
63.6124
65.4414
64.463
64.6226
67.2683
65.8861
65.5768
65.0547
67.1039
63.2582
66.7991
66.9732
62.9063
62.8033
63.2052
61.6378
63.4634
63.0824
60.3532
61.9216
63.015
62.8333
66.6385
65.0954
62.2709
60.4101
60.8455
60.5215
61.6066
61.7553
62.1544
62.8961
65.2281
63.6361
66.0847
66.356
64.1731
64.3235
66.3138
63.1029
64.7429
65.4342
63.7922
64.3737
63.1426
67.9194
66.3592
63.1864
65.8986
67.6657
62.8477
62.2389
65.2974
65.1213
64.0372
64.5563
63.727
64.6983
65.233
64.52
66.4757
63.1849
63.5438
63.4291
63.7752
63.1214
63.1722
63.2712
65.8226
62.0876
64.0926
62.7358
64.6634
64.9875
66.6928
66.3011
63.6695
64.498
63.7226
63.2586
62.8377
66.1719
65.5644
64.0025
66.3614
65.8213
66.2376
66.1765
64.945
63.7429
63.8213
63.9981
62.7513
64.8951
62.8926
62.7543
65.9844
64.3
64.2708
64.5621
64.6425
64.2208
64.8113
65.8214
62.6287
63.0377
65.148
66.4895
66.5935
67.285
67.7652
65.1087
63.0222
63.6084
65.8822
66.0331
64.6578
63.7861
63.017
64.4835
61.6272
62.2378
63.3826
64.2674
64.0699
66.5741
64.6283
64.781
63.7013
64.9031
64.3534
65.1084
66.5947
64.6799
65.4088
65.7173
65.1217
67.0941
65.2529
65.1004
61.8379
62.6792
65.3643
63.7287
63.4962
62.451
63.4415
64.8672
63.6376
62.545
65.8756
65.1809
63.8176
64.176
65.338
67.0864
64.0137
63.7061
66.671
66.7695
68.6019
65.7977
66.5889
66.2054
64.3099
66.6766
69.6561
67.3404
66.117
65.1757
63.9819
62.4098
62.7775
64.3403
65.9753
66.5517
66.2093
68.5656
65.3504
60.9264
61.955
64.8536
64.0636
64.2549
64.5353
65.8785
63.6936
64.5103
62.7373
68.0169
63.8432
62.1036
61.3591
65.2475
64.3949
67.4109
65.6972
62.7144
64.1057
63.4143
66.051
66.9109
66.2682
63.4163
64.7036
65.1614
65.8017
62.8736
62.7869
62.0125
62.9163
64.0887
63.828
63.3563
61.0097
65.2908
66.8234
66.4705
65.3173
71.44
66.5089
64.7529
65.1917
66.0526
67.7216
66.2069
64.6228
67.1708
66.5629
63.968
66.6543
65.3258
65.4549
64.4659
65.7996
64.9058
62.8952
64.1
65.5187
64.4783
65.0676
63.4942
63.3405
63.0595
64.4304
62.8687
61.4275
62.6469
65.2075
62.8369
65.6817
63.7979
63.3962
67.2966
66.1053
65.5823
65.9928
67.8355
62.9774
66.6457
64.2256
68.2623
65.2056
65.0721
66.3136
64.4719
64.9521
63.5902
65.1096
64.8776
65.8907
65.4122
66.6975
65.2244
66.265
65.0952
64.1619
64.5187
63.5583
62.1105
63.31
62.5143
61.571
63.5506
66.9036
65.3467
63.7821
61.6151
62.8947
63.2969
64.43
66.0078
65.4307
62.3779
62.3886
63.0396
63.2853
66.4935
61.8133
65.475
65.7509
64.7315
63.7003
64.8638
63.2649
66.1626
63.3854
62.3305
64.1493
63.801
68.2584
67.3787
66.0114
66.0056
66.7846
65.0023
63.2979
64.2817
65.293
64.3211
65.8755
60.9592
63.7402
65.7097
64.3887
65.2521
65.6212
64.7572
65.764
64.7376
64.6878
64.7179
63.3808
65.7431
65.98
66.5863
65.4371
69.5848
68.49
66.5771
66.7032
65.1537
64.3812
64.1285
64.4358
66.1831
64.3579
66.205
67.5961
67.2204
63.4962
62.3362
61.8936
63.0666
64.0274
66.3483
64.129
62.8438
64.2306
63.4103
62.0501
63.2626
66.6526
64.4241
62.3999
64.165
66.2997
65.4138
65.0193
63.3049
68.2192
66.1286
66.7559
64.8153
67.4422
65.9154
65.1115
64.6126
63.2507
64.1211
63.7339
64.0927
63.4077
63.5797
63.7098
66.4082
64.1172
62.3647
63.5194
60.5619
60.3286
62.3213
64.7488
65.6509
67.8935
64.9285
64.0238
61.4348
61.3719
62.7081
62.6958
64.8251
64.9149
63.2641
62.5401
67.5461
66.3147
66.903
64.1885
66.5512
65.4367
63.8816
63.3764
63.3669
65.8057
65.582
65.5533
65.9612
64.0987
64.4405
63.9268
62.3528
62.6792
62.5836
63.4269
62.7458
62.5411
65.2038
64.3563
63.4132
61.2594
62.6646
65.1216
66.1899
63.6804
60.7697
63.1799
63.3781
64.316
64.241
63.4387
67.3479
68.4763
65.3647
65.076
64.8729
64.0219
64.1428
67.2527
66.0927
62.4924
64.0066
60.9723
63.6791
65.1142
62.9728
62.8862
64.0723
65.2795
64.1882
65.3061
66.029
63.481
62.7782
61.9592
63.4333
62.5287
61.4985
62.0554
64.2591
65.1876
64.7146
64.5338
62.8629
62.5661
64.157
63.0107
63.82
63.9613
62.4881
65.2101
63.5054
64.4557
67.3522
66.1899
64.6702
64.2698
63.7027
65.2242
63.0077
62.8932
63.4248
64.2707
65.4285
64.712
63.6586
61.9388
64.143
61.9217
64.8541
68.6699
66.1261
65.9954
66.1864
66.3638
67.1423
66.3307
64.0284
62.1486
64.1027
62.9064
66.1866
66.3191
68.4804
65.7508
63.8656
63.6436
64.3896
66.7187
68.1682
70.2654
67.7544
67.6794
65.8531
61.8839
63.8852
65.5605
65.4557
63.0532
65.2798
64.6349
61.9784
64.6081
64.7592
66.3283
65.5024
69.421
67.742
66.6545
65.4362
62.0246
62.0487
63.135
61.9734
61.1941
64.0707
67.6666
66.5032
64.0311
66.963
65.1327
64.7535
63.3156
66.7437
64.785
64.2929
65.4871
64.5043
65.3196
64.8913
63.7593
66.4201
63.2942
67.0258
63.905
63.8645
63.9367
66.3733
64.6249
62.8963
64.486
63.7321
64.9693
64.1928
66.1868
63.9773
61.8249
63.2979
65.05
62.3034
62.7063
64.76
65.1403
62.6598
64.2955
64.164
61.1599
64.0927
66.5025
64.222
62.9739
64.9289
62.7847
63.6639
63.5712
64.5228
67.0408
64.2617
62.7771
62.0407
62.0022
65.3935
68.7652
67.9489
65.0705
62.3728
62.3543
64.9911
63.4926
64.6484
61.8426
63.4637
64.7372
63.2127
62.5956
62.9059
63.0359
67.0379
62.5677
62.5394
61.6649
63.1581
61.8815
64.0364
64.1658
65.5095
64.9552
62.9707
63.7035
62.3898
65.1474
64.7147
64.9677
63.8897
63.9564
63.0886
64.8961
65.9584
65.4074
62.0439
65.8797
64.9461
63.7797
62.1816
62.7649
64.2417
64.8484
61.2928
61.3903
63.4135
63.8894
62.6843
63.1668
65.7754
65.7043
65.6219
63.8216
63.1724
67.388
63.8103
63.5993
62.6855
60.4219
64.2522
60.8404
61.8188
61.3155
63.6256
64.434
64.9466
64.7485
64.2595
65.3879
65.2019
63.3301
63.2
65.1493
65.3644
64.0085
67.6966
61.6041
66.0814
66.2517
69.0054
69.7846
65.7235
65.0343
62.6686
65.2482
61.6662
63.2765
63.7355
65.6079
64.5397
65.0172
64.4395
63.0165
60.9838
63.7019
64.3519
64.5789
65.3856
64.7239
65.8927
65.1212
62.6069
62.1581
61.2488
62.5244
65.4961
65.0957
65.6071
64.5773
65.5643
63.986
63.185
63.7679
65.8877
66.0408
66.9058
63.6697
67.2735
67.9496
65.0038
65.0431
64.7583
61.3544
63.332
65.6369
66.4665
62.8704
64.9212
63.5334
64.4385
64.8715
62.6974
65.4098
66.2847
63.8518
63.5425
63.9171
64.6032
65.2625
67.4032
65.1322
64.1751
61.8347
66.4713
63.3205
63.0894
65.2395
63.5514
63.982
64.4305
64.5616
65.5784
60.5002
63.1033
63.7038
63.1606
63.9618
63.6478
64.7402
64.3825
64.4943
63.5076
64.5043
66.4291
64.7764
67.6807
64.3596
66.3089
64.7225
64.1749
62.0536
63.462
62.8622
60.9236
63.658
65.8048
68.9608
65.8782
62.756
63.478
64.9151
64.4059
64.7769
65.5568
67.5091
67.2617
63.953
64.0185
65.403
63.3767
65.2335
62.485
63.1426
63.7108
65.6397
63.4688
64.1857
64.9975
65.8709
63.8029
63.6004
65.9162
64.8631
64.3964
66.6372
67.0285
63.7764
64.4397
66.4825
66.5761
66.3169
62.7181
65.0181
67.3302
64.212
67.1393
65.4851
63.2994
62.7191
65.5051
63.3124
64.1795
63.6626
63.9462
62.336
60.7555
62.8034
62.5622
66.4151
65.0879
62.3622
64.5445
64.0583
67.2801
66.2071
62.6488
64.6003
65.3726
64.3184
66.3294
66.6808
64.7091
62.5643
63.6913
63.6094
62.7835
64.7427
63.4334
65.8922
65.3667
65.2982
63.4733
64.648
67.2029
68.7794
69.2754
67.8466
65.3624
66.7624
61.9484
61.6317
63.2738
62.6204
64.4191
62.6339
66.1018
61.0618
64.1416
65.7268
66.1106
63.9341
66.0099
66.5355
63.1504
65.1955
67.0742
64.0155
64.1626
64.7932
62.1735
63.8136
65.5297
64.6483
65.9573
63.125
67.0875
64.732
61.9908
65.1398
62.2473
63.0901
61.6597
65.3877
65.0734
65.8998
64.8232
65.8667
64.9257
66.2182
65.9632
65.9252
65.5538
63.3608
62.8339
63.1253
63.6951
65.1424
64.1614
63.5347
62.5236
64.4752
65.383
66.2315
66.0396
63.6408
60.6274
62.1484
63.0545
66.3207
65.1984
63.002
62.0751
63.1814
62.1132
64.0979
63.3591
64.5986
61.9479
60.1609
64.3718
63.4755
62.0402
65.6454
64.705
64.0016
64.8191
65.2156
63.7027
64.6654
62.3817
63.8308
64.4531
63.0861
66.0463
67.8326
68.5626
64.0682
64.9942
64.0342
63.9429
62.6211
61.5971
62.394
61.3701
63.136
62.5563
63.6477
63.741
65.1799
62.7912
64.03
64.9407
64.6619
63.9709
64.7216
65.3412
65.058
62.3656
63.31
63.1812
65.8898
64.3349
66.7633
65.556
64.7474
67.0485
66.9639
65.6715
65.0062
66.4475
66.6178
63.5573
66.5597
67.4848
66.6851
64.8467
60.502
64.6163
63.4422
60.7824
63.9718
63.6797
63.572
64.2631
65.3825
63.7189
65.6604
67.9635
64.8796
67.6958
67.0503
67.819
67.9559
65.0904
64.2731
64.8726
65.6099
67.0636
67.6621
67.4649
65.4816
61.0917
61.6848
64.6325
62.5552
63.4726
63.2467
63.0133
61.4442
63.0832
64.3192
60.5074
60.8935
64.6225
63.9792
64.1705
66.2965
66.6154
64.6918
65.6269
65.9341
64.5774
62.6164
62.1041
61.8905
63.7538
65.3948
65.2588
62.0176
65.7847
63.2835
65.7701
65.8479
65.5514
63.354
63.7684
64.2644
64.3637
68.1313
64.9741
63.901
63.3944
61.9467
62.6908
63.8333
62.6939
62.4132
64.6031
64.368
65.292
67.238
64.9973
64.4926
65.7017
65.9642
64.6233
68.0339
67.751
64.5839
66.0876
65.5211
65.9829
64.2064
62.9688
64.8213
63.4802
63.4847
64.7217
64.6829
65.0332
63.9446
62.2
62.9611
61.2787
64.2782
65.3507
65.7385
65.9636
64.4334
64.5794
66.8037
67.4108
66.9042
67.4883
63.3758
65.2118
63.7312
64.3377
66.9678
68.2158
67.0153
65.019
65.6092
65.2217
64.0754
62.6573
63.2139
63.1976
61.7365
65.3118
65.8139
62.9069
62.58
64.3634
66.3736
64.1994
61.6238
62.1937
61.3168
61.9309
65.9315
66.0854
64.613
63.5534
64.1189
65.5398
63.6975
62.5188
64.8556
66.436
64.3725
62.6809
66.2508
65.1748
63.8579
62.3083
65.9975
65.4169
64.3974
63.1018
64.5948
66.4511
65.7967
61.9082
63.3591
62.7139
64.5182
65.5218
63.9365
65.9345
65.4924
62.4677
65.313
65.1151
66.4313
64.7904
63.8293
62.1636
62.6885
62.6429
63.8859
61.3928
63.266
62.5888
61.6271
63.2677
64.2279
66.107
65.1301
64.7892
64.4459
63.9067
63.2379
63.447
65.1011
62.9745
67.1999
64.9122
68.5964
67.2395
66.6176
65.4082
66.292
65.8247
64.8837
63.5593
62.0015
63.4994
62.2481
63.7784
65.613
64.4708
63.9483
64.2678
64.2
64.0397
63.1633
64.9909
63.8957
61.6547
62.644
63.2004
62.8063
64.8784
65.6902
63.4555
64.9903
66.345
61.658
63.4431
64.4055
64.0182
63.6307
62.8122
66.0002
65.2977
63.4195
65.9867
66.6617
64.3602
64.0553
64.2506
64.1378
62.7404
64.3949
64.4055
64.6758
61.787
65.1306
64.9376
65.0012
65.1041
63.6764
63.7371
66.0998
63.6495
63.0803
65.0371
63.8458
65.9018
62.8174
64.3458
63.551
64.9506
65.7207
65.6613
66.1961
65.9623
62.4256
62.2711
66.2187
64.4252
63.4884
67.0641
64.0647
64.5027
62.2317
61.4595
63.1078
65.0121
61.7498
63.4084
63.0309
62.0611
62.6997
66.0897
68.4362
64.8555
64.4907
63.4571
62.6543
62.5773
63.5781
64.443
64.5422
63.7892
61.3968
62.7581
65.7013
64.0883
66.2737
65.3502
64.2742
63.0018
65.2455
64.9126
64.4225
63.8204
65.1768
65.5659
64.5123
65.6066
65.322
65.6008
63.8989
66.8027
67.304
66.6084
67.936
65.5289
64.9616
64.4463
61.9531
62.1747
62.4318
63.8424
65.0597
65.7548
65.256
62.9965
63.2158
63.9244
66.3684
65.8347
65.8868
65.7606
63.2929
61.4168
67.3555
64.9065
65.1934
63.3885
64.1982
62.7153
62.6474
65.5881
65.2152
63.284
64.6182
63.0019
64.8686
64.3698
62.13
63.0569
66.4429
65.1721
64.6159
65.651
64.5314
67.9334
65.7317
65.8002
63.4404
64.1283
64.7178
67.0388
66.6474
67.1127
68.2628
67.9467
65.2367
66.6912
65.3818
65.2276
67.0765
66.0545
63.2829
66.2095
65.355
65.5217
63.9767
63.0894
60.869
66.6322
66.0397
64.13
63.0433
67.4924
67.495
67.3074
63.5972
64.5496
63.897
63.3453
66.2868
64.7417
62.6894
61.2476
62.0664
64.625
64.6311
62.7944
63.5043
63.7133
64.9867
64.224
62.0333
63.0811
64.2855
63.6
63.2699
63.7213
60.2593
62.8318
62.2722
59.8035
61.9163
64.5946
63.533
65.3484
66.8836
63.3114
63.0618
62.6926
63.3482
63.8308
62.6204
64.8111
67.3623
65.7621
65.8062
64.5377
65.4756
64.2913
63.5347
62.7562
63.1586
66.5085
64.9193
64.455
64.4292
65.2686
63.8585
62.7632
64.6494
61.471
61.7752
61.2673
62.2931
62.9293
64.3419
63.1447
61.7787
64.1076
64.3806
64.3202
64.2073
66.0198
67.3499
64.8628
66.7799
64.1961
60.9464
63.6712
63.8394
64.7711
63.4381
65.101
63.4795
63.1277
64.6557
66.5655
65.4485
63.3744
65.802
62.846
64.2526
66.7506
64.2831
65.9225
64.4744
62.0154
64.1196
61.9227
63.0707
62.7965
66.8777
67.7541
65.1567
63.6744
64.1851
65.3383
66.5407
65.7839
66.2627
66.3199
65.1508
66.4709
67.073
65.2058
65.0551
65.6259
64.3971
63.7611
63.7787
65.6661
63.998
64.7656
64.0849
66.2613
64.3559
65.2014
63.5142
63.6282
68.7753
64.5447
65.1914
64.9732
69.4109
66.5646
66.243
66.6829
63.6522
61.7883
63.2475
65.5924
63.8658
63.5466
62.8475
62.0176
64.112
62.1117
64.1065
61.5217
62.6313
65.1538
67.6206
67.4645
65.1559
65.2704
66.9934
67.1462
68.4393
65.7201
64.4794
65.3283
64.7236
64.4569
64.7416
64.4492
67.06
63.7182
64.2309
63.8505
64.5569
63.0134
63.5461
63.9514
66.9669
66.2489
68.3164
65.8019
66.47
63.4957
66.0808
65.0575
64.2789
67.9697
66.1526
65.3865
63.1289
63.8787
63.779
64.2204
64.9715
65.5744
66.062
66.0605
65.6665
64.5469
64.5892
67.458
66.5631
62.5489
61.9926
63.8207
63.5419
61.8276
61.5639
64.5332
62.7793
63.3407
63.7719
65.6057
67.2443
69.9931
69.4408
64.6375
61.9019
65.447
62.9925
64.3007
66.3534
67.9471
68.2745
66.0957
67.3693
68.2685
65.7475
62.6277
65.2606
65.076
64.172
66.1161
63.4496
63.6858
64.1107
64.2119
65.069
67.637
66.2463
64.1864
63.4032
64.6915
68.9886
65.5367
63.462
64.8305
62.9609
64.9111
65.9376
64.9224
65.1533
63.6361
66.081
64.9132
65.0948
67.3363
65.337
65.0224
63.5828
68.2222
66.5048
63.5819
61.7551
62.142
64.5992
65.6873
63.5312
62.2364
63.4448
64.5611
65.3279
64.8032
67.9483
66.6853
65.9719
62.6403
63.0822
66.7513
65.9574
66.3208
66.6613
61.6336
64.1913
62.7456
63.5648
67.3667
63.7814
66.7005
66.7726
65.2632
61.2384
64.8186
63.7677
66.1705
61.8194
62.7703
63.49
63.4414
63.368
64.3716
63.0418
66.0638
65.8638
64.4776
62.0308
62.1858
65.0947
62.7273
62.1857
64.8895
64.2922
62.7052
62.5658
64.6456
64.3779
66.1886
66.0922
63.5037
63.3804
62.3066
67.5745
70.1805
66.4439
63.5502
61.0568
62.0757
62.8949
61.1365
62.6888
65.2077
64.1373
65.3029
64.2819
65.053
66.1349
65.311
64.7634
65.0884
64.3373
65.2096
65.5857
64.4879
62.3117
65.797
65.2717
65.8722
62.0414
63.7839
62.638
62.3951
64.8517
65.2321
64.4678
62.8325
62.3532
64.013
61.7761
62.9638
63.684
62.0783
63.8815
60.6033
63.4544
63.431
67.337
64.7014
66.0017
67.5457
64.7675
62.1628
65.5058
62.0044
62.0457
63.2689
61.1668
62.819
65.1206
66.2521
68.2732
65.4579
64.0604
65.1567
64.9591
63.2199
64.1205
62.68
64.3522
65.275
63.8298
59.825
61.7044
60.3194
61.6264
63.0988
64.0595
66.7426
63.8722
64.62
64.0434
63.1764
63.9121
63.1514
66.6479
64.6104
66.0727
64.125
64.897
64.4972
63.0994
61.3017
64.2712
64.2029
66.2001
65.8653
67.8007
65.5061
64.3824
60.7504
62.3071
64.532
63.763
66.2598
67.2202
66.837
63.3784
63.9172
62.596
65.2321
63.8606
61.382
64.1979
60.4679
62.1532
63.5842
64.0531
65.4169
64.3016
64.5545
65.9351
65.975
65.619
67.7234
62.7552
64.6111
66.762
64.5481
65.5661
67.0043
65.2164
63.9043
61.58
64.6364
63.3567
64.5506
64.6157
61.9602
61.5416
63.4981
64.3487
67.5719
66.3137
64.7883
63.1359
63.5154
62.8708
63.596
62.3936
64.0049
63.5087
65.4939
66.4954
64.3975
63.4495
65.608
65.944
61.1455
62.5239
62.0971
64.8577
64.5719
65.7328
64.324
63.7492
65.3018
66.4978
63.4847
62.3845
67.4513
63.9196
65.3033
66.3802
67.3112
65.4562
65.8992
67.258
66.5464
63.5588
62.7109
65.0729
62.3406
61.9745
63.2676
62.6134
63.5555
66.3874
66.1728
63.815
65.0397
64.3383
67.0095
64.7584
62.6053
65.2289
62.9141
65.183
63.6088
61.4565
66.758
64.2282
64.901
67.0374
63.5277
64.8993
65.726
62.0953
65.6525
63.9881
63.2355
63.5317
66.3983
64.2518
66.1495
64.6596
63.5159
65.1872
64.1842
68.6509
65.0759
64.6778
65.7011
62.8505
63.6345
64.715
63.0777
63.3794
62.3728
62.9223
63.3775
61.5049
64.7127
67.2224
64.4232
65.6243
68.1218
67.4108
66.349
63.9679
65.0668
62.9353
63.8846
64.1476
65.866
66.4918
62.7186
62.9267
64.1125
63.6783
62.6958
65.5265
64.8285
63.8425
63.8069
63.5426
62.87
62.4909
61.8078
63.9716
63.7471
63.3461
62.7918
59.5279
61.5318
63.884
62.6559
65.6487
64.1303
63.9387
64.7069
66.1723
65.8868
65.2178
65.9792
62.969
65.1538
67.0228
64.0916
63.3616
63.8274
64.822
68.087
66.4593
66.878
64.0926
65.1874
64.6644
63.4478
64.139
62.5672
64.5219
65.2994
66.1466
66.1888
66.1945
61.3577
62.3927
62.3381
65.0653
64.4916
64.9624
64.1682
65.5892
65.7214
64.5464
62.8558
65.597
66.6381
65.9681
65.1068
63.6355
61.9118
63.3391
61.9468
62.9483
62.172
63.2954
66.9245
65.2584
64.8901
62.8998
64.9356
64.0162
61.2626
63.6774
65.4666
66.6245
66.5796
67.1213
65.3871
64.7052
62.7354
63.7583
62.9253
63.5762
63.023
66.3533
67.4841
63.9917
63.5988
64.1902
67.0096
65.5432
63.85
64.9647
62.939
63.6849
65.6271
64.4497
64.2055
62.8076
64.3218
63.7322
65.7426
63.0645
65.5591
65.6226
63.7034
65.5823
64.4627
64.9031
62.6881
65.0527
64.8928
66.5383
67.5599
66.096
66.1706
63.5558
64.7881
65.6114
62.9553
63.4776
65.9486
67.8625
63.511
63.2554
64.4123
64.8472
66.8373
66.5644
65.8302
69.1944
68.9883
63.3807
61.6972
64.2337
64.4004
62.6493
63.051
63.8926
64.2433
65.0693
63.2266
62.4421
62.4316
62.9691
64.5348
64.0844
63.0398
64.4468
61.9241
65.0912
62.1635
64.4109
65.3919
65.7323
63.9934
65.5862
61.8034
62.8764
65.365
66.0896
61.6411
64.0828
62.6588
61.9965
62.9691
64.9859
64.2906
66.7028
62.0989
65.2089
65.8546
65.0843
64.2197
62.9628
61.5971
62.3121
63.0987
65.1671
65.129
67.1625
64.2496
62.9898
64.3144
63.4503
64.0519
63.7476
64.1824
64.7311
62.8375
63.2741
60.7031
63.6635
65.0472
66.0383
63.6616
64.0688
64.041
60.7647
65.3094
66.1413
62.9119
61.9592
60.7437
60.2875
61.948
61.6748
63.8212
61.6537
62.4954
64.1538
65.0553
65.3092
65.372
64.4291
64.9919
63.9003
63.6601
62.029
61.6726
63.6198
62.9209
65.0767
66.891
64.8663
65.5656
64.8325
65.3296
63.1966
61.4122
60.9255
65.0922
65.6256
65.5934
67.112
66.8185
66.8283
65.5726
66.4286
62.6036
63.5142
64.8171
64.2919
62.5256
66.7666
63.4315
62.5857
63.8785
62.3308
64.3816
63.2798
63.303
64.3296
62.7624
63.1065
64.1325
62.8387
64.8624
65.1659
65.2353
64.6905
62.604
61.781
62.2347
63.1316
64.7715
63.2402
62.9149
62.378
63.7472
63.5223
67.4972
66.4447
65.9062
66.2231
67.2043
66.7347
63.5961
60.963
64.3798
65.1854
63.3356
65.258
66.5667
67.8843
63.995
61.1924
61.6079
65.5219
68.8132
66.8394
66.2978
64.7337
62.3414
62.85
62.1692
63.6454
67.1647
65.2208
64.3916
66.5387
66.154
65.9625
63.6934
62.3053
63.0117
65.4213
61.1464
63.6743
64.9342
63.9998
65.5106
65.7701
62.0651
63.6304
61.4232
62.2306
63.4444
65.1754
64.6283
68.097
62.6368
64.6492
65.1354
62.7607
61.4691
66.3168
63.1723
65.0747
64.1464
61.1888
60.9385
63.4687
63.0681
60.9892
62.4714
62.9658
65.7085
66.2024
67.5989
66.7216
62.5725
61.1448
63.1434
64.6975
64.2586
63.9428
61.7056
63.0203
63.1096
60.5602
62.5203
62.7276
65.8167
66.3582
62.819
64.0658
66.2954
65.9332
65.0358
66.8789
63.3217
62.0515
63.9562
65.8409
67.6593
64.0483
62.8417
63.1546
60.8217
62.9315
64.569
64.2709
63.7427
64.2513
63.8361
62.3955
62.7983
60.0195
63.8754
67.2411
68.0474
66.9234
66.3275
65.1813
67.0088
66.6621
64.4414
64.8104
66.5075
68.6584
64.7169
64.9559
67.9781
66.3952
62.0999
64.1882
64.9547
65.7053
64.8291
64.8096
66.138
65.6306
69.5886
64.43
64.5502
62.5527
63.5109
63.4604
65.7584
64.4278
63.1466
62.8452
63.7341
66.0286
62.4346
64.9715
65.4003
65.2138
65.8252
65.188
66.0323
66.0734
65.1768
64.3923
65.5192
62.2979
