162.389
154.408
145.974
139.427
133.97
131.89
128.246
125.079
120.423
116.492
113.721
112.244
108.043
106.147
102.174
100.703
98.7
97.6541
97.1136
95.0296
92.19
90.2842
89.1533
88.0557
86.9466
87.3918
88.4065
85.3048
86.3095
86.1837
85.9613
83.2848
80.9314
79.8291
78.5584
76.9309
76.3342
75.0858
74.5809
75.5814
75.3016
74.7851
72.063
73.6929
72.9612
73.2444
71.0078
70.2198
70.5833
69.671
69.1058
70.439
69.3982
66.5975
69.1588
68.9123
69.0264
72.6172
71.2694
68.7078
68.2781
69.4112
68.5086
67.1726
68.4935
69.9242
70.9939
69.0033
68.0352
67.6385
68.3845
68.8529
67.9082
68.1823
68.0495
65.8055
65.764
66.6871
67.4127
65.5745
66.5175
66.9702
68.0749
67.2107
63.4494
62.3766
62.8765
63.0899
63.3843
61.8168
64.2732
61.9513
62.8575
62.1783
62.2289
64.8356
62.1374
65.652
64.3138
63.3712
63.4264
62.0882
65.0329
62.9356
62.9338
61.9425
63.8599
62.3832
63.4224
60.7194
60.7203
61.2193
60.8247
64.121
60.6185
61.0346
61.3753
59.3382
58.7038
60.4449
59.0213
60.3084
62.5216
60.826
60.9325
62.5911
63.2695
60.5786
60.9746
61.1872
60.7309
60.9626
61.513
61.5813
61.5457
60.1882
57.1749
57.1235
57.2763
56.8437
57.7788
59.641
59.4916
58.7046
58.4663
57.9937
58.3766
59.5217
58.8063
57.5838
59.4913
56.8098
57.6685
58.4839
58.7386
55.6128
59.7905
59.85
59.465
59.7843
59.8856
58.5315
58.1273
57.3287
58.9872
57.5893
57.2758
56.8724
55.9263
57.1246
60.235
57.2861
58.1584
56.9889
59.8884
58.2289
58.36
57.8997
57.6791
58.221
56.9945
56.279
56.8257
58.1499
59.3244
58.0503
58.7321
56.5868
59.2357
60.8176
57.871
57.7748
60.1964
60.7795
56.0544
55.9945
56.9846
54.7979
57.9738
58.3533
58.2946
56.9725
56.2956
57.6501
56.3295
57.0789
56.7131
56.0771
58.7848
59.0463
59.5456
59.1581
59.9214
56.146
56.9856
57.8564
57.4123
57.1493
57.6664
60.426
59.8793
57.0273
57.3799
58.7453
57.9182
57.7975
58.0514
57.0431
56.496
57.0477
57.7617
58.1489
58.8993
58.2961
57.8372
58.7885
58.4405
57.9155
58.1299
57.6443
58.6662
56.1433
56.4069
57.2534
59.3816
58.3215
58.6223
58.6118
58.164
58.4018
57.0701
57.0779
57.1067
58.1
57.3781
57.3305
58.5531
57.1886
56.9436
55.7226
55.7394
58.5649
58.0397
60.0581
55.3887
55.9788
57.2443
58.6575
56.5033
56.6117
58.8586
59.5092
55.8866
54.979
57.3418
57.8539
55.8894
55.075
57.5129
58.5333
56.9593
56.1006
56.7201
56.4043
57.9197
55.8266
57.2702
56.1464
55.7895
57.1848
57.5474
58.5771
57.5261
58.7547
58.7389
58.2999
55.2127
55.9204
58.0933
57.7105
56.0773
58.411
56.7995
56.2146
57.069
58.8638
57.3099
58.4997
59.6399
57.7963
57.4255
55.911
56.0387
56.6141
55.9633
56.8154
59.5438
58.1466
56.9501
57.6578
55.3107
57.8285
59.8445
58.5629
58.6215
56.28
56.121
57.2228
58.3042
56.8382
59.1743
56.189
57.0399
59.3617
57.4921
55.3449
56.6613
60.3262
58.5179
59.2555
56.9571
55.0836
57.8716
57.2694
55.2101
55.666
57.7132
56.8749
56.37
58.2233
57.1122
56.7074
58.4876
56.9774
56.3663
57.2089
57.2192
55.258
58.6492
56.4804
57.3067
55.7117
56.1638
55.6076
57.2488
57.2381
56.436
56.7649
59.62
57.6944
60.4602
58.8397
59.8242
57.3855
55.3332
56.5629
57.3719
59.4881
56.7588
59.1567
58.6798
56.7013
58.8489
56.6416
56.9394
53.9964
56.1952
54.5049
58.08
57.2072
58.1169
56.4924
55.545
57.3573
56.9255
56.1429
55.5787
55.018
55.1076
56.7267
56.7974
56.7082
58.1924
57.4508
59.7025
58.8449
57.9254
57.3343
56.5119
57.8542
56.1836
56.727
57.1024
57.0011
58.0199
56.1708
57.1183
56.4928
56.8277
58.3999
56.0675
53.3612
56.8864
60.9246
58.0248
56.2134
59.3494
58.0532
58.3564
57.2161
55.4582
55.9435
56.3803
54.7034
55.6129
56.3763
56.3593
57.229
57.6749
56.3734
56.9759
55.5132
55.8985
56.985
57.0696
55.8678
57.8316
59.1068
59.0742
57.1688
58.5514
58.2086
58.0004
60.7573
60.0963
57.6789
55.9764
57.4462
58.8083
57.2149
56.5482
57.5753
57.9264
57.7004
59.7922
57.7334
58.048
59.5743
58.4662
56.4242
56.9379
56.4253
57.5113
58.2902
56.9166
56.7681
56.5125
57.1329
57.1706
57.8247
59.7506
57.6464
58.7141
56.2428
55.5725
56.9626
57.8576
56.6173
57.466
56.3751
56.5948
55.4296
56.6559
57.2081
55.5567
56.2922
57.2023
59.3967
60.3941
60.2935
58.4736
59.6102
56.0033
56.5479
57.1969
58.5109
59.4455
58.6165
60.4072
59.4069
56.8944
57.5661
56.9824
57.6392
56.2372
56.5595
57.5656
57.1407
59.0904
55.7653
58.8632
58.4398
56.4408
55.2792
57.9711
59.613
57.471
58.5043
59.8005
57.5531
54.0496
55.9674
57.4281
55.638
58.5387
56.6247
60.9965
59.4141
58.2337
57.4389
56.5533
57.4097
56.186
58.4904
58.5757
58.2284
58.1376
56.5977
60.4279
60.9665
58.773
59.9796
57.077
56.5923
57.9393
59.9419
56.6838
59.0453
59.4068
58.8442
56.4398
54.4865
55.8221
59.0212
58.9431
58.4407
55.8477
52.7306
55.5197
55.3634
56.0333
56.1506
57.6491
55.8278
57.147
56.4667
56.4029
55.699
57.9658
57.2247
56.3071
57.0877
57.2019
55.9735
58.8746
56.6611
57.3131
58.4142
57.2813
56.507
56.7894
57.1133
56.4218
57.5874
57.8473
54.8831
55.7143
55.3586
56.0309
57.8081
55.4111
56.18
57.7154
60.0102
59.0606
57.8803
56.5965
56.9221
55.4827
56.3902
56.0101
57.8259
58.1404
56.1111
57.4948
58.6823
57.3106
58.2769
57.3056
62.0994
58.1605
58.939
56.4554
55.314
56.7962
55.6766
56.8323
54.5555
58.4766
57.0193
56.0957
56.0905
58.0512
55.1519
58.9084
58.1635
58.4759
57.0186
57.1339
55.3264
57.0923
56.5069
56.6516
55.6876
58.8553
57.7297
56.9233
54.8933
57.4281
57.0711
56.9465
58.2437
56.7077
56.4659
58.6685
57.8435
55.8616
57.2879
57.9488
56.994
56.4226
55.8249
55.9731
57.5256
58.1177
56.9593
58.9427
58.3329
55.4777
56.5253
57.405
57.7315
56.1759
55.9299
56.3715
57.9496
56.9995
55.9411
57.1715
61.9582
60.1245
57.2326
56.1562
56.8193
57.4296
57.4734
58.8254
56.8077
56.0836
56.9754
56.699
56.6532
58.0158
58.6559
58.6317
57.6127
58.5696
57.8519
57.5262
61.4582
58.5006
57.3189
55.9174
54.4644
57.3818
59.174
59.0491
59.4497
57.8076
59.1295
60.62
60.9089
58.5948
59.8034
58.3778
57.9448
55.7637
56.32
55.9504
58.6369
59.2691
61.3725
56.9034
57.4344
55.4653
55.345
55.8412
56.873
57.1686
57.8395
56.228
57.0756
56.9863
55.4266
56.4083
56.8814
57.1932
56.1174
59.3206
58.5443
57.8519
57.5448
56.3751
58.3293
57.7325
58.7334
57.9217
59.5391
57.5926
58.3615
57.1473
57.9205
56.5242
57.0445
59.1857
56.1838
55.973
56.2453
56.1688
59.3819
60.0873
59.3493
56.8047
56.9869
58.4315
57.1447
58.1413
57.0115
58.0498
57.4651
58.609
55.668
55.8726
57.2171
56.6792
58.0824
57.7528
57.0987
58.7839
57.563
55.742
56.6158
57.8545
58.557
59.5253
57.9924
56.711
55.8579
57.5173
55.6204
55.6536
54.9399
58.5609
57.6218
60.1712
57.2452
57.1612
57.4065
56.8233
59.4074
60.1346
56.561
58.24
57.1263
57.3878
56.8567
56.5445
55.6491
56.1904
55.8394
57.1011
57.1315
58.8268
60.9226
59.6669
59.0583
57.9538
58.5141
57.3309
54.981
57.3367
56.6969
59.3618
58.1568
57.6306
58.5415
56.224
56.4967
58.884
58.4796
57.3514
58.2497
58.0237
54.7924
57.7668
58.6164
57.3206
56.5467
56.0967
59.7014
55.76
58.2348
57.3913
56.7149
57.5302
56.5521
58.5438
56.7427
57.6748
57.5763
59.7269
58.7452
58.3583
61.2518
58.9993
58.785
57.2483
58.1448
57.3873
55.4047
58.3146
58.3571
56.4872
56.2786
57.4436
56.9311
57.2082
57.1053
57.3955
59.6093
58.8551
57.6779
57.7623
57.0467
55.8311
57.9317
56.4809
56.628
57.0516
55.9937
57.9641
58.4388
57.0522
56.555
57.3664
55.3837
55.7516
55.9016
59.7576
57.5198
58.8239
56.4182
56.2343
56.157
56.169
58.6772
59.3526
59.5095
59.0957
59.8957
58.1837
58.2485
57.0217
58.7316
57.8276
57.9502
57.8287
59.924
56.1143
57.7039
58.1714
57.2943
58.6824
58.1093
58.516
57.3836
56.3122
57.7762
57.6006
57.1332
57.2212
56.9031
58.0435
58.3369
56.4797
57.1389
57.9767
58.2055
55.6823
58.8487
58.3051
58.1245
56.1927
57.5048
57.7068
58.2044
58.9242
60.7282
58.8893
57.3322
57.1724
54.5607
56.4977
55.195
56.6846
57.3232
59.7525
59.1229
57.6568
58.5404
56.8232
58.5196
56.0149
56.5093
55.5824
57.1009
56.3865
55.9308
54.9595
55.6955
58.8839
57.69
56.0266
58.9834
58.547
59.1723
56.1082
54.3219
56.7367
56.7293
57.8317
59.352
57.1463
60.6121
58.2253
57.4478
57.2295
56.9094
57.9784
56.2589
58.2458
57.9975
58.2577
57.9925
57.6507
58.3886
56.9613
56.3686
56.922
55.2224
59.3888
57.4498
57.308
56.149
55.336
55.8394
56.9115
56.5629
55.3201
56.9604
56.3034
56.5169
56.9925
55.4386
54.8672
55.6402
53.7319
57.5101
58.9997
59.0465
57.7944
56.6472
56.5535
55.4959
55.0237
57.5903
57.0244
59.2887
58.2421
59.976
59.6031
58.9561
56.2082
55.0877
54.6504
55.0549
56.1487
57.6181
57.0112
58.2976
57.7466
58.1461
57.2117
60.4835
60.7634
60.8913
58.1525
58.3373
55.3651
56.2893
55.6134
57.6058
56.8021
57.1729
58.486
58.1384
56.2103
59.3271
57.6279
56.1792
55.7632
57.1015
57.4103
57.5761
58.6099
57.2687
57.8968
56.0588
53.9784
56.3869
57.8367
55.8839
56.6222
57.1809
55.9539
59.6737
57.6266
57.1962
56.5439
57.1431
57.6697
59.2471
57.8288
56.1447
57.0185
58.0137
57.9126
57.2743
54.3113
54.1335
57.4034
59.917
57.1904
57.9942
57.7905
56.039
57.0081
58.4564
58.8305
59.7666
58.8902
58.2322
56.904
55.5821
54.6198
56.875
55.8882
56.1856
56.3637
57.4503
60.4315
57.1
58.8921
57.9988
56.2597
56.6279
57.895
61.3918
56.1579
58.4544
55.6674
55.2271
56.075
56.2087
55.2456
56.6175
57.5167
57.573
57.4524
58.2046
58.3075
58.6304
58.2396
56.9121
57.0596
58.6228
57.9718
57.4972
55.6927
55.421
57.6069
58.7335
57.4794
57.8655
56.6913
56.4972
58.9902
56.1696
57.1292
57.5798
55.6833
53.3243
57.5133
58.5277
56.4573
57.5158
59.9729
57.8149
56.9457
57.8742
57.3333
55.189
55.6809
56.9219
57.7315
61.0735
59.8771
57.813
57.1321
56.4072
55.3258
56.534
55.9673
55.6242
55.5476
56.1307
54.1713
55.9837
56.5277
58.0441
59.0513
59.1681
55.3242
54.3285
57.3033
54.7083
57.4701
58.6537
56.8503
56.0137
58.8275
58.8366
60.4875
60.6243
60.1757
60.4941
60.5718
58.5801
58.3118
58.1321
57.3835
58.292
56.8837
55.9798
57.8058
57.0303
58.6882
58.7533
57.7585
58.1135
57.9801
58.2737
56.9496
56.7316
56.0086
55.6001
55.8893
57.4798
57.1006
56.1999
55.641
55.5786
55.7238
54.5992
56.3985
58.4097
58.0118
57.9104
57.4904
57.6434
57.2462
58.0009
57.7003
58.6783
57.2633
56.9473
57.0773
57.8552
57.3886
58.1172
59.5082
60.0111
59.1015
57.6072
59.011
59.735
60.6195
59.413
59.6222
59.2046
55.1378
57.4929
58.847
57.9477
61.3358
56.9165
57.4786
59.5689
59.742
60.3691
59.732
59.2068
58.5842
56.6718
56.1798
55.8984
57.0659
57.3793
56.9313
57.526
58.1843
56.0531
59.0097
58.6878
56.7099
56.4629
56.9786
57.5244
57.72
58.2927
56.1924
56.8829
56.4152
55.9414
54.028
56.4885
56.6492
56.2505
58.158
58.3734
56.2335
55.0725
56.9883
57.4691
57.581
55.4699
56.5833
59.3807
57.9089
56.5986
55.1513
57.0815
59.4775
55.7952
56.9377
56.4276
57.6494
57.5936
55.9053
55.6441
58.2231
57.3368
56.7105
58.067
56.7411
56.224
59.3155
58.5178
58.4824
60.2071
57.8934
57.9783
56.3396
57.0928
56.7017
55.3665
57.2232
56.7593
55.8495
55.5301
56.1534
57.5197
56.899
57.6072
56.8533
57.6846
57.4648
59.4355
58.9271
57.0104
57.8301
59.7369
59.8569
56.9922
58.56
57.5379
56.9504
59.0346
57.6429
59.0906
55.9512
57.4317
58.8136
57.1759
57.6779
58.0542
56.9662
57.1318
56.2292
56.1612
56.867
54.2803
56.7659
58.7084
58.0839
57.8445
57.1061
59.6481
59.8861
58.3171
56.5419
56.0603
55.4178
56.8996
57.5673
54.9866
57.2829
56.8169
56.9394
59.902
57.7623
57.6134
56.9589
59.5793
59.2368
57.4857
59.2736
59.9453
58.5498
56.8393
58.4267
59.0498
57.2768
59.5544
59.2204
58.0325
57.5287
57.8963
57.4988
55.1397
55.0623
56.3866
57.2974
59.503
58.7864
58.3877
59.5856
57.3519
57.8767
57.1487
57.51
58.4866
58.3037
57.9385
56.4852
55.2996
57.2109
56.5206
55.7941
55.7008
55.1715
57.48
60.3496
58.5105
59.6804
60.4787
58.8692
55.6097
57.572
57.7523
56.2895
56.8555
56.3634
56.2411
56.2812
57.4342
57.5942
56.7167
57.9178
59.2052
56.9473
56.6056
57.0684
56.9419
57.0798
57.1694
56.9534
56.0711
53.8394
56.9226
54.8963
56.2269
59.0593
57.7544
56.9907
57.8259
57.952
56.9218
56.5779
56.5803
55.2883
57.3967
56.3759
56.4918
58.3671
58.5361
56.0739
59.522
58.7624
57.886
58.7871
59.6487
59.1251
58.7361
57.7567
58.6881
56.9618
59.3575
56.0573
55.5405
57.0171
56.8772
57.9059
57.5818
57.6848
56.7709
57.1403
57.4463
55.5257
55.1927
54.9088
59.5176
56.2368
56.8019
56.5035
56.6967
56.0912
57.2403
56.5885
57.1631
56.6949
57.3062
54.0426
56.9938
58.8888
58.7632
58.196
55.5042
56.4492
56.2142
57.4474
58.6546
55.929
55.1579
56.6176
56.5908
58.6054
57.8243
58.5464
57.6288
59.3245
59.5235
57.226
55.8693
57.9079
58.4354
57.5677
58.3821
59.4443
58.1177
57.5214
55.753
56.2948
57.5216
58.3732
57.7655
58.6788
55.9634
56.6109
57.5137
56.1539
57.2401
56.5427
56.593
57.1821
56.45
56.3044
59.8445
57.5223
58.228
58.5466
59.1412
60.5807
55.7066
56.5763
58.1669
57.4869
57.0453
56.6219
57.7524
56.8745
57.8701
55.6447
57.7119
57.629
57.5877
57.5631
58.242
56.6475
55.229
56.3775
56.7744
57.3939
58.1412
53.302
55.3408
56.9564
55.4089
58.3143
58.6465
58.3444
57.4536
56.3076
57.8882
57.5299
57.2558
56.0019
58.4065
58.5958
56.4739
57.2135
56.4124
57.7586
59.5291
54.4825
57.0559
56.5758
57.5443
58.0654
58.4421
59.1134
56.8783
57.3419
58.8661
55.8199
56.5838
57.424
58.1903
57.7015
58.1704
56.7019
55.6033
55.5973
54.9354
58.7257
56.3372
56.3145
55.575
55.2001
55.2543
55.4914
56.4339
55.5557
57.7583
59.803
58.511
58.9126
55.5256
57.5948
59.6899
58.7578
60.6896
59.5955
55.8332
55.4491
55.6305
57.8301
56.7167
57.6266
56.8152
57.4692
57.7666
57.0755
56.3795
58.6414
59.0882
58.7101
58.6481
59.5287
57.44
56.8291
56.9285
57.1862
56.8855
57.4767
58.8036
55.3261
56.8879
56.2326
57.5708
57.5467
58.96
57.4301
57.977
57.8357
60.5886
59.5518
57.7456
57.1262
56.3014
57.1309
57.6083
59.5155
58.118
59.5861
60.0225
58.0499
57.4642
56.9345
57.0138
59.8425
58.2124
56.7406
58.3475
57.2646
57.8486
56.0362
56.3028
57.0939
57.0456
58.73
58.8481
59.3954
57.506
56.5795
56.5885
56.8793
57.2767
57.9345
58.5307
56.9929
57.0571
56.1901
57.3292
56.3157
57.1583
57.2163
56.8962
56.9821
57.5861
55.8678
56.4634
56.8924
58.0032
57.4221
55.8275
59.472
57.0683
55.6528
56.965
58.1875
59.5061
57.4554
57.9192
56.5598
57.1986
58.5279
57.1819
56.0951
55.8384
57.5268
57.209
58.4285
58.9641
58.986
59.0411
59.9885
58.1889
59.8545
56.8734
56.0506
56.7804
55.8996
57.1131
60.4903
58.6441
59.4529
57.8934
58.0092
56.2682
56.5735
56.6919
60.1068
55.9057
56.0134
56.3584
57.6543
58.5354
59.9706
58.6097
57.1959
58.1766
57.2703
55.5116
59.1334
57.5966
58.657
58.3684
57.335
57.8009
57.2971
57.5809
56.2793
57.9173
59.1664
58.6478
58.6559
55.2309
57.1182
57.6577
59.2376
58.1917
55.7773
58.1992
57.9047
60.4903
58.5813
58.5398
58.1607
56.6924
60.1124
58.9576
58.0197
58.7169
56.8554
56.2004
55.7679
57.0435
57.2991
57.8135
59.2048
58.6193
57.4353
56.035
57.8853
58.685
57.7481
57.1672
59.7944
57.3335
55.8271
56.8066
57.0048
56.9121
58.2683
58.9716
56.5107
58.176
58.8378
57.5397
58.4301
57.0046
56.5157
57.0567
56.6299
55.4759
54.637
55.5397
56.8295
55.9619
57.4096
54.7411
56.3856
56.2411
56.0674
55.7564
57.8417
59.4003
58.6576
56.0742
56.7875
57.6832
57.3406
56.8102
56.6271
56.3513
57.7428
57.6419
57.6901
55.9268
57.1726
60.059
60.5828
60.0407
57.4569
58.8721
59.2267
59.1926
58.2802
60.2189
56.9217
56.0774
55.5672
57.2546
57.603
57.7821
57.4048
56.1128
57.2778
57.9571
56.1202
55.4597
56.8789
56.5192
54.3684
57.0734
57.4572
58.3912
58.5846
57.4622
58.6357
55.6875
56.4843
55.8124
56.2868
55.4475
57.2928
58.0575
57.2461
59.5466
59.1442
60.718
56.8826
57.4795
56.7062
58.331
58.5984
59.7068
58.147
57.9711
57.4879
56.243
57.8491
58.9869
58.6343
59.1553
58.2396
59.7523
56.1386
58.1372
58.2143
56.2496
55.6159
59.0309
58.509
57.7189
57.7384
56.7547
55.1024
58.079
56.2353
56.9577
57.1809
56.4732
57.8738
56.1829
56.7577
57.3197
58.5742
57.4446
58.6179
56.3671
55.3988
55.2004
55.1048
56.8432
55.8213
56.4231
57.088
55.9508
55.9179
55.0831
57.142
56.5677
56.3245
56.6934
56.2286
56.1637
55.7593
55.7687
53.4429
57.4615
58.1443
55.8371
55.7489
55.97
55.758
59.5713
59.9528
59.2847
59.3043
57.8501
55.1257
54.863
57.1813
56.7914
58.0793
56.5537
57.5333
57.5648
56.6284
57.8569
58.1643
57.5916
58.4113
58.5904
56.1946
57.4833
57.0544
56.1303
55.5191
55.5703
55.721
57.352
57.7071
57.4985
58.6703
58.5526
61.7197
60.6649
57.6721
59.3153
57.1186
57.9486
61.4516
59.6384
58.4295
58.9987
56.2999
55.9716
59.0852
59.266
57.8175
58.9543
58.325
58.8469
59.4545
57.4874
57.1606
56.3797
55.6312
56.1321
57.0234
55.6644
57.757
58.1784
57.4871
55.4142
55.8017
54.4481
55.5834
56.6432
57.0445
56.4488
56.186
56.7357
55.9644
58.5379
57.565
57.2661
57.5063
55.3078
56.4059
56.9151
57.1289
57.9017
58.2937
57.1073
57.8997
57.2089
58.1509
55.1545
55.8847
55.0029
56.6123
57.5543
57.5528
57.8826
58.0468
61.5476
60.5165
57.2016
58.2498
56.3551
56.4512
54.2895
56.9386
57.9632
58.6602
56.6791
56.9056
57.0794
58.4712
57.8784
57.1084
58.3597
56.3666
58.0319
56.8235
55.9093
56.987
55.544
58.6574
58.9885
59.6005
58.8558
57.4937
57.2885
59.2124
56.2808
58.51
57.0572
57.9214
58.1137
57.1665
57.0452
59.8296
58.2012
58.9649
58.0445
57.6717
56.1368
55.7829
55.7334
56.2802
55.8951
56.5243
58.2716
56.0366
58.5495
57.5921
57.0889
55.87
57.6144
55.4921
56.2114
56.7397
56.3044
57.9107
57.7888
55.8464
55.0148
54.4129
54.9845
56.5541
55.4566
59.3344
58.6477
57.4233
55.6991
57.1938
60.715
58.709
56.5529
57.6626
55.9974
55.1523
52.8556
54.3089
54.8386
58.0032
57.2397
55.2792
56.1628
57.5893
56.0614
56.205
57.175
60.4751
57.8531
58.4801
57.3232
55.9593
54.1047
53.9117
56.4922
55.55
58.9042
57.0512
57.8164
55.872
53.4766
54.8024
56.9131
55.0745
54.4622
54.3625
52.5043
54.613
56.2071
56.0227
56.1527
56.5892
56.3167
53.9718
56.2735
55.6852
54.824
55.5614
55.6908
55.7682
55.5556
58.4757
57.3578
55.0364
55.2872
56.3455
56.2089
56.8941
55.8318
53.975
54.1846
54.3823
55.4427
55.651
57.2363
57.1761
54.1422
55.1429
55.5421
57.2054
56.4975
54.9276
54.9719
56.0285
55.7518
56.2537
56.8274
55.5971
58.1496
56.0243
55.5751
53.7334
54.6918
55.6944
56.1312
55.8108
55.2946
58.3034
56.9434
55.2238
54.1573
54.313
54.9118
53.726
56.9094
57.159
57.0198
55.7436
54.9081
56.4399
57.8199
55.8201
57.2072
58.1091
59.0512
58.0319
56.8903
56.3014
55.4881
57.3032
59.894
59.2053
56.8157
58.2711
57.6108
54.8194
54.4026
55.8594
56.5955
55.0157
54.8441
55.0127
55.1393
56.3501
56.8932
57.455
57.3592
53.9939
55.6136
55.5701
54.9614
56.7168
57.6504
56.3376
58.1103
55.5977
54.7899
55.5478
56.0106
54.147
56.0658
55.948
55.518
56.8999
55.8145
58.1494
57.6291
57.7117
55.4
55.5322
54.6087
55.2444
56.3534
57.4049
56.8617
56.915
57.2919
58.1939
59.7381
57.135
56.723
57.4421
57.5901
56.9872
57.4241
57.4348
57.5164
54.8933
54.426
53.8269
54.8432
54.4134
55.0337
54.4524
57.1399
58.0825
55.4558
57.6715
55.6656
55.0509
56.8035
56.9891
57.8141
56.0006
53.7838
53.9195
53.5128
55.8435
57.3516
58.7207
57.9577
56.1774
55.9338
56.4814
54.2021
53.8383
54.375
55.4358
55.5064
55.8469
56.8566
57.2869
57.8425
55.0466
54.8429
56.8316
56.6716
53.4417
55.1264
55.1901
55.5796
56.5306
56.082
55.7584
54.7232
54.9418
56.6037
54.2083
55.3934
55.5819
54.7713
57.2173
55.2535
57.7374
54.5784
54.0856
54.618
55.9165
55.2055
54.1667
56.065
55.4088
57.2938
56.6874
57.1097
56.4521
55.5
55.7333
56.303
56.4279
54.2364
55.2151
58.217
54.3025
55.8829
57.0653
55.0176
54.9155
56.4978
55.8482
55.3727
54.657
55.0675
55.3812
54.5963
54.7231
55.0002
54.6689
54.6178
55.6232
54.1014
54.504
56.7671
54.5556
54.5611
58.093
55.9368
56.2603
55.5562
55.1708
54.8132
55.248
55.9964
57.2053
55.7518
54.4762
57.7938
56.9242
56.9148
57.2395
56.728
55.2719
53.5441
55.7913
56.2178
55.4779
55.8693
56.8062
56.0782
56.7479
57.9678
55.6465
57.2852
55.8412
54.0083
54.2641
54.002
56.8037
56.4764
57.6565
53.7377
55.0862
58.4253
58.1501
56.9246
57.7289
55.6562
55.3266
56.0905
55.5037
53.5272
55.1608
55.1411
56.0027
56.3441
53.1594
53.9307
54.8195
55.9683
54.8181
55.5214
54.7182
54.8993
56.5116
57.8518
59.0263
57.1516
56.4271
56.5195
57.7499
54.0564
54.6863
55.6397
58.7896
56.6222
55.916
54.5984
54.8504
56.105
54.3143
53.6769
55.1316
56.3343
56.5067
54.7133
55.8852
57.2507
57.309
54.1306
55.5727
56.6226
56.3224
55.1997
53.7428
55.7555
57.9667
56.6481
56.6304
54.9506
56.6968
55.83
54.9806
55.2883
54.2358
55.2333
54.0192
54.3691
53.6271
55.8303
55.5852
56.1287
55.4431
58.2763
56.5287
57.9918
57.0617
55.6486
57.4186
56.8691
56.9539
54.9764
56.1555
55.8354
55.8694
55.6266
55.2399
55.0348
56.1594
53.086
53.4512
57.4708
58.2401
58.0488
55.8869
57.6312
59.5253
57.5546
56.4757
58.2151
56.5647
58.2489
56.9473
54.3952
57.8341
56.2563
55.814
60.6374
58.7145
53.729
53.0575
54.1138
55.2152
55.2761
57.7226
58.0599
59.1113
57.959
55.3236
56.7764
57.81
54.7942
55.8788
54.2554
55.3707
55.9812
55.3746
55.491
56.1167
55.4901
56.1759
57.5761
57.3323
57.8356
55.7292
55.4565
55.3853
55.1992
56.1786
56.5009
57.1115
56.2298
56.2889
57.0251
53.9341
55.9881
57.0195
55.1148
57.3857
56.5813
59.145
57.9267
57.4391
57.3255
56.7125
55.7661
56.6037
59.1295
55.5336
58.7977
57.7004
55.9303
55.4209
56.3422
54.7479
57.4056
55.6698
58.7977
58.4893
56.2722
55.7181
55.3965
54.6315
54.7945
53.4932
56.8379
56.7503
54.7137
56.5958
55.2277
54.5447
56.8626
58.0663
58.3512
57.3504
56.4694
54.6874
56.4719
56.2529
55.3828
55.7531
55.7497
57.6536
55.751
55.1693
53.6698
54.4298
57.0287
57.628
55.4429
54.8171
56.2601
55.8992
54.9793
54.1862
56.3216
54.6127
56.3012
57.026
56.3528
57.0358
56.572
56.1644
56.6601
55.9351
55.4416
55.8225
55.0511
56.1414
55.3037
55.6972
55.829
55.6394
57.0573
55.302
54.6158
58.0833
57.3905
57.737
55.4429
57.2821
58.9291
57.3474
55.0997
57.202
56.8322
54.3118
56.0463
54.5235
53.7452
55.5102
56.5918
59.2495
56.1324
54.074
56.1064
56.6861
55.3078
58.5875
57.9885
56.6428
56.6427
57.4908
55.5746
55.5271
55.6289
56.6128
54.6835
54.6289
53.8508
55.4293
56.3362
55.3469
56.2867
56.5404
54.3774
58.034
56.7834
59.4116
56.7915
55.7078
54.8705
54.2415
54.9212
56.4018
58.71
55.4403
58.5057
55.5893
55.4045
55.5869
55.4654
56.5533
56.8189
57.8044
57.0411
56.7303
57.7469
57.3262
55.5113
56.5812
56.1621
56.4617
58.3346
59.5532
56.8987
53.6212
54.4727
54.5652
57.7999
56.0584
56.1088
53.7788
54.3212
53.1337
56.4522
56.9412
56.9071
56.1917
57.3858
56.5604
57.592
56.4608
54.2342
53.7403
54.2112
54.6477
54.6763
55.7623
55.3827
57.0289
55.9586
57.1423
57.1053
57.6511
57.9128
61.1757
62.0597
57.3478
54.4024
57.6601
58.4122
58.6339
58.5595
55.9306
55.1851
55.5408
56.0904
54.6896
54.8793
55.6814
56.0695
55.2875
55.0291
54.5751
56.1557
57.0182
53.7387
56.7974
54.7523
55.1735
55.7532
55.2807
56.5635
56.4242
57.3254
57.5427
58.118
57.0129
54.832
55.7005
55.7228
55.9803
54.5339
57.6179
56.055
53.716
55.1252
55.9582
55.5968
55.6373
55.2813
57.8656
56.0845
57.519
55.4074
55.8532
56.0011
56.8152
53.4096
55.1969
55.3384
55.5563
55.7128
55.0669
56.5726
55.3308
55.7378
56.5346
54.9492
55.5643
55.1824
56.9349
56.6682
57.365
56.8317
59.3555
56.4768
55.9467
56.2916
55.6664
56.7265
57.3282
57.5768
53.9434
55.642
56.4439
55.313
55.7895
56.6138
57.1468
55.8211
56.2698
59.6186
56.8904
54.6498
54.8895
58.6509
56.5159
58.4053
56.6345
56.4041
57.2109
55.7411
53.8391
54.468
55.9601
55.2969
57.248
57.9848
55.5071
56.8486
57.1768
56.0203
55.7753
58.5753
54.2901
56.001
55.5405
58.1615
56.7433
57.6726
56.5195
56.0205
54.5587
55.6409
55.3765
57.1438
57.877
58.0159
57.9017
55.8763
58.3948
57.4251
55.354
57.6218
56.3399
57.0226
55.6333
55.6264
54.9734
56.6897
56.2693
54.9544
54.8413
53.7015
58.2971
56.091
56.6421
55.4915
56.4093
54.683
54.5848
54.7553
56.0191
56.2499
56.9431
56.0247
56.6721
56.3217
57.3708
54.5896
55.1194
55.2666
57.7793
57.9874
59.1207
54.76
57.7372
58.3667
59.9036
56.0586
56.7152
55.3829
54.534
55.2459
54.9889
55.6283
56.6084
55.5701
54.0599
54.4106
55.5295
56.6921
55.82
53.896
55.6217
55.8719
55.9005
54.784
54.6085
57.2099
57.9397
57.4996
58.2667
56.7394
59.5826
59.4105
58.4789
55.8237
54.9131
54.9959
55.2937
56.2118
55.8073
55.6727
56.3122
58.763
58.4372
58.8009
55.3833
55.4109
55.5504
54.5216
54.728
57.1104
57.9683
56.9274
56.5255
57.092
55.204
58.8691
56.3204
56.8309
56.7813
57.1809
56.4646
54.4644
54.3902
54.1364
54.4558
55.2144
55.0109
56.3596
56.9202
56.8297
58.0503
55.2142
56.2661
55.2054
54.3451
54.9476
55.1344
54.232
55.373
55.9749
56.0781
56.8809
56.0001
55.5857
57.5155
55.6145
57.2244
57.7823
56.5322
57.2877
56.2328
55.5758
56.2709
57.7238
55.9699
56.3888
57.1789
53.8948
54.9478
56.3615
56.2723
54.947
56.2511
56.2459
54.9845
55.4244
55.2814
55.1634
54.9852
54.7236
55.4305
54.6854
56.5016
56.1165
56.331
59.5752
57.4234
55.9489
56.0466
55.065
54.6564
56.3571
55.8646
55.2268
54.2808
54.8053
54.3583
54.5597
54.4541
55.8482
54.1859
54.7796
56.1982
54.2102
54.5198
55.7763
54.6031
53.5104
54.3559
58.484
56.982
55.2986
55.8221
55.4145
56.7622
54.3642
53.946
55.5697
58.6095
55.7052
53.6953
55.692
56.1808
55.8824
55.6513
56.7465
56.6573
57.6064
58.6895
59.2448
56.658
56.7488
55.0609
54.4249
55.3372
56.2387
56.3087
56.7416
55.4306
54.5846
56.0388
56.9105
59.2913
57.6256
57.7782
57.2965
57.2283
58.1342
56.4898
56.7597
57.8626
59.268
58.869
53.621
55.4628
55.737
56.5599
55.0896
54.9185
53.9016
56.2937
56.2692
54.381
54.7438
54.8705
55.864
57.5814
55.467
56.6775
55.5645
55.9038
57.9406
57.5024
58.521
56.1487
55.3946
55.1328
58.0264
55.5161
53.5258
55.764
56.7727
57.9521
58.731
55.2337
57.8548
57.0088
57.1916
55.9754
55.6557
54.0732
54.7258
55.2476
57.3609
56.0703
57.3994
55.7415
55.7829
54.5379
57.7168
55.127
56.4279
54.9299
55.4501
54.7634
56.4356
54.5915
55.8282
54.5531
53.6802
54.0958
55.9938
56.7161
55.9552
56.7819
55.2842
55.9205
54.3868
54.3961
56.2418
56.1167
56.885
55.021
55.0755
56.3852
53.7973
54.0703
55.163
57.486
54.5808
55.006
55.7729
56.2561
57.4123
56.956
58.4507
57.2476
59.0203
59.3445
57.6288
54.0214
56.8076
55.6218
53.2479
55.3055
55.7559
55.506
55.5852
56.1469
57.3365
56.7467
54.2933
55.3849
56.8184
55.781
57.8913
56.8964
56.0558
54.669
56.9845
56.306
55.1943
57.8222
57.0043
56.5082
56.0502
56.2411
57.5763
56.7134
57.0598
56.6762
54.8247
54.5036
55.6996
55.3108
55.2578
54.8949
53.2054
54.4624
53.3047
55.3375
53.7021
55.0497
54.4361
56.682
56.3381
53.8574
55.5294
57.2556
56.8489
57.7391
54.6289
56.2042
56.1505
58.1597
57.6192
57.4613
55.6428
55.2117
56.4345
58.5996
57.1487
57.9824
56.3621
54.0124
54.6709
55.0084
55.4012
56.7783
58.4538
56.7365
57.2932
58.3804
57.6314
55.2876
57.2374
57.544
54.732
54.5202
53.7824
56.0973
55.3039
55.5572
53.0523
52.5255
55.0167
55.0467
54.4005
55.4509
57.6767
55.4186
56.0268
57.939
59.214
57.607
57.2691
56.3632
57.0084
57.8391
56.0016
55.5836
55.344
55.7486
55.7507
54.8577
54.2157
56.0674
55.6673
57.481
55.782
56.0588
55.763
55.2563
55.8663
58.2488
58.3993
57.6194
56.0577
57.1528
56.5775
56.6532
57.7394
57.4645
56.785
56.6072
57.3298
54.8988
53.5225
54.517
55.4706
53.4957
53.2935
54.0315
55.0052
59.009
58.8994
58.6123
57.2475
55.9464
55.3722
56.2005
54.7762
58.4642
57.8197
56.6968
54.8882
55.2037
56.1262
55.4265
55.6858
56.2699
55.0511
56.2583
55.4798
54.9929
55.1413
56.7362
56.7823
55.6561
55.9693
56.3676
55.4675
54.075
54.0344
55.9184
52.5595
54.0827
55.4846
56.2522
56.7399
56.1716
54.7357
54.4799
53.7399
54.7236
53.6467
55.7728
56.5697
55.9534
55.3641
56.1395
55.919
54.9917
56.0983
57.1604
57.7698
56.0045
56.8191
56.7798
55.7267
55.3801
56.3056
55.022
54.6455
55.1486
56.1051
55.8243
53.765
54.8226
53.5503
54.9213
54.5121
57.6628
54.0487
56.2635
58.5696
59.1104
57.8108
57.0395
56.9937
55.4812
54.0452
54.8908
55.9908
57.1776
55.8115
55.4041
55.7148
53.7562
54.5374
54.0741
54.0181
55.6523
55.7817
55.6232
54.5694
55.7505
57.136
57.8129
59.6708
56.8177
55.4447
55.4454
54.9889
55.0396
56.3026
55.7596
54.051
55.2399
55.7869
57.7172
55.3382
56.0744
56.842
58.6765
56.2201
57.1162
58.4499
57.7544
58.1925
57.6442
57.3399
57.8905
54.9349
56.8425
56.6725
56.0588
54.779
55.4635
56.0251
54.1582
55.4753
55.5389
55.1957
56.6551
55.8252
57.1009
55.3099
56.9986
57.3844
55.9215
57.5647
55.5434
55.8835
55.7889
54.9458
55.7682
58.0337
57.1159
57.7122
56.5698
54.7864
52.2669
53.8182
56.7018
54.3832
56.0782
56.2038
54.332
56.4206
57.8365
55.4832
56.3023
56.7191
59.3335
55.3698
54.3111
56.0942
58.8517
57.098
54.9314
54.3186
56.2888
56.149
56.169
57.4652
56.5638
56.3005
56.9845
56.7729
55.8083
54.3125
55.3319
54.4855
55.2073
57.9926
55.8367
56.9273
58.2114
55.3908
54.43
56.3387
55.0828
56.1821
56.3594
55.2126
54.6845
54.9121
54.8253
53.3469
56.5098
55.809
56.7325
55.8088
56.0355
57.2694
56.8619
55.6493
54.0587
55.2874
58.4214
58.9524
56.4802
56.9128
57.1108
55.0002
56.1668
56.0695
55.098
55.8065
56.2773
57.0947
56.445
59.5274
58.0462
56.3946
58.1886
57.7965
55.3962
57.0125
57.228
55.5651
55.8996
56.5859
56.1589
54.8959
56.526
55.9202
56.5859
56.6
54.3688
54.6281
57.8262
57.3273
55.4926
56.8352
57.4207
57.3966
58.8517
58.3834
59.6405
60.3876
58.7726
58.0104
56.3255
55.9471
57.5258
56.5715
55.3786
55.54
55.9427
56.3477
55.935
55.7631
55.1283
56.9721
54.1596
56.0263
55.7736
54.9268
54.835
53.2709
54.5693
56.2007
58.3635
58.3799
55.1649
56.0118
57.4591
57.7094
57.1382
54.7258
54.1085
55.9651
53.9198
53.6713
55.236
55.8906
55.3374
53.6948
54.5234
55.5138
56.8136
55.9194
54.2684
56.9807
57.3784
56.5833
57.5718
56.9797
55.8715
54.3947
56.7747
54.0452
56.703
54.8841
56.8228
56.3527
57.3623
55.1439
54.5128
55.7379
55.8706
56.9223
55.7167
55.6749
56.4141
54.3251
56.547
57.2515
56.4289
54.5267
54.6807
54.9531
55.5485
56.6613
55.8346
57.428
54.7464
55.2449
55.6243
56.7333
57.293
56.8298
54.5883
55.0545
55.2573
56.9831
54.7379
53.9169
56.5621
55.0574
54.1467
54.8537
57.4629
56.8977
56.1326
54.9531
57.4718
57.0869
58.8872
57.4546
59.3916
54.646
54.9651
55.2593
53.7843
58.1425
55.2852
57.9411
55.2503
54.0026
55.3524
54.9694
54.6643
54.7486
55.2618
55.495
57.5398
57.5638
56.5269
57.5282
57.3888
56.9164
56.5898
56.8325
56.6545
56.0294
55.0464
55.4636
54.6601
56.3803
56.9813
56.5712
59.0788
57.4255
57.8343
55.6841
55.9551
54.3823
55.3324
54.5418
54.6876
54.4124
55.1362
58.0681
59.5693
58.447
56.984
54.1531
55.9232
56.8863
56.7246
53.5637
53.9799
53.8372
54.9611
55.7256
56.822
58.0911
59.4563
57.3851
54.3399
54.6394
54.453
56.4315
56.4595
55.0185
57.479
59.8775
55.4108
53.7191
55.8111
54.8491
56.0344
56.2761
55.5494
54.1202
54.7261
57.1588
56.9054
55.7707
54.0262
56.2511
54.2627
55.4845
53.9643
52.8911
52.3595
54.2118
55.7145
57.6891
56.9764
55.3999
55.4466
55.847
56.0012
54.6002
56.3768
54.1165
57.0146
56.8366
56.8268
57.0374
57.1539
55.8406
55.2232
56.6538
54.1072
55.9068
57.9475
57.1314
56.918
55.0925
55.7151
56.5063
57.7732
57.2287
57.2662
56.8751
56.8295
57.9543
55.8885
56.9555
55.2863
56.7353
54.337
57.8872
60.4272
58.186
56.3093
57.3661
56.4897
58.1114
56.8703
56.4308
56.7519
56.1213
54.7134
55.7714
53.6571
55.2034
54.5168
55.097
56.3118
56.1065
56.8876
56.5053
56.319
55.6973
55.7705
57.293
55.906
53.719
54.1614
56.2773
57.396
57.8505
56.1259
55.4379
54.5343
54.6406
55.3633
54.6965
56.8569
55.6704
54.5814
57.0665
54.1058
53.5226
53.2704
53.8627
55.114
54.1218
57.1928
56.0198
55.5084
57.5692
55.8326
53.2841
54.953
52.6564
58.0288
57.1936
57.2538
56.6887
56.01
55.9187
57.7255
57.0114
56.2536
56.6314
56.9323
56.8093
56.4246
55.5855
54.9013
56.091
59.7862
56.6406
56.6545
54.8982
54.5689
54.953
54.5606
55.4166
56.1591
55.9158
55.4216
54.7593
55.9962
54.0362
57.0813
56.3884
55.3575
55.4257
57.2991
55.5912
55.2738
54.1842
56.5372
56.5576
56.1182
56.6566
55.0939
54.776
57.4545
54.4655
55.7436
54.4833
56.5753
56.8547
56.287
55.2505
55.6396
54.3286
55.8931
54.7828
55.2812
56.3859
56.1187
54.0125
56.5407
57.1874
56.6259
55.2272
53.5915
55.2324
53.4911
55.4457
54.2435
58.3365
57.9097
56.3034
57.556
56.4256
56.9768
55.5116
55.2874
56.6086
55.5627
51.7457
56.5385
52.8541
54.4115
55.6322
54.663
54.7719
56.9541
56.2826
54.5427
56.2133
58.5817
57.5041
58.092
57.1401
55.0552
55.4747
55.824
57.8832
57.7887
56.3753
56.1219
57.9661
59.3504
59.2089
57.3195
57.3519
57.7945
57.6154
55.1076
55.2417
58.5157
57.6653
56.7686
55.7027
56.6755
53.6781
57.1993
57.9136
55.9762
55.6477
55.7885
57.6252
61.5761
57.6917
54.656
54.8905
56.9691
56.2559
56.392
54.9777
57.0093
55.703
55.419
55.875
56.5911
56.6949
55.8495
55.8225
56.3567
56.6909
57.9035
57.0179
57.6909
56.3381
57.0966
56.4339
55.5703
57.4124
57.9705
56.924
56.204
55.6314
56.0761
59.8335
56.7223
56.466
57.9339
57.1852
55.2405
54.9752
54.8297
53.4153
56.7752
55.65
57.1222
56.654
55.5659
55.4175
55.0754
55.6147
55.1646
54.188
55.3683
54.3726
54.5407
54.9776
55.4671
56.3895
58.7504
56.3038
58.2615
56.0063
57.1364
55.571
54.6711
56.4252
57.1366
54.4413
55.3733
57.777
58.5347
57.4267
54.1618
55.1897
55.6518
56.4282
53.458
57.3988
60.8704
56.572
56.0234
56.7567
55.3956
55.6169
57.1991
57.4154
56.1577
56.9066
56.2908
57.0537
55.2546
56.4867
56.9147
56.6595
56.393
56.5185
54.4708
54.8617
54.9896
54.7251
55.409
56.2082
55.3863
57.4156
57.9592
55.1723
54.5844
55.8893
54.3552
54.4166
56.1163
56.9621
57.5431
55.0376
55.3311
56.8024
54.7584
55.2029
57.6143
55.1929
58.4514
57.1277
56.4298
58.7722
59.0262
56.1451
56.9553
58.2477
56.9791
58.3721
57.0663
58.9772
57.171
55.8602
56.7283
56.1511
55.5613
54.9983
57.9298
55.7132
53.3674
52.6678
54.7461
54.667
54.5588
53.7385
54.7571
53.9387
54.505
55.9792
57.3152
58.2664
57.7983
56.4648
56.8868
56.4746
54.6582
56.3432
54.5646
54.3316
58.8176
60.5797
56.3882
55.0023
55.5747
58.737
54.5811
55.6736
56.2985
54.3308
55.6427
58.2048
56.9873
55.0167
54.6849
58.3912
55.5221
58.2658
57.1226
57.3508
55.2622
56.0695
57.0072
56.8561
55.9933
54.9352
54.9948
57.0004
57.3418
55.406
54.7905
55.2018
55.283
56.9988
54.8293
55.1755
56.7415
54.3495
56.0867
55.6449
54.0033
56.4635
54.7794
53.8485
55.2359
56.9086
56.5301
55.8961
56.8847
57.2851
56.6134
55.4814
53.6793
53.8665
54.5407
55.397
55.627
55.3301
55.8808
57.6192
55.8151
56.1679
54.5952
56.3606
57.119
57.055
55.3049
55.8045
56.0098
55.3058
54.8284
54.7488
57.0695
57.4206
58.2164
58.3266
57.517
55.2949
54.4703
56.2621
56.2442
56.1577
54.9572
55.9061
53.9426
53.0611
55.5892
55.4581
55.6948
58.2686
57.2809
55.4503
55.167
55.5628
54.5852
58.4139
60.4739
59.6149
58.0331
55.3961
56.4972
56.4546
53.8154
54.7818
54.2666
54.3343
56.3388
55.2087
54.95
59.6875
57.7038
58.4895
58.3107
58.5489
55.8452
54.8757
54.8172
55.9479
56.6491
56.6923
58.3043
57.9402
54.8383
55.5123
55.9833
52.7161
54.981
56.3942
54.1636
55.6895
55.5796
54.9918
56.2361
55.9148
55.4976
55.133
54.2288
56.1295
56.8927
54.4746
55.1636
57.7591
56.6419
54.5244
56.6156
55.9774
58.3642
58.3887
56.7587
55.5035
54.8403
54.8322
55.9048
55.6318
56.7192
55.8567
57.3516
55.1083
53.4376
54.9361
52.9284
56.6098
55.7242
55.7791
55.9267
54.9742
55.2395
57.4847
55.7692
58.0006
59.1775
57.8324
55.2672
52.9722
55.0358
55.6219
55.6876
54.3825
55.1245
55.5738
56.7065
55.9085
56.4591
55.4875
55.4087
55.7817
56.3776
57.638
59.2028
57.7222
55.9025
54.9994
53.3514
54.3958
57.2939
56.1083
55.6515
55.8378
56.2398
55.5266
55.9985
56.8588
56.2024
57.8085
60.2774
56.2876
57.8681
57.3118
60.2243
58.4338
54.9326
57.4197
55.0882
54.4717
53.5987
54.2727
55.1005
56.5286
58.2326
58.9774
60.3614
58.031
57.1144
59.5043
59.0408
56.6467
54.4478
54.1215
54.08
53.7947
56.3642
56.5144
58.122
56.9392
55.7065
56.101
57.5232
56.8443
57.9977
56.7895
56.7629
57.0615
56.8347
57.3538
56.2168
56.9298
58.1426
56.5519
55.2969
55.5364
55.2147
54.9008
56.4647
55.7555
54.8132
57.565
55.4828
56.2383
54.9295
55.8095
55.9564
54.7053
54.4229
55.6453
56.521
53.8201
55.6943
54.4178
54.7203
56.4099
55.0165
56.1856
57.2599
56.7147
56.1663
57.5476
55.7408
54.6852
54.6959
57.002
56.9045
58.1054
56.3883
56.0669
59.0505
57.8419
56.4025
54.4586
54.1794
55.9362
55.9374
55.9031
55.697
53.0794
56.3952
56.7963
57.4287
56.8182
55.06
54.1098
54.9326
54.955
55.3492
56.7114
57.0382
55.4018
57.5862
55.2663
53.1687
55.8057
58.2855
56.5983
57.6969
55.2095
56.0979
54.7171
54.1708
57.7424
55.9445
55.7912
55.4786
56.1159
54.8139
55.4938
55.7713
54.3496
55.7082
58.534
58.6493
58.2079
56.8094
54.6076
56.0151
56.453
55.9855
56.5944
56.1256
57.5285
56.9694
57.6847
58.864
56.2141
57.7182
55.1518
54.9252
54.2494
54.0085
55.6778
56.3622
55.1454
56.7069
56.93
57.3178
57.572
54.6597
57.0179
55.5919
57.067
57.1839
55.2599
60.5507
57.3043
55.6982
56.5332
54.4964
54.5071
55.8132
57.1715
56.5743
55.6974
55.5416
56.6234
54.437
54.473
55.6219
55.7751
57.6198
59.0224
58.5742
55.446
56.9522
56.6043
56.6602
56.1969
56.303
55.7469
56.6884
54.8757
56.1089
58.2465
58.1888
60.0007
58.4915
58.3602
58.6225
56.7217
57.6354
56.3121
57.5688
55.6637
55.5056
53.6501
54.8578
54.8827
54.0923
56.286
54.7498
55.4633
54.8271
55.2475
56.7538
56.2277
54.3511
54.4052
53.721
53.705
54.0431
56.7231
55.5473
56.7437
54.6919
54.1849
53.4147
53.7
56.3422
57.227
56.5533
58.2257
57.6632
56.5935
55.8264
55.9236
58.3363
56.6624
54.2592
54.4671
57.2819
57.7437
56.2216
53.7361
56.1365
56.4259
59.0214
55.4758
55.1769
56.2219
54.4206
57.5288
54.9904
56.4074
56.7907
55.0588
55.4372
54.0698
55.5312
57.7526
57.6694
57.4067
55.8749
56.7523
55.4741
54.8186
55.3694
55.2473
56.9416
55.8365
54.2243
55.4483
59.133
57.5175
54.7166
57.5441
56.7428
55.3713
54.4251
57.2487
56.5663
55.6073
57.9188
56.6971
57.2244
56.7309
59.3588
58.6151
56.5128
56.3632
57.2289
56.6575
55.5212
56.1765
56.194
54.0581
55.9536
56.0138
53.931
54.3572
54.0897
53.9291
55.8202
54.8268
54.709
55.1899
54.0036
55.5129
56.6762
55.8395
54.8401
54.8725
54.3276
54.9244
54.8828
56.2632
57.4044
56.5756
56.248
56.8869
55.9798
54.4955
56.9443
55.3524
54.8456
54.5876
54.2568
54.2903
53.925
53.3663
55.6704
55.5645
53.5144
56.4303
55.4785
56.3794
56.3191
55.2546
55.3734
55.2317
57.0177
55.775
55.3256
53.891
54.687
56.8534
55.3774
54.7668
54.146
55.4586
55.4993
55.3673
54.562
55.0976
55.4847
56.6807
55.9267
55.4043
54.805
56.9285
55.0558
55.6516
54.2343
55.8401
56.8321
57.3693
57.4889
58.5886
59.187
58.5541
57.366
56.9082
57.4821
58.56
55.9308
53.5922
54.06
56.8811
57.6551
58.3683
56.839
54.5249
55.9651
56.2526
56.766
58.8458
58.9541
59.2993
57.9528
57.7658
55.5212
57.2959
56.9661
56.9192
53.4746
54.8086
56.9238
57.2716
56.8304
55.8465
54.7131
56.4956
56.2861
54.7581
55.975
55.1854
56.6652
55.6438
57.2989
56.1155
54.2466
55.9821
57.4574
57.0133
57.644
58.1337
60.6383
59.3337
57.1978
55.7278
54.0554
54.1733
54.8718
56.935
55.2958
57.6238
56.346
55.2706
54.9886
56.2728
54.6569
54.7304
53.9514
54.7823
56.2961
56.431
55.8031
55.9952
57.5319
55.6677
55.8427
57.5108
56.403
57.3829
55.5839
54.388
55.4128
54.4487
58.704
57.918
54.9538
54.2806
54.7949
57.5644
56.4257
58.6843
58.5587
54.3079
53.7039
54.3946
55.8427
57.3694
56.108
56.3703
56.9881
55.537
53.8007
56.1123
54.4968
56.3302
56.4052
55.4509
55.6399
56.3082
56.4604
55.2461
56.8509
55.3794
53.3073
54.3532
56.0646
55.6425
57.5794
57.3085
54.2017
54.6698
58.3253
55.7152
56.1298
56.5783
54.4601
55.898
55.8667
54.6301
55.2934
56.9533
57.0386
58.1702
57.7662
56.8068
55.8663
57.8604
56.349
56.6183
57.0071
57.492
56.1598
53.9873
52.8759
57.0435
56.4877
55.6284
52.598
57.1073
54.8688
55.7458
55.7104
55.4299
56.1516
55.5756
57.0341
56.8248
56.1145
57.6727
57.7483
53.9057
56.1828
56.8592
56.3216
57.6973
56.0019
56.0429
57.389
56.5475
55.2315
56.6506
57.7879
56.7825
54.3692
58.1383
54.6052
53.8596
55.0442
55.8332
54.9235
55.2606
56.012
54.6082
55.3728
54.8155
57.5813
56.1709
54.2322
54.11
55.6593
56.7476
55.4974
55.9439
55.9914
55.9124
55.7719
55.1079
57.4067
56.4793
56.8218
55.4001
55.211
55.3855
54.4263
58.1229
56.9631
55.9089
57.7808
56.5564
57.2043
58.9016
56.6829
53.9814
53.9001
55.5302
56.329
56.0223
55.9525
56.4455
57.6961
57.5528
56.5955
57.9487
56.0461
55.072
56.1599
55.3392
56.7124
57.915
54.8931
55.7634
54.9888
55.2307
57.1569
55.3619
56.6235
56.0547
56.9911
54.6714
54.1895
55.48
54.3512
57.5878
57.0748
54.4588
56.6161
57.8811
56.3857
55.0531
54.2369
56.7995
56.9144
56.6036
56.4508
55.3122
56.5358
54.5985
57.2181
57.6308
54.5812
55.0915
54.2335
56.2147
57.0116
57.3538
55.1048
56.0687
56.7862
55.2836
54.5273
57.1291
56.2124
55.1802
57.8049
57.6643
56.0663
54.4237
55.2805
57.3344
57.8459
56.9159
54.6038
57.7849
56.4991
57.5975
56.9561
57.3679
56.409
55.5656
55.6813
60.0338
54.9408
55.9459
53.9753
54.0138
54.3608
57.0999
55.4314
55.6066
59.5729
57.6309
56.0913
56.0594
56.6728
58.9057
58.6439
59.9762
56.2674
56.5839
55.2166
54.5915
57.2189
57.2077
57.1356
56.9778
56.5426
57.1629
57.4321
55.05
56.2452
56.6725
57.284
56.3542
55.6362
57.052
56.0042
56.4437
54.6856
55.4544
55.2619
53.7531
55.9245
55.5572
56.698
56.5667
53.6598
56.6033
55.7206
56.8251
55.5502
54.9616
56.1895
55.8435
55.9668
57.899
56.6707
56.6647
55.4612
56.5039
54.4676
55.7516
55.727
56.2364
57.142
56.8934
55.4702
54.4455
57.3388
58.293
58.9525
55.6706
55.9186
57.9088
58.5318
58.4261
59.8516
58.1776
58.6683
55.3257
54.6165
57.5495
57.7046
56.668
53.6975
56.3527
55.8836
55.0869
54.9762
56.4448
58.2944
56.0461
55.6141
55.2686
56.3918
55.9088
55.3079
56.8267
54.5825
55.1556
54.3643
57.1368
56.6503
57.7213
58.5211
54.9873
55.7816
56.427
56.7102
55.7389
56.6998
56.9456
57.6254
56.3661
57.4309
58.6394
57.3041
54.907
55.3338
56.2197
55.0904
55.8189
58.1384
57.2208
57.5979
55.2584
57.8952
57.8706
54.5124
53.4119
55.0535
56.6958
57.6694
57.9425
57.0465
57.2268
55.0145
54.5997
52.6694
55.0568
56.1774
57.6936
56.6955
55.7003
53.8255
56.2212
55.267
56.1055
53.597
55.0074
53.8808
55.6095
57.3978
56.8302
55.7218
56.7787
55.359
54.5841
56.8745
56.0866
53.7087
55.7456
56.633
54.8831
54.8686
53.9641
54.4784
56.035
54.9292
57.344
54.2653
55.304
55.9918
54.318
57.8963
55.7698
56.4352
56.4076
53.9774
55.7422
57.7067
57.3232
58.3433
54.7267
58.6943
56.0876
54.7644
55.9758
53.7418
54.3591
56.21
56.4835
58.3748
58.0938
56.6652
55.7517
53.6154
54.9251
53.0896
54.3371
53.72
53.5469
55.8972
56.0141
55.5837
60.0924
55.7163
57.5535
55.306
55.2054
54.4126
55.7712
56.6001
54.5228
54.2907
54.9614
55.6405
56.5513
58.2961
56.6347
57.0441
56.9117
57.319
56.9342
55.8585
58.3049
56.1602
55.6928
57.4297
58.0109
57.6068
54.9464
56.9162
55.0061
57.4162
57.8398
57.9239
54.305
56.0626
56.6777
54.055
55.5361
57.5527
56.2567
54.1104
56.7904
58.9046
57.1183
57.3385
54.8512
55.3314
56.1798
56.1496
57.077
56.3078
56.068
57.4855
58.3238
56.5491
58.0481
56.6196
53.4896
53.8481
54.9115
57.4211
56.3641
56.4297
56.7575
57.4404
56.9768
55.6508
55.9309
56.9327
55.8046
56.3127
58.6192
53.8776
57.2058
55.364
56.4522
55.3312
54.7495
53.9336
54.9679
57.1389
58.0309
56.2048
56.5429
57.4021
57.3707
56.6298
55.738
55.2166
55.6772
57.2193
59.0556
58.5233
55.9492
54.6649
54.9828
59.3401
58.5981
57.9051
55.1167
56.0935
54.723
54.6561
54.9504
57.8322
55.8585
56.5588
57.5288
55.1127
55.1584
56.5832
55.3169
55.7596
54.4883
55.5168
58.0629
57.0953
55.6401
54.3818
55.6636
57.9455
56.8538
56.6366
54.1337
56.3867
56.6157
56.9218
55.2263
54.3765
55.6284
57.313
57.3895
57.0402
57.464
57.6105
54.988
56.6407
57.2826
56.6966
55.9426
55.8306
57.0032
58.6427
54.6657
54.1216
54.3176
55.9462
54.5126
55.1619
58.3752
55.916
56.7519
56.3739
55.7398
56.3231
56.4319
56.5789
55.4433
57.0833
56.882
55.277
56.5906
56.8163
55.9321
53.6685
54.2008
56.1071
54.1062
54.7627
53.6765
54.207
54.6923
56.8438
56.5388
56.9913
56.3836
57.5213
58.2633
59.547
56.8268
57.2124
58.0735
55.7697
57.0768
56.582
57.6589
55.7453
57.4815
57.4733
55.4323
55.5685
56.7981
55.5517
55.8782
55.4129
55.7188
55.8393
55.2643
54.2551
54.9245
55.3335
55.1762
55.1686
56.1735
56.8111
57.9302
57.9461
56.107
54.9603
54.1477
56.6893
55.8653
54.9748
56.2771
56.5346
57.1545
55.8736
54.8462
57.0259
56.0632
56.4927
55.2248
55.7057
54.418
54.9148
55.587
55.3771
55.4337
55.7855
55.4549
55.3048
57.2223
56.819
58.6821
55.3086
54.5042
55.4236
54.6659
55.0435
55.0034
53.7078
57.8378
58.8881
57.8908
54.5775
57.606
55.0602
53.9092
57.382
56.2894
56.0858
55.2951
56.4597
56.7119
59.2278
55.6485
56.1219
55.6102
55.0757
53.4287
56.1984
54.6704
55.9393
56.2381
55.6855
56.1168
55.5399
55.1659
57.5836
58.9728
54.9652
54.4263
56.2408
58.9044
57.6528
56.461
53.9141
55.0968
55.2995
56.1915
57.9297
55.9663
59.0976
54.5525
55.431
55.4759
56.5728
55.958
56.9364
57.0384
56.4334
57.5744
57.9469
58.3839
55.8489
56.464
56.7199
55.3177
55.8055
55.5127
57.9092
57.5374
55.3543
55.3602
56.9599
55.9462
55.5145
58.1411
55.7996
56.3299
55.3404
56.116
55.5478
56.9223
56.0822
56.2631
56.1905
55.8136
54.9776
56.9435
56.2004
57.0468
54.5201
53.7222
56.0201
57.7618
57.2206
54.48
53.2991
55.0734
54.6252
53.773
54.0515
57.0944
57.1747
58.102
56.9241
57.3235
56.2413
56.788
54.7993
57.1523
57.7449
55.6128
55.7626
56.2473
55.9614
55.7982
57.0382
55.3953
56.77
56.5918
56.3469
55.7053
56.0282
55.4493
56.0346
58.0397
55.7984
57.8626
58.1427
54.9146
56.6225
56.3871
54.8986
54.7638
56.6364
55.2526
55.5715
54.1951
53.807
54.7772
55.1533
58.3093
56.439
56.8311
52.0636
56.8557
59.2228
58.2933
56.9449
58.2637
56.9582
57.6332
56.7906
54.4507
54.9136
56.0613
53.6794
53.7055
55.8746
55.3484
53.5496
55.47
56.0856
55.3825
56.2406
58.4013
57.1816
55.9365
56.2478
57.3379
57.8283
55.0899
54.2034
53.1822
55.4214
57.4012
57.887
56.4301
59.7598
57.4854
57.0345
51.8548
55.1716
54.6353
54.5643
55.9749
56.6528
58.297
55.7134
56.0225
57.6307
58.5437
57.7441
56.2258
60.2558
55.5765
55.7693
58.1434
57.1316
54.6003
57.2263
57.1848
57.1923
55.4387
54.5201
56.3017
54.9137
55.3689
54.7336
55.8839
55.5108
53.1367
52.6389
52.3222
54.7217
57.1432
55.5077
55.3696
56.4005
54.891
57.9343
58.3796
57.5546
56.6116
56.4254
55.8071
57.904
56.7481
56.5776
58.7931
58.073
53.7985
54.0774
55.3548
55.9602
56.9019
56.3873
57.6059
58.9074
57.1744
56.1764
55.5922
55.8619
55.0741
54.092
56.2575
57.1055
57.1796
57.0263
55.6933
54.751
55.2696
55.5072
55.3455
57.5127
57.1226
55.6495
56.9683
55.0457
55.2985
56.4415
55.5416
55.3087
53.7784
56.0291
56.4526
57.3846
56.7504
57.3446
55.3194
54.9274
54.787
54.2048
58.0596
58.8109
57.6062
54.1915
56.2461
57.2192
55.5944
53.8634
55.6258
57.563
55.2085
54.736
55.3113
56.5629
54.377
54.7625
54.3862
53.4958
53.4093
54.9056
54.3083
54.8609
52.4004
54.3144
54.6076
56.4157
56.0823
58.1893
57.6026
55.0142
57.0744
56.8982
58.4742
55.4328
54.2446
56.4138
54.8407
55.3607
54.4696
54.4833
54.8168
56.6855
54.9036
56.492
57.2312
57.1307
56.6789
56.1707
54.9199
56.0939
55.9733
58.1798
58.1151
58.4544
56.7417
54.1277
54.6096
56.0613
57.0211
56.9756
56.7387
54.7025
57.9085
60.6044
55.3761
57.4536
54.0806
52.6881
55.5383
54.7751
55.7611
58.056
55.834
58.0394
56.5524
56.857
56.2545
56.4738
54.6872
54.5285
52.0671
56.4653
56.4774
55.2913
56.8948
57.2231
58.0417
56.4044
57.3968
55.8632
56.7864
57.0913
54.7596
56.4807
57.3539
55.5874
57.2281
57.6777
55.328
56.6138
54.8523
55.9258
56.5297
55.6791
54.9288
57.2928
56.0207
55.2117
55.243
54.7632
55.4664
55.7721
56.896
54.7048
54.833
55.1574
54.3394
57.4648
54.8642
56.2612
56.371
57.5819
57.7168
56.0422
57.1613
56.6061
55.9644
56.6398
55.6486
56.5928
55.1161
54.739
56.8669
56.6075
56.8181
57.9624
58.6744
55.9641
55.5516
56.285
57.4486
57.3356
57.9117
58.2426
56.8407
55.3271
56.6673
59.3294
57.6414
57.4174
56.8222
53.5042
55.0154
56.3088
55.3612
57.2195
55.7329
54.1244
55.1275
55.5871
56.5821
57.2873
59.1312
57.2329
55.8588
56.1126
57.09
56.8398
56.8408
55.0763
55.3078
54.1521
56.5677
57.4115
55.5583
57.2019
59.716
57.4978
57.9908
58.7088
57.0351
55.1259
56.0279
55.2929
55.4499
55.7497
56.0305
56.431
56.9486
54.9458
55.5613
55.1909
56.1217
56.3101
58.1155
56.078
56.7268
54.1412
55.7265
55.2387
56.8699
55.8714
58.8478
57.9144
55.4671
56.8905
55.8174
54.9618
53.132
55.6898
55.9235
54.2107
56.6016
55.2647
57.7216
55.7552
57.2863
57.1331
55.9751
57.1445
58.3911
58.4852
57.4069
56.7519
56.5389
55.0646
55.5138
55.9112
56.7593
55.6485
57.5042
56.4487
58.1962
57.3187
57.2988
56.6316
56.2109
54.6591
54.9393
53.7434
54.2213
53.4403
57.4124
57.8293
55.8477
57.0166
56.7226
57.7005
58.475
58.9552
57.6263
57.7645
56.8463
56.4197
56.6739
56.432
55.565
55.7929
53.8562
55.3596
54.8511
55.7349
55.5876
57.2886
58.3959
58.8488
56.7184
57.3512
56.5419
56.0475
54.92
53.7483
54.4054
56.0703
55.5073
54.7324
55.294
55.602
53.8026
56.8747
55.7302
56.2433
54.8827
56.0398
56.9895
57.3702
55.8832
56.2667
55.7911
56.4255
57.1461
56.3352
56.5847
56.2892
56.0143
55.9647
54.5902
56.0565
56.4353
56.7642
56.6588
56.6104
57.448
56.8576
54.2525
54.3095
54.5589
53.8507
54.3521
54.2612
57.6113
56.2209
56.2961
55.1811
54.9218
56.5334
58.3987
59.6921
56.2643
55.2988
57.3727
55.067
55.8207
56.4241
54.5449
56.2213
57.7932
56.9598
59.244
57.5916
55.9322
56.5805
55.4119
56.2559
57.8841
57.5638
57.1163
55.3415
54.9243
56.653
55.9606
56.0115
56.0972
57.6142
53.2091
53.829
55.3935
54.2183
57.819
58.2061
56.371
54.2974
55.4265
58.2098
56.4568
56.6793
55.0224
55.867
59.3727
57.2443
55.5835
54.3047
56.526
54.9928
56.9495
56.8054
57.4228
55.6782
56.2818
54.1131
58.5267
55.3562
57.1968
56.322
55.9988
56.2085
56.5203
57.1099
55.3631
55.3014
56.6178
56.095
56.3821
58.2318
59.9576
61.904
56.1601
53.5322
53.1377
54.7688
57.4307
56.309
54.9269
56.7771
57.6664
55.78
57.0843
57.6647
57.1976
58.1447
59.3619
57.7106
55.2439
56.537
54.6893
56.4255
56.0607
56.6394
56.674
55.9632
53.9493
57.187
56.1244
54.3905
54.2235
53.9099
56.8872
55.3809
55.5906
53.9274
53.7932
55.8581
57.8137
56.8821
55.0175
55.9395
56.7826
56.7555
56.9089
56.4036
55.7336
57.1593
55.5339
56.4659
56.845
55.2655
54.7723
55.6298
56.6794
56.4725
58.6322
58.3223
56.3867
55.0081
56.8083
56.878
56.4568
58.1751
56.272
54.1183
55.7762
55.4726
54.4991
57.1324
59.2753
57.8353
54.6449
54.9346
57.1332
56.3425
56.968
57.556
59.5287
54.5603
55.5891
55.2921
54.2803
56.4191
55.2685
57.0648
57.2796
54.2611
56.85
53.9572
55.461
56.594
57.7796
57.7503
56.0963
55.4263
55.6594
55.0122
52.7753
54.3201
53.9609
55.0353
54.1864
56.483
55.2772
55.7594
56.4323
58.1618
55.8641
56.4636
58.2881
57.1295
54.9196
54.6246
55.8658
57.5567
57.8232
55.2951
53.9583
56.5679
56.8971
56.7298
55.3938
55.5166
54.1184
57.2463
55.8868
55.8101
54.7243
54.7609
54.1451
52.7292
56.7595
55.3843
54.9416
55.7102
56.8122
57.0175
56.5416
56.7308
56.7999
54.2822
56.5462
57.2772
55.171
57.0299
57.0641
56.0561
55.882
54.8559
54.9528
56.5923
55.9287
58.3467
57.1974
58.2227
56.567
54.8622
54.8122
54.874
55.3515
55.1695
53.7509
56.6602
53.7638
56.4444
57.6097
55.589
55.0974
54.7868
54.9332
54.998
54.5243
57.3677
57.184
56.2744
55.4696
55.7351
56.7197
58.109
56.6008
58.1292
55.9887
56.4852
55.2089
56.3042
55.2133
56.7627
56.2845
58.823
58.3114
56.7628
58.2406
57.8322
58.342
54.7003
58.7076
57.3635
56.7235
57.1125
56.7139
55.063
57.4861
55.5696
57.6186
56.5976
56.7525
55.486
55.3616
57.0976
56.8582
55.7314
56.4129
54.7312
56.6199
57.1127
57.8371
57.156
55.0296
54.6969
54.8481
55.2405
56.2452
55.3243
55.4545
57.7124
56.4472
54.097
55.5086
54.877
54.1052
54.7921
56.8771
55.6048
56.0816
54.8799
53.9198
53.8507
54.5974
54.3851
57.1434
55.2148
54.7401
56.9121
55.3681
53.7424
53.7438
56.9809
57.7883
57.5535
56.4888
56.3816
55.8266
53.8047
55.8038
56.5079
56.86
57.1409
56.3086
56.6978
55.3384
54.9846
56.3366
57.1254
56.2538
54.285
55.146
56.668
55.9982
56.8325
55.8049
56.6894
56.4292
55.0626
56.992
56.2734
54.6403
56.8693
55.2209
55.7141
56.7036
55.7804
56.3289
55.9137
54.9089
55.5601
56.4298
55.2022
55.7891
54.1519
54.4933
54.4058
56.0727
57.3434
57.4676
56.7517
54.6622
53.9575
54.8825
54.2334
55.5694
57.7174
59.2598
55.8069
57.0047
56.729
57.1988
56.9092
56.2452
55.238
56.3819
58.7662
57.7226
55.4202
57.9928
57.4595
58.6999
57.897
54.1585
54.8723
56.9022
54.3573
54.1013
54.4352
56.465
54.0954
53.9912
52.9212
53.9013
55.8093
57.5396
57.4089
55.93
56.2711
55.3156
55.0961
54.4324
55.3349
55.3282
55.4071
55.6142
56.7397
56.9543
57.039
57.3862
55.6877
55.7003
53.6033
56.5442
55.2869
54.5675
54.2897
56.509
58.9341
55.4388
56.7282
54.4057
55.6185
55.5713
55.2184
56.9122
56.2173
57.2728
58.0201
54.8396
55.8054
57.4147
52.251
54.1742
56.9523
55.8487
56.919
57.2896
56.9685
57.791
56.6672
57.5898
57.0272
56.6869
55.1219
55.1158
54.4837
55.8223
55.9241
57.9278
57.3229
56.6182
56.3519
57.4909
56.9291
54.8407
56.3162
57.2831
56.1367
55.7764
55.4809
57.646
56.6768
57.4132
54.8869
57.8061
57.6781
57.2329
56.1262
56.1687
57.5993
57.1512
54.9601
53.4645
55.1106
55.39
54.4271
57.2389
56.1376
55.9632
57.0336
56.2566
55.3449
57.0139
55.9674
57.8392
55.4756
55.6862
56.0672
55.6725
56.1981
54.8072
56.4604
56.0335
54.9841
55.6911
55.83
53.9743
55.5788
57.3382
57.4506
56.8938
57.9896
57.5418
58.6128
55.1123
57.3093
55.6335
55.4147
54.3703
54.8023
53.2662
54.4961
55.0556
55.7987
55.6563
57.6084
57.1641
57.1045
58.0725
55.5328
56.6621
55.6469
54.5525
55.9846
55.9611
57.6475
58.1722
54.7063
53.6784
55.4769
55.274
57.4114
58.9899
61.0104
56.4791
57.7485
55.9935
59.0798
56.7547
60.5071
57.7737
57.2266
55.9494
55.6349
56.0589
57.0246
56.1251
56.6006
54.4861
55.6566
55.1171
54.3233
55.9912
55.8166
56.4748
58.7352
57.4047
57.2363
57.1502
55.6629
56.6112
55.8329
58.3673
57.1231
56.6365
55.6102
56.4605
55.1483
55.1101
57.9705
55.0981
59.6682
55.2108
56.662
56.3027
53.3252
53.9957
55.7997
56.6822
56.5311
56.7005
54.1165
53.2911
54.9857
56.4179
56.152
55.3152
54.4049
53.8802
54.4286
54.044
55.4202
56.7149
56.1355
56.8942
56.5053
56.4702
55.8236
55.803
56.5045
56.0863
55.3
55.9116
54.9022
57.7132
56.5973
58.212
55.931
57.0208
57.4125
56.9283
54.8312
55.8231
54.7932
55.7932
55.8546
55.6947
55.6697
54.8954
57.0117
57.7649
54.7072
56.0126
55.3361
57.3597
55.3944
54.9488
54.436
55.1856
57.2097
57.459
57.4129
57.8945
55.5178
57.9624
59.2901
55.905
54.787
53.6487
55.3583
55.6419
55.1232
56.9686
54.4302
56.0369
55.9058
54.9445
55.9925
55.4895
54.5869
56.5312
56.0181
54.1797
53.9344
55.7705
54.8868
56.2812
56.6549
56.0947
55.0616
54.0287
55.1093
58.5481
55.415
53.7122
54.3775
57.8675
57.4548
55.1017
54.6521
56.1325
56.3122
56.9611
56.5035
54.2631
56.8611
56.8312
56.0243
55.6863
53.5778
55.914
58.7106
59.1629
58.3853
55.5946
56.2443
55.7548
56.4259
56.0872
57.9739
56.2251
56.1635
56.0173
56.6297
59.3691
56.4603
57.4002
58.3373
55.3812
56.4741
55.3528
55.6756
58.3073
55.4751
54.221
54.1764
56.4253
55.9705
53.3772
55.2917
57.0399
56.5187
57.0048
54.9831
54.0668
56.7101
55.2247
55.3399
56.7188
55.6001
55.6727
57.0394
55.087
55.5983
56.2265
55.1401
55.7841
56.3004
58.3555
59.4272
56.298
56.9919
55.3271
54.3906
53.3371
54.8749
54.7769
55.6491
56.4418
55.2124
55.1696
55.0018
53.09
54.4117
54.5287
55.9727
56.5412
55.7409
55.1843
54.1889
55.9664
55.2258
54.1909
55.5295
55.6339
56.1337
55.7083
55.577
56.7204
57.0846
56.6341
57.1691
55.78
55.8621
54.4959
55.2129
55.3041
55.8778
55.6288
55.2785
58.9404
57.3063
57.2303
56.4966
58.7118
57.053
56.2337
53.6141
55.9198
55.6013
57.7113
58.4427
55.235
57.7058
58.4498
60.2423
59.7605
57.9982
56.2624
54.5888
56.8753
57.916
56.9031
55.3781
56.0858
56.5091
57.2257
57.5573
57.6708
56.4712
54.8867
57.0546
56.3074
57.6111
56.2052
56.5189
57.9185
58.0306
55.1962
55.2966
54.569
57.5814
57.0752
54.1929
56.0944
55.9915
57.6165
57.209
56.2774
56.7365
55.1544
55.3573
57.5278
56.8291
56.8669
57.1685
56.2254
55.651
55.5613
55.3607
56.0535
56.8474
55.6866
54.4729
57.7107
55.6586
57.6108
56.208
55.5058
56.288
56.0462
56.325
56.061
55.1127
55.5555
55.7769
54.7803
56.5402
57.6447
56.519
55.2347
54.7656
56.5411
58.3362
56.5003
56.6462
60.0649
57.8378
56.081
56.4061
56.4227
57.4671
56.43
58.8969
58.1965
55.0847
55.6616
57.4419
55.1392
57.0977
56.1307
55.4928
55.0937
55.9573
57.3775
54.4949
55.2421
55.7038
54.5917
55.4545
55.309
55.8267
58.7502
58.6477
54.2369
55.0995
55.457
56.2994
56.526
55.5116
55.2165
53.6415
55.9433
56.6677
55.5669
56.0644
55.1786
56.151
56.1796
55.5497
55.8095
56.9683
57.1333
57.2556
56.6933
55.8635
57.225
55.2677
54.6425
53.2829
54.5396
55.0899
57.2503
56.2681
55.598
57.4172
57.4526
55.8219
54.4153
56.6906
56.3288
55.5605
56.5155
56.6169
55.9248
54.738
54.2574
56.7338
58.4448
56.2885
56.2776
57.1482
54.5577
55.5755
56.5117
55.206
58.4693
56.5297
55.763
56.9424
56.6876
55.4247
55.4527
54.4478
55.6986
55.191
54.0354
56.4687
56.0773
56.5425
56.5715
57.996
57.5473
54.409
54.7845
57.4854
55.576
55.4794
56.133
56.9387
55.6735
55.5535
53.3535
55.4242
56.3149
57.3874
55.4112
57.7102
56.0199
56.9649
56.0012
54.8115
55.2366
56.0629
55.2879
58.454
58.9376
55.3972
56.3161
56.6839
57.2043
56.7439
56.5657
56.9964
55.9179
55.5498
54.8174
55.6254
59.2022
55.492
56.0342
54.7099
55.9342
55.1297
57.664
55.4354
55.572
56.3722
56.961
55.5892
56.1863
55.6219
55.3337
57.3255
59.0285
57.9492
59.2153
59.0914
57.4556
56.6093
58.4341
56.0764
56.1329
56.1312
54.7092
55.8559
55.5831
56.2605
56.905
57.6523
58.5923
56.0557
56.3447
54.4749
57.56
55.6688
55.0075
57.7308
57.1029
55.804
54.4143
55.2352
57.8116
54.9602
56.3226
59.9999
58.5043
54.9127
58.1698
57.0488
54.8098
55.1001
55.7139
58.3267
56.3418
57.4386
55.5523
55.3496
55.7994
53.7699
55.8469
54.1984
55.7099
55.7214
55.1945
56.4886
53.6914
56.7777
57.1865
56.4324
55.6573
52.4556
55.2627
57.0241
56.2963
56.5131
54.3111
56.5473
56.7687
55.0879
53.2194
56.3677
55.7579
57.2709
55.6256
56.9134
56.6576
54.5656
53.7518
54.4173
55.5678
55.2316
55.5633
56.2439
54.1404
55.7895
56.2027
58.4165
57.9681
55.0575
56.964
56.5864
56.7535
57.5082
56.4517
57.0152
57.795
58.3558
58.4545
57.6533
58.6709
57.1473
58.4329
56.1456
53.9328
54.7759
56.128
56.0522
59.5216
56.3686
54.3772
53.9069
55.722
55.8373
56.9442
55.3786
56.3991
55.1907
54.8711
53.2198
54.839
55.2423
56.0337
55.6488
57.1977
55.1476
54.0623
56.7521
55.0473
56.3809
54.7354
56.1753
55.2804
56.2487
56.0481
55.3678
55.7719
54.9547
56.5839
57.648
53.9267
53.3166
54.0225
54.3824
54.073
53.9836
55.131
55.6086
55.4421
56.5587
55.5689
56.2692
56.6478
58.2302
52.8573
54.2268
52.9658
56.1337
56.5762
56.9074
54.8872
54.6394
55.8787
56.9426
55.1594
54.8756
53.7241
54.3208
54.7496
54.3803
54.8333
55.4052
56.4417
55.8396
57.7504
55.9575
56.924
53.6299
54.5696
55.2686
54.9221
55.3631
56.8542
56.9928
55.638
55.357
54.1708
56.0866
55.2935
52.9974
53.6693
54.9842
57.0741
56.7976
54.1219
53.4154
55.9059
55.2659
56.7589
56.6423
56.1051
57.5384
58.0695
59.0099
57.4444
54.5511
54.4118
56.0499
57.2724
56.9148
57.8698
58.5916
56.3888
57.0145
55.7135
55.4508
57.3281
55.2781
54.6508
54.8502
55.0776
55.6151
54.8834
54.3145
57.1734
56.6824
54.1989
56.2458
56.6805
56.659
55.0818
53.8709
57.9495
55.5032
54.6082
55.1638
57.7058
57.6989
57.9341
56.3789
56.8083
57.0562
57.6374
56.6955
57.2344
55.9658
56.3517
54.102
57.5343
57.0386
57.06
55.5254
56.7607
57.4175
57.3526
56.4357
56.2174
56.3596
55.0273
56.7108
55.5833
58.7557
58.4851
57.5953
58.2081
55.6821
55.399
55.7283
54.606
54.5475
56.1532
55.3266
55.6544
57.4741
55.8339
56.7353
57.2866
57.614
56.1634
56.6457
56.9405
58.2916
57.4936
56.9891
55.7551
54.0431
55.785
54.8373
56.2837
56.4329
54.1772
55.57
56.665
54.7259
55.6647
54.6823
55.2767
57.0192
57.3417
54.8521
56.4902
57.0966
60.3657
55.9883
55.1426
52.5435
55.5084
56.3829
57.4739
55.2164
56.8628
54.5486
55.3508
56.458
56.9222
57.1791
55.374
54.8013
56.4247
58.5502
56.939
58.1609
57.2473
54.6765
57.2069
55.9971
58.1561
57.5908
56.3811
54.1911
56.5462
58.6766
56.0011
55.5547
57.5213
55.2605
55.1818
57.9447
58.5327
57.7447
56.9149
56.8859
58.0842
56.8111
56.7422
57.2289
56.6927
56.7822
54.5155
54.4831
54.9522
53.6212
55.4361
57.0906
56.1518
56.176
57.3014
59.9548
56.0588
52.6636
55.6617
57.3425
56.0901
57.254
58.3602
54.9063
56.1261
56.4167
53.1553
54.7661
55.4235
55.8171
55.8663
56.8742
56.9771
56.1888
56.7988
58.0909
56.1428
56.8924
57.4229
59.2608
58.0653
56.2212
54.7507
56.0998
55.8711
53.4213
55.8214
56.0263
54.8975
57.6758
56.0203
55.6063
55.1813
55.2365
53.5911
54.4198
55.8529
57.0617
57.9278
56.9604
57.6275
56.507
57.6107
57.028
58.3779
53.2391
55.0091
55.9804
59.2763
58.0546
55.7081
55.0042
55.322
54.8055
56.0502
56.2732
57.3782
58.2145
56.466
58.0765
57.7938
58.4798
57.4522
55.3343
56.8393
58.4659
58.479
56.0437
54.8963
54.9883
55.4877
55.3574
55.3313
56.6075
57.5278
56.4135
56.2186
56.9361
56.4764
56.933
57.3452
56.6439
55.4226
55.5681
54.6424
56.7112
56.6141
55.7827
57.4489
56.2407
56.6226
55.5955
55.5943
57.239
57.1698
56.5098
56.7245
55.6448
55.9673
54.9823
54.8128
56.836
57.7306
55.1448
57.426
57.9778
57.2681
55.3364
55.5615
55.9023
56.0049
58.2211
56.9998
56.5522
56.0993
55.9971
56.2735
55.882
56.0385
56.2602
56.4964
59.6437
55.9776
57.6722
57.2027
56.6075
55.3359
56.5294
55.1095
53.7872
56.3095
57.6865
56.5446
55.4037
55.3608
55.1718
53.8682
53.7114
53.0497
54.9167
57.4892
56.0114
55.2388
56.1039
57.9862
58.9145
57.5583
55.5231
57.3559
57.934
58.0855
54.6974
55.7529
56.1835
56.3714
58.2848
55.1232
57.5922
55.6362
55.5559
55.2126
53.8243
54.5915
54.4739
54.0024
56.0973
56.6719
56.1012
54.8965
56.2721
55.5539
55.0923
56.8407
56.0906
54.6385
53.978
52.9654
54.0861
53.5314
55.3525
54.3952
56.156
53.7673
54.7213
55.936
53.7009
55.839
56.5406
55.68
57.1447
54.7109
55.7484
58.1323
55.2497
55.943
54.7449
56.6193
55.0031
55.8688
54.637
54.3395
55.747
55.7813
55.7715
55.0678
54.5096
53.9651
56.6164
57.7523
56.3556
54.285
55.8622
55.611
57.1667
56.4095
56.5783
54.8667
55.5567
55.8381
57.0218
57.4361
59.0266
54.0497
53.789
55.5065
55.3409
56.3251
57.099
55.4347
57.8153
57.3391
58.4174
55.8826
56.0289
56.3209
53.2138
52.7267
53.5882
54.3818
55.1685
55.8062
57.2698
54.5504
55.4328
56.3837
57.2525
56.2609
55.5709
57.258
58.8291
56.5445
54.3535
54.8194
55.9525
56.8219
56.6531
56.294
56.3214
54.639
57.3625
55.4577
54.0216
55.8786
56.4922
56.406
56.7174
56.7137
53.9253
56.2186
58.8819
58.7608
55.926
55.7944
56.4272
55.4952
55.0339
55.098
56.3639
56.3908
58.4172
55.5233
56.6316
54.9883
54.8238
54.7459
54.1381
53.5839
55.6717
54.7377
55.3486
56.1745
56.6836
55.162
56.7248
57.8776
60.522
55.4413
56.2205
55.8503
56.6248
57.3321
59.7087
57.9758
53.9992
57.5816
57.7115
54.6223
55.6107
53.768
55.3864
56.2499
55.5097
54.1534
55.2652
56.303
55.8686
54.5996
56.5891
55.1887
54.1209
55.4787
56.6363
57.7582
56.5609
55.322
55.2161
55.9915
55.9734
56.8613
57.7301
56.9867
55.2115
56.5883
56.4747
54.6663
55.6011
57.6064
55.585
55.0707
54.8531
53.8135
55.3286
57.6547
56.6073
59.4021
57.2669
57.6996
57.6939
56.1781
56.4319
58.5723
58.8197
58.7267
58.3867
56.9947
57.262
56.4172
56.4809
57.4445
55.1148
55.0843
54.0846
56.2873
55.1676
56.3581
54.07
53.2646
53.9586
54.3701
54.5659
56.3133
56.6004
55.5521
55.8083
56.4111
57.4836
55.9488
54.9278
57.0039
57.1439
57.2915
55.8002
56.5747
55.5492
57.1781
56.0292
54.5292
56.4713
57.6353
58.6226
58.1392
55.7652
57.672
56.6141
57.5632
56.9945
55.8083
55.2459
54.9399
53.6447
53.834
53.7545
57.2543
58.0772
57.8472
53.0661
55.5209
53.6754
55.6285
54.9976
58.6521
57.7608
58.7398
56.7035
54.903
55.1967
56.4267
56.3737
57.1278
56.345
55.1507
55.4238
55.4953
56.1833
55.17
56.3076
55.4701
54.6709
54.9284
55.1276
56.2374
56.5536
58.6993
57.5342
57.2364
56.5412
55.9386
58.0969
59.3953
56.4579
56.281
55.0049
55.2305
57.2348
57.599
57.5639
58.7355
54.7397
53.6031
55.7377
57.6317
57.7881
58.2966
56.8077
56.6739
56.5209
56.3831
57.5224
56.5176
55.7068
54.3629
56.1032
55.9677
56.7208
56.2943
56.3613
56.9496
59.0048
55.8831
56.9127
56.2671
59.051
58.3266
56.5028
56.532
58.399
56.4848
56.1412
56.2296
56.7362
55.178
56.4842
57.4786
61.5991
57.251
55.4702
54.8616
55.1347
55.6219
60.1863
57.2758
58.5006
57.2489
54.4624
54.8306
54.1572
54.538
53.4181
56.2922
54.8308
55.6055
56.1885
56.861
55.5264
56.421
56.2102
56.8822
56.3289
53.3599
53.7088
53.852
55.9163
56.4461
56.3709
56.2611
54.6859
55.2794
54.7114
58.0918
52.8813
53.8674
55.3693
55.3414
56.135
57.1257
60.6637
58.5569
56.335
57.0703
56.3484
57.6
55.5645
57.4656
56.2077
58.0623
56.8449
57.3443
56.4632
54.5571
56.186
57.2904
57.991
56.2872
56.745
57.7416
55.6151
56.9638
54.9509
54.8135
53.6293
55.5121
55.6373
54.9644
57.3794
57.2636
57.252
56.7641
58.9111
58.6377
58.5622
57.0868
58.5677
59.9802
57.183
58.5189
58.3437
57.6019
54.6688
56.9029
55.959
56.9273
54.6808
56.9485
58.1521
56.2391
57.9949
55.1475
56.2008
57.1564
56.916
57.0318
58.0686
57.7657
56.1457
55.2285
55.5693
54.5661
55.8904
57.2634
55.2388
56.1369
54.9853
55.1645
56.2342
54.9593
55.3988
54.2
56.5095
55.9678
55.3395
56.0273
54.8449
53.8467
55.7278
57.2838
55.7389
55.1324
56.855
58.2523
54.6566
53.6276
56.0638
56.6391
58.4217
54.7195
55.6796
55.1753
54.4493
55.1988
53.8669
56.6382
56.8692
54.9789
55.9006
57.9509
54.7995
54.5141
54.7329
55.1331
54.3839
54.4964
54.068
56.0606
55.2425
55.5514
54.5362
54.1232
55.1255
55.4842
54.7704
54.8903
55.7221
55.2878
57.7799
56.3609
55.5013
56.5015
56.4835
54.1195
54.0269
56.048
58.2328
59.1031
56.3714
55.8516
55.7422
55.5371
56.0587
56.2474
55.594
56.6433
55.8773
55.8831
55.5828
55.7507
55.6242
55.3704
55.4131
54.5673
56.6566
55.3415
57.1774
57.094
53.7252
53.6526
55.0656
54.7205
58.1919
55.6217
55.4701
55.4446
54.126
55.1563
55.011
54.5631
54.4004
58.1926
58.4063
57.2774
58.477
55.4679
55.7651
56.4073
55.771
54.8865
55.8016
54.6172
54.7084
54.9063
54.6082
56.0025
54.1917
55.491
54.7548
55.7695
56.3027
53.9141
54.8898
55.6763
54.204
56.3565
54.3621
57.8064
57.5861
57.1355
56.9332
55.762
55.7347
57.8506
54.4776
54.9441
57.4346
57.1665
56.2618
56.5156
57.5657
56.1382
53.9955
55.2142
56.5495
54.4281
56.7779
55.1542
55.9884
56.6218
57.2259
57.4771
56.6197
56.8846
54.5603
53.9189
56.6938
56.0671
54.6791
54.9965
55.2525
55.9644
56.1551
57.9968
57.3778
56.0706
55.9659
54.9462
55.6198
55.2145
54.8463
55.3009
58.8039
58.0458
57.695
55.943
55.6043
56.9277
55.0061
56.2362
54.4945
56.5303
56.9977
55.7085
55.9938
58.7251
58.6036
56.6683
55.1331
57.835
56.1733
57.3754
55.9168
58.1482
54.9471
54.1012
56.3603
57.9854
56.5029
56.6332
55.6683
57.3046
56.1642
57.9971
57.1266
56.1461
55.5439
55.7493
54.1224
58.7895
58.3766
57.7087
59.4782
55.0534
53.5349
56.7007
55.1493
56.1151
56.1517
53.5265
53.4161
57.1015
56.4926
54.0661
56.0873
56.1388
55.6004
54.1167
54.895
56.503
55.4904
55.9939
54.1504
55.5855
54.3829
57.2287
55.1082
60.0338
58.9933
57.1084
56.5251
55.8045
54.6438
56.0076
56.8922
55.5534
55.7157
56.2759
55.8997
56.4362
56.8133
56.8615
56.9201
58.6266
56.8359
57.6721
55.9308
53.3545
54.1997
53.878
53.5159
54.0216
55.7804
54.0235
55.6705
54.448
55.5623
57.6826
59.1645
60.1594
58.8113
57.1574
54.3702
55.486
56.781
55.6473
55.6407
55.5868
56.8553
56.3934
57.2453
55.363
55.2961
54.5578
55.8042
56.1061
54.6361
55.3554
55.5881
56.8351
55.7753
55.8121
55.8459
57.6558
56.2866
56.2881
55.7411
57.238
55.5923
54.484
55.2242
54.9065
54.4744
55.1433
56.3867
57.503
56.7742
55.1423
55.074
54.7663
56.4206
55.253
55.8432
55.1153
55.7806
55.7131
57.5933
55.97
53.3466
54.858
57.537
56.8263
55.532
58.3868
57.3843
56.2794
55.2009
55.6534
55.0045
55.4856
57.0656
55.6304
55.1107
56.1926
54.9649
56.1788
58.3016
57.9351
57.3952
56.0365
57.5618
58.5862
56.9523
57.0171
55.9939
57.2268
57.1892
57.9927
56.7601
57.4904
58.0253
56.5219
57.8743
57.7001
55.9616
55.6772
55.2981
56.1678
54.6891
58.0804
58.739
56.0806
57.5892
54.5407
55.1914
55.959
54.102
54.3695
58.5479
54.9166
55.992
57.114
56.8284
53.8887
55.4379
54.1988
55.3797
55.5381
55.8684
55.5346
56.7286
56.6386
56.5769
57.1504
55.8222
55.5337
56.1097
54.8617
54.6554
56.0772
55.2192
54.5026
52.9584
55.1104
53.6271
55.0564
55.7526
57.2533
55.0684
57.9931
55.6322
55.7506
56.0577
57.2075
56.1399
54.5505
54.6987
56.9656
56.3074
56.796
57.8919
58.8768
57.8126
58.4817
56.9093
56.9477
55.876
55.9784
54.5329
53.7701
56.1008
54.3075
54.693
54.8199
53.9595
55.485
55.8408
54.4479
55.1386
58.4993
56.9171
55.5128
55.7662
54.9882
53.0743
54.7909
56.4349
55.8271
55.2459
54.5433
54.9496
54.8872
55.1662
54.611
55.2852
55.2024
55.5553
55.9697
55.2965
56.0328
53.7181
55.921
55.5914
53.7179
55.789
56.6318
55.6327
54.0647
55.7883
57.5089
55.0736
57.4564
54.6053
54.1166
56.8858
55.4386
56.0281
56.7486
57.5045
57.8001
57.5364
56.7165
56.701
55.1501
54.8222
56.05
56.6929
58.2812
56.3959
56.3382
57.7478
58.8096
57.0137
57.0421
54.664
54.0423
53.8285
56.378
56.9787
55.2837
54.8845
55.7358
56.1104
57.2321
55.6857
53.8782
54.1584
55.0371
56.8966
55.8178
57.1695
56.1285
55.3853
57.9438
55.3219
55.0543
56.8081
57.4957
56.178
55.8398
55.1228
55.0207
55.7042
57.8996
58.1136
56.1795
54.7078
56.1817
55.5909
52.9012
53.7206
55.8322
56.61
57.7999
55.4293
57.916
58.7006
56.6112
55.5658
54.5613
53.5244
55.8423
54.7644
58.3105
55.8518
56.0708
58.0352
57.1559
58.2719
54.9179
56.4074
56.3342
55.0571
56.6023
57.8847
56.449
55.2861
53.7608
54.4373
58.2349
56.124
55.4365
57.7325
55.4148
55.7954
54.5081
56.2299
54.5885
55.9221
55.5243
56.2859
54.6757
56.1223
56.7555
54.3236
53.7367
54.0569
55.2371
55.331
55.3188
54.54
54.0288
55.8649
53.2009
56.0004
53.8826
56.5413
54.9511
55.1644
54.0969
54.947
55.2092
54.5924
56.6485
54.7438
56.9456
56.3798
55.6019
55.3604
57.2385
57.085
58.6137
56.027
54.6944
55.3714
56.9639
56.6187
58.2924
56.4255
55.4655
55.7228
57.217
56.4219
56.4319
58.1002
55.2583
53.8863
55.3665
56.2736
56.8334
56.1197
55.5352
58.0185
56.8434
56.0647
57.6223
55.51
55.0231
55.6524
54.7845
55.7097
55.4234
56.807
58.3741
57.6698
55.6915
55.2317
54.2261
54.8712
53.6904
53.0567
56.6255
54.0879
54.7085
55.0016
56.6764
54.9682
55.6101
54.9407
56.3914
56.8392
53.7667
56.2586
56.346
55.9966
56.5682
55.8733
55.1395
55.3585
55.9744
55.9182
57.4707
59.3579
57.903
56.0928
56.1298
55.6958
55.7395
56.2161
56.2022
56.3655
59.2427
56.5777
53.602
56.762
55.7456
55.7565
53.6368
56.0216
54.329
56.9398
55.2979
54.872
54.8919
53.5278
54.1181
55.1755
55.1623
53.5022
53.9537
55.09
55.0653
56.3828
56.1762
55.9691
54.8342
54.7857
55.7392
52.5875
54.2235
55.4204
55.7301
55.4973
54.328
56.8082
56.68
53.7025
55.9208
55.662
57.3311
58.9485
57.3569
57.9873
56.9978
56.4873
54.4272
58.5671
57.3037
55.2989
55.9557
56.4644
57.3109
58.2671
56.8686
54.6885
55.5836
56.4826
55.8874
55.469
55.2765
59.5693
56.528
55.9334
57.3166
57.9642
55.7539
54.8696
57.6948
55.5469
56.2567
54.5194
56.1436
55.1282
56.9427
56.2702
56.8866
56.8909
55.0428
54.413
58.6509
56.0965
56.2162
56.0831
53.1649
56.6382
56.4932
57.1484
56.1397
55.3355
55.9263
55.87
57.0931
56.7032
56.4205
55.7434
57.5685
55.5029
56.0532
56.0865
54.8248
55.8787
53.9821
56.63
57.3739
57.5419
55.7727
56.2327
55.4887
58.5048
58.221
54.7755
55.7419
54.8106
54.6611
57.688
57.4912
57.0938
56.6419
57.0094
57.1356
55.1574
56.842
55.6937
54.284
55.4304
56.2824
55.2439
55.6275
54.6842
55.2493
55.3871
55.9496
57.7462
55.9209
56.3613
58.4403
56.2307
55.8423
56.4221
56.8801
55.4253
56.1346
55.181
55.2934
54.2677
54.2877
55.6954
53.6376
54.7462
58.1068
57.8874
55.8686
57.6929
58.9008
58.6619
58.9146
56.293
55.872
54.8069
55.0035
56.1975
55.8566
55.6
54.9059
54.5952
55.1306
54.4489
54.711
54.5212
54.793
56.0938
55.7466
53.7075
55.0304
56.1862
54.5072
55.006
55.3736
53.8113
53.8508
54.3423
55.704
59.6766
60.2069
59.7105
60.5818
58.0947
56.5015
58.2499
58.4216
58.5469
56.4513
56.8129
57.6685
55.2998
54.5569
56.5417
55.9666
55.791
55.874
54.6996
55.9769
54.8985
55.7656
56.3425
55.1538
56.8348
55.6887
55.3924
58.1005
58.1252
55.5412
56.0475
55.6748
54.1552
55.7193
59.2399
58.1515
57.2697
55.878
58.2968
57.2592
56.1484
54.071
57.1766
56.4386
56.0695
57.2632
56.4055
58.8878
56.8558
55.8481
56.8237
56.2654
56.8601
55.9281
55.4894
54.4175
54.2013
57.7777
55.0723
56.1051
55.2598
54.9822
57.1862
55.678
53.9299
55.8592
56.4153
56.3294
55.3464
55.2828
55.2997
56.0572
56.3137
56.4803
55.6816
56.1365
57.0114
56.3895
57.588
56.9569
56.2507
55.8344
57.3468
58.1749
56.1425
58.6799
57.4252
57.4532
55.8131
56.9546
55.5629
54.2036
54.6831
54.5495
55.1847
55.5588
56.457
58.2476
55.4178
56.5478
58.5846
57.0221
56.2746
55.9568
56.0001
57.0218
55.2974
55.6629
55.4256
54.8107
56.5858
56.2422
54.6463
57.4049
56.8861
55.2004
55.4806
58.4133
59.6141
58.5151
56.2919
56.5387
57.6811
56.8889
56.9372
56.3888
54.1978
55.5168
54.4918
54.5148
54.72
54.7485
57.6094
57.1347
56.4568
55.3376
54.8869
57.4618
56.6905
56.2419
55.3895
55.3585
56.0389
59.3098
55.876
57.1854
56.3922
58.4041
57.7427
55.866
55.2727
53.6846
57.3831
54.9413
53.6865
55.4664
56.2866
55.6132
55.2907
56.2846
58.1016
59.7684
58.3678
57.1145
56.5436
56.2424
56.4039
57.0122
55.9934
55.0488
56.7154
57.3841
55.2911
56.4525
56.114
56.4868
56.1007
55.5064
54.9302
54.8041
55.0539
57.1385
55.7178
59.3461
56.6815
54.4412
56.067
55.345
55.7945
57.727
56.0177
55.84
55.4675
56.3814
55.4632
54.7485
56.1064
55.0866
53.9121
56.9192
56.8698
54.4828
54.5845
54.4733
55.5665
57.1607
55.761
55.6105
56.0579
58.698
57.0496
55.5664
55.6427
55.2864
54.7826
57.3858
55.024
54.4392
54.8226
55.1496
53.9995
54.4409
58.102
54.5384
56.4126
55.0463
55.0408
54.98
55.5816
55.1146
55.568
54.8874
56.7489
56.0278
55.0314
54.8845
55.4663
57.2917
55.38
54.8716
56.6232
56.9185
54.7979
55.0557
54.1099
54.2186
54.7499
55.1167
56.1158
56.9849
55.6082
56.0964
57.339
57.1959
54.2008
55.3331
56.9041
57.3872
54.3663
55.4752
55.1675
56.8419
57.3406
55.1382
56.4585
56.9756
55.398
57.9408
57.4306
56.7104
57.4129
58.0092
57.3024
58.4524
58.4447
56.2088
56.3196
55.5567
56.365
56.9604
56.6547
57.108
56.1753
56.0875
54.2537
55.268
55.2715
55.2382
58.1742
56.4483
58.0642
57.8633
55.4399
55.8972
55.3717
55.2906
55.9558
54.8446
55.2319
56.767
53.5988
54.9808
56.1591
56.7654
57.1531
57.5075
54.8344
57.2847
56.5039
55.5516
55.1518
55.6418
56.7204
54.1226
52.9666
55.0509
56.0456
58.7571
57.174
54.428
55.7255
56.9207
55.185
55.5268
55.8185
57.6555
55.6539
55.2176
54.6001
56.0307
58.1187
56.9761
57.5429
53.8256
58.4015
56.7282
58.6994
57.0114
56.4445
57.0422
56.4681
55.1139
54.257
54.2815
55.0923
57.9237
58.0883
57.1996
58.1464
60.2525
55.1807
54.8207
56.5981
56.5263
55.6568
55.2833
55.9526
56.1439
54.3434
56.6726
57.3867
56.9579
56.976
56.7789
57.9371
57.3083
54.3821
54.5221
53.7816
55.2332
56.0002
56.4826
55.8487
55.4477
54.136
55.8274
54.294
54.4628
57.4659
57.6488
59.518
57.439
56.1676
56.5489
57.8053
55.9236
54.732
55.6313
55.1062
54.5358
54.7199
53.8731
53.1702
53.3138
55.8791
54.1043
58.4856
57.0135
55.6748
55.7532
55.607
56.4418
57.8746
59.6524
58.6401
58.0453
54.6711
54.0818
55.925
55.4961
55.6665
57.7372
57.3962
57.0342
56.5318
55.9325
55.2693
56.8523
57.9239
55.8819
56.0253
56.24
58.3326
56.7882
55.4111
57.8737
57.2848
56.4018
56.5681
53.711
55.5546
56.9429
58.3261
56.0822
57.2294
56.849
54.5884
55.6698
54.8304
53.9017
53.7479
55.7627
56.7668
54.6054
55.8276
54.7424
53.719
55.2872
53.4015
55.0438
55.6869
55.0751
53.7903
56.5721
55.8924
56.0615
55.1561
56.0457
57.0165
55.8208
55.5195
56.0782
57.1313
57.2981
55.2228
56.7113
53.2027
55.0088
55.0681
57.5732
56.9809
55.7936
56.645
55.485
52.9454
54.6166
53.4274
55.1855
55.4761
54.8478
54.3417
57.3142
56.7062
57.0407
53.8461
53.8449
55.01
54.37
55.813
56.1864
55.3061
54.4839
55.8339
57.5777
54.8812
54.9813
53.9415
55.5545
54.7855
55.0773
54.3949
55.818
56.0214
57.7726
56.132
55.5129
56.1644
56.8216
55.281
53.9087
55.2952
55.9255
55.2016
54.7119
55.2804
55.6091
58.6707
56.5126
58.1891
57.2786
56.5578
57.0193
56.8647
55.7841
54.0581
56.8065
56.1965
56.77
54.4874
55.0534
58.5538
57.6324
54.773
57.6663
55.9254
56.8147
58.4069
54.0015
56.3369
56.7037
57.6604
53.4564
54.634
54.1582
54.8219
54.6729
55.6232
56.0207
55.79
55.0929
54.885
55.3876
55.478
54.9062
55.9404
56.8816
55.5461
56.2937
55.2241
55.5395
55.5175
55.6042
54.6393
56.2537
56.6346
56.2345
56.1982
56.3691
56.836
55.5658
54.0332
55.8162
56.1626
55.5076
56.5542
56.0513
56.9417
57.3933
57.6644
54.7053
55.449
54.7029
55.0619
56.7031
55.0842
55.0569
60.0093
56.8942
58.1644
57.7254
56.6734
53.479
54.5196
54.6639
57.2362
55.8964
53.9996
55.4451
54.4343
54.5136
53.3392
54.2827
57.2718
56.5769
57.9552
57.0623
56.7768
56.7489
57.1076
55.34
56.9072
54.7917
55.3701
56.0976
55.2874
55.9353
54.3766
55.2794
56.5664
56.4767
53.5093
55.4605
56.7092
56.4538
56.5507
56.2369
56.6574
55.2987
54.8692
54.5578
53.8784
53.2247
57.068
54.5056
51.7895
52.9736
54.0803
55.3852
56.2975
55.5159
55.5027
56.9057
57.3947
57.6351
55.7561
56.929
57.1801
56.7676
56.273
56.5039
56.9305
55.0573
54.9078
54.6448
53.5411
56.4344
56.0043
55.3983
56.1167
55.9927
55.793
54.8254
56.0378
56.7255
57.9164
56.8402
57.4023
54.5187
57.3078
55.0924
56.3452
59.6141
56.4034
56.6398
56.4805
55.6996
55.2808
53.122
55.4428
57.0691
55.3843
55.267
57.8468
58.5018
55.6093
55.4257
56.4327
57.4166
56.4511
55.594
56.663
57.6216
55.2888
57.9043
56.7307
57.8954
54.3288
54.4969
57.4755
55.3873
53.4056
55.5946
56.6591
58.9897
58.8861
59.3711
54.5495
55.8001
56.127
55.6379
56.5232
55.1413
54.4437
59.0256
56.5858
56.6951
54.3801
54.1371
54.5986
54.8971
56.8824
54.8112
56.5262
58.1583
55.5539
55.4119
56.3036
56.9597
57.2465
57.0651
57.0272
57.6006
56.0988
55.1928
54.7282
56.4266
56.1068
55.0323
56.4277
55.4508
55.7173
55.4547
57.1565
55.3328
54.6669
52.5556
54.6889
56.2217
54.1204
54.1402
55.2466
56.833
57.9955
58.1959
55.2095
55.5635
56.6916
57.1772
56.4813
58.0736
58.3189
56.6901
59.8184
58.0833
55.141
56.559
55.3007
56.5791
56.1803
55.2346
56.2437
55.9463
55.7065
57.6871
56.0233
54.4429
55.3768
54.2472
56.7515
56.5509
55.3329
55.9875
56.1109
55.3883
53.6707
54.1395
54.2754
53.8995
55.727
56.3997
55.9394
55.7423
55.7019
54.3016
55.1757
55.3398
57.4236
57.0343
55.3858
55.9852
54.6818
53.0297
56.0461
57.1783
57.3395
57.2342
57.1016
60.0516
57.0009
56.2042
52.5319
54.4069
55.1293
56.9771
56.5727
55.2105
56.8155
57.7375
56.5303
57.7058
55.2172
54.3301
54.9808
55.469
55.0334
54.5367
55.4033
56.8201
55.974
54.7121
53.9522
54.1411
54.5031
54.7077
57.7158
58.9097
58.1235
59.2735
55.011
54.5261
55.3108
55.5993
57.271
57.4205
55.4741
54.4422
52.1899
54.983
55.815
52.6449
55.7017
56.073
55.2936
54.1585
55.9328
56.2636
56.3945
54.9064
55.1426
56.9407
55.417
53.9794
55.396
54.6063
52.3304
56.3401
55.5435
56.1072
56.6955
56.7959
54.426
56.8936
58.5982
59.0043
58.9486
56.0165
54.7738
54.929
54.6649
56.1786
54.7267
54.7028
56.3889
58.4075
58.797
56.844
55.1693
55.7172
53.9899
55.0471
56.9096
58.1011
59.0102
58.2473
57.3689
55.9701
55.5437
58.3679
56.3302
56.7904
55.3866
54.8951
55.2136
56.853
55.8301
57.2531
57.5934
54.078
53.8698
54.0961
54.1058
55.1619
57.6985
56.1184
55.1868
56.6018
54.3664
55.2291
54.4601
54.1113
56.9558
55.0557
57.0502
57.3915
57.9877
57.8272
57.3215
55.3533
56.6218
57.3043
57.1144
56.1997
55.7211
59.5339
57.4087
56.7744
55.1338
55.7341
56.3209
57.3339
59.5572
57.0664
55.7337
56.196
55.5417
54.3012
53.1798
57.4808
57.8009
56.5385
55.303
56.9057
55.0179
54.8646
54.3549
54.956
56.9063
56.0224
55.56
56.1637
54.6803
55.4812
58.2969
57.1524
55.594
55.1981
56.9631
54.1206
54.6488
56.8465
55.8851
54.4294
56.535
56.7081
55.2872
55.5253
56.533
57.3933
57.3607
56.5202
57.6853
56.6095
58.0415
57.4799
57.3005
56.946
54.9759
54.4142
54.927
57.3418
57.7136
56.621
58.2746
55.1643
57.1465
55.8313
57.0056
55.5345
55.3339
56.8611
55.5762
54.1912
53.0324
55.5839
55.68
56.6942
55.9287
54.2161
54.4219
55.0697
57.2535
57.0779
56.0594
55.5099
53.8091
54.7138
55.7817
54.9809
55.0863
56.2069
58.6483
57.7563
56.6285
56.4011
56.6351
54.5241
53.7738
53.9718
56.5747
55.568
56.102
55.6665
55.1135
55.3042
58.2624
58.724
55.327
55.6365
55.8498
56.8784
57.9372
58.1956
56.0225
55.7824
56.0225
54.9224
56.5466
57.0386
56.2913
56.2987
56.4461
58.4928
57.3908
56.3846
57.5962
56.3022
56.8304
56.3308
56.0845
53.7331
55.6653
56.3762
56.651
57.3903
56.7813
55.2194
55.8315
55.6885
56.4415
55.5363
58.6128
57.7245
57.2347
54.5313
56.0645
58.5235
57.1162
56.2379
57.5293
57.2013
56.7242
54.2706
55.1825
54.1835
54.2474
55.43
54.1836
55.9549
56.5956
54.44
54.9749
57.5192
55.214
54.9665
54.6769
56.5675
57.4287
58.0878
56.3458
54.391
55.3254
55.0885
54.5273
54.7061
55.3375
55.0382
55.4359
55.8824
56.5152
58.2167
59.8322
57.4814
56.6358
55.1084
55.0803
56.8542
54.1713
55.1883
56.1381
55.2005
56.2145
58.3169
57.0904
57.0153
55.2314
56.8214
57.4207
55.869
58.0756
54.9812
56.4895
56.4671
56.1167
55.6252
56.7175
56.3525
56.1633
55.4052
58.6732
54.3061
57.6175
56.2236
57.8661
56.7669
55.9578
57.3872
55.0551
55.6861
54.3496
54.7824
56.8103
57.2001
54.8586
56.7714
57.8712
56.3014
55.6455
57.1125
55.4996
54.7548
55.0599
55.7665
57.2879
57.0706
56.2745
57.7131
55.4198
55.8989
55.9234
54.0214
55.8132
55.5196
56.0785
55.9035
56.6775
55.9409
55.3272
54.513
54.9721
54.4165
54.906
56.6031
53.2119
56.7273
57.9584
57.1576
58.5175
55.2345
54.8872
56.5788
55.9608
55.4252
54.8348
56.379
55.0722
56.429
56.6418
53.9492
55.7706
56.7302
57.0854
54.3687
55.4862
54.3201
54.6659
55.4198
55.8199
55.6706
55.9652
57.157
55.9069
55.0427
55.2779
56.2739
57.26
59.6091
57.6429
54.8926
54.6838
54.7374
56.1611
57.054
58.4777
57.2111
