162.141
153.887
147.393
142.407
138.74
137.356
135.758
132.02
128.209
124.891
121.287
117.416
115.834
114.189
113.078
112.551
110.861
111.377
109.291
107.764
105.584
105.437
104.331
101.828
100.654
101.745
100.696
98.7007
97.2199
95.386
96.2544
96.1472
94.3619
94.9854
93.6044
91.4168
90.0385
90.7368
89.043
89.1217
89.6389
89.8743
89.2964
87.9267
87.76
89.8003
87.6846
85.6651
86.0447
85.228
85.7358
85.6886
85.067
85.5883
85.0097
84.2096
83.7077
82.9722
81.9021
82.5612
81.7113
80.4516
80.8457
81.2757
79.5745
79.2626
79.6009
80.4333
80.6635
81.0137
79.9599
79.9848
78.8024
78.5316
78.3256
76.0344
77.7161
76.3879
76.3084
76.6768
76.4466
76.4368
77.8503
76.8679
77.1295
74.8457
75.7773
76.3754
75.7808
75.8942
74.4375
74.6237
73.5173
75.7482
73.56
74.6019
75.2468
74.269
74.8006
75.2696
76.0085
75.4592
75.8568
76.5323
75.9054
76.6408
76.7423
74.0014
72.9259
74.8852
74.9192
73.7308
73.2079
71.4807
71.3793
71.0099
70.259
72.4049
69.9156
72.0869
72.6974
69.8975
71.6421
71.5265
70.8205
70.4953
70.9571
70.2238
71.5226
72.3484
73.5226
71.0344
69.3616
68.3106
69.2954
69.1486
70.8193
67.34
67.0577
66.1355
66.6949
66.8198
65.8004
66.2995
64.0855
66.5991
65.8213
64.5877
63.7815
61.708
61.6274
62.2636
62.3733
63.106
60.803
61.9432
60.3409
60.1585
61.129
60.0308
58.107
59.4602
61.2246
61.0166
60.8331
60.6781
60.6883
60.447
59.1981
57.44
59.4537
60.1932
60.3865
61.0846
59.8223
60.3639
61.8672
59.7956
60.2697
57.2394
59.1304
59.2048
60.6982
58.5915
58.8207
59.892
58.8156
58.109
58.0544
59.3379
60.4916
60.3979
59.1376
58.7149
57.7262
58.7046
57.911
57.799
59.3151
58.062
58.4113
58.0977
56.5728
56.8804
59.6249
57.7548
59.65
59.234
58.9266
59.679
57.83
57.2245
55.7695
56.3336
57.1594
57.9395
57.5795
58.7984
58.7955
58.9303
58.5275
58.02
57.1588
55.6434
57.1496
56.5294
58.3068
58.2728
57.0513
56.9644
58.5423
58.2891
57.9535
57.8762
58.3555
56.3312
56.859
57.5352
57.0307
57.1722
57.4486
56.0861
56.9905
56.1456
56.8414
57.8883
56.6613
57.8366
57.518
55.8573
54.7594
55.5917
56.1075
57.7909
59.0322
58.2432
59.8561
57.2268
57.1676
56.5203
57.36
57.6671
57.5157
56.9585
54.9951
55.5704
56.8137
56.7397
57.4035
57.7072
57.7959
56.5547
56.9729
56.3269
53.6192
55.6971
56.5036
56.4848
57.1141
57.7988
57.3494
56.8356
55.2011
55.2726
57.652
56.4675
56.048
56.9153
56.6302
56.364
54.7915
56.5037
54.8146
56.3435
57.3957
57.6647
56.4011
54.5811
57.0759
58.6347
54.3631
56.8278
56.8467
58.5865
57.5526
60.4801
57.24
57.2443
56.5806
55.2251
55.0066
55.3972
55.9025
55.7419
55.4313
55.9483
55.5227
57.384
56.865
57.8172
56.6443
57.6446
56.1788
53.9667
56.151
56.0912
57.4383
57.7229
58.4548
55.8454
55.5219
56.925
56.1494
55.8096
53.5222
56.5065
54.977
54.8264
55.4914
55.0876
55.2009
56.8038
55.1663
55.464
57.6519
56.9326
56.7046
56.9828
58.8728
56.9698
55.4916
56.0927
56.4379
56.8469
56.3705
56.2288
55.4606
56.8378
56.2894
55.7366
57.4834
56.2372
55.811
56.4078
57.1508
58.375
56.7883
55.8775
56.5223
55.3948
57.564
56.2722
57.2789
55.7254
56.7899
57.248
56.4585
56.6726
57.1223
56.2153
58.2387
56.7121
56.8769
55.7262
54.4995
54.8291
56.8396
57.72
57.4469
55.8464
55.868
56.1706
57.1846
57.0935
55.9765
55.8424
55.1921
56.9912
55.2687
55.936
54.4327
54.9593
57.2897
55.9277
55.6547
55.0123
55.8793
55.5167
54.0793
53.4198
55.0895
54.88
56.7808
55.2095
56.9013
55.614
54.0635
56.3705
58.3971
57.9636
56.9837
57.3945
56.4597
56.7053
56.415
53.293
55.0707
54.3438
54.7073
55.9997
56.8775
57.4316
57.3917
55.9518
54.8914
55.2901
55.3307
56.8358
56.3608
55.4786
57.2402
54.7388
55.0107
55.6555
55.4783
55.1705
55.9535
54.4872
54.3188
54.3054
54.4727
55.0562
54.6491
53.8233
52.4568
51.9189
54.9684
55.5735
52.8074
53.5146
55.8608
54.7456
55.7937
53.7599
53.798
54.5237
53.0411
54.3298
56.283
54.7859
54.3891
53.1735
54.9434
57.2187
54.8331
54.1969
55.4799
54.017
53.8415
55.2811
54.419
53.5211
54.5711
54.5883
51.9733
53.8726
54.0171
54.5289
55.0929
53.7905
53.3832
52.2529
54.1074
53.9745
52.5603
52.1396
53.205
52.9347
53.3911
53.6865
53.8085
55.1675
56.751
54.9633
55.3802
53.236
53.8613
54.4625
54.826
53.8679
52.2825
52.8487
55.3949
53.9222
53.6152
53.4882
54.2039
52.5091
52.5132
51.7423
51.6201
53.9952
54.2802
53.7
52.9453
54.7069
54.04
52.389
54.6799
54.4053
54.2499
53.1693
54.4639
54.5037
52.7586
51.8044
53.594
53.8681
53.13
52.2861
52.6827
55.477
53.8072
52.4107
53.4454
54.7886
55.1292
54.6947
55.0336
54.8323
54.5285
53.5447
55.3313
52.864
53.9849
54.0958
53.9438
53.619
54.8042
54.462
55.1337
55.3556
56.1412
53.1144
53.2681
53.4717
55.8162
56.8499
53.712
55.9121
54.0354
54.7009
54.7706
53.8258
55.1985
55.164
54.6993
55.1525
52.6924
52.5526
52.4984
53.2413
53.1571
52.9604
53.6981
52.1392
51.7924
52.6615
52.8309
52.96
52.4431
53.1975
53.078
53.1556
52.8162
51.8009
52.4691
53.1914
54.1896
55.9024
54.9514
53.7264
54.6553
55.1623
53.768
54.1911
53.8677
55.2922
54.1139
54.4244
54.4911
53.9857
51.8457
52.2807
52.2034
52.8728
53.0598
52.5461
52.6313
55.8875
53.2372
53.8138
55.5746
55.748
54.4918
53.3996
52.4232
53.2666
54.2213
52.9173
53.4364
54.0579
55.4844
52.8049
54.2937
53.5903
52.6312
55.1956
55.4858
53.0664
54.6573
53.5278
55.7943
52.7415
55.513
54.7173
54.8884
56.0978
54.436
52.2936
53.8751
55.1484
54.2293
54.3447
51.6416
53.9679
53.6774
54.0135
53.3323
54.3552
53.1119
53.7822
53.1812
55.1068
53.6516
55.4594
55.1871
53.1812
55.1376
51.8236
53.0871
53.337
54.8403
54.0696
54.4276
52.9202
53.8561
52.2907
53.218
53.8549
52.7562
52.8516
52.1161
50.4253
51.2118
52.1501
53.2484
54.6246
52.1988
52.3443
53.0581
53.369
52.2918
52.1075
52.963
52.5193
51.7298
51.6855
50.3513
51.284
49.813
51.1532
53.4074
53.5895
53.1317
50.8258
52.8436
54.1147
54.5215
55.8861
52.5543
52.3124
53.1669
52.1391
52.16
53.0791
52.4074
51.9269
52.0447
53.3245
54.5867
51.9745
53.0498
53.2276
53.3504
52.3459
51.2026
52.0533
52.6712
52.1225
52.9171
52.1762
52.4341
53.2363
53.5927
52.7202
53.6223
54.405
53.1227
51.2429
50.7929
51.173
51.742
52.5906
53.8796
55.3572
54.1744
54.9476
54.0623
53.2494
54.0788
52.9207
53.0539
52.3581
52.4254
50.6513
52.6751
53.317
53.0543
52.1783
51.1228
52.2033
52.844
52.1801
53.0111
54.661
55.6387
50.6487
52.0031
54.3583
51.9917
52.6458
53.0323
53.4247
54.2073
52.633
51.7738
53.8122
52.8067
51.9996
52.7571
50.9619
53.5039
53.517
51.3525
51.7469
50.8762
53.9604
53.195
52.0896
52.8101
53.0705
51.04
52.7625
52.0476
53.163
52.6812
53.2869
51.6325
53.9654
53.3055
54.5321
53.2504
53.3707
53.7363
51.3584
51.8588
52.0702
52.7318
52.8754
53.2336
53.1857
52.2568
53.1038
56.6626
55.0529
53.7583
54.1483
55.2786
54.93
54.1558
54.0627
52.3793
51.1377
53.9505
53.7515
54.5209
54.5883
54.0146
52.1733
50.7008
53.4242
53.3693
51.7085
51.1548
51.6523
51.9066
51.6714
51.9099
54.1032
54.7604
55.2
56.0784
52.9473
52.7837
53.9001
52.4255
53.163
50.9393
54.0051
52.328
53.4485
54.8754
51.3225
53.0635
52.1639
53.0825
54.3068
54.333
52.704
52.4643
52.8187
55.3762
53.7212
52.1614
52.3134
52.5028
52.9002
51.657
54.2803
53.8367
52.6165
54.1469
53.6115
55.5503
53.5658
54.3237
54.3193
55.7876
53.9112
56.2087
55.9513
54.3228
52.6858
52.6317
54.0218
53.6735
53.7116
53.2692
54.0622
52.9804
54.8888
51.3102
50.6314
50.7207
52.57
53.9143
53.7139
53.8924
53.7657
51.3789
52.5962
53.3641
51.3907
53.838
52.2771
52.1496
52.0213
51.3518
53.0872
52.7513
52.3715
52.497
53.4468
52.9515
52.3689
53.2563
52.141
52.1171
53.2411
54.8908
52.4575
53.0917
52.6384
52.0917
51.1418
52.0016
53.3372
51.6783
54.6671
52.3302
52.3493
54.2418
53.0659
53.6341
52.8038
53.6207
54.1518
50.6646
51.8744
52.1135
51.9262
51.1185
51.9848
53.431
53.2523
51.5911
51.6438
53.292
53.3
54.8333
52.5533
51.2639
51.2913
51.9774
50.8123
53.2598
51.6975
52.8181
51.5505
50.9352
52.3154
51.9499
52.2997
52.1433
52.477
53.146
53.0696
54.7972
53.9847
52.9715
53.0828
52.6699
51.8688
51.6392
51.7498
50.8863
52.7851
52.3365
52.7899
52.65
53.2432
53.9976
55.4378
53.7124
53.1642
52.8249
54.4637
54.3192
53.5819
52.1864
53.4337
51.5573
52.1369
53.4407
52.0335
51.8454
53.5324
51.0783
52.0184
53.7707
53.6617
53.5958
53.9913
52.7024
54.189
53.3323
53.685
54.1037
54.7523
52.4677
52.8211
53.5929
52.4925
50.913
53.4773
53.5069
52.0339
53.2888
52.0859
52.673
52.0385
53.9712
52.8081
53.0532
52.9848
53.2694
52.2517
52.0114
53.5081
52.1862
52.8062
53.3477
53.3766
52.6709
53.2733
52.2036
51.4623
51.0696
49.5297
52.3345
52.7707
55.0705
54.2271
52.1021
53.7421
53.0755
54.335
53.8923
54.1186
52.7626
53.284
54.4779
53.2698
54.2295
50.7204
52.4342
52.3042
53.3435
53.248
52.9587
52.7036
51.6046
50.62
51.4188
50.6977
53.6323
53.8597
55.5936
57.266
52.9964
52.1175
52.3722
52.1252
50.6574
51.3282
52.4397
53.6518
54.347
53.4349
52.0988
51.8032
52.4706
51.6531
52.4968
53.7665
54.4317
53.4257
52.274
53.3836
53.6826
54.1507
54.0496
52.8438
53.6302
52.8686
50.9638
50.7098
51.5495
51.5333
52.155
52.1886
54.1894
52.2208
51.0554
51.2038
51.9072
52.2077
52.856
51.9841
52.558
52.3051
53.5498
52.0028
51.7894
50.9952
53.7553
51.802
53.7792
52.1018
53.5801
53.8723
53.4282
53.0795
52.9221
53.8628
53.777
52.8503
50.3543
51.7684
51.5326
53.884
53.0719
52.6679
52.7954
52.1646
53.5951
51.9684
54.8382
54.9934
53.3349
52.8985
54.0243
53.8783
53.2677
52.5127
51.2476
51.9049
51.8669
53.9551
51.2513
52.6345
53.6309
54.16
53.1461
52.2024
52.7249
52.363
53.9433
52.9987
51.6614
51.8057
52.0105
52.0201
51.8344
51.7711
50.8882
53.3177
55.5745
53.3386
51.4556
50.7883
50.9106
52.0253
52.3988
52.4519
52.5758
51.6674
52.4915
53.6379
52.2277
53.3839
52.5332
52.8122
53.0399
52.8748
52.3743
52.9244
51.6894
50.9098
51.4603
52.2441
51.7888
54.3783
54.9404
53.1521
54.1678
52.3354
52.8653
53.6366
50.4055
50.705
54.0656
54.7688
53.3477
54.6525
54.4803
52.0636
52.6232
53.5493
51.3908
50.111
50.1073
50.5948
52.4757
52.204
52.5854
52.566
52.1173
53.5641
52.091
53.7297
53.2646
53.2613
53.4498
53.4275
52.2076
50.0458
51.5019
52.8453
52.6605
53.3416
53.1773
52.1704
53.7237
52.2171
54.3063
54.9121
52.2806
52.0374
53.259
50.2618
51.5552
51.0902
51.5342
51.881
51.6996
53.2147
54.5098
51.9739
50.6881
51.6053
52.5838
50.3717
51.1251
51.2164
51.8987
52.3384
53.6842
53.6728
53.3862
52.4225
51.8643
52.901
52.8822
52.3596
51.927
52.4111
53.9371
52.054
52.7133
52.4644
51.89
50.2535
51.6947
50.5467
52.5706
53.6595
53.8632
53.8673
53.8889
51.1656
50.9374
54.517
54.7345
53.4798
52.2886
51.8606
53.931
53.6947
54.0635
54.5735
56.088
54.1204
53.7457
52.9408
54.5721
49.9456
52.2017
52.4046
53.1217
56.31
55.8953
53.0047
55.0835
53.9987
50.7421
50.7505
52.7449
53.1714
53.2194
54.87
53.1999
54.3105
53.7917
51.6153
51.8945
54.0402
53.7293
51.5766
53.8944
52.3073
51.4941
53.1254
53.0562
52.8036
52.1712
52.2847
53.5493
51.2405
53.8997
54.6453
53.385
52.9148
51.9396
53.7596
52.4594
53.7057
54.0286
54.4512
55.1536
52.6034
53.2161
52.7142
52.2109
54.2586
53.2874
52.6263
51.4716
52.7458
52.0758
52.0027
55.6524
54.3908
54.3806
53.8367
53.6416
52.8402
53.9786
52.7076
51.7049
52.9042
53.1406
53.0416
53.7086
53.1807
53.0092
53.6896
53.6771
52.3199
52.3513
53.6564
54.0019
51.7823
52.0894
52.5723
52.3749
52.9336
54.0488
54.9524
52.0283
53.0962
53.4357
51.8029
50.7171
51.3557
51.79
54.702
54.3152
52.2899
54.5506
56.3545
54.4769
53.7787
52.9714
55.1653
53.3112
52.9446
52.5851
52.969
52.8678
51.8206
54.7485
53.4935
53.1055
51.6208
51.4311
52.7973
51.9568
52.852
50.2755
52.0537
52.3494
51.5272
51.47
53.1582
51.0908
53.247
52.8973
53.1102
53.0834
52.589
56.7985
55.0082
53.5877
54.2259
54.8567
53.9765
52.8164
52.7655
51.1698
50.8907
51.7989
52.315
53.4082
52.5026
53.5336
53.9521
52.3017
53.6084
54.8874
54.7733
51.4827
52.5301
51.232
51.6292
54.113
51.8709
51.7666
51.038
52.6298
55.5579
52.9936
53.1582
52.3432
53.655
51.8346
51.8768
51.8933
52.2959
51.344
50.7756
53.0814
52.8925
50.9235
53.1044
52.6314
51.506
51.759
52.0011
51.4361
53.6722
53.3835
53.9681
52.1693
53.1289
51.4791
52.2368
51.4978
52.6294
53.4211
53.2191
55.6087
53.0593
51.7873
51.3906
52.7489
51.2576
52.1928
51.9179
53.215
54.6292
55.8651
53.8548
54.2875
53.0041
53.2116
51.2821
51.67
50.6277
51.0996
52.2082
53.6569
54.5987
53.232
52.9222
52.2302
51.2869
51.6518
53.0437
52.2004
53.3474
52.6784
54.9369
52.9604
51.4914
53.4079
52.9685
54.1709
53.233
51.9688
51.7581
53.0763
52.587
52.4812
52.2169
52.9503
51.5445
52.5065
50.6593
52.1977
53.165
52.7576
51.9613
51.6828
50.9655
53.9169
54.6366
54.8074
53.1207
53.0412
52.2834
52.2323
52.6051
53.074
53.1027
52.2608
51.6054
50.4072
50.8283
52.9547
52.4637
54.0344
51.6359
54.1009
53.7488
54.4828
52.5307
53.7435
53.4257
55.3316
56.1517
52.9181
52.9417
53.2979
53.4127
52.6038
51.868
51.725
54.8627
53.1023
53.9063
52.4298
50.0222
51.2343
50.6899
52.6249
53.9558
55.8097
54.9023
54.5352
51.6157
51.5741
53.7422
55.4
52.9043
54.125
51.5775
53.7547
51.5926
51.6475
50.5542
53.9612
54.5063
51.0821
52.4169
52.6963
50.1182
51.234
50.509
52.4237
54.5494
54.5993
53.8958
54.8776
53.0577
52.8313
51.7996
53.6332
51.3359
51.4288
52.7362
52.2271
53.566
53.3384
53.1314
51.1524
52.9571
52.5802
51.0895
53.6914
52.7597
52.9314
51.8788
51.4704
52.6385
51.2208
52.8227
51.0719
52.7747
52.3297
54.2891
54.0094
53.8593
52.1866
52.9408
52.8372
53.2689
52.9301
52.8286
53.0468
53.4593
53.9692
52.7312
53.3113
52.004
53.6699
52.9148
53.6023
54.2009
55.4862
54.8514
55.128
53.4262
51.7108
51.5197
50.9334
51.7679
52.6162
52.1787
52.8298
52.18
52.3901
51.6282
52.9218
53.3052
53.806
53.4258
54.1405
54.24
53.3393
54.0641
55.4528
55.4572
53.7874
51.977
53.5661
52.2227
50.8288
50.6923
51.7105
51.3327
52.438
51.9596
53.6786
53.193
52.4847
52.7915
51.7048
51.7238
51.4302
51.2983
52.0162
55.4046
54.6074
53.9378
52.8122
52.6597
53.0287
53.2338
53.1278
52.1271
51.4714
52.1523
53.1772
51.0005
54.8342
52.9056
53.6226
51.9195
53.7464
53.9995
53.474
53.8649
52.7281
52.9648
53.5192
53.4605
52.4991
53.9054
53.0274
54.1131
51.1177
51.8881
53.7339
54.3916
52.9015
51.8347
52.0975
52.5526
51.912
53.2579
53.4376
54.1106
52.3818
53.0382
52.725
51.6444
54.3238
53.4218
52.792
51.9127
51.8241
51.9369
53.0574
54.0208
53.6242
52.7781
52.4212
52.5036
51.737
52.6944
51.8669
52.5438
51.6467
52.7431
51.1026
51.8591
53.2351
52.785
51.4349
51.5269
53.1696
52.9046
50.6842
52.0508
52.4822
51.4734
53.4645
51.2885
51.7065
52.6039
52.0295
54.6635
52.3305
51.5247
50.8337
53.9989
55.5919
53.157
53.1553
51.6268
51.9632
54.1734
54.9519
52.654
52.943
51.221
51.1826
50.9795
50.3549
50.9378
53.87
54.6479
54.3425
52.7474
51.0956
50.2962
52.4456
52.7592
55.1351
51.287
51.6639
51.9034
52.0599
53.7526
54.4465
53.0405
53.6975
53.5478
52.1526
49.6068
50.9885
53.5388
51.5929
50.8841
52.2432
54.1222
52.9133
53.6602
53.3198
50.6126
52.8686
51.8926
53.0699
53.8249
51.1391
51.3875
52.8325
51.8158
52.6225
51.718
51.9627
50.7214
52.4386
53.758
53.2561
53.6153
51.5194
52.1108
54.3733
51.7819
50.1639
50.8772
51.1884
52.7638
52.8207
51.3871
52.469
53.4577
53.591
53.7989
52.9562
52.8131
54.3854
53.4869
54.0917
53.2987
54.5706
53.9401
52.9833
54.4698
52.3257
53.2131
52.3696
52.3518
53.073
53.7426
52.0494
52.7632
52.7831
51.5609
51.366
52.0216
54.4037
52.1762
55.5584
51.9076
52.9067
53.2403
51.2034
53.2696
51.0388
50.6856
52.7465
52.1593
53.6202
52.6246
53.202
54.6263
52.2959
52.3828
51.9081
52.9508
53.1537
52.9242
52.1492
53.2186
53.5998
51.5852
51.3982
51.9229
52.4946
52.1563
51.0789
53.1795
55.1092
54.675
52.6709
52.9457
52.506
53.7753
55.186
52.1381
52.7264
52.5007
54.2318
52.9955
52.9329
51.6153
52.4446
52.1101
54.7054
52.971
50.72
51.448
51.6369
52.5427
53.752
54.2062
55.171
53.1185
52.8509
52.9331
55.0005
53.7604
52.4888
52.7863
52.4726
50.3092
51.7503
50.2487
52.4867
53.4873
54.4322
52.8285
52.9598
52.8003
52.6109
52.5699
53.044
53.7178
54.4199
52.8709
52.7569
51.8008
51.1336
52.0034
50.5028
51.0635
50.9353
52.8022
51.1875
53.2204
52.8502
55.4149
54.8345
51.738
53.5298
52.3412
51.5514
55.1769
53.0188
53.3179
53.3805
53.7252
54.1926
52.1524
54.1058
51.924
52.6725
52.2711
52.774
52.9597
54.0982
54.9402
53.9799
53.3404
52.7161
52.3816
52.8484
51.9522
51.1274
51.9148
52.0661
53.6231
52.7588
54.0801
55.2809
53.4988
53.0801
52.8207
51.5545
50.8584
51.6192
51.0161
53.5459
54.381
52.5972
50.8823
51.439
51.8505
53.7996
54.9684
54.3465
54.451
54.1105
50.756
51.69
52.3957
53.3011
54.7534
54.0417
52.376
52.2583
54.0833
50.6405
52.2848
53.5155
51.447
53.3035
54.2628
53.1036
53.5738
54.669
51.9389
52.8529
52.3839
50.861
51.9032
51.7537
51.8057
52.729
52.6891
51.6341
52.7082
51.8744
54.5578
53.2364
53.2147
55.9652
55.265
56.8184
53.9076
53.966
53.984
56.7212
52.5758
51.9953
52.0692
51.2512
51.5733
52.6537
54.4418
53.1649
54.3393
53.332
51.4357
53.3024
53.0144
51.9198
51.3213
50.9912
51.5963
51.3287
52.2999
51.4823
51.6289
51.5683
52.8758
53.0785
52.1591
53.1362
50.4861
52.9413
53.9809
53.8229
51.4501
52.2192
52.9113
51.839
54.7138
54.3885
56.1937
52.0428
51.2595
51.8269
53.1627
53.3558
52.9221
51.6613
53.0889
51.0615
51.9181
52.8533
52.6256
52.5084
54.5771
53.3256
52.0135
51.663
51.2121
51.4912
50.4998
52.4154
52.3034
52.4568
52.1552
51.6178
50.9191
53.3586
56.3895
54.9088
53.3334
53.1711
52.4697
51.0447
52.6572
52.4302
52.2456
52.8937
52.7499
52.4095
54.4673
51.3871
52.9481
54.3132
51.9848
51.4957
53.8223
52.6447
53.4887
53.9424
52.6971
52.1911
53.5954
53.7687
54.0262
52.2702
52.1243
52.9707
51.2841
50.1167
51.6055
53.971
50.5251
53.0293
53.9119
54.6896
52.7011
54.0406
52.7644
52.4408
53.5402
52.1027
52.875
51.8975
52.6213
51.5286
51.3238
51.857
51.5629
51.5659
52.3119
54.2783
54.2967
54.8339
53.8261
52.8506
52.8043
51.4478
53.0518
52.2665
54.0388
55.5239
55.099
53.7853
51.7624
50.9256
51.8744
52.0707
51.4564
51.5172
51.9529
52.7981
53.4864
52.8676
51.4397
51.5339
53.8327
52.8913
53.5426
52.1876
52.373
52.414
53.2845
53.5239
52.4616
54.9866
52.9086
51.7075
52.4889
52.5344
51.6881
52.3906
52.4176
50.9564
51.3417
51.8748
53.6595
53.3042
52.1483
51.6049
52.6764
52.3947
52.2578
50.4514
52.8522
53.6944
51.8013
53.4247
53.3442
53.81
54.2838
55.2866
52.3986
52.4636
51.2732
52.6085
53.1937
51.0559
51.5795
52.5736
51.5864
52.5293
50.9526
51.8794
50.8148
52.4008
52.8881
50.845
51.2963
52.7395
53.4516
54.8318
54.1187
52.7576
53.1296
50.9682
51.7469
51.7455
53.1486
54.5166
51.362
51.9462
50.7664
51.837
53.3871
52.6444
54.8648
53.7725
52.0725
51.7828
52.0306
50.0257
51.863
52.6009
51.9423
52.8111
54.0553
54.1785
50.4788
51.5291
54.5849
51.8088
51.1604
50.4088
51.2504
53.7004
54.8468
54.66
53.5584
52.4455
50.8308
51.539
53.0636
52.2694
51.891
54.606
53.1692
50.7759
50.5545
51.9336
53.5183
51.6153
52.2249
52.8302
53.2594
53.0615
54.3338
53.4911
53.7493
52.2128
52.4994
52.622
52.2758
50.6206
54.0463
52.8861
51.1801
52.7866
53.5967
53.7357
55.2176
53.9254
52.2444
52.1395
52.4456
52.4856
53.1598
54.5064
54.33
52.6911
52.4242
52.5754
52.6005
52.4618
54.13
52.5518
53.0962
54.084
52.1661
54.6115
53.19
52.4452
52.5488
52.2117
53.7263
53.1292
54.3759
53.0923
51.9834
51.66
51.7886
51.5797
50.9187
51.9686
51.2563
53.604
52.6357
52.1368
52.5901
52.1566
51.3795
54.0874
53.5312
53.48
55.5854
52.4464
51.4027
50.7224
52.0044
52.2217
52.7124
53.8587
54.5048
53.7678
52.3042
52.3316
54.4643
51.7581
52.3754
52.0602
52.3105
51.5044
51.4247
51.1466
51.8952
52.2232
54.2768
54.6177
53.5249
53.8052
55.3672
53.2674
50.6345
52.7071
51.7544
52.8721
50.7344
52.1329
53.2849
53.3588
52.3172
53.1445
51.9624
50.5903
52.6231
50.7208
54.35
53.1731
52.1808
52.557
50.6007
52.2999
54.0453
52.8091
52.4917
52.9855
53.8947
50.9239
53.2541
54.1011
53.8737
52.9557
54.5107
53.9913
52.5728
52.6049
52.3658
52.5633
53.9648
53.0108
55.983
53.3373
53.3607
52.3814
52.3452
53.799
53.1576
52.8502
53.5025
53.9416
52.8425
51.4657
53.9158
53.0714
54.6263
53.2649
51.75
52.0603
52.162
54.3322
53.9759
52.9544
52.653
51.4315
53.7132
52.6051
50.9318
52.1844
53.0645
53.8691
54.6467
52.8007
51.8838
54.2847
53.878
51.8842
53.1615
51.7732
53.1485
52.8161
52.3559
52.9962
50.4532
50.1241
51.0259
52.3107
52.1374
52.358
54.7712
51.4818
52.543
54.5303
53.881
52.4349
53.7183
51.8269
54.7687
54.9216
52.268
52.5613
52.5534
53.495
53.5455
54.7415
53.7306
52.5609
51.7873
52.2777
51.3104
50.6852
51.0426
51.796
51.6267
51.5054
52.4664
51.6429
53.2319
52.8095
53.9272
54.4134
54.039
53.4106
52.9406
53.5088
53.7801
52.4576
52.1527
52.525
54.0024
52.2504
52.5115
53.1215
53.2428
53.5376
52.7341
51.0431
51.1283
52.095
51.406
52.5181
54.6019
53.6604
52.3601
52.1247
51.9811
51.945
52.3524
52.4969
52.4932
53.3572
52.8842
52.4624
53.0697
51.6793
52.2752
53.1442
52.5568
52.7049
51.3829
51.147
52.6036
52.9582
52.7723
52.344
50.9313
50.8211
51.1874
51.0584
51.1358
51.9603
51.8398
51.1056
51.4906
50.996
51.4723
51.1219
51.7435
53.4011
53.3843
53.6274
55.1307
56.1451
56.0423
55.5453
52.0774
50.8641
52.429
51.9567
52.5217
51.6532
50.5594
52.2886
52.2464
53.6356
53.3965
52.1601
51.6971
53.0332
53.0424
53.4865
52.6352
52.9887
52.1809
53.8847
53.3705
51.9563
50.9381
53.8124
53.065
49.9497
50.7977
53.8212
50.6362
53.3814
53.7226
54.0723
54.0464
54.7988
51.7056
52.3555
52.4146
55.4601
52.5942
52.4044
51.497
52.4071
53.255
51.8386
51.3789
52.9998
51.4323
52.1346
53.1973
53.0264
53.0126
53.9027
52.4243
52.3144
53.4598
51.0679
53.8622
52.5284
50.8813
52.7993
53.8843
52.4249
52.4742
53.0368
52.4204
51.489
52.8137
51.9392
53.7978
53.3734
52.5379
52.4186
52.9764
52.8895
53.7072
53.2766
51.6608
55.1537
55.4169
52.7814
52.7334
53.7622
52.0468
54.6959
51.8929
54.0859
54.7501
53.4689
53.1609
52.108
53.4786
52.9368
53.0095
51.5159
53.2473
53.351
53.1327
52.0175
52.7569
53.3736
54.5712
51.8423
50.9263
52.1213
52.2372
52.3492
53.5858
52.8811
51.8662
52.3961
52.4917
52.5276
50.8874
51.4251
51.7088
52.4505
53.7963
54.876
52.8708
54.3475
53.4401
52.4366
51.2973
51.5693
54.0066
53.9214
54.2529
53.0145
50.822
50.4005
51.2421
52.2831
53.5815
52.8634
53.7724
52.384
52.1687
52.4551
52.5252
52.1757
53.6392
52.9474
52.8572
54.1702
53.2921
50.9519
52.5817
54.9937
53.5907
52.6629
52.8371
53.8412
54.4483
54.3283
52.8344
53.8087
53.7822
51.2903
52.0634
51.5983
50.4556
50.4128
50.1974
53.9718
53.2635
52.3457
51.8385
52.9617
54.032
53.7299
52.5227
53.1256
53.53
53.8048
53.5187
53.0086
51.6587
51.3701
50.247
52.0261
50.5091
49.2888
49.9976
52.2645
53.0594
52.0895
50.831
52.0914
53.5137
53.722
53.5402
54.3214
54.0538
51.5563
53.3449
53.1264
53.1545
51.8118
50.9008
53.9837
53.1247
52.8618
53.2339
51.4691
53.3828
53.4676
53.6711
51.6927
51.2034
51.7683
51.0791
52.824
52.727
52.1044
53.0165
51.9265
52.4379
51.2658
51.2784
52.8041
51.2455
51.1378
53.7036
53.4286
51.5385
51.1793
51.1251
51.1581
52.8977
53.7507
54.8889
54.2093
53.22
51.05
51.081
52.8733
53.2285
51.8711
51.6422
51.4807
52.4375
52.8318
51.774
52.5679
51.9446
53.8411
54.7109
54.2882
53.6924
52.7599
55.1272
54.245
54.5002
52.5521
55.4888
54.1428
53.9325
52.4441
51.1462
51.4949
52.4338
52.2967
52.1053
51.6603
51.7007
52.8386
51.8568
51.8807
52.4095
51.4968
54.1345
51.8261
52.8378
53.4343
53.1864
52.2749
52.1221
53.6444
53.637
51.9435
51.1518
51.5807
53.2294
52.9737
52.5156
52.8156
51.6953
52.7282
51.9914
55.5159
52.1738
50.7213
51.641
51.7657
50.5638
51.6794
52.297
55.1001
55.4329
51.2347
51.8519
51.9881
51.9964
52.8796
51.3135
51.2107
52.4025
50.5601
51.624
51.215
52.9143
50.7223
50.9916
52.5664
51.5316
52.1728
53.1744
53.986
54.5573
52.4413
53.9642
52.6615
54.348
52.6892
52.7699
54.2974
54.3911
53.8182
53.371
54.0371
52.7216
52.0283
52.1077
53.4932
52.5175
53.2353
54.0102
51.7413
52.1324
53.3596
55.0455
52.8509
51.4773
51.9196
52.3676
51.8576
54.3028
53.7997
53.999
55.3061
53.5371
52.3763
52.6881
52.5978
51.8998
52.7563
54.4027
52.7898
53.6654
53.5189
52.1955
51.6795
53.8529
52.3873
53.1116
55.1819
54.9885
55.0073
52.585
54.0068
52.431
50.868
52.54
52.9686
53.2399
52.7335
51.9588
53.7235
52.2161
51.0364
53.3422
53.3093
53.1961
54.2668
52.9458
49.8834
52.6247
53.7731
53.3372
54.6894
53.0125
51.6654
50.9667
51.4694
53.1672
53.5548
52.9339
51.5543
52.9394
51.6322
50.9092
52.3175
52.9113
52.9691
52.3591
52.3616
52.1629
51.6601
52.5915
53.4411
51.6078
52.9133
53.0984
52.4625
52.3318
53.2885
51.1064
51.9261
52.1248
53.8405
52.9663
52.4037
53.2892
52.1658
52.0984
52.9828
52.8081
52.4964
52.6373
53.1293
51.0602
52.9163
51.987
52.6759
51.3234
53.9819
53.4819
51.9464
53.2127
52.7225
50.5151
52.4567
52.1997
52.6196
54.6027
53.9508
52.3415
53.2273
54.875
53.4935
54.2993
51.755
51.5693
51.0591
53.4718
52.7957
51.6638
52.5103
51.6883
52.8633
52.3929
53.1179
52.2054
52.2744
53.0623
55.0327
55.1749
52.3678
52.6704
52.5292
51.992
52.65
54.6224
55.0383
54.4233
52.9167
52.9913
53.4398
51.409
51.882
51.0388
51.9785
51.509
52.153
52.5708
53.4844
51.1348
49.7766
52.2144
53.712
51.4527
52.9822
52.5231
51.8626
53.0044
53.2858
53.1645
52.2876
53.8403
52.0399
51.7458
51.9582
51.1474
52.0793
52.8917
53.977
51.5583
54.514
53.1329
52.8846
52.3609
52.5075
52.0574
52.217
53.0173
52.2799
52.3062
51.6144
51.4382
51.0447
52.93
51.8842
52.9127
54.0629
55.4462
52.1271
52.3055
51.1187
51.0567
52.7355
53.6927
52.3339
52.4044
53.6655
54.4089
53.7697
51.4834
51.9194
51.8438
52.3253
52.8719
53.184
53.2097
52.0015
51.4535
51.5556
50.6477
51.4478
55.0929
53.9015
53.2165
51.2153
49.7564
50.1499
50.1179
52.3009
53.8531
53.0246
53.2742
54.6208
54.1131
51.5422
51.9819
52.5471
53.7215
51.5028
52.3617
51.8642
52.3373
52.5246
52.3799
50.4811
50.3965
51.2375
51.7078
53.1596
53.2906
55.0911
54.3112
52.674
50.8748
53.0846
53.1675
51.7709
53.3204
52.7019
51.8547
51.6966
50.7567
52.7293
52.3295
53.8092
55.3953
54.6914
54.0512
53.687
52.1777
54.079
53.1961
52.5251
51.1678
52.2823
53.4779
53.9126
51.3024
52.7502
52.6522
52.2755
52.7882
52.758
52.9363
52.729
53.2991
52.4619
50.7684
51.4987
51.3535
52.301
51.8962
52.3233
53.0731
54.9991
51.9296
53.2204
54.3763
53.2525
52.82
54.1342
53.6254
53.6238
51.6055
49.4966
51.6684
53.0511
54.3715
54.3794
53.0735
53.7996
53.9533
54.0068
53.6521
53.7104
52.5077
52.2279
51.3262
54.4582
54.4244
51.9105
53.1907
52.7565
51.4102
52.1556
52.0836
52.0581
51.8886
49.7154
52.6394
53.4737
53.6245
51.7031
52.2574
50.8567
49.612
51.4907
51.239
52.4269
52.2353
52.921
53.0792
52.4374
52.6699
52.4463
52.8694
51.7986
51.7588
51.7406
52.804
53.2768
53.0876
52.5925
51.1987
50.7462
52.7397
50.8169
52.8029
52.5855
53.3266
53.3483
53.3039
53.7249
52.9071
53.4733
53.9109
53.2827
52.9426
53.1838
51.811
51.8949
52.015
52.5622
52.6159
52.7092
53.7225
53.0665
50.7618
50.1973
50.0462
52.9372
53.5967
52.881
52.3094
52.0251
53.2381
52.1416
52.7611
52.3733
52.0332
53.0742
53.8756
53.5955
52.3036
52.318
54.0112
52.6356
52.0171
52.0961
52.6911
52.2627
52.8474
51.8114
52.53
54.2493
51.2367
51.5474
52.7837
53.9721
51.4564
50.4697
53.9469
52.7604
54.3161
51.5006
52.1369
53.6082
53.3932
52.6731
53.5865
54.3325
52.2283
52.9588
51.6036
51.73
52.1319
52.2158
52.3705
54.0248
55.7061
52.9762
52.1044
51.4279
51.8147
52.2856
53.0986
53.2202
54.0715
51.8965
52.8338
54.1465
53.665
53.8912
53.8447
52.2867
52.3035
52.8113
51.3993
52.2713
52.7452
55.1468
53.1952
51.5019
51.4581
52.0737
53.1982
50.7386
51.8127
51.6441
52.3941
52.075
52.7096
53.4145
54.0284
52.5939
51.6523
52.0735
52.3263
51.3683
50.949
51.0113
53.0803
51.5781
51.9629
52.5695
51.7937
53.8888
56.2411
55.0147
53.0428
52.013
52.0649
51.4474
51.6696
51.7184
52.5548
53.8511
51.5807
51.4198
53.7631
53.4781
51.8734
51.899
53.4231
51.8029
52.0357
51.98
51.5294
50.7359
51.0703
51.9969
52.2113
52.3555
53.5051
53.2078
53.0395
54.6327
54.3106
54.1486
53.9344
52.5799
52.6539
52.8171
52.4448
52.768
53.1953
51.5257
50.924
51.9516
52.726
51.4317
51.9446
52.0787
51.675
52.7204
51.8164
51.093
53.0577
53.7166
52.6647
55.0957
51.9626
51.1386
53.3172
53.6007
51.9629
50.8474
51.6204
50.7349
51.6199
53.3103
53.6261
52.1925
51.5075
50.5748
52.0933
52.5688
53.238
52.2712
52.6923
51.7341
51.2821
51.5245
52.5643
51.4036
51.3744
52.0701
53.5107
53.2099
53.2993
54.3171
53.8901
53.3741
51.7264
53.1393
52.6204
54.0224
54.1346
54.2944
53.7255
53.3825
52.9468
52.7424
52.802
52.471
54.1778
53.1877
52.5737
53.0417
53.2421
53.4725
52.9796
54.3082
53.7201
50.3743
50.2056
52.753
50.7069
52.1267
53.0119
53.457
52.6041
51.4224
52.6422
51.1748
51.8602
51.5961
52.6012
52.9547
51.9684
52.8501
53.7844
54.1001
54.4248
53.0559
52.3035
54.5003
55.2525
53.3597
52.8881
52.4271
53.2985
54.5558
53.9157
51.72
53.196
53.5894
53.7282
53.6339
52.6618
51.2703
53.5141
54.2244
53.5315
54.9673
55.5129
55.3344
55.4139
54.9028
53.9489
52.1194
52.4954
50.4078
51.6189
52.2484
51.7061
51.9341
51.3936
52.0721
52.1627
53.2356
53.8854
53.5673
51.6202
53.2926
51.8216
52.8401
52.2167
53.1142
52.5145
52.8162
51.7106
51.3892
54.0326
52.211
53.9957
52.6255
53.5017
52.0315
52.4681
52.6544
52.3434
51.6518
53.1567
53.8396
53.7743
53.0804
54.8925
53.0104
53.0342
54.0252
53.5804
54.1368
52.4977
54.0205
52.064
51.6921
51.468
52.2146
52.154
53.4872
53.2295
52.5259
52.7634
52.6425
53.8027
53.754
53.374
51.7676
53.2243
52.8499
52.3738
54.2094
52.9982
54.8032
55.2214
52.921
51.5481
54.2369
54.4931
52.7476
51.7041
53.3388
52.6901
52.8139
55.2141
54.7634
51.3574
52.7904
51.1299
51.5824
51.5451
52.6357
54.1126
52.4403
52.5012
51.1111
51.8436
52.2096
53.7377
52.2473
54.8426
54.8488
54.0735
54.1002
53.2682
52.6286
52.0078
51.6198
53.4225
53.1391
53.84
52.2667
51.9188
54.4748
56.9386
53.9007
52.4546
51.1135
52.3048
52.5966
55.2625
51.917
52.3961
50.982
53.3656
52.2733
50.9741
51.3696
53.144
51.3254
53.5512
53.0885
54.7796
54.8964
55.825
53.5118
55.9566
55.4854
54.4327
53.6898
56.5626
54.973
53.3772
54.3963
55.0679
52.0306
52.1922
52.8
54.3117
53.3725
52.2266
52.9939
51.2678
53.4312
52.7075
52.9785
54.6898
54.6048
51.7837
52.8817
52.0146
52.9137
51.2481
50.9596
51.8326
52.5562
51.7606
52.8971
52.2501
51.6973
53.1369
51.8736
52.4189
52.091
53.0593
52.3066
51.1755
52.8075
52.0391
51.5527
50.9118
53.7931
52.7885
51.374
52.5225
52.7594
52.3834
52.3895
54.5886
53.8427
53.0129
53.1936
52.6379
51.7526
51.8029
51.5488
51.4377
51.2411
52.7829
51.5201
51.1795
50.7982
52.3073
54.1331
53.7638
54.1585
51.9579
50.5043
53.38
54.0058
53.0449
52.5244
52.6745
53.7962
54.0169
52.1341
52.7562
51.7243
52.6189
51.2212
51.9598
52.8728
52.8068
53.4204
52.5434
51.0387
51.1228
52.9002
54.278
53.0757
52.9497
52.5188
52.413
50.6096
51.3795
52.0711
53.4343
53.5949
52.3264
53.1578
53.7137
53.2513
53.9607
53.0814
52.0811
51.9068
51.6407
53.4612
52.6875
51.6384
52.1669
52.791
52.1942
51.8572
52.6716
52.0937
52.9088
52.5629
51.3949
51.4943
54.0442
53.1542
54.3712
53.0535
54.6768
53.2581
51.9132
52.6423
53.7907
51.8451
51.9618
51.3971
52.3137
53.0135
54.0455
53.3517
52.911
54.7238
52.2042
52.0239
52.7173
53.9969
51.0986
51.9696
53.5813
54.4585
52.9322
52.9216
51.7594
53.1136
54.6797
52.5329
51.9557
52.3759
55.3094
54.5102
53.618
55.0945
53.4274
54.6273
54.4747
53.0657
54.4462
52.4878
53.4348
51.6585
51.9939
51.8239
51.6882
51.09
51.9316
53.8465
54.2081
52.6568
50.7549
51.2233
53.1632
52.4134
51.6894
51.8634
51.0839
51.238
51.0376
51.9516
53.5575
53.5527
54.472
52.9977
50.701
52.1443
52.259
50.577
51.4706
53.3457
51.851
53.0678
53.9095
54.0548
52.6469
53.3597
50.6853
49.8653
51.9563
52.327
52.8198
54.0098
53.0144
52.0544
51.7047
52.8338
54.5849
51.7526
52.5298
50.4434
50.9755
52.0966
55.1585
53.5574
51.9481
52.9182
52.6888
53.9539
53.1017
52.5488
52.5259
53.0603
52.6018
53.1486
52.4349
50.6055
52.0593
54.1253
52.3257
53.2852
51.6452
53.475
54.8044
55.6358
51.9635
52.1882
51.7627
51.6606
52.4639
52.0916
51.4148
51.3827
51.0642
52.6394
50.7868
50.5582
53.7255
52.9212
53.7274
52.3722
51.4381
52.4715
51.5781
54.5369
53.9729
53.9661
52.6003
53.4441
52.8723
53.6135
53.0883
52.7381
51.7236
52.8283
52.4419
51.4398
52.039
52.9751
51.7202
50.6928
51.637
50.2972
51.1903
51.8591
52.056
53.3379
52.4622
52.1642
51.6324
51.6082
52.7886
51.9148
50.9028
51.4583
52.3143
53.622
53.734
55.035
54.1006
52.9199
52.5248
51.9755
52.4228
51.4601
53.6823
52.8084
52.8107
52.4003
53.3516
52.5842
52.0325
52.8834
54.423
54.3476
54.3469
55.2748
54.7498
53.8699
52.0128
52.5792
51.5734
51.0183
51.9254
51.2599
54.3707
52.4824
52.908
51.641
51.8014
51.8147
53.2267
53.0473
52.0475
50.6275
51.4223
53.7248
53.4327
53.0295
52.3786
54.4607
53.7031
53.5049
53.3118
53.1428
53.1537
54.3859
52.4279
50.8903
51.974
52.7312
52.1066
50.9166
50.5756
51.5783
54.191
53.5665
53.7938
52.5067
53.1071
52.4337
53.8702
53.4199
52.451
51.191
51.9972
52.2572
53.9948
53.784
51.923
54.0139
52.8442
52.3773
53.2754
52.8868
53.2701
51.5361
51.9594
52.4196
51.0383
51.8845
53.5485
54.2925
53.7377
52.6632
52.8105
53.0792
53.3267
52.8885
55.1362
54.0155
54.8258
52.3878
51.0373
51.3714
52.5785
54.1775
53.9822
55.0811
52.8872
53.1687
54.7519
54.6746
52.8873
53.7529
50.9564
51.5002
53.4829
52.6356
53.0779
54.225
53.5393
53.9331
52.9712
51.8049
55.393
54.1466
52.7014
53.1986
52.8824
51.3376
51.6612
52.9692
53.4572
52.0198
51.7055
54.694
54.51
52.9095
51.3663
54.2802
53.1847
52.8724
51.2071
52.3908
52.193
51.6338
51.1543
54.9003
55.012
52.9835
50.5102
53.2149
54.8279
51.5791
50.9792
52.9056
52.7995
54.0942
51.7428
52.1249
53.2445
53.8068
52.8968
54.7107
53.9369
51.7551
54.4429
53.4276
52.7599
51.0446
52.0352
49.3928
52.0569
53.3408
55.1304
53.0763
51.6803
50.6013
51.1395
51.4271
51.0051
51.7545
52.6926
52.5534
54.2172
52.9436
52.1984
53.7136
54.2579
54.6138
51.5033
52.1298
51.0289
52.1489
52.2349
52.6231
53.5564
52.1511
50.1368
51.4834
52.5951
54.8084
54.0326
53.6693
52.8576
52.0994
52.5627
54.1796
54.9278
54.6663
52.6934
53.0616
51.3047
54.1042
53.3579
52.0588
53.074
54.3653
53.3107
51.6951
52.5396
50.4135
51.655
51.6315
51.7147
53.9972
57.5486
52.6421
51.8173
51.5633
53.6352
52.3554
52.2446
50.9596
51.743
53.4098
52.9072
51.437
51.5047
53.1048
53.3951
52.141
52.371
51.7626
50.6142
52.8834
51.7779
51.762
53.2828
53.8755
52.4761
51.2234
50.5944
51.4329
54.0871
51.9775
53.0538
52.9753
53.1095
52.3665
54.2384
52.6986
53.8532
51.9677
52.9289
53.0624
52.4834
51.9116
52.3215
53.1999
50.7671
53.124
53.7336
52.6638
53.0557
54.4436
51.0357
51.7487
53.2707
53.1757
54.6044
54.5738
54.0101
54.8146
54.4598
54.7628
55.0343
54.326
54.0568
52.2597
51.1928
51.705
53.5697
53.5269
53.7222
54.2724
51.7226
51.8218
51.857
54.3061
50.6951
51.7447
52.2859
51.2649
52.7793
55.4101
54.5603
52.7123
51.0444
51.9578
52.9258
53.2155
53.1416
51.7088
51.3676
50.9613
52.0603
52.7354
51.2215
51.4116
50.781
51.3846
52.4215
53.3395
52.5429
50.7491
50.7467
52.0796
54.3028
52.8277
51.4724
52.8327
53.448
54.0283
54.2402
53.1936
53.1495
55.2224
51.0452
52.1583
53.4567
53.3587
52.3162
55.0093
52.9644
53.9062
52.0574
51.682
52.5482
51.2779
51.6228
52.3706
51.6218
52.6086
52.2705
51.6496
52.349
52.9395
52.53
52.5681
51.5729
53.8318
51.9277
52.0284
53.3183
52.2069
51.5736
52.2569
51.6049
52.3754
54.3814
52.66
53.5923
53.9805
53.3366
53.3027
54.5603
52.8768
51.7258
50.9426
51.8013
51.3485
50.7137
52.4337
51.2434
50.619
53.4963
53.0652
52.9844
53.537
51.6635
52.2613
53.405
55.0106
55.6226
53.4218
52.3037
52.4386
52.492
51.6247
53.3929
52.3355
50.2629
51.2997
53.2647
52.7322
52.4401
55.1713
55.062
56.1212
55.3169
57.2241
53.4876
54.5038
52.8351
51.6276
53.5585
54.17
54.1766
53.2348
51.0755
53.0758
53.0736
50.7842
51.2013
51.2706
51.0821
51.2725
52.7211
50.794
52.2852
52.4072
51.8471
51.6075
52.7046
53.2871
53.4266
53.1133
54.4066
53.7934
54.591
54.7376
52.5154
55.3691
53.0877
52.8207
53.0062
52.5623
52.206
52.5511
51.116
53.4072
51.5572
54.0495
53.5215
54.4427
53.1669
51.6659
52.1856
51.736
54.5612
53.6121
51.8589
52.0669
51.9556
52.3379
53.5628
52.5425
52.6836
55.427
55.1903
52.1584
51.2529
51.0561
51.5599
52.5722
54.0353
51.8942
53.8347
55.9216
53.6451
52.7523
54.96
53.9646
53.6398
53.0885
53.9545
52.4006
54.3919
53.4928
52.9824
51.6925
52.0386
51.367
53.3205
52.2893
52.5961
52.5632
52.9684
51.7616
51.7546
54.0546
53.8547
53.1824
53.9893
52.2651
52.0063
52.8706
52.7439
53.1868
53.9451
52.3108
53.4592
52.7987
52.9257
53.3806
50.8839
52.2193
53.1455
53.1115
53.3376
54.003
53.9865
53.872
55.4951
53.8501
54.5666
53.5222
51.8912
50.8915
52.5627
52.4054
53.772
53.6242
52.5597
52.5852
51.144
55.2035
52.6372
52.041
50.816
51.0428
53.0059
52.3049
51.5419
53.9122
52.9657
52.5223
53.7455
53.1719
51.1903
52.7009
51.957
52.7197
51.7527
52.5214
54.6164
54.2867
53.8229
51.055
51.6642
51.3344
53.7083
51.8224
52.2422
50.7734
53.3781
52.4837
52.9197
53.9125
53.8221
53.7249
53.4409
52.8274
55.2578
53.665
53.8871
53.5286
51.6418
52.6183
51.1593
51.7842
54.1174
54.5975
53.0995
52.3604
53.4974
53.1234
54.8809
54.9384
54.7593
52.4531
52.796
52.7801
53.275
51.3207
51.7917
53.2405
52.5204
53.1173
52.4336
52.6258
51.4517
50.9078
52.2178
53.7924
52.0823
52.7922
53.9609
53.8826
53.8331
53.4237
51.8395
53.0471
53.1764
54.294
52.5309
51.6656
52.7665
52.7069
53.4879
55.0326
55.2235
54.6711
50.8626
52.7206
52.2778
53.6718
54.486
53.0862
53.2275
55.1591
55.0595
53.1495
51.1487
50.2169
52.1975
51.323
52.618
53.2822
52.6348
53.7276
52.7635
52.262
52.0455
53.6106
52.103
51.9609
52.7412
51.6114
51.0673
51.2643
51.3367
51.3145
51.6461
51.2714
51.1128
51.4311
52.2164
51.9067
52.2551
52.1545
51.8243
51.6078
51.802
51.8627
53.5827
53.1714
53.7494
51.4408
53.2506
53.3323
52.8032
52.6761
53.84
52.4192
52.2523
54.4498
51.204
52.1491
52.1261
51.5669
52.5509
53.4093
52.4319
48.8807
51.5425
50.5969
53.164
53.2621
52.14
50.7113
50.5054
51.936
51.0805
51.6741
51.6108
53.5871
53.6308
53.2625
52.8206
53.212
53.1736
53.4551
53.6262
54.4022
52.6999
52.8628
51.3804
52.7345
52.85
53.1004
52.1968
52.7732
53.5438
51.0633
53.4654
52.9659
53.5546
51.8323
52.692
51.5589
51.9325
51.874
51.8906
54.1047
53.3835
53.6023
51.1737
52.5703
50.9932
51.4532
52.1115
51.3278
53.0471
52.753
50.4066
52.9825
51.4799
52.7428
55.5657
54.3683
52.7438
51.5032
54.4926
53.4875
53.2512
51.5717
52.7272
53.5087
53.9105
50.7314
51.7386
51.5311
50.743
52.1457
50.6731
52.2921
53.8161
52.7978
53.1112
53.3771
54.6703
54.3027
55.6167
54.8736
55.6078
53.6855
53.3568
51.3312
51.4945
52.0212
51.6771
52.8895
51.4419
52.4292
52.9934
55.2479
55.8716
51.6642
52.6589
52.6167
52.9677
50.3644
53.8504
52.8158
53.4207
54.2293
53.7418
53.9964
52.5935
52.4632
52.9118
53.7344
53.5594
53.1932
52.9779
54.0611
53.0443
51.9097
51.9109
51.9866
52.6681
53.4597
51.3019
51.4854
51.3307
52.2294
53.472
52.7843
52.3243
52.5612
51.5289
53.0645
53.6423
52.7476
50.6151
51.7148
52.7479
51.5543
51.9104
52.8874
52.7071
53.4587
52.287
53.0393
52.6833
52.0102
55.6095
53.2636
53.0107
51.8813
50.3437
51.8675
50.8258
51.9075
53.2332
54.6436
53.2547
51.7921
52.9401
53.0043
54.1582
53.7964
52.3755
52.0476
50.4674
51.0846
50.4153
52.7066
52.2128
51.1224
52.7859
51.7632
51.8508
51.6046
52.3299
51.3292
51.712
49.6234
51.6264
53.1262
53.2524
52.5812
52.5421
54.4373
53.8869
51.6005
52.6067
52.3663
53.6661
51.824
53.447
54.5214
52.4752
53.7865
54.318
53.8995
54.3765
53.1678
53.2368
51.8415
54.2239
52.0525
51.1754
53.1165
54.3017
54.3538
53.5532
53.9973
53.4241
55.0676
54.5802
53.3153
52.3205
55.3696
54.9886
54.8346
55.4378
54.1629
54.5593
54.0917
53.439
52.8994
52.5325
53.54
52.3837
52.5234
51.4489
52.1969
52.6632
54.4581
52.1943
51.087
52.7051
52.4427
52.0068
52.6228
52.5465
52.5743
52.519
51.7794
54.3461
53.8926
54.2587
55.6779
54.0332
54.1104
54.7242
55.4068
52.1521
51.2097
52.5292
54.5767
53.9859
53.0819
53.1497
52.4482
52.1959
52.5343
52.105
51.1156
51.437
51.57
51.8272
51.6837
53.937
53.2722
52.4697
51.9336
50.4111
53.1144
55.9468
55.0501
52.3794
51.5652
51.3317
51.9619
52.2483
52.306
54.8001
53.7628
54.3609
54.6347
53.3811
53.5226
51.6619
52.7193
51.4759
52.8861
51.3628
53.5273
52.8667
52.6044
52.62
53.0503
52.0008
52.9302
53.0615
53.2647
53.2516
52.405
53.2806
53.5391
52.4047
51.307
53.6861
56.7467
52.9547
52.2542
52.9081
52.5675
53.1657
52.7351
53.5839
52.1106
51.2905
50.5938
54.0488
53.1438
53.9457
52.1567
53.2728
53.5275
54.2212
51.9789
51.7117
53.5829
53.8255
53.7598
55.5001
54.6876
52.8681
53.6991
52.7015
51.6782
51.5127
53.7141
52.7468
52.9779
52.1844
50.6778
51.6936
54.3991
53.4704
53.3328
54.8754
52.7739
53.1936
53.5762
53.2276
53.6565
52.4172
52.0835
52.052
51.1707
52.4216
51.8154
51.1083
51.9678
52.569
52.8895
52.4956
53.3913
52.1756
52.5613
51.2722
54.2071
53.8338
55.939
52.8479
53.5565
51.7421
53.2647
53.2794
54.0229
55.3847
53.7971
52.4345
55.0115
55.1192
52.3283
51.9681
52.9368
52.7937
52.2617
52.1366
50.4662
51.2645
51.9813
52.4339
54.5991
52.462
52.8159
51.9813
52.373
55.6979
52.4749
53.084
52.1902
51.5832
51.6002
52.3558
51.9296
51.4434
53.6453
53.0297
52.8553
52.4742
51.4941
52.7194
53.4951
53.9125
54.7845
52.6304
54.2568
54.2742
53.2868
54.716
52.4541
53.8146
53.4492
51.5363
51.0758
52.2216
52.1198
51.3243
53.2241
53.2532
51.2589
52.6739
51.9854
52.2736
53.3016
51.7513
54.0673
52.2231
49.8085
51.9221
52.31
53.0072
53.9208
54.316
51.4558
52.3171
51.0637
51.9434
51.7127
51.5473
53.5066
52.2305
53.4466
53.3891
52.3252
53.0737
52.7804
53.8709
51.4247
53.1736
54.1988
51.8382
52.399
52.9374
51.441
51.1137
51.1232
51.9753
53.6778
53.193
53.1418
51.3088
52.0563
53.8849
52.2176
53.3305
53.0655
52.5332
51.3029
53.3618
52.2515
52.7582
52.9697
54.3078
52.5455
53.9187
52.6939
52.95
51.483
53.53
52.4867
52.6742
51.3469
53.3618
51.1322
52.3944
52.8366
50.6102
51.0836
51.9108
51.986
53.717
53.3925
52.5696
53.9764
54.6873
52.1878
52.4823
52.3298
53.7145
55.3269
52.5512
51.7911
52.3596
52.2475
54.2099
51.529
51.3616
52.5649
52.9015
52.5122
52.0843
52.1909
51.9821
52.9019
52.0076
51.5982
54.3495
53.3079
52.2997
53.0199
52.1202
52.9043
51.9079
51.8178
51.0394
54.1409
52.2686
52.8073
53.1402
51.5882
52.9499
52.6363
52.7189
53.5767
53.4265
53.6964
53.1461
52.2555
53.5881
52.1611
51.6666
51.9419
52.8662
52.8417
52.2765
52.9065
53.2056
54.0232
53.2301
52.0292
52.4826
53.2876
55.7774
54.4142
54.8977
53.5376
51.8996
53.4889
53.1814
54.5867
53.5487
53.6402
53.5811
53.4105
53.0845
55.0379
54.0047
52.9907
50.4053
51.9988
52.0142
54.5102
52.9365
51.933
53.7145
54.5843
54.2917
51.8687
51.4169
53.438
52.7164
51.3008
53.0626
51.4045
51.2066
49.9806
52.7354
52.2584
52.8578
53.968
52.397
51.7217
52.2214
52.3266
50.2857
51.9576
52.5234
54.0078
54.2401
53.3703
52.1747
52.3999
51.5616
51.0563
51.1025
51.6531
52.9512
53.873
53.7655
53.7784
51.8216
51.113
51.6391
53.4925
52.6074
52.3481
52.732
53.8651
53.2849
54.0095
53.9469
52.5239
52.2596
52.3464
51.0139
53.3293
53.9395
53.4194
53.7401
52.5677
53.3737
51.7999
53.88
53.6717
51.6943
52.7801
53.5502
53.367
53.2486
53.663
52.6931
52.1576
51.8893
53.4246
52.9373
52.2786
52.7212
49.9256
52.7639
54.0112
52.0506
51.9099
52.3766
51.711
53.9442
51.0369
50.592
51.8656
52.7679
53.8304
54.7838
55.252
55.0046
55.3751
51.7438
50.7017
52.7522
52.2565
53.6983
52.3166
53.5932
54.067
51.8696
51.4359
52.2492
53.1739
52.4897
51.1717
52.8986
54.6436
53.5682
52.6712
53.4778
51.1552
51.1263
51.6508
51.502
51.1603
50.3166
50.5909
53.5947
52.147
52.043
52.7382
54.0168
54.593
54.4305
52.3017
51.5641
52.3083
52.5414
51.8009
51.4201
52.5393
53.4252
51.6175
52.8475
51.9437
53.1052
51.39
52.1484
51.9813
53.2655
53.5148
54.374
52.9966
52.7638
55.0247
54.5471
55.095
55.3131
56.8256
54.1198
51.7356
53.1824
52.0661
53.1554
53.8284
54.7913
54.4946
51.9831
51.576
53.9476
52.0859
50.9583
52.5323
54.9207
53.3983
53.581
52.1993
52.1719
51.6708
52.1091
52.1696
51.6782
52.617
53.091
53.1656
54.5356
53.2186
52.026
52.0872
52.5558
51.9003
53.764
51.5318
52.1677
53.8332
52.382
54.1804
53.8748
52.9602
54.3097
51.8934
51.7614
51.883
52.6111
53.7157
53.2274
52.6145
52.9676
53.1533
51.8206
52.2149
52.1577
53.9424
54.9338
52.7997
53.3252
53.8877
53.7691
53.7508
53.2396
52.2068
51.6517
51.7874
52.8722
53.3361
53.6688
52.4547
51.4663
53.3312
54.1461
54.7273
54.4715
51.223
51.2533
50.4776
52.3712
51.5883
54.068
52.3025
52.6128
53.0234
53.2917
52.7559
52.8537
51.6813
52.8489
51.3303
53.9276
54.7957
52.144
52.0449
50.9859
52.3894
53.0672
54.0172
51.1007
52.4045
50.8131
50.9367
52.4546
51.839
50.831
53.3015
54.1577
53.585
54.1937
53.5884
53.1666
52.6386
51.6286
52.4088
53.5591
53.265
51.8115
54.7016
51.3459
53.3639
52.4377
51.5184
51.0598
52.4974
52.7135
53.5988
52.4342
51.7909
49.9987
53.1365
53.6607
52.0253
52.6255
55.6551
54.0181
52.2844
53.1634
54.4346
52.6374
54.6516
55.0511
53.5947
51.0247
54.2176
52.6805
51.2872
51.2704
53.0173
50.5923
51.775
54.7111
52.588
52.6649
53.5446
52.7127
51.9604
52.0509
53.3355
54.6513
53.3998
53.2656
52.6764
54.8638
52.3953
53.4395
53.0391
54.4356
52.8613
52.4484
52.2758
53.4263
53.3351
54.0671
52.121
52.9638
52.7539
50.7355
50.9218
50.085
53.0539
53.2286
54.7794
52.0144
53.5961
51.3954
51.522
53.3265
53.2521
52.276
50.0042
52.3288
51.9957
51.6663
51.8725
52.9569
53.463
53.9641
54.687
54.0055
54.2823
53.2418
53.8445
52.6173
52.1013
51.527
52.7556
52.9604
51.3851
52.6982
53.3666
52.7654
54.593
54.2395
52.4586
53.7125
51.2707
52.8771
53.9393
53.5734
51.9332
50.2485
53.1923
52.3294
54.5629
53.4897
54.9704
53.4961
51.9226
50.5506
54.78
52.8381
52.7979
52.5851
52.7074
52.2408
52.6946
51.5301
52.0388
53.5623
54.2752
53.2364
52.7458
52.202
51.4492
50.8726
53.0386
54.2913
53.8455
53.4768
52.1484
52.1137
52.8377
51.2113
52.3486
51.8141
54.5264
53.6654
51.8864
52.4126
52.4555
51.9292
53.7607
55.1614
52.383
54.734
52.7573
52.6831
52.4033
53.9042
53.0302
52.5798
52.1617
52.9829
53.4806
52.6317
52.8989
52.1226
52.1084
53.1066
51.7302
51.1405
52.2864
53.0246
54.7397
55.039
52.6316
52.8431
52.4367
53.218
53.9219
51.6643
53.0695
52.62
50.1168
52.7545
53.9015
53.5373
53.3575
53.139
52.8109
53.4739
52.1416
51.3493
52.4824
54.9651
52.573
51.824
51.0845
53.3628
55.216
51.6147
50.841
51.7899
53.2283
51.8499
52.3377
54.5298
54.1855
53.1617
53.5799
52.4619
52.885
54.1182
53.5805
53.3124
53.3275
52.3185
51.9089
51.9911
52.6729
52.3782
52.2127
51.4034
51.9703
56.6383
54.5083
52.1482
51.4544
53.0452
52.0797
51.1774
52.7998
52.9073
52.0368
53.6738
53.7707
54.6551
54.6641
53.4649
53.8827
53.6227
52.6452
52.6138
54.2282
54.0363
54.6006
54.1423
52.8334
54.0879
54.1838
54.1383
52.3584
53.8351
54.6933
54.5017
52.7232
52.4723
52.5823
51.2862
50.9871
50.9967
51.7137
53.426
52.8584
53.4978
52.4593
51.9318
53.432
55.5246
53.8787
51.3495
50.6854
53.3718
53.6021
50.9723
50.4993
53.1305
53.3537
52.7233
53.2364
54.6412
51.3087
53.2783
55.8336
56.0275
53.2363
54.5589
54.0038
53.3809
50.312
52.6376
53.6105
52.2601
53.8508
53.5715
52.7847
51.0763
50.272
53.0548
54.0673
52.0129
52.2894
53.2173
53.3781
53.3299
53.1427
54.4579
53.5059
52.25
52.6317
51.6456
52.0465
51.8807
52.3359
52.5339
50.8784
52.7671
51.9473
51.0409
51.4431
50.852
50.9903
50.5968
51.1494
51.5657
53.2233
53.2741
54.3455
52.491
51.5642
52.04
51.3158
50.331
51.6791
53.9838
53.4068
51.6706
53.931
52.9884
53.4166
52.2791
50.6589
52.7903
52.3997
52.3813
52.3062
53.7166
53.8597
54.8328
52.766
54.2753
53.8546
53.1718
52.2296
53.4623
54.6672
56.7325
53.5068
52.149
52.1516
51.0207
52.3182
52.539
50.4938
52.0504
52.7909
50.5335
51.0702
51.4309
52.516
53.3721
51.5993
50.9463
52.9455
51.8089
52.1523
53.9335
52.1881
51.675
53.9954
54.5274
53.2459
55.9782
53.9271
55.1812
53.1953
51.2157
52.8327
52.4178
51.3098
52.2594
51.3782
52.0194
51.9174
52.75
51.2573
51.645
51.015
52.5325
52.8132
52.1913
52.0648
52.0499
53.5419
52.5154
50.7854
52.1797
50.2942
52.5235
52.2273
52.7004
52.3179
54.1987
53.2013
52.1263
53.3711
53.2358
54.9977
53.3476
51.2542
52.3131
53.2694
52.2403
51.2927
52.4249
52.6427
53.6036
54.0516
53.0038
52.5724
52.0327
52.7238
53.7802
53.3154
53.5476
53.1601
53.0781
54.1055
52.9693
53.7555
52.8499
51.6981
52.2949
53.1315
54.1762
55.5048
54.1706
55.6673
53.96
52.3275
51.859
53.2548
52.5598
52.5847
51.6953
52.3088
51.6988
54.2986
54.4108
53.8286
54.4112
53.2147
52.7929
52.0801
51.641
53.0861
54.3603
50.7927
55.3647
54.6844
52.9884
53.8394
52.7835
53.7351
54.9281
54.0192
54.0726
53.8425
51.4051
52.8077
53.1079
52.6648
51.6695
54.0622
54.6249
53.1699
53.7073
52.9132
53.3962
52.5435
52.6676
51.5173
52.6847
53.1272
51.0028
50.9973
52.5848
53.8962
53.4617
52.6664
53.2372
50.9709
51.6921
51.3471
51.055
53.2803
51.4377
51.2302
51.3328
52.7897
52.8878
52.3773
51.1756
50.7527
51.3715
54.5469
52.2024
54.213
54.9452
52.609
52.7074
52.7406
53.4465
52.8566
53.0426
54.1426
52.4959
54.1443
53.324
54.4179
53.6788
53.9539
52.7395
52.5549
54.0969
54.1594
53.9125
53.9231
54.7528
53.5365
52.8439
52.8527
51.8318
51.7243
51.8757
52.4127
52.8528
52.6544
52.7673
53.6504
52.4508
54.1932
53.4707
53.0221
51.7495
52.9587
54.5905
52.6287
52.0111
52.4673
51.4271
51.218
52.3305
53.0226
53.701
54.8573
53.3765
52.3393
51.9586
52.0985
52.6728
53.5985
52.2439
51.8814
51.5987
51.131
51.3704
52.611
52.5279
51.9683
51.7577
51.0095
52.6472
54.5956
52.0745
53.438
51.8661
54.4613
51.8963
53.5913
52.9554
52.7033
52.2162
51.6206
51.8803
53.0592
51.9618
52.9463
53.0976
55.4352
52.8117
53.8457
54.1696
51.142
54.7403
52.7054
51.7083
53.6124
53.53
54.127
52.5203
52.6465
54.5968
52.8005
53.4018
55.1191
53.8552
52.1892
53.2225
53.8873
52.3946
51.2987
51.6114
54.2541
52.7635
54.2879
56.0736
53.1206
53.0992
54.301
52.2446
52.9952
50.4636
52.0388
52.8769
52.6422
54.1087
53.5718
54.3373
53.4058
55.1298
53.032
52.8686
52.9528
52.4052
50.5808
52.5796
52.3752
54.0839
51.9026
53.0325
50.7773
52.6771
52.1104
53.6524
52.1466
52.9054
53.5267
52.8731
54.4959
54.0446
54.7126
55.9248
53.1721
53.1286
52.9569
51.7052
52.1078
51.9498
50.9437
51.8934
52.2543
51.6721
53.8787
54.9835
52.976
54.3463
54.7258
54.1057
52.6671
53.2768
51.8076
51.9123
51.6212
51.7685
54.1193
53.424
53.7822
53.8199
53.4952
52.3672
53.0138
55.0314
52.6374
54.2428
53.1908
53.7393
55.3134
55.5681
52.5088
53.1303
52.4865
53.3442
52.7179
52.5946
54.1218
55.3288
54.5348
50.9444
52.6327
53.5676
51.5191
51.6576
53.6631
53.2093
54.5427
54.9984
52.0649
52.2241
52.1407
52.4751
52.5566
52.2124
54.2482
54.2319
53.7603
52.9857
52.0885
52.5265
53.3909
53.359
54.9728
57.0102
54.4305
53.0191
53.5186
52.2799
52.5211
51.8405
53.9782
50.9567
51.9033
51.2906
52.6765
52.6853
53.4271
53.4927
50.287
53.3413
54.5276
51.0281
50.9436
49.8206
52.2384
53.8461
51.7211
52.9656
51.9825
52.4395
50.9041
52.5179
53.4043
52.6302
51.3469
52.9318
51.4659
53.1296
53.172
54.3043
53.6658
51.9937
50.9484
52.6807
52.132
53.1556
51.6591
51.4682
52.9088
52.9935
51.2726
53.1646
55.9013
56.0703
52.1844
50.9051
51.5611
52.2378
53.0327
51.6844
51.226
52.8764
54.611
53.2874
52.6787
52.2942
53.0492
52.5095
53.867
54.8767
54.2306
55.0046
53.4957
53.5324
53.8346
53.9091
52.3233
54.4054
51.6925
52.7468
53.7172
51.4321
51.5438
50.7991
51.0708
53.2805
52.2012
53.1106
51.3039
51.3032
51.4005
52.2291
53.7461
51.2679
51.57
53.3052
54.7389
54.8651
53.2199
51.2746
52.7503
53.1036
52.4447
52.1289
52.9123
50.9652
53.0895
54.0582
53.4085
51.6121
54.1729
51.4476
51.6163
52.7965
52.2773
52.994
52.4688
54.2781
53.2727
50.4107
51.215
52.1229
51.9394
53.0467
54.0851
53.1391
53.7012
53.7308
53.7726
52.3351
54.4712
52.6204
53.4777
52.4459
51.0776
51.941
52.153
52.8908
53.5161
51.1036
51.5406
50.8342
51.8794
51.9025
51.9108
50.3627
51.2477
53.0532
53.2058
53.2359
51.7464
51.6601
50.6166
50.972
51.7143
51.6657
51.7571
52.8767
51.8432
53.1919
53.197
53.9484
54.191
52.7475
52.7442
51.6653
51.379
51.9945
51.4645
52.1554
53.996
55.4273
51.6959
51.3813
52.6759
52.079
52.5922
52.5116
53.7597
52.6918
53.6835
51.8048
52.9947
54.5877
52.859
52.2672
50.1565
49.5808
53.6428
53.4662
51.8696
52.5618
52.1839
53.0218
52.4722
54.8295
55.5185
54.5207
55.7056
53.1412
53.1608
53.6409
54.0445
52.8265
51.2599
51.2505
51.9818
51.6752
50.0549
53.504
54.5021
53.6983
54.3613
52.3211
53.0211
53.3942
53.6852
53.0713
51.8069
52.7032
52.4395
51.6958
54.8331
54.9584
52.0974
51.2265
52.3234
52.3282
51.4825
51.5166
52.322
51.2078
50.724
51.8077
53.7629
54.2446
52.998
54.4493
53.1192
53.9064
53.69
55.849
52.6543
52.3812
50.9478
51.4112
52.5865
54.029
52.3553
52.8423
53.0996
52.7573
53.9113
52.545
54.6197
53.2242
53.4234
51.3994
53.1921
52.5527
51.3538
52.9879
53.213
54.7495
54.1553
51.5391
52.0603
51.2906
52.2203
51.4148
52.4852
52.4668
52.1069
53.1037
52.2226
53.8445
54.1095
52.9352
53.7619
53.3338
52.2077
53.6795
53.9233
52.3045
52.851
54.102
52.243
53.8056
51.9331
51.8921
51.2021
52.3222
50.4134
53.4295
51.8173
51.1776
52.8247
51.0718
51.6834
52.7483
51.4706
51.4206
53.0111
53.5919
52.1503
50.698
52.4643
52.8289
54.514
53.8391
52.5371
52.2281
51.2131
51.3008
52.3913
53.0954
53.7551
53.0745
54.713
54.2168
53.2202
54.845
54.3293
53.5185
52.3648
51.7287
51.756
51.4767
52.6512
54.8983
52.4401
54.4149
52.6721
51.7543
53.4308
52.2783
53.3747
52.0702
54.4736
53.3978
52.9318
53.0369
51.7853
50.5337
52.1093
51.085
51.4568
52.7556
52.1513
51.8462
52.4878
52.8566
51.8183
53.3515
52.8915
51.2568
53.3157
53.4158
52.6504
51.5607
50.9895
53.2353
52.4736
54.7111
54.4318
53.8962
52.2575
52.4579
53.4479
53.6168
53.9707
53.3047
53.0682
54.9643
53.3725
50.9713
52.329
51.7062
53.5784
53.9865
52.789
52.418
53.2512
51.9714
49.7442
50.4896
53.1006
51.2169
50.8934
51.7289
51.6929
53.1763
52.7263
54.5555
51.6026
52.1863
51.9035
53.2722
53.5729
54.434
51.5989
52.1787
52.9866
53.1759
52.2785
53.7108
52.9931
53.2374
52.9522
53.3338
53.786
53.7043
53.3327
51.7896
52.4426
53.2215
53.9707
51.2365
52.0324
51.2396
52.6812
52.9364
51.7837
52.4011
54.0446
54.8405
53.2099
50.5179
52.8092
52.3135
50.7097
50.5802
52.7734
50.8396
51.5907
52.2864
54.7493
53.9905
55.1059
53.8426
56.861
54.3505
54.9891
54.3359
51.8683
53.4033
52.1458
49.4646
50.6591
51.6541
51.9611
51.8871
54.088
54.3249
52.8775
53.7261
53.6577
53.1327
52.9661
54.7658
54.483
54.1756
51.425
52.6336
52.8869
52.3842
54.483
54.1744
52.8837
54.2436
53.4935
51.0551
51.7774
51.6991
54.5
54.6683
54.4718
52.4778
51.0918
52.2152
53.0852
52.3832
52.0028
55.32
53.3606
54.6182
52.7406
53.3201
52.8188
52.1501
53.3826
52.323
52.7492
52.742
52.9379
52.8844
51.8038
52.9059
52.2092
53.5453
51.2716
52.8815
52.7226
52.5698
52.4674
51.0609
52.8665
53.4122
52.5596
52.3136
53.1763
53.8212
51.4721
53.1919
51.6531
51.9764
50.8223
54.1624
53.9391
52.7243
52.5082
51.6083
55.069
53.8068
51.9078
52.5593
54.0809
52.9175
50.8942
51.9682
51.6441
51.1938
51.0023
52.3282
53.5635
53.2115
55.7282
51.3755
51.8905
49.9994
52.5745
54.1687
55.1383
53.84
53.0796
53.9897
53.1957
52.8783
53.0247
52.5292
53.0913
52.2372
51.5304
52.3523
51.6934
52.1925
53.6328
53.2605
53.5013
52.3275
51.4915
51.6056
52.8361
52.7408
51.1896
52.1168
53.9639
53.1894
53.4815
52.5409
51.5008
51.507
51.9492
52.8477
50.9204
53.0371
52.6446
52.8664
53.0097
51.5168
50.9639
51.2741
54.3666
52.66
51.6975
51.8332
53.1103
51.466
52.7414
51.7104
51.9734
53.1116
52.3696
52.1874
50.6563
52.8969
52.9678
52.6916
51.6273
51.7565
52.6406
53.3091
51.285
53.0008
54.2386
51.9572
52.2344
52.457
52.7546
51.6785
51.6567
53.1947
52.5783
53.0344
53.9936
51.5619
50.5174
50.9744
52.6889
53.4971
52.8622
51.9307
51.7779
52.3987
53.0043
52.2025
52.0107
53.4995
53.1091
53.2009
52.2983
52.0202
52.5377
51.9998
52.5971
53.2541
53.3843
52.5029
53.1798
52.8926
52.8888
52.1017
53.4588
53.4255
54.0354
53.0797
52.8083
52.4368
52.0862
53.7385
52.3487
51.4247
53.0366
53.237
53.8078
52.8896
52.55
52.6595
52.3263
52.2886
54.693
53.2389
51.0889
51.454
52.3559
52.3614
51.4269
51.5694
51.3084
54.2779
51.6784
52.4425
51.6314
50.7396
52.7301
53.4208
53.4271
50.4725
51.7846
54.2285
50.5129
50.3479
52.8012
52.7
53.9775
51.0223
52.8087
51.3345
52.984
54.935
54.8939
53.4411
53.0967
53.0416
51.5237
51.0454
52.2558
52.38
52.2513
52.5716
53.4338
49.4914
50.2272
52.6688
54.5295
51.8324
52.3701
51.0029
52.0974
51.1561
53.5323
54.5311
52.6162
51.0168
51.1463
51.4495
51.9319
52.6657
52.3562
54.0782
53.2774
54.4309
52.7155
50.4821
52.5527
53.2414
52.5972
54.8123
53.59
53.0747
53.6514
54.0557
55.1745
53.9372
51.6925
54.1007
52.4269
54.7653
54.1099
54.6706
52.5911
51.5452
52.5726
51.8196
52.4241
51.5584
50.1677
53.0511
53.3986
52.961
51.7346
52.3249
52.22
52.6386
51.6404
53.1946
52.4791
54.2528
53.9915
52.4424
53.6418
54.2951
51.7461
53.2649
51.7964
53.9573
53.1309
53.7621
52.877
53.5931
53.4092
54.5014
53.1064
51.9072
53.1177
50.9248
50.8446
52.6622
53.9854
54.3489
54.8481
53.9409
53.0989
52.4025
53.5983
55.267
52.7174
52.4843
51.6891
52.2112
52.0677
52.6539
53.1507
53.9323
51.2611
51.3109
52.9094
53.1384
55.9328
52.4507
54.2151
53.3938
52.9694
53.6977
54.6208
53.8324
56.0535
52.8577
52.2355
53.179
54.1666
53.8815
52.5008
53.439
52.9819
53.7694
53.8182
53.1862
54.0611
55.0536
52.8459
52.7982
52.8344
54.4423
51.9163
51.5028
53.0667
51.9917
51.6227
51.468
53.2486
53.5883
51.9716
52.8138
53.3302
53.6595
52.459
52.0445
52.7381
51.8338
51.2345
50.7493
51.9481
51.5914
53.1646
51.8814
51.6471
55.6
53.9841
54.0886
51.9814
53.5073
53.9904
53.3834
52.893
53.5893
52.0761
54.7125
51.3522
52.2373
51.0148
51.4171
51.3369
52.4157
51.1152
51.7463
52.2522
56.5936
54.9653
52.7391
54.5247
52.53
51.1658
52.2906
51.8948
52.9406
53.3124
55.2808
52.2114
51.0792
52.0671
53.5181
52.9858
54.2384
52.4401
51.9532
53.2326
53.1978
53.7913
52.7072
52.1449
52.3055
55.4741
53.6529
53.252
51.8611
52.9317
52.5605
52.7213
52.5674
53.4472
51.5782
51.7427
53.034
51.8125
52.248
50.5676
51.8905
54.0821
52.3134
52.6067
52.1524
50.9349
51.9921
51.7619
50.8599
51.542
51.7934
52.0033
51.6895
52.8326
53.3355
51.6816
50.2624
50.5527
54.2003
51.9122
53.6681
52.05
52.0133
54.58
55.8545
53.2969
52.9496
53.1126
54.4496
54.2522
53.4066
53.1605
51.8026
52.3801
52.3707
51.7562
51.9669
51.8866
52.6577
52.5358
54.0936
54.5021
51.6107
53.1101
53.1893
52.1057
53.0731
52.6637
51.2066
52.9029
53.4592
52.4127
54.4881
52.9983
53.4387
53.0055
52.5205
53.3541
52.5992
54.8412
53.6204
52.2261
52.0795
53.1504
52.9399
52.7128
54.3504
52.8067
54.9652
53.6428
52.3695
51.3243
53.4341
54.2407
56.3729
55.6359
53.8757
54.2071
54.232
54.5559
54.4957
52.0632
51.8603
51.0511
51.4626
50.7581
52.6843
52.9807
53.1566
53.1138
54.2587
54.1327
52.3928
52.649
53.6484
53.0829
55.7987
53.0052
52.6897
54.8763
54.2617
55.3563
55.0725
51.8621
52.0291
51.9327
53.2982
54.7738
52.0345
51.3406
52.1032
52.2421
52.3257
53.0338
54.9958
53.8607
51.7471
51.3039
53.123
54.6354
52.7855
54.1763
53.7132
52.8134
53.1773
53.1679
51.2109
52.4872
53.4691
52.8191
51.8808
52.381
53.7188
51.7813
52.3879
52.3111
52.6337
52.4684
52.9306
51.5332
53.607
55.0965
53.8024
55.6889
53.4058
52.2854
54.9855
53.7542
52.9393
53.8404
51.9546
54.0478
52.5914
52.0732
53.9008
53.3755
54.5917
52.8996
53.1443
51.9363
51.1231
50.1507
50.2049
51.4908
51.2274
52.4172
52.9264
52.3714
51.4442
52.1009
53.126
52.7242
52.7397
53.5433
52.9333
50.7335
53.8718
51.9154
51.3754
52.0432
52.6665
52.676
54.2863
52.8529
51.6169
52.4104
52.4263
53.8082
52.2463
52.9415
52.0079
51.8745
52.3043
51.3741
51.7789
52.2162
52.2426
51.7394
53.4815
52.0093
51.6403
51.9183
51.9908
52.0007
50.9452
52.2299
53.9223
55.3143
52.0686
53.0351
50.4273
51.7477
52.5905
52.6926
50.6682
53.1334
52.7166
53.5349
52.4659
51.5466
51.0899
51.6911
51.6632
56.068
52.6642
53.8448
53.9661
52.8387
51.5757
51.5936
51.4149
53.8673
52.7611
52.6187
51.7777
53.1444
53.3923
55.0933
54.4483
54.4948
50.7356
51.2834
52.0037
49.8719
50.7779
51.2948
54.3694
52.1877
51.5656
52.2327
53.7574
53.2229
52.9
51.4925
53.1743
53.7073
52.6585
53.7053
54.9581
52.8377
52.7132
51.8609
53.2627
52.1727
52.7271
53.2011
51.5213
51.1003
52.867
55.6296
53.011
51.6032
51.6775
52.5665
52.1491
52.4415
52.5683
53.1368
53.1783
52.6263
53.0525
51.995
52.0642
51.2449
52.3192
51.8679
53.0438
52.4085
54.7163
54.5386
53.3049
54.2784
54.4217
56.0167
52.799
51.8143
50.2662
50.841
53.273
52.7242
53.8065
53.7498
54.3228
52.8609
51.2802
52.948
50.693
51.4677
53.0637
52.3533
51.3147
51.1687
50.2913
50.9462
51.5627
52.6034
53.0435
53.6441
52.0808
54.4393
54.5833
53.8069
52.4823
50.8902
52.4349
53.4906
53.3765
53.0914
51.2728
53.3732
54.2712
53.6426
53.3562
53.4089
53.9678
52.7607
52.6372
52.8153
51.4971
51.6508
52.8053
53.6387
52.938
51.978
52.2237
53.7926
53.6752
52.2723
49.8703
50.5403
49.3196
52.6831
51.5964
51.4571
52.8079
54.3239
52.4756
53.9421
51.7861
52.6118
54.0017
52.3099
54.8779
54.6905
53.6795
54.1381
52.1227
53.5211
52.7597
54.3306
54.759
54.0421
52.5117
51.6403
52.3685
51.7073
53.1975
51.2659
51.9541
52.0594
50.9946
52.5374
54.5099
53.1304
53.8895
51.949
51.4576
53.191
53.2063
51.2427
53.3982
54.6197
52.9605
52.5782
52.8417
52.6945
51.2895
51.7916
52.0479
52.4124
53.2084
53.6802
53.0481
52.0038
53.3184
51.8715
51.9431
53.1821
53.1853
52.4874
52.7515
52.4277
51.329
53.0254
53.2886
54.0436
53.2717
54.9473
54.1359
52.9203
51.4451
50.9624
51.9826
54.0713
54.1189
52.9601
53.6523
52.152
53.0454
50.9877
54.6973
53.2132
53.2126
50.6201
51.6079
52.2729
53.1447
53.7839
52.7202
52.3187
53.9229
55.9518
54.9647
53.6871
51.7064
51.9868
54.182
54.3297
52.6615
51.5338
53.2407
53.9263
52.9235
55.7237
53.6448
52.4267
52.9321
54.6038
53.4342
53.3523
53.9248
56.8347
51.961
54.3198
50.9884
52.6459
54.2707
53.441
53.544
54.5014
54.5359
53.4067
53.6452
52.7273
51.2256
52.4164
54.0875
54.3079
51.5238
51.1741
51.1122
52.5912
53.5271
53.4395
53.6127
51.7091
51.7693
52.5599
52.0058
52.9526
53.4753
52.6568
53.3907
52.6065
52.7044
53.0377
53.2523
52.5166
51.4409
51.6114
51.1684
55.5167
53.9494
54.9634
53.5636
52.8381
52.0147
52.0864
53.3144
53.3627
50.8477
51.7676
53.3208
53.0963
50.7804
52.0952
53.1987
54.3484
52.6717
53.7323
52.7983
52.5649
52.6804
53.079
53.0904
53.7956
54.5874
54.2375
53.956
53.6129
53.2278
54.596
51.6278
54.017
52.9876
54.8425
54.662
53.2237
52.704
52.3199
51.9913
51.7375
52.6673
53.0584
53.2986
53.2037
52.9674
51.5731
52.962
53.3065
53.854
52.0722
53.6109
53.5455
51.5227
51.2848
50.9219
54.3517
52.8903
51.6465
52.4574
53.2024
56.0717
57.0133
54.6211
54.1814
53.906
54.0966
54.8022
52.4127
51.7108
52.5773
51.107
52.3255
52.6966
52.0968
52.815
52.9228
51.9093
52.5658
51.7269
50.7289
51.1186
52.1594
52.566
53.5648
52.3542
51.9643
52.726
51.6831
53.5887
52.8356
52.2417
53.1481
52.2094
52.2628
52.2259
52.1671
51.5695
53.0903
54.1815
52.3474
52.0311
52.6936
51.5056
50.8386
54.0211
51.1183
52.3315
51.7671
52.2903
54.0583
53.6193
53.5012
53.6931
52.9999
55.1669
53.6583
50.8642
50.5721
53.4632
54.5369
53.5118
51.5034
50.9925
52.7159
53.0617
51.6179
52.4123
51.5063
52.835
52.429
52.9456
53.3889
55.002
53.6115
52.7961
51.9555
54.1876
54.147
55.4761
52.6251
50.4199
50.4767
49.9613
53.514
51.3951
53.9385
53.9285
54.9438
53.5265
53.41
52.8441
51.1267
52.1127
52.8998
51.1352
51.163
50.7723
50.6742
53.2857
52.7143
53.2517
54.7853
53.6867
52.6765
52.0395
51.3644
52.5931
51.2536
51.7088
54.0795
53.1728
53.481
53.4292
53.9253
53.3286
53.3867
54.5317
53.5778
56.1444
52.6537
53.0857
52.5563
52.5443
53.2542
52.3619
53.3881
52.6408
52.4607
54.2175
53.2315
53.127
52.0341
52.2798
51.6881
51.945
54.791
55.2776
53.7487
51.9431
52.828
51.1087
52.274
53.0273
54.6607
53.5521
52.8414
50.4633
53.4166
52.0491
52.0185
50.7433
52.8242
51.1434
50.2538
52.3114
53.4216
53.1032
52.6877
53.1075
54.0613
55.0664
51.0283
54.6428
51.013
53.698
52.1074
51.2425
51.7537
51.3047
51.7757
52.979
53.4609
53.4275
52.438
53.0085
52.6574
52.3681
50.701
51.4286
50.8246
52.7923
52.0943
51.8782
52.6789
53.7244
51.2961
50.9816
53.881
53.9601
52.0096
52.3753
53.151
54.8153
53.4529
54.7374
54.4685
52.8621
52.7551
54.8156
52.3274
51.7844
52.663
53.1417
52.469
51.84
53.7878
51.4706
53.1187
52.0227
53.2776
53.8935
52.2192
51.5201
53.4431
53.7499
52.0661
54.398
53.0476
53.471
50.5897
50.7125
53.5019
54.5792
52.0002
51.9573
52.8703
51.4807
52.0667
53.0873
52.5612
53.1785
54.0079
53.455
53.8134
53.3564
54.0523
52.9982
53.1234
54.6841
51.9753
51.8973
51.3517
52.4959
51.2452
52.4777
51.5055
52.7488
50.9478
51.4329
51.6601
51.8
53.7845
53.233
53.2194
54.1097
57.8435
55.5142
54.7043
52.7136
52.5169
52.9147
53.9394
55.2455
54.045
52.9937
52.8066
51.9759
52.1414
52.1794
51.181
54.8751
52.5914
52.2604
51.6881
50.9868
54.0369
55.2119
53.7067
55.7379
52.4011
52.8549
52.8952
53.1124
53.2741
53.8711
54.6239
54.0536
54.6467
53.309
52.5191
53.7715
53.9884
52.6382
52.9719
51.9005
53.7451
53.2502
52.4425
52.3138
50.9949
49.8173
49.837
50.1596
51.3876
51.9563
53.028
53.853
52.0913
51.0977
50.2215
51.8083
51.5809
51.3502
51.7923
53.462
52.3236
53.7599
51.9043
52.7088
52.9216
51.6881
50.7279
52.7495
53.1481
53.6935
53.7374
52.7386
51.7464
52.6069
53.1841
53.8243
53.3673
52.193
51.8844
51.4543
52.056
52.9364
52.8985
55.1331
53.5342
53.163
51.4524
52.6074
52.5185
51.3123
51.2959
52.5156
52.3526
55.3407
54.409
54.5915
53.9156
53.0084
51.8361
52.3651
52.5195
53.485
52.4302
53.1811
54.0906
51.9034
53.3945
53.3005
53.066
51.0536
51.9156
52.8742
52.724
52.3142
53.6917
54.2012
53.5883
50.6304
52.7945
55.646
54.0826
53.6174
51.5952
51.6162
52.3723
53.4482
51.8721
54.2162
54.8665
54.9944
53.4756
53.4372
52.7723
53.521
54.1717
54.0591
54.1759
53.7192
53.0956
53.8187
53.7858
54.0821
53.289
52.2474
52.5299
52.8953
55.0077
56.6482
55.1191
55.8227
52.7549
52.2254
51.8081
52.4542
51.9532
53.1944
53.5808
51.6319
51.167
54.3418
53.0463
51.5983
52.9488
52.2915
50.8004
51.4146
52.8619
54.7404
52.9743
52.4601
51.8158
51.7584
52.5206
53.5296
54.874
54.2472
51.5522
51.8036
53.4034
53.5103
53.1783
54.3621
54.3274
51.8397
52.8487
52.4863
52.6047
54.5325
52.0954
52.6244
52.0803
51.7912
52.5396
52.3465
51.3659
50.4687
53.543
52.9415
52.928
52.6823
53.6805
51.9296
54.271
56.3881
53.8197
52.4038
51.4183
51.0124
51.2144
52.6315
55.7259
55.2716
54.8844
52.845
51.9944
52.5678
52.6152
53.2478
52.2121
51.2373
53.5044
51.0087
52.0667
53.3476
52.7686
53.7771
51.5846
52.5968
52.733
52.7447
53.401
53.2916
53.8484
51.8485
52.7074
51.1095
53.2904
53.8556
53.7204
51.8064
53.0975
53.5146
55.2749
54.6337
53.4374
54.1174
53.5915
53.4396
52.6284
53.7094
52.0448
52.5044
51.4079
52.5348
50.2593
53.1012
53.1402
53.6735
52.1785
54.2949
54.5395
53.4986
53.374
52.4828
53.0285
53.758
54.3994
52.9773
51.1115
52.6238
53.1391
51.9371
51.3238
52.4411
52.7248
53.5014
54.0145
53.087
53.2677
51.4401
51.9825
52.4222
51.0358
51.3587
51.0432
51.612
52.7545
52.8667
51.0023
50.6073
49.7081
52.5893
51.4169
53.8203
53.1104
51.7964
53.3378
52.7227
52.5936
54.2916
52.8144
51.8564
52.5024
51.7557
53.5654
53.2222
54.2235
55.0288
52.2262
53.3355
51.8916
52.3466
52.1268
53.7354
51.9058
50.7455
51.0489
51.9301
52.25
53.21
52.6543
52.4254
53.4067
52.9739
52.2156
51.3999
52.199
52.0592
52.6773
53.3972
51.6614
49.8424
49.4128
52.2113
52.3291
52.2315
51.7661
51.7668
51.8934
51.2449
49.8409
53.0725
52.5305
53.0677
52.3793
52.1508
52.0342
51.5253
51.7352
52.6569
53.7284
53.407
53.9424
53.2752
53.848
52.9749
52.4533
52.853
51.6354
51.6276
51.0726
51.5006
54.1225
51.3066
50.8477
51.7802
53.7124
51.7747
52.4882
55.0056
53.8521
54.0592
49.9255
52.4198
51.7727
52.3524
50.3819
52.3601
54.2541
54.2908
54.1425
51.5488
53.3828
52.3544
52.7103
51.4499
52.2928
52.2659
50.866
52.0739
51.7534
52.8895
52.3585
53.3052
53.2865
53.0484
53.3297
51.5036
50.8654
52.929
53.2723
51.076
52.2073
52.0937
51.2995
51.8053
52.6421
52.2782
50.6024
51.2082
52.9377
51.704
53.3969
53.1175
52.2619
51.9904
52.1262
51.8685
53.7023
53.5442
52.6916
53.4321
52.0431
53.1874
53.6166
51.0661
53.763
52.2154
53.2413
52.6157
52.5596
53.9924
52.8567
50.3629
51.5578
52.1994
52.4762
51.5107
52.5718
51.8612
51.9588
53.8718
52.7214
53.8528
51.4872
51.462
52.3928
52.7118
51.2462
50.9485
50.5267
52.7295
53.9361
53.0824
52.7315
51.8999
54.4081
52.726
52.8276
52.7583
51.3696
52.0556
52.7234
52.6574
54.1364
52.0066
52.239
52.9887
52.97
53.8719
52.6788
53.2207
54.1862
53.0732
53.1128
52.4221
51.7179
51.0601
51.4172
50.2742
52.2624
53.2604
53.4599
51.691
52.5081
53.1082
53.0139
53.4496
53.5201
52.3169
53.5845
52.1969
55.0246
50.747
51.3937
53.8751
51.1736
52.9622
52.9052
49.7132
51.0191
54.5152
54.1471
54.1195
53.4663
51.9707
52.2812
52.3367
52.4287
51.3771
52.302
50.8656
52.331
54.0102
53.2981
52.9892
53.0554
52.7535
54.1009
53.4739
52.2714
52.792
52.7999
53.5556
52.6321
54.8531
53.5805
51.4055
52.8024
51.2014
51.6029
53.7537
54.3993
56.1271
52.5574
52.2635
52.5221
54.6797
53.0138
52.6083
52.6309
53.1088
53.1523
54.9192
54.2663
52.7793
52.5732
51.0766
51.7991
54.9268
53.5556
53.6372
52.863
53.2507
54.3885
52.7473
54.6737
52.5149
51.9452
51.2726
53.2937
53.6444
53.9565
53.0121
52.7065
51.9384
51.3867
51.7199
52.0188
52.1886
52.3568
52.011
52.5001
52.549
52.4354
52.8706
53.6639
53.4319
52.6783
53.7461
52.89
53.5789
52.4075
49.9161
51.9675
51.9138
52.058
53.0527
52.0383
52.7393
52.2724
52.5344
53.0936
54.2594
52.9962
51.4308
50.7166
52.0749
51.6746
52.9071
53.1629
52.5581
52.7489
54.1027
51.1796
51.7105
52.6992
51.9557
51.5386
52.1614
54.2685
51.9877
52.4488
51.6448
51.6242
53.7873
51.3729
51.4158
52.2487
51.6814
51.3308
51.8598
53.4557
52.0805
52.9963
54.4161
53.1639
52.7857
52.6422
52.9146
52.4226
51.8648
52.2462
52.1207
52.4733
52.2886
53.0906
53.1924
52.1794
53.4647
53.0613
53.9125
53.7366
50.9898
51.4669
52.6921
50.7262
52.5477
52.6271
51.6515
53.4973
51.4895
52.9571
54.7784
52.2178
52.2913
54.0992
54.2914
52.1132
52.3624
52.6781
51.649
52.9963
51.3821
53.9231
53.6956
55.0578
55.863
53.1398
50.6357
52.7113
53.6658
52.4584
53.9671
54.0703
51.8079
51.6815
51.5941
51.0738
51.8458
52.052
53.1472
53.1708
52.7024
52.04
52.7806
54.152
51.377
52.6901
53.4563
52.8383
51.7294
51.3982
51.9384
50.7425
51.9551
50.758
51.9202
52.1673
52.6241
52.8249
52.2706
53.3819
52.6022
53.0826
51.611
53.3964
51.8807
50.9142
52.086
52.4046
54.7586
54.3127
52.2806
52.2627
52.889
53.665
52.5257
53.2805
54.1697
53.8258
50.8502
52.1173
52.6654
52.0885
53.1051
51.8472
51.0654
51.8412
51.1821
52.4853
52.5187
51.5581
51.5719
52.084
52.3735
53.4119
52.5901
51.9561
52.6742
51.7025
52.1824
50.9653
53.0784
51.3065
52.1049
53.0538
53.9044
54.5762
55.2822
53.1086
50.8707
52.5192
52.0275
51.4418
53.6595
53.1626
54.5416
52.6708
50.896
55.9197
51.7601
50.6317
51.2131
52.2035
52.1011
53.5797
54.0367
53.9783
54.9233
53.3085
52.4064
52.2261
51.1932
53.1562
53.0206
53.3442
53.1486
50.8868
50.5981
50.8787
52.9504
53.144
52.4104
51.3842
51.5048
52.6222
52.3425
51.3532
53.159
51.2517
51.5917
51.0466
52.3309
51.4768
51.8513
53.4447
52.8847
52.0348
53.0142
54.7134
51.6262
52.5104
53.7448
54.5252
52.7001
52.4446
51.6074
52.7944
52.4371
51.644
53.4877
56.722
54.0583
52.6939
53.8131
51.1811
52.1811
52.0447
52.636
51.1835
53.1675
52.6485
54.5743
53.697
52.1395
50.5661
54.6118
53.3932
56.7155
55.0827
52.8013
53.3488
52.3322
52.6911
52.9261
53.165
51.8013
50.483
51.8364
53.7008
52.648
51.5033
53.5251
54.0998
53.4741
52.1858
54.3716
52.3492
53.2034
52.2969
53.3469
53.9437
54.1908
53.9487
52.1341
52.3917
51.3704
52.088
52.064
51.2552
51.397
52.2627
53.6511
54.8506
51.7063
51.6963
51.1859
51.8648
50.5682
50.8807
50.5596
51.0558
51.223
51.6422
52.8692
52.1578
51.9187
51.7498
51.9914
51.6518
52.7969
54.3535
54.4158
54.0143
53.3788
52.9
52.0726
54.9385
52.5743
53.3251
51.7363
51.4416
51.5343
53.1083
53.2397
53.569
53.3992
51.8653
51.5237
52.4235
52.0452
53.5799
53.2201
54.072
51.3423
53.2635
52.1721
53.7356
52.6725
51.0763
50.8695
50.4029
51.1614
53.4631
54.9773
56.1947
52.2202
55.3252
53.2771
51.3475
52.2035
52.5002
53.051
52.9768
53.5463
51.5174
51.8621
50.1646
51.2524
51.042
52.8877
53.0731
54.1071
51.9746
53.3038
54.6884
52.0052
53.545
51.7635
52.2894
52.8098
52.7804
52.073
53.0522
54.9802
52.3077
52.298
52.5347
52.6426
53.8786
53.8826
53.9363
53.5317
53.4862
53.6094
53.7374
50.6379
52.6482
53.1368
52.7521
54.0827
53.1983
53.1306
52.1299
54.2984
52.0927
51.5532
52.1003
51.1938
50.3863
51.9922
51.4438
50.2964
50.6469
51.3881
53.7496
52.6236
51.6023
51.3686
51.8293
53.0254
54.1167
52.0783
51.8789
53.0093
53.6803
50.9485
53.2468
53.1143
54.7401
54.4367
53.5338
51.4166
52.0413
53.5083
54.8802
52.4447
53.8239
52.6122
53.8368
52.0187
52.5417
52.1689
52.1616
52.4746
51.4011
51.487
52.957
53.4231
52.6138
51.3662
52.4733
52.2999
52.5769
52.0145
51.4984
54.4001
51.9239
51.9556
52.1158
52.277
52.4725
51.9226
52.9025
52.0642
51.7041
54.0943
53.9629
53.4583
52.7072
53.6016
52.7678
53.4334
51.3014
51.2099
52.3785
53.7298
53.0324
51.1892
51.1258
52.8865
51.7448
54.2814
53.8073
53.1878
52.9316
52.8429
51.1224
54.5477
54.1573
53.3683
52.4042
51.8283
50.9704
52.6339
53.2487
50.7977
52.4954
51.4636
51.9759
53.4581
52.5858
51.4905
51.4712
52.1598
51.5569
52.18
51.535
51.7467
52.2771
52.5769
53.2446
54.6645
54.5465
54.8746
52.5897
52.0489
51.8397
50.8982
53.0153
52.3262
51.3925
51.9629
51.5082
52.8312
51.9602
52.3436
50.3965
51.6166
53.3687
52.1842
54.7007
52.8929
53.6902
55.9004
54.4712
53.1001
54.5825
53.8601
54.1566
53.5293
52.3796
53.4368
54.0553
53.7287
53.1167
50.9024
52.4458
54.7533
56.0259
52.3289
52.327
50.7961
51.9263
52.7315
52.7981
53.4388
52.549
53.1863
53.1925
52.1672
53.6987
54.957
54.8143
52.21
52.3606
50.3192
52.5429
52.3051
51.0881
51.2125
50.9714
50.4784
51.0269
52.178
51.1226
52.7821
53.0738
49.6242
51.2481
53.1868
52.8191
53.6124
53.6054
52.4041
55.6443
53.5712
51.4534
53.458
53.7122
53.1665
51.0493
51.7724
52.8077
50.9899
52.2806
52.603
52.5885
54.932
55.0825
53.2351
50.5198
51.2956
50.5671
51.0223
52.6329
53.1381
52.987
53.6083
53.3643
52.4299
53.6365
52.2614
51.5433
52.8168
52.6716
53.4769
54.182
54.0885
53.8481
52.6206
52.0195
52.303
52.0314
52.7412
52.8316
53.1162
53.2908
51.1715
53.4718
53.3466
54.9017
53.5492
51.9846
53.106
52.0597
53.5509
53.0405
52.5314
53.95
53.9651
54.6053
51.9758
54.1196
50.3773
51.8553
52.6613
53.8894
52.014
51.1296
50.5824
51.3832
52.9865
53.6702
52.2082
52.3521
50.4457
52.928
51.8448
52.6288
53.3682
51.2647
50.9123
51.3886
53.0603
53.1084
50.7451
51.9326
53.4154
51.2883
52.9269
52.9085
53.2677
51.7873
53.5012
51.4036
51.832
51.1223
50.2625
54.04
52.0223
52.0096
52.1715
56.323
52.8759
52.1593
51.8682
52.7373
52.9687
53.583
52.5754
54.4195
50.8683
52.631
52.5955
53.1683
53.5597
52.4022
52.1443
53.7838
52.7641
50.9461
52.1234
52.3912
54.1129
53.9755
53.3791
54.1623
53.6524
55.3789
54.3304
55.8412
53.3628
52.5813
51.2901
52.1866
51.5216
51.4941
52.3508
53.8762
55.0887
52.9335
51.9492
51.0018
53.8445
51.3269
52.3326
52.0257
52.5483
53.9837
55.0569
52.95
51.1195
55.7581
54.0037
51.2159
52.3472
52.9164
51.1264
53.0131
51.1244
51.527
50.7495
51.614
51.5231
51.557
51.7831
53.9792
55.2613
54.1529
52.4538
53.5624
52.963
50.8479
51.1728
53.8775
53.2349
53.1788
52.6641
52.7987
52.1792
51.5379
52.5251
52.1225
51.7373
52.3894
51.8706
53.4068
53.958
51.6139
53.7357
53.4728
53.0588
52.134
51.0565
53.2784
54.1105
52.1911
52.5126
51.7463
51.6918
52.2231
51.8697
51.0903
51.8159
55.1312
52.6039
52.3309
51.0261
53.9092
53.1812
53.8502
50.8526
51.4463
53.9091
52.2193
50.6458
51.3997
50.4025
50.6581
52.0038
52.7393
52.6522
51.7952
53.4329
52.5109
51.9505
51.3036
51.6609
52.3771
53.22
52.7993
54.3266
51.6151
51.5676
51.8451
51.9577
52.6585
55.1803
54.424
52.3172
52.5426
52.3263
52.2097
52.0544
52.5844
51.035
52.3824
53.0067
51.62
52.5905
51.8601
51.2024
53.9988
55.0092
51.5169
51.1138
51.0574
52.2329
51.2839
52.1975
52.874
52.1345
52.2757
54.0207
52.1057
52.8427
53.546
52.9454
53.4467
53.5159
52.8591
54.135
51.2137
51.4102
53.1879
54.0336
53.6016
54.734
54.9964
52.8325
52.1928
52.0243
52.3979
51.8272
51.8014
52.9168
51.8271
52.5595
52.5223
53.4913
52.1892
54.8474
53.8421
52.5284
51.9913
53.4724
53.8081
52.2685
54.966
56.0541
54.8805
54.7459
54.0461
51.9443
51.6176
51.3847
50.8877
51.0769
52.0948
50.1736
52.5985
50.5608
50.8919
52.6268
53.2896
51.7435
53.1301
52.7073
51.695
52.3252
53.3463
53.1474
52.747
52.682
52.8282
52.9912
50.8367
51.7532
52.256
53.9778
54.0456
55.4879
53.6128
53.1069
53.8057
53.9787
52.8697
55.1556
56.6356
52.233
52.7155
52.9873
51.448
53.0794
54.0303
52.3451
54.4931
51.9785
54.1457
53.8395
52.4449
54.5465
53.6712
53.7582
52.0114
52.9972
51.3691
50.9843
52.4789
54.6279
53.172
51.9945
50.799
52.8314
50.5163
52.3256
51.5888
50.1472
51.9024
52.7417
52.9624
52.4932
52.0262
51.9166
53.8155
52.824
52.8143
53.8528
54.4642
52.1637
50.4947
52.6497
51.363
52.9314
52.1585
51.2857
52.7865
53.2498
52.2654
52.7305
50.4885
52.5225
54.4187
52.6561
52.561
52.7555
53.112
52.0567
50.5127
51.009
50.4399
51.9216
53.9698
53.0654
52.6806
51.6448
51.9752
53.5047
53.403
53.3272
52.2591
54.1874
53.5003
52.3849
52.3345
51.709
51.9872
51.9991
52.8944
52.1586
52.4715
52.6369
52.5788
51.92
51.5542
51.5199
51.2346
52.0867
52.9207
52.7791
52.2905
52.1368
51.8729
53.2909
54.7855
54.5534
50.9635
52.3676
52.9599
52.8084
51.6658
53.3695
53.2074
51.8149
52.1572
51.7415
51.0444
51.4733
52.5434
53.0379
53.6779
54.8505
52.742
52.0343
53.7393
51.6349
53.4557
52.5512
55.3328
52.0072
52.9652
53.0535
51.6787
52.3603
51.3218
51.726
51.95
52.6481
53.1358
52.6147
52.4362
52.4037
52.8498
53.4082
54.1525
52.9915
53.808
51.6304
52.3871
52.7228
54.2136
52.4089
52.5272
51.0324
51.277
52.884
53.4643
53.2489
55.3246
51.2145
53.4863
52.9497
51.7201
51.6767
53.9365
53.5508
52.1509
54.9152
52.5601
51.9853
52.8474
52.6127
52.5133
52.0041
51.9303
54.8941
52.6496
52.3856
54.1498
52.6588
53.0877
51.4092
50.9842
50.5571
51.3123
52.5853
52.5566
51.8885
51.9156
52.7059
51.4926
51.6455
50.638
51.8527
52.9801
54.4465
55.0814
51.9679
55.0398
56.001
55.4041
55.1272
53.3248
52.6101
55.2469
52.2447
49.9181
53.1541
52.9818
51.7256
53.2632
49.5203
51.064
50.583
53.9611
52.2709
52.5834
51.7791
52.4924
53.2869
53.9664
52.4611
53.1491
54.3295
52.2208
51.1046
50.4761
51.4531
51.8909
50.9103
53.127
53.2594
52.3663
53.7858
54.8222
52.6378
52.2963
52.6887
54.5755
54.1404
51.4699
52.9142
52.6641
53.4823
53.1907
54.7072
52.4247
52.9137
52.4973
53.7019
51.5949
51.514
51.5113
51.4582
53.5243
54.2399
52.2259
53.109
53.5928
52.2424
52.8479
53.0604
53.3647
52.0522
51.8689
53.1867
54.0755
53.0017
53.4448
54.4898
52.7889
52.7697
52.8201
53.2886
53.356
51.5088
51.6554
54.741
54.714
54.9928
54.0105
55.8604
52.6733
54.2461
52.3162
52.5905
51.5436
50.805
52.1418
51.4744
50.4576
52.4311
53.4412
52.9223
53.9184
52.1986
50.6928
52.7768
52.2702
51.7451
54.9421
53.1381
50.0745
51.2404
52.3454
53.2298
52.5995
52.8375
51.6915
51.7959
52.5061
53.2111
52.0842
52.5839
53.0056
51.8615
52.0412
52.0474
52.1615
51.5129
54.2656
53.1921
51.6819
52.3338
52.4597
52.7182
51.2419
51.5717
53.9566
52.2204
52.2577
54.1344
52.9828
53.1409
53.5244
54.1615
52.556
50.5931
50.7759
52.081
53.0683
52.016
51.3189
52.8502
52.5053
54.5557
54.2972
51.1435
53.4177
53.0346
53.1703
53.2475
52.4241
51.6135
52.2787
52.5142
52.7656
52.5383
55.1036
54.3392
54.04
53.5406
54.1111
54.9411
52.7218
52.4547
51.8734
51.0682
51.1422
54.268
52.3515
51.2255
50.0497
52.4468
53.9728
53.5594
54.2316
54.9235
51.2827
52.1408
53.2852
54.8649
54.9365
53.0748
51.419
53.2688
51.3844
50.5309
50.4814
51.5717
53.431
54.27
53.4694
53.197
52.1053
50.2075
52.3467
50.926
55.7044
54.2847
53.4699
52.2055
52.8957
53.1148
53.0928
53.1451
52.4401
52.1567
55.3164
52.7651
52.6859
52.8202
51.8149
53.3677
52.5853
54.47
53.5099
52.1123
52.7701
52.2883
51.1393
53.0439
52.9965
55.4081
55.9477
53.4961
54.2546
52.3288
52.9428
54.2218
52.9645
53.6137
54.4176
53.8572
53.648
52.0101
52.7427
52.4196
53.4428
52.8894
52.01
50.1814
50.6633
51.9196
50.7266
51.2321
53.3891
53.0902
54.0952
53.9474
53.0807
56.2493
52.1152
54.1715
52.1975
55.2782
53.7385
54.925
53.5501
53.0908
52.6463
51.886
51.4289
50.3311
52.3045
51.3933
51.1076
51.298
52.6986
52.7218
53.5635
52.6007
50.8926
52.6158
50.7603
52.6672
55.1563
52.2865
52.8375
51.9466
53.7145
51.5087
52.7009
52.5969
52.3336
51.6792
50.9986
52.6544
54.1099
52.3269
53.042
51.9533
53.1334
52.5975
54.2421
55.2615
54.6163
52.4482
52.1624
51.6148
53.0691
52.278
52.6685
52.069
52.685
55.9464
54.3807
54.5468
52.2135
51.599
52.7605
55.1931
53.5129
53.2569
53.2307
53.5258
53.954
52.7484
53.5802
51.3197
52.6099
52.0015
51.556
51.6568
52.8973
53.1819
52.313
52.5392
54.0784
52.1265
51.7199
51.3328
51.5313
54.8799
53.9724
53.5568
53.2718
52.8549
53.1703
52.9801
51.816
51.8308
54.1697
52.8551
52.8665
51.3568
51.0195
52.7923
50.4139
53.0117
50.9262
52.8664
52.9305
53.5275
54.2517
53.1613
52.6143
51.3052
53.6071
52.1446
52.7481
50.89
52.3372
52.1624
52.625
52.5452
53.9194
53.5772
53.2106
52.7115
53.2355
53.9759
52.3901
53.3785
52.9759
51.6925
51.5913
52.3699
52.7585
52.3945
53.2335
52.2246
52.53
54.379
52.753
51.5616
52.0195
52.6987
52.2306
52.8924
54.0497
55.4723
54.3729
53.5462
53.0682
52.1371
53.0374
53.2052
49.5189
51.4134
51.3615
52.6181
51.9517
52.3561
52.3098
52.2469
