162.781
156.311
144.57
135.805
130.81
129.163
127.275
124.705
121.039
117.212
113.016
109.967
107.152
105.635
101.918
98.9366
96.3686
92.5867
90.5862
89.2937
86.6957
85.2947
85.0907
84.5692
83.8831
85.0582
82.7533
81.2562
80.1292
79.9318
80.0056
77.938
77.9574
77.7864
78.5566
77.0742
77.8759
77.7644
78.1689
78.6669
80.1731
81.1652
78.3799
79.1701
78.6557
78.4965
76.857
77.1927
76.2298
77.5405
76.1456
75.8672
73.3673
72.7363
74.2269
73.0659
74.0559
75.8936
75.7845
74.6874
75.285
74.4934
73.1752
72.565
73.9242
73.8986
72.9477
68.0098
67.4951
67.8359
66.9207
66.2449
67.4741
67.3159
69.1293
67.4134
66.4933
65.9766
67.4263
67.4456
67.5924
66.5643
66.8912
68.919
67.8244
67.5142
66.1419
65.1514
68.7849
66.7806
67.0864
65.507
65.1982
64.5585
64.6629
64.8801
65.1508
66.5535
66.1841
66.3815
63.9179
63.5482
64.1216
63.0602
62.3806
62.9455
63.8297
62.1403
63.5746
61.2414
61.1593
62.6268
60.9786
64.7084
62.0056
62.0262
61.3244
60.5412
59.1604
58.5736
58.6969
57.8329
57.7402
58.1504
59.6338
60.2986
62.7476
59.6617
59.245
59.0623
59.6913
59.991
59.7611
60.0986
57.4171
56.7247
58.7913
58.6521
60.3822
58.8167
57.7935
58.982
58.4666
58.322
60.2683
58.7734
59.7436
60.4408
59.1495
59.3517
59.8577
60.132
59.5877
60.383
59.6545
58.9766
58.3621
59.871
58.3183
59.2043
59.3455
58.78
58.7854
58.0177
58.7875
59.8426
59.6031
57.6432
56.3969
57.3922
58.4103
57.9248
58.5912
57.0109
56.2547
55.5145
55.8253
56.2463
55.6325
55.8909
54.9943
54.849
54.6181
57.0745
57.6579
58.5911
56.3513
55.4291
54.9656
56.4799
56.1495
55.6017
57.2167
56.081
56.4085
56.8925
56.6709
55.1024
56.0165
55.3156
55.869
55.2435
56.089
54.8983
55.4147
52.5553
54.1244
55.1018
55.82
53.8832
54.6945
55.8637
56.8631
58.4657
58.6341
56.5717
55.7691
57.3047
57.4209
56.0007
55.868
54.8522
55.3458
57.3832
58.0526
55.127
58.3886
56.74
55.9652
54.3452
54.4207
56.3561
55.7328
54.8189
53.8434
55.1918
54.6757
53.9522
54.4368
55.6901
55.675
54.0113
53.8447
55.2063
54.3515
53.2527
54.3582
55.269
54.5586
54.3799
54.8078
54.9113
55.6079
55.9944
55.5284
57.3062
54.9031
56.3684
55.8952
57.9012
54.8931
54.8864
53.2231
54.9069
53.7519
54.439
53.6351
53.8254
56.2632
54.9489
53.9734
54.5609
57.2161
56.4191
55.6115
55.167
55.5239
53.8768
54.3769
54.4383
53.8779
54.0668
53.714
52.2813
55.069
56.537
54.6787
54.1764
52.3815
54.1584
54.0718
54.1278
54.7837
55.1453
55.6301
54.7783
55.2648
54.053
54.5674
54.0977
54.5464
53.7231
54.9732
52.6742
53.563
54.1948
52.1866
54.9854
55.8701
56.4065
55.5108
55.4226
55.425
52.8183
53.1047
55.0829
55.9864
57.5285
55.6691
54.8519
55.5726
55.0694
56.0081
54.4902
52.6095
54.0727
54.0843
53.1262
54.7634
53.6344
54.5075
53.783
54.5401
54.3145
54.8605
55.9289
56.5564
55.6069
55.308
54.7428
53.9419
55.8234
54.8171
55.1339
55.6546
54.2831
55.004
53.8454
53.7093
55.4438
55.3323
53.3874
54.2834
53.7455
55.4198
55.8717
56.1699
53.3746
55.5185
54.109
54.867
54.487
54.7969
54.8357
54.3451
55.1271
53.4079
52.9083
55.3125
54.1896
54.1906
52.2784
52.0849
53.1467
55.6635
55.2769
56.3927
56.6334
55.1271
56.1569
57.5782
55.9561
54.4425
54.0933
54.3092
53.2265
53.9373
54.2365
54.0233
53.3121
54.5204
54.6551
53.6566
53.8926
52.7471
53.5665
54.705
54.0444
52.8732
54.1334
53.5551
54.4061
52.7915
50.2841
51.9433
53.3056
53.7083
52.6568
53.2803
54.1094
52.7616
52.9423
50.9656
52.0485
51.4877
52.738
53.1979
54.6231
53.7877
52.7293
54.0364
50.7254
51.7019
53.2081
50.519
50.7474
51.9633
50.5152
52.2289
50.8926
51.0965
52.1471
51.8859
50.4791
50.6625
50.0021
50.065
52.2001
52.7217
51.1706
51.467
50.4255
51.4503
52.4545
53.0394
51.242
50.7732
50.9611
50.8147
50.3981
53.0854
52.8568
51.5248
53.4176
51.5621
51.6304
51.3458
51.8748
52.9293
52.8851
53.1006
52.6422
51.9931
51.9146
53.5748
51.6296
50.2518
51.0494
50.4483
51.5041
52.9553
52.4467
51.9462
52.6075
51.0277
52.2841
53.7346
51.4498
52.7254
51.2368
51.9256
50.8318
51.8425
53.9967
51.3487
49.6938
52.7443
52.1389
51.1653
49.3431
49.9382
51.2549
50.4097
50.2838
50.4458
50.151
51.5769
50.6813
52.7636
53.2591
52.988
52.5019
53.0233
51.1131
51.9042
53.8721
51.9433
52.0378
51.6821
50.8125
50.1761
52.4914
50.1689
51.8943
51.9192
51.7827
52.3884
51.3806
50.0874
51.7195
50.4857
50.1871
49.0895
51.204
52.005
50.8024
51.8565
52.7819
53.3515
54.1566
52.2049
51.2315
51.7933
51.0904
54.1768
51.7304
53.3776
50.2348
51.469
51.4903
53.5264
54.1986
53.6512
52.6479
52.9704
50.9191
51.4232
50.6419
53.0659
53.7885
49.4497
50.7059
49.9555
50.8352
52.8622
53.866
53.3997
52.4117
51.0477
51.4003
50.7654
50.6458
51.1731
51.6182
51.6473
51.6729
52.5306
51.7636
52.1649
51.7639
51.5011
50.0384
51.5293
51.9858
50.867
49.9779
50.6614
50.5329
52.7258
52.4353
53.1389
52.0217
51.9703
54.3536
54.3673
52.9577
51.5535
52.3335
54.0159
51.2242
51.7607
50.744
50.3684
50.8306
51.5312
50.6225
50.9267
49.5981
50.5882
51.4328
49.9808
50.8936
53.0237
53.2589
51.5161
51.4349
50.0733
49.6267
50.6086
51.4488
51.4504
54.0317
51.7101
50.1535
52.2806
52.3995
52.6252
51.3345
51.8948
54.6177
52.8203
53.7877
51.7296
50.7007
51.8027
51.0355
52.4237
51.6502
51.7896
50.8173
51.5135
52.1546
53.2894
50.3159
53.0573
52.6032
52.7876
51.7232
52.3585
50.799
50.762
50.7832
49.4455
49.9713
51.4804
51.7635
52.0698
52.878
53.4299
51.8546
50.8726
52.0704
50.5469
51.1699
52.7504
51.9168
51.0488
53.4849
53.23
52.8109
51.685
49.2984
50.8449
52.9703
54.2428
52.6514
52.2134
53.6466
52.6171
51.783
53.1567
53.734
52.1921
50.7225
51.4786
52.3547
51.819
51.4164
52.1359
54.7006
54.4082
51.6091
50.3549
53.582
52.8855
52.8753
54.6251
52.7135
51.6629
50.3245
51.6613
50.6863
51.7922
53.783
53.8971
52.906
53.2315
52.5795
54.0973
53.9236
51.1736
50.0583
50.1713
51.7377
52.5015
55.4822
55.4131
54.3307
54.4995
52.7975
52.464
53.7697
54.2594
51.1851
51.9604
50.2321
50.8231
51.1223
51.0152
52.731
53.4121
54.6355
51.0632
52.0309
50.6777
50.0438
52.186
52.2611
52.8724
49.9789
50.0116
49.7184
51.9231
50.874
51.0367
51.9046
53.0383
51.7147
50.0774
50.8592
51.2673
52.4587
50.118
50.5005
51.6077
51.3157
50.4649
52.6165
53.2548
55.2417
52.7686
51.4881
52.7847
52.7206
52.2982
50.0918
51.5885
53.9298
51.3041
51.0633
52.1073
51.3249
51.0696
50.4521
51.5923
50.792
50.3511
52.0387
51.9111
50.5428
51.4879
51.0915
51.4569
52.0731
50.6202
54.0216
51.4889
52.7549
51.9258
50.3074
50.6196
50.3246
52.9724
52.0176
51.5523
49.7776
49.029
50.5144
53.0583
53.3458
51.8397
51.0887
52.129
50.5129
53.5549
53.991
53.3805
52.2323
51.0909
53.0213
53.411
52.0473
55.1786
52.464
52.5586
53.5463
51.5754
50.2881
50.9392
52.0789
50.6227
53.6195
55.0314
53.9594
53.7181
54.5104
51.9979
51.5629
51.7131
50.371
51.5783
51.9665
52.9831
52.6381
50.3812
51.3202
51.0572
50.7018
53.7056
53.3522
52.8345
52.4966
50.3475
49.0142
52.8009
52.5959
52.0281
51.3638
51.8293
53.8068
50.9344
52.9018
52.7322
51.2818
52.4655
52.4273
54.5019
52.6578
52.5906
53.3069
53.6377
53.725
52.3014
53.4827
52.2282
52.8993
54.4553
53.4001
52.6707
50.7296
53.5572
53.9632
52.6168
50.944
51.3374
51.0178
51.6126
51.0057
49.5722
51.4834
52.3062
51.9263
52.54
51.1753
50.7807
50.9613
50.6723
51.3151
52.283
51.2573
52.055
52.3406
52.0542
52.0803
53.1494
51.5794
50.628
52.0084
52.9269
49.4991
52.0217
49.9697
51.2232
50.5453
49.9022
50.1285
51.291
52.4404
51.7461
52.1156
52.611
51.5506
50.2602
53.2179
51.5371
53.0485
51.6899
53.645
50.13
50.7291
51.6337
51.872
51.647
51.9366
51.3339
51.5379
50.9019
52.3709
52.1362
51.7063
52.7694
51.6495
52.97
52.9995
52.5549
52.2316
52.0717
52.3155
50.3689
51.7857
52.4981
53.2627
51.841
52.7503
52.3042
51.5441
51.2812
52.5128
52.2832
49.8007
51.356
50.4725
49.689
51.1825
51.5134
50.0774
52.016
52.6699
51.0963
50.4085
50.7648
51.916
53.9738
52.2809
53.4422
52.5475
51.475
52.9167
53.0417
50.079
50.4096
49.1903
50.8651
54.0834
51.9019
52.3758
52.503
52.3056
52.3533
52.8741
50.2308
50.0667
50.894
51.7225
50.6755
52.5428
52.8104
53.0628
51.5221
53.2428
54.7852
51.7091
50.3413
49.7224
50.5265
50.3817
52.4767
51.5432
51.9908
51.6876
51.1375
51.3843
52.1905
51.927
51.4248
51.0394
50.8031
52.1423
51.9955
51.722
52.5335
52.4915
52.7233
52.925
52.2568
52.7194
50.1617
51.0164
52.3232
52.8136
51.6821
51.8971
51.0044
50.8093
51.1576
53.296
51.5622
53.1522
52.0304
53.4112
49.9368
51.7829
48.6407
49.7188
50.6873
50.8633
49.7653
51.9133
50.6226
49.0963
49.925
49.8476
53.0876
55.0058
52.0392
54.027
49.9003
51.1345
51.6838
53.3618
51.4567
51.1668
50.742
52.382
53.4962
54.3719
52.1262
53.8967
54.4873
52.5557
52.0998
51.5581
50.9844
53.9941
52.4756
50.8591
50.7673
51.6291
51.2796
52.3234
52.2572
52.1527
51.1605
52.0966
53.0166
52.977
52.9735
54.1737
53.4553
52.0813
51.3506
53.1275
51.8179
52.2596
52.4496
52.5823
52.9455
52.7952
50.9368
51.898
51.3608
52.5434
50.6716
52.041
50.9659
50.55
51.6319
52.5496
52.1102
54.7221
53.2706
52.6551
51.3499
50.8703
49.7546
53.1038
51.6308
50.9478
51.6678
51.9135
51.9993
50.7929
50.6917
51.2049
51.803
52.1115
54.0832
54.6439
51.6389
52.4178
51.3314
51.3133
51.4757
50.7959
50.7964
51.3025
52.261
52.5788
52.7709
52.9297
51.0824
53.4954
52.0352
50.8375
52.8316
52.4986
54.0668
52.3758
51.667
51.8458
53.8186
53.2841
52.2772
50.3332
51.2034
51.4304
51.4464
50.2422
49.3527
51.6453
51.1111
49.5623
52.4864
53.3405
51.3825
52.0759
51.3866
52.1775
50.9302
52.3958
49.7511
50.1078
50.7547
52.2262
52.0081
54.3758
53.8363
51.5115
51.625
50.8066
50.7272
51.5913
49.9327
51.179
52.7929
52.8251
50.6355
50.6486
53.0841
54.6528
54.3711
53.3028
50.5138
49.8744
51.864
50.7788
51.4886
52.042
50.8494
51.0087
51.1481
51.914
53.0216
51.3044
53.2907
53.4645
54.6708
51.2904
51.6923
51.8842
52.0105
52.1414
50.0809
51.367
52.6998
51.9229
52.296
54.0591
53.5934
53.8343
51.6811
51.7176
53.9251
51.7225
50.5372
49.7647
49.9144
51.5316
52.6757
50.8163
51.2928
50.3543
51.2503
49.7191
50.4655
51.8467
51.6564
51.5923
52.1745
53.0513
52.9073
50.9818
50.6016
51.789
50.6997
50.749
50.3777
50.7854
52.9702
51.2513
53.9636
55.1092
51.0278
52.9182
52.7892
52.8483
52.265
50.7099
52.0476
53.2048
50.8878
50.6517
52.994
54.1819
53.9177
51.2248
51.4847
54.0943
52.9185
51.2763
53.4457
52.5496
54.8375
53.0478
50.4003
51.9335
50.5072
51.9853
50.6664
51.735
52.1495
52.6061
53.6735
51.5345
49.8236
51.8575
50.8805
50.9301
51.9493
53.1922
52.0955
53.45
52.4775
50.2196
50.6785
52.1101
50.5236
51.9306
51.7062
50.8651
50.0481
50.7607
51.9572
52.5899
53.0952
51.1176
51.3773
51.6686
54.1738
51.6847
52.7979
52.4758
52.6206
50.4617
53.7641
55.2245
53.1742
51.9938
52.3268
52.542
51.1295
51.0379
52.3717
50.7743
50.3673
50.2749
51.8743
50.0921
49.0422
52.3086
52.0373
52.2998
51.2812
50.2158
52.0202
53.7702
53.0262
51.7465
52.2551
51.7212
50.7222
50.5163
50.7048
51.9189
52.4114
52.7158
53.6927
50.7484
51.0298
50.581
49.6187
50.5354
50.7256
51.8434
52.1784
54.6772
52.6011
52.6171
52.2957
51.0865
50.855
51.1109
51.3891
53.5044
53.0874
51.009
52.1689
51.2371
51.2141
50.2413
52.697
52.7495
53.3288
54.5622
51.5527
51.6934
52.0635
51.7964
50.9968
52.2565
50.2476
52.4359
52.2154
52.1581
50.7253
49.7553
49.1012
50.8881
49.9715
50.3692
53.1743
51.4772
51.4736
51.2622
53.6266
52.5784
50.0281
50.7049
50.4886
50.0395
50.4792
52.0324
50.6556
51.8114
51.798
51.5953
51.7183
50.9809
49.9342
50.4502
50.1631
50.8535
49.7302
52.6068
52.8641
54.8963
51.3076
52.7608
51.2301
51.9511
52.6337
53.2432
53.1105
50.9424
52.2879
53.1934
52.6251
51.6457
51.1513
50.2683
49.4875
50.1903
50.8064
49.5022
51.0438
52.6546
50.3184
51.3638
50.142
52.4289
51.7925
51.3538
49.9902
52.7543
50.3334
51.4153
51.9391
50.5234
50.3725
50.5496
52.6224
50.874
52.521
52.0476
52.0806
53.644
52.5857
50.8397
51.8593
50.9837
50.5214
51.015
52.0628
52.9197
55.0533
52.5203
52.23
52.7726
53.9407
53.1941
53.3256
51.7553
51.6462
54.0537
52.4272
54.1301
49.7413
51.0995
50.9595
50.4744
50.2781
52.1452
50.9728
51.6004
52.9307
53.9455
53.5718
52.1035
52.8225
52.7797
52.9031
52.3234
51.1737
50.9588
51.8424
52.3201
51.2653
50.7887
51.259
51.0825
51.1515
50.4189
51.4027
50.1164
50.3509
49.6933
49.1089
50.7555
52.3264
54.2712
50.7116
50.5887
51.4418
51.734
51.3765
51.5675
52.2546
51.5464
52.1471
49.7978
50.8091
50.4113
49.7533
51.3593
50.9265
51.4228
51.0115
51.0655
50.9905
51.2399
53.0665
51.7958
50.4473
50.0062
50.7434
50.7858
51.3682
51.2127
51.9564
53.2778
52.4894
52.9608
51.6104
50.1806
50.7486
50.8656
51.0179
51.6212
53.2303
52.5876
50.8112
50.4711
50.1049
50.2678
51.5427
49.7004
49.841
51.3806
53.9374
51.5379
49.9114
50.0058
51.3971
51.1618
51.2569
52.2858
50.0884
51.0214
49.2255
51.128
50.6316
50.6778
51.2996
51.3415
53.1659
52.5456
49.8521
52.8906
51.1659
51.8669
52.426
51.2086
51.7144
51.3888
52.3305
50.3026
52.0546
50.9458
50.8066
51.4026
51.8594
50.4157
51.0172
49.5056
51.9017
51.4077
53.4264
52.1722
51.8445
50.9282
50.7902
50.0858
50.8939
52.5872
53.1445
51.8724
51.9578
52.2967
52.1088
52.5614
52.419
51.2479
50.93
51.7367
51.3643
50.9543
51.5761
51.8856
53.5919
51.7484
53.6475
52.5373
51.6536
51.6456
51.8695
52.7651
51.142
50.3303
50.4774
50.9242
52.337
54.2502
51.7201
52.436
50.6127
52.3878
51.9464
50.7998
50.9799
51.3958
53.0637
52.5112
49.5821
51.2276
52.1746
51.2322
49.2371
50.0555
53.4871
51.9873
51.6141
52.718
53.6461
51.9667
51.6942
50.9172
50.3982
50.9536
50.5317
50.6968
52.0385
50.6837
52.0899
50.3363
52.5149
52.356
53.6146
53.3807
53.2107
52.2974
51.7769
51.211
53.4623
52.4563
51.6735
52.1944
51.7567
52.498
53.1352
52.6098
50.7874
52.9046
52.0232
51.4785
51.0217
53.285
53.2003
51.5294
51.3648
51.7943
53.0126
54.5299
53.3453
51.1176
53.4328
51.0113
51.7077
50.8695
50.9001
51.5153
52.4983
52.3923
53.0739
53.2765
53.0601
53.0492
51.2653
51.3182
51.9783
51.032
51.7076
50.7369
50.3961
49.9964
51.4945
51.9399
51.7352
51.8456
51.6301
51.905
52.039
49.8857
51.5083
53.1476
50.3452
50.4678
49.7605
51.6796
50.3886
49.3521
50.2376
50.6919
52.6747
49.7275
49.1521
50.0383
51.5829
53.0745
51.9244
49.531
50.0775
52.3262
52.4054
52.0601
55.2088
53.4187
54.0845
54.4432
52.4439
53.4549
50.5283
50.7158
52.2888
51.9737
51.1858
51.3831
50.0372
51.4027
50.3568
51.2493
51.1657
51.31
51.3343
52.606
50.8567
50.2639
50.2587
52.6222
53.5111
52.9081
52.5862
51.2662
52.3086
51.1282
50.6486
50.5803
50.6833
50.5938
49.8485
51.7551
53.9826
53.5503
52.3533
52.1506
53.7252
53.1182
49.8663
50.8831
49.8246
51.599
53.0392
52.1877
53.4097
51.298
51.6406
49.3597
51.6496
50.648
51.0959
50.063
49.8923
51.0253
51.2639
51.3732
50.9941
50.8082
52.0895
50.5466
51.0793
51.1977
51.0981
51.6053
51.2628
53.5017
52.4551
50.7814
50.2963
51.4594
51.8257
52.3745
53.8851
53.587
53.8274
51.4078
52.2629
50.867
51.1501
53.3776
53.3414
52.4082
53.9349
52.2135
50.0044
51.9307
53.1642
51.0352
51.1393
51.4113
50.591
52.5232
52.2863
52.1813
50.2794
50.5421
52.0102
52.0465
50.9803
51.2811
50.9291
53.0326
51.6171
52.3959
52.0717
52.8804
50.5269
50.601
51.4083
51.9489
53.1386
52.8474
50.8127
52.0916
51.5409
51.7086
51.9321
51.7612
51.3576
52.1656
51.1745
52.0881
51.2464
51.1803
52.2035
51.1647
53.316
53.6138
52.4022
50.2322
51.6995
51.7474
50.0929
50.1654
51.1614
51.2104
52.6709
52.7836
52.5156
52.8923
52.5873
51.7524
51.3852
52.5996
53.0784
54.9822
55.407
52.3946
51.2248
53.5335
53.6014
53.4462
51.6706
51.4265
50.6626
52.1994
53.3585
51.7333
50.0671
50.6171
49.9979
51.4225
53.8487
53.1168
53.4138
53.9518
53.0743
52.5472
51.3062
52.001
51.1136
51.1592
52.2961
53.7049
54.0769
52.0708
54.1675
52.5058
52.7003
50.7895
51.377
49.6932
51.6976
50.7954
53.143
52.1533
50.783
51.4608
49.4853
50.9438
52.3755
52.057
54.0227
55.3272
54.6966
53.7376
52.9678
51.7688
51.4866
51.5436
53.1291
52.9881
52.6308
51.5394
50.5883
52.5923
52.836
53.8
51.0483
49.4172
50.7987
50.555
50.3573
51.7839
52.4336
49.9122
50.8673
50.5786
49.791
50.3768
51.0618
52.1572
52.535
55.9675
56.2523
55.2594
53.8735
51.7417
51.5363
53.644
53.9766
53.3557
51.0047
51.6423
50.7066
51.5115
50.6612
51.1919
51.2623
50.9609
51.1054
51.055
50.4843
50.7866
50.2167
49.5291
51.4818
51.2395
50.3792
50.9741
53.2598
51.6929
51.4147
51.3843
52.2543
50.99
51.3119
53.0494
53.2341
52.5714
52.1298
52.5334
53.1487
51.16
52.1177
53.9742
55.5661
53.2621
51.594
50.3913
50.8782
50.5747
49.4789
51.521
50.8095
53.2099
51.7158
51.0851
49.7257
49.3924
50.4373
52.4906
51.8195
49.7905
51.2242
51.5741
52.4742
51.7878
52.4443
50.2202
51.5942
52.6495
52.6557
52.1699
49.8138
52.0672
51.7646
52.9256
50.4193
51.6959
51.087
51.318
49.873
51.7868
51.6821
51.9881
51.4859
51.2316
52.4205
50.0835
52.9551
53.7187
54.7654
53.9193
52.9356
50.772
50.1663
49.771
51.4579
53.4264
54.1716
52.7013
49.9939
50.6604
51.3328
51.5581
51.8013
50.0758
53.4789
51.2163
52.8085
51.1416
51.7167
50.9936
51.1719
51.1984
51.9672
53.7989
53.2092
51.0745
51.4789
53.9197
52.0201
52.2886
52.7736
52.6952
52.1949
52.2689
51.5465
54.7352
53.129
53.2151
52.9114
52.3524
52.4435
53.0567
51.7467
51.2229
50.3075
51.1953
53.5173
51.7739
53.9239
53.4601
52.6082
51.7742
51.8734
50.4954
50.47
50.8637
52.5173
53.1294
52.6739
51.0131
51.1769
49.7454
50.5089
52.7418
53.7017
55.6444
54.8907
54.1905
52.9498
53.5118
53.4557
51.9811
51.5415
53.2018
51.2784
51.3923
49.7439
49.2627
49.5512
51.8755
51.749
50.2908
51.2178
53.564
51.4237
51.5098
51.0081
52.7801
51.8947
52.4259
50.6583
51.3701
50.3698
50.3973
52.1908
51.2818
54.2235
52.0383
53.9936
52.6984
50.6749
50.6669
52.1126
50.647
49.6853
50.0131
50.206
50.0156
50.1639
50.7984
49.8296
51.1062
50.4063
49.7841
51.4243
52.1304
49.4212
50.4909
51.3316
49.9695
52.3255
52.0642
51.5585
51.5825
51.0512
51.2855
50.5729
49.8086
50.9314
50.089
51.2818
51.0999
51.5389
51.9612
52.5769
52.6276
51.8365
51.5603
50.8635
52.55
52.043
51.1173
50.7852
51.62
51.0185
51.7389
50.043
52.4784
53.2455
52.1883
51.2564
50.0919
50.7131
52.8552
52.4886
51.89
50.8478
52.8907
51.5831
51.2721
50.922
49.8091
49.7509
49.9707
52.8861
52.7784
51.4409
50.4829
51.0263
51.7789
51.1214
50.2052
52.5924
52.7416
52.4956
52.7275
54.3134
51.8437
49.7189
49.852
51.9646
52.242
51.7032
52.4341
52.6578
50.6745
49.9852
49.5378
49.8962
49.7467
50.8429
52.1958
51.2476
52.7916
51.1766
51.31
52.3759
50.0902
49.4298
50.9229
50.6275
50.7048
52.2201
53.4518
53.9171
51.3444
49.8547
51.4523
53.288
51.2089
52.1484
51.8273
51.7194
54.6966
52.9924
50.9546
51.2766
51.1696
51.0262
50.7316
51.1273
51.1739
51.6706
52.1421
53.8306
52.9836
53.0141
52.8015
52.6125
51.7192
51.8875
53.1021
52.9786
53.5976
51.9749
53.0512
50.9562
51.2693
50.0345
50.5999
51.0841
51.6434
51.3903
51.5036
52.6978
53.3149
51.1211
53.4838
52.5179
53.0135
52.9788
51.4045
53.8504
51.1785
50.5124
50.146
51.8482
51.1151
52.5929
53.0428
51.1314
51.4419
51.6308
53.7989
52.2178
51.6613
50.7664
50.4573
50.9774
51.9738
54.1872
55.0629
53.7516
52.2319
53.4947
53.6794
51.243
50.5684
51.6028
50.8641
52.3002
53.7063
52.4716
52.113
52.1476
52.1279
52.5867
50.7217
51.4862
52.2089
53.1796
51.9501
51.4399
51.6654
49.9084
50.8705
50.9543
52.1107
51.6048
51.3017
52.8428
52.1641
53.5222
52.6701
52.9351
51.3387
50.7736
51.9184
53.2213
50.6738
52.1469
52.9059
53.8271
53.3899
52.2227
53.1439
52.7154
50.9574
49.839
49.493
50.8615
51.2684
50.9841
51.1955
50.0871
52.0798
53.1519
53.8752
52.1315
52.4031
53.8234
53.8729
55.876
54.7605
51.8286
52.6463
51.0287
51.1181
50.7731
50.5333
50.0125
49.6185
52.1753
51.6153
52.3171
53.8046
54.0403
52.4179
54.5299
52.9636
51.9156
51.274
50.7518
52.4329
51.9183
50.4163
50.2457
51.1049
51.5949
53.4591
52.647
50.9271
51.2765
51.6015
51.3461
51.5591
53.2963
52.1313
52.913
52.5799
51.5283
51.77
53.9832
51.9649
50.207
51.6692
53.1783
52.5424
50.1208
50.0512
49.7592
51.5831
50.0232
50.8831
50.958
52.39
50.9855
53.5796
51.7142
52.1523
51.5773
51.468
50.6401
51.8496
51.7085
51.9792
51.459
51.1672
51.6267
53.4189
53.8783
53.3488
54.6099
53.4615
52.5397
52.5902
50.839
51.3657
49.9436
50.5859
51.0308
51.799
52.2502
50.9322
50.862
52.6525
53.5137
52.0478
50.4702
49.7688
51.8555
53.2699
52.3977
49.8667
52.2961
50.3851
50.8789
52.016
51.9167
51.2684
51.9636
51.5842
51.4118
51.1718
50.5842
50.2209
50.6131
50.7675
50.2717
51.8868
52.5903
50.6259
49.373
51.8778
51.6036
51.3687
52.3749
52.7308
53.3842
53.3583
52.8631
51.1532
51.0162
53.2245
50.8978
51.5272
52.1869
51.3039
49.78
48.6818
49.5998
49.9162
50.5521
51.4867
51.2648
51.752
53.3159
51.2531
51.1398
50.2539
51.5433
51.8007
52.3002
51.8967
50.4689
51.868
51.2584
50.7244
48.8212
50.4992
50.9069
54.4683
54.0271
53.9072
53.1654
51.7674
50.7299
50.6846
52.2274
54.1182
53.0398
53.4992
49.3966
52.9504
54.3314
52.2102
50.6767
50.2805
52.0001
50.9005
54.1889
51.3008
51.7604
50.8154
50.7031
52.8079
50.6395
52.2742
51.3415
52.6804
52.1182
51.557
51.4542
50.6302
53.6411
53.0013
51.714
51.6227
51.293
53.1264
54.9266
53.2165
51.6166
52.8152
53.0278
54.5571
52.8917
51.4286
55.4085
52.624
51.168
50.865
52.1322
51.5608
52.0697
51.3519
50.3955
53.2016
52.8209
51.7983
52.456
50.0958
51.4473
51.189
51.9917
51.7608
51.1611
50.5853
51.6369
51.289
51.6563
50.7325
50.992
52.3
52.8153
50.6552
50.2295
50.372
51.2358
52.9931
54.7354
52.3801
52.1131
50.47
52.1689
51.7901
53.1609
53.2666
51.3656
52.892
53.4762
52.6648
52.2492
54.6475
53.0633
51.8004
51.1161
48.6275
48.8462
51.2995
52.1735
53.0858
52.5698
52.4025
52.5481
51.8373
51.5951
51.1379
53.2666
53.5187
53.585
51.5409
52.9662
51.0238
51.4007
52.1566
50.9003
51.3316
51.1601
52.2318
50.963
50.364
51.203
53.2611
52.7321
52.4284
51.2367
51.0721
51.1285
50.8404
51.6319
54.1185
53.306
52.6867
52.9633
51.228
51.2736
52.3792
51.4347
52.6424
53.0647
53.8878
52.1671
51.3141
52.22
53.6459
52.4082
52.99
50.9934
49.3431
49.475
49.6239
50.8385
53.6722
52.4442
51.9769
51.8167
52.9076
52.9813
52.7567
49.4767
51.08
50.7635
50.8953
49.7749
50.0275
52.417
53.3405
53.4293
51.4485
52.0626
50.3323
50.5533
50.4273
51.6176
49.0382
49.4778
50.7313
50.8665
52.0654
53.118
51.6251
50.123
50.7482
52.2297
51.8176
51.9268
51.2628
51.626
52.1408
50.6836
52.0465
52.5914
51.7273
52.2254
50.9759
51.1611
51.6877
52.5887
51.5901
51.164
53.0471
51.2277
52.1563
50.7436
51.9846
52.1291
52.5784
51.5966
51.4742
51.5461
53.4124
54.4168
52.7533
52.8822
53.5359
54.0562
53.9696
51.2606
53.6558
52.5707
52.4765
51.9015
52.6273
50.0353
50.1442
49.8887
50.975
50.6484
52.2678
51.3916
50.9263
52.645
52.5031
51.6563
50.9228
52.3406
52.969
51.0141
51.553
53.1705
52.9729
52.438
51.8768
51.7478
51.6409
51.6931
51.7775
51.1072
53.6666
53.1268
49.7777
52.0261
50.9094
51.4602
52.3853
53.0835
51.6394
53.1449
53.1305
54.9206
54.0401
55.6877
51.5338
53.3138
54.0347
52.0499
53.0631
50.6851
52.1997
50.1091
50.1909
50.8267
51.7604
49.0234
50.1404
52.2427
50.8028
50.1523
51.8997
52.3138
52.972
51.6773
52.0779
52.5302
52.3625
52.0436
52.8321
53.6534
51.7708
51.6714
53.5501
50.9992
52.2591
52.8296
53.2839
51.711
50.9609
51.7822
50.76
49.8739
52.6687
51.9625
51.4332
50.7603
52.6287
51.7886
50.2708
49.8902
50.7974
53.8567
53.7119
51.6749
50.6515
50.632
50.7996
48.1017
50.007
52.6032
52.1845
52.5978
51.5386
51.9017
53.0809
49.938
50.518
53.1307
52.6795
52.0373
50.7709
52.2628
50.9464
50.863
50.8294
50.6659
51.6581
51.673
51.0185
52.1382
51.3593
50.3783
50.9727
53.201
53.902
53.0691
51.9179
51.6303
50.9863
50.5347
51.0801
53.0102
52.4566
51.327
52.299
53.92
52.4143
51.3211
50.0282
51.9017
52.2557
51.6737
51.6021
51.2384
51.907
49.4523
50.9143
51.2794
51.2414
52.7086
54.3781
52.9055
53.6781
52.31
51.0147
52.3317
50.1454
51.2225
52.3828
50.2658
51.7125
52.9333
53.1044
49.712
51.268
50.4915
51.5981
51.2082
51.6903
51.5727
52.8881
53.2039
51.0833
51.323
49.4673
49.1458
51.5216
52.2917
50.7135
51.8093
51.3683
51.0696
51.2322
51.5086
52.9823
53.2253
51.4136
51.585
52.6377
50.3199
51.1382
51.8364
51.8561
51.0467
55.4835
52.9981
53.9328
52.3654
53.1093
53.6568
53.152
53.0648
51.5346
52.4807
53.3799
52.1081
51.5359
52.0415
51.8229
50.5688
51.4491
52.403
53.1164
53.7342
53.0112
52.3183
52.0537
52.9797
51.6817
51.4767
51.7682
51.2028
51.0591
49.8997
50.9043
53.6942
54.3374
52.5605
51.445
52.1418
52.5813
52.445
53.8149
51.2541
52.1281
54.1896
52.6844
50.4254
50.2937
51.0458
50.0255
50.9525
52.2549
52.4716
49.9871
51.0731
51.4628
51.5913
53.6639
51.2576
52.1128
51.4037
52.172
51.6108
53.4759
52.9624
49.9789
51.2388
51.2377
51.6051
50.575
49.9919
50.5574
52.3163
53.4646
52.1634
51.9345
53.306
51.7798
51.3659
53.5001
54.1143
51.9213
49.9478
50.9266
50.9513
53.1936
51.3688
52.5761
53.4341
51.0638
51.3153
51.9177
51.4054
51.8959
51.617
51.3437
51.7645
50.3078
50.1465
50.3602
50.8498
51.3027
53.7663
51.4781
52.4
52.3579
51.7389
51.279
51.9596
52.3122
51.7325
52.2465
51.5825
50.8406
51.2337
51.0771
51.5081
53.2301
53.6026
51.177
53.9714
52.2162
50.5479
52.2927
52.1418
52.0607
49.7996
50.1235
51.6162
51.8106
51.6498
51.8786
51.8733
51.4263
51.3363
51.5608
53.7081
52.7884
52.3469
52.48
51.2071
52.9422
52.6712
52.294
50.874
51.8252
52.1387
51.6486
51.4546
50.9873
52.5268
51.9891
50.6592
50.981
51.8619
51.1712
49.5403
50.0016
51.2741
50.981
50.9507
50.6157
51.5033
50.4266
52.8041
51.7785
52.3309
51.0291
50.7476
50.8655
50.1545
50.6796
51.3654
50.5274
49.8115
52.0534
53.376
53.4713
52.2759
52.4997
50.5552
52.3837
50.459
51.3047
50.7656
50.8242
51.2308
51.638
50.6394
49.7276
52.69
50.3634
48.6961
50.4489
50.4979
49.8517
50.8239
49.3737
51.0583
52.7477
53.183
51.0997
50.916
50.8317
49.5985
50.7545
49.1337
51.4279
50.6583
51.0753
50.6654
49.7676
51.4994
51.246
51.1818
54.6226
54.157
54.4012
54.7852
54.9304
52.3852
51.677
51.1031
52.7397
52.1922
53.7437
53.2541
53.1856
52.8722
51.7805
53.6092
51.3382
51.4633
53.5613
52.5506
50.7691
52.4619
50.8031
51.7062
50.6068
52.6814
50.9704
55.3218
52.7365
51.9291
51.6859
50.832
51.7507
50.9514
52.6125
52.977
53.9381
51.7044
52.5764
51.6517
50.8184
51.6064
52.1965
51.4861
51.3696
52.2938
53.9194
55.2213
50.8026
52.8273
50.869
51.6984
52.6428
51.7821
50.8474
51.5883
50.0891
49.6576
50.2821
50.4108
51.7573
51.1097
53.8714
51.6184
53.3917
51.9633
49.8435
52.4024
53.1036
52.2487
52.7362
53.7838
52.3191
52.7448
52.1119
50.6034
51.5289
50.1757
52.4945
51.9423
53.0281
51.6999
50.9086
50.1621
51.6992
51.0957
52.3936
52.1657
52.7073
51.4084
51.2077
51.9536
51.946
52.9479
52.916
53.1667
51.9232
52.8121
51.9184
52.1273
53.678
52.2303
52.2077
49.6743
49.2784
50.9441
52.3317
53.0747
54.3962
54.1057
53.0612
52.3902
53.3166
53.842
51.6294
50.9898
50.7431
51.9047
49.7618
49.9103
51.4735
51.4086
51.5308
50.9026
50.3839
51.9882
51.4369
51.1877
51.0128
51.2758
51.9161
53.6256
53.1508
51.2123
50.371
52.2376
50.1787
50.9973
50.3038
50.2347
50.5984
51.6197
50.168
50.7359
51.6901
52.0906
50.1018
50.7452
50.8899
51.4226
51.8434
52.8593
51.1471
51.0524
53.2001
52.328
49.6877
49.4785
49.0771
49.1538
50.2101
51.114
53.8756
53.1615
52.9106
50.775
52.6912
51.5795
50.907
51.4737
50.1265
51.6168
51.147
50.4095
50.8163
50.9517
51.7457
52.7795
50.9407
50.6401
52.4076
53.4697
52.132
51.4094
51.8911
50.2826
50.1045
49.4227
51.4367
51.6973
51.1235
50.4632
50.5442
51.6382
52.173
51.4694
51.7799
50.1919
50.9228
49.898
51.499
52.1366
51.0289
54.0708
51.4999
50.3825
53.0287
51.8297
51.2039
50.6987
51.1647
50.3723
52.8082
51.2748
51.2484
51.9311
52.4876
52.1991
51.1026
52.864
51.0032
51.1215
49.5683
50.4379
49.2824
51.7051
51.1074
50.755
52.3222
51.0399
50.0524
50.2887
50.2061
50.7271
51.3459
51.1992
51.6634
50.4404
51.5922
51.5352
50.5767
50.6224
50.4665
50.916
51.8175
53.2439
52.969
53.1797
53.7639
51.2406
51.4249
50.4924
51.2875
51.5519
51.2282
50.6252
52.1783
52.713
51.2757
54.539
53.1382
50.9391
52.8047
51.6666
51.2179
52.0898
52.8291
50.9616
51.6582
52.2803
52.4379
53.1974
53.1576
52.9385
52.6531
52.4482
50.2624
52.0828
51.6774
51.2807
52.5577
50.9517
50.5612
50.0375
50.4426
50.6445
52.211
51.1354
51.272
50.5954
52.0758
49.6125
49.4733
50.6406
52.5779
51.2265
50.3491
49.6017
52.3846
51.3005
51.061
49.5883
50.8652
51.8749
53.0663
52.3942
52.3935
51.9156
53.1882
54.0534
52.8226
51.7332
54.0043
52.6709
50.1933
49.3708
50.4947
53.2447
51.5248
49.1629
50.5161
50.6075
52.1004
53.4328
52.3284
50.8189
52.6678
51.9446
52.9976
51.4181
51.2137
52.0695
51.9704
50.8894
52.4617
51.438
54.0694
54.9767
51.6362
51.9805
55.9118
55.6596
54.4675
53.5641
51.8807
51.0555
52.0514
51.3438
50.6707
49.6267
52.2824
52.1333
50.9617
52.473
52.8236
52.5637
51.0784
49.528
50.1286
51.6941
53.1939
51.7169
52.7813
53.3993
51.7478
52.8843
52.9078
52.2061
51.6933
51.574
51.5705
52.2167
54.5976
52.2616
51.5345
51.3035
52.6696
51.4377
52.5766
52.4819
50.7546
52.2516
50.5909
52.2701
53.8408
51.6579
50.4755
51.7428
51.817
53.7999
52.3596
52.0064
51.5899
52.0505
50.3848
50.988
50.5085
52.8741
51.7152
51.6249
51.3806
53.1824
51.3775
51.6588
52.9596
55.1852
52.1546
52.8157
54.74
52.4055
50.1747
50.7469
50.8769
51.5397
51.0188
52.913
53.643
53.431
51.6217
50.7011
50.8869
50.6732
51.4326
50.8079
51.8024
52.1697
52.981
52.1944
53.2024
50.9992
51.4964
51.2291
52.332
52.371
52.4658
51.5453
50.8124
51.1333
50.4006
50.5068
50.2122
51.4357
50.3544
50.485
52.0802
53.6667
52.5393
52.0445
52.3942
51.5856
52.5448
49.9293
50.0755
52.2188
52.3716
52.5907
50.5228
50.4869
50.2611
49.34
49.536
50.2115
50.7882
51.5889
52.7371
50.1918
51.3366
52.4661
52.2799
51.9672
52.4777
51.7324
50.3386
50.1589
51.3661
49.445
49.8306
52.0691
50.8508
50.6015
49.4032
51.9007
51.6914
50.9235
51.0229
51.0966
53.1141
51.5947
53.5345
52.4149
51.8312
50.936
50.2524
50.2541
50.8107
51.2896
51.3499
50.7885
50.6709
53.045
54.3742
56.7295
53.4767
52.4207
51.4117
50.8766
50.0798
51.833
52.8068
50.9091
50.7616
51.2333
50.8925
51.6444
51.2806
50.7761
51.4544
51.9019
51.3179
51.6551
51.0826
51.7789
50.8327
50.518
50.7946
51.3021
50.6537
51.1273
51.2017
53.2154
51.9291
52.8933
53.487
54.5782
52.8792
53.8
52.0618
48.7676
48.6271
49.2918
52.6985
51.438
52.0051
51.3083
51.6984
51.4911
52.4287
48.7545
51.3482
51.9253
52.1749
50.5571
50.8973
54.2056
53.5505
53.9549
54.4758
53.4811
55.1801
52.3417
53.9371
52.6599
51.6067
51.4885
51.7389
53.2679
50.8542
51.9907
52.0142
51.6146
52.301
51.2814
51.3863
52.2617
51.1246
50.2597
50.4113
51.5573
51.7217
50.0961
51.5949
50.2344
51.6651
50.0841
51.5611
51.2028
49.836
51.0122
51.234
52.9066
53.4547
52.7839
53.1623
52.2952
51.3264
51.3418
50.9344
52.4643
51.1711
51.6276
51.8428
52.8762
52.686
51.2817
51.3201
51.8498
53.0654
50.9224
51.7215
51.7885
54.0507
51.8148
51.6169
50.7459
53.0762
54.4668
52.9852
51.7369
51.7853
53.4005
52.8081
51.4498
52.308
50.5719
51.9896
50.0843
50.8859
52.0341
51.5446
51.7221
53.079
53.0044
52.8154
52.9914
52.1002
53.0314
52.5072
52.1038
51.1396
49.9117
50.5016
49.5692
49.393
53.0761
51.8793
51.6917
51.1441
50.2374
50.9429
51.8598
51.9241
51.8679
50.5519
50.8278
51.8056
52.2858
53.0853
51.7617
52.2213
49.4616
50.0945
50.0961
50.5185
51.79
52.3697
50.6167
51.8962
50.1954
49.4301
51.0757
51.8206
52.4936
52.8562
51.9511
52.3742
50.2039
50.4905
50.3778
51.9652
51.7543
49.7366
51.0915
52.7396
53.8579
53.1403
51.7038
52.2804
51.3097
52.7852
51.0518
50.9065
52.4713
53.1258
51.3863
52.1057
51.5483
51.8733
52.5355
52.4027
51.0188
52.1391
51.0809
51.2799
49.3649
51.5113
51.8472
51.0968
50.4306
51.1829
53.6594
50.7968
51.4121
51.4049
49.9135
48.846
50.8087
50.2928
52.7643
50.4651
50.9845
50.9122
52.0281
52.6487
52.3061
51.1294
52.567
50.2926
50.5791
50.7874
51.7221
50.5017
51.123
50.7484
52.1941
51.4379
50.1465
51.4785
51.4386
53.0714
52.7286
51.7819
51.0758
50.4602
50.907
53.3165
50.9887
52.3696
51.2668
50.6652
51.0729
50.4086
50.6411
51.5242
55.0922
53.893
54.6024
52.7885
52.7249
53.704
52.1783
50.431
50.4297
52.261
54.0822
55.1147
54.1288
55.3611
52.2941
52.6264
52.5849
50.1613
53.8666
51.8905
52.7223
52.4946
51.3191
50.7625
53.3323
52.52
54.2495
55.2521
52.8066
52.94
54.1933
52.4143
52.9367
51.4227
52.0276
50.7458
52.5661
50.4896
51.239
52.1063
50.4986
49.0898
50.7672
51.6477
52.3891
51.7236
53.3115
50.9114
50.4953
49.9974
51.2264
52.3188
51.2955
49.8417
53.131
53.8364
52.9753
50.9197
54.1007
53.1696
51.8386
49.6987
52.6103
51.2304
51.9582
52.5493
50.8383
50.9592
49.6925
52.7401
52.5242
50.2994
51.1319
50.6395
50.2971
52.5209
51.3578
51.3683
51.0571
51.0713
50.8005
52.0645
52.4073
50.0504
54.8563
53.13
52.7608
50.822
51.1915
49.294
51.0367
50.8939
51.2634
52.1304
51.9378
51.9925
51.5302
52.0223
49.0305
51.5591
50.7183
51.3778
52.0495
51.5671
51.7649
54.5413
54.0702
53.4714
52.6711
50.1737
50.6264
49.9955
51.3711
52.224
50.2104
47.9211
50.8062
51.6765
51.4726
51.4026
51.8734
51.7419
50.9377
53.1512
50.5778
51.6858
53.9159
52.9171
51.078
52.4663
50.5247
51.706
50.4175
53.1195
50.4855
52.0018
51.3603
52.2153
52.0065
50.8008
50.5985
52.8747
53.942
53.4216
51.5322
50.9744
52.4776
51.1625
50.5152
51.2268
53.0934
53.2219
52.3981
51.7377
51.5745
53.4783
49.8368
50.0355
50.9445
51.904
53.0842
51.9834
50.8405
51.4117
50.1331
50.6276
50.5854
50.5289
52.0781
53.5407
51.2347
51.6512
52.5361
52.5
50.45
51.5784
49.7669
51.6075
50.5448
51.8733
52.1275
51.5829
51.7874
52.6969
51.2368
54.0143
53.6194
51.1238
50.219
50.1926
52.239
50.0022
50.4554
48.8709
50.7402
51.6837
50.5147
51.2927
52.5442
53.0466
52.1927
51.7987
52.1115
50.6213
50.3628
50.7193
51.5332
51.8328
52.8788
53.6447
52.3881
52.5724
49.9306
50.8627
49.916
51.2426
50.9902
52.9889
52.9187
54.288
53.2554
53.4737
51.1972
52.2339
50.6244
51.8492
50.6237
50.2976
50.1508
52.4855
52.9744
49.9297
49.584
50.2392
51.3002
51.9049
52.6658
51.5812
51.7672
52.1751
52.0222
50.8256
49.5443
49.2717
50.689
49.0397
52.6156
52.6212
51.3057
52.0303
51.3607
50.4594
52.5577
51.7017
52.6277
52.0548
51.6433
50.7919
51.2917
49.8128
49.9521
49.3567
51.1949
52.6991
50.8585
51.8071
52.8074
51.4845
51.4387
51.6222
50.8867
51.2761
50.7316
51.8855
51.6
51.6034
51.7078
52.0694
51.5586
51.6552
52.3104
51.137
51.7714
52.6128
51.503
51.4998
51.8276
52.3213
51.9936
52.8227
50.8744
50.4463
49.82
49.0091
51.6722
50.4507
49.0857
51.5768
50.9758
52.5087
51.9211
53.0726
53.1337
54.131
52.5502
52.7754
53.5842
50.6451
49.718
51.8517
51.07
50.608
50.264
52.298
54.3925
52.5721
53.1008
52.13
53.0865
51.5169
52.6148
52.9831
50.7324
52.952
54.1412
52.9465
53.3211
54.261
52.7227
52.3276
51.0764
52.0634
52.3026
50.6263
51.3006
51.1894
51.5297
51.3069
52.0924
51.7476
53.3534
53.2389
51.3276
52.8047
50.7546
49.9442
51.4119
51.953
52.888
53.1522
54.4797
53.8349
53.6695
51.4717
53.019
53.4919
52.5251
50.7022
51.3011
51.2132
52.6724
54.7153
51.6173
52.5557
51.8461
51.2799
51.9312
49.7121
50.5545
53.035
51.6196
51.6165
52.2977
50.7528
50.5608
51.02
52.347
52.4926
50.7357
51.3241
52.6836
51.8634
50.9264
51.3114
53.0277
51.0372
52.5007
54.385
54.1357
52.5835
53.3182
53.3943
52.6011
53.4673
53.187
49.8062
51.5972
50.8524
51.3942
50.9471
51.1546
50.8618
50.7392
50.7765
51.2759
52.6459
50.1888
50.4066
52.7795
51.3352
51.8789
52.7054
50.359
50.3927
52.8034
53.3004
50.6482
51.7826
52.4289
50.168
51.6154
50.363
50.671
49.9943
51.5912
50.73
51.1843
50.8795
51.8513
51.1702
52.8886
50.6016
53.7419
53.4598
52.054
52.3023
51.2139
50.1659
51.0094
51.9221
51.1593
52.357
51.2289
53.0642
52.3731
50.9879
50.8884
51.5125
52.0257
53.0652
51.7341
50.4183
50.1876
48.7217
50.6543
49.7113
51.5785
52.1746
51.5493
52.2786
53.1252
53.7924
51.9682
53.1753
52.8549
51.0473
50.79
51.4468
51.5971
50.8566
50.6298
51.3766
51.3401
52.3634
52.6603
52.5276
51.8029
52.3715
51.2983
53.5363
52.5404
53.205
52.9269
51.3753
50.9925
50.8676
50.5403
52.3628
51.1552
51.161
50.6732
53.593
51.9467
51.1438
49.4532
50.5776
49.7099
49.5169
49.7932
51.4368
51.2882
50.5208
50.1775
49.0171
50.1026
52.4874
51.4038
49.9334
50.2653
52.9371
51.6378
52.0023
52.1514
52.6123
50.7939
50.5535
50.2973
52.5127
52.3665
53.7604
52.3145
51.8355
50.9844
52.3628
50.9729
52.6673
50.1343
50.6365
51.0801
50.5805
50.2079
51.5193
50.654
51.4654
52.5461
52.7173
52.6186
51.3022
51.0892
50.5767
49.9753
52.2159
53.278
53.1404
52.1402
51.6905
49.7603
51.0242
54.356
51.1024
50.8365
50.2966
51.2935
50.527
50.411
51.7345
53.0534
52.7181
51.7679
51.9165
51.0667
52.2316
53.0083
51.1278
51.2545
50.8308
50.6635
52.1042
53.3011
51.8181
53.2863
52.5317
51.5263
50.831
53.0095
50.1911
51.8406
49.6407
50.7595
54.1957
51.539
51.5882
49.8998
51.5324
51.235
51.674
49.5738
49.3599
50.6778
53.5813
52.2392
52.4415
51.8292
51.3321
51.5359
51.658
52.6514
51.6143
54.1772
51.0714
51.8002
51.6423
49.9669
52.7795
49.984
52.1618
52.9735
50.7336
52.0634
52.9277
50.9325
50.9579
50.0799
53.8473
52.6465
50.4689
53.0179
54.7375
52.782
54.8116
52.8059
51.4079
51.6551
50.8863
51.432
53.1453
52.1361
53.3304
52.2025
52.1814
51.3955
51.6028
51.6866
50.8548
50.7563
51.8919
52.9675
53.4739
52.2827
51.3683
51.4448
52.3246
52.4138
50.7637
51.7071
51.0441
50.5176
51.7591
53.0269
50.7925
49.6209
52.1784
50.1882
49.2557
49.9547
48.6523
50.0026
52.3974
51.7169
52.9265
50.816
51.687
50.6391
49.8907
50.9445
51.6432
51.1446
51.7468
51.4284
50.6938
50.6903
51.9662
51.6433
54.3246
52.4617
53.2702
50.4945
51.5401
50.4772
52.1537
51.6403
51.1606
53.6861
51.8369
53.4323
51.4102
51.9909
53.0153
51.5028
51.4829
50.9476
52.2336
51.4221
49.8602
51.9383
53.2187
52.7428
50.5247
50.3779
51.6991
50.8503
51.4191
50.2012
49.893
50.8069
53.0486
51.9156
51.6741
52.2087
51.1084
52.0169
53.2575
53.5341
51.3801
51.313
51.8567
51.0221
51.6624
51.1022
51.5242
52.362
51.5441
49.5378
50.7841
50.0165
52.719
51.2398
50.5694
51.4139
51.0939
50.9068
51.3561
50.9638
50.2545
49.877
49.842
50.0964
50.4729
49.6118
49.917
51.543
51.3963
51.8271
52.5907
51.9425
51.1011
52.3426
50.7208
51.415
50.8807
52.0233
51.4135
52.1036
52.2466
49.8055
50.7762
49.8729
51.0425
54.7045
53.7312
52.2963
52.7901
52.5172
52.2728
53.0837
52.4592
51.683
53.157
51.4164
51.3135
50.1426
52.0311
52.7552
52.8004
51.2741
52.025
51.4527
50.8168
50.8338
50.7256
52.2703
53.0006
53.7939
53.6666
53.5059
53.6489
51.6618
52.8641
53.1066
52.6758
52.4577
53.7682
52.5641
51.548
52.5536
52.9863
52.6609
49.6173
50.1145
51.214
50.8623
50.169
50.389
51.4302
52.9109
53.6923
52.1602
52.508
52.2625
52.536
51.6834
52.2958
51.1259
51.5536
51.7863
50.2772
52.2882
53.0208
51.9336
53.9932
52.8932
53.5809
52.4649
52.8577
50.4186
50.984
53.6666
53.539
51.9601
52.9124
50.9172
51.8392
52.732
50.6427
51.3691
50.6285
49.3735
51.9832
52.7701
52.475
51.5167
51.1262
50.7585
50.7586
53.5748
53.1931
52.6415
52.1678
51.4203
51.4768
51.2182
51.3842
51.3247
52.3337
50.7458
49.7794
52.8207
53.4699
52.6859
51.1646
51.9458
51.82
53.3142
51.6668
51.6275
50.3329
53.2197
52.3928
51.0097
50.9649
50.8501
51.4528
51.9626
52.8915
54.1347
53.5711
52.1108
49.5248
51.5179
54.0895
51.4954
50.7397
50.5875
49.5396
50.8869
53.9257
50.5273
50.7032
52.6122
56.5368
54.2427
51.6252
51.4653
52.0578
54.6049
54.1981
50.862
50.6945
52.4529
54.1762
52.4432
53.2729
52.124
53.3995
52.6736
52.4633
50.9046
50.1034
52.7148
51.7086
50.9278
50.9645
48.8016
50.1998
51.3017
50.7225
50.5508
52.0918
50.5951
50.7528
49.6691
49.1001
50.58
50.7468
52.6688
52.0681
51.3834
52.2482
51.0913
50.9
50.4108
52.8619
51.7117
51.7853
50.6357
51.6719
52.6962
54.5959
52.6908
54.9201
52.9251
54.107
52.3341
52.7526
52.0968
52.538
53.8965
53.3787
52.6236
53.0512
50.642
50.2498
50.5773
51.2469
50.5813
51.9812
51.3451
50.8802
52.0901
50.6477
49.6741
51.0848
51.0716
50.0936
51.8628
52.7545
52.2597
50.9012
50.0113
50.8314
50.7638
51.3776
53.8297
51.6657
52.2815
50.3704
50.6573
51.7791
50.6477
51.6939
52.701
52.3828
52.4206
49.9143
51.4613
49.4482
50.619
51.2557
51.3289
53.3655
54.0863
52.3326
50.8621
51.126
50.5976
50.0923
50.6435
51.1042
51.4774
52.64
53.0072
54.08
52.0704
52.6607
52.4974
49.4653
50.6777
51.029
52.6437
53.3388
54.9529
51.2977
50.3709
51.4898
53.211
51.2673
52.1954
49.347
52.4194
52.201
51.5977
51.2464
51.9668
53.0335
52.591
50.6445
51.7802
52.2845
50.3429
51.6727
50.3249
50.9756
49.5225
49.5246
50.1214
50.7193
50.5885
49.5634
51.4068
51.4667
49.6103
50.6523
49.9207
50.9719
51.8482
53.0986
53.415
52.8629
51.4891
51.4976
51.6823
51.2259
51.4695
51.939
54.8727
53.4165
51.2507
51.6911
51.5515
50.4031
51.2803
51.9786
51.2161
50.5388
49.4313
49.3466
50.3492
51.774
52.1251
52.7819
50.806
52.0896
51.9471
51.6712
52.9469
53.6576
54.0336
53.9365
50.0334
50.9899
51.4121
51.4794
51.5106
52.5944
52.8598
51.676
50.3257
50.5273
51.4931
52.1314
50.6643
52.1099
50.9854
51.066
51.9238
50.514
53.023
52.7763
51.2693
52.1668
51.7541
50.8619
51.3744
50.5416
50.1734
53.301
52.0792
52.1429
53.0899
50.699
51.077
50.2586
51.5207
53.0133
53.8984
53.5286
53.6579
51.3969
49.5217
49.4528
50.8493
52.697
52.6223
49.9316
49.4383
51.8474
52.4072
54.6781
52.8348
53.26
49.8459
50.099
50.9246
53.6297
54.4337
54.0496
52.821
51.1282
50.2356
50.9197
51.7119
50.5663
51.3529
50.5951
52.5731
49.9893
51.4942
52.5704
51.5985
51.4294
50.3483
52.1365
52.7926
50.5351
50.6243
52.2145
51.0283
50.3759
49.0781
50.6225
50.7267
51.4713
52.0618
51.3238
52.9577
52.6285
51.2676
51.8446
52.1826
51.9961
52.5428
50.5815
53.5406
53.7229
51.0594
49.8907
50.6078
49.9017
50.9696
51.438
51.2826
50.8618
51.3537
50.5684
51.4371
51.4554
51.0566
50.8184
52.2877
53.1237
52.8886
52.4635
51.6229
51.2315
50.8103
51.8392
50.0218
51.8808
53.7102
55.1048
54.0652
53.1241
52.3514
52.0223
52.8379
52.1822
50.3151
50.6656
51.0908
51
50.1831
51.4844
50.9018
52.0957
51.9265
51.03
50.5691
52.5037
50.9962
51.61
54.4332
50.8946
50.7453
51.0629
51.2185
52.8326
49.9199
51.3872
51.9867
51.4137
53.041
50.8025
53.1621
51.2958
53.3711
53.5195
52.0448
51.5215
53.3104
52.4228
53.5703
51.2774
52.72
50.8463
51.3681
53.0085
51.3574
50.0815
52.0825
52.8864
51.488
52.3969
51.1251
49.7575
51.0774
51.0781
50.0808
51.0283
49.3944
52.4197
53.6795
52.0194
50.9958
53.8373
51.9844
52.035
49.7947
50.6697
50.8419
50.8577
50.6853
50.0706
50.9998
51.1746
49.8921
50.6654
50.0059
51.4668
52.6803
51.6415
52.845
53.3625
51.5733
51.5688
50.6277
51.1317
53.4575
53.5793
52.2134
50.9273
53.1858
49.6809
53.1631
52.0012
50.6202
49.6542
51.9317
52.7462
53.0494
53.9173
53.9049
53.085
51.2213
51.8472
51.5991
52.2649
52.0468
52.6739
52.1524
51.6798
51.0725
52.9634
52.2635
51.1101
52.1504
53.0743
53.6383
52.493
52.4141
51.3418
51.7749
52.871
52.8884
52.0363
51.2994
50.5194
49.4238
49.2673
50.2465
52.1332
52.9709
52.2962
52.0898
51.8188
50.9909
53.9048
52.7196
53.4009
52.78
53.8357
51.3462
51.2062
52.0383
52.6808
50.9772
51.3134
52.2507
52.8995
51.5012
50.6196
51.7712
50.9957
50.1705
50.7094
52.5764
50.8689
50.9411
53.0808
53.815
54.3642
51.7283
51.8091
50.0748
49.3041
50.9656
49.3564
51.2229
51.8324
52.5577
50.7958
51.2878
49.8968
51.2397
49.8497
51.2709
50.9442
52.2948
53.2641
52.131
52.0259
50.4106
52.0656
51.6578
52.344
54.0402
50.5658
49.8152
51.7945
50.7001
51.4068
52.4447
51.9758
51.2219
52.1329
51.5455
52.3689
51.1748
50.7356
52.2653
51.9517
51.109
50.497
53.5055
50.1492
51.0833
53.4644
52.3636
52.71
52.1485
50.7683
52.2473
53.2684
53.8318
52.047
53.6101
53.746
52.5811
53.4519
53.3409
52.0736
50.4376
52.3128
52.2058
51.6701
53.8001
51.2003
51.615
51.2347
51.0666
50.8655
51.1015
51.4149
49.7721
50.6183
52.1844
51.0608
50.9927
50.3229
52.3748
51.4481
52.8817
54.3392
55.9453
53.9252
52.5181
51.478
51.0473
49.3793
51.227
51.7409
51.5072
52.0612
50.9637
51.3591
50.6943
53.0784
51.3227
51.0854
49.9624
50.2202
50.7945
50.5901
52.0906
51.0921
52.6655
51.1918
50.6744
51.7121
52.7872
51.5387
52.5899
50.8708
50.6282
50.4746
50.8075
50.7644
50.4091
50.4559
50.8604
51.2435
51.2804
51.9246
51.5922
51.2908
52.1
52.0684
51.8598
52.1043
51.4688
50.9367
51.2398
52.2617
51.0886
52.7197
52.2338
55.3067
53.2534
49.3122
50.3988
50.0561
50.67
48.9478
49.8353
52.2451
54.7429
50.7106
51.0539
51.2421
50.2573
50.9175
52.5984
52.3783
52.9915
50.5244
50.5784
51.892
53.5397
51.079
50.7723
51.5441
52.3549
52.101
51.3513
50.2232
49.626
50.3918
50.8764
52.3094
52.4513
52.0002
53.5501
53.3903
52.4722
52.009
51.6884
51.1672
54.021
54.7199
52.867
51.5906
52.1389
49.9709
53.8477
51.9014
52.1744
52.6669
51.9749
51.4164
52.4226
51.7828
53.1415
55.2429
55.6556
54.4349
52.1107
51.1882
51.0274
52.8114
50.7518
51.8705
49.5531
51.0124
51.6203
51.3478
51.8275
50.8616
53.458
52.3717
50.6715
53.5489
51.2233
51.6052
51.4317
51.3685
52.077
53.3549
53.0435
49.5306
52.0689
51.7862
51.5081
52.5591
51.8015
51.9298
53.1201
51.6946
52.1004
52.1615
53.8461
50.5049
50.6348
50.6692
51.7045
49.9047
50.2919
51.6538
52.8385
51.1305
52.7655
53.2606
51.9347
51.1229
50.8677
49.6338
50.9646
53.1144
51.3598
52.1907
52.7709
51.3895
51.0409
50.5753
53.0671
53.0776
50.5986
51.677
53.0839
51.5467
50.8783
52.7764
51.666
50.7474
51.8573
50.5728
51.0357
52.5632
52.0222
52.9167
54.0381
52.932
53.4018
51.2802
50.9661
51.7925
51.2297
52.2686
51.9818
52.8181
52.7822
52.0219
50.3164
50.1337
50.6583
52.8596
51.5753
54.4354
51.4417
51.7915
50.9834
50.4824
50.2608
49.998
50.541
49.6406
50.9286
53.2422
53.4133
49.7542
51.0655
53.0759
50.424
50.123
50.4006
52.8133
51.0102
51.9256
53.6682
51.3606
49.9142
52.1679
52.0823
50.8667
50.1237
50.5324
50.7514
50.0749
49.3829
50.7941
51.8734
51.9043
51.8623
52.2249
51.6803
50.9965
52.0243
52.5065
52.9907
52.0837
53.4626
52.886
52.7431
52.203
53.4752
53.1664
51.8999
50.7719
51.0091
52.7422
51.5257
51.0762
49.5457
51.5692
54.0287
51.756
51.18
50.5998
52.2184
51.7224
52.2891
51.6579
51.666
51.3606
52.1475
53.42
52.4761
52.8106
51.7663
50.8893
52.7077
52.4269
51.8273
50.9273
51.5811
52.4384
51.1396
52.292
50.1422
52.8893
52.0251
51.0957
50.097
50.7056
51.5438
54.1979
51.3821
52.9083
50.7495
49.9199
51.1193
50.7998
53.6503
50.9476
50.1304
50.8396
50.8871
51.0415
51.5833
51.9605
52.9421
50.6494
49.9286
50.8456
50.6891
50.781
52.2705
51.5645
51.7617
51.2408
51.6662
50.9127
53.0377
50.6635
51.1118
51.6227
51.2803
51.1321
52.4876
50.0735
52.6031
54.9762
54.7086
51.8065
50.219
51.8415
49.8891
50.4292
50.4628
53.1734
51.209
50.765
49.7493
51.8916
51.7288
54.2096
51.8968
51.042
53.8198
53.2758
50.2149
50.1602
50.1935
51.8674
51.269
51.8975
54.9762
53.4483
53.5008
53.1853
53.302
51.9839
52.0434
52.7987
51.7777
53.735
54.6765
51.2153
50.7788
49.8206
51.3176
51.9002
52.3048
53.9395
52.6446
52.9102
51.7617
52.3816
52.8629
52.2745
52.9954
52.7093
51.2447
51.5073
53.6687
53.9191
52.5779
52.3268
53.172
52.2366
53.9335
54.1722
53.0904
53.2852
52.6383
53.13
52.2517
52.3823
53.697
54.0403
53.3496
53.281
53.122
51.4117
53.5566
52.2613
51.1724
50.5093
50.8007
52.4919
50.3177
54.7408
53.197
51.8241
51.6139
52.1837
53.1343
51.1276
51.766
52.0836
52.8856
52.0198
52.3482
53.155
52.9524
52.3087
51.5393
50.9756
51.4949
52.2287
51.1065
50.0203
49.8864
51.0827
52.1673
52.9199
53.9122
51.9972
51.5994
52.1028
52.8613
52.0073
53.2499
50.99
53.3934
51.2703
51.628
50.942
50.4322
50.578
49.9058
51.5419
51.9285
51.7872
50.6181
51.7019
54.3178
52.559
51.5834
51.2466
50.7491
51.3109
52.9245
52.9052
52.6535
51.8064
52.6633
51.6052
51.1048
54.0876
52.5771
54.2547
53.3187
52.1214
51.6574
53.178
50.3331
51.8612
51.6962
50.5357
50.7064
52.9043
52.4025
52.2725
50.1362
51.0829
51.6575
52.9533
52.9934
53.6095
51.0568
53.542
51.6185
52.4311
50.92
52.2904
53.1207
50.8803
50.5327
51.9452
51.5597
52.1744
51.2066
51.3994
52.3767
52.51
51.9345
53.4519
53.6252
51.5912
51.7064
50.8789
51.1961
50.7911
51.1623
50.5539
52.1912
52.0537
51.1405
51.2835
50.9992
52.4737
52.8565
51.3715
51.2628
53.3191
52.3001
50.1729
49.9145
50.3917
52.0393
51.0137
51.1088
50.111
51.7969
50.8306
51.0363
50.5485
52.2195
54.1054
54.7129
51.8031
52.4343
51.0638
51.7948
52.1061
50.739
51.4128
51.0974
51.6054
53.2134
50.6706
51.8333
54.1236
52.5213
50.4268
50.4966
52.5341
51.9006
51.0016
52.2037
49.9756
51.284
52.0764
51.6467
51.317
54.4528
52.819
53.1246
50.38
52.0844
52.8229
52.4734
53.3047
50.4945
53.1074
52.9346
51.6759
51.5281
50.3799
50.8758
50.9388
50.2195
50.5546
50.3266
51.721
50.6346
51.2419
48.3786
49.9334
52.093
52.6428
51.8209
51.1423
51.8737
53.0529
54.2022
52.9717
51.7323
50.8579
53.5825
52.8187
51.3007
51.5821
51.4996
50.5914
52.5196
53.2639
50.7406
50.7174
52.1109
51.741
52.8591
52.5934
51.9961
50.6068
52.4578
52.3895
51.7363
52.5793
51.9588
51.6372
53.1775
53.8294
50.8634
52.0971
51.2813
52.2725
53.6286
52.6872
51.6724
50.6633
53.7639
55.9426
55.5576
53.569
52.6697
51.6799
51.4366
49.8094
51.1222
52.7401
54.9387
51.7952
51.468
50.6652
51.1628
52.9683
51.6665
52.8428
51.9578
49.7997
50.9061
50.3409
50.9282
51.175
51.6654
49.5069
52.4312
51.9229
51.0562
51.8811
51.3416
52.143
52.864
53.4166
51.1385
49.8843
49.4348
51.954
50.9227
50.8746
49.8834
53.2574
49.9568
51.0935
50.2046
52.0673
52.319
51.7076
52.7803
51.904
53.4189
52.6361
52.2411
50.0518
52.2278
52.6443
51.8464
50.69
50.7032
49.3497
49.0243
51.8808
53.8135
52.1326
50.9686
51.4071
51.158
50.7206
51.8686
53.3856
52.3081
51.1499
50.2683
51.3651
50.4715
52.2357
51.0808
52.1903
52.7666
52.9592
51.7738
52.8696
52.8592
51.7167
50.8866
52.0156
52.7834
50.2995
48.7269
49.4269
50.0439
48.899
50.2832
50.8216
51.3018
51.9867
52.566
52.5526
52.0118
52.17
50.8133
52.6576
51.324
51.1032
53.5638
51.0996
53.8867
51.3874
51.5129
52.1009
49.8915
50.234
50.0727
50.095
52.0291
51.6864
50.7148
50.091
51.4775
53.6834
54.0409
52.2275
50.8495
50.9502
52.8393
53.1979
51.5474
50.5787
53.4703
53.1058
51.8567
52.2738
50.9304
50.3374
51.6454
53.0589
52.0366
49.7124
52.5583
50.9946
50.2698
51.7363
50.5786
50.3911
51.8026
52.5436
54.2135
54.0717
52.2224
53.1989
52.1821
52.881
51.4603
50.7953
50.9554
51.4033
52.1217
51.9674
51.2242
50.7989
52.3261
50.3611
50.7124
49.2339
49.5002
51.4143
50.5177
50.1186
49.2082
50.8892
49.8295
50.3062
49.4438
49.0873
50.5905
50.1799
51.0381
52.4973
50.5514
50.9685
52.2956
52.6421
53.4678
51.6826
53.0833
52.7185
51.9554
52.0731
51.606
51.8158
51.1679
52.0803
52.7856
52.9347
51.5886
52.1109
53.4991
53.1695
49.4784
50.3351
52.6623
52.3727
52.217
51.5389
54.7473
51.7135
51.8837
52.1151
50.1619
49.5225
50.7151
52.8782
50.9737
52.5623
54.6626
52.17
51.5149
50.6423
50.5266
52.141
51.9402
50.79
51.3108
50.8415
51.9438
50.6509
53.8697
54.2602
53.636
50.4323
51.0826
51.6661
53.2522
54.725
54.0979
53.9311
56.8693
55.8628
53.6914
51.7919
53.9325
54.8437
51.9021
53.429
50.8961
50.2686
51.3861
51.5924
52.2636
52.3028
53.3699
52.1626
52.3501
51.4816
51.6821
50.7064
49.7286
51.1558
51.9646
51.879
51.4993
52.067
51.5409
53.19
53.0495
50.8622
55.0174
51.3992
50.8666
49.8849
51.9176
53.3059
50.7736
50.3639
51.335
52.2792
53.0554
51.9276
52.482
52.2068
51.5538
52.6106
52.3432
50.4061
51.3146
50.9116
53.1205
52.5151
51.4378
50.7305
51.8434
51.4768
49.9054
49.8538
50.7062
51.5375
53.4524
52.6837
52.7182
50.1118
51.4035
49.9118
52.1691
51.9782
51.6622
51.5028
52.755
52.2651
51.4289
53.3197
51.887
52.7436
52.6991
53.2701
49.8908
52.8857
52.2026
51.4254
51.8041
50.9307
50.3319
50.1358
50.6395
49.631
50.4605
51.8362
50.6687
48.9951
50.8632
48.9845
51.0494
50.7619
50.4488
50.5185
49.8099
50.0212
51.157
51.0301
50.4546
53.9408
51.4113
50.3053
51.2385
52.4859
51.034
51.2438
52.0952
52.7709
51.0389
50.7043
53.5322
53.1374
53.8245
52.8273
51.1063
53.3273
52.331
51.7087
52.6188
50.4629
52.3615
51.709
51.4871
52.4007
51.6033
50.8775
52.7292
52.6639
52.063
52.4639
49.7401
52.0092
50.5048
51.791
53.0812
52.3542
51.8413
52.0214
50.6546
52.0687
52.3995
52.9982
52.5679
53.1028
50.5179
51.4005
51.1969
51.4936
52.0722
51.8426
52.539
52.0132
53.9987
51.5718
50.7452
51.776
50.5608
51.9402
51.1504
51.1998
51.1544
51.5546
49.9147
51.0166
49.2742
50.9923
50.2849
50.6848
50.2647
49.8728
51.5864
53.3923
53.6516
50.5512
52.2142
51.0043
52.6419
51.2365
52.6621
52.0075
51.627
52.3441
52.7806
51.1685
51.0597
50.4239
51.3462
51.8342
50.9691
52.7236
51.6576
49.5907
50.3589
51.1703
52.2268
50.8194
51.3329
49.8506
52.527
51.9852
51.5492
52.5793
51.6838
51.8548
51.4642
50.2628
51.2878
52.2673
51.9807
52.645
52.2753
51.8298
52.1702
52.3383
52.1216
52.9154
52.7982
54.3122
50.9835
51.2921
52.9618
51.8468
51.4862
50.8949
49.4936
49.843
51.126
52.9106
51.8209
53.1801
51.4083
51.4392
50.2464
50.6928
51.062
52.25
53.2383
52.3661
53.3146
52.4548
50.8793
51.4549
51.35
50.6186
50.1783
50.1489
50.8082
51.4207
49.9975
48.5669
51.9178
50.8604
50.0576
50.9121
50.8905
51.5427
52.1488
50.2794
51.4416
53.4145
51.8669
52.9966
51.2338
52.2169
51.5076
51.4432
51.1833
51.4327
51.8805
54.179
53.2795
51.9111
53.6198
51.7556
50.3418
51.4417
52.4688
52.1736
53.1746
53.0275
52.9779
50.3517
51.7101
50.6483
50.4126
50.9244
51.1547
50.3274
50.925
50.2699
51.0673
50.1446
50.7279
50.6718
51.8939
52.4279
50.7187
51.9922
50.7908
49.4373
49.9693
51.9497
52.0563
51.9659
52.0926
50.1908
50.1101
50.3984
52.4013
53.3857
52.5275
51.7156
51.4058
49.8201
52.4864
50.341
51.2786
50.963
52.5851
53.2974
51.0782
50.7555
52.2274
52.1494
52.1722
51.0374
51.7475
51.6317
48.7419
49.99
51.8377
53.1241
51.9958
52.3156
50.3916
52.7058
49.7676
48.9964
49.7651
50.5949
51.6639
50.3512
50.5269
50.2691
52.2405
52.2145
51.976
53.3666
52.2222
52.0123
52.3728
51.9891
50.8913
49.7473
51.2678
52.5841
51.3393
51.0998
53.2266
52.2704
51.8745
52.1527
51.2001
50.6882
52.8371
51.3003
49.1817
52.6803
50.7606
49.7128
51.1742
50.3968
51.2689
52.8979
50.174
51.8655
52.9487
51.756
52.3621
53.0692
52.342
49.7682
50.181
51.399
52.4833
52.3485
53.2543
50.7742
49.9921
49.7166
51.1894
50.8192
50.7697
51.4748
52.52
53.601
54.5585
52.1752
52.3864
54.2721
53.5942
53.1117
53.2988
50.5398
51.2751
52.8576
52.4566
53.3119
51.9344
51.9156
51.2617
50.3458
51.7297
51.4553
51.0201
50.6004
51.6014
52.1548
51.1021
50.6748
52.6909
51.789
51.9472
51.3162
50.7813
51.0033
51.206
52.0113
52.1564
51.196
51.2802
50.9353
50.8306
50.1015
51.8499
51.6167
49.7588
50.8187
50.6253
52.8941
51.7813
52.7022
50.2516
51.083
51.9617
54.3583
52.7048
52.6817
52.3561
54.3608
51.6078
51.2529
50.4367
50.5946
50.0793
51.1781
50.6047
51.6665
52.0274
53.0932
53.2362
52.5204
52.6406
50.9713
49.15
50.3423
50.9437
51.1834
51.3543
51.7597
51.5524
51.5643
50.9987
53.3802
51.9763
51.0968
50.4507
50.4685
49.7326
50.7286
50.766
49.5775
51.058
51.1631
51.6369
51.5574
53.3885
52.4258
50.4909
52.3259
51.6915
51.5614
51.2448
52.1564
52.0749
52.9879
51.5901
51.3647
53.9891
54.6697
55.3797
52.3084
51.7268
50.6056
51.8389
53.8295
53.8747
51.2391
50.877
51.0875
50.5075
51.3159
50.8309
51.3145
49.8692
50.0134
52.2749
53.1289
51.3589
51.8719
50.6691
51.7598
52.2152
50.7733
51.7867
53.9561
52.5002
53.1228
53.1158
51.8808
52.4769
54.4824
52.8001
52.9197
51.432
53.0516
53.2922
52.9351
52.4372
51.8095
51.2797
51.8731
51.5986
51.0582
51.0857
50.9371
51.3993
53.5285
51.2236
50.6458
50.8286
52.1723
52.0313
52.2283
49.9199
50.9554
51.5433
51.5228
51.8471
50.7462
51.191
50.3754
51.5139
51.2468
51.8882
52.2919
50.8856
51.1548
51.2651
50.9846
51.6869
53.6207
53.8659
53.3171
51.9076
52.9714
51.9474
53.9078
53.5202
52.9536
51.3369
50.4944
50.8702
51.005
51.1419
51.0849
51.0589
51.138
51.2925
50.8377
51.1027
52.5616
51.6529
51.1851
51.4658
52.3307
52.7661
52.6993
51.8925
52.162
51.4782
51.6104
52.2801
51.1013
49.8695
50.2461
52.5419
53.7962
55.4522
54.2569
54.3389
53.1976
52.8082
51.9799
51.2031
49.3127
50.2022
51.1341
48.789
50.87
50.8076
52.7994
50.7299
50.0629
50.3436
51.9399
51.6483
52.2341
51.2745
52.1146
54.3677
53.4755
51.8015
50.4854
51.4779
50.2463
50.8321
50.7235
51.2722
52.872
52.6302
52.1785
51.4686
52.3115
52.1907
52.8815
52.5119
52.3716
51.4398
51.8735
52.3808
52.5137
51.6419
51.493
51.5981
53.2512
52.558
51.5371
49.5366
50.449
50.9537
52.3083
50.683
51.8665
51.1062
51.1664
51.1871
52.1867
52.8492
52.4258
53.9942
51.3827
51.2641
52.2393
50.6688
50.2458
51.5827
51.4225
51.3946
51.5835
52.7538
50.8214
51.3033
51.5926
50.3136
49.2875
48.901
51.3157
50.6056
51.8678
50.8951
51.7297
52.8948
51.6441
50.1687
51.5539
51.9747
51.9009
51.1054
51.4568
52.2302
51.1908
53.0691
50.9303
49.7594
50.4221
53.1767
52.5965
54.3031
52.5981
50.5461
52.6615
52.2538
51.8697
52.4678
51.1047
50.3629
51.7677
53.4417
49.713
52.1412
49.9569
50.4385
50.9662
51.5821
51.8538
51.4714
51.7102
51.7815
51.5159
51.8719
52.0319
51.2573
51.8129
51.9731
50.4895
52.6284
54.0719
54.4564
53.686
54.5269
54.3517
54.5369
54.409
53.8981
52.8385
54.4972
54.6606
50.017
51.8575
51.1381
49.0186
51.1902
50.6493
50.5174
51.7717
52.1619
52.4034
51.2943
51.7783
51.5691
51.8181
50.8886
52.5784
53.8813
52.3842
53.8839
54.0543
54.8497
52.4364
51.3056
51.9781
53.1205
54.9658
51.2159
50.3129
51.5658
51.2207
52.1123
52.1198
51.6518
52.3522
51.48
51.782
52.9427
52.1489
49.7849
50.5701
53.3635
51.5427
51.5456
52.7512
52.8943
53.7282
51.8217
52.5076
51.3435
51.8328
51.6908
51.3149
49.7555
49.4612
49.7511
50.3882
50.9868
53.1518
54.4805
52.3282
52.4706
51.0234
49.9135
51.9076
52.3632
51.8311
53.3087
51.4716
51.8164
50.9077
50.4043
51.8997
52.3366
53.383
53.9851
51.449
50.518
51.0627
52.5658
52.2837
51.519
50.4654
52.6229
50.5812
49.8487
51.9913
52.3966
51.8813
51.0021
51.7528
50.9104
49.3277
52.9831
50.3641
50.5657
50.9345
50.2721
51.1061
51.6029
51.2514
51.7173
51.7361
51.5085
51.3174
50.9867
51.4263
51.7443
49.4744
49.34
49.4441
51.1587
51.3932
51.2616
51.3628
53.3502
52.1025
50.8635
51.9344
50.9282
50.1522
50.9153
53.0004
53.4353
51.6572
50.1901
51.0713
52.179
51.5858
51.2679
51.3915
51.5394
52.9226
52.2453
51.5663
52.2991
50.6809
52.863
53.8788
53.0217
51.9928
50.4503
52.2545
51.8405
53.0238
51.4225
51.2357
51.1691
51.5699
51.5705
51.8862
51.861
53.9436
53.9121
53.754
53.9928
52.1592
49.6366
51.648
51.8658
50.0143
52.1807
51.909
51.8754
54.0677
52.2213
52.5798
53.2718
53.0075
53.6496
52.9626
52.0469
50.8399
50.8926
51.6352
50.5938
51.8155
51.1962
52.4492
51.645
49.7817
50.6446
51.3947
52.7437
53.2557
51.337
50.4682
52.2502
53.8893
52.6267
51.6285
52.1216
52.7243
54.1048
52.6824
54.007
51.9559
49.6575
51.1591
53.0642
49.8019
51.0642
52.873
51.4077
51.7661
51.456
51.2128
52.1112
51.972
51.0679
50.3854
52.662
51.7307
52.0221
51.111
55.2756
52.1073
52.3256
50.0595
49.3893
51.6341
53.5451
52.86
50.9046
51.5339
51.3055
53.418
51.2032
51.3757
52.0845
53.3073
50.683
53.7326
53.6692
51.7764
51.7533
50.2198
52.1118
52.6542
53.2292
51.0465
52.2401
52.5162
51.5138
50.7923
50.8795
52.5062
52.2732
52.4479
53.2629
54.1119
51.4647
52.8507
52.9671
52.3991
50.7999
52.0939
52.8987
51.2263
50.347
50.3343
49.3459
51.0462
51.7697
51.2703
50.7001
51.8316
51.9448
53.9801
51.5214
51.6103
53.8449
52.0462
52.1144
53.9672
54.621
52.9131
50.6599
53.369
53.8187
55.6535
53.3284
54.2584
50.8933
52.7266
51.2928
50.8804
51.3836
51.5667
52.6403
51.1986
52.5299
53.4442
51.9753
52.9263
50.6034
52.9075
52.7778
51.4953
51.9318
52.5358
55.1888
52.6085
51.5703
52.7239
52.142
49.6326
52.1431
51.3289
51.8814
53.9876
53.9113
54.8202
52.3635
53.8924
51.8786
52.0694
53.206
51.8863
51.3083
52.0288
52.2557
52.7199
52.1339
53.225
52.3202
53.0771
50.3464
51.9349
51.2988
49.8176
50.5676
51.8263
52.2841
53.1411
52.6342
51.3772
53.4027
53.2541
53.9201
52.1498
52.1255
52.2002
50.8498
50.7745
52.5684
52.7397
51.5242
51.0976
51.7211
53.2037
51.6072
52.5615
52.1763
53.1154
53.2076
51.3194
51.7654
52.5474
51.2881
50.0087
50.1511
54.0696
52.8875
52.8125
53.9761
54.759
51.6371
51.7524
54.2265
54.8702
54.5022
50.5269
51.8695
53.2997
53.1437
51.1917
50.9834
52.851
52.8279
52.7802
53.8848
52.5819
51.786
52.5978
52.7542
50.1397
51.1903
49.8509
50.2772
50.181
51.7314
53.1028
52.6341
53.1747
52.5042
52.0171
52.2107
52.1702
51.0122
50.5297
49.1821
50.6921
51.536
51.1971
50.5908
49.5639
51.0788
51.5648
51.4551
52.6647
53.9424
54.2687
54.9198
51.6328
49.7521
49.9718
51.8904
50.5528
52.3445
52.2457
51.3042
52.0368
51.2559
50.6523
50.149
51.2199
51.4898
51.2724
51.6249
53.2064
53.2528
52.6859
53.012
53.5469
53.8056
53.8799
54.5074
50.0743
52.0017
51.9692
52.9248
53.2798
51.1412
50.6351
49.7543
50.4631
51.452
51.2087
52.8362
53.5898
52.5858
51.813
52.0468
54.1626
53.471
52.4525
51.1973
53.3633
52.8966
49.1309
50.1278
50.2175
51.2746
50.1299
51.6613
52.6003
53.902
51.7516
52.9428
54.0064
52.1736
52.9818
54.0899
53.5977
53.0554
51.735
52.4189
54.393
53.4807
52.1503
50.8728
51.9475
51.3876
51.736
52.8034
52.0039
51.6988
51.2686
52.8191
52.3849
52.5656
50.7356
51.1016
53.5325
51.5595
50.0349
49.5753
49.9158
50.5649
51.4131
50.1742
51.1617
52.0313
52.687
50.3971
50.0149
50.514
50.7881
50.491
53.1996
52.3397
51.8359
50.1068
52.5023
53.5427
53.1817
50.4373
51.2068
51.5886
53.1308
52.4049
50.5875
50.0489
51.0073
52.3537
51.1072
49.6439
49.393
50.6742
49.0042
49.0668
51.1022
51.6845
53.5589
54.0149
52.3637
52.2051
52.1766
54.0544
52.4401
51.6907
53.8521
53.282
51.4051
49.2459
50.3801
50.9176
52.8637
51.4951
51.4226
53.1947
52.1221
50.039
50.1588
49.84
49.7929
50.7558
51.7185
51.0635
53.0571
51.146
51.8067
51.0349
50.247
51.5338
51.8988
49.5479
49.3588
49.4152
50.5892
49.6462
50.9089
50.6453
52.4467
50.736
50.2833
50.0336
49.7475
51.8745
52.0231
52.2712
54.1359
52.1057
51.9169
52.6465
51.2458
53.079
50.6223
51.4634
50.8152
51.1967
51.4672
50.9702
50.7274
50.159
49.6169
50.5804
51.4813
53.3176
52.2975
52.895
52.6708
52.6159
52.3468
52.8531
52.6309
50.0689
50.8175
50.6543
52.041
52.6697
53.6623
54.2646
52.5482
48.8872
50.1187
52.992
53.3548
51.1639
51.8102
50.9303
52.7501
52.2323
53.221
51.9573
51.6491
52.8401
51.1936
50.2474
50.0641
51.5847
52.6736
52.5179
52.6426
53.3221
53.4429
51.8283
52.0755
51.5215
50.9737
49.9452
51.7394
52.577
53.085
51.7538
51.1588
51.4489
54.6937
53.9568
51.6221
50.9003
50.5066
51.3885
50.9016
50.9799
51.0435
51.5843
50.8371
52.5189
51.7949
52.3126
53.8601
52.6938
51.6767
50.6257
51.9153
50.1672
51.3852
50.7239
51.0943
51.4823
51.2579
49.8917
53.1336
51.1821
50.1838
50.2192
48.9224
50.8378
51.4817
50.5278
51.1651
50.5706
50.3591
50.7966
52.7638
53.7453
54.6945
52.8562
52.1088
52.7976
53.7386
52.9009
53.792
53.719
52.7702
51.4111
52.2842
50.5507
50.7968
50.9188
52.5482
52.9419
50.9058
51.0942
50.827
50.4753
53.4148
50.2082
52.8306
50.1298
50.5648
51.2188
53.079
53.7251
52.9523
54.0582
54.9296
51.9747
53.1555
52.9073
53.172
51.4418
49.9168
50.3705
50.6408
50.5093
49.4124
53.6402
49.8371
51.4859
51.1898
51.4562
50.5179
51.9729
50.8631
53.1133
53.6834
52.4435
51.234
50.0041
50.5876
52.477
53.5891
53.7681
55.2306
51.2114
51.2356
51.6053
52.6691
54.7943
53.3591
53.9793
53.0015
53.5198
52.7862
49.3833
51.3159
50.9422
50.9385
50.7989
51.3141
52.9685
54.198
51.6413
51.5079
51.4323
52.1794
51.2023
53.5285
53.6832
55.2887
53.4939
50.3591
52.0031
51.6277
50.7351
51.366
52.4257
53.3495
50.3806
50.3614
51.2545
52.3936
51.1051
52.8198
54.6432
53.5375
52.6731
50.945
49.8755
50.846
50.4432
49.5627
50.7421
49.9978
49.8018
49.4442
51.265
51.5796
51.4388
51.746
53.2384
54.0565
53.0049
53.3576
52.9398
52.0704
51.3271
53.3304
53.0315
51.8689
50.8853
50.8973
53.3976
50.6032
51.2822
52.9417
53.5078
52.551
52.1395
51.0569
52.1346
54.462
54.1452
55.3507
51.6346
52.1425
53.7674
53.6405
51.4168
51.0598
51.1564
52.2321
53.422
52.2465
52.6292
53.0306
53.3117
52.2045
51.8791
51.0393
52.3216
53.198
52.6347
52.1991
51.4912
51.2965
52.014
51.8348
52.5706
51.2192
52.6956
51.1123
51.1951
51.3891
51.8403
53.3708
53.0306
52.8649
51.9379
51.6079
50.5571
52.7507
51.8975
51.7742
50.7659
50.5943
51.3898
51.3819
52.2979
52.553
50.3152
50.5549
51.8434
54.9904
53.3501
51.9343
51.6719
51.1981
52.7257
57.7364
52.1121
50.8878
50.5386
49.3587
49.9937
48.828
49.7349
50.7462
52.8165
50.1794
50.307
51.876
51.678
53.0285
51.4375
51.7864
51.1672
51.9647
50.4901
50.4939
50.7199
52.0528
50.653
52.418
51.9825
52.5218
50.8587
52.7614
54.3787
49.9263
49.7739
50.9339
50.3801
50.6055
50.3759
51.1837
50.3646
50.4289
52.0507
51.3449
51.8618
52.2052
52.9214
52.4278
52.3161
52.4325
54.2344
53.519
51.2712
54.5291
52.5849
51.6598
52.1127
51.2067
51.4611
52.2454
53.592
49.6192
50.8082
51.2789
52.3458
51.8008
51.1369
52.611
53.6492
53.6946
54.5385
52.9101
53.1601
54.1599
53.806
52.7277
53.7011
52.7477
52.0029
51.898
52.882
52.4376
52.5169
52.2575
52.9672
50.4558
52.248
53.5939
52.765
52.2289
51.0026
50.6781
52.4467
52.0937
52.997
53.5905
54.0961
54.1424
52.3441
51.9988
51.4829
51.9485
53.4102
51.5672
51.873
50.9483
50.4722
52.4855
52.9701
50.2381
51.1162
51.3993
52.2075
50.8703
49.7676
50.0438
49.8015
51.2504
51.6051
52.3073
51.7536
52.6244
51.8614
49.8943
49.373
51.5591
55.4937
54.24
51.7084
51.085
51.0035
52.2001
51.8235
51.0745
50.8513
49.3225
51.4403
50.3897
51.3586
50.2108
50.745
51.9566
51.4413
50.4622
53.672
52.6603
53.3266
52.7091
52.1257
51.4885
50.8176
53.7547
54.9341
51.5485
50.5586
50.9698
50.1453
51.926
53.4792
49.2686
49.8833
50.9943
50.335
50.965
50.711
53.1765
51.1814
52.1801
51.7857
51.0963
50.3335
51.6514
51.7314
50.8304
53.2309
50.979
51.5524
53.4071
52.3463
52.4706
51.8267
50.0793
51.2958
52.5823
52.9907
53.6718
54.0766
50.5249
51.5073
52.226
51.1558
53.3764
51.268
50.1638
50.0621
51.2703
51.7997
50.587
51.663
50.2591
52.412
54.5121
54.5968
52.1973
50.4274
51.2649
51.2409
50.1928
50.9193
52.6682
51.6538
53.4646
52.9808
52.7946
53.9405
52.609
52.807
50.4842
52.9681
53.3004
51.2874
53.0343
55.9757
51.6601
52.3869
50.7666
50.439
51.7209
53.6574
51.8365
51.7355
51.3498
52.8243
51.6609
52.0321
52.3264
52.9126
52.7327
51.1043
52.5483
52.9072
50.8807
49.8996
50.43
50.1473
51.9014
51.2794
51.8374
52.8604
53.8705
51.9878
51.4753
52.2791
50.6688
50.7899
52.9575
52.1909
52.2685
51.5522
52.4868
51.6247
52.6867
52.9932
52.5483
51.7461
51.4014
50.4333
50.3265
50.0971
49.9188
51.5053
51.366
52.7045
53.8602
52.7021
51.4879
52.4244
52.1873
51.5628
50.1439
51.7129
52.5014
51.8619
51.819
53.7086
51.6874
53.2139
51.5326
53.0394
53.7688
53.5613
52.6432
53.1026
52.3677
50.7777
50.9097
51.777
51.9076
51.5737
49.9041
50.4617
50.8541
53.904
54.4884
53.7395
53.4258
51.3259
51.1816
51.9149
54.5714
55.1754
54.7259
51.6012
50.0832
51.6854
50.1148
52.5144
53.722
51.5453
52.3455
54.6366
55.0185
52.1283
51.9488
51.7803
51.7669
50.6265
50.6958
53.2355
51.8551
52.3128
50.7638
51.7503
50.7545
52.3081
50.7057
55.9779
55.404
52.5889
52.5768
52.524
50.7504
52.0991
52.5561
50.7813
51.0317
51.9576
51.3336
51.1093
51.8698
51.675
52.9905
53.6679
51.7103
52.934
53.3069
49.9394
50.1252
48.9551
48.8183
49.7524
51.2888
51.8139
51.0058
50.2121
49.7911
52.173
53.2894
54.8888
52.9349
52.5737
50.7556
51.0546
52.7606
50.5465
51.3051
49.8612
51.1016
54.0068
52.5455
52.6706
51.7124
51.9915
51.9937
52.1122
51.0558
49.4955
51.2277
51.2773
50.4842
52.3742
51.9543
51.6981
51.7567
52.0705
52.6016
51.6202
50.4528
50.1458
50.7177
50.99
49.5217
51.0077
52.8732
54.1296
54.0451
52.0799
51.7695
51.6562
51.8411
52.0561
51.0675
50.8736
51.5028
52.244
52.1624
52.7484
50.841
50.6256
52.0198
52.1031
50.8129
51.4286
52.0682
50.1723
52.0872
50.7946
51.0283
51.3784
50.6353
51.2468
51.6412
51.4091
51.7326
50.2929
51.284
52.1278
53.0666
51.9893
51.0928
51.0306
51.2191
52.1897
49.9384
50.1859
50.962
51.7573
51.522
50.952
53.1451
51.8184
53.6623
52.1229
53.3863
52.261
50.7986
53.1072
54.4587
54.167
54.9995
53.4693
51.2547
52.1116
51.8722
52.8866
52.3361
52.879
53.672
50.7711
52.7766
53.9932
53.1419
51.8229
51.5885
51.9986
50.5822
50.9777
50.7356
51.0706
51.6944
53.0541
52.8105
52.0798
53.0708
52.138
52.4463
52.1152
51.7009
53.7615
52.4026
51.5646
50.7896
50.3242
51.1758
51.9444
52.7605
51.2105
51.7698
53.7231
54.7296
50.7074
51.9524
52.503
51.9133
50.3281
52.4729
51.9643
51.4616
51.2854
52.5639
52.6919
52.5799
51.9296
51.9137
50.6796
50.5069
51.0322
51.3297
49.5902
51.4217
50.1756
49.8782
51.3343
50.5303
50.759
50.89
51.266
50.9296
52.3096
51.074
50.6809
51.6698
51.7837
49.1674
50.8064
52.5858
52.3395
51.1632
50.4381
51.7284
51.5641
50.2634
49.3766
52.2101
51.5704
50.854
51.0234
51.4709
51.0199
51.9554
51.6823
51.8765
51.4524
51.398
51.2222
50.2541
51.0158
51.3439
51.2455
50.9082
53.1334
50.8292
49.9036
50.972
51.3152
50.9839
51.2767
51.9167
54.2139
53.2827
53.4008
55.2552
51.7231
50.9073
51.4335
52.2831
53.3606
52.1813
52.8303
52.4833
55.0509
52.1989
51.1171
49.1972
51.6015
51.7304
51.4551
50.9243
49.577
50.0964
49.7882
52.3269
51.6164
51.2781
49.9659
52.132
53.5873
52.7925
52.266
54.044
52.7737
51.8496
54.1559
52.6726
51.5242
51.7007
52.2341
51.8005
52.0933
53.5753
51.6648
50.0879
50.5036
51.6128
52.1448
51.3964
50.6529
50.2983
50.4489
49.4567
51.4213
53.7139
54.6465
53.3878
52.2125
52.2664
52.0473
51.2331
52.5003
53.216
54.3893
52.4287
54.2558
52.4911
51.6984
54.2091
50.0998
51.7222
52.3412
52.6007
50.7766
50.3954
49.3927
49.9269
50.4789
50.8616
50.1831
50.4881
52.2069
52.1687
50.377
51.2286
52.3656
52.9622
52.3225
54.8599
52.279
50.5734
52.3229
52.054
50.2871
50.3474
52.0019
52.1826
51.824
50.3844
52.5775
52.0816
51.8858
51.0377
51.8162
51.7271
50.4732
50.5666
51.3536
51.2521
50.6321
50.7505
49.2068
51.2374
49.512
48.8086
51.3731
51.2029
52.2037
51.8361
51.7093
51.3579
50.731
53.5013
53.9455
52.9392
50.3989
51.2735
51.707
51.3029
52.039
49.7864
50.5468
52.2347
52.6629
52.8376
51.8528
51.9457
52.9837
52.3787
52.8897
52.2745
52.0853
51.5073
54.1205
51.3707
51.938
49.8927
52.1364
50.5192
49.9338
51.387
52.0763
50.5195
52.3168
53.2115
52.7721
51.4524
52.9279
50.7167
51.2264
53.9143
53.0828
53.1925
52.5
53.8744
51.2552
51.1141
52.7644
49.8359
50.9262
51.5718
52.9022
52.4732
52.7576
54.5309
51.372
52.3414
49.8642
51.1987
50.467
52.1847
52.2866
52.0847
52.2399
51.7986
51.8927
49.569
51.3954
52.6655
51.3735
53.9127
55.4519
53.8468
52.37
51.2597
51.2512
51.4172
51.8751
52.636
51.4494
53.9756
51.641
53.0339
51.7969
53.0136
51.2369
49.7489
50.2868
51.618
52.8638
50.7715
51.2116
49.4336
51.0627
50.8914
52.2877
53.338
53.1361
53.7463
51.4892
49.7034
50.3398
50.555
49.021
51.4095
50.02
51.7855
52.1663
51.6994
53.4556
51.527
52.4522
54.8237
51.3567
53.471
51.2544
50.6637
49.5326
53.1542
51.8692
51.0499
50.6702
50.8753
50.8401
51.3454
52.5048
51.6477
50.3705
52.8653
53.4858
50.2712
51.2402
54.4246
51.5139
48.7569
49.7574
49.4566
51.5566
53.2127
52.8405
51.8038
50.6684
51.0731
51.1308
50.6615
52.1746
52.5059
51.5501
51.3197
51.1551
52.6852
51.6097
51.7715
51.6139
50.4332
48.8014
50.0264
51.4433
53.1131
52.5127
50.5854
53.7818
52.0187
52.2291
51.2158
51.2543
51.9167
51.4732
51.4591
52.4793
53.1613
50.6169
51.2227
49.881
50.9871
51.3976
50.8073
50.8687
50.5589
50.3212
50.5453
51.353
50.5517
49.9104
50.1639
51.1333
51.356
52.663
52.707
51.6084
52.6146
51.6003
52.3231
52.1845
51.248
51.3311
51.0406
50.1943
51.7214
49.8812
51.0354
50.2166
50.0459
51.3214
50.6414
53.183
50.9282
51.8292
53.2052
50.6044
52.1933
51.4757
50.7847
53.4629
52.4773
52.7431
52.8898
51.2872
50.7282
48.5797
51.1256
50.8204
51.6619
50.4773
49.9934
49.0416
51.1579
51.5792
50.7151
52.619
51.739
52.3604
52.7742
51.3688
52.3636
53.8787
52.7086
53.49
52.0806
50.4558
50.7142
50.3618
51.2404
50.4605
49.7366
49.3172
51.1341
50.8284
51.5727
50.8667
50.708
50.1978
50.6833
51.0464
52.4729
51.428
50.6698
53.0309
52.2981
51.5055
52.5311
51.5887
52.4823
52.0646
53.9063
52.2164
49.5583
49.4383
51.0562
51.2314
50.6785
52.7759
51.8249
52.1846
49.6918
50.7576
50.507
51.445
50.9715
51.4885
52.9056
50.7513
51.2085
52.0773
51.1603
51.3803
54.1346
51.9681
50.8047
50.6702
50.655
51.3226
51.565
52.0373
52.6401
53.4203
52.095
50.7439
52.3118
49.8728
52.6744
51.9862
52.7867
54.5441
52.1968
52.9068
51.2154
51.5189
53.18
51.4195
53.1153
52.0969
51.0637
52.6245
50.6692
52.0713
51.1381
53.8562
53.6718
51.4131
51.1061
50.491
51.8797
53.5789
52.2457
51.9163
49.5665
51.1351
50.0767
51.8171
52.6442
50.703
51.9408
51.3505
51.1761
52.4314
52.5836
50.8273
50.2741
52.7884
50.0796
51.7298
52.3503
54.0773
53.503
52.3902
50.3854
50.346
51.9448
50.483
50.5694
51.1464
53.1434
53.4061
50.7578
51.2868
51.2193
50.6858
52.3761
53.7804
55.9467
52.1599
51.2227
54.0297
53.6855
52.7725
51.7533
50.386
51.6704
50.467
51.6688
52.9042
52.6121
50.5865
51.8161
51.9898
52.1963
51.5148
53.7899
53.2443
54.6158
52.5172
50.6664
49.8951
49.1968
49.888
50.7521
51.9161
54.8474
52.0686
50.1844
51.1224
52.9275
53.7068
53.0659
50.1506
50.8896
49.6732
50.4632
51.0461
53.4968
49.8616
52.0807
51.0715
50.7555
51.2552
50.503
52.3157
51.4758
50.5062
50.0438
52.0404
52.2465
52.4204
56.0608
56.5979
54.3507
51.6178
51.3772
51.8397
52.2198
51.006
53.2051
53.3193
52.9178
52.7528
52.5431
48.8992
50.9177
50.4863
51.6974
52.557
50.5886
51.0015
53.0487
54.0618
54.1257
51.34
49.8917
51.3071
50.5233
52.7329
52.1781
51.7502
54.0957
52.9585
50.7603
51.5122
50.6803
49.3091
52.0256
51.6366
51.742
54.3558
52.1401
51.1236
54.2172
51.4567
51.5087
53.2411
53.29
52.181
51.6424
52.0133
50.3905
49.8433
50.8869
51.2933
51.0913
52.2794
51.1167
50.1749
51.4462
52.0636
52.4415
52.8012
55.1379
54.8386
51.9362
51.1838
51.0366
50.6463
52.3045
54.0593
52.0866
51.3866
51.74
50.4505
50.2625
51.2602
51.22
51.1007
51.0131
48.9949
51.0068
51.854
51.6833
51.5338
53.1519
51.6948
50.5681
50.8371
51.5308
52.3153
52.7635
54.0449
53.955
51.7616
51.0207
51.4873
48.9099
51.2033
52.0327
50.178
52.7154
53.3887
52.3172
53.1395
53.4227
51.7771
51.0089
53.2729
53.2337
51.0523
52.0713
50.8761
51.799
51.7496
51.2564
51.9146
53.5993
52.4673
50.5636
51.1391
50.5061
50.544
51.1925
51.9857
53.5021
53.3716
53.9394
54.8878
54.1855
53.4715
51.3339
51.74
50.1721
50.2327
50.9487
51.3648
50.8504
52.3913
50.1933
51.328
51.3096
49.7936
49.3716
50.8201
52.9691
50.6676
52.351
51.0173
51.4654
49.9956
50.1027
49.9276
51.2056
50.9757
51.3463
51.5458
53.7891
52.7208
53.0206
52.9237
52.7488
51.4075
51.5334
52.4641
51.7128
52.4674
52.5977
52.2822
52.3938
51.9362
51.4293
51.5815
51.9439
50.4721
52.4632
50.7732
50.8341
50.8244
51.2571
50.4988
50.5422
51.1136
51.4528
50.0357
50.1764
50.0096
52.4705
51.4114
50.8072
52.0781
53.1179
51.3211
51.8636
50.5236
50.3788
51.9561
50.9708
51.269
50.5115
49.3952
49.8292
52.5728
50.74
52.3067
53.329
52.1193
51.1648
50.5051
51.3028
51.3344
50.8902
51.3826
53.3587
53.7403
51.7826
51.0694
52.1808
52.4384
52.2682
52.1857
50.9082
51.7298
51.2825
50.8419
50.4217
50.2721
50.9521
51.4488
54.0768
51.4856
52.5158
52.1344
50.9763
52.9261
52.1022
51.4302
51.549
52.1524
53.0901
51.5873
50.3925
49.9915
48.862
50.5004
50.8864
52.0435
48.6005
50.2871
51.5943
53.6389
51.5113
50.166
51.6194
51.3893
49.9409
50.6266
50.0114
52.0109
52.2116
52.3992
52.6847
51.2703
52.386
50.7404
52.3426
52.7027
52.2906
53.2804
50.1524
50.6703
50.0248
50.7024
53.5812
52.5732
52.3364
51.6859
51.1977
50.1177
52.7189
50.2237
51.9816
50.821
52.3983
51.5376
52.8765
52.559
50.5231
51.061
51.5596
51.8789
51.0744
51.3592
50.7946
51.8036
51.3325
51.6678
52.1405
51.4197
53.1046
53.1736
52.4459
53.446
52.4867
52.5344
52.8329
53.1918
51.4452
51.3406
52.7562
51.4895
51.5637
52.6656
50.7162
53.2227
53.7368
53.9086
51.7823
53.098
52.7967
52.5775
51.3541
50.7542
50.2047
50.6969
50.1363
49.598
51.4387
52.1428
52.1361
50.6815
52.0388
51.1141
50.0922
51.0896
50.5242
52.1054
52.3598
51.5806
51.7446
52.1509
51.1541
52.0993
50.5349
50.4375
50.6985
50.999
51.429
51.4697
53.1066
50.6807
51.3119
51.2325
52.6801
53.2008
52.4137
53.6923
54.4073
53.0374
51.3942
51.1746
51.8684
51.7343
50.6517
51.8088
51.1568
51.0209
53.6652
55.3189
52.3541
51.653
54.1075
53.8009
52.6579
52.6715
51.7071
49.563
48.6637
49.9449
51.1859
51.8106
50.0044
50.1986
51.3949
49.0483
51.3209
52.5133
50.9026
50.6454
51.4773
52.1374
52.1757
51.7809
52.8222
50.9489
52.4438
51.9469
49.674
50.7598
51.042
52.0164
51.6449
50.3871
51.0515
51.1184
51.5494
52.0676
51.8979
52.0045
51.2176
50.3631
50.701
51.7818
52.3781
50.9756
50.3765
51.4455
51.1256
52.0784
52.2798
52.5591
50.8551
52.9617
51.144
49.9873
49.0877
50.8171
53.8347
52.9264
53.1697
53.7547
53.5666
53.3654
52.7476
52.5405
53.1219
53.2243
52.1919
52.6646
51.0797
50.1891
50.6025
53.1718
52.9956
55.0826
53.3228
53.3814
51.2258
52.646
50.0006
50.9269
51.0529
49.8837
50.9524
50.9744
51.2723
52.4217
51.6418
52.0132
51.8686
53.5329
52.3053
50.3711
51.0093
51.2782
51.9927
50.2488
51.1262
51.3244
52.776
52.3057
51.6126
51.8228
50.4793
49.7766
51.042
51.4122
51.7027
51.4045
52.5294
53.278
53.7298
52.3908
52.0912
53.37
50.6209
51.1989
51.7068
50.2366
49.9461
50.033
50.853
50.8408
51.0468
50.4237
50.1166
52.0743
50.7391
53.0235
51.4854
53.4151
51.6224
51.4025
52.1808
51.2886
51.1558
52.2005
53.4305
52.8576
52.3429
50.0503
50.6502
53.742
52.3537
52.9598
55.7224
52.9412
52.2511
51.863
52.0292
51.6097
50.6944
50.3669
50.8716
51.4272
51.326
50.2346
51.3709
53.522
54.1761
51.7609
51.9964
51.9256
52.0013
51.6537
52.4545
51.4628
52.0661
50.5788
52.3049
52.6633
54.6443
52.854
51.9417
52.9842
49.9056
51.5633
51.8655
51.082
50.7539
51.3932
50.8292
51.517
51.9633
53.4024
52.5454
51.4482
51.7667
50.5012
53.0104
52.2969
54.7556
53.1214
50.4568
49.6135
48.9888
49.2677
50.6268
51.4807
51.6604
51.9196
52.4906
53.0711
52.8985
52.3808
52.5808
54.7138
53.9115
52.1765
51.8261
53.2585
54.0168
51.6653
50.3724
50.3988
49.7754
50.2871
50.5456
51.259
50.7489
51.3826
52.829
52.6286
52.7708
50.6064
50.8331
52.0086
52.3604
51.449
50.9494
51.9177
52.6073
53.4133
51.5422
50.5237
49.2106
52.1827
50.9649
52.6505
50.6787
51.2184
52.7941
53.9376
50.7818
52.2214
52.5957
49.4561
51.4766
50.5206
51.7987
52.73
51.0026
50.55
49.2658
50.0024
50.8081
51.0063
50.6424
49.979
51.1624
51.1799
51.2205
50.7867
51.7741
52.3989
52.2036
52.5052
52.003
52.1244
53.1731
52.9045
49.6393
50.6447
51.7049
49.7227
51.9708
51.8517
53.801
53.4307
55.8999
55.8442
53.2061
52.3868
52.2475
52.4068
52.1763
52.7007
54.9604
53.3141
51.6194
51.1635
49.8724
50.427
51.7087
49.8142
50.4914
52.3764
50.872
53.7038
52.9214
51.3484
50.8427
51.8158
52.8466
51.0257
51.5663
50.5727
50.8244
53.4171
54.4087
52.2928
52.1519
52.6633
51.7193
52.326
52.1708
53.9264
52.2104
50.9441
50.7413
48.5365
50.4992
50.862
50.1969
50.9378
51.2809
51.6449
51.633
50.687
51.0148
52.9158
50.4365
49.9647
51.083
49.1501
48.306
50.7872
50.482
51.8429
52.2654
52.4921
51.5717
53.6848
54.3637
54.9229
52.7524
51.4887
51.3712
52.6988
51.5199
53.2215
53.4871
51.5264
52.4337
54.3512
53.8808
53.1097
50.8733
50.8045
50.531
50.1242
51.1326
52.1809
53.0034
52.7162
55.0538
53.9025
52.1455
53.0618
53.2329
54.2076
53.3813
49.8865
49.9905
52.3967
51.1744
51.3107
51.4828
50.6523
51.3951
49.9573
52.5324
51.267
51.8116
52.7825
52.7166
53.1393
50.9655
52.0764
52.0224
51.364
52.8543
50.7206
52.5129
53.8677
52.943
52.4018
51.4443
51.2621
51.3558
52.1979
51.013
50.8331
52.4625
51.7783
52.6801
51.7164
52.3241
51.4154
49.5286
51.517
53.6203
53.1119
52.1845
51.5908
50.5597
49.8958
50.1299
52.9162
51.9172
51.1924
50.5834
49.4462
49.5466
49.1322
50.0783
51.5039
50.3637
50.4873
49.8618
49.1994
50.8735
50.5022
53.9704
52.9361
53.0321
53.3457
51.1987
50.1094
52.4488
52.526
53.0496
49.6387
50.7843
50.1428
50.5233
49.4991
51.2237
53.9564
51.9072
51.438
50.8822
52.0652
50.4507
51.1801
51.9964
51.1205
50.5937
51.1549
52.6412
54.9346
53.1783
51.0948
53.0316
52.4544
49.5775
52.4978
52.8577
51.6585
50.8139
50.3608
51.3091
52.5893
50.7786
52.422
53.5982
52.1725
52.0925
51.3701
52.4533
50.2074
51.1124
52.1222
52.0048
52.8535
51.2872
50.4352
50.3492
50.7753
49.8006
49.6822
50.7971
53.5205
51.0579
50.0813
51.7936
52.0596
49.8085
48.9971
50.0903
51.3853
51.2532
50.4353
51.4625
50.6791
52.4927
53.256
51.8391
49.5866
50.4544
50.2009
51.8804
51.8876
50.4944
52.0356
52.1423
51.0527
53.555
51.8366
51.4482
52.7872
52.5248
52.4925
54.2624
51.592
50.6899
50.9247
51.7239
50.779
50.0944
49.8622
52.0493
51.8138
50.3664
53.4094
53.2024
50.553
52.1456
52.7827
52.7482
52.1512
52.5777
53.7599
52.8348
52.4897
50.7377
51.0612
53.1003
50.4573
52.8185
50.9626
51.411
52.6481
51.3886
49.4845
50.1307
51.0245
50.0875
51.4666
51.6537
49.004
50.0328
52.4868
51.6927
52.4387
52.7089
52.4284
53.081
52.149
51.3725
50.936
51.7069
51.2932
50.842
51.6309
50.4598
50.5334
51.8325
52.1906
53.3013
51.7843
52.8006
51.4872
53.2167
54.1668
53.58
53.461
51.8461
51.532
51.0381
52.7974
51.3519
51.8739
50.9985
50.7782
50.7241
51.727
50.3593
51.8563
51.4223
50.3639
51.9835
52.3096
52.1184
51.7652
51.262
50.9149
52.4676
52.6554
53.0866
52.9695
52.7711
53.122
52.5413
53.0784
52.0249
54.668
54.6189
54.1715
53.801
51.2711
50.7922
53.3872
52.697
53.9648
53.6866
53.2059
54.1814
50.5996
51.2512
54.0658
52.8175
52.3037
51.6372
51.0728
50.8577
50.9897
52.1895
51.7552
52.6104
50.4171
54.1689
52.8555
54.1696
54.3191
55.0544
53.3305
53.7023
52.2768
50.2943
52.8552
51.7026
50.7806
50.6075
50.0904
51.0303
51.2823
53.4344
52.3266
52.7139
50.7804
52.6405
54.1176
53.9721
52.8987
51.5341
53.259
51.4367
52.5831
54.1587
51.3319
51.2232
51.6522
51.105
50.687
50.0062
50.8536
49.7926
50.5742
52.4527
51.4455
51.7021
49.6556
49.9784
49.8537
50.0814
52.3663
53.317
54.4395
53.0274
52.3224
52.6264
52.9576
54.3751
