1,	-0.392006,	0
2,	-0.391353,	0.000653446
3,	-0.408775,	0.0174267
4,	-0.400853,	0.0146493
5,	-0.402481,	0.0114635
6,	-0.40362,	0.00942896
7,	-0.39614,	0.0109295
8,	-0.392384,	0.0101834
9,	-0.391923,	0.00899276
10,	-0.390744,	0.00812927
11,	-0.389609,	0.00744033
12,	-0.387882,	0.00700808
13,	-0.388626,	0.00648933
14,	-0.386363,	0.00642021
15,	-0.38489,	0.00615562
16,	-0.385723,	0.00581787
17,	-0.388908,	0.00632535
18,	-0.389313,	0.0059774
19,	-0.389233,	0.00565463
20,	-0.389843,	0.00539906
21,	-0.389821,	0.00513558
22,	-0.391295,	0.00511364
23,	-0.39349,	0.00535667
24,	-0.394577,	0.00524254
25,	-0.395354,	0.00508805
26,	-0.395837,	0.00491232
27,	-0.394247,	0.0049872
28,	-0.395376,	0.00493662
29,	-0.397574,	0.0052458
30,	-0.39637,	0.00520902
31,	-0.395292,	0.0051522
32,	-0.39528,	0.00498861
33,	-0.39658,	0.00500674
34,	-0.397419,	0.00492912
35,	-0.396969,	0.00480729
36,	-0.396527,	0.00469274
37,	-0.395316,	0.00472194
38,	-0.395505,	0.00459987
39,	-0.396994,	0.00472124
40,	-0.397855,	0.00468169
41,	-0.398084,	0.00457179
42,	-0.397616,	0.00448606
43,	-0.396265,	0.00458418
44,	-0.396004,	0.00448638
45,	-0.396753,	0.00444899
46,	-0.397377,	0.00439576
47,	-0.397733,	0.00431596
48,	-0.398424,	0.00428113
49,	-0.399731,	0.00439197
50,	-0.400494,	0.00437034
51,	-0.402785,	0.00485797
52,	-0.403992,	0.0049142
53,	-0.404051,	0.00482093
54,	-0.404292,	0.00473698
55,	-0.404262,	0.00465016
56,	-0.403554,	0.00462079
57,	-0.403314,	0.00454534
58,	-0.402953,	0.00448085
59,	-0.402733,	0.00440975
60,	-0.402346,	0.00435289
61,	-0.40265,	0.0042917
62,	-0.402685,	0.00422206
63,	-0.403585,	0.00425094
64,	-0.403481,	0.00418529
65,	-0.403085,	0.00413943
66,	-0.402673,	0.00409694
67,	-0.402012,	0.00408922
68,	-0.402059,	0.00402892
69,	-0.401686,	0.00398758
70,	-0.401727,	0.00393042
71,	-0.401147,	0.00391776
72,	-0.400152,	0.00398906
73,	-0.39959,	0.003974
74,	-0.399446,	0.00392258
75,	-0.400052,	0.0039171
76,	-0.399956,	0.00386641
77,	-0.399837,	0.00381772
78,	-0.399733,	0.0037699
79,	-0.399438,	0.00373349
80,	-0.399221,	0.00369293
81,	-0.398584,	0.00370231
82,	-0.398218,	0.00367518
83,	-0.398029,	0.0036355
84,	-0.397938,	0.00359312
85,	-0.397441,	0.0035852
86,	-0.396629,	0.00363521
87,	-0.396144,	0.00362578
88,	-0.396014,	0.00358668
89,	-0.395327,	0.00361219
90,	-0.394702,	0.00362603
91,	-0.394139,	0.00362989
92,	-0.394068,	0.00359091
93,	-0.394119,	0.00355246
94,	-0.394097,	0.00351453
95,	-0.394611,	0.00351511
96,	-0.395139,	0.0035182
97,	-0.395551,	0.00350598
98,	-0.395449,	0.00347152
99,	-0.395511,	0.00343684
100,	-0.395441,	0.00340304
