1,	1.411789921,	0
2,	1.411795135,	5.214576144e-06
3,	1.411786719,	8.938380527e-06
4,	1.411767619,	2.011848811e-05
5,	1.411720257,	4.985975909e-05
6,	1.411713525,	4.126330481e-05
7,	1.411713495,	3.487387013e-05
8,	1.41172909,	3.398999851e-05
9,	1.411732226,	3.013994642e-05
10,	1.41172494,	2.792503494e-05
11,	1.411722258,	2.540121582e-05
12,	1.411730815,	2.471675715e-05
13,	1.411733202,	2.28610573e-05
14,	1.41174516,	2.430974015e-05
15,	1.411744377,	2.264468664e-05
16,	1.411743438,	2.120296484e-05
17,	1.411742464,	1.994053179e-05
18,	1.41174083,	1.887092871e-05
19,	1.411740429,	1.785463341e-05
20,	1.411743411,	1.719896232e-05
21,	1.411746593,	1.666594825e-05
22,	1.411743144,	1.626021302e-05
23,	1.411744685,	1.561336738e-05
24,	1.411742266,	1.514306458e-05
25,	1.411739367,	1.481115051e-05
26,	1.411741245,	1.435338509e-05
27,	1.411742387,	1.385868876e-05
28,	1.411738606,	1.38795178e-05
29,	1.411737235,	1.346236093e-05
30,	1.411739252,	1.316143424e-05
31,	1.41173355,	1.39484049e-05
32,	1.411730752,	1.379227431e-05
33,	1.411731224,	1.337612417e-05
34,	1.411731068,	1.297769278e-05
35,	1.411730115,	1.263743509e-05
36,	1.411730304,	1.228284403e-05
37,	1.411729758,	1.195874483e-05
38,	1.411729427,	1.164448335e-05
39,	1.41173028,	1.13739652e-05
40,	1.411729555,	1.110965956e-05
41,	1.411732753,	1.12973655e-05
42,	1.411733984,	1.109363326e-05
43,	1.411734609,	1.085059461e-05
44,	1.411735691,	1.065618492e-05
45,	1.41173556,	1.041751475e-05
46,	1.411737116,	1.030661734e-05
47,	1.411738454,	1.017338802e-05
48,	1.411736894,	1.008065529e-05
49,	1.411732466,	1.082024424e-05
50,	1.411728126,	1.145570902e-05
51,	1.411725124,	1.16230748e-05
52,	1.41172284,	1.162409424e-05
53,	1.411719625,	1.184713917e-05
54,	1.411715262,	1.241744327e-05
55,	1.411713156,	1.237012347e-05
56,	1.411714602,	1.223296082e-05
57,	1.41171674,	1.220516115e-05
58,	1.411719712,	1.235577165e-05
59,	1.411721689,	1.23043164e-05
60,	1.411723723,	1.226729058e-05
61,	1.411725893,	1.225818163e-05
62,	1.411725548,	1.206377903e-05
63,	1.411725613,	1.187092064e-05
64,	1.411727719,	1.187229572e-05
65,	1.411728445,	1.171076558e-05
66,	1.411729933,	1.162757632e-05
67,	1.411731734,	1.159343713e-05
68,	1.411733694,	1.158853119e-05
69,	1.411735529,	1.15658426e-05
70,	1.411737452,	1.15606056e-05
71,	1.411739122,	1.151828063e-05
72,	1.411739908,	1.138433922e-05
73,	1.411740538,	1.124497387e-05
74,	1.411740617,	1.109225667e-05
75,	1.411741705,	1.09972706e-05
76,	1.41174259,	1.088767378e-05
77,	1.411742886,	1.074940375e-05
78,	1.411744188,	1.069026575e-05
79,	1.411745524,	1.063836668e-05
80,	1.411748067,	1.080788177e-05
81,	1.411748744,	1.069506619e-05
82,	1.41174746,	1.06415343e-05
83,	1.411746782,	1.053440639e-05
84,	1.411746547,	1.041088215e-05
85,	1.411747171,	1.030656143e-05
86,	1.411747843,	1.020817435e-05
87,	1.411747911,	1.009038546e-05
88,	1.411748498,	9.992294794e-06
89,	1.411749537,	9.933865894e-06
90,	1.411749247,	9.827137936e-06
91,	1.411747997,	9.798667675e-06
92,	1.411746361,	9.828712385e-06
93,	1.411746006,	9.728914221e-06
94,	1.411744397,	9.758470884e-06
95,	1.411743302,	9.717025878e-06
96,	1.411742767,	9.630184036e-06
97,	1.411744393,	9.668104818e-06
98,	1.411745756,	9.665539949e-06
99,	1.411746072,	9.572619625e-06
100,	1.411743952,	9.71061268e-06
