1,	-5.462217655,	0
2,	-5.461998297,	0.0002193577098
3,	-5.461553803,	0.0004621848447
4,	-5.461416654,	0.0003544250609
5,	-5.46125312,	0.0003195521342
6,	-5.461250055,	0.0002609312324
7,	-5.461042577,	0.000302786161
8,	-5.461009666,	0.000264277655
9,	-5.460930897,	0.0002460217616
10,	-5.460978706,	0.0002251822644
11,	-5.461049155,	0.0002155242808
12,	-5.461018964,	0.0001990488563
13,	-5.460947005,	0.0001967311798
14,	-5.460928039,	0.0001831223833
15,	-5.46090086,	0.0001726306824
16,	-5.460965888,	0.000174082811
17,	-5.460940254,	0.0001655193539
18,	-5.460966052,	0.0001581710967
19,	-5.460989787,	0.0001514859438
20,	-5.461022656,	0.0001474230878
21,	-5.461014405,	0.0001404698896
22,	-5.461027985,	0.0001346195036
23,	-5.461016253,	0.0001291672735
24,	-5.461005862,	0.0001241040715
25,	-5.461037562,	0.0001231851637
26,	-5.461065014,	0.0001214946276
27,	-5.461055948,	0.000117259302
28,	-5.461031142,	0.0001156845873
29,	-5.461063517,	0.0001162241835
30,	-5.461086821,	0.0001146761857
31,	-5.461111872,	0.000113709024
32,	-5.461107524,	0.0001101841069
33,	-5.461100513,	0.0001070229469
34,	-5.461118928,	0.0001054480117
35,	-5.461144145,	0.0001054503156
36,	-5.461124281,	0.0001043865367
37,	-5.46114594,	0.0001038105436
38,	-5.461166305,	0.0001030737253
39,	-5.461166012,	0.0001003964551
40,	-5.461155931,	9.837230247e-05
41,	-5.461148155,	9.625754896e-05
42,	-5.461148176,	9.393775267e-05
43,	-5.461147544,	9.17293218e-05
44,	-5.461155267,	8.995246261e-05
45,	-5.461164161,	8.837943901e-05
46,	-5.461172534,	8.68413874e-05
47,	-5.461149608,	8.801191364e-05
48,	-5.461162144,	8.706595797e-05
49,	-5.461173909,	8.607850748e-05
50,	-5.461189796,	8.582246203e-05
51,	-5.461177002,	8.509014125e-05
52,	-5.461157802,	8.561837774e-05
53,	-5.461135198,	8.697577585e-05
54,	-5.461120579,	8.659284279e-05
55,	-5.46110507,	8.640719297e-05
56,	-5.461102415,	8.489168878e-05
57,	-5.46108772,	8.467398369e-05
58,	-5.461096311,	8.364356287e-05
59,	-5.46109525,	8.222049689e-05
60,	-5.461097277,	8.086396827e-05
61,	-5.461109114,	8.04033578e-05
62,	-5.461093532,	8.061610232e-05
63,	-5.461096975,	7.940084321e-05
64,	-5.461092609,	7.827224599e-05
65,	-5.46107809,	7.841447571e-05
66,	-5.461066007,	7.815699797e-05
67,	-5.461043651,	8.016204916e-05
68,	-5.46103037,	8.008330421e-05
69,	-5.461044921,	8.024446564e-05
70,	-5.461050756,	7.93047563e-05
71,	-5.461050804,	7.817982418e-05
72,	-5.461043058,	7.747452132e-05
73,	-5.461055126,	7.735304042e-05
74,	-5.461064781,	7.690893449e-05
75,	-5.46106903,	7.599544228e-05
76,	-5.46106158,	7.535795226e-05
77,	-5.461068345,	7.467985529e-05
78,	-5.461085705,	7.573276373e-05
79,	-5.461087459,	7.478854987e-05
80,	-5.461079808,	7.424314441e-05
81,	-5.461081817,	7.334835524e-05
82,	-5.461068001,	7.375394193e-05
83,	-5.461065658,	7.289756405e-05
84,	-5.46106654,	7.202990644e-05
85,	-5.461065635,	7.118321028e-05
86,	-5.461057659,	7.080134722e-05
87,	-5.461047846,	7.06673183e-05
88,	-5.46103343,	7.133174359e-05
89,	-5.461030577,	7.058335753e-05
90,	-5.461032295,	6.981581627e-05
91,	-5.461041516,	6.965737897e-05
92,	-5.461049784,	6.939037822e-05
93,	-5.461047111,	6.869220229e-05
94,	-5.461043871,	6.803471375e-05
95,	-5.461028671,	6.900937707e-05
96,	-5.461029187,	6.828869362e-05
97,	-5.461027279,	6.760794228e-05
98,	-5.461033799,	6.723141137e-05
99,	-5.46104163,	6.700796264e-05
100,	-5.46103992,	6.635652766e-05
