161.571
154.538
144.783
134.729
126.9
122.887
118.16
115.158
109.782
106.301
103.562
101.319
97.8356
94.7499
91.594
90.6824
89.288
87.9763
87.5234
86.3973
85.1169
82.9658
81.8809
83.4642
81.9962
81.468
79.1248
76.9538
75.878
76.3643
74.2814
67.8837
66.461
65.3456
65.5989
63.3278
65.4366
64.9363
65.3522
66.459
67.1741
66.8429
64.3369
65.1595
65.2113
65.3519
64.5492
66.1036
65.189
64.851
64.1315
64.7231
61.9267
61.7559
63.374
62.2228
63.1235
65.1485
64.551
64.8929
64.0349
64.6742
63.2328
62.3992
63.9633
63.4819
63.9278
61.5034
62.3574
62.2776
61.7992
61.5576
63.9331
63.3887
64.4319
63.9553
62.6874
62.2741
63.5513
63.2422
64.1917
62.1226
62.2797
64.0875
62.4206
62.7392
61.0167
60.4703
61.6391
59.5301
61.1605
61.1762
59.9754
60.7415
59.945
60.3812
60.0268
62.2732
61.7487
61.6571
58.6702
57.9886
59.6349
58.8527
58.1213
57.7849
58.0665
55.8791
57.6207
55.8429
55.5374
56.9073
55.3423
59.3191
56.7836
56.6608
56.424
55.8231
55.4033
56.0472
56.6231
55.5168
55.2609
56.5352
57.1563
59.0598
61.127
56.9075
55.9516
56.8609
57.5429
57.6216
58.3136
57.3384
54.5193
53.9846
54.8668
54.7376
57.2486
55.0213
54.1865
55.9347
55.6796
54.6878
56.2638
55.3307
55.9056
56.146
55.0576
55.6929
56.3853
55.7164
54.8426
55.914
55.8329
54.558
55.1174
57.3528
56.1543
57.3042
56.0996
56.2321
56.8173
55.2635
54.9756
55.8296
56.5739
54.5609
53.9578
54.5437
55.0396
54.7571
55.1874
54.0598
54.3419
54.879
54.8985
55.1266
54.432
54.7652
53.8878
53.8475
53.2187
55.1099
56.4669
57.3439
54.991
53.5266
53.5267
54.9284
54.2489
54.5827
55.6673
54.9558
55.0745
55.2557
55.8393
55.4062
56.2169
55.0213
56.0415
55.0635
55.7653
54.9991
55.1164
53.3449
54.845
56.052
55.8542
54.2317
54.5213
55.419
56.201
56.5306
57.5411
56.317
54.6638
57.0804
57.6127
55.1962
55.8508
55.0018
55.4732
56.8071
57.1125
54.5722
56.3126
55.4226
54.9001
53.8412
53.9611
55.8401
55.141
54.905
54.4415
55.0645
54.7645
54.1003
53.9665
55.7203
55.6802
54.2966
53.983
55.3076
54.0864
53.3954
54.6424
55.6751
54.5829
54.5302
55.0825
54.7913
55.119
55.6225
54.4971
57.2209
55.0262
55.8465
55.2794
57.1733
54.0628
54.883
53.5072
55.5386
54.0639
54.0438
53.5886
54.46
56.7659
55.5627
54.6339
55.0073
57.2858
55.4188
55.5173
55.4808
55.3049
53.9669
55.0047
54.9599
54.2615
53.6052
54.3493
53.3889
55.6493
56.2204
55.7433
54.2966
52.8256
54.5832
53.8032
54.59
54.3628
54.6865
55.5034
54.7238
55.3221
53.7935
53.8829
54.2819
54.8332
54.8634
56.0438
53.4165
54.4632
54.7612
53.0343
54.7852
55.4612
55.223
54.1099
54.2423
54.7728
52.8786
53.5678
55.5295
56.6518
58.1868
55.9547
55.4969
55.9695
54.9237
55.5025
54.4731
52.9639
54.7139
54.4364
53.4116
55.5313
53.9986
55.2113
54.0977
55.0274
54.7188
55.3567
55.9033
57.311
55.1163
54.8613
54.9537
54.1353
55.9144
55.4482
55.2966
55.6758
54.7433
54.7327
53.3473
54.3482
56.1677
56.0358
53.832
55.2814
54.6366
54.5205
55.7623
56.4364
54.3157
55.8083
54.4159
55.7049
55.0504
55.2143
54.6939
54.8341
55.4767
53.4545
53.508
55.455
54.3783
53.4546
52.915
52.8221
54.2541
55.4112
55.4179
56.4616
56.5782
54.8289
55.7908
56.5831
55.5087
54.4504
54.3465
54.281
52.8552
54.3009
53.8539
54.3041
53.7505
54.3712
54.2219
54.498
54.4847
52.7262
54.1451
55.2684
53.9648
52.9585
54.174
53.8474
55.6227
53.8289
52.6031
54.643
56.0142
56.1724
54.6422
55.6548
56.4202
54.2916
55.0345
53.1445
54.5409
54.3404
54.221
55.3829
55.8177
56.0198
55.318
56.1287
53.5492
54.1811
56.2623
53.6157
53.954
55.2484
53.9392
55.6436
54.2005
54.4533
54.8507
55.0476
53.9679
53.5628
53.8054
53.2047
55.1557
55.921
54.0487
55.0428
53.7488
55.1517
55.7537
55.6349
53.9755
54.5405
54.5982
54.5341
53.8641
56.0873
55.214
53.9571
55.8691
54.4905
54.7352
54.5819
54.8066
55.8712
56.0118
56.0766
55.7503
55.1878
55.7902
56.3225
55.2457
53.8387
54.4025
53.915
55.0759
55.1468
55.5777
54.7106
55.7835
54.187
54.6903
55.4744
54.0109
54.6197
54.3022
55.0181
53.3914
54.9621
56.275
54.1148
53.1128
55.6697
55.5866
54.1182
52.6574
53.2475
54.1371
53.408
53.14
53.4361
53.4933
54.4653
53.8727
55.3454
56.0561
55.6881
56.5522
56.5293
54.8721
54.7551
56.8713
54.9707
54.5581
55.012
53.9969
53.1404
55.2156
53.1772
54.6944
54.3384
54.8528
55.3617
54.6868
53.233
54.6425
53.8296
53.2828
52.4135
54.6724
54.8078
53.5932
54.9933
55.6851
56.2082
56.4598
54.5183
53.8693
55.3805
53.8853
56.0585
55.1691
56.408
53.8635
54.8481
54.7518
56.8013
57.942
56.9645
55.2156
55.3365
53.952
54.3774
53.709
55.4058
55.5028
52.5234
53.6414
53.045
54.1484
55.5599
56.9098
56.0303
54.9064
53.2501
54.78
54.3119
53.631
53.7623
54.6359
55.0485
55.0256
56.0939
54.863
55.0345
54.5633
54.2961
53.0675
54.2226
54.761
53.5386
52.6805
53.6971
53.3965
55.3006
55.5805
56.4448
55.3137
55.0678
57.6148
56.946
55.4384
54.7455
54.8054
56.3293
53.3411
53.9057
53.9757
53.977
53.9633
54.4486
53.7088
53.9941
52.7305
53.9478
55.2521
53.497
53.7559
55.4772
55.9324
54.2641
54.0666
52.6813
53.0167
53.7096
54.5622
54.7215
56.32
54.9469
53.4021
55.0744
55.3367
55.5801
54.5878
55.5334
57.5379
55.7846
57.0675
55.0864
53.7701
55.1144
54.2443
55.5626
54.5134
55.0078
54.2226
54.8004
54.7107
56.098
53.4323
55.6461
55.3553
55.5519
54.873
55.052
53.6143
54.05
54.0262
52.7155
53.3074
54.7498
55.0974
55.0811
55.9148
56.9506
54.8796
54.4867
55.1139
53.5408
54.1624
56.0185
55.2856
53.8788
55.8284
55.698
55.8928
54.3443
52.6998
54.1573
55.5664
57.7197
56.2332
55.084
56.5349
55.491
55.4608
56.1702
55.9363
54.8889
53.8574
54.958
55.7643
55.5084
54.5767
55.0252
57.784
56.9872
54.542
53.8409
56.2023
55.8391
55.8459
56.108
54.6661
53.7802
52.8103
54.3498
53.6459
54.9709
56.8818
57.0115
55.3838
54.7372
54.7504
55.8476
56.5739
54.6366
53.4044
53.562
53.898
53.187
55.3341
54.3213
54.5456
54.7912
54.7079
55.6699
56.6393
57.2853
54.0008
55.1731
54.0364
54.5094
54.9774
54.3202
55.1308
56.1725
57.7607
53.684
54.401
53.2653
53.7361
55.8172
55.6515
55.3751
53.5053
52.8456
53.0236
54.7593
54.1132
54.0683
54.4855
55.6484
54.2546
53.4766
53.7935
54.6589
55.628
53.9576
54.3886
54.8427
55.4211
54.3033
55.8238
56.126
58.3329
55.9121
55.3886
56.3514
55.0014
55.0336
53.2564
54.8913
57.1716
54.2605
54.0868
54.8365
54.6477
54.2335
53.5674
54.9874
54.0464
53.0093
55.2
55.8146
53.3685
54.543
53.9286
53.9426
54.339
53.915
56.3773
55.1219
55.4708
54.6256
53.8828
54.0853
53.8348
56.1333
54.7286
54.6588
53.6874
52.1532
53.8692
55.2032
55.7791
55.3335
54.9884
55.169
53.2325
56.2785
56.6782
55.2367
54.7557
53.964
55.9964
56.5904
54.9515
57.6351
54.5028
55.0403
56.2334
53.9221
52.6217
54.5546
55.31
54.4053
56.4135
56.7051
55.8757
57.5622
58.2195
55.185
55.0738
54.8208
53.2239
54.5638
54.9367
56.5148
55.5843
53.8504
55.2643
54.571
54.345
56.2672
55.1982
55.0751
55.0287
53.1455
52.5268
55.2667
55.5398
55.1059
54.0593
54.6468
56.2512
53.4955
55.9476
55.2151
53.4753
55.205
55.2232
56.8049
54.7015
54.7845
55.6838
57.0214
57.5582
55.5152
56.6513
55.2905
55.9387
56.7343
55.3317
55.3894
53.4319
55.7935
55.7003
55.1988
54.7524
54.4856
53.7987
54.2156
54.1751
53.4382
55.5987
55.5284
54.7709
55.9801
54.2998
53.9323
54.7249
54.4799
55.0874
55.7099
54.11
54.631
56.0129
54.8658
54.6214
55.4097
54.905
53.3174
54.9602
55.8035
52.7178
55.224
53.0115
54.2658
54.1983
53.6847
53.8987
54.5782
55.7742
55.3614
55.079
55.5056
53.8697
53.7658
55.9815
54.2246
55.6787
54.3678
56.6443
53.1106
53.3933
55.1404
55.1591
55.359
54.2855
53.9359
54.1639
53.8426
55.5117
55.398
55.0213
55.5025
54.5091
56.2068
56.3795
55.8978
56.96
56.189
55.631
53.5316
55.0029
55.0209
56.1775
55.4484
55.7311
55.369
54.2257
54.6634
55.4344
55.015
52.7103
54.2051
53.3766
52.7093
54.6122
55.1378
53.7011
55.5844
55.4218
54.1653
53.7676
53.8661
55.1585
56.2774
55.301
56.2068
55.2122
54.5926
56.4182
55.9159
53.431
53.3882
51.9519
54.1
56.897
55.4937
55.6511
55.7229
54.6918
55.0849
55.7433
54.1934
53.3149
54.3617
54.8842
54.1946
54.9413
55.4772
55.7745
54.0157
55.2595
56.2251
53.9304
53.0444
53.3453
53.6105
52.9333
55.1599
54.481
54.7987
54.0441
53.6829
54.1734
54.6591
54.8044
54.8801
53.8303
53.4869
54.7406
54.5618
54.1946
