165.733
159.803
149.702
141.563
133.376
130.113
126.94
122.994
114.926
107.849
104.863
103.389
101.05
100.415
97.0013
95.2217
94.1537
93.5134
93.2225
93.8705
93.7106
92.5851
90.9005
88.2723
83.8294
81.9653
79.1232
77.207
75.8304
76.6149
75.3231
72.1264
72.2887
72.2962
72.5055
72.2955
73.3494
73.6687
73.9748
72.6584
73.5894
73.8033
70.8959
70.7903
70.2683
69.339
67.7628
68.7413
68.6779
69.3858
68.4895
68.4916
66.2809
64.6918
67.0494
65.2928
66.2939
68.1951
67.3115
66.7932
67.0867
67.8646
67.7558
66.3028
67.727
66.9241
67.3521
63.9556
64.803
64.7582
63.4477
63.7129
65.3812
65.1636
66.3741
65.8787
65.0726
64.7814
65.2449
65.431
66.8974
65.0587
64.2013
66.4599
65.7233
65.8252
64.3711
63.1646
66.013
63.5211
64.6937
64.0285
63.2656
63.5408
64.0911
64.8784
64.9372
66.4273
65.4882
66.5176
64.9232
64.3102
65.2864
64.5213
64.4811
63.7711
65.0272
63.0771
65.7689
62.5747
62.3939
64.4511
63.0673
66.3373
63.8004
63.763
63.2662
62.4712
62.0473
62.494
63.3453
62.4856
62.358
62.179
63.2276
64.4224
67.3645
64.0311
63.0803
63.8803
64.398
64.5089
64.4172
64.3938
62.1131
60.7611
62.1725
62.9882
64.7342
62.7975
61.0743
62.9161
62.1583
62.0135
63.5403
62.2726
63.9022
64.3607
63.4683
63.5005
63.4048
62.6679
62.136
64.1837
63.6593
62.4938
62.3559
64.0217
63.8957
64.5401
64.1854
63.1869
63.3521
62.5749
62.742
62.3931
63.1061
61.2406
59.7107
58.8379
60.1949
59.3984
60.0324
58.072
58.4611
58.8357
59.3987
60.1882
59.7251
60.1667
58.2167
58.4249
57.9119
60.5385
61.879
62.9901
60.7765
59.7777
58.4683
59.9821
59.9897
59.8983
61.6887
60.4383
60.1
61.0246
61.071
60.2417
60.6907
60.0144
60.6971
60.3316
61.1528
60.604
61.085
57.6503
58.3291
59.9061
60.6131
58.3729
58.1627
59.6785
61.2068
62.2768
63.6724
61.4493
61.0027
62.5431
62.7226
61.6623
61.8847
60.8285
61.1619
64.1875
64.8777
60.9032
63.1594
62.4622
61.4964
59.6774
59.2916
61.3697
60.5955
60.2058
59.6696
60.8965
60.3867
59.6055
59.3345
61.5177
62.1173
59.8869
59.4079
60.9394
59.7612
59.5146
60.4173
62.0137
60.4045
59.5497
60.0283
60.8582
61.2292
61.0946
60.7933
62.8761
60.6277
61.6219
61.0211
63.6574
60.1258
60.4387
57.9556
60.3672
59.0974
59.0845
58.6267
59.0264
61.1094
60.2134
59.9868
59.711
61.9001
60.6423
60.2878
60.001
60.753
58.304
60.0057
59.8132
59.3637
58.9962
59.2634
58.1864
59.1993
61.166
59.5777
58.8872
56.4901
58.2003
58.4095
59.5776
59.7775
59.406
59.4024
59.1016
59.4035
59.0307
59.2186
58.6036
59.1714
58.445
61.1561
58.0802
58.5998
59.3868
57.6661
59.9085
60.4136
61.4207
60.4807
60.6047
60.5846
58.193
58.1526
60.0389
61.6028
62.8065
61.1548
60.8511
60.465
60.1876
60.3691
60.5808
58.606
59.5518
58.8473
57.868
59.2198
58.8393
59.9513
58.9403
58.9988
59.2695
59.6573
61.6928
62.355
60.5595
60.3725
60.7486
59.6639
60.0385
59.0319
58.9636
60.0572
57.6974
59.4072
58.6439
58.8387
61.0523
60.292
58.3272
59.072
59.7332
61.9633
61.0285
60.8508
57.1583
58.6648
56.8019
57.1221
55.961
56.8993
56.6978
56.4816
56.823
55.5079
55.4414
58.4285
56.8879
56.5144
54.4363
53.049
54.3766
56.7205
56.5199
56.9132
57.4195
56.3133
56.5653
59.694
57.4696
55.5002
55.9092
55.4341
54.5757
55.2018
55.3084
54.9643
54.9991
55.7998
56.5528
55.1746
55.6294
54.6449
55.8742
57.4486
56.3628
54.3411
54.8923
54.7696
56.6006
55.3267
53.2156
55.3766
56.7801
58.6709
57.175
57.6616
58.6451
56.6547
57.0459
54.7746
55.3484
54.9072
55.4363
56.1108
57.34
56.5419
56.3613
57.7399
55.473
55.5723
59.4185
55.7696
55.3393
56.3995
55.211
56.2213
54.6866
55.0871
55.6764
55.9597
54.7436
54.1963
53.6302
53.7779
56.4843
56.9389
54.7914
56.3499
54.5154
55.4523
56.7331
57.5654
55.3326
55.5134
56.2669
56.1886
55.0812
56.4388
55.9746
55.2493
57.4436
55.7582
56.2893
56.145
57.2068
57.648
56.8099
57.5009
57.2577
56.2287
56.133
57.6699
55.8456
54.85
55.6435
55.0644
56.3268
57.3308
56.7694
56.2373
57.1292
56.569
56.4867
56.7554
55.4482
56.9403
54.5345
55.3338
54.4871
55.7239
58.0332
56.3283
53.5596
56.2113
56.0278
55.8265
53.9245
54.2218
54.976
54.4938
53.7878
54.2091
53.7583
54.3978
54.4857
56.4132
57.3088
57.1404
57.3519
57.6907
55.5038
56.4102
58.6077
56.489
56.8624
56.624
55.3974
54.7368
56.6574
53.9608
55.8555
55.1992
56.1859
56.6927
55.7156
53.9337
55.2901
54.1278
53.6505
52.7988
54.6106
55.6533
54.595
56.1352
57.2485
57.2757
58.5383
56.5582
54.9735
56.154
54.9174
57.5417
56.9817
57.4101
54.2107
55.2954
55.4082
57.118
58.6637
58.6326
56.8583
57.0436
55.1086
54.9336
54.4854
57.608
57.4595
54.1796
54.5342
53.2669
54.217
56.3256
57.8304
57.8468
56.8219
55.1204
55.4396
54.4778
54.1476
54.4736
55.7637
56.2678
56.3084
57.4073
56.7306
56.9476
55.8427
56.0183
54.9959
55.2534
55.9428
55.7445
54.0028
54.6316
54.9105
56.0384
56.8044
57.6831
55.9288
56.1625
58.7193
59.2855
58.4464
55.8325
56.5782
58.5269
55.6132
55.4079
54.3518
54.1539
55.4082
55.6934
55.7743
55.2274
53.7245
55.4252
56.696
54.2979
55.1863
56.0551
56.8693
55.7384
55.408
53.1397
53.3003
54.5072
55.7732
55.7162
57.7596
55.7413
54.109
56.2722
56.2717
56.7127
56.1422
56.6191
59.8632
58.4662
60.2848
56.3199
55.829
56.8347
55.8003
57.1858
55.9533
55.6797
54.8543
56.2832
56.0308
57.6713
54.6921
57.2719
56.7733
56.8131
55.191
56.6881
55.2658
55.2136
55.8012
54.3511
54.6924
55.1718
56.631
55.5486
56.7657
57.9872
56.0739
55.9338
56.7095
55.064
55.1189
56.6647
55.9734
55.6712
57.2661
57.2998
57.2169
56.0193
53.6431
53.8323
56.9986
58.3419
57.3856
56.2648
58.1092
57.282
56.5547
59.1703
58.9247
56.8373
55.0938
56.207
56.7498
56.4433
55.7767
56.1644
59.1241
59.3118
56.6933
55.3363
57.9172
57.8017
57.0494
58.0369
56.4723
55.6491
55.3084
56.2653
55.3442
55.619
58.0979
58.1034
57.4999
58.035
56.6826
58.5108
58.8092
56.7426
54.6962
54.9005
55.2639
54.3232
57.2705
55.7064
55.9891
55.9845
56.0577
56.4794
58.3737
59.5913
55.7576
57.0408
55.2286
55.4551
56.2786
54.7071
56.7951
57.0112
58.8293
54.3995
55.0762
54.1615
54.2075
56.8386
57.5509
57.3466
54.5007
54.0337
53.6179
55.6517
55.0031
54.7367
55.5511
57.0716
55.3012
54.2663
54.7505
56.3516
57.605
54.6639
54.5253
55.0686
55.3443
54.1768
56.6776
58.3076
60.6085
57.192
56.1902
57.8528
55.8167
55.5989
54.3587
55.6153
57.5315
54.6644
54.9367
56.7263
55.8612
55.672
55.0438
56.5383
54.6244
53.782
56.2535
55.5442
54.9082
54.951
54.1625
54.8856
55.2611
54.4445
57.1483
55.0379
56.1903
55.8407
55.1083
54.9712
54.3469
56.8377
55.9776
55.4423
54.0784
52.7724
55.2028
56.078
56.5915
55.4906
55.0991
55.4568
53.7506
56.1482
57.2904
56.8379
55.8803
55.1726
57.1117
57.7262
57.065
60.9671
57.0966
56.6939
57.2058
55.5153
53.293
54.7283
56.0428
55.4396
57.883
60.5541
58.2784
59.2252
59.773
56.1705
56.3065
55.7187
54.6869
55.6049
56.2633
57.5961
57.1521
54.9114
56.1939
55.6993
55.616
57.7124
56.6731
56.0687
56.9102
54.7698
53.9719
55.7545
56.429
55.8032
54.661
55.0182
57.6349
54.8517
57.2671
56.4332
55.7418
56.0109
56.682
58.1133
56.3066
56.5177
57.5675
58.6651
58.0906
55.7001
56.8848
55.9175
56.5642
57.6231
57.957
56.9486
55.044
57.7749
58.9743
57.3069
55.8812
55.6251
54.7181
55.1567
54.4801
53.7127
55.8497
56.0945
56.0273
56.7706
55.3527
54.9851
55.2022
54.6519
55.7643
56.3665
55.1722
56.2287
56.7685
56.1027
55.1773
56.0281
54.4333
54.5924
55.6363
56.9866
53.7089
56.0527
54.3187
55.1314
55.2102
54.0507
54.6518
56.4028
57.5734
56.8861
56.918
57.4774
56.3035
55.5366
57.1287
54.8137
56.4937
55.5273
57.1465
54.1297
54.1115
56.0091
56.4797
56.4114
55.4001
55.1509
55.2618
54.4709
57.4204
56.9121
56.4805
56.7045
55.4611
58.0286
58.8352
57.8059
58.0652
58.2135
56.7431
55.4903
57.2069
56.3998
57.2127
56.6016
57.5748
57.0012
56.2163
56.1381
56.5482
56.0071
53.6436
54.4469
54.7662
53.9265
54.5724
55.6543
54.7532
56.1082
56.6279
55.0277
54.9081
54.9012
57.1336
58.8703
55.9227
56.7873
56.5561
55.1285
57.0811
56.035
54.1309
53.9634
53.7136
55.1679
57.4938
55.3975
56.0636
56.5756
55.4282
55.7856
55.6461
54.6282
54.2733
55.0617
56.2839
55.6913
56.399
58.0075
58.5165
56.2173
57.4852
59.7425
56.7833
54.6302
53.8981
54.0267
53.4293
55.8978
55.049
55.8357
56.3392
55.0754
56.101
56.1504
55.4609
56.2701
54.825
54.8923
55.9916
55.918
56.2506
