175.51
178.662
178.682
176.719
176.893
176.486
175.535
176.657
174.72
173.207
174.016
173.997
173.985
175.646
175.723
177.489
179.098
179.478
178.919
178.291
179.179
182.347
181.284
181.239
180.382
179.927
177.062
175.785
175.713
177.451
178.963
179.134
178.057
176.081
175.95
175.08
172.564
174.762
174.21
175.115
172.907
175.834
174.277
173.926
173.628
174.671
174.363
174.344
173.811
174.896
174.202
173.729
174.341
172.79
174.253
173.608
174.327
175.337
174.61
173.436
173.232
170.83
171.744
169.768
169.012
170.707
170.999
170.568
171.894
170.884
170.265
168.17
169.729
169.828
171.525
173.011
174.409
173.153
171.053
172.323
174.027
173.848
174.239
174.464
174.458
175.721
173.95
174.704
177.729
177.089
175.984
174.67
175.046
175.586
177.336
175.927
176.325
176.665
177.303
175.883
177.215
174.895
176.068
173.443
174.324
174.893
174.098
173.716
175.915
172.751
174.492
176.11
177.402
178.282
176.701
176.511
175.831
175.039
173.198
172.675
172.731
172.832
173.861
173.479
173.921
175.075
176.107
174.605
175.048
175.671
177.155
177.357
176.329
175.989
173.358
172.885
170.687
170.91
172.103
171.288
170.622
171.18
170.978
169.557
170.136
170.235
171.517
172.733
172.325
172.73
172.244
169.954
168.404
168.311
168.753
169.562
169.739
170.877
168.66
169.513
168.247
168.524
168.423
169.246
172.985
171.182
173.509
172.804
173.335
171.795
170.892
171.073
174.443
173.76
172.31
172.953
171.678
171.442
171.973
172.277
173.146
174.276
173.092
173.489
174.872
174.085
174.497
175.348
174.918
174.744
174.261
173.933
174.4
173.954
174.518
173.914
174.496
173.49
175.954
176.753
175.697
176.088
176.583
175.992
176.91
176.414
175.34
176.046
178.083
175.294
175.192
176.675
176.615
176.64
179.911
179.661
179.994
179.765
180.513
181.113
179.215
177.778
179.594
179.598
180.417
177.578
179.085
179.63
179.516
177.919
178.392
178.639
178.469
176.562
175.972
174.616
173.104
173.278
171.277
172.979
175.669
174.272
171.981
173.693
173.424
173.157
174.155
174.444
173.313
172.319
173.294
174.263
172.635
173.067
173.909
174.515
174.528
175.631
176.636
177.587
176.877
176.564
173.655
172.311
171.82
173.586
173.096
172.252
173.912
174.352
172.345
173.398
175.87
176.243
178.478
175.693
177.515
176.871
176.477
175.65
175.905
177.592
178.086
179.37
179.75
182.401
182.222
181.13
180.309
181.14
180.697
179.652
179.551
178.69
177.156
177.63
177.451
177.233
175.491
173.983
175.118
173.355
174.907
173.99
173.543
173.856
172.469
173.635
175.232
174.343
175.711
176.437
178.248
178.56
179.324
178.761
177.899
175.67
176.192
176.119
174.474
174.156
174.487
174.393
175.342
173.75
172.209
171.372
171.827
171.929
170.197
170.375
170.62
170.96
170.905
170.999
170.915
170.294
171.16
171.205
170.703
172.929
173.402
172.286
172.264
169.726
171.054
170.414
171.274
173.69
174.185
174.008
171.796
169.988
170.151
171.731
174.089
171.633
173.699
172.788
171.641
168.666
168.93
167.184
168.35
167.943
166.456
166.669
168.467
168.151
170.203
168.135
167.77
166.426
169.274
170.69
171.684
174.634
174.603
176.562
177.169
176.62
176.993
178.733
177.997
177.729
178.827
180.895
181.918
180.511
181.92
183.341
181.92
182.928
182.072
182.215
183.479
184.719
183.37
181.608
180.322
181.686
181.619
180.323
180.74
180.17
179.477
179.443
181.327
181.799
181.264
180.123
181.244
182.455
182.268
184.202
183.602
182.705
181.404
181.562
181.254
180.528
179.821
180.69
180.154
179.639
178.701
178.079
178.751
176.404
176.185
176.467
177.226
178.256
178.75
178.383
177.988
177.075
175.642
175.812
176.759
175.992
176.537
178.946
179.734
179.761
179.072
179.513
178.865
178.31
178.349
179.36
178.222
177.683
176.53
176.373
175.682
176.313
176.482
175.92
176.963
178.578
176.247
173.545
174.584
171.929
172.481
174.189
172.813
174.078
175.845
175.222
176.272
176.749
177.394
178.379
178.145
175.432
176.544
173.882
173.824
175.241
174.747
176.169
174.571
172.579
173.627
172.628
172.234
171.051
169.739
170.136
169.772
168.533
170.893
171.378
172.6
171.275
172.042
173.906
172.394
171.85
173.03
173.549
172.353
171.691
171.097
171.847
172.981
172.805
172.403
171.184
171.318
170.994
173.886
175.933
176.077
176.949
175.753
176.671
176.273
172.88
171.971
173.563
174.239
175.144
175.673
176.505
173.968
175.671
175.645
176.628
177.061
175.744
175.237
175.268
176.529
175.013
175.066
174.981
177.469
180.101
182.788
181.036
182.931
181.253
181.878
181.054
181.965
179.961
176.721
175.051
175.539
175.053
174.938
175.871
175.917
176.171
176.292
175.525
174.05
173.602
173.47
173.409
173.555
172.884
173.519
176.38
176.951
176.516
176.448
175.768
176.47
174.414
176.339
177.5
176.947
177.111
177.234
177.249
178.056
176.417
177.173
177.178
178.76
177.301
176.643
177.43
177.6
179.74
179.171
177.88
177.796
178.682
178.295
181.695
181.891
182.324
184.085
185.389
183.815
183.495
183.385
182.967
182.636
179.523
179.432
178.731
176.546
176.553
177.88
178.964
179.712
178.641
178.006
179.86
178.901
178.758
178.612
179.371
177.995
181.011
179.576
176.775
177.105
177.175
178.297
179.047
179.23
179.541
178.102
178.749
176.712
174.696
176.441
176.801
175.333
174.971
176.435
176.557
174.364
172.675
172.194
172.819
170.902
170.258
170.709
170.405
172.39
171.011
169.882
170.929
169.634
170.88
171.13
172.119
171.187
170.737
171.559
171.456
172.012
169.39
169.198
170.108
171.114
171.741
174.241
175.052
174.496
174.513
176.83
175.442
176.472
175.088
174.016
174.232
175.889
175.109
173.072
173.414
173.126
173.825
172.104
173.282
175.101
175.673
175.866
175.546
175.004
176.531
177.684
176.567
178.427
179.682
179.261
179.417
181.418
181.394
180.753
180.945
178.338
178.38
176.566
178.607
179.622
182.03
180.342
180.874
180.787
180.192
179.764
180.562
181.209
177.064
179.564
178.59
179.383
179.65
177.001
179.283
177.774
177.562
174.317
172.647
174.328
174.224
173.485
172.659
172.255
171.479
173.009
172.979
173.045
172.599
170.825
172.281
176.75
176.578
176.175
174.938
176.024
176.383
176.528
176.817
177.738
178.93
177.869
179.643
179.692
181.544
180.586
178.075
179.597
178.203
176.832
174.707
174.81
174.383
173.489
175.052
176.293
174.766
173.749
175.311
176.604
176.781
176.882
177.059
177.525
178.205
176.493
175.487
172.436
172.161
170.486
170.733
168.823
168.469
168.449
167.188
168.501
167.395
167.971
166.764
166.541
164.877
164.406
165.747
166.44
167.057
166.017
165.511
166.511
165.666
164.722
166.804
166.403
167.634
166.833
166.549
164.356
164.153
166.203
167.604
169.448
171.418
170.928
168.563
170.071
172.839
172.633
174.295
175.152
175.341
176.353
176.671
175.579
175.333
176.185
174.396
174.461
173.512
172.465
172.443
172.576
171.965
171.93
171.398
173.64
174.199
173.323
172.518
171.459
173.947
174.181
173.314
174.914
174.325
174.593
176.503
175.503
173.48
170.927
172.026
173.29
173.492
176.233
174.9
176.056
174.008
175.178
175.116
173.858
172.652
170.674
171.479
172.17
170.767
171.956
172.532
173.996
172.395
172.275
171.268
170.119
169.417
168.627
165.42
162.912
163.557
164.177
166.043
166.453
166.568
167.364
169.43
169.61
169.278
169.284
169.737
171.36
171.101
168.882
170.762
171.895
170.569
171.161
172.22
173.759
174.22
173.263
171.407
173.413
173.56
172.199
172.924
174.441
174.967
174.575
176.083
175.373
176.413
176.154
176.103
173.211
174.303
174.145
173.797
171.491
171.812
174.295
172.513
172.088
172.711
171.7
169.812
169.813
170.334
171.393
172.317
172.795
175.443
177.988
178.082
177.908
179.105
181.517
179.295
177.587
179.868
179.298
178.496
178.716
178.841
177.844
178.677
176.791
176.601
176.753
175.241
175.898
176.403
175.168
175.178
174.33
175.504
174.502
176.33
176.375
177.094
175.801
176.059
176.557
173.828
175.415
175.48
175.056
175.181
174.373
174.467
173.837
174.221
172.346
172.955
171.662
171.599
171.345
171.557
171.015
171.445
173.171
172.842
173.731
174.798
173.855
173.678
173.189
175.884
175.93
175.806
177.352
178.843
178.65
175.793
175.137
176.958
176.207
176.068
175.918
176.563
176.73
178.905
178.174
177.657
178.763
178.007
178.562
180.456
182.138
181.385
