171.135
171.105
165.834
160.22
154.962
149.748
146.137
143.282
136.476
130.405
126.528
124.778
120.327
120.224
119.049
120.36
119.179
117.937
116.498
117.416
118.517
119.128
119.127
117.39
114.222
112.567
110.208
107.393
107.154
107.375
107.65
104.736
101.965
99.0717
97.4461
93.8868
92.8865
93.6366
91.9482
91.3802
91.331
95.9815
94.1295
94.8966
90.8815
90.0379
85.1218
84.1169
82.6429
83.5764
84.3484
82.1052
79.8145
77.2141
79.5479
77.486
77.6455
80.6473
80.3358
79.5026
77.7505
77.5887
76.8574
75.5872
76.6571
79.0716
80.5606
76.7468
78.6985
79.5855
79.1047
78.2765
81.5114
82.0505
85.1563
84.9689
83.2558
81.8061
80.9885
81.4067
85.0512
83.547
83.0494
84.2999
82.7702
83.468
81.605
81.8723
83.8697
84.0194
84.4199
84.4054
83.2055
81.9534
82.2281
82.2752
84.3884
85.7491
87.1955
86.9829
86.1811
82.6095
83.9481
82.2732
82.9569
82.8783
82.5055
80.3901
82.5873
78.1222
80.2
82.0688
81.2303
84.9252
83.7199
84.5489
83.1643
81.8365
79.3335
78.1334
77.4405
76.7037
77.4664
76.7003
77.4378
77.9461
80.9025
78.0798
77.4646
77.9131
80.0183
82.0152
80.4406
79.5053
76.7621
74.8893
74.4489
73.5892
76.6089
76.2313
74.4723
75.4545
75.678
75.8956
77.346
77.9196
80.8384
83.1324
83.3191
80.5963
79.9214
75.7875
74.4567
73.099
72.3547
71.9639
71.6411
73.6949
71.5095
71.734
70.467
69.9472
70.6976
70.4822
73.625
71.3305
72.9217
69.395
67.8333
66.1152
66.3689
66.0484
68.1102
65.6235
63.5794
63.4805
64.3353
64.4019
65.4614
65.8183
64.0826
63.6051
62.0639
65.8516
68.3823
67.1146
67.2951
67.4575
65.1496
64.6729
64.0559
62.1489
64.2826
65.1628
66.3388
67.6357
67.018
65.8843
68.7061
69.3246
70.083
69.3916
70.5141
68.9322
69.2726
67.0814
65.0283
67.7688
69.3217
63.9059
62.1935
63.5679
67.132
70.6571
74.7332
74.9773
73.432
74.1068
74.2793
73.5199
72.329
71.1682
70.0668
71.9546
74.7087
69.3099
73.5756
72.1273
70.7183
68.4141
68.1704
71.0835
70.5514
69.3691
66.5085
67.5458
64.7573
63.5794
61.0132
64.644
67.5052
66.0309
63.6763
65.2612
64.3919
64.0082
65.3977
66.9586
66.3478
65.9885
65.711
66.4938
66.4172
66.0127
66.7161
69.5587
68.4844
70.3341
71.8258
74.9009
72.9561
71.4085
66.7406
68.6125
67.4798
68.889
69.3881
66.3095
67.5802
67.8054
66.1412
64.9813
69.5806
69.0956
69.8515
67.9889
68.5581
66.126
65.0336
65.9109
66.269
68.4021
67.5332
68.0113
68.5079
70.722
69.3511
69.0855
66.5411
66.9699
66.0529
65.0927
66.1392
66.2079
64.8096
65.0967
66.2461
67.3202
66.6123
65.9187
66.8987
63.9003
66.7632
64.1111
63.2503
65.1347
62.2896
65.4957
65.9793
67.1417
69.0081
69.8708
69.5012
66.2913
65.7477
66.0242
66.894
68.5693
67.8728
69.3293
69.0809
68.1636
68.9396
70.3206
70.8067
70.6079
69.5162
67.5561
69.0029
71.0496
70.4234
70.2257
68.4784
67.3293
67.7528
69.7367
70.7129
69.5387
69.5524
69.6688
69.367
70.8029
70.1799
67.5605
66.462
63.1812
63.4463
62.6802
63.6243
66.7424
67.0411
64.7621
64.48
62.2607
64.174
65.7585
67.9019
65.6922
68.8958
68.012
66.8056
64.9146
65.6038
64.9089
65.176
64.7359
62.3197
62.5836
66.5536
66.4152
68.3106
64.9647
63.2603
63.2498
66.7304
68.3364
68.3079
70.7923
70.8718
72.9914
77.2558
77.055
76.0758
74.033
73.6243
71.8392
71.0151
72.6357
70.6291
68.1049
69.0432
67.8309
64.0338
63.7989
63.2234
62.843
64.0368
64.8538
61.7248
60.6897
59.9046
61.8462
62.7969
60.3574
62.8707
65.3719
68.8243
68.7577
71.4929
72.7014
69.7654
67.5294
66.367
69.1782
69.4732
73.5475
75.8113
75.7438
74.0666
71.3363
72.692
68.9047
68.9265
72.5111
69.4953
66.0739
66.6114
66.8169
68.6783
66.6299
67.5597
66.6029
66.1466
65.4138
64.889
63.5299
61.7277
62.7139
63.5784
61.4631
63.924
61.8233
62.4788
65.3124
67.1845
66.7402
68.1384
68.337
68.4507
65.7662
68.5091
68.2901
66.389
68.4894
67.6797
67.5417
66.6225
67.0055
68.699
67.4655
68.4001
68.8936
66.128
64.9786
65.3008
62.3638
61.4694
63.706
62.6921
65.4882
69.3764
67.2432
66.1262
69.1801
69.9094
69.9074
70.4444
66.8852
68.7726
64.3304
62.5459
62.9418
63.9146
66.5383
65.0657
62.5024
64.8249
64.6389
63.3812
60.2176
59.186
59.588
59.3479
57.954
59.4927
59.2995
60.6562
60.9833
60.9204
63.9532
63.9794
65.61
64.7521
63.7397
62.8657
64.9596
62.9459
63.7942
64.5158
62.3264
62.7972
65.0738
62.2191
63.3071
66.6468
65.7009
66.6432
66.9563
63.4481
63.4627
60.7579
57.2707
55.625
57.3747
58.9579
57.4815
59.6073
63.5794
63.9071
66.1451
63.9042
63.5983
64.2479
63.4086
65.9873
63.1087
62.7714
58.9139
61.1759
61.3818
65.8207
69.672
71.9337
71.2648
71.6678
67.5907
67.2027
64.3234
66.378
66.5754
61.6227
61.0731
61.078
61.7497
63.7129
66.1744
66.7716
66.4047
64.6074
63.7166
60.7021
58.8834
59.0102
60.3204
60.1538
60.1069
62.1344
63.3053
64.7612
63.9529
63.0844
64.3433
64.5543
63.0485
64.2498
63.5799
63.6668
64.6721
65.1533
66.6331
67.4929
63.54
63.8536
65.4676
68.5375
66.7899
65.0307
66.7077
70.1249
70.3834
69.8584
68.1195
67.2901
67.8557
64.3867
67.0125
68.598
67.8823
68.4473
70.6699
67.9941
68.8431
69.6269
68.0682
68.2111
65.1749
62.6948
61.339
61.5583
61.7853
62.8538
65.6387
64.0848
61.5352
62.3332
64.3635
64.74
64.2542
64.3888
69.0739
67.2641
73.0871
69.5312
67.3916
67.25
66.7246
68.1486
66.7361
65.5145
64.2799
66.0386
66.7447
67.2299
62.9465
65.9854
67.0967
66.4356
65.5786
68.1688
65.4566
64.2637
62.0671
61.648
61.104
60.2977
60.9609
61.6206
62.6367
65.2963
60.9588
59.7676
60.8904
60.2888
62.2734
64.0888
63.2485
61.5703
64.1912
64.841
65.156
64.7373
60.4037
59.59
62.8358
65.681
64.3988
64.7778
65.0311
65.0494
64.5129
66.7428
65.1293
66.2317
63.2017
62.4051
62.1631
62.2007
61.0393
60.1983
62.712
63.7055
63.2262
61.5341
63.5797
64.1237
66.5927
68.1159
65.698
63.46
64.0855
64.5403
62.4189
63.5144
66.3224
65.8414
65.8543
66.9545
65.6294
65.368
66.7326
64.0903
61.9903
61.9743
63.2497
63.7127
69.1539
68.3127
68.4739
68.2716
65.1888
65.2438
66.1445
69.362
66.3081
68.2753
63.7909
64.3342
66.371
65.7605
68.1729
68.2001
70.8266
63.7056
61.6574
62.7854
62.3307
62.7919
63.1093
63.585
59.2205
59.1992
58.3682
58.4951
58.7031
58.0454
59.5621
64.6072
62.5173
59.6165
58.2194
60.043
60.2015
59.7863
58.8234
59.2456
59.8475
59.7326
62.0841
61.967
65.7663
64.5718
61.2848
63.8813
61.2095
61.1028
59.5206
61.0237
62.8309
60.099
61.872
64.5901
62.402
62.7182
62.987
63.6351
62.0379
59.4228
60.2392
60.3829
60.163
60.6769
60.3303
59.3447
60.1981
58.21
60.9521
58.6036
59.6518
59.7504
59.59
60.2761
57.6668
60.84
60.8366
59.5141
58.4162
57.1222
58.9231
60.0489
60.6637
60.4327
60.0074
61.2439
58.9265
60.11
62.2453
62.5238
62.7002
61.416
63.6914
63.2031
62.6739
66.4595
64.1649
64.7496
67.3485
66.2974
60.1901
63.3272
64.168
63.4669
67.8258
70.3865
70.7788
72.0608
72.6621
69.0703
68.0951
67.4833
65.6022
65.5777
66.1192
64.3609
63.7363
62.1435
63.1786
62.4805
61.9104
64.5168
64.3023
63.6033
64.2068
61.2002
61.6912
63.2925
65.1283
64.3564
62.1465
63.032
65.1361
63.0249
66.076
64.4052
64.6671
66.0605
65.1868
68.3804
68.7622
69.6099
69.4851
71.5274
72.8093
68.9097
68.1238
65.7348
65.9332
66.5887
68.1892
66.7506
65.8581
69.2631
69.9748
69.2918
67.4093
65.7087
64.7914
63.536
59.3575
56.5114
61.3393
62.3518
62.5125
63.9086
63.0717
64.33
63.3788
61.7932
61.8133
62.5802
61.8391
63.4728
65.5421
64.4162
65.0483
65.328
63.3516
60.9098
61.3749
63.3523
59.9033
60.7269
58.6505
61.2391
61.8004
59.8375
60.97
62.8897
64.7389
64.2118
65.6254
65.0769
64.8994
64.5844
66.3588
61.0126
62.893
61.819
64.6344
60.4879
58.904
62.4428
61.7871
62.0792
62.2349
61.7282
61.9237
61.6312
64.6521
64.7405
65.0643
65.2106
65.8906
67.4023
66.0474
64.6638
65.6825
66.4865
65.194
64.861
68.8599
66.504
66.7424
66.0982
67.3875
66.2269
66.3184
65.3375
65.1952
65.6011
62.9264
62.5212
62.0453
60.4625
59.9671
59.4693
60.8086
61.746
63.7728
62.9759
61.2407
59.844
62.1128
64.7092
63.0689
64.5598
63.1471
61.0942
63.2744
63.2635
59.5306
58.7394
57.3714
58.114
61.3126
59.3069
61.3151
62.516
62.8539
62.149
63.3386
61.8096
60.0174
59.6463
63.3654
63.1914
64.0036
64.8547
67.2837
66.0017
65.2019
68.789
68.0595
65.5069
62.6158
61.9559
62.2544
64.0749
62.7149
62.5398
63.422
60.4331
61.2587
61.6979
61.8608
62.3376
59.885
60.1222
61.785
62.495
62.0286
