160.468
151.972
142.207
134.197
128.506
127.145
125.713
123.346
120.647
118.355
116.826
115.335
113.383
112.369
108.19
104.978
101.359
100.38
100.039
100.471
100.696
97.2818
95.4507
92.5544
90.4704
90.9825
88.6643
87.2212
86.5991
87.089
87.8893
85.6303
86.4371
86.001
85.5615
82.976
84.6866
84.4467
83.9363
84.6619
85.7663
85.664
83.3296
83.2835
81.9738
81.2044
79.0625
80.2299
79.2753
79.4102
77.795
77.7898
75.6726
73.9429
74.8382
74.3944
74.4355
76.7605
76.6185
75.8594
75.4616
75.9541
74.8403
73.7575
74.5276
74.923
74.3873
70.8887
71.4242
70.9817
70.7786
70.3204
71.8683
71.6373
72.404
71.0942
70.7751
69.539
71.1957
72.1937
72.5827
69.7432
68.5225
70.2679
69.003
69.0426
68.233
68.0196
69.7491
67.6901
69.3534
70.704
68.5183
69.7044
68.757
69.7451
69.8248
71.517
70.9206
70.6317
68.6695
69.4382
70.5925
69.7429
69.4003
69.3348
70.0289
67.9838
69.4179
68.0248
68.5054
68.9284
67.6481
70.6191
70.3031
70.2426
69.0423
69.5018
67.7168
67.6836
66.343
65.4116
65.4188
64.9636
64.2978
63.6392
65.7897
62.8881
62.3067
62.3639
63.9666
63.8711
64.3194
62.9546
60.5016
60.2788
61.7133
62.1493
64.1957
61.9802
61.0979
62.8561
62.1214
61.5807
61.9403
60.479
60.9795
61.4054
59.7574
60.7445
61.5529
60.1415
59.8784
60.8286
60.3869
59.4454
59.8703
60.8191
59.0919
59.4089
58.9286
58.7671
59.085
57.0788
56.6578
57.6775
57.5473
56.396
55.3425
55.9758
56.2581
55.8255
56.9215
55.514
56.1797
56.0152
55.7779
56.3231
55.7905
56.2484
55.3103
54.7469
54.6101
57.2027
57.864
59.4929
56.7803
55.276
54.9899
57.4827
56.6755
56.1636
57.6994
56.7797
57.4061
57.3016
56.7237
56.3226
57.2499
56.5585
57.085
56.4078
56.6783
56.3253
56.0464
54.136
54.712
55.3292
55.4132
53.8954
54.5878
55.1026
55.9493
56.6163
57.6903
56.3962
54.4492
56.765
56.7682
55.0467
56.0447
54.7368
55.0968
57.405
56.7988
54.6456
56.4445
55.6621
55.5046
53.6401
54.0628
55.9375
54.9137
54.4895
54.7897
55.5573
54.9482
54.6228
54.3559
55.6147
55.5521
54.2785
53.9438
55.6767
54.3819
53.5799
54.6334
56.0011
54.5313
54.4904
54.737
54.9432
55.9268
56.2693
54.6047
56.4987
54.4804
55.3438
55.3983
56.9353
53.9476
55.7864
53.4832
55.1625
54.0788
53.8021
53.3572
54.2722
56.4239
55.8808
54.615
55.4052
56.532
55.5118
54.8541
54.8936
53.7843
52.3699
54.1397
54.034
53.3005
52.8013
53.6502
52.4886
54.3007
54.4613
54.248
53.4063
52.0761
53.9139
53.0656
53.5424
53.3601
52.9986
54.3139
53.6282
54.5066
52.8793
53.441
53.1544
53.7865
53.2106
54.2843
51.8708
53.3906
53.226
51.4643
54.0309
54.1235
54.1031
52.8395
53.2506
53.8366
52.1634
52.3521
54.3394
55.9203
57.2853
55.0956
54.0316
54.605
53.4984
54.1083
53.3173
52.2286
53.9495
53.7126
53.1571
55.2539
53.852
54.1427
53.289
53.6374
53.2223
54.1663
55.0302
55.5175
54.674
53.892
53.4835
52.9928
54.0454
54.1264
54.1086
54.4487
53.1382
54.3048
52.6847
53.4535
55.542
55.149
53.0337
54.4607
53.4473
53.9689
54.1495
54.9736
53.2742
55.4053
53.5849
54.1892
53.7944
54.2111
53.5205
54.0289
54.659
52.3939
52.7803
54.6357
53.6345
52.7488
51.8498
52.0337
53.6213
54.2907
54.0034
55.1515
55.0846
53.8787
54.7684
55.1422
54.6696
53.8381
53.838
53.5601
51.962
53.1862
52.8214
52.9527
52.9901
53.9367
53.4666
52.9463
52.8353
51.3016
53.3861
53.9388
52.4675
52.1918
53.3716
53.0728
54.5734
53.7248
51.8503
53.6176
54.8582
54.8457
53.3294
54.4102
54.63
53.481
54.7833
52.5102
53.0114
53.1703
53.3942
54.6617
54.6849
54.7859
54.1155
54.9841
52.1647
53.0815
55.0506
52.944
52.9053
54.0498
52.5485
54.3854
53.2394
53.1617
53.4733
53.9148
53.4487
53.0582
52.5262
52.9071
54.3718
54.8893
53.1933
53.1038
52.6567
53.5533
54.2441
54.4029
52.9874
53.2644
53.6422
53.5513
52.8933
54.6381
54.0285
53.1917
55.4861
52.8713
54.5114
53.6577
53.9755
55.061
55.1088
54.7385
54.4216
54.3439
54.2675
54.9906
52.9731
52.2935
53.8355
52.8663
54.2545
53.7183
53.7913
53.6888
54.1283
52.8193
53.5347
53.6026
52.9225
53.4286
53.2233
54.072
52.5632
53.9778
55.5061
53.2619
51.9654
54.6006
54.0363
53.1915
51.9101
52.9624
53.4337
52.4535
52.5125
53.0994
52.7569
53.4799
53.0892
54.194
54.9151
54.3544
55.1168
54.4909
53.4965
54.1588
56.6632
54.6573
54.5832
54.0148
52.8742
52.0428
54.3746
52.0099
53.7856
54.5709
54.2758
54.0435
53.24
52.1794
53.7019
52.8291
52.2707
51.4556
53.5274
53.762
52.744
53.656
55.5681
56.0274
55.0847
53.6008
53.5306
54.4844
52.6032
55.3847
53.8498
55.9666
52.8501
53.9265
53.3568
55.5448
55.9192
55.5461
54.3384
54.4378
52.9557
53.1688
52.4371
54.5371
54.8064
51.5878
53.032
52.4569
53.7612
54.8942
55.3408
55.1458
53.6078
52.2993
54.0672
52.9972
52.447
53.0873
53.2726
53.8697
54.2418
55.083
53.7243
53.8328
52.6908
53.6392
52.5049
53.7471
54.1884
52.928
51.9251
52.8882
52.3518
54.4994
54.6969
55.3512
54.0957
53.8983
56.0622
55.2559
53.9725
53.9136
53.9043
55.3568
52.4652
52.4764
53.3294
53.2039
53.2783
53.7931
52.5761
52.5145
51.4067
52.9545
53.7613
52.4329
53.0374
55.2169
55.0131
53.544
53.4215
51.9283
52.5676
53.3707
53.4706
53.1704
55.1459
53.3633
52.1844
54.5368
54.2307
54.6387
53.4649
53.91
56.0246
54.3761
55.6753
53.8233
52.3276
54.0634
53.5808
54.4847
53.1039
53.7378
53.3403
54.3172
54.3331
55.2479
52.4517
54.8769
54.6785
54.2271
53.3083
53.607
52.1217
52.3397
52.6921
51.9167
52.2364
53.4387
53.8146
53.9679
54.7118
55.2141
53.6478
53.9824
53.943
52.6408
53.1813
54.2059
53.7701
52.9339
54.967
54.3708
54.7552
53.904
51.5393
53.1067
55.4842
56.2993
54.7748
53.441
54.7148
54.5397
54.1895
55.3803
55.4951
53.6482
53.4272
54.3153
54.1691
53.9534
52.8934
53.5861
55.9949
55.5803
52.9067
52.9989
55.2417
55.1379
55.5285
55.4379
53.786
53.0764
51.9412
53.7559
52.8658
53.767
54.9656
55.3034
54.2744
54.1566
53.5069
55.058
54.6807
53.4162
52.8421
52.4938
52.8734
52.3895
54.4378
53.4298
54.1498
53.4324
53.4404
54.1101
55.0945
55.7011
52.9024
54.3236
52.6062
53.0288
53.458
53.6099
54.315
55.3327
55.7488
52.7747
53.5646
52.1796
52.3564
54.3921
54.3245
54.415
52.1145
52.0009
51.4961
54.0315
53.4181
53.3189
54.267
54.4093
53.5206
53.0103
52.8232
53.4777
54.8518
52.2259
52.9778
53.9931
53.7762
53.168
54.9847
54.1638
56.1243
53.9138
53.7409
55.3139
54.2086
53.6827
52.1016
53.1272
55.9913
53.2901
53.3102
53.6504
54.0109
53.0526
52.881
54.5195
52.9418
52.1924
54.1348
53.9487
52.2239
53.2073
52.7239
52.9044
53.8408
53.1137
55.5829
53.6438
54.088
53.7506
52.641
52.7322
53.0281
55.112
53.4425
53.3037
52.2445
51.3257
53.3386
54.9281
54.5517
54.0341
53.6107
54.4526
52.4054
54.5943
54.72
54.889
53.7121
53.4121
55.2563
55.6012
53.8998
56.1377
52.7003
53.9207
54.9817
52.5308
52.0596
53.3033
53.8743
52.6951
55.0096
55.6725
55.0525
55.6442
56.2875
53.2217
53.5687
53.2188
52.0461
53.3303
53.9472
54.8992
54.1602
52.6187
53.8954
53.4246
53.2056
55.6274
54.963
54.55
54.0726
52.3577
51.9462
55.0905
54.8761
54.1226
53.4498
53.4347
55.9941
52.7702
55.0796
54.5408
53.0823
54.6679
54.3417
55.9535
53.61
53.6202
54.3759
55.6971
55.5786
54.6371
55.4976
54.2001
54.6494
56.1301
54.4555
54.3167
52.4194
54.6485
55.1751
54.2512
53.3891
53.4749
52.954
53.367
53.1423
52.4711
53.7984
54.0948
53.3606
53.9425
53.7261
53.0056
53.4924
53.0429
53.8906
54.3099
53.1376
52.9198
53.6964
54.0507
54.3494
54.814
53.5943
52.3237
54.2465
54.6653
51.8501
54.4225
52.0333
53.1568
53.1583
52.6482
52.8355
53.2176
54.5811
54.3405
54.4262
54.9018
52.8123
52.8249
55.7621
53.372
54.7146
53.5394
55.6964
51.6892
52.6474
53.6582
53.761
53.7198
53.1194
53.0564
53.6132
53.0202
54.0513
54.2168
54.0228
54.8879
53.3661
54.317
55.1115
54.9609
54.5922
54.7853
54.6635
52.3819
53.5811
54.0757
55.2374
53.9168
54.6621
54.1132
53.6346
53.375
54.1704
54.1739
52.0044
53.6887
52.5452
52.2043
53.5509
53.5961
52.7276
54.3927
55.0725
53.8425
52.7237
52.6604
54.1271
55.6496
53.9423
55.0617
54.3297
53.7578
55.8201
54.69
52.0789
52.3791
51.2519
52.9058
56.0428
54.0441
54.6825
54.6202
53.906
54.1133
54.2897
52.571
52.0128
53.1552
53.666
52.9474
54.2838
54.6464
54.3385
53.2995
54.3078
56.5599
53.1341
52.3492
52.4
52.9859
52.5748
54.897
53.6043
54.1325
53.5592
53.1544
53.2434
53.2294
53.7181
54.0868
53.1761
52.5711
54.3026
54.1204
53.8328
