1,	-5.04124,	0
2,	-5.05229,	0.0110422
3,	-5.03288,	0.020428
4,	-5.02768,	0.0153518
5,	-5.02984,	0.0120856
6,	-5.0305,	0.00988977
7,	-5.02792,	0.00874548
8,	-5.0217,	0.00980186
9,	-5.02016,	0.00878008
10,	-5.01822,	0.00808935
11,	-5.01455,	0.00818628
12,	-5.01382,	0.00750888
13,	-5.01573,	0.00716665
14,	-5.0168,	0.0067214
15,	-5.01773,	0.00632609
16,	-5.01955,	0.00618879
17,	-5.01833,	0.0059395
18,	-5.01799,	0.00560986
19,	-5.01726,	0.00535686
20,	-5.01671,	0.00511142
21,	-5.01455,	0.00531877
22,	-5.01197,	0.00569098
23,	-5.01113,	0.00550353
24,	-5.0119,	0.0053256
25,	-5.01185,	0.00510837
26,	-5.01207,	0.00491301
27,	-5.01348,	0.00493296
28,	-5.01322,	0.00476063
29,	-5.01395,	0.00465162
30,	-5.01471,	0.00455797
31,	-5.01476,	0.00440872
32,	-5.01564,	0.00435773
33,	-5.01673,	0.00436347
34,	-5.01606,	0.00428617
35,	-5.01675,	0.00421856
36,	-5.01635,	0.00411871
37,	-5.01669,	0.00401981
38,	-5.01693,	0.00392015
39,	-5.01623,	0.0038824
40,	-5.01629,	0.00378461
41,	-5.01639,	0.00369239
42,	-5.01575,	0.00365964
43,	-5.01588,	0.00357587
44,	-5.01659,	0.00356567
45,	-5.01743,	0.00358494
46,	-5.01661,	0.00360028
47,	-5.01657,	0.00352311
48,	-5.01571,	0.00355323
49,	-5.015,	0.0035528
50,	-5.01547,	0.00351259
51,	-5.01538,	0.00344428
52,	-5.01574,	0.00339723
53,	-5.01551,	0.00334086
54,	-5.01506,	0.00330918
55,	-5.01479,	0.00325971
56,	-5.01546,	0.00327167
57,	-5.01575,	0.00322628
58,	-5.01565,	0.00317152
59,	-5.0157,	0.00311765
60,	-5.01602,	0.00308163
61,	-5.01628,	0.00304175
62,	-5.01601,	0.00300387
63,	-5.01612,	0.00295771
64,	-5.01658,	0.00294813
65,	-5.01634,	0.00291276
66,	-5.01659,	0.00287963
67,	-5.0168,	0.00284391
68,	-5.01711,	0.00281897
69,	-5.017,	0.00278016
70,	-5.01682,	0.00274609
71,	-5.01676,	0.00270783
72,	-5.01685,	0.00267153
73,	-5.01668,	0.0026399
74,	-5.01663,	0.00260448
75,	-5.01659,	0.0025698
76,	-5.0167,	0.00253798
77,	-5.01634,	0.00253078
78,	-5.01676,	0.00253407
79,	-5.01661,	0.00250664
80,	-5.01648,	0.00247837
81,	-5.01661,	0.00245122
82,	-5.01653,	0.00242259
83,	-5.01628,	0.00240641
84,	-5.01658,	0.002397
85,	-5.0169,	0.00238911
86,	-5.01747,	0.00243003
87,	-5.01779,	0.00242372
88,	-5.01799,	0.0024039
89,	-5.0178,	0.00238397
90,	-5.01813,	0.00238025
91,	-5.0184,	0.00236944
92,	-5.01857,	0.00234924
93,	-5.01858,	0.00232389
94,	-5.01866,	0.00230044
95,	-5.01859,	0.00227722
96,	-5.01847,	0.00225653
97,	-5.01842,	0.00223369
98,	-5.01843,	0.00221079
99,	-5.01829,	0.00219278
100,	-5.01831,	0.00217087
