1,	-3.368136536,	0
2,	-3.367570465,	0.0005660713695
3,	-3.368129691,	0.0006477233128
4,	-3.367608289,	0.0006939974881
5,	-3.367297501,	0.0006209416346
6,	-3.367215544,	0.0005135783603
7,	-3.366817018,	0.0005892576647
8,	-3.36665345,	0.0005358851469
9,	-3.3666951,	0.0004744380289
10,	-3.366657472,	0.0004260152895
11,	-3.366646715,	0.000385495445
12,	-3.36674657,	0.0003658003552
13,	-3.366853422,	0.0003530455613
14,	-3.366770683,	0.0003371662826
15,	-3.366766632,	0.0003139108659
16,	-3.366751228,	0.0002940404624
17,	-3.366635293,	0.0002995482132
18,	-3.366606943,	0.0002838360579
19,	-3.366592292,	0.0002688814952
20,	-3.366511252,	0.0002676471245
21,	-3.366445096,	0.0002630385874
22,	-3.366376151,	0.0002601014655
23,	-3.366313343,	0.0002563488608
24,	-3.366322406,	0.0002456026129
25,	-3.366322503,	0.0002355737708
26,	-3.366345757,	0.0002275234692
27,	-3.366365809,	0.0002198508626
28,	-3.366372742,	0.0002119670301
29,	-3.366411082,	0.000208089616
30,	-3.366438127,	0.000202844774
31,	-3.366417944,	0.0001972277821
32,	-3.366448157,	0.0001933403797
33,	-3.366515065,	0.0001989764067
34,	-3.366469354,	0.0001983738532
35,	-3.366489155,	0.0001936376996
36,	-3.366462217,	0.0001901002876
37,	-3.36640871,	0.0001924776733
38,	-3.366419728,	0.0001876677191
39,	-3.366354575,	0.0001940568139
40,	-3.366305166,	0.0001954899805
41,	-3.366267592,	0.0001943294806
42,	-3.366228237,	0.0001936864401
43,	-3.366241863,	0.0001896186603
44,	-3.366233151,	0.0001854637533
45,	-3.36623777,	0.000181354331
46,	-3.366224329,	0.0001778766123
47,	-3.366205608,	0.00017505475
48,	-3.366187024,	0.0001723737745
49,	-3.366162279,	0.0001706230975
50,	-3.366172542,	0.000167490551
51,	-3.366190745,	0.0001651796459
52,	-3.366186509,	0.0001620273647
53,	-3.366194549,	0.0001591440658
54,	-3.366169132,	0.0001582239687
55,	-3.366171058,	0.0001553324721
56,	-3.366189565,	0.0001536521398
57,	-3.366218105,	0.0001536068934
58,	-3.366239795,	0.0001524858987
59,	-3.366230868,	0.000150144748
60,	-3.36626529,	0.000151581269
61,	-3.366268941,	0.0001491203046
62,	-3.366265676,	0.0001467317449
63,	-3.36627435,	0.0001446442165
64,	-3.366291414,	0.000143385224
65,	-3.36626538,	0.0001435426799
66,	-3.36628136,	0.0001422514992
67,	-3.366298965,	0.0001412139336
68,	-3.366315653,	0.0001401190458
69,	-3.366298969,	0.0001390777522
70,	-3.366278435,	0.0001386059782
71,	-3.366286025,	0.0001368505013
72,	-3.366295675,	0.0001352809816
73,	-3.366289502,	0.0001335576906
74,	-3.366275333,	0.0001325002344
75,	-3.366266375,	0.0001310281608
76,	-3.366310682,	0.000136673496
77,	-3.366332306,	0.000136609212
78,	-3.366358688,	0.0001374028046
79,	-3.366346377,	0.0001362098595
80,	-3.366365361,	0.0001358297506
81,	-3.366362383,	0.0001341754281
82,	-3.366335576,	0.0001352129431
83,	-3.366335779,	0.0001335740919
84,	-3.366344229,	0.0001322445829
85,	-3.36634982,	0.0001307990478
86,	-3.366360877,	0.0001297411956
87,	-3.366369339,	0.0001285201386
88,	-3.366352107,	0.0001282145255
89,	-3.366351154,	0.0001267693124
90,	-3.366367389,	0.0001263997767
91,	-3.366366243,	0.0001250083049
92,	-3.366374729,	0.0001239329226
93,	-3.366386817,	0.0001231876365
94,	-3.366383334,	0.0001219198351
95,	-3.366362378,	0.0001224364408
96,	-3.366346019,	0.0001222538606
97,	-3.36632788,	0.0001223390199
98,	-3.366326254,	0.000121095145
99,	-3.366345046,	0.0001213297453
100,	-3.366345846,	0.0001201129871
