307.866
305.244
287.717
267.254
266.142
266.142
266.142
253.62
253.62
253.395
247.85
247.85
237.121
232.459
232.459
232.459
232.322
229.403
225.046
211.316
209.217
209.217
209.217
206.26
206.26
203.487
200.428
200.401
193.798
193.798
191.026
175.977
175.977
170.437
170.437
170.437
170.437
163.596
157.87
157.856
147.561
143.194
141.822
131.82
124.582
124.582
124.582
122.966
122.966
122.966
122.966
122.966
122.961
122.961
122.851
122.851
116.369
116.369
116.369
116.369
110.447
110.447
110.447
110.447
103.978
103.978
103.978
103.978
103.978
103.978
103.954
103.954
103.954
102.304
102.304
102.294
101.599
101.599
101.599
101.599
101.599
101.599
97.5858
97.5858
95.4723
91.459
91.459
91.439
91.439
91.439
91.439
91.4279
89.385
89.3738
89.3738
84.5299
84.5187
84.5187
84.5187
84.5187
84.5187
84.5187
84.5187
84.5187
84.5187
84.5187
84.5187
84.5187
84.5187
84.5187
84.5187
84.5187
84.5187
84.5187
84.5187
84.5187
82.8032
82.8032
82.8032
82.3284
82.3284
82.3284
82.3284
82.3284
82.3284
82.3175
82.3175
82.3175
82.3175
82.3175
82.3175
82.3175
82.3175
82.3175
82.3175
82.3175
82.3175
79.7738
79.2805
75.3106
75.3106
75.3106
75.3106
75.3106
75.3106
75.3106
73.6515
73.6515
73.6515
73.6515
73.6515
73.4786
73.4786
73.4786
73.4786
73.4786
73.4786
73.4786
73.4786
73.4786
73.4786
73.4786
69.4545
69.4545
69.4545
69.4545
69.4545
69.4545
69.4545
69.4545
69.4545
69.4545
69.4545
68.7784
68.7784
68.7784
68.7784
68.7403
68.7403
68.7403
68.7403
68.7403
68.7403
68.7403
68.7403
68.7403
68.7403
68.7403
68.7403
68.7403
68.7403
68.7403
68.7403
68.7403
68.7403
68.7403
68.7403
68.7403
68.7403
68.7403
68.7403
68.7403
68.7403
68.7403
68.7403
68.7403
68.7403
68.7403
68.7403
68.7403
68.7403
68.7403
68.7403
68.1189
68.1189
68.1189
68.1189
68.1189
68.1189
68.1189
68.1189
68.1189
68.1189
68.1189
68.1189
68.1189
68.1189
68.1189
68.1189
68.1189
68.1189
68.1189
68.1189
68.1189
68.1189
68.1189
68.1189
68.1189
68.1189
68.1189
62.9964
62.9964
62.9964
62.9964
62.9964
62.9964
62.9964
62.9964
62.9964
62.9964
62.9964
62.9964
62.9964
62.9964
62.9964
62.9964
62.9964
62.9964
62.9964
62.9964
62.9964
62.9964
62.9964
62.9964
62.9964
62.9964
62.9964
62.9964
62.9964
62.9964
62.3928
62.3928
62.3928
62.3928
62.3928
62.3928
62.3928
62.3928
62.3928
62.3928
62.3928
62.3928
62.3928
62.3928
62.3928
62.3928
62.3928
62.3928
62.3928
62.3928
62.3928
62.3928
62.3928
62.3928
62.3928
62.3928
62.3928
62.3928
62.3928
62.3928
62.3928
62.3928
62.3928
62.3928
62.3928
62.3928
62.3928
62.3928
62.3928
62.3928
62.3928
62.3928
62.3928
62.3928
62.3928
62.3928
62.3928
62.3928
62.3928
62.3928
62.3928
62.3928
62.3928
62.3928
62.3928
62.3928
62.3928
62.3928
62.3928
62.3928
62.3928
62.3928
62.3928
62.3928
62.3928
62.3928
62.3928
62.3928
62.3928
62.3928
62.3928
62.3928
62.3928
62.3928
62.3928
62.3928
62.3928
62.3928
62.3928
62.3928
62.3928
62.3928
62.3928
62.3928
62.3928
62.3928
62.3928
62.3928
62.3928
62.3928
62.3928
62.3928
62.3928
62.3928
62.3928
62.3928
62.3928
62.3928
62.3928
62.3928
62.3928
62.3928
62.3928
62.3928
62.3928
62.3928
62.3928
62.3928
62.3928
62.3928
62.3928
62.3928
62.3928
62.3928
62.3928
62.3928
62.3928
62.3928
62.3928
62.3928
62.3928
62.3928
62.3928
62.3928
62.3928
62.3928
62.3928
62.3928
62.3928
62.3928
62.3928
62.3928
62.3928
62.3928
62.3928
62.3928
62.3928
62.3928
62.3928
62.3928
62.3928
62.3928
62.3928
62.3928
62.3928
62.3928
62.3928
62.3928
62.3928
62.3928
62.3928
62.3928
62.3928
62.3928
62.3928
62.3928
62.3928
62.3928
62.3928
62.3928
62.3928
62.3928
62.3928
62.3928
62.3928
62.3928
62.3928
62.3928
62.3928
62.3928
62.3928
62.3928
62.3928
62.3928
62.3928
62.3928
62.3928
62.3928
62.3928
62.3928
62.3928
62.3928
62.3928
62.3928
62.3928
62.3928
62.3928
62.3928
62.3928
62.3928
62.3928
62.3928
62.3928
62.3928
62.3928
62.3928
62.3928
62.3928
62.3928
62.3928
62.3928
62.3928
62.3928
62.3928
62.3928
62.3928
62.3928
62.3928
62.3928
62.3928
62.3928
62.3928
62.3928
62.3928
62.3928
62.3928
62.3928
62.3928
62.3928
62.3928
62.3928
62.3928
62.3928
62.3928
62.3928
62.3928
62.3928
62.3928
62.3928
62.3928
62.3928
62.3928
62.3928
62.3928
62.3928
62.3928
62.3928
62.3928
62.3928
62.3928
62.3928
62.3928
62.3928
62.3928
62.3928
62.3928
62.3928
62.3928
62.3928
62.3928
62.3928
62.3928
62.3928
62.3928
62.3928
62.3928
62.3928
62.3928
62.3928
62.3928
62.3928
62.3928
62.3928
62.3928
62.3928
62.3928
62.3928
62.3928
62.3928
62.3928
62.3928
62.3928
62.3928
62.3928
62.3928
62.3928
62.3928
62.3928
62.3928
62.3928
62.3928
62.3928
62.3928
62.3928
62.3928
62.3928
62.3928
62.3928
62.3928
62.3928
62.3928
62.3928
62.3928
62.3928
62.3928
62.3928
62.3928
62.3928
62.3928
62.3928
62.3928
62.3928
62.3928
62.3928
62.3928
62.3928
62.3928
62.3928
62.3928
62.3928
62.3928
62.3928
62.3928
62.3928
62.3928
62.3928
62.3928
62.3928
62.3928
62.3928
62.3928
62.3928
62.3928
62.3928
62.3928
62.3928
62.3928
62.3928
62.3928
62.3928
62.3928
62.3928
62.3928
62.3928
62.3928
62.3928
62.3928
62.3928
62.3928
62.3928
62.3928
62.3928
62.3928
62.3928
62.3928
62.3928
62.3928
62.3928
62.3928
62.3928
62.3928
62.3928
62.3928
62.3928
62.3928
62.3928
62.3928
62.3928
62.3928
62.3928
62.3928
62.3928
62.3928
62.3928
62.3928
62.3928
62.3928
62.3928
62.3928
62.3928
62.3928
62.3928
62.3928
62.3928
62.3928
62.3928
62.3928
62.3928
62.3928
62.3928
62.3928
62.3928
62.3928
62.3928
62.3928
62.3928
62.3928
62.3928
62.3928
62.3928
62.3928
62.3928
62.3928
62.3928
62.3928
62.3928
62.3928
62.3928
62.3928
62.3928
62.3928
62.3928
62.3928
62.3928
62.3928
62.3928
62.3928
62.3928
62.3928
62.3928
62.3928
62.3928
62.3928
62.3928
62.3928
62.3928
62.3928
62.3928
62.3928
62.3928
62.3928
62.3928
62.3928
62.3928
62.3928
62.3928
62.3928
62.3928
62.3928
62.3928
62.3928
62.3928
62.3928
62.3928
62.3928
62.3928
62.3928
62.3928
62.3928
62.3928
62.3928
62.3928
62.3928
62.3928
62.3928
62.3928
62.3928
62.3928
62.3928
62.3928
62.3928
62.3928
62.3928
62.3928
62.3928
62.3928
62.3928
62.3928
62.3928
62.3928
62.3928
62.3928
62.3928
62.3928
62.3928
62.3928
62.3928
62.3928
62.3928
62.3928
62.3928
62.3928
62.3928
62.3928
62.3928
62.3928
62.3928
62.3928
62.3928
62.3928
62.3928
62.3928
62.3928
62.3928
62.3928
62.3928
62.3928
62.3928
62.3928
62.3928
62.3928
62.3928
62.3928
62.3928
62.3928
62.3928
62.3928
62.3928
62.3928
62.3928
62.3928
62.3928
62.3928
62.3928
62.3928
62.3928
62.3928
62.3928
62.3928
62.3928
62.3928
62.3928
62.3928
62.3928
62.3928
62.3928
62.3928
62.3928
62.3928
62.3928
62.3928
62.3928
62.3928
62.3928
62.3928
62.3928
62.3928
62.3928
62.3928
62.3928
62.3928
62.3928
62.3928
62.3928
62.3928
62.3928
62.3928
62.3928
62.3928
62.3928
62.3928
62.3928
62.3928
62.3928
62.3928
62.3928
62.3928
62.3928
62.3928
62.3928
62.3928
62.3928
62.3928
62.3928
62.3928
62.3928
62.3928
62.3928
62.3928
62.3928
62.3928
62.3928
62.3928
62.3928
62.3928
62.3928
62.3928
62.3928
62.3928
62.3928
62.3928
62.3928
62.3928
62.3928
62.3928
62.3928
62.3928
62.3928
62.3928
62.3928
62.3928
62.3928
62.3928
62.3928
62.3928
62.3928
62.3928
62.3928
62.3928
62.3928
62.3928
62.3928
62.3928
62.3928
62.3928
62.3928
62.3928
62.3928
62.3928
62.3928
62.3928
62.3928
62.3928
62.3928
62.3928
62.3928
62.3928
62.3928
62.3928
62.3928
62.3928
62.3928
62.3928
62.3928
62.3928
62.3928
62.3928
62.3928
62.3928
62.3928
62.3928
62.3928
62.3928
62.3928
62.3928
62.3928
62.3928
62.3928
62.3928
62.3928
62.3928
62.3928
62.3928
62.3928
62.3928
62.3928
62.3928
62.3928
62.3928
62.3928
62.3928
62.3928
62.3928
62.3928
62.3928
62.3928
62.3928
62.3928
62.3928
62.3928
62.3928
62.3928
62.3928
62.3928
62.3928
62.3928
62.3928
62.3928
62.3928
62.3928
62.3928
62.3928
62.3928
62.3928
62.3928
62.3928
62.3928
62.3928
62.3928
62.3928
62.3928
62.3928
62.3928
62.3928
62.3928
62.3928
62.3928
62.3928
62.3928
62.3928
62.3928
62.3928
62.3928
62.3928
62.3928
62.3928
62.3928
62.3928
62.3928
62.3928
62.3928
62.3928
62.3928
62.3928
62.3928
62.3928
62.3928
62.3928
62.3928
62.3928
62.3928
62.3928
62.3928
62.3928
62.3928
62.3928
62.3928
62.3928
62.3928
62.3928
62.3928
62.3928
62.3928
62.3928
62.3928
62.3928
62.3928
62.3928
62.3928
62.3928
62.3928
62.3928
62.3928
62.3928
62.3928
62.3928
62.3928
62.3928
62.3928
62.3928
