378.163
354.636
343.839
335.407
322.724
315.741
309.166
302.374
296.863
289.608
288.437
284.787
277.676
274.757
263.093
259.968
253.843
252.976
249.932
243.22
236.538
234.108
236.664
224.865
223.317
224.652
223.18
223.546
221.155
224.734
217.777
216.903
210.648
206.194
194.801
191.154
186.382
186.483
185.452
182.356
175.595
169.854
167.186
162.038
161.413
161.451
155.38
146.066
142.211
142.567
142.197
138.369
138.881
138.933
145.495
142.662
134.295
135.624
132.808
133.912
135.109
137.422
136.912
132.883
129.635
132.74
132.82
129.885
131.776
124.725
131.157
134.616
128.693
128.683
130.308
133.147
131.16
124.136
129.436
125.964
128.037
127.61
126.572
127.876
118.805
126.716
121.842
120.83
119.93
116.111
117.808
113.519
113.673
112.788
116.07
113.687
119.217
106.29
101.479
101.368
98.8341
110.529
105.165
113.038
108.993
100.46
98.1607
97.8673
97.8542
98.7555
101.507
100.965
104.584
109.076
114.539
105.36
104.85
109.785
101.104
106.002
104.335
108.262
102.322
97.7734
98.055
98.34
99.6101
97.1604
97.5867
102.034
102.487
104.293
100.611
94.2444
101.095
105.152
102.134
100.757
101.936
100.401
95.4725
94.5967
97.0563
95.8554
97.7307
98.2324
87.3657
97.7499
97.4124
90.856
93.4757
89.8965
96.9869
91.7255
88.7325
87.2016
87.7494
84.9406
85.6827
86.8715
89.9503
87.8443
89.6725
87.8184
87.9004
92.1957
89.9522
94.0457
88.8439
86.7254
84.9358
89.8398
94.0059
96.7923
92.4766
90.8672
89.9317
92.062
88.3928
87.7991
90.3412
90.2829
94.7514
90.006
92.4194
87.3476
89.6298
89.9161
91.9129
92.888
93.9182
90.0053
93.092
82.1417
81.4957
88.0515
92.0235
91.884
88.4272
90.7313
96.3545
103.739
102.907
98.8225
98.3038
96.1939
97.2301
93.1794
93.4279
88.0885
88.5716
94.3963
99.1011
88.3495
96.7514
90.8828
88.8089
87.4731
89.1107
95.501
90.2037
88.1164
87.0916
89.8545
87.9504
87.0713
86.196
91.3544
92.1214
88.2736
86.1897
90.0261
88.1729
86.4932
88.6542
93.0676
88.9
85.7937
85.8545
86.8065
88.0521
88.7493
88.0477
94.1528
88.2988
90.1078
90.9146
94.7419
85.5985
85.4784
78.9387
85.3183
82.9997
83.8611
83.8722
83.1888
88.7626
88.6961
85.4791
85.0433
93.9026
92.2328
89.9547
86.0438
89.1
81.7432
83.2867
82.8737
80.4716
82.9357
83.2861
79.0251
82.2198
89.5375
84.7089
85.1651
78.7776
81.3346
80.5574
82.2286
85.2441
84.76
83.7709
86.2289
88.7421
84.2911
82.9965
82.5779
83.9891
79.8443
85.6542
80.2216
80.7557
85.5682
78.5412
85.9768
87.8008
88.5911
88.0117
90.0627
90.1626
80.0659
79.4318
83.7727
85.8724
91.8324
85.0724
86.7356
84.4795
83.385
86.905
87.0054
82.7669
83.88
79.5954
75.7326
80.629
82.3472
82.8689
81.2276
80.1641
79.9932
80.462
87.3597
91.9082
85.3754
87.381
86.1157
84.7201
87.8337
87.5591
86.6807
87.3366
81.7361
84.1562
80.4716
79.8821
86.3593
85.2534
81.0349
84.4249
79.5945
86.0823
86.9729
87.7699
80.1505
86.3897
83.6077
83.1797
79.8768
82.1925
82.3646
81.9827
82.8731
78.162
78.0161
87.9148
86.4385
90.9478
81.851
77.3871
77.8164
83.9438
88.2267
87.1665
90.4742
89.6278
91.1612
100.983
96.8959
92.2889
88.5034
88.5364
82.418
83.7513
84.6062
83.0947
81.3169
83.5144
84.0141
80.3067
81.1681
78.9435
82.829
87.6003
85.8559
81.2668
79.8539
77.4842
83.2644
82.7417
75.1815
84.4897
88.9241
91.9788
88.5295
93.7079
95.0694
88.4008
86.3488
81.2312
86.5542
83.1104
86.3085
90.285
93.3311
93.5187
89.8391
93.6599
86.3765
85.8579
95.7049
84.2248
80.8682
84.3937
83.3062
87.0324
83.7323
83.8052
83.3496
86.6503
81.8042
81.0113
76.3198
75.1279
82.0419
85.4164
79.4929
83.171
79.0972
81.8896
87.3235
90.6243
81.3209
82.4159
85.2659
83.4525
81.392
88.8632
86.9784
84.9005
89.8563
83.298
84.7432
84.3358
88.2234
94.225
92.2061
94.1526
92.9286
85.1285
84.5114
87.5713
82.6422
79.8416
82.2757
80.4186
83.913
91.3988
89.9168
89.601
93.6891
87.7445
89.7499
92.4919
87.3559
90.059
82.2302
84.0156
79.5045
85.2011
93.2926
87.0119
79.5098
86.1204
84.9447
81.3817
75.7886
76.1147
78.4478
77.4685
75.1437
76.606
76.3093
79.1292
80.1591
83.7181
88.2493
88.0465
90.0227
89.7838
84.9493
82.5093
89.8025
83.7241
83.6903
84.507
79.8939
77.2682
82.3913
77.6494
80.8589
83.7706
83.012
86.9955
83.0082
76.9466
80.1742
76.6245
73.0473
70.9832
76.3385
80.2021
78.0495
82.7281
87.5299
87.4808
91.6647
85.0094
82.2617
85.1941
82.6246
91.2551
86.3341
86.2483
77.3118
80.5062
79.6885
88.6757
98.8997
99.0504
93.6266
93.6796
83.4919
84.1325
80.7487
87.2524
88.9667
79.2913
81.959
80.4583
81.1357
86.0874
91.898
90.8294
87.5205
83.1183
82.8664
79.0398
76.9735
77.5859
81.8611
80.6195
82.1318
87.2433
85.5147
86.8134
85.0592
84.7429
84.379
84.1521
83.5664
84.0996
79.2839
78.7138
80.149
83.7373
85.8093
90.0993
83.9128
86.2585
92.5889
96.2585
91.7247
85.0559
87.7094
97.222
88.651
87.2406
83.2979
81.8394
84.5469
83.3178
84.9573
85.5522
81.4737
84.2919
88.8912
81.2504
84.4339
88.2888
88.9667
84.9353
80.5063
76.1286
75.1435
78.7615
80.2683
83.5614
91.1132
85.874
81.4513
85.0119
86.6935
89.7465
86.8485
86.079
96.6901
90.8226
96.1806
85.9917
83.8591
84.598
82.4737
87.837
86.0299
84.8636
80.6623
81.8998
83.5732
88.4198
80.0098
88.8158
88.5163
87.4273
83.1749
86.1034
81.5023
83.4171
81.6747
79.8517
77.8141
78.303
80.5154
81.5065
84.6897
90.6822
83.7556
82.4652
84.0771
79.7034
82.3218
87.441
83.5072
81.5333
87.3416
88.1204
86.7101
83.5306
76.0662
77.0552
84.5562
91.7302
87.7943
88.0345
89.9762
88.7872
88.0592
92.0196
90.5369
88.6276
81.4432
82.8753
85.4545
83.4922
82.2751
84.0466
90.7368
90.8944
84.8602
79.5034
87.51
87.0641
92.0868
93.3612
88.0387
81.5313
79.9934
84.0018
80.7812
83.2461
87.1312
87.0754
85.3246
87.6102
86.787
91.8777
91.9534
85.0048
77.103
76.8607
80.5091
80.0311
88.5039
88.8269
90.2166
94.7897
90.0093
89.951
93.5625
99.4487
89.8343
93.1641
82.0976
83.3789
86.9519
82.9332
87.7306
86.4189
93.5129
80.7055
79.5206
78.5397
80.0086
84.878
85.3708
85.8091
77.439
77.683
77.2951
79.7529
78.1363
77.5388
80.4594
89.7634
85.1117
77.803
77.7191
81.9614
83.5857
78.5206
77.6801
79.7325
79.2568
76.3899
83.4643
87.005
96.511
91.6681
85.5953
92.1566
85.0155
85.0306
78.7255
83.5988
90.2218
83.1182
84.9724
87.2135
83.5728
81.7432
81.8194
84.8663
79.8429
77.4428
82.1902
82.0041
79.3919
81.928
84.2416
82.3001
82.2769
77.353
85.6774
80.288
83.0421
82.8275
79.0759
79.859
75.8728
83.8367
83.5192
82.4894
78.3867
73.3737
77.9499
82.4507
85.0697
82.1346
80.4361
82.0318
77.2717
84.1967
88.7768
87.4887
85.9328
84.0135
85.5775
86.7852
84.0344
94.936
86.4691
88.5556
91.6303
86.4966
76.9653
80.9552
84.6917
82.4564
91.549
96.758
92.6186
92.9089
94.8317
87.8953
87.9872
85.1532
84.8187
84.0512
84.8239
87.9407
87.444
82.4736
83.3781
84.1352
84.191
91.3864
87.8701
84.851
85.8357
79.692
80.0468
86.1711
87.228
86.7578
82.8456
83.8161
89.4602
83.008
91.7858
85.6601
82.4208
87.1838
88.8943
94.6938
89.8221
90.6317
90.6533
94.3136
93.8913
85.6419
89.3796
85.2763
85.7049
89.5792
89.4745
84.8982
79.3268
87.3843
88.8221
86.6392
83.2566
81.5706
81.3927
82.5466
79.1391
74.3582
83.3676
84.1024
82.1665
86.4073
83.4258
82.7852
84.6189
82.2578
84.3207
86.6816
82.7643
85.7568
85.5562
84.0855
85.9581
85.6729
82.4109
78.3368
82.4433
86.817
76.437
82.2575
75.359
80.3784
80.8145
76.6403
78.8031
84.0049
88.0688
86.9015
87.6351
86.7569
85.7487
83.5301
91.4756
81.9813
84.9978
82.7486
89.5536
82.6169
80.6094
86.6547
86.4258
87.4976
85.5483
83.9194
82.9324
80.2398
89.5769
90.437
90.3083
89.6582
89.387
92.2849
90.4736
88.4148
89.0401
86.8093
86.249
82.0774
87.5118
84.8026
86.564
84.3969
87.3845
84.2274
83.856
83.6118
85.5788
84.7514
77.2891
79.1376
78.1052
74.4906
77.7803
81.4247
79.4849
85.2448
87.4862
84.2973
82.0887
80.1996
85.1079
89.5496
83.3949
87.4651
85.3726
80.1277
86.4947
86.0051
80.1583
79.6913
76.7606
79.5318
88.4987
82.6732
86.0322
85.5267
82.854
83.5008
83.5376
78.3706
76.0453
77.7494
83.0907
82.3943
85.7338
89.3569
92.6768
85.8275
88.2386
95.09
87.0979
82.7083
77.4402
77.6407
75.9248
80.3893
79.9422
81.7149
82.886
80.7571
82.7212
82.9605
81.4644
82.306
79.8705
80.244
83.5889
82.2605
82.551
86.9975
86.072
88.9374
91.1526
87.1154
90.8371
82.524
80.7854
82.6232
86.3837
85.5816
86.6041
