1,	0.192568,	0
1,	0.201359,	0
2,	0.199751,	0.00160854
3,	0.198678,	0.00141906
4,	0.197788,	0.00134084
5,	0.197354,	0.0011259
6,	0.197588,	0.000948739
7,	0.197736,	0.00081535
8,	0.197312,	0.000823495
9,	0.196651,	0.000982501
10,	0.196988,	0.00094143
11,	0.19687,	0.000859702
12,	0.196667,	0.000810584
13,	0.196661,	0.00074566
14,	0.196822,	0.000709071
15,	0.196695,	0.000672305
16,	0.196641,	0.000631206
17,	0.196468,	0.000617638
18,	0.19628,	0.000611833
19,	0.195959,	0.000661676
20,	0.195941,	0.000627993
1,	0.201359,	0
2,	0.199746,	0.00161285
3,	0.198674,	0.00142051
4,	0.197788,	0.00133899
5,	0.197351,	0.00112559
6,	0.197587,	0.000948743
7,	0.19774,	0.000816327
8,	0.197318,	0.000823245
9,	0.19665,	0.000986256
10,	0.196995,	0.000947199
11,	0.196873,	0.000865518
12,	0.196666,	0.000816545
13,	0.19666,	0.000751143
14,	0.196822,	0.000714029
15,	0.196696,	0.000676581
16,	0.19664,	0.000635321
17,	0.196467,	0.000621334
18,	0.196281,	0.000614763
19,	0.195959,	0.000664727
20,	0.195941,	0.000630866
1,	0.216588,	0
2,	0.216243,	0.000344767
3,	0.215786,	0.000498054
4,	0.2144,	0.00142995
5,	0.214467,	0.00110963
6,	0.214799,	0.000965141
7,	0.215098,	0.000868688
8,	0.214563,	0.000923229
9,	0.213756,	0.00114657
10,	0.213805,	0.00102669
11,	0.213621,	0.000946655
12,	0.21315,	0.000984245
13,	0.213065,	0.000909378
14,	0.213328,	0.000882109
15,	0.21316,	0.000838239
16,	0.213058,	0.000790677
17,	0.212995,	0.000745346
18,	0.21272,	0.000754761
19,	0.212363,	0.000798321
20,	0.212276,	0.000762365
1,	0.231007,	0
2,	0.230156,	0.000850824
3,	0.229794,	0.000610245
4,	0.229376,	0.000601219
5,	0.230157,	0.000909734
6,	0.230464,	0.000803569
7,	0.230915,	0.000815205
8,	0.230556,	0.000791876
9,	0.230128,	0.000819198
10,	0.230322,	0.000757982
11,	0.230144,	0.000708219
12,	0.229823,	0.000722
13,	0.229843,	0.000664439
14,	0.23016,	0.000692318
15,	0.230042,	0.000655216
16,	0.230423,	0.0007216
17,	0.230453,	0.000678462
18,	0.230019,	0.000772592
19,	0.229612,	0.000836788
20,	0.229594,	0.000794053
1,	0.252221,	0
2,	0.25053,	0.00169119
3,	0.248807,	0.0019805
4,	0.248335,	0.00147795
5,	0.248197,	0.00115309
6,	0.249032,	0.00125864
7,	0.249682,	0.00124672
8,	0.249853,	0.00109318
9,	0.249596,	0.000997785
10,	0.249866,	0.000932442
11,	0.249899,	0.00084405
12,	0.249377,	0.000930709
13,	0.249713,	0.000919808
14,	0.250261,	0.0010127
15,	0.25033,	0.000945307
16,	0.250705,	0.000960223
17,	0.250629,	0.000905105
18,	0.249925,	0.00110676
19,	0.249684,	0.0010743
20,	0.24947,	0.00104125
1,	0.271673,	0
2,	0.269797,	0.0018759
3,	0.26863,	0.00159187
4,	0.268302,	0.00117246
5,	0.267463,	0.00123651
6,	0.268511,	0.00145507
7,	0.269925,	0.00187356
8,	0.269973,	0.00162328
9,	0.269988,	0.00143168
10,	0.270339,	0.00132787
11,	0.27042,	0.00120381
12,	0.269954,	0.00119385
13,	0.270047,	0.00110217
14,	0.270519,	0.00112415
15,	0.270418,	0.00105139
16,	0.270783,	0.00104915
17,	0.270893,	0.000991575
18,	0.270426,	0.00104487
19,	0.27031,	0.000995185
20,	0.270294,	0.000944252
1,	0.29609,	0
2,	0.289435,	0.00665512
3,	0.287528,	0.00428953
4,	0.287164,	0.00305488
5,	0.28662,	0.00242801
6,	0.288085,	0.00246484
7,	0.290026,	0.00284759
8,	0.290894,	0.00261443
9,	0.291103,	0.00231511
10,	0.291431,	0.00209655
11,	0.291864,	0.00194513
12,	0.291394,	0.00183676
13,	0.291712,	0.00171934
14,	0.292243,	0.00167808
15,	0.292103,	0.00156848
16,	0.292756,	0.00160562
17,	0.292891,	0.00151425
18,	0.292781,	0.00143187
19,	0.292748,	0.0013548
20,	0.292905,	0.00129482
1,	0.31857,	0
2,	0.315748,	0.00282152
3,	0.314754,	0.00190861
4,	0.313775,	0.00166697
5,	0.312805,	0.00161527
6,	0.313985,	0.00176998
7,	0.314725,	0.00166901
8,	0.315091,	0.0014909
9,	0.315551,	0.00139314
10,	0.316177,	0.00139425
11,	0.316927,	0.00146772
12,	0.31662,	0.00137471
13,	0.316634,	0.00126463
14,	0.3174,	0.00139888
15,	0.31735,	0.00130324
16,	0.317759,	0.00128598
17,	0.317672,	0.00121108
18,	0.317551,	0.0011483
19,	0.317362,	0.00110248
20,	0.317583,	0.0010691
1,	0.347444,	0
2,	0.343675,	0.00376868
3,	0.339631,	0.00459266
4,	0.338696,	0.0033793
5,	0.338227,	0.00265925
6,	0.339937,	0.00276362
7,	0.341514,	0.00281848
8,	0.340947,	0.00250584
9,	0.341356,	0.00224742
10,	0.341952,	0.00209657
11,	0.341466,	0.00195757
12,	0.340965,	0.00185608
13,	0.340672,	0.00173232
14,	0.341629,	0.00186758
15,	0.34161,	0.00173872
16,	0.342749,	0.0019854
17,	0.343153,	0.00190831
18,	0.343027,	0.00180358
19,	0.342993,	0.00170636
20,	0.343194,	0.00163119
1,	0.365826,	0
2,	0.36924,	0.00341393
3,	0.369024,	0.00198283
4,	0.369107,	0.00140451
5,	0.366716,	0.00262671
6,	0.367422,	0.00225808
7,	0.369615,	0.00290716
8,	0.368988,	0.00259469
9,	0.369519,	0.00234913
10,	0.369586,	0.00210218
11,	0.369506,	0.00190315
12,	0.3695,	0.00173734
13,	0.369962,	0.00166376
14,	0.370604,	0.00166887
15,	0.37023,	0.00159817
16,	0.371309,	0.00184378
17,	0.371636,	0.00176251
18,	0.372198,	0.00175408
19,	0.372811,	0.00176898
20,	0.37243,	0.00172101
1,	0.390857,	0
2,	0.394804,	0.00394753
3,	0.390862,	0.0045534
4,	0.389366,	0.00355065
5,	0.390114,	0.00285042
6,	0.392234,	0.00314758
7,	0.393208,	0.00283289
8,	0.394734,	0.00288939
9,	0.394446,	0.00256441
10,	0.394879,	0.00233423
11,	0.394759,	0.00211483
12,	0.395836,	0.00221081
13,	0.396101,	0.00205082
14,	0.396544,	0.00194966
15,	0.396032,	0.00188583
16,	0.396647,	0.00186809
17,	0.396883,	0.00177055
18,	0.397746,	0.00187917
19,	0.397827,	0.00177938
20,	0.397764,	0.00168924
1,	0.421542,	0
2,	0.416691,	0.00485147
3,	0.415687,	0.00297542
4,	0.415125,	0.00217769
5,	0.415602,	0.00175297
6,	0.419114,	0.00379208
7,	0.420393,	0.00345066
8,	0.421399,	0.0031533
9,	0.420838,	0.00283697
10,	0.420344,	0.00258521
11,	0.42062,	0.00235464
12,	0.420933,	0.00217227
13,	0.419609,	0.00239744
14,	0.419137,	0.00226914
15,	0.417638,	0.00259044
16,	0.418056,	0.00245889
17,	0.418967,	0.00248323
18,	0.419478,	0.00239627
19,	0.419652,	0.00227326
20,	0.419841,	0.00216488
1,	0.450117,	0
2,	0.442501,	0.00761662
3,	0.441625,	0.00448379
4,	0.436382,	0.00612731
5,	0.436173,	0.00475079
6,	0.435789,	0.00389797
7,	0.437759,	0.00383832
8,	0.435749,	0.00388409
9,	0.435741,	0.00342546
10,	0.436397,	0.00313318
11,	0.436793,	0.00286171
12,	0.437373,	0.002676
13,	0.436765,	0.0025357
14,	0.436052,	0.00245331
15,	0.434469,	0.0027791
16,	0.434796,	0.0026201
17,	0.434672,	0.00246426
18,	0.434585,	0.00232498
19,	0.434803,	0.00220999
20,	0.434702,	0.00209901
1,	0.450598,	0
2,	0.470299,	0.0197007
3,	0.464757,	0.0126522
4,	0.452193,	0.0154242
5,	0.447366,	0.0128856
6,	0.441916,	0.0118491
7,	0.444999,	0.0104782
8,	0.444294,	0.00910175
9,	0.443957,	0.00803406
10,	0.444933,	0.0072519
11,	0.445785,	0.00661464
12,	0.445151,	0.00607148
13,	0.444569,	0.00561525
14,	0.44405,	0.00522447
15,	0.443887,	0.00486647
16,	0.443249,	0.00459655
17,	0.4436,	0.0043319
18,	0.442654,	0.00419222
19,	0.441946,	0.00402818
20,	0.442001,	0.00382186
1,	0.399385,	0
2,	0.42699,	0.0276047
3,	0.436979,	0.0188094
4,	0.432868,	0.0139212
5,	0.428388,	0.0116769
6,	0.428725,	0.0095401
7,	0.432177,	0.00877093
8,	0.434355,	0.00790191
9,	0.435563,	0.00707277
10,	0.436793,	0.00644455
11,	0.43407,	0.00643392
12,	0.43536,	0.00601334
13,	0.436461,	0.00563999
14,	0.43617,	0.00522973
15,	0.435954,	0.0048734
16,	0.436723,	0.00462302
17,	0.434416,	0.00491747
18,	0.434547,	0.00463809
19,	0.434766,	0.00439263
20,	0.436043,	0.00435853
1,	0.420196,	0
2,	0.418844,	0.00135125
3,	0.4244,	0.00560998
4,	0.419663,	0.00617819
5,	0.418153,	0.00501836
6,	0.421756,	0.00545669
7,	0.419472,	0.00514637
8,	0.415958,	0.00567586
9,	0.416983,	0.00510952
10,	0.418028,	0.00468816
11,	0.417623,	0.00425996
12,	0.418542,	0.00399588
13,	0.418326,	0.00368201
14,	0.415389,	0.00449958
15,	0.413504,	0.00459344
16,	0.413387,	0.00429837
17,	0.412644,	0.00410543
18,	0.411341,	0.00408408
19,	0.409707,	0.00419417
20,	0.410667,	0.00409298
1,	0.282161,	0
2,	0.346368,	0.0642077
3,	0.307272,	0.0538766
4,	0.313853,	0.0386607
5,	0.307655,	0.0305811
6,	0.301909,	0.0256219
7,	0.310031,	0.0231276
8,	0.304293,	0.020835
9,	0.306397,	0.0184948
10,	0.306767,	0.0165464
11,	0.312516,	0.0160331
12,	0.317014,	0.0153117
13,	0.320011,	0.0143999
14,	0.321858,	0.013459
15,	0.32337,	0.0126206
16,	0.322824,	0.0118181
17,	0.321712,	0.0111567
18,	0.325729,	0.0112594
19,	0.324331,	0.0107418
20,	0.32581,	0.0102973
1,	0.112285,	0
2,	0.0872121,	0.025073
3,	0.0939466,	0.0159657
4,	0.0835481,	0.0153486
5,	0.108926,	0.0280251
6,	0.115925,	0.0239286
7,	0.124379,	0.0219192
8,	0.121624,	0.0191813
9,	0.121674,	0.0169164
10,	0.118559,	0.0154478
11,	0.119344,	0.0139951
12,	0.115084,	0.0134674
13,	0.126174,	0.0166273
14,	0.119756,	0.0166784
15,	0.122232,	0.015723
16,	0.116742,	0.0156988
17,	0.11507,	0.014841
18,	0.110502,	0.0147191
19,	0.106841,	0.0143961
20,	0.102253,	0.0144073
1,	0.00248715,	0
2,	0.00124357,	0.00124357
3,	0.00213132,	0.00114175
4,	0.00159849,	0.000967315
5,	0.00127879,	0.000814632
6,	0.0160725,	0.0148086
7,	0.013878,	0.0127065
8,	0.0121432,	0.0111401
9,	0.0116612,	0.00983643
10,	0.0110631,	0.00881828
11,	0.0102189,	0.00802098
12,	0.00936729,	0.00737147
13,	0.00870142,	0.00681339
14,	0.00810529,	0.00633608
15,	0.00758863,	0.00592115
16,	0.00711434,	0.005559
17,	0.00669585,	0.00523851
18,	0.0063831,	0.00494881
19,	0.00655105,	0.00468412
20,	0.0062235,	0.0044558
1,	0.203614,	0
2,	0.201445,	0.00216893
3,	0.202644,	0.00173352
4,	0.200995,	0.00205439
5,	0.2006,	0.0016397
6,	0.200268,	0.00137939
7,	0.199219,	0.00156805
8,	0.198795,	0.00142254
9,	0.198584,	0.00127217
10,	0.198373,	0.00115726
11,	0.198313,	0.0010485
12,	0.197851,	0.001063
13,	0.197799,	0.000979172
14,	0.197689,	0.000913255
15,	0.197883,	0.00087207
16,	0.198145,	0.000856763
17,	0.197916,	0.000836754
18,	0.198034,	0.00079775
19,	0.197943,	0.000760109
20,	0.197828,	0.000730172
1,	0.217085,	0
2,	0.215074,	0.00201127
3,	0.216321,	0.00170422
4,	0.214828,	0.00191902
5,	0.215163,	0.00152389
6,	0.214502,	0.00140914
7,	0.214292,	0.00120939
8,	0.212933,	0.00171568
9,	0.213184,	0.0015338
10,	0.213096,	0.0013747
11,	0.212603,	0.00133765
12,	0.212183,	0.00129125
13,	0.212782,	0.00133036
14,	0.212632,	0.00124074
15,	0.212514,	0.00116109
16,	0.212703,	0.00110231
17,	0.212503,	0.00105446
18,	0.21264,	0.00100359
19,	0.212638,	0.000949305
20,	0.212834,	0.000921802
1,	0.232247,	0
2,	0.231554,	0.000693211
3,	0.230375,	0.00124546
4,	0.229492,	0.00124684
5,	0.230808,	0.00163254
6,	0.230261,	0.00144112
7,	0.230514,	0.00124412
8,	0.229573,	0.00143082
9,	0.229514,	0.00126324
10,	0.229524,	0.00112992
11,	0.229389,	0.00103095
12,	0.22926,	0.000949868
13,	0.229249,	0.000873824
14,	0.229308,	0.000811199
15,	0.229325,	0.000755372
16,	0.229357,	0.000707304
17,	0.229292,	0.000667535
18,	0.229175,	0.000640241
19,	0.229156,	0.000605901
20,	0.229175,	0.000575123
1,	0.247468,	0
2,	0.249794,	0.00232589
3,	0.248988,	0.00156619
4,	0.248772,	0.00112819
5,	0.249384,	0.00106642
6,	0.247845,	0.00176798
7,	0.247562,	0.00152081
8,	0.247084,	0.00140094
9,	0.247199,	0.00124079
10,	0.247177,	0.00111001
11,	0.247343,	0.00101766
12,	0.24756,	0.000954081
13,	0.247218,	0.000942134
14,	0.246913,	0.000924002
15,	0.247436,	0.0010066
16,	0.247533,	0.000946603
17,	0.247527,	0.000889199
18,	0.247342,	0.000858449
19,	0.247393,	0.000813573
20,	0.247434,	0.000772909
1,	0.271447,	0
2,	0.272104,	0.00065705
3,	0.269713,	0.00242168
4,	0.271692,	0.00261764
5,	0.273022,	0.00242485
6,	0.272098,	0.00218511
7,	0.27126,	0.00202798
8,	0.271086,	0.00176483
9,	0.270655,	0.00161504
10,	0.270436,	0.00146102
11,	0.270752,	0.0013586
12,	0.270473,	0.00127111
13,	0.270271,	0.00118654
14,	0.270413,	0.00110767
15,	0.270256,	0.00104313
16,	0.270381,	0.000983715
17,	0.270112,	0.000962208
18,	0.270188,	0.000910324
19,	0.270031,	0.000875343
20,	0.269991,	0.000831376
1,	0.290258,	0
2,	0.292082,	0.00182437
3,	0.291431,	0.00123822
4,	0.292905,	0.00171395
5,	0.292571,	0.00136887
6,	0.291752,	0.00138551
7,	0.292315,	0.00129916
8,	0.291557,	0.00135662
9,	0.290757,	0.00143905
10,	0.291196,	0.00135991
11,	0.290921,	0.00126047
12,	0.291166,	0.00117637
13,	0.291128,	0.00108278
14,	0.291688,	0.00114821
15,	0.292014,	0.00111763
16,	0.292814,	0.00131653
17,	0.293286,	0.00132359
18,	0.292891,	0.0013089
19,	0.29334,	0.00131684
20,	0.293518,	0.001262
1,	0.308456,	0
2,	0.312263,	0.00380685
3,	0.313135,	0.00236453
4,	0.314705,	0.00229378
5,	0.315724,	0.002048
6,	0.314411,	0.00212614
7,	0.313534,	0.00199917
8,	0.313955,	0.00178174
9,	0.313528,	0.0016283
10,	0.313664,	0.00146273
11,	0.31438,	0.00150422
12,	0.314432,	0.00137415
13,	0.315043,	0.00140412
14,	0.315509,	0.00138088
15,	0.315272,	0.00130724
16,	0.315702,	0.0012962
17,	0.316193,	0.00131294
18,	0.315948,	0.001262
19,	0.315871,	0.00119616
20,	0.315805,	0.00113669
1,	0.340349,	0
2,	0.346886,	0.00653687
3,	0.343468,	0.00509174
4,	0.344212,	0.00367633
5,	0.344381,	0.00285273
6,	0.343754,	0.00241234
7,	0.343635,	0.00204222
8,	0.343648,	0.00176866
9,	0.343578,	0.00156138
10,	0.344432,	0.00163698
11,	0.344291,	0.00148734
12,	0.343432,	0.00160662
13,	0.343854,	0.00153687
14,	0.343842,	0.00142292
15,	0.343365,	0.00140776
16,	0.343901,	0.00142165
17,	0.344093,	0.00134918
18,	0.344365,	0.00130078
19,	0.344643,	0.00126143
20,	0.344558,	0.00119973
1,	0.361384,	0
2,	0.372151,	0.0107667
3,	0.369056,	0.00694392
4,	0.37173,	0.00559116
5,	0.37116,	0.00436827
6,	0.371175,	0.00356671
7,	0.368789,	0.0038447
8,	0.367681,	0.00350887
9,	0.36688,	0.00319656
10,	0.367,	0.00286159
11,	0.367088,	0.00258991
12,	0.36569,	0.00274675
13,	0.365967,	0.0025418
14,	0.365645,	0.00237512
15,	0.365174,	0.00226087
16,	0.365626,	0.00216267
17,	0.366088,	0.0020833
18,	0.366578,	0.00202449
19,	0.36672,	0.00192025
20,	0.366495,	0.00183558
1,	0.390413,	0
2,	0.398096,	0.00768374
3,	0.391047,	0.00832944
4,	0.396081,	0.00774799
5,	0.397388,	0.00614223
6,	0.397009,	0.0050294
7,	0.39777,	0.0043183
8,	0.395925,	0.00417039
9,	0.395598,	0.00369246
10,	0.395699,	0.00330419
11,	0.396579,	0.00311565
12,	0.396813,	0.00285379
13,	0.395688,	0.00285604
14,	0.396363,	0.0027291
15,	0.396702,	0.00256309
16,	0.396144,	0.00246152
17,	0.396891,	0.00242995
18,	0.396516,	0.00232159
19,	0.396436,	0.00219745
20,	0.395741,	0.0021974
1,	0.412941,	0
2,	0.419919,	0.006978
3,	0.41584,	0.00573339
4,	0.420372,	0.00608095
5,	0.422871,	0.00533227
6,	0.41953,	0.00548843
7,	0.421095,	0.00489576
8,	0.420601,	0.00426862
9,	0.420101,	0.00379758
10,	0.420379,	0.00340803
11,	0.421607,	0.00331827
12,	0.420059,	0.00340201
13,	0.419672,	0.00315321
14,	0.419451,	0.00292764
15,	0.419091,	0.00274916
16,	0.418381,	0.00266779
17,	0.419191,	0.00263361
18,	0.419912,	0.00258541
19,	0.419405,	0.00249743
20,	0.418887,	0.00242518
1,	0.425062,	0
2,	0.441517,	0.0164556
3,	0.43592,	0.0110271
4,	0.443144,	0.0106299
5,	0.444771,	0.00839299
6,	0.442199,	0.00731952
7,	0.44386,	0.00640529
8,	0.441908,	0.00588074
9,	0.442915,	0.00528317
10,	0.443096,	0.00472887
11,	0.442217,	0.00436679
12,	0.442205,	0.00398633
13,	0.438796,	0.0050069
14,	0.438269,	0.00466535
15,	0.437723,	0.00437744
16,	0.438263,	0.00413022
17,	0.43926,	0.00400556
18,	0.439025,	0.00378377
19,	0.438496,	0.00361799
20,	0.437796,	0.00350292
1,	0.438841,	0
2,	0.44957,	0.0107289
3,	0.444889,	0.00776387
4,	0.452539,	0.00941623
5,	0.450335,	0.00761962
6,	0.447445,	0.00685966
7,	0.451293,	0.00695777
8,	0.448287,	0.00673375
9,	0.451081,	0.00656337
10,	0.450695,	0.00588314
11,	0.451463,	0.00537656
12,	0.450182,	0.00507253
13,	0.448361,	0.00500868
14,	0.447428,	0.00472997
15,	0.447695,	0.00441143
16,	0.449526,	0.00451461
17,	0.449591,	0.00424122
18,	0.448737,	0.00408868
19,	0.448142,	0.00391304
20,	0.448087,	0.00371264
1,	0.439318,	0
2,	0.432758,	0.00656068
3,	0.425212,	0.00844284
4,	0.437897,	0.0140194
5,	0.433516,	0.0117097
6,	0.431136,	0.0098528
7,	0.429059,	0.00858224
8,	0.430629,	0.00759636
9,	0.432628,	0.00699144
10,	0.430512,	0.00660183
11,	0.429533,	0.00605131
12,	0.430309,	0.00557837
13,	0.429452,	0.00520244
14,	0.430812,	0.00500473
15,	0.429442,	0.00485643
16,	0.427784,	0.00483565
17,	0.428788,	0.00465184
18,	0.429412,	0.00442997
19,	0.43027,	0.00427738
20,	0.431904,	0.00437447
1,	0.43989,	0
2,	0.431562,	0.0083282
3,	0.430583,	0.00490693
4,	0.425004,	0.00656949
5,	0.423189,	0.00540264
6,	0.43221,	0.0100418
7,	0.434715,	0.00884886
8,	0.429561,	0.00923545
9,	0.427105,	0.00850714
10,	0.425708,	0.00773621
11,	0.43011,	0.00826687
12,	0.427116,	0.0081187
13,	0.428172,	0.00754241
14,	0.424801,	0.007754
15,	0.425122,	0.00722571
16,	0.422541,	0.00723493
17,	0.424182,	0.00699136
18,	0.423337,	0.00664549
19,	0.423356,	0.00628603
20,	0.423193,	0.0059657
1,	0.384481,	0
2,	0.32568,	0.0588016
3,	0.320497,	0.0343425
4,	0.324294,	0.024579
5,	0.328824,	0.0195701
6,	0.338758,	0.0188154
7,	0.341845,	0.0161988
8,	0.340099,	0.0141368
9,	0.336062,	0.0131048
10,	0.337347,	0.0117915
11,	0.3352,	0.0108798
12,	0.337073,	0.010107
13,	0.340608,	0.00994629
14,	0.341698,	0.00927278
15,	0.339105,	0.00901365
16,	0.337891,	0.00851837
17,	0.339936,	0.0082588
18,	0.336666,	0.00844547
19,	0.33417,	0.00836935
20,	0.331272,	0.00845217
1,	0.151721,	0
2,	0.159152,	0.0074304
3,	0.173957,	0.0154144
4,	0.132955,	0.0424258
5,	0.120617,	0.0351029
6,	0.111803,	0.0299859
7,	0.121509,	0.0271377
8,	0.111556,	0.0255226
9,	0.10462,	0.0235533
10,	0.0958039,	0.0228369
11,	0.0906232,	0.0212965
12,	0.0895172,	0.0194724
13,	0.08541,	0.0183769
14,	0.0878919,	0.0171937
15,	0.0851442,	0.0162406
16,	0.0814996,	0.0156228
17,	0.0872361,	0.0157564
18,	0.0875372,	0.0148584
19,	0.0883418,	0.0140776
20,	0.0905378,	0.0135345
1,	0.00106635,	0
2,	0.00106635,	0
3,	0.000710898,	0.000355449
4,	0.000977396,	0.000366324
5,	0.00248449,	0.00153357
6,	0.00207041,	0.00131885
7,	0.00177463,	0.0011532
8,	0.0015528,	0.00102304
9,	0.00138027,	0.000918588
10,	0.00131334,	0.000824332
11,	0.00125858,	0.000747644
12,	0.0011537,	0.000690514
13,	0.00106495,	0.000641351
14,	0.000988884,	0.000598628
15,	0.000994048,	0.000557316
16,	0.00093192,	0.000525011
17,	0.00104429,	0.000505801
18,	0.00102577,	0.000477233
19,	0.000971782,	0.000454634
20,	0.000923193,	0.000434032
1,	-1.36424e-11,	0
2,	-1.36424e-11,	0
3,	-1.36424e-11,	0
4,	-1.36424e-11,	0
5,	-1.36424e-11,	0
6,	-1.36424e-11,	0
7,	-1.36424e-11,	8.01234e-20
8,	-1.36424e-11,	7.41799e-20
9,	-1.36424e-11,	6.93889e-20
10,	-1.36424e-11,	6.54205e-20
11,	-1.36424e-11,	1.07497e-19
12,	-1.36424e-11,	1.02494e-19
13,	-1.36424e-11,	5.66558e-20
14,	-1.36424e-11,	5.44332e-20
15,	-1.36424e-11,	5.24531e-20
16,	-1.36424e-11,	5.06745e-20
17,	-1.36424e-11,	0
18,	-1.36424e-11,	0
19,	-1.36424e-11,	0
20,	-1.36424e-11,	0
1,	-5.45697e-11,	0
2,	-5.45697e-11,	0
3,	-5.45697e-11,	0
4,	-5.45697e-11,	0
5,	-5.45697e-11,	0
6,	-5.45697e-11,	0
7,	-5.45697e-11,	3.20494e-19
8,	-5.45697e-11,	2.9672e-19
9,	-5.45697e-11,	2.77556e-19
10,	-5.45697e-11,	2.61682e-19
11,	-5.45697e-11,	4.29988e-19
12,	-5.45697e-11,	4.09977e-19
13,	-5.45697e-11,	2.26623e-19
14,	-5.45697e-11,	2.17733e-19
15,	-5.45697e-11,	2.09812e-19
16,	-5.45697e-11,	2.02698e-19
17,	-5.45697e-11,	0
18,	-5.45697e-11,	0
19,	-5.45697e-11,	0
20,	-5.45697e-11,	0
