1,	-0.4584,	0
1,	-0.45976,	0
2,	-0.460652,	0.000892
3,	-0.461141,	0.0007104
4,	-0.460542,	0.000782007
5,	-0.461589,	0.00120943
6,	-0.461839,	0.00101861
7,	-0.461392,	0.000969864
8,	-0.461367,	0.000840299
9,	-0.46139,	0.000741437
10,	-0.461412,	0.000663519
11,	-0.461349,	0.000603464
12,	-0.461369,	0.000551256
13,	-0.46141,	0.000508747
14,	-0.461288,	0.000486668
15,	-0.461324,	0.00045447
16,	-0.461345,	0.00042565
17,	-0.461399,	0.000403466
18,	-0.461599,	0.000429582
19,	-0.461493,	0.000419845
20,	-0.461462,	0.000399478
1,	-0.45976,	0
2,	-0.46066,	0.0009
3,	-0.461144,	0.00071011
4,	-0.460542,	0.000783921
5,	-0.46159,	0.00121155
6,	-0.461841,	0.00102056
7,	-0.461391,	0.000973081
8,	-0.461371,	0.000842947
9,	-0.46139,	0.000743658
10,	-0.46141,	0.000665454
11,	-0.461348,	0.000605114
12,	-0.461371,	0.000552841
13,	-0.461412,	0.000510192
14,	-0.461289,	0.000487985
15,	-0.461325,	0.000455728
16,	-0.461346,	0.000426772
17,	-0.4614,	0.000404507
18,	-0.4616,	0.000430852
19,	-0.461493,	0.000421237
20,	-0.461462,	0.000400827
1,	-0.479624,	0
2,	-0.480944,	0.00132
3,	-0.481539,	0.000966658
4,	-0.481174,	0.000774723
5,	-0.482152,	0.00114743
6,	-0.482477,	0.000991754
7,	-0.482115,	0.000912978
8,	-0.481961,	0.000805602
9,	-0.482028,	0.000713585
10,	-0.482028,	0.00063825
11,	-0.481989,	0.000578629
12,	-0.482041,	0.000530725
13,	-0.482106,	0.000492528
14,	-0.482034,	0.000461573
15,	-0.481983,	0.000432759
16,	-0.48205,	0.000410327
17,	-0.482066,	0.000385782
18,	-0.482235,	0.000400962
19,	-0.482138,	0.000391586
20,	-0.482108,	0.000372675
1,	-0.50212,	0
2,	-0.503012,	0.000892
3,	-0.50352,	0.000723385
4,	-0.503236,	0.000585063
5,	-0.504038,	0.000921534
6,	-0.504253,	0.000782526
7,	-0.504049,	0.000692159
8,	-0.503858,	0.000629165
9,	-0.503886,	0.000555589
10,	-0.504046,	0.000522111
11,	-0.504087,	0.000474033
12,	-0.504083,	0.000432755
13,	-0.504147,	0.000403254
14,	-0.504029,	0.000391697
15,	-0.503979,	0.000367977
16,	-0.504061,	0.000353798
17,	-0.504157,	0.000345841
18,	-0.504282,	0.000349386
19,	-0.504191,	0.000342803
20,	-0.504175,	0.000325603
1,	-0.525784,	0
2,	-0.526464,	0.00068
3,	-0.526677,	0.000446816
4,	-0.526844,	0.000357211
5,	-0.527808,	0.00100292
6,	-0.528033,	0.000849321
7,	-0.52789,	0.000731922
8,	-0.527746,	0.000650077
9,	-0.527645,	0.000582085
10,	-0.527906,	0.000582421
11,	-0.527967,	0.000530242
12,	-0.528011,	0.000486049
13,	-0.5281,	0.000455877
14,	-0.528103,	0.000422077
15,	-0.528228,	0.000412287
16,	-0.528308,	0.000393815
17,	-0.528403,	0.000381884
18,	-0.528496,	0.000371905
19,	-0.528464,	0.000353202
20,	-0.528428,	0.000337007
1,	-0.55232,	0
2,	-0.552712,	0.000392
3,	-0.552907,	0.000298524
4,	-0.553176,	0.000342197
5,	-0.553954,	0.000821536
6,	-0.554184,	0.000709247
7,	-0.553995,	0.000628385
8,	-0.553835,	0.000567352
9,	-0.553708,	0.000516114
10,	-0.554019,	0.000556478
11,	-0.554081,	0.000507189
12,	-0.554196,	0.000476957
13,	-0.554271,	0.000445165
14,	-0.554253,	0.000412547
15,	-0.554326,	0.000390984
16,	-0.554441,	0.000383416
17,	-0.554448,	0.000360216
18,	-0.554511,	0.000345348
19,	-0.554573,	0.00033257
20,	-0.554508,	0.000322221
1,	-0.580664,	0
2,	-0.581468,	0.000804
3,	-0.581344,	0.000480466
4,	-0.581498,	0.000373015
5,	-0.582318,	0.000869793
6,	-0.582424,	0.000717991
7,	-0.582275,	0.000624737
8,	-0.582035,	0.000592054
9,	-0.581953,	0.000528559
10,	-0.58239,	0.00064414
11,	-0.582404,	0.000582814
12,	-0.582511,	0.000542681
13,	-0.582681,	0.000527115
14,	-0.582742,	0.000491895
15,	-0.582719,	0.000458525
16,	-0.582881,	0.000458685
17,	-0.582873,	0.000430936
18,	-0.582916,	0.000408516
19,	-0.58296,	0.000388867
20,	-0.582859,	0.000382429
1,	-0.610264,	0
2,	-0.61156,	0.001296
3,	-0.611891,	0.000818054
4,	-0.612336,	0.000730019
5,	-0.613154,	0.000994096
6,	-0.613168,	0.000811804
7,	-0.613144,	0.000686519
8,	-0.612701,	0.000741438
9,	-0.612669,	0.000654653
10,	-0.613158,	0.000762405
11,	-0.613151,	0.000689657
12,	-0.613189,	0.000630721
13,	-0.613375,	0.000609296
14,	-0.613582,	0.000600861
15,	-0.613447,	0.000575255
16,	-0.613565,	0.000550788
17,	-0.61359,	0.000517962
18,	-0.613565,	0.000488966
19,	-0.613692,	0.000479609
20,	-0.613684,	0.000455064
1,	-0.644128,	0
2,	-0.64442,	0.000292
3,	-0.644915,	0.000522605
4,	-0.64493,	0.000369856
5,	-0.64584,	0.000954031
6,	-0.645787,	0.000780787
7,	-0.64583,	0.000661288
8,	-0.645678,	0.000592447
9,	-0.645513,	0.000547957
10,	-0.645872,	0.000607591
11,	-0.645791,	0.00055559
12,	-0.645982,	0.000542114
13,	-0.646167,	0.000532017
14,	-0.646323,	0.000516507
15,	-0.646316,	0.000480894
16,	-0.646402,	0.000458033
17,	-0.646382,	0.000430706
18,	-0.646428,	0.000408608
19,	-0.646609,	0.000426908
20,	-0.64656,	0.000407887
1,	-0.682752,	0
2,	-0.682232,	0.00052
3,	-0.683096,	0.000914674
4,	-0.683016,	0.000651701
5,	-0.683014,	0.000504808
6,	-0.682744,	0.000492954
7,	-0.682401,	0.00053956
8,	-0.682056,	0.000580919
9,	-0.681886,	0.000539721
10,	-0.682062,	0.000513611
11,	-0.68175,	0.000559501
12,	-0.681833,	0.000517535
13,	-0.682086,	0.000538743
14,	-0.682401,	0.000590243
15,	-0.682423,	0.000549939
16,	-0.682419,	0.00051444
17,	-0.682284,	0.000501799
18,	-0.682337,	0.000476074
19,	-0.682498,	0.000478309
20,	-0.682516,	0.000454133
1,	-0.72132,	0
2,	-0.720068,	0.001252
3,	-0.720256,	0.00074689
4,	-0.720002,	0.000586036
5,	-0.720496,	0.000670894
6,	-0.720393,	0.000557321
7,	-0.720038,	0.000590192
8,	-0.720069,	0.000512078
9,	-0.720036,	0.000452847
10,	-0.720214,	0.000442766
11,	-0.71998,	0.000464232
12,	-0.720021,	0.000425831
13,	-0.720112,	0.000402063
14,	-0.720359,	0.00044697
15,	-0.720332,	0.000417027
16,	-0.720492,	0.000421732
17,	-0.720445,	0.000398906
18,	-0.720475,	0.000377282
19,	-0.72068,	0.000411297
20,	-0.72075,	0.000396424
1,	-0.76156,	0
2,	-0.760724,	0.000836
3,	-0.760811,	0.000490384
4,	-0.76058,	0.000416468
5,	-0.76085,	0.000420418
6,	-0.760695,	0.000376615
7,	-0.760486,	0.000380755
8,	-0.760651,	0.00036885
9,	-0.760924,	0.000424386
10,	-0.761134,	0.00043421
11,	-0.761297,	0.000425259
12,	-0.761283,	0.000388488
13,	-0.761182,	0.000371391
14,	-0.761307,	0.000366162
15,	-0.761149,	0.000375756
16,	-0.76142,	0.000443626
17,	-0.761422,	0.000416719
18,	-0.761497,	0.000399938
19,	-0.761723,	0.0004407
20,	-0.761814,	0.00042797
1,	-0.80168,	0
2,	-0.800824,	0.000856
3,	-0.802352,	0.00160594
4,	-0.801664,	0.00132773
5,	-0.802374,	0.00124995
6,	-0.802655,	0.00105837
7,	-0.802881,	0.000922708
8,	-0.803185,	0.00085491
9,	-0.803248,	0.000756588
10,	-0.803406,	0.000694822
11,	-0.803398,	0.000628538
12,	-0.803393,	0.000573792
13,	-0.80363,	0.000578254
14,	-0.803666,	0.000536619
15,	-0.80367,	0.000499578
16,	-0.803915,	0.000527704
17,	-0.804048,	0.000513102
18,	-0.804087,	0.000485338
19,	-0.804307,	0.000509015
20,	-0.804342,	0.000484166
1,	-0.846976,	0
2,	-0.847528,	0.000552
3,	-0.849005,	0.00151132
4,	-0.848774,	0.00109341
5,	-0.848518,	0.000884684
6,	-0.847907,	0.00094657
7,	-0.847937,	0.000800578
8,	-0.847974,	0.0006943
9,	-0.847669,	0.000683923
10,	-0.847386,	0.000673982
11,	-0.847397,	0.000609734
12,	-0.847717,	0.000642159
13,	-0.847953,	0.000635834
14,	-0.847858,	0.000596177
15,	-0.847755,	0.000564601
16,	-0.848064,	0.000612058
17,	-0.848036,	0.000575621
18,	-0.8478,	0.0005917
19,	-0.84792,	0.0005725
20,	-0.847862,	0.000546254
1,	-0.893912,	0
2,	-0.891904,	0.002008
3,	-0.893685,	0.00212536
4,	-0.89318,	0.00158554
5,	-0.893382,	0.00124472
6,	-0.893044,	0.00107117
7,	-0.893034,	0.000905355
8,	-0.892796,	0.00081947
9,	-0.892688,	0.00073073
10,	-0.892243,	0.000790582
11,	-0.892112,	0.000727044
12,	-0.892227,	0.00067353
13,	-0.892103,	0.000631704
14,	-0.892269,	0.000607881
15,	-0.892282,	0.000566055
16,	-0.8925,	0.000572376
17,	-0.892394,	0.000547839
18,	-0.892163,	0.000565909
19,	-0.892162,	0.000535297
20,	-0.89216,	0.000507832
1,	-0.936016,	0
2,	-0.933984,	0.002032
3,	-0.935971,	0.0023072
4,	-0.93639,	0.00168447
5,	-0.937528,	0.00173133
6,	-0.937775,	0.00143498
7,	-0.937248,	0.0013222
8,	-0.936912,	0.00119334
9,	-0.937217,	0.0010957
10,	-0.936387,	0.00128407
11,	-0.936876,	0.00126029
12,	-0.936971,	0.00115434
13,	-0.9361,	0.00137296
14,	-0.936213,	0.00127611
15,	-0.935905,	0.00122729
16,	-0.93582,	0.00115121
17,	-0.935453,	0.00114189
18,	-0.935408,	0.00107749
19,	-0.935332,	0.00102205
20,	-0.935018,	0.00101925
1,	-0.978376,	0
2,	-0.971912,	0.006464
3,	-0.975717,	0.00532995
4,	-0.97542,	0.00378055
5,	-0.976102,	0.00300686
6,	-0.976601,	0.00250528
7,	-0.975898,	0.00223101
8,	-0.97639,	0.0019937
9,	-0.97621,	0.00176749
10,	-0.976454,	0.00159959
11,	-0.975518,	0.00172312
12,	-0.975174,	0.00161012
13,	-0.974613,	0.00158381
14,	-0.974515,	0.0014696
15,	-0.974446,	0.00136984
16,	-0.974636,	0.00129539
17,	-0.974709,	0.00121897
18,	-0.97409,	0.00130555
19,	-0.974191,	0.00123908
20,	-0.974052,	0.00118375
1,	-0.995296,	0
2,	-0.996364,	0.001068
3,	-0.996069,	0.000683401
4,	-0.996514,	0.000656694
5,	-0.995299,	0.001317
6,	-0.994996,	0.00111725
7,	-0.994648,	0.00100634
8,	-0.994776,	0.000880863
9,	-0.994776,	0.000776848
10,	-0.99492,	0.000709599
11,	-0.994894,	0.00064239
12,	-0.995089,	0.000618154
13,	-0.994545,	0.000787429
14,	-0.994829,	0.000782367
15,	-0.994745,	0.000733115
16,	-0.994986,	0.000726859
17,	-0.995063,	0.0006871
18,	-0.995263,	0.000677991
19,	-0.995425,	0.000661497
20,	-0.995624,	0.000658389
1,	-0.999944,	0
2,	-0.999972,	2.8e-05
3,	-0.999952,	2.57164e-05
4,	-0.999964,	2.17868e-05
5,	-0.999971,	1.83478e-05
6,	-0.999629,	0.000342195
7,	-0.99968,	0.000293612
8,	-0.99972,	0.000257402
9,	-0.999732,	0.000227302
10,	-0.999746,	0.000203789
11,	-0.999765,	0.000185362
12,	-0.999785,	0.00017034
13,	-0.9998,	0.000157438
14,	-0.999814,	0.000146403
15,	-0.999826,	0.000136811
16,	-0.999837,	0.000128439
17,	-0.999846,	0.00012103
18,	-0.999853,	0.000114336
19,	-0.99985,	0.000108213
20,	-0.999857,	0.000102934
1,	-0.460696,	0
2,	-0.462628,	0.001932
3,	-0.462339,	0.00115235
4,	-0.461212,	0.00139045
5,	-0.461042,	0.00109043
6,	-0.461292,	0.000924875
7,	-0.461497,	0.000808133
8,	-0.461571,	0.00070375
9,	-0.461951,	0.000727798
10,	-0.46191,	0.000652284
11,	-0.461868,	0.000591504
12,	-0.461861,	0.000540012
13,	-0.461991,	0.00051365
14,	-0.462157,	0.000503608
15,	-0.46235,	0.000507103
16,	-0.462399,	0.000476834
17,	-0.462365,	0.000449219
18,	-0.462432,	0.000428771
19,	-0.46234,	0.000415829
20,	-0.46225,	0.000404668
1,	-0.481616,	0
2,	-0.483136,	0.00152
3,	-0.483045,	0.000882244
4,	-0.482198,	0.00105221
5,	-0.481949,	0.000852286
6,	-0.482133,	0.00071994
7,	-0.482472,	0.000696361
8,	-0.482583,	0.000613197
9,	-0.482826,	0.000592784
10,	-0.482791,	0.000531329
11,	-0.482541,	0.000541789
12,	-0.482351,	0.000529976
13,	-0.48264,	0.000566901
14,	-0.482794,	0.000547056
15,	-0.482848,	0.000512106
16,	-0.48279,	0.00048247
17,	-0.482731,	0.000457114
18,	-0.482707,	0.000431647
19,	-0.482644,	0.000413047
20,	-0.482531,	0.000407932
1,	-0.503144,	0
2,	-0.505168,	0.002024
3,	-0.504891,	0.00120102
4,	-0.503688,	0.00147229
5,	-0.503592,	0.00114446
6,	-0.503764,	0.000950147
7,	-0.504312,	0.000972186
8,	-0.504518,	0.000866773
9,	-0.504567,	0.000765998
10,	-0.504537,	0.0006858
11,	-0.504448,	0.000626653
12,	-0.504213,	0.000618568
13,	-0.50435,	0.000585375
14,	-0.504477,	0.000556501
15,	-0.504544,	0.000522443
16,	-0.504487,	0.000491956
17,	-0.504539,	0.000464954
18,	-0.504553,	0.000438588
19,	-0.504651,	0.000426294
20,	-0.504497,	0.000432657
1,	-0.5274,	0
2,	-0.529612,	0.002212
3,	-0.528621,	0.00161629
4,	-0.52795,	0.00132548
5,	-0.527715,	0.00105322
6,	-0.527916,	0.00088308
7,	-0.528463,	0.000925243
8,	-0.528541,	0.000805085
9,	-0.528614,	0.000713784
10,	-0.528546,	0.00064202
11,	-0.528319,	0.00062383
12,	-0.528168,	0.000589039
13,	-0.528234,	0.000545898
14,	-0.528397,	0.000530941
15,	-0.528478,	0.000500913
16,	-0.528392,	0.00047637
17,	-0.528164,	0.000502331
18,	-0.528059,	0.000485129
19,	-0.528107,	0.000461329
20,	-0.528012,	0.000447747
1,	-0.553896,	0
2,	-0.555616,	0.00172
3,	-0.554949,	0.00119607
4,	-0.553624,	0.0015722
5,	-0.553613,	0.00121787
6,	-0.553813,	0.0010144
7,	-0.554193,	0.000937692
8,	-0.554427,	0.000845068
9,	-0.554597,	0.000764497
10,	-0.554591,	0.000683814
11,	-0.554314,	0.000677733
12,	-0.554111,	0.000651296
13,	-0.554413,	0.000671034
14,	-0.554589,	0.000645766
15,	-0.554581,	0.000601233
16,	-0.554473,	0.00057264
17,	-0.554366,	0.00054851
18,	-0.554266,	0.000526611
19,	-0.554379,	0.00051072
20,	-0.554304,	0.000490274
1,	-0.584176,	0
2,	-0.584212,	3.6e-05
3,	-0.583552,	0.000660327
4,	-0.58278,	0.000902219
5,	-0.582323,	0.000834905
6,	-0.582708,	0.000782804
7,	-0.583127,	0.000783034
8,	-0.583297,	0.000699146
9,	-0.583404,	0.000625881
10,	-0.583251,	0.000580401
11,	-0.583119,	0.000541492
12,	-0.583127,	0.000494379
13,	-0.583142,	0.000455027
14,	-0.58327,	0.000440162
15,	-0.583241,	0.000410806
16,	-0.583166,	0.000391435
17,	-0.583126,	0.000369897
18,	-0.582933,	0.000398253
19,	-0.583061,	0.000397772
20,	-0.58305,	0.000377522
1,	-0.6126,	0
2,	-0.613876,	0.001276
3,	-0.613112,	0.00106133
4,	-0.612508,	0.000963341
5,	-0.611909,	0.000957004
6,	-0.612497,	0.000978234
7,	-0.61319,	0.00107839
8,	-0.613414,	0.000960466
9,	-0.61341,	0.000847062
10,	-0.613094,	0.000820963
11,	-0.612989,	0.000749907
12,	-0.613059,	0.000688162
13,	-0.613074,	0.000633184
14,	-0.612999,	0.000590919
15,	-0.612913,	0.000556853
16,	-0.612848,	0.000524937
17,	-0.612742,	0.000504332
18,	-0.612705,	0.00047691
19,	-0.612772,	0.00045598
20,	-0.612784,	0.000432753
1,	-0.645264,	0
2,	-0.647512,	0.002248
3,	-0.647067,	0.00137216
4,	-0.646138,	0.00134307
5,	-0.645954,	0.00105655
6,	-0.646133,	0.000881196
7,	-0.646473,	0.000818607
8,	-0.646403,	0.000712396
9,	-0.646448,	0.000629884
10,	-0.646452,	0.0005634
11,	-0.646513,	0.00051322
12,	-0.646378,	0.00048749
13,	-0.646547,	0.000479242
14,	-0.646759,	0.000491643
15,	-0.646638,	0.000473281
16,	-0.646602,	0.000444207
17,	-0.646627,	0.000417998
18,	-0.646462,	0.000427086
19,	-0.646652,	0.000446249
20,	-0.646461,	0.000464272
1,	-0.682224,	0
2,	-0.684772,	0.002548
3,	-0.684344,	0.00153209
4,	-0.682806,	0.00188125
5,	-0.68235,	0.00152677
6,	-0.682536,	0.00126034
7,	-0.68272,	0.00108096
8,	-0.682742,	0.000936396
9,	-0.682756,	0.000825935
10,	-0.682796,	0.000739845
11,	-0.682797,	0.000669216
12,	-0.682547,	0.000660243
13,	-0.682544,	0.000607341
14,	-0.682665,	0.00057519
15,	-0.682622,	0.000537219
16,	-0.682756,	0.000520116
17,	-0.682629,	0.000504756
18,	-0.68252,	0.000488152
19,	-0.682638,	0.000476553
20,	-0.682737,	0.000462786
1,	-0.71612,	0
2,	-0.72054,	0.00442
3,	-0.721931,	0.00290622
4,	-0.72137,	0.00213012
5,	-0.720864,	0.00172582
6,	-0.721091,	0.00142724
7,	-0.721018,	0.00120841
8,	-0.721167,	0.00105703
9,	-0.721096,	0.000934911
10,	-0.721418,	0.000896208
11,	-0.721089,	0.000874848
12,	-0.720966,	0.000808109
13,	-0.72099,	0.000743745
14,	-0.721065,	0.000692583
15,	-0.720952,	0.000654514
16,	-0.720805,	0.000629525
17,	-0.720659,	0.000609255
18,	-0.720647,	0.000574531
19,	-0.720611,	0.000544654
20,	-0.720652,	0.000518301
1,	-0.760616,	0
2,	-0.761472,	0.000856
3,	-0.762789,	0.00140699
4,	-0.761144,	0.00192274
5,	-0.761334,	0.00150147
6,	-0.761435,	0.00123004
7,	-0.761847,	0.00111831
8,	-0.762057,	0.000991018
9,	-0.762133,	0.000877323
10,	-0.762529,	0.000878721
11,	-0.762288,	0.000830508
12,	-0.76262,	0.000827654
13,	-0.762453,	0.000779448
14,	-0.762474,	0.000721945
15,	-0.762141,	0.000750045
16,	-0.762037,	0.000709245
17,	-0.761893,	0.000681772
18,	-0.761783,	0.000652132
19,	-0.761854,	0.000621002
20,	-0.761937,	0.000594881
1,	-0.80428,	0
2,	-0.80478,	0.0005
3,	-0.805499,	0.000774477
4,	-0.804426,	0.00120438
5,	-0.804638,	0.000956779
6,	-0.804712,	0.000784666
7,	-0.80453,	0.000687609
8,	-0.8047,	0.000619199
9,	-0.804496,	0.000582943
10,	-0.804519,	0.000521916
11,	-0.804176,	0.000583657
12,	-0.804825,	0.000839949
13,	-0.804552,	0.000819563
14,	-0.804902,	0.000835721
15,	-0.804646,	0.000819013
16,	-0.80476,	0.000774493
17,	-0.804709,	0.000729283
18,	-0.80459,	0.000697864
19,	-0.8046,	0.000660186
20,	-0.804771,	0.000649396
1,	-0.850528,	0
2,	-0.849628,	0.0009
3,	-0.849405,	0.000565314
4,	-0.848428,	0.00105592
5,	-0.848522,	0.000823252
6,	-0.848408,	0.000681714
7,	-0.848641,	0.000621537
8,	-0.849273,	0.000830045
9,	-0.849478,	0.000760253
10,	-0.849578,	0.000687331
11,	-0.849281,	0.000688989
12,	-0.850023,	0.000972102
13,	-0.850051,	0.000894655
14,	-0.849964,	0.000832854
15,	-0.849516,	0.000895602
16,	-0.849686,	0.000854887
17,	-0.849526,	0.00081888
18,	-0.84935,	0.000791727
19,	-0.849322,	0.000749426
20,	-0.849298,	0.000711376
1,	-0.894152,	0
2,	-0.893424,	0.000728
3,	-0.895237,	0.00186141
4,	-0.893582,	0.00211484
5,	-0.893013,	0.00173422
6,	-0.891995,	0.00174402
7,	-0.890827,	0.00188017
8,	-0.890714,	0.00163222
9,	-0.891069,	0.00148269
10,	-0.891479,	0.00138805
11,	-0.891215,	0.00128313
12,	-0.892031,	0.00142799
13,	-0.891806,	0.00133272
14,	-0.891664,	0.00124202
15,	-0.891573,	0.00115981
16,	-0.891498,	0.00108748
17,	-0.891576,	0.00102441
18,	-0.891942,	0.00103309
19,	-0.892289,	0.001037
20,	-0.892441,	0.000995448
1,	-0.93744,	0
2,	-0.939368,	0.001928
3,	-0.941075,	0.00203759
4,	-0.938444,	0.00299938
5,	-0.936557,	0.00299321
6,	-0.934857,	0.00297675
7,	-0.933496,	0.00286052
8,	-0.933185,	0.00249672
9,	-0.933268,	0.00220345
10,	-0.933263,	0.00197083
11,	-0.933534,	0.00180311
12,	-0.933897,	0.00168567
13,	-0.933601,	0.00157872
14,	-0.933461,	0.00146825
15,	-0.933695,	0.00138672
16,	-0.933432,	0.00132344
17,	-0.933642,	0.00126074
18,	-0.933841,	0.0012051
19,	-0.934362,	0.00125325
20,	-0.934389,	0.00118925
1,	-0.96544,	0
2,	-0.972672,	0.007232
3,	-0.974429,	0.00453014
4,	-0.973516,	0.00333095
5,	-0.972896,	0.00265359
6,	-0.972021,	0.00233654
7,	-0.971462,	0.0020525
8,	-0.971917,	0.0018349
9,	-0.97261,	0.00176028
10,	-0.972434,	0.00158418
11,	-0.972651,	0.00144921
12,	-0.97262,	0.00132331
13,	-0.972532,	0.00122046
14,	-0.972071,	0.00122029
15,	-0.972336,	0.00116656
16,	-0.972532,	0.00110877
17,	-0.972485,	0.0010426
18,	-0.972884,	0.00106081
19,	-0.97313,	0.00103327
20,	-0.973504,	0.00104928
1,	-0.993384,	0
2,	-0.993024,	0.00036
3,	-0.992789,	0.000313478
4,	-0.994492,	0.00171703
5,	-0.995002,	0.0014243
6,	-0.995367,	0.00121889
7,	-0.994919,	0.00112327
8,	-0.99534,	0.00106003
9,	-0.995634,	0.000979932
10,	-0.996004,	0.000951461
11,	-0.996223,	0.000888123
12,	-0.996269,	0.000812049
13,	-0.996443,	0.000766916
14,	-0.99633,	0.000718929
15,	-0.996449,	0.000679652
16,	-0.996602,	0.000654135
17,	-0.996346,	0.000665705
18,	-0.996333,	0.000627777
19,	-0.996304,	0.000594541
20,	-0.996204,	0.000572823
1,	-0.999976,	0
2,	-0.999976,	0
3,	-0.999984,	8e-06
4,	-0.999978,	8.24621e-06
5,	-0.999944,	3.45948e-05
6,	-0.999953,	2.97486e-05
7,	-0.99996,	2.6011e-05
8,	-0.999965,	2.30744e-05
9,	-0.999969,	2.0718e-05
10,	-0.99997,	1.85922e-05
11,	-0.999972,	1.68627e-05
12,	-0.999974,	1.55739e-05
13,	-0.999976,	1.44648e-05
14,	-0.999978,	1.35011e-05
15,	-0.999978,	1.25693e-05
16,	-0.999979,	1.18406e-05
17,	-0.999976,	1.14063e-05
18,	-0.999977,	1.07621e-05
19,	-0.999978,	1.02523e-05
20,	-0.999979,	9.78764e-06
1,	-1,	0
2,	-1,	0
3,	-1,	0
4,	-1,	0
5,	-1,	0
6,	-1,	0
7,	-1,	5.50604e-09
8,	-1,	5.0976e-09
9,	-1,	8.25906e-09
10,	-1,	7.78672e-09
11,	-1,	6.03157e-09
12,	-1,	4.06648e-09
13,	-1,	3.89336e-09
14,	-1,	nan
15,	-1,	nan
16,	-1,	0
17,	-1,	0
18,	-1,	0
19,	-1,	0
20,	-1,	3.09413e-09
1,	-1,	0
2,	-1,	0
3,	-1,	0
4,	-1,	0
5,	-1,	0
6,	-1,	0
7,	-1,	5.50604e-09
8,	-1,	5.0976e-09
9,	-1,	8.25906e-09
10,	-1,	7.78672e-09
11,	-1,	6.03157e-09
12,	-1,	4.06648e-09
13,	-1,	3.89336e-09
14,	-1,	nan
15,	-1,	nan
16,	-1,	0
17,	-1,	0
18,	-1,	0
19,	-1,	0
20,	-1,	3.09413e-09
