1,	0.0246,	0
1,	-0.002708,	0
2,	0.001404,	0.004112
3,	0.00342933,	0.0031206
4,	0.002405,	0.00243276
5,	0.0020472,	0.00191808
6,	0.00221067,	0.00157461
7,	0.00273657,	0.00143094
8,	0.0031755,	0.00131466
9,	0.00233378,	0.00143275
10,	0.0019544,	0.00133646
11,	0.00213055,	0.00122164
12,	0.00150167,	0.0012803
13,	0.000882462,	0.00133056
14,	0.001328,	0.00130996
15,	0.0014832,	0.00122934
16,	0.00101225,	0.00124264
17,	0.000651059,	0.00122187
18,	0.000365111,	0.00118694
19,	0.000401474,	0.00112333
20,	0.0002412,	0.00107767
1,	-0.002704,	0
2,	0.001424,	0.004128
3,	0.00342267,	0.00311043
4,	0.002404,	0.00242386
5,	0.0020416,	0.00191217
6,	0.00221267,	0.00157062
7,	0.00273543,	0.00142665
8,	0.0031765,	0.00131188
9,	0.00233378,	0.00143135
10,	0.0019584,	0.00133414
11,	0.00212945,	0.00121883
12,	0.00149967,	0.00127851
13,	0.000880308,	0.00132918
14,	0.00132743,	0.00130929
15,	0.00148587,	0.00122914
16,	0.0010135,	0.00124301
17,	0.000653176,	0.00122194
18,	0.000362889,	0.00118806
19,	0.000400211,	0.00112441
20,	0.000242,	0.00107838
1,	-0.00154,	0
2,	0.002296,	0.003836
3,	0.00455733,	0.00316522
4,	0.003203,	0.00261601
5,	0.0024808,	0.0021512
6,	0.00223133,	0.00177408
7,	0.00227543,	0.00150002
8,	0.0030505,	0.00151271
9,	0.00214578,	0.00161192
10,	0.0016704,	0.0015181
11,	0.001792,	0.00137854
12,	0.001353,	0.00133281
13,	0.000808923,	0.00134131
14,	0.00116171,	0.00129095
15,	0.0014704,	0.00124082
16,	0.00080875,	0.00133602
17,	0.000558588,	0.00127967
18,	0.000405333,	0.00121618
19,	0.000574316,	0.00116273
20,	0.0004572,	0.00110926
1,	-0.002892,	0
2,	0.002688,	0.00558
3,	0.00518,	0.00407294
4,	0.003611,	0.00327966
5,	0.0026944,	0.00270072
6,	0.00258533,	0.00220782
7,	0.00330914,	0.00200142
8,	0.0039815,	0.00185912
9,	0.00313333,	0.00184598
10,	0.0026604,	0.00171749
11,	0.00243636,	0.0015696
12,	0.00221433,	0.00144994
13,	0.00150431,	0.00151097
14,	0.00180629,	0.00143111
15,	0.00191653,	0.00133684
16,	0.0011215,	0.00148184
17,	0.000721412,	0.0014483
18,	0.000612889,	0.00136978
19,	0.000741684,	0.00130206
20,	0.0007684,	0.00123554
1,	-0.003288,	0
2,	0.002894,	0.006182
3,	0.00502133,	0.00415507
4,	0.003994,	0.00311251
5,	0.0025064,	0.00283295
6,	0.002588,	0.00231453
7,	0.00351543,	0.00216485
8,	0.004035,	0.00194548
9,	0.00332133,	0.00185826
10,	0.0029516,	0.0017027
11,	0.00290073,	0.00154099
12,	0.00264367,	0.00143002
13,	0.00186277,	0.00152976
14,	0.002216,	0.00145966
15,	0.00233707,	0.00136426
16,	0.00157675,	0.00148547
17,	0.00129765,	0.001423
18,	0.00103911,	0.0013663
19,	0.000938526,	0.0012963
20,	0.001044,	0.00123429
1,	-0.00064,	0
2,	0.004768,	0.005408
3,	0.00723733,	0.00398076
4,	0.006079,	0.00304384
5,	0.0047504,	0.00270632
6,	0.00480667,	0.00221041
7,	0.00543543,	0.00197111
8,	0.006582,	0.00205635
9,	0.00518756,	0.00228766
10,	0.0044256,	0.00218341
11,	0.00402109,	0.00201597
12,	0.004065,	0.00184084
13,	0.00310031,	0.00194884
14,	0.00314229,	0.00180477
15,	0.00304347,	0.00168305
16,	0.00215325,	0.00180861
17,	0.00181459,	0.00173232
18,	0.00132556,	0.00170489
19,	0.00109895,	0.00162851
20,	0.0010208,	0.00154691
1,	-0.000808,	0
2,	0.004774,	0.005582
3,	0.006876,	0.00384768
4,	0.00541,	0.00309055
5,	0.0054768,	0.00239486
6,	0.00626267,	0.0021074
7,	0.00675086,	0.00184678
8,	0.0075745,	0.00179898
9,	0.00578489,	0.00239162
10,	0.004864,	0.00232893
11,	0.00426655,	0.00218968
12,	0.00408867,	0.00200679
13,	0.003108,	0.0020903
14,	0.003234,	0.00193934
15,	0.0030048,	0.00181992
16,	0.001881,	0.00203986
17,	0.00167106,	0.00192758
18,	0.00145733,	0.00182986
19,	0.00133789,	0.00173499
20,	0.001062,	0.00166892
1,	-0.010108,	0
2,	0.003956,	0.014064
3,	0.00733333,	0.00879423
4,	0.005638,	0.00644541
5,	0.005836,	0.00499652
6,	0.00602267,	0.00408391
7,	0.00505657,	0.00358419
8,	0.006338,	0.00335811
9,	0.00463289,	0.00341735
10,	0.0044076,	0.00306487
11,	0.00431745,	0.00277374
12,	0.00424,	0.00253325
13,	0.00307077,	0.00260714
14,	0.00353743,	0.00245844
15,	0.00310773,	0.00232867
16,	0.00212375,	0.00239021
17,	0.00222635,	0.00224755
18,	0.00165644,	0.00219431
19,	0.00157242,	0.00207731
20,	0.0014628,	0.00197376
1,	0.003424,	0
2,	0.00754,	0.004116
3,	0.00593067,	0.00287004
4,	0.005562,	0.00206264
5,	0.0049176,	0.00172277
6,	0.00556933,	0.00155028
7,	0.005476,	0.00131355
8,	0.0074125,	0.00224591
9,	0.00561156,	0.00267705
10,	0.0054544,	0.00239958
11,	0.00462218,	0.00232457
12,	0.004108,	0.00218344
13,	0.00299046,	0.00229845
14,	0.003566,	0.00220441
15,	0.00347867,	0.00205405
16,	0.002484,	0.00216358
17,	0.00254306,	0.00203319
18,	0.00212022,	0.00196299
19,	0.00190084,	0.00186972
20,	0.0016262,	0.00179491
1,	-0.008064,	0
2,	0.002572,	0.010636
3,	0.00386133,	0.0062746
4,	0.004873,	0.00455069
5,	0.0039024,	0.00365613
6,	0.00639867,	0.00389139
7,	0.00743029,	0.00344682
8,	0.0086085,	0.00320915
9,	0.00662133,	0.00345816
10,	0.0068944,	0.0031051
11,	0.00564473,	0.00307414
12,	0.00479,	0.00293357
13,	0.00375108,	0.00289158
14,	0.00444571,	0.00276573
15,	0.00405147,	0.00260477
16,	0.00249325,	0.00289219
17,	0.00208329,	0.00274749
18,	0.002048,	0.0025906
19,	0.00154126,	0.00250231
20,	0.0005438,	0.00257494
1,	-0.012364,	0
2,	0.001944,	0.014308
3,	0.00427467,	0.00858322
4,	0.008052,	0.00714871
5,	0.0067912,	0.00567909
6,	0.009008,	0.00513961
7,	0.0115737,	0.00504491
8,	0.012978,	0.00458916
9,	0.011304,	0.00437979
10,	0.0109544,	0.00393297
11,	0.0105898,	0.00357614
12,	0.00899567,	0.00363299
13,	0.00759446,	0.00362374
14,	0.00822286,	0.00341327
15,	0.00685147,	0.00346089
16,	0.00482975,	0.00381679
17,	0.00475506,	0.00358602
18,	0.00459578,	0.00338469
19,	0.00431011,	0.00321431
20,	0.0028506,	0.00338065
1,	-0.002912,	0
2,	0.009776,	0.012688
3,	0.0167853,	0.0101387
4,	0.018323,	0.00733217
5,	0.0124496,	0.00817027
6,	0.011272,	0.00677413
7,	0.0141189,	0.00639393
8,	0.0153985,	0.00568324
9,	0.0136356,	0.00531316
10,	0.0123648,	0.0049192
11,	0.0126771,	0.00446053
12,	0.00813767,	0.00609808
13,	0.00598062,	0.00600987
14,	0.00608514,	0.00556504
15,	0.00484027,	0.00532823
16,	0.0023265,	0.00558214
17,	0.00194847,	0.00525712
18,	0.00160867,	0.00496809
19,	0.00153305,	0.00469996
20,	1.78e-05,	0.00470921
1,	-0.03252,	0
2,	-0.00102,	0.0315
3,	0.0133107,	0.0231542
4,	0.025119,	0.0201865
5,	0.021308,	0.0160941
6,	0.0198093,	0.013226
7,	0.0186497,	0.011238
8,	0.0284095,	0.0137831
9,	0.0261764,	0.0123589
10,	0.0226556,	0.0116013
11,	0.0169731,	0.0119336
12,	0.011274,	0.0122945
13,	0.00890892,	0.011554
14,	0.00845971,	0.0107063
15,	0.00692027,	0.0100852
16,	0.004882,	0.00965155
17,	0.00271412,	0.00932164
18,	0.00181467,	0.00883444
19,	0.00317368,	0.00846633
20,	0.0013348,	0.00823968
1,	-0.015256,	0
2,	-0.004178,	0.011078
3,	0.00323333,	0.00978955
4,	0.025338,	0.0231632
5,	0.0289016,	0.0182926
6,	0.0197987,	0.0174912
7,	0.0239314,	0.0153496
8,	0.035388,	0.0175488
9,	0.0244627,	0.0189443
10,	0.015506,	0.0191659
11,	0.0148011,	0.0173505
12,	0.00632,	0.0179665
13,	0.00400708,	0.0166879
14,	0.00599629,	0.0155775
15,	0.00437547,	0.0145922
16,	0.00078325,	0.0141145
17,	0.000657647,	0.0132589
18,	-0.004566,	0.0135481
19,	-0.00432695,	0.0128174
20,	-0.006376,	0.0123311
1,	-0.036776,	0
2,	-0.0189,	0.017876
3,	-0.0657827,	0.0480052
4,	-0.024229,	0.0536559
5,	-0.0133848,	0.0429531
6,	-0.00853733,	0.0354045
7,	0.00157714,	0.0315855
8,	0.016539,	0.0311784
9,	0.0141756,	0.0275981
10,	0.0023044,	0.0273907
11,	0.00298109,	0.024785
12,	-0.00538367,	0.0241223
13,	-0.00919692,	0.0225145
14,	-0.00312686,	0.0217103
15,	-0.0017512,	0.0202579
16,	-0.0054775,	0.0193124
17,	-0.00520918,	0.0181429
18,	-0.00918911,	0.0175622
19,	-0.0109638,	0.0167067
20,	-0.0147246,	0.0162894
1,	-0.043336,	0
2,	-0.092104,	0.048768
3,	-0.165783,	0.0788753
4,	-0.118863,	0.0728843
5,	-0.0885,	0.0641029
6,	-0.01385,	0.0911706
7,	0.00463086,	0.0792385
8,	0.036533,	0.0756756
9,	0.00250933,	0.0749119
10,	-0.0023008,	0.0671757
11,	0.0190615,	0.0644084
12,	0.000989667,	0.0615112
13,	0.00109292,	0.0565822
14,	0.00790543,	0.052826
15,	0.00394533,	0.0493375
16,	0.00155225,	0.0462131
17,	-0.000499294,	0.0434581
18,	-0.0147851,	0.0433917
19,	-0.0195844,	0.0413241
20,	-0.017721,	0.0392478
1,	0.775164,	0
2,	0.485652,	0.289512
3,	0.294916,	0.253612
4,	0.178448,	0.213833
5,	0.224282,	0.171859
6,	0.248627,	0.142418
7,	0.315403,	0.137648
8,	0.347277,	0.123394
9,	0.269457,	0.133785
10,	0.245243,	0.122087
11,	0.268087,	0.112769
12,	0.230677,	0.109531
13,	0.225383,	0.100892
14,	0.186734,	0.101088
15,	0.173116,	0.0950884
16,	0.165197,	0.089299
17,	0.165502,	0.0838823
18,	0.139701,	0.0831873
19,	0.129665,	0.0793248
20,	0.120616,	0.0757962
1,	-0.95834,	0
2,	-0.974928,	0.016588
3,	-0.825123,	0.150111
4,	-0.865155,	0.113443
5,	-0.836057,	0.0925649
6,	-0.766507,	0.10271
7,	-0.522727,	0.258774
8,	-0.335976,	0.291717
9,	-0.361133,	0.258497
10,	-0.292309,	0.241233
11,	-0.337153,	0.222764
12,	-0.291644,	0.208385
13,	-0.215043,	0.206425
14,	-0.257334,	0.195736
15,	-0.176683,	0.19927
16,	-0.103355,	0.200305
17,	-0.0399944,	0.198536
18,	-0.0670153,	0.189122
19,	-0.11571,	0.1854
20,	-0.159871,	0.181345
1,	-0.9999,	0
2,	-0.99995,	5e-05
3,	-0.999935,	3.26871e-05
4,	-0.999951,	2.83019e-05
5,	-0.999961,	2.40133e-05
6,	-0.996001,	0.00395952
7,	-0.99657,	0.00339442
8,	-0.996999,	0.00297075
9,	-0.997289,	0.002636
10,	-0.997529,	0.00236984
11,	-0.99775,	0.00215496
12,	-0.997937,	0.00197612
13,	-0.998095,	0.00182462
14,	-0.998231,	0.00169467
15,	-0.998348,	0.00158204
16,	-0.998451,	0.00148346
17,	-0.998543,	0.00139644
18,	-0.998622,	0.00131897
19,	-0.998672,	0.00124863
20,	-0.998739,	0.00118641
1,	0.004216,	0
2,	0.00246,	0.001756
3,	0.000126667,	0.00254407
4,	0.001024,	0.00201031
5,	0.0021088,	0.00189779
6,	0.00170467,	0.00160137
7,	-0.000156,	0.00230082
8,	-0.000846,	0.00210866
9,	-0.000624444,	0.00187281
10,	9.68e-05,	0.00182377
11,	0.000148,	0.00165046
12,	-0.000279667,	0.00156618
13,	-0.000672923,	0.00149338
14,	-0.000645429,	0.00138288
15,	-0.000244533,	0.00134836
16,	0.000612,	0.00152462
17,	0.000785412,	0.00144259
18,	0.000453333,	0.00140004
19,	9.74737e-05,	0.00137129
20,	0.0001444,	0.00130176
1,	-0.006088,	0
2,	-0.006504,	0.000416
3,	-0.00684133,	0.0004141
4,	-0.006418,	0.000514734
5,	-0.0038376,	0.00261102
6,	-0.000245333,	0.00417724
7,	0.000521143,	0.00361266
8,	0.000788,	0.00314001
9,	0.00149378,	0.00285776
10,	0.00145,	0.00255643
11,	0.000811636,	0.00239887
12,	-0.000376667,	0.0024915
13,	-0.000149231,	0.0023031
14,	-0.000741143,	0.00221289
15,	-0.000483467,	0.00207614
16,	0.00018975,	0.00205543
17,	0.000610118,	0.00197597
18,	0.000418667,	0.00187278
19,	0.000844842,	0.00182201
20,	0.0010748,	0.00174374
1,	0.000788,	0
2,	-0.002646,	0.003434
3,	-0.000302667,	0.00306953
4,	-0.001304,	0.00239033
5,	-0.0017456,	0.00190347
6,	-0.00129133,	0.00161921
7,	-0.00141714,	0.00137425
8,	-0.002422,	0.00155761
9,	-0.00169733,	0.00155311
10,	-0.0013856,	0.00142369
11,	-0.00132473,	0.00128922
12,	-0.000903333,	0.00125006
13,	-0.000972308,	0.00115195
14,	-0.00048,	0.00117464
15,	0.000398667,	0.00140281
16,	0.0002125,	0.00132535
17,	0.000188706,	0.00124517
18,	0.000355333,	0.00118573
19,	0.000474316,	0.00112788
20,	0.0006586,	0.00108575
1,	0.00024,	0
2,	0.000988,	0.000748
3,	0.00104267,	0.000435304
4,	-0.000272,	0.00135022
5,	0.0002384,	0.00116377
6,	0.000208667,	0.000950681
7,	-0.000131429,	0.000872486
8,	0.001188,	0.00152047
9,	4.44444e-07,	0.00179119
10,	-0.0008504,	0.00181401
11,	-0.000188364,	0.00176936
12,	-0.000441667,	0.00163494
13,	-0.000173846,	0.00152758
14,	0.000827429,	0.00173283
15,	0.000417867,	0.00166436
16,	-0.00016075,	0.00166091
17,	-0.000261882,	0.00156343
18,	0.000225778,	0.00155259
19,	9.91579e-05,	0.00147405
20,	0.0004242,	0.00143568
1,	0.000868,	0
2,	-0.006838,	0.007706
3,	-0.004984,	0.0048199
4,	-0.00285,	0.00402115
5,	-0.0023144,	0.00316049
6,	-0.00317067,	0.00271888
7,	-0.00116114,	0.00305261
8,	-0.0016135,	0.00268206
9,	-0.00131022,	0.00238472
10,	-0.0001556,	0.00242542
11,	-0.000434545,	0.00221153
12,	-0.000615,	0.00202689
13,	-0.000735692,	0.00186837
14,	-0.001134,	0.00177504
15,	-0.000863467,	0.00167448
16,	-0.000449,	0.00162024
17,	-0.000794588,	0.00156069
18,	-0.000157778,	0.00160332
19,	-2.58947e-05,	0.00152231
20,	-1.26e-05,	0.00144426
1,	-0.004904,	0
2,	-0.009698,	0.004794
3,	-0.00710267,	0.00379428
4,	-0.006993,	0.0026852
5,	-0.0058904,	0.00235413
6,	-0.003478,	0.00308452
7,	-0.00137543,	0.00334914
8,	-0.0017275,	0.00292173
9,	-0.00176356,	0.00257697
10,	-0.0005772,	0.00259231
11,	-0.000870545,	0.00236311
12,	-0.000686333,	0.00216507
13,	-0.000892923,	0.00200226
14,	-0.00107629,	0.00186278
15,	-0.0008328,	0.00175116
16,	-0.0013965,	0.00173234
17,	-0.00219718,	0.00181357
18,	-0.00245244,	0.0017288
19,	-0.00307747,	0.00175066
20,	-0.0025424,	0.00174488
1,	-0.028588,	0
2,	-0.018892,	0.009696
3,	-0.011524,	0.00925337
4,	-0.012385,	0.00659953
5,	-0.0077712,	0.00688618
6,	-0.00256867,	0.00766024
7,	-0.00342571,	0.00653057
8,	-0.0044725,	0.00575169
9,	-0.00303067,	0.00527345
10,	-0.000702,	0.00526024
11,	-0.00229418,	0.0050174
12,	-0.003248,	0.00467849
13,	-0.00367323,	0.00432455
14,	-0.003296,	0.00402148
15,	-0.00347413,	0.00374803
16,	-0.0030195,	0.00353532
17,	-0.00199671,	0.00347479
18,	-0.00198933,	0.00327607
19,	-0.00178884,	0.00310533
20,	-0.000962,	0.00305981
1,	0.005416,	0
2,	0.00183,	0.003586
3,	0.007588,	0.00611891
4,	0.004762,	0.00516786
5,	0.0025896,	0.00455449
6,	0.00129933,	0.00393621
7,	0.00148343,	0.00333179
8,	0.002992,	0.00325598
9,	0.00393733,	0.00302311
10,	0.0029972,	0.00286273
11,	0.00431891,	0.00290725
12,	0.00354233,	0.00276523
13,	0.00243323,	0.00277492
14,	0.000395714,	0.00327897
15,	-0.000387467,	0.00315142
16,	-0.00092725,	0.0029969
17,	-0.000276235,	0.00288939
18,	-0.000132667,	0.00272793
19,	-0.000821684,	0.00267077
20,	-0.0008104,	0.00253374
1,	0.0109,	0
2,	0.004896,	0.006004
3,	-0.00169733,	0.00744903
4,	-0.001376,	0.00527705
5,	-0.0058384,	0.00605156
6,	-0.004646,	0.00508292
7,	-0.00606971,	0.00452563
8,	-0.005336,	0.00398739
9,	-0.00588711,	0.00355947
10,	-0.0056808,	0.00319037
11,	-0.00829636,	0.00389474
12,	-0.00670867,	0.00389379
13,	-0.00666738,	0.003582
14,	-0.004862,	0.00377587
15,	-0.00474987,	0.00351693
16,	-0.00379025,	0.00342689
17,	-0.00405859,	0.00323017
18,	-0.00392822,	0.00304822
19,	-0.00376947,	0.0028877
20,	-0.004367,	0.00280392
1,	0.018936,	0
2,	0.013006,	0.00593
3,	0.0103227,	0.00434993
4,	0.004949,	0.00619171
5,	0.00098,	0.00622538
6,	-0.001322,	0.00557997
7,	0.00038,	0.00501367
8,	-0.0017935,	0.00485559
9,	-0.000127111,	0.00459503
10,	0.0025,	0.00487782
11,	0.00243164,	0.00441269
12,	0.000484,	0.00447435
13,	0.00122646,	0.00418223
14,	0.000799429,	0.00389547
15,	0.000277333,	0.00366388
16,	9.65e-05,	0.00343201
17,	0.000117647,	0.00322388
18,	0.000935333,	0.00314757
19,	0.00121095,	0.00299003
20,	0.0017698,	0.00289112
1,	0.002928,	0
2,	-0.003238,	0.006166
3,	-0.002964,	0.00357047
4,	-0.009671,	0.00716645
5,	-0.0091512,	0.00557539
6,	-0.00677533,	0.00513498
7,	-0.001012,	0.00721459
8,	0.0024495,	0.00714281
9,	-0.00146933,	0.00741885
10,	0.00159,	0.00730691
11,	0.00237455,	0.00665575
12,	0.002358,	0.00607586
13,	-0.00247754,	0.00739048
14,	0.001138,	0.00773877
15,	0.000575467,	0.00722633
16,	-0.00090275,	0.00691936
17,	-0.000367294,	0.00652162
18,	0.000702444,	0.00624101
19,	0.000151368,	0.00592907
20,	0.0005946,	0.00564224
1,	0.003664,	0
2,	0.01134,	0.007676
3,	0.0288453,	0.0180576
4,	0.031892,	0.0131271
5,	0.0230024,	0.0135062
6,	0.016156,	0.0129802
7,	0.0147149,	0.0110645
8,	0.014561,	0.00958337
9,	0.0114524,	0.00900528
10,	0.0064864,	0.00946243
11,	0.00761527,	0.00863322
12,	0.00651133,	0.00795795
13,	0.0105572,	0.00836393
14,	0.0119774,	0.00787266
15,	0.0110989,	0.00738151
16,	0.00908825,	0.00719157
17,	0.00707224,	0.00704971
18,	0.00931556,	0.0070149
19,	0.0101238,	0.00668448
20,	0.0111278,	0.00642044
1,	-0.069324,	0
2,	-0.045916,	0.023408
3,	-0.0459973,	0.0135149
4,	-0.008815,	0.0383908
5,	-0.0127504,	0.0299966
6,	-0.00291,	0.0263951
7,	-0.000304,	0.0224596
8,	-0.0060605,	0.0202845
9,	-0.00597111,	0.0178895
10,	-0.0072092,	0.0160487
11,	-0.0163262,	0.0171421
12,	-0.0128853,	0.0160223
13,	-0.00874954,	0.0153077
14,	-0.00964514,	0.0142004
15,	-0.00685707,	0.0135107
16,	-0.0062595,	0.0126522
17,	-0.00672376,	0.0118937
18,	-0.00589111,	0.0112444
19,	-0.00599937,	0.0106367
20,	-0.0074958,	0.0102012
1,	-0.008016,	0
2,	0.009716,	0.017732
3,	0.0313707,	0.0239527
4,	0.022689,	0.0190325
5,	0.0059376,	0.0223148
6,	0.00795133,	0.0183309
7,	-0.003672,	0.019368
8,	0.0151395,	0.0252034
9,	0.0139529,	0.022259
10,	0.021232,	0.021198
11,	0.0271709,	0.020073
12,	0.017797,	0.0205825
13,	0.0107843,	0.0201902
14,	0.00905543,	0.0187722
15,	0.0110896,	0.017594
16,	0.0138755,	0.0166918
17,	0.0123934,	0.0157491
18,	0.00464489,	0.0167486
19,	0.00542126,	0.0158616
20,	0.0105738,	0.0159053
1,	0.22932,	0
2,	-0.07398,	0.3033
3,	-0.074036,	0.17511
4,	-0.030787,	0.131158
5,	-0.055884,	0.104648
6,	-0.0222287,	0.0918341
7,	-0.009392,	0.0786684
8,	-0.010778,	0.0681429
9,	0.00282356,	0.0616164
10,	-0.024976,	0.0617258
11,	-0.0309462,	0.0561514
12,	-0.0207197,	0.0522692
13,	-0.0287603,	0.0487483
14,	-0.0163029,	0.0468199
15,	-0.00179333,	0.0459385
16,	-0.00112625,	0.0429767
17,	0.00821294,	0.0414358
18,	0.00762956,	0.0390704
19,	0.00916737,	0.0369889
20,	0.0161584,	0.0357804
1,	0.060644,	0
2,	0.09702,	0.036376
3,	0.227217,	0.13188
4,	0.123478,	0.139492
5,	0.0871072,	0.114007
6,	0.0935153,	0.0933069
7,	0.0846434,	0.0793562
8,	0.045733,	0.0789752
9,	0.0140178,	0.0765305
10,	0.063598,	0.0845206
11,	0.0924484,	0.0817142
12,	0.106879,	0.0759776
13,	0.096212,	0.0706985
14,	0.0912063,	0.0656453
15,	0.0639248,	0.0669254
16,	0.079776,	0.0645786
17,	0.101991,	0.0646007
18,	0.0759369,	0.0662448
19,	0.0843055,	0.0632176
20,	0.105453,	0.0635929
1,	-0.42672,	0
2,	-0.222054,	0.204666
3,	0.162108,	0.401924
4,	0.37146,	0.352987
5,	0.494862,	0.29998
6,	0.445223,	0.249912
7,	0.247559,	0.289279
8,	0.093079,	0.294323
9,	0.144167,	0.264548
10,	0.229583,	0.251564
11,	0.12295,	0.251294
12,	0.0308473,	0.247198
13,	-0.0481957,	0.240736
14,	-0.0630089,	0.22337
15,	0.00748053,	0.219568
16,	0.06938,	0.214512
17,	0.0304205,	0.205231
18,	0.0631073,	0.196235
19,	0.0137046,	0.192082
20,	-0.0347894,	0.188567
1,	-0.999972,	0
2,	-0.999978,	6e-06
3,	-0.999985,	8.11035e-06
4,	-0.999978,	9.3095e-06
5,	-0.999907,	7.11663e-05
6,	-0.999923,	6.01302e-05
7,	-0.999934,	5.20063e-05
8,	-0.999942,	4.57946e-05
9,	-0.999948,	4.08979e-05
10,	-0.999952,	3.67935e-05
11,	-0.999955,	3.34047e-05
12,	-0.999959,	3.07211e-05
13,	-0.999962,	2.84348e-05
14,	-0.999965,	2.64639e-05
15,	-0.999965,	2.46412e-05
16,	-0.999968,	2.31513e-05
17,	-0.999967,	2.17574e-05
18,	-0.999968,	2.05261e-05
19,	-0.999969,	1.94907e-05
20,	-0.999971,	1.85543e-05
1,	-1,	0
2,	-1,	0
3,	-1,	0
4,	-1,	0
5,	-1,	0
6,	-1,	0
7,	-1,	5.50604e-09
8,	-1,	5.0976e-09
9,	-1,	8.25906e-09
10,	-1,	7.78672e-09
11,	-1,	6.03157e-09
12,	-1,	4.06648e-09
13,	-1,	3.89336e-09
14,	-1,	nan
15,	-1,	nan
16,	-1,	0
17,	-1,	0
18,	-1,	0
19,	-1,	0
20,	-1,	3.09413e-09
1,	-1,	0
2,	-1,	0
3,	-1,	0
4,	-1,	0
5,	-1,	0
6,	-1,	0
7,	-1,	5.50604e-09
8,	-1,	5.0976e-09
9,	-1,	8.25906e-09
10,	-1,	7.78672e-09
11,	-1,	6.03157e-09
12,	-1,	4.06648e-09
13,	-1,	3.89336e-09
14,	-1,	nan
15,	-1,	nan
16,	-1,	0
17,	-1,	0
18,	-1,	0
19,	-1,	0
20,	-1,	3.09413e-09
