1,	0.979471,	0
1,	1.35118,	0
2,	1.34114,	0.01004
3,	1.344,	0.00646376
4,	1.33884,	0.00689241
5,	1.34702,	0.00976591
6,	1.34288,	0.00898256
7,	1.34381,	0.00764776
8,	1.34847,	0.00810118
9,	1.34786,	0.0071707
10,	1.35187,	0.00756594
11,	1.35321,	0.00697286
12,	1.35298,	0.00636937
13,	1.35137,	0.00607831
14,	1.35042,	0.00570687
15,	1.35162,	0.00544828
16,	1.35145,	0.00509945
17,	1.34982,	0.00505926
18,	1.35404,	0.00637094
19,	1.35214,	0.00631897
20,	1.35249,	0.00600458
1,	1.35118,	0
2,	1.34134,	0.009844
3,	1.34403,	0.00628932
4,	1.33884,	0.00683577
5,	1.34706,	0.00977408
6,	1.34289,	0.0090038
7,	1.34381,	0.00766514
8,	1.34847,	0.00811332
9,	1.34786,	0.00718154
10,	1.35191,	0.00759543
11,	1.35321,	0.00699213
12,	1.353,	0.00638664
13,	1.35138,	0.00609281
14,	1.35042,	0.00572244
15,	1.35165,	0.00546811
16,	1.35145,	0.00511873
17,	1.34984,	0.00507232
18,	1.35407,	0.00638226
19,	1.35215,	0.00633359
20,	1.35249,	0.00601818
1,	1.48498,	0
2,	1.46867,	0.0163074
3,	1.47279,	0.010274
4,	1.47366,	0.00731667
5,	1.48642,	0.0139637
6,	1.48246,	0.0120688
7,	1.48694,	0.0111393
8,	1.49012,	0.0101574
9,	1.48913,	0.00901242
10,	1.49675,	0.0110915
11,	1.49759,	0.0100683
12,	1.49906,	0.00930684
13,	1.49721,	0.00875837
14,	1.49657,	0.00813365
15,	1.49724,	0.00760179
16,	1.49744,	0.00711351
17,	1.49631,	0.00677595
18,	1.50001,	0.00738233
19,	1.49792,	0.00729056
20,	1.49766,	0.00692106
1,	1.64872,	0
2,	1.62746,	0.0212622
3,	1.63354,	0.0136976
4,	1.63894,	0.0110902
5,	1.65297,	0.0164506
6,	1.65023,	0.0137087
7,	1.65255,	0.0118152
8,	1.66033,	0.0128572
9,	1.66196,	0.0114557
10,	1.66844,	0.0121204
11,	1.66993,	0.0110642
12,	1.67089,	0.0101465
13,	1.66794,	0.0097902
14,	1.66754,	0.00907286
15,	1.6656,	0.00866653
16,	1.66821,	0.00851742
17,	1.66771,	0.00801641
18,	1.66971,	0.00781782
19,	1.66915,	0.00741614
20,	1.66952,	0.0070453
1,	1.86658,	0
2,	1.84838,	0.0181953
3,	1.84801,	0.0105117
4,	1.8517,	0.00830028
5,	1.86125,	0.0115103
6,	1.86336,	0.0096326
7,	1.86703,	0.00892897
8,	1.88252,	0.0173155
9,	1.88318,	0.0152849
10,	1.88693,	0.0141754
11,	1.88863,	0.0129344
12,	1.89106,	0.0120554
13,	1.88694,	0.0118281
14,	1.88826,	0.0110292
15,	1.88721,	0.010321
16,	1.89095,	0.0103551
17,	1.88889,	0.00994234
18,	1.88996,	0.00943431
19,	1.8895,	0.00893604
20,	1.88891,	0.00849773
1,	2.11932,	0
2,	2.11541,	0.003915
3,	2.12425,	0.00912601
4,	2.13012,	0.00872319
5,	2.12991,	0.00675998
6,	2.13553,	0.00787785
7,	2.14002,	0.00802851
8,	2.1616,	0.0226735
9,	2.15732,	0.0204502
10,	2.16045,	0.0185575
11,	2.16094,	0.0167931
12,	2.1643,	0.0156928
13,	2.16088,	0.0148332
14,	2.15952,	0.0138001
15,	2.15632,	0.0132411
16,	2.15791,	0.0124878
17,	2.15688,	0.0117752
18,	2.15735,	0.0111117
19,	2.15472,	0.0108343
20,	2.15417,	0.0102931
1,	2.43987,	0
2,	2.44538,	0.005512
3,	2.46947,	0.024292
4,	2.47664,	0.0186157
5,	2.46244,	0.0202393
6,	2.48646,	0.0291525
7,	2.49901,	0.0276531
8,	2.5124,	0.0274346
9,	2.515,	0.0243348
10,	2.51795,	0.0219647
11,	2.51498,	0.0200892
12,	2.52234,	0.0197625
13,	2.51458,	0.0197676
14,	2.5077,	0.0195492
15,	2.50509,	0.018386
16,	2.50431,	0.0172162
17,	2.50657,	0.0163282
18,	2.50958,	0.0156864
19,	2.50315,	0.0161712
20,	2.49949,	0.0157719
1,	2.89774,	0
2,	2.89181,	0.00593714
3,	2.92666,	0.0350253
4,	2.93537,	0.026254
5,	2.93367,	0.0204078
6,	2.96055,	0.0316283
7,	2.97891,	0.0324305
8,	2.98248,	0.0283115
9,	2.97219,	0.0270051
10,	2.97987,	0.0253452
11,	2.97404,	0.0236569
12,	2.9813,	0.0227841
13,	2.97711,	0.0213719
14,	2.96898,	0.0213944
15,	2.9595,	0.022056
16,	2.95641,	0.020862
17,	2.96582,	0.0217399
18,	2.97251,	0.0215593
19,	2.96736,	0.0210319
20,	2.96391,	0.0202486
1,	3.53274,	0
2,	3.52429,	0.00844923
3,	3.55668,	0.0327571
4,	3.55953,	0.0233376
5,	3.5441,	0.0237687
6,	3.56638,	0.0295439
7,	3.58212,	0.0295203
8,	3.59401,	0.0281924
9,	3.58171,	0.0277377
10,	3.58875,	0.0257892
11,	3.57913,	0.0252342
12,	3.58934,	0.0251979
13,	3.58385,	0.0238201
14,	3.57736,	0.0229884
15,	3.57561,	0.0214727
16,	3.57446,	0.0201184
17,	3.57826,	0.0192752
18,	3.58848,	0.0208515
19,	3.58549,	0.0199495
20,	3.57985,	0.0197482
1,	4.48044,	0
2,	4.43857,	0.0418733
3,	4.51078,	0.0761505
4,	4.52892,	0.0568223
5,	4.49889,	0.0532853
6,	4.48147,	0.0468658
7,	4.49131,	0.0408129
8,	4.48194,	0.036566
9,	4.45733,	0.040568
10,	4.4562,	0.0363025
11,	4.42698,	0.0439538
12,	4.44339,	0.0433471
13,	4.45069,	0.0405377
14,	4.45944,	0.0385373
15,	4.44803,	0.0376496
16,	4.43914,	0.0363213
17,	4.43556,	0.0343055
18,	4.44589,	0.0339532
19,	4.43865,	0.0329231
20,	4.43662,	0.0312992
1,	5.7346,	0
2,	5.65257,	0.0820218
3,	5.65829,	0.0476994
4,	5.59935,	0.067912
5,	5.6141,	0.0546331
6,	5.5978,	0.0474918
7,	5.58959,	0.0409692
8,	5.64259,	0.0637839
9,	5.60208,	0.0693233
10,	5.59996,	0.062041
11,	5.56752,	0.0648194
12,	5.59586,	0.0656099
13,	5.59334,	0.060405
14,	5.59069,	0.0559869
15,	5.56808,	0.0568138
16,	5.5813,	0.0547634
17,	5.56761,	0.0532305
18,	5.57168,	0.050351
19,	5.59072,	0.0512889
20,	5.6007,	0.0496716
1,	7.54334,	0
2,	7.30706,	0.23628
3,	7.35016,	0.143063
4,	7.35952,	0.101592
5,	7.36976,	0.0793563
6,	7.37151,	0.064818
7,	7.35115,	0.0584457
8,	7.4406,	0.102786
9,	7.4431,	0.0906833
10,	7.43573,	0.0814443
11,	7.43682,	0.0736772
12,	7.46476,	0.0728305
13,	7.40898,	0.0871721
14,	7.41661,	0.0810651
15,	7.39952,	0.0773778
16,	7.43165,	0.0791893
17,	7.41083,	0.0772422
18,	7.40561,	0.0730115
19,	7.41815,	0.0701912
20,	7.43576,	0.0688775
1,	10.3779,	0
2,	10.0708,	0.307138
3,	10.3809,	0.357183
4,	10.1795,	0.32303
5,	10.1689,	0.250441
6,	10.2,	0.206834
7,	10.2926,	0.197809
8,	10.3569,	0.182987
9,	10.2915,	0.174133
10,	10.2889,	0.15577
11,	10.2745,	0.141637
12,	10.3119,	0.134615
13,	10.3315,	0.125369
14,	10.3157,	0.117151
15,	10.3167,	0.109067
16,	10.3548,	0.108895
17,	10.3604,	0.102443
18,	10.3387,	0.0989995
19,	10.3327,	0.0938389
20,	10.3207,	0.0898284
1,	14.533,	0
2,	15.626,	1.09297
3,	16.2394,	0.880018
4,	15.8715,	0.72287
5,	15.5509,	0.645221
6,	15.3214,	0.574631
7,	15.4568,	0.504165
8,	15.4725,	0.436902
9,	15.398,	0.392452
10,	15.2566,	0.37842
11,	15.341,	0.352531
12,	15.3738,	0.323491
13,	15.398,	0.298549
14,	15.3825,	0.276836
15,	15.3966,	0.258105
16,	15.4263,	0.243257
17,	15.3776,	0.233635
18,	15.2683,	0.245906
19,	15.2709,	0.232619
20,	15.2319,	0.224104
1,	24.5376,	0
2,	24.4973,	0.0403429
3,	25.9658,	1.46872
4,	25.5598,	1.11509
5,	25.5687,	0.86379
6,	25.4373,	0.717425
7,	25.4984,	0.609411
8,	25.362,	0.545121
9,	25.3454,	0.481037
10,	25.3154,	0.431297
11,	25.1067,	0.442437
12,	25.0808,	0.404715
13,	25.087,	0.372335
14,	25.1484,	0.350144
15,	25.1647,	0.326371
16,	25.3497,	0.356961
17,	25.1357,	0.397747
18,	25.0101,	0.395488
19,	24.9653,	0.376771
20,	25.0162,	0.361045
1,	43.9301,	0
2,	43.3378,	0.59232
3,	45.1014,	1.79645
4,	45.3753,	1.29947
5,	46.2914,	1.36103
6,	46.5394,	1.13861
7,	46.0151,	1.09584
8,	45.6495,	1.01703
9,	45.7941,	0.908518
10,	45.222,	0.993809
11,	45.4498,	0.927351
12,	45.4725,	0.846856
13,	44.8873,	0.974299
14,	44.8865,	0.902026
15,	44.6412,	0.874822
16,	44.5468,	0.823758
17,	44.2242,	0.83831
18,	44.1227,	0.796865
19,	43.9483,	0.773663
20,	43.7735,	0.754496
1,	81.7421,	0
2,	76.3792,	5.36296
3,	80.1107,	4.84887
4,	80.0982,	3.42869
5,	80.7919,	2.74495
6,	81.3896,	2.31958
7,	80.77,	2.05599
8,	81.2127,	1.83475
9,	80.9846,	1.63409
10,	81.3772,	1.51339
11,	80.307,	1.7376
12,	79.9807,	1.61942
13,	79.3472,	1.61876
14,	79.2583,	1.50131
15,	79.217,	1.39826
16,	79.4702,	1.33224
17,	79.5677,	1.25521
18,	78.9314,	1.34365
19,	79.0579,	1.27724
20,	78.9007,	1.22185
1,	119.991,	0
2,	121.621,	1.6299
3,	121.177,	1.04045
4,	121.613,	0.85491
5,	119.886,	1.84954
6,	119.539,	1.54943
7,	119.158,	1.36378
8,	119.384,	1.20243
9,	119.348,	1.06104
10,	119.597,	0.981083
11,	119.545,	0.888933
12,	119.798,	0.849938
13,	119.077,	1.06369
14,	119.392,	1.03391
15,	119.296,	0.967269
16,	119.606,	0.956351
17,	119.685,	0.901864
18,	119.929,	0.884446
19,	120.128,	0.859948
20,	120.36,	0.848185
1,	166.636,	0
2,	166.651,	0.0152667
3,	166.646,	0.0101292
4,	166.651,	0.00877208
5,	166.655,	0.00744333
6,	166.126,	0.528991
7,	166.202,	0.453589
8,	166.26,	0.397088
9,	166.292,	0.351684
10,	166.321,	0.315816
11,	166.351,	0.28727
12,	166.377,	0.263556
13,	166.399,	0.243438
14,	166.418,	0.226165
15,	166.435,	0.211192
16,	166.449,	0.198083
17,	166.462,	0.186506
18,	166.473,	0.176176
19,	166.476,	0.166684
20,	166.486,	0.158416
1,	1.36669,	0
2,	1.37136,	0.004672
3,	1.37574,	0.00514622
4,	1.35729,	0.0188041
5,	1.35618,	0.0146085
6,	1.3534,	0.0122476
7,	1.3513,	0.0105615
8,	1.35411,	0.00956853
9,	1.35338,	0.00847014
10,	1.35492,	0.00773186
11,	1.35315,	0.00721444
12,	1.3478,	0.0084838
13,	1.34737,	0.00781596
14,	1.34908,	0.00743535
15,	1.35516,	0.00921016
16,	1.35397,	0.00869637
17,	1.35503,	0.00823754
18,	1.35456,	0.00778082
19,	1.35363,	0.00741918
20,	1.35128,	0.00741934
1,	1.54072,	0
2,	1.52177,	0.0189474
3,	1.50252,	0.0221379
4,	1.49189,	0.0189252
5,	1.49185,	0.0146595
6,	1.49614,	0.0127159
7,	1.51072,	0.0181115
8,	1.50803,	0.015913
9,	1.51045,	0.0142406
10,	1.50946,	0.0127758
11,	1.50495,	0.0124033
12,	1.50098,	0.0120005
13,	1.50557,	0.011956
14,	1.50415,	0.0111594
15,	1.50512,	0.010434
16,	1.5049,	0.00976261
17,	1.50677,	0.00935816
18,	1.50856,	0.00900378
19,	1.50944,	0.00856116
20,	1.50736,	0.00838217
1,	1.67156,	0
2,	1.66657,	0.00499333
3,	1.68164,	0.0153436
4,	1.66406,	0.0206521
5,	1.67027,	0.0171586
6,	1.67882,	0.016415
7,	1.6921,	0.0192037
8,	1.69257,	0.0166375
9,	1.70014,	0.0165113
10,	1.69951,	0.0147816
11,	1.69952,	0.0133704
12,	1.69063,	0.0150982
13,	1.69004,	0.0139011
14,	1.68496,	0.0138351
15,	1.68385,	0.012928
16,	1.68236,	0.0121836
17,	1.68453,	0.0116473
18,	1.67967,	0.0120069
19,	1.67899,	0.0113779
20,	1.67909,	0.0107945
1,	1.84148,	0
2,	1.89509,	0.0536141
3,	1.89803,	0.0310932
4,	1.88986,	0.0234563
5,	1.88643,	0.0184894
6,	1.89135,	0.0158794
7,	1.89327,	0.0135563
8,	1.89163,	0.0118543
9,	1.90055,	0.0137452
10,	1.89643,	0.0129655
11,	1.89411,	0.0119554
12,	1.88654,	0.0132803
13,	1.88125,	0.0133135
14,	1.88321,	0.0124813
15,	1.88574,	0.0118913
16,	1.88411,	0.0112415
17,	1.88523,	0.0106188
18,	1.88476,	0.0100227
19,	1.88275,	0.00969131
20,	1.88496,	0.00945548
1,	2.22928,	0
2,	2.24438,	0.0151075
3,	2.22838,	0.0182282
4,	2.19589,	0.0349479
5,	2.20741,	0.0294192
6,	2.19665,	0.0263209
7,	2.19293,	0.0225541
8,	2.18882,	0.0199598
9,	2.18849,	0.017606
10,	2.19257,	0.0162687
11,	2.18645,	0.0159397
12,	2.18059,	0.0156847
13,	2.17688,	0.0148976
14,	2.1787,	0.013912
15,	2.17859,	0.0129518
16,	2.1822,	0.0126419
17,	2.18612,	0.0125038
18,	2.18765,	0.0118879
19,	2.18756,	0.0112452
20,	2.18664,	0.0107074
1,	2.60025,	0
2,	2.54573,	0.05452
3,	2.54087,	0.03185
4,	2.49285,	0.0530358
5,	2.49378,	0.0410919
6,	2.50315,	0.0348349
7,	2.51792,	0.0329379
8,	2.51125,	0.0292944
9,	2.52014,	0.02732
10,	2.51111,	0.0260499
11,	2.51954,	0.0250249
12,	2.52544,	0.0235949
13,	2.52068,	0.0222198
14,	2.52915,	0.0222478
15,	2.52571,	0.0209959
16,	2.5296,	0.0200215
17,	2.52718,	0.0189623
18,	2.52166,	0.0187096
19,	2.5198,	0.017795
20,	2.52746,	0.0185364
1,	3.0655,	0
2,	2.95747,	0.108029
3,	2.95603,	0.062387
4,	2.95688,	0.0441224
5,	2.94088,	0.0377343
6,	2.94388,	0.0309551
7,	2.96443,	0.0332675
8,	2.94997,	0.0322359
9,	2.95027,	0.0284311
10,	2.92505,	0.0358193
11,	2.93101,	0.0329438
12,	2.94021,	0.0314503
13,	2.94064,	0.0289333
14,	2.93811,	0.0269065
15,	2.93652,	0.025099
16,	2.9445,	0.0247967
17,	2.9361,	0.0247617
18,	2.93454,	0.0233973
19,	2.93263,	0.0222142
20,	2.93432,	0.0211417
1,	3.6158,	0
2,	3.58536,	0.0304462
3,	3.56738,	0.0251409
4,	3.57736,	0.0203843
5,	3.57337,	0.0162847
6,	3.56303,	0.0168459
7,	3.55201,	0.0180039
8,	3.54138,	0.0188683
9,	3.52619,	0.0225318
10,	3.51017,	0.0257437
11,	3.52868,	0.0297453
12,	3.53628,	0.0281968
13,	3.53738,	0.0259605
14,	3.54286,	0.024653
15,	3.53039,	0.0261203
16,	3.54658,	0.0293112
17,	3.55392,	0.0284943
18,	3.5482,	0.0274671
19,	3.55911,	0.0281775
20,	3.55703,	0.0268119
1,	4.32173,	0
2,	4.48718,	0.165453
3,	4.42302,	0.115071
4,	4.37208,	0.0959997
5,	4.37117,	0.0743665
6,	4.38807,	0.0630259
7,	4.41946,	0.0618295
8,	4.40577,	0.0552668
9,	4.37316,	0.058648
10,	4.36435,	0.0531907
11,	4.36382,	0.0481157
12,	4.36526,	0.0439472
13,	4.38234,	0.0438855
14,	4.39211,	0.0417866
15,	4.3849,	0.0395638
16,	4.41217,	0.045975
17,	4.40633,	0.0435793
18,	4.40884,	0.0411637
19,	4.41798,	0.039995
20,	4.42242,	0.0382014
1,	5.38993,	0
2,	5.7012,	0.311269
3,	5.70605,	0.179777
4,	5.75487,	0.136175
5,	5.74954,	0.105616
6,	5.76196,	0.0871242
7,	5.7104,	0.0898896
8,	5.67858,	0.0840959
9,	5.62649,	0.0906311
10,	5.60796,	0.0831542
11,	5.58233,	0.0794623
12,	5.59845,	0.0743068
13,	5.58078,	0.0705978
14,	5.59701,	0.067346
15,	5.60143,	0.0628512
16,	5.5998,	0.0588146
17,	5.59419,	0.0555306
18,	5.61176,	0.0552241
19,	5.60996,	0.0522676
20,	5.60861,	0.0496039
1,	7.23656,	0
2,	7.37744,	0.140876
3,	7.44241,	0.104103
4,	7.34073,	0.125532
5,	7.3644,	0.100077
6,	7.40442,	0.0909856
7,	7.49138,	0.11608
8,	7.5591,	0.121212
9,	7.53844,	0.108877
10,	7.53177,	0.0976109
11,	7.53645,	0.0884158
12,	7.53818,	0.080731
13,	7.52672,	0.075141
14,	7.49527,	0.0763471
15,	7.45731,	0.0805772
16,	7.45814,	0.0753777
17,	7.46302,	0.0709728
18,	7.46138,	0.066934
19,	7.46341,	0.0633458
20,	7.47439,	0.0610899
1,	10.0564,	0
2,	10.4481,	0.391707
3,	10.4598,	0.226454
4,	10.4841,	0.161973
5,	10.626,	0.189384
6,	10.4969,	0.201423
7,	10.3645,	0.215646
8,	10.2315,	0.229289
9,	10.3283,	0.224173
10,	10.3549,	0.202268
11,	10.3156,	0.187126
12,	10.3664,	0.178198
13,	10.2793,	0.185597
14,	10.3157,	0.175626
15,	10.3451,	0.166125
16,	10.3665,	0.156871
17,	10.4041,	0.152057
18,	10.3994,	0.143436
19,	10.3904,	0.135979
20,	10.3547,	0.133833
1,	15.6343,	0
2,	15.358,	0.27635
3,	15.3837,	0.161615
4,	15.3135,	0.134102
5,	15.3272,	0.104769
6,	15.3101,	0.0872435
7,	15.3687,	0.0941996
8,	15.4762,	0.135
9,	15.484,	0.119309
10,	15.5588,	0.130312
11,	15.5504,	0.11817
12,	15.7047,	0.188287
13,	15.6028,	0.200956
14,	15.5339,	0.198372
15,	15.5322,	0.184683
16,	15.6517,	0.210073
17,	15.6255,	0.199057
18,	15.5414,	0.205647
19,	15.4653,	0.20889
20,	15.4896,	0.199656
1,	24.2573,	0
2,	23.6958,	0.561589
3,	24.3707,	0.748764
4,	24.3788,	0.529518
5,	24.0327,	0.536692
6,	23.6839,	0.56004
7,	23.3161,	0.599466
8,	23.3666,	0.521607
9,	23.6341,	0.532138
10,	23.702,	0.480777
11,	23.5844,	0.450493
12,	23.9834,	0.572943
13,	23.9046,	0.53289
14,	23.9284,	0.493938
15,	23.9767,	0.462353
16,	23.8843,	0.442242
17,	23.9665,	0.423459
18,	24.1625,	0.444779
19,	24.3189,	0.448845
20,	24.4324,	0.440672
1,	46.7458,	0
2,	48.3452,	1.59939
3,	49.2947,	1.3245
4,	46.8905,	2.58024
5,	45.4259,	2.47782
6,	44.3893,	2.27325
7,	43.4724,	2.12879
8,	43.2018,	1.86334
9,	43.1552,	1.64398
10,	42.9728,	1.48168
11,	43.2828,	1.37562
12,	43.4964,	1.2738
13,	43.4094,	1.17496
14,	43.1876,	1.11017
15,	43.4864,	1.07584
16,	43.1486,	1.06155
17,	43.343,	1.01592
18,	43.4711,	0.966343
19,	43.8684,	0.996698
20,	43.8924,	0.945855
1,	70.5059,	0
2,	77.6,	7.09413
3,	79.5565,	4.53911
4,	78.5488,	3.36413
5,	78.0878,	2.64629
6,	77.3515,	2.28271
7,	76.8271,	1.99925
8,	77.1802,	1.76704
9,	77.7908,	1.67375
10,	77.6551,	1.50319
11,	77.6414,	1.35976
12,	77.6272,	1.24137
13,	77.5407,	1.14516
14,	77.0217,	1.18044
15,	77.3371,	1.1433
16,	77.5276,	1.0863
17,	77.4845,	1.02132
18,	77.8968,	1.04745
19,	78.0848,	1.00848
20,	78.4359,	1.01909
1,	117.589,	0
2,	116.917,	0.67213
3,	116.941,	0.38877
4,	118.927,	2.00533
5,	119.693,	1.73195
6,	120.081,	1.46618
7,	119.465,	1.38347
8,	119.946,	1.29108
9,	120.298,	1.19161
10,	120.733,	1.1511
11,	120.997,	1.07422
12,	121.067,	0.983122
13,	121.314,	0.93759
14,	121.158,	0.881991
15,	121.336,	0.840166
16,	121.536,	0.810921
17,	121.224,	0.823315
18,	121.205,	0.776457
19,	121.198,	0.734484
20,	121.064,	0.709582
1,	166.658,	0
2,	166.66,	0.00185333
3,	166.662,	0.00257506
4,	166.66,	0.00294572
5,	166.639,	0.0211448
6,	166.643,	0.0178852
7,	166.647,	0.0154795
8,	166.649,	0.0136371
9,	166.651,	0.0121832
10,	166.652,	0.0109596
11,	166.653,	0.00994914
12,	166.654,	0.00915225
13,	166.655,	0.00847292
14,	166.656,	0.00788705
15,	166.656,	0.0073434
16,	166.657,	0.00690058
17,	166.657,	0.00648687
18,	166.657,	0.00611974
19,	166.657,	0.00581214
20,	166.658,	0.00553382
1,	250,	0
2,	250,	0
3,	250,	2.44141e-06
4,	250,	1.9934e-06
5,	250,	nan
6,	250,	nan
7,	250,	1.40955e-06
8,	250,	1.30499e-06
9,	250,	1.2207e-06
10,	250,	1.15089e-06
11,	250,	1.09183e-06
12,	250,	0
13,	250,	0
14,	250,	0
15,	250,	0
16,	250,	0
17,	250,	0
18,	250,	0
19,	250,	0
20,	250,	0
1,	500,	0
2,	500,	0
3,	500,	4.88281e-06
4,	500,	3.9868e-06
5,	500,	nan
6,	500,	nan
7,	500,	2.81909e-06
8,	500,	2.60997e-06
9,	500,	2.44141e-06
10,	500,	2.30178e-06
11,	500,	2.18366e-06
12,	500,	0
13,	500,	0
14,	500,	0
15,	500,	0
16,	500,	0
17,	500,	0
18,	500,	0
19,	500,	0
20,	500,	0
