1,	-3.372102708,	0
2,	-3.371536636,	0.000566071371
3,	-3.372095862,	0.0006477233135
4,	-3.37157446,	0.0006939974885
5,	-3.371263672,	0.0006209416346
6,	-3.371181715,	0.0005135783603
7,	-3.370783189,	0.0005892576647
8,	-3.370619621,	0.0005358851469
9,	-3.370661272,	0.0004744380294
10,	-3.370623643,	0.0004260152899
11,	-3.370612886,	0.0003854954448
12,	-3.370712741,	0.000365800355
13,	-3.370819593,	0.0003530455613
14,	-3.370736854,	0.0003371662826
15,	-3.370732803,	0.0003139108659
16,	-3.370717399,	0.0002940404624
17,	-3.370601464,	0.0002995482132
18,	-3.370573115,	0.0002838360575
19,	-3.370558463,	0.0002688814948
20,	-3.370477424,	0.0002676471245
21,	-3.370411267,	0.0002630385874
22,	-3.370342322,	0.0002601014652
23,	-3.370279514,	0.0002563488607
24,	-3.370288577,	0.0002456026126
25,	-3.370288674,	0.0002355737702
26,	-3.370311928,	0.0002275234685
27,	-3.37033198,	0.0002198508618
28,	-3.370338914,	0.0002119670293
29,	-3.370377253,	0.0002080896153
30,	-3.370404298,	0.0002028447734
31,	-3.370384115,	0.0001972277818
32,	-3.370414329,	0.0001933403795
33,	-3.370481236,	0.0001989764066
34,	-3.370435525,	0.000198373853
35,	-3.370455326,	0.0001936376993
36,	-3.370428388,	0.0001901002873
37,	-3.370374881,	0.0001924776729
38,	-3.370385899,	0.0001876677188
39,	-3.370320746,	0.0001940568137
40,	-3.370271337,	0.0001954899802
41,	-3.370233763,	0.0001943294804
42,	-3.370194409,	0.0001936864399
43,	-3.370208034,	0.0001896186601
44,	-3.370199322,	0.0001854637529
45,	-3.370203941,	0.0001813543305
46,	-3.3701905,	0.0001778766118
47,	-3.370171779,	0.0001750547496
48,	-3.370153195,	0.0001723737741
49,	-3.37012845,	0.0001706230969
50,	-3.370138713,	0.0001674905504
51,	-3.370156917,	0.0001651796454
52,	-3.37015268,	0.000162027364
53,	-3.37016072,	0.0001591440652
54,	-3.370135303,	0.000158223968
55,	-3.370137229,	0.0001553324713
56,	-3.370155737,	0.000153652139
57,	-3.370184276,	0.0001536068926
58,	-3.370205967,	0.0001524858977
59,	-3.370197039,	0.0001501447471
60,	-3.370231461,	0.0001515812681
61,	-3.370235112,	0.0001491203036
62,	-3.370231847,	0.0001467317441
63,	-3.370240521,	0.0001446442159
64,	-3.370257585,	0.0001433852236
65,	-3.370231551,	0.0001435426795
66,	-3.370247531,	0.0001422514989
67,	-3.370265136,	0.0001412139334
68,	-3.370281824,	0.0001401190455
69,	-3.37026514,	0.0001390777519
70,	-3.370244606,	0.0001386059777
71,	-3.370252197,	0.0001368505007
72,	-3.370261846,	0.0001352809808
73,	-3.370255673,	0.0001335576898
74,	-3.370241504,	0.0001325002335
75,	-3.370232546,	0.0001310281598
76,	-3.370276853,	0.0001366734954
77,	-3.370298477,	0.0001366092112
78,	-3.370324859,	0.0001374028038
79,	-3.370312548,	0.0001362098588
80,	-3.370331533,	0.0001358297498
81,	-3.370328554,	0.0001341754274
82,	-3.370301747,	0.0001352129424
83,	-3.37030195,	0.0001335740912
84,	-3.3703104,	0.0001322445821
85,	-3.370315991,	0.0001307990469
86,	-3.370327048,	0.0001297411947
87,	-3.37033551,	0.0001285201377
88,	-3.370318278,	0.0001282145246
89,	-3.370317325,	0.0001267693115
90,	-3.37033356,	0.0001263997759
91,	-3.370332414,	0.0001250083041
92,	-3.3703409,	0.0001239329217
93,	-3.370352988,	0.0001231876358
94,	-3.370349506,	0.0001219198345
95,	-3.370328549,	0.0001224364401
96,	-3.37031219,	0.00012225386
97,	-3.370294052,	0.0001223390194
98,	-3.370292426,	0.0001210951445
99,	-3.370311217,	0.000121329745
100,	-3.370312017,	0.0001201129869
