1,	-5.04521,	0
2,	-5.05625,	0.0110422
3,	-5.03684,	0.020428
4,	-5.03165,	0.0153518
5,	-5.0338,	0.0120856
6,	-5.03446,	0.00988977
7,	-5.03189,	0.00874548
8,	-5.02567,	0.00980186
9,	-5.02413,	0.00878008
10,	-5.02219,	0.00808935
11,	-5.01852,	0.00818628
12,	-5.01778,	0.00750888
13,	-5.0197,	0.00716665
14,	-5.02077,	0.0067214
15,	-5.0217,	0.00632609
16,	-5.02351,	0.00618879
17,	-5.02229,	0.0059395
18,	-5.02196,	0.00560986
19,	-5.02123,	0.00535686
20,	-5.02068,	0.00511142
21,	-5.01852,	0.00531877
22,	-5.01594,	0.00569098
23,	-5.01509,	0.00550353
24,	-5.01586,	0.0053256
25,	-5.01581,	0.00510837
26,	-5.01604,	0.00491301
27,	-5.01745,	0.00493296
28,	-5.01719,	0.00476063
29,	-5.01792,	0.00465162
30,	-5.01868,	0.00455797
31,	-5.01873,	0.00440872
32,	-5.0196,	0.00435773
33,	-5.0207,	0.00436347
34,	-5.02003,	0.00428617
35,	-5.02072,	0.00421856
36,	-5.02032,	0.00411871
37,	-5.02065,	0.00401981
38,	-5.0209,	0.00392015
39,	-5.0202,	0.0038824
40,	-5.02026,	0.00378461
41,	-5.02035,	0.00369239
42,	-5.01971,	0.00365964
43,	-5.01984,	0.00357587
44,	-5.02056,	0.00356567
45,	-5.0214,	0.00358494
46,	-5.02058,	0.00360028
47,	-5.02053,	0.00352311
48,	-5.01968,	0.00355323
49,	-5.01896,	0.0035528
50,	-5.01943,	0.00351259
51,	-5.01934,	0.00344428
52,	-5.01971,	0.00339723
53,	-5.01947,	0.00334086
54,	-5.01902,	0.00330918
55,	-5.01875,	0.00325971
56,	-5.01943,	0.00327167
57,	-5.01971,	0.00322628
58,	-5.01962,	0.00317152
59,	-5.01967,	0.00311765
60,	-5.01998,	0.00308163
61,	-5.02024,	0.00304175
62,	-5.01998,	0.00300387
63,	-5.02009,	0.00295771
64,	-5.02055,	0.00294813
65,	-5.02031,	0.00291276
66,	-5.02056,	0.00287963
67,	-5.02077,	0.00284391
68,	-5.02108,	0.00281897
69,	-5.02097,	0.00278016
70,	-5.02078,	0.00274609
71,	-5.02072,	0.00270783
72,	-5.02082,	0.00267153
73,	-5.02065,	0.0026399
74,	-5.0206,	0.00260448
75,	-5.02056,	0.0025698
76,	-5.02067,	0.00253798
77,	-5.0203,	0.00253078
78,	-5.02073,	0.00253407
79,	-5.02057,	0.00250664
80,	-5.02045,	0.00247837
81,	-5.02058,	0.00245122
82,	-5.0205,	0.00242259
83,	-5.02024,	0.00240641
84,	-5.02055,	0.002397
85,	-5.02086,	0.00238911
86,	-5.02144,	0.00243003
87,	-5.02176,	0.00242372
88,	-5.02195,	0.0024039
89,	-5.02177,	0.00238397
90,	-5.0221,	0.00238025
91,	-5.02237,	0.00236944
92,	-5.02253,	0.00234924
93,	-5.02255,	0.00232389
94,	-5.02263,	0.00230044
95,	-5.02256,	0.00227722
96,	-5.02244,	0.00225653
97,	-5.02239,	0.00223369
98,	-5.02239,	0.00221079
99,	-5.02225,	0.00219278
100,	-5.02228,	0.00217087
