131.321
131.321
129.046
129.046
122.622
117.495
112.913
110.499
104.66
101.065
97.1528
93.0157
84.2927
83.5311
83.5311
81.9916
79.922
79.922
79.922
76.4082
76.4082
76.4082
76.0223
76.0223
76.0223
76.0223
74.4831
74.4831
74.4831
74.4831
74.4831
73.7538
73.7538
73.7538
73.7538
73.7538
70.3009
68.9253
68.9253
68.9253
68.9253
68.2458
68.2458
68.2458
68.2458
68.2458
68.2458
68.2458
68.2458
68.2458
68.2458
68.2458
68.2458
67.5754
67.5754
67.5754
67.5754
67.5754
67.5754
67.5754
66.2155
66.2155
66.2155
66.2155
66.2155
65.8747
65.8747
65.8747
65.8747
65.8747
65.8747
63.9137
63.9137
63.9137
63.9137
63.6182
63.6182
63.6182
63.6182
63.6182
63.6182
63.6182
63.6182
63.6182
63.6182
63.6182
63.6182
63.6182
63.6182
63.6182
63.6182
63.6182
63.6182
62.0552
62.0552
62.0552
62.0552
62.0552
62.0552
61.9066
61.9066
61.9066
61.9066
61.9066
61.9066
61.9066
61.9066
61.9066
61.9066
61.9066
61.9066
61.9066
61.9066
61.9066
61.9066
61.9066
61.9066
61.9066
61.9066
61.9066
61.9066
61.9066
61.9066
61.9066
59.9397
59.9308
59.9308
59.9308
59.9308
59.9308
59.9308
59.9308
59.9308
59.9308
59.9308
59.7944
59.7944
59.7944
59.7944
59.7944
59.7944
59.7944
59.7944
59.7944
58.1607
58.1607
58.1607
58.1607
57.8161
57.8161
57.8161
56.5768
56.5768
56.5768
56.3654
56.3654
56.3654
56.3654
56.3654
56.3654
56.2936
56.2936
56.2936
56.2936
56.2936
56.1303
56.1303
56.1303
56.0093
55.4258
55.4258
55.4258
55.4258
55.4258
55.4258
55.4258
55.4258
53.4055
53.4055
53.4055
53.4055
53.4055
53.4055
53.4055
53.4055
53.4055
53.4055
53.4055
53.4055
53.4055
53.4055
53.4055
53.4055
53.4055
52.3671
52.3671
51.9917
51.9917
51.8894
51.8894
51.8894
51.8894
51.8894
51.8894
51.8894
51.8894
51.7794
51.7794
51.7794
51.7794
51.7794
51.7794
51.7794
51.7794
51.7794
50.8237
50.8237
50.8237
50.8237
50.8237
50.8237
50.8237
50.8237
50.8237
50.8237
50.8237
50.8237
50.8237
50.8237
50.8237
50.8237
50.8237
50.8237
50.8237
50.8237
50.8237
50.8237
50.8237
50.8237
50.8237
50.8237
50.8237
50.8237
50.8237
50.8237
50.8237
50.8237
50.8237
50.8237
50.8237
50.8237
50.8237
50.8237
50.8237
50.5488
50.5488
50.5488
50.5488
50.5488
50.5488
50.5488
50.5488
50.5488
50.5488
50.5488
49.8492
49.8492
49.8492
49.8492
49.8492
49.8492
49.8492
49.8492
49.8492
49.8492
49.8492
49.8492
49.8492
49.8492
49.8492
49.8492
49.8492
49.8492
49.8492
49.8492
49.8492
49.8492
49.8492
49.8492
49.8492
49.8492
49.8492
49.8492
49.8492
49.8492
49.8492
49.8492
49.8492
49.8492
49.8492
49.8492
49.8492
49.8492
49.8492
49.8492
49.8492
49.8492
49.8492
49.8492
49.8492
49.8492
49.8492
49.8492
49.8492
49.8492
49.8492
49.8492
49.8492
49.8492
49.8492
49.8492
49.8492
49.8492
49.8492
49.8492
49.8492
49.8492
49.8492
49.8492
49.8492
49.8492
49.8492
49.8492
49.8492
49.8492
49.8492
49.8492
49.8492
49.8492
49.8492
49.8492
49.8492
49.8492
49.8492
49.8492
49.8492
49.8492
49.8492
49.8492
49.8492
49.8492
49.8492
49.8492
49.8492
49.8492
49.8492
49.8492
49.8492
49.8492
49.8492
49.8492
49.8492
49.8492
49.8492
49.8492
49.8492
49.8492
49.8492
49.8492
49.8492
49.8492
49.8492
49.8492
49.8492
49.8492
49.8492
49.8492
49.8492
49.8492
49.8492
49.8492
49.8492
49.8492
49.8492
49.8009
49.8009
49.8009
49.8009
49.8009
49.8009
49.8009
49.8009
49.8009
49.8009
49.8009
49.8009
49.8009
49.8009
49.8009
49.8009
49.8009
49.8009
49.8009
49.8009
49.8009
49.8009
49.8009
49.8009
49.8009
49.8009
49.8009
49.8009
49.8009
49.8009
49.8009
49.8009
49.8009
49.8009
49.8009
49.8009
49.8009
49.8009
49.8009
49.8009
49.8009
49.8009
49.8009
49.8009
49.8009
49.8009
49.8009
49.8009
49.8009
49.8009
49.8009
49.8009
49.8009
49.8009
49.8009
49.8009
49.8009
49.8009
49.8009
49.8009
49.8009
49.8009
49.8009
49.8009
49.8009
49.8009
49.8009
49.8009
49.8009
49.8009
49.8009
49.8009
49.8009
49.8009
49.8009
49.8009
49.8009
49.8009
49.8009
49.8009
49.8009
49.8009
49.8009
49.8009
49.8009
49.8009
49.8009
49.8009
49.8009
49.8009
49.8009
49.8009
49.8009
49.8009
49.8009
49.8009
49.8009
49.8009
49.8009
49.8009
49.8009
49.8009
49.8009
49.8009
49.8009
49.8009
49.8009
49.8009
49.8009
49.8009
49.8009
49.8009
49.8009
49.8009
49.8009
49.8009
49.8009
49.8009
49.8009
49.8009
49.8009
49.8009
49.8009
49.8009
49.8009
49.8009
49.8009
49.8009
49.8009
49.8009
49.8009
49.8009
49.8009
49.8009
49.8009
49.8009
49.8009
49.8009
49.8009
49.8009
49.8009
49.8009
49.8009
49.8009
49.8009
49.8009
49.8009
49.8009
49.8009
49.8009
49.8009
49.8009
49.8009
49.8009
49.8009
49.8009
49.8009
49.8009
49.8009
49.8009
49.8009
49.8009
49.8009
49.8009
49.8009
49.8009
49.8009
49.8009
49.8009
49.8009
49.8009
49.8009
49.8009
49.8009
49.8009
49.8009
49.8009
49.8009
49.8009
49.8009
49.8009
49.8009
49.8009
49.8009
49.8009
49.8009
49.8009
49.8009
49.8009
49.8009
49.8009
49.8009
49.8009
49.8009
49.8009
49.8009
49.8009
49.8009
49.8009
49.8009
49.8009
49.8009
49.8009
49.8009
49.8009
49.8009
49.8009
49.8009
49.8009
49.8009
49.8009
49.8009
49.8009
49.8009
49.8009
49.8009
49.8009
49.8009
49.8009
49.8009
49.8009
49.8009
49.8009
49.8009
49.8009
49.8009
49.8009
49.8009
49.8009
49.8009
49.8009
49.8009
49.8009
49.8009
49.8009
49.8009
49.8009
49.8009
49.8009
49.8009
49.8009
49.8009
49.8009
49.8009
49.8009
49.8009
49.8009
49.8009
49.8009
49.8009
49.8009
49.8009
49.8009
49.8009
49.8009
49.8009
49.8009
49.8009
49.8009
49.8009
49.8009
49.8009
49.8009
49.8009
49.8009
49.8009
49.8009
49.8009
49.8009
49.8009
49.8009
49.8009
49.8009
49.8009
49.8009
49.8009
49.8009
49.8009
49.8009
49.8009
49.8009
49.8009
49.8009
49.8009
49.8009
49.8009
49.8009
49.8009
49.8009
49.8009
49.8009
49.8009
49.8009
49.8009
49.8009
49.8009
49.8009
49.8009
49.8009
49.8009
49.8009
49.8009
49.8009
49.8009
49.8009
49.8009
49.8009
49.8009
49.8009
49.8009
49.8009
49.8009
49.8009
49.8009
49.8009
49.8009
49.8009
49.8009
49.8009
49.8009
49.8009
49.8009
49.8009
49.8009
49.8009
49.8009
49.8009
49.8009
49.8009
49.8009
49.8009
49.8009
49.8009
49.8009
49.8009
49.8009
49.8009
49.8009
49.8009
49.8009
49.8009
49.8009
49.8009
49.8009
49.8009
49.8009
49.8009
49.8009
49.8009
49.8009
49.8009
49.8009
49.8009
49.8009
49.8009
49.8009
49.8009
49.8009
49.8009
49.8009
49.8009
49.8009
49.8009
49.8009
49.8009
49.8009
49.8009
49.8009
49.8009
49.8009
49.8009
49.8009
49.8009
49.8009
49.8009
49.8009
49.8009
49.8009
49.8009
49.8009
49.8009
49.8009
49.8009
49.8009
49.8009
49.8009
49.8009
49.8009
49.8009
49.8009
49.8009
49.8009
49.8009
49.8009
49.8009
49.8009
49.8009
49.8009
49.8009
49.8009
49.8009
49.8009
49.8009
49.8009
49.8009
49.8009
49.8009
49.8009
49.8009
49.8009
49.8009
49.8009
49.8009
49.8009
49.8009
49.8009
49.8009
49.8009
49.8009
49.8009
49.8009
49.8009
49.8009
49.8009
49.8009
49.8009
49.8009
49.8009
49.8009
49.8009
49.8009
49.8009
49.8009
49.8009
49.8009
49.8009
49.8009
49.8009
49.8009
49.8009
49.8009
49.8009
49.8009
49.8009
49.8009
49.8009
49.8009
49.8009
49.8009
49.8009
49.8009
49.8009
49.8009
49.8009
49.8009
49.8009
49.8009
49.8009
49.8009
49.8009
49.8009
49.8009
49.8009
49.8009
49.8009
49.8009
49.8009
49.8009
49.8009
49.8009
49.8009
49.8009
49.8009
49.8009
49.8009
49.8009
49.8009
49.8009
49.8009
49.8009
49.8009
49.8009
49.8009
49.8009
49.8009
49.8009
49.8009
49.8009
49.8009
49.8009
49.8009
49.8009
49.8009
49.8009
49.8009
49.8009
49.8009
49.8009
49.8009
49.8009
49.8009
49.8009
49.8009
49.8009
49.8009
49.8009
49.8009
49.8009
49.8009
49.8009
49.8009
49.8009
49.8009
49.8009
49.8009
49.8009
49.8009
49.8009
49.8009
49.8009
49.8009
49.8009
49.8009
49.8009
49.8009
49.8009
49.8009
49.8009
49.8009
49.8009
49.8009
49.8009
49.8009
49.8009
49.8009
49.8009
49.8009
49.8009
49.8009
49.8009
49.8009
49.8009
49.8009
49.8009
49.8009
49.8009
49.8009
49.8009
49.8009
49.8009
49.8009
49.8009
49.8009
49.8009
49.8009
49.8009
49.8009
49.8009
49.8009
49.8009
49.8009
49.8009
49.8009
49.8009
49.8009
49.8009
49.8009
49.8009
49.8009
49.8009
49.8009
49.8009
49.8009
49.8009
49.8009
49.8009
49.8009
49.8009
49.8009
49.7226
49.7226
49.7226
49.7226
49.7226
49.7226
49.7226
49.7226
49.7226
49.7226
49.7226
49.7226
49.7226
49.7226
49.7226
49.7226
49.7226
49.7226
49.7226
49.7226
49.7226
49.7226
49.7226
49.7226
49.7226
49.7226
49.7226
49.7226
49.7226
49.7226
49.7226
49.7226
49.7226
49.7226
49.7226
49.7226
49.7226
