138.774
127.094
122.895
120.72
120.72
117.645
114.866
111.631
109.874
103.312
102.032
101.171
93.1614
91.8816
91.1815
89.9017
89.9017
87.3286
87.3286
84.2205
83.3537
81.7472
79.31
79.31
79.31
79.31
78.0888
78.0888
78.0888
78.0888
73.7977
73.792
69.6049
68.2947
66.2862
64.976
64.976
64.976
64.976
64.976
64.976
61.3737
60.7823
60.5508
60.5508
59.2833
59.2833
54.3898
54.3898
54.3898
54.3898
54.3898
54.3898
54.3898
54.3898
54.3898
54.3898
54.3898
53.7168
53.7168
53.0794
53.0794
53.0705
53.0705
53.0705
52.3416
52.3416
52.3416
52.3416
52.3416
52.3416
52.3416
52.3416
52.3416
52.3416
52.3416
52.3416
52.3416
52.3416
52.3416
51.8125
51.8125
51.8125
51.8125
51.8125
51.8125
51.8125
51.8125
51.8125
51.8125
51.8125
51.8125
51.7353
51.7353
51.7353
51.7353
51.7353
51.7353
51.7353
51.7353
51.7353
51.7353
51.7353
51.7353
51.7353
51.7353
51.7353
51.7353
51.7353
51.7353
51.7353
51.7353
51.7353
51.7353
51.7353
51.7353
51.7353
50.2425
50.2425
50.2425
50.2425
50.2425
50.2425
50.2425
50.2425
50.2425
50.2425
50.2425
50.2425
50.0901
49.4851
49.3327
49.3327
49.3327
49.3327
49.3327
49.3327
49.3327
49.3327
49.3327
49.3327
49.3327
49.3327
49.3327
49.3327
49.3327
49.3327
49.3327
49.3327
49.3327
49.3327
49.3327
49.3327
49.3327
49.3327
49.3327
49.3327
49.3327
49.3327
49.3327
49.3327
49.3327
49.2844
49.2844
49.2844
49.2844
49.2844
49.2844
49.2844
49.2844
49.2844
49.2844
49.2844
49.2844
49.2844
49.2844
49.2844
49.2844
49.2844
49.2844
49.2844
49.2844
49.2844
49.2844
49.2844
49.2844
49.2844
49.2844
49.2844
49.2844
49.2844
49.2844
49.2844
49.2844
49.2844
49.2844
49.2844
49.2844
49.2844
49.2844
49.2844
49.0574
49.0574
49.0574
49.0574
49.0574
49.0574
49.0574
49.0574
49.0574
49.0574
49.0574
49.0574
49.0574
49.0574
49.0574
49.0574
49.0574
49.0574
49.0574
49.0574
49.0574
49.0574
49.0574
49.0574
49.0574
49.0574
49.0574
49.0574
49.0574
49.0574
49.0574
49.0574
49.0574
49.0574
49.0574
49.0574
49.0574
49.0574
49.0574
49.0574
49.0574
49.0574
49.0574
49.0574
49.0574
49.0574
49.0574
49.0574
49.0574
49.0574
49.0574
49.0574
49.0574
49.0574
49.0574
49.0574
49.0574
48.6136
48.6136
48.6136
48.6136
48.6136
48.6136
48.6136
48.6136
48.6136
48.6136
48.6136
48.6136
48.6136
48.6136
48.6136
48.6136
48.6136
48.6136
48.6136
48.6136
48.6136
48.6136
48.6136
48.6136
48.6136
48.6136
48.6136
48.6136
48.6136
48.6136
48.6136
48.6136
48.6136
48.6136
48.6136
48.6136
48.6136
48.6136
48.6136
48.6136
48.6136
48.6136
48.6136
48.6136
48.6136
48.6136
48.6136
48.6136
48.6136
48.6136
48.5653
48.5653
48.5653
48.5653
48.5653
48.5653
48.5653
48.5653
48.5653
48.5653
48.5653
48.5653
48.5653
48.5653
48.5653
48.5653
48.5653
48.5653
48.5653
48.5653
48.5653
48.5653
48.5653
48.5653
48.5653
48.5653
48.2698
48.2698
48.2698
48.2698
48.2698
48.2698
48.2698
48.2698
48.2698
48.2698
48.2698
48.2698
48.2698
48.2698
48.2698
48.2698
48.2698
48.2698
48.2698
48.2698
48.2698
48.2698
48.2698
48.2698
48.2698
48.2698
48.2698
48.2698
48.2698
48.2698
48.2698
48.2698
48.2698
48.2698
48.2698
48.2698
48.2698
48.2698
48.2698
48.2698
48.2698
48.2698
48.2698
48.2698
48.2698
48.2698
48.2698
48.2698
48.2698
48.2698
48.2698
48.2698
48.2698
48.2698
48.2698
48.2698
48.2698
48.2698
48.2698
48.2698
48.2698
48.2698
48.2698
48.2698
48.2698
48.2698
48.2698
48.2698
48.2698
48.2698
48.2698
48.2698
48.2698
48.2698
48.2698
48.2698
48.2698
48.2698
48.2698
48.2541
48.2541
48.2541
48.2541
48.2541
48.2541
48.2541
48.2541
48.2541
48.2541
48.2541
48.2541
48.2541
48.2541
48.2541
48.2541
48.2541
48.2541
48.2541
48.2541
48.2541
48.2541
48.2541
48.2541
48.2541
48.2541
48.2541
48.2541
48.2541
48.2541
48.2541
48.2541
48.2541
48.2541
48.2541
48.2541
48.2541
48.2541
48.2541
48.2541
48.2541
48.2541
48.2541
48.2541
48.2541
48.2541
48.2541
48.2541
48.2541
48.2541
48.2541
48.2541
48.2541
48.2541
48.2541
48.2541
48.2541
48.2541
48.2541
48.2541
48.2541
48.2541
48.2541
48.2541
48.2541
48.2541
48.2541
48.2541
48.2541
48.2541
48.2541
48.2541
48.2541
48.2541
48.2541
48.2541
48.2541
48.2541
48.2541
48.2541
48.2541
48.2541
48.2541
48.2541
48.2541
48.2541
48.2541
48.2541
48.2541
48.2541
48.2541
48.2541
48.2541
48.2541
48.2541
48.2541
48.2541
48.2541
48.2541
48.2541
48.2541
48.2541
48.2541
48.2541
48.2541
48.2541
48.2541
48.2541
48.2541
48.2541
48.2541
48.2541
48.2541
48.2541
48.2541
48.2541
48.2541
48.2541
48.2541
48.2541
48.2541
48.2541
48.2541
48.2541
48.2541
48.2541
48.2541
48.2541
48.2541
48.2541
48.2541
48.2541
48.2541
48.2541
48.2541
48.2541
48.2541
48.2541
48.2541
48.2541
48.2541
48.2541
48.2541
48.2541
48.2541
48.2541
48.2541
48.2541
48.2541
48.2541
48.2541
48.2541
48.2541
48.2541
48.2541
48.2541
48.2541
48.2541
48.2541
48.2541
48.2541
48.2541
48.2541
48.2541
48.2541
48.2541
48.2541
48.2541
48.2541
48.2541
48.2541
48.2541
48.2541
48.2541
48.2541
48.2541
48.2541
48.2541
48.2541
48.2541
48.2541
48.2541
48.2541
48.2541
48.2541
48.2541
48.2541
48.2541
48.2541
48.2541
48.2541
48.2541
48.2541
48.2541
48.2541
48.2541
48.2541
48.2541
48.2541
48.2541
48.2541
48.2541
48.2541
48.2541
48.2541
48.2541
48.2541
48.2541
48.2541
48.2541
48.2541
48.2541
48.2541
48.2541
48.2541
48.2541
48.2541
48.2541
48.2541
48.2541
48.2541
48.2541
48.2541
48.2541
48.2541
48.2541
48.2541
48.2541
48.2541
48.2541
48.2541
48.2541
48.2541
48.2541
48.2541
48.2541
48.2541
48.2541
48.2541
48.2541
48.2541
48.2541
48.2541
48.2541
48.2541
48.2541
48.2541
48.2541
48.2541
48.2541
48.2541
48.2541
48.2541
48.2541
48.2541
48.2541
48.2541
48.2541
48.2541
48.2541
48.2541
48.2541
48.2541
48.2541
48.2541
48.2541
48.2541
48.2541
48.2541
48.2541
48.2541
48.2541
48.2541
48.2541
48.2541
48.2541
48.2541
48.2541
48.2541
48.2541
48.2541
48.2541
48.2541
48.2541
48.2541
48.2541
48.2541
48.2541
48.2541
48.2541
48.2541
48.2541
48.2541
48.2541
48.2541
48.2541
48.2541
48.2541
48.2541
48.2541
48.2541
48.2541
48.2541
48.2541
48.2541
48.2541
48.2541
48.2541
48.2541
48.2541
48.2541
48.2541
48.2541
48.2541
48.2541
48.2541
48.2541
48.2541
48.2541
48.2541
48.2541
48.2541
48.2541
48.2541
48.2541
48.2541
48.2541
48.2541
48.2541
48.2541
48.2541
48.2541
48.2541
48.2541
48.2541
48.2541
48.2541
48.2541
48.2541
48.2541
48.2541
48.2541
48.2541
48.2541
48.2541
48.2541
48.2541
48.2541
48.2541
48.2541
48.2541
48.2541
48.2541
48.2541
48.2541
48.2541
48.2541
48.2541
48.2541
48.2541
48.2541
48.2541
48.2541
48.2541
48.2541
48.2541
48.2541
48.2541
48.2541
48.2541
48.2541
48.2541
48.2541
48.2541
48.2541
48.2541
48.2541
48.2541
48.2541
48.2541
48.2541
48.2541
48.2541
48.2541
48.2541
48.2541
48.2541
48.2541
48.2541
48.2541
48.2541
48.2541
48.2541
48.2541
48.2541
48.2541
48.2541
48.2541
48.2541
48.2541
48.2541
48.2541
48.2541
48.2541
48.2541
48.2541
48.2541
48.2541
48.2541
48.2541
48.2541
48.2541
48.2541
48.2541
48.2541
48.2541
48.2541
48.2541
48.2541
48.2541
48.2541
48.2541
48.2541
48.2541
48.2541
48.2541
48.2541
48.2541
48.2541
48.2541
48.2541
48.2541
48.2541
48.2541
48.2541
48.2541
48.2541
48.2541
48.2541
48.2541
48.2541
48.2541
48.2541
48.2541
48.2541
48.2541
48.2541
48.2541
48.2541
48.2541
48.2541
48.2541
48.2541
48.2541
48.2541
48.2541
48.2541
48.2541
48.2541
48.2541
48.2541
48.2541
48.2541
48.2541
48.2541
48.2541
48.2541
48.2541
48.2541
48.2541
48.2541
48.2541
48.2541
48.2541
48.2541
48.2541
48.2541
48.2541
48.2541
48.2541
48.2541
48.2541
48.2541
48.2541
48.2541
48.2541
48.2541
48.2541
48.2541
48.2541
48.2541
48.2541
48.2541
48.2541
48.2541
48.2541
48.2541
48.2541
48.2541
48.2541
48.2541
48.2541
48.2541
48.2541
48.2541
48.2541
48.2541
48.2541
48.2541
48.2541
48.2541
48.2541
48.2541
48.2541
48.2541
48.2541
48.2541
48.2541
48.2541
48.2541
48.2541
48.2541
48.2541
48.2541
48.2541
48.2541
48.2541
48.2541
48.2541
48.2541
48.2541
48.2541
48.2541
48.2541
48.2541
48.2541
48.2541
48.2541
48.2541
48.2541
48.2541
48.2541
48.2541
48.2541
48.2541
48.2541
48.2541
48.2541
48.2541
48.2541
48.2541
48.2541
48.2541
48.2541
48.2541
48.2541
48.2541
48.2541
48.2541
48.2541
48.2541
48.2541
48.2541
48.2541
48.2541
48.2541
48.2541
48.2541
48.2541
48.2541
48.2541
48.2541
48.2541
48.2541
48.2541
48.2541
48.2541
48.2541
48.2541
48.2541
48.2541
48.2541
48.2541
48.2541
48.2541
48.2541
48.2541
