142.143
136.465
130.431
128.602
123.291
122.129
121.662
120.972
116.934
115.11
111.652
109.606
99.5085
94.147
94.147
94.1269
94.1269
90.7429
89.7814
89.7814
89.7814
88.8708
88.8708
88.8708
88.8708
87.5
87.5
87.4828
82.7084
82.7084
82.7084
82.0729
82.0729
82.0729
82.0729
82.0729
79.7282
78.8752
78.8752
76.6873
76.6873
76.6873
74.4591
74.4591
74.4591
74.4591
73.2818
73.2818
73.2818
73.2818
73.2818
71.8643
71.8643
71.8643
71.8643
71.8643
71.8643
71.8643
71.42
71.42
71.42
71.2848
71.2848
70.0143
70.0143
70.0143
70.0143
70.0143
70.0143
70.0143
70.0143
70.0143
70.0143
70.0143
68.9416
68.9416
68.9416
68.9416
68.4896
68.4896
68.4896
68.0866
68.0866
68.0866
67.3646
65.7631
65.7631
65.7631
64.7
64.7
64.1942
63.2192
63.2192
62.7134
62.7134
62.7134
62.7134
62.7134
60.8855
60.8855
60.8311
60.8311
60.8311
60.8311
60.8311
60.8311
60.6488
60.6488
60.6488
60.6488
60.6488
60.6488
60.4843
60.4843
60.4843
60.4843
60.4843
60.4843
60.4843
60.4843
60.4843
60.4843
60.4843
60.1776
60.1776
60.0731
60.0731
60.0731
57.2453
57.2453
57.2453
57.2453
54.996
54.2965
54.2965
54.2579
54.2579
54.2579
54.2579
54.2579
54.2579
54.2579
54.0309
54.0309
54.0309
54.0309
54.0309
54.0309
54.0309
54.0309
54.0309
54.0309
54.0309
54.0309
54.0309
54.0309
54.0309
54.0309
54.0309
54.0309
54.0309
52.6888
52.6888
52.6888
51.2411
51.2411
51.2411
51.2411
51.2411
51.2411
51.2411
51.2411
51.2411
48.8228
48.8228
48.8228
48.8228
48.8228
48.8228
48.8228
48.8228
48.8228
48.8228
48.8228
48.8228
48.8228
48.8228
48.8228
48.8228
48.8228
48.8228
48.8228
48.8228
48.8228
48.8228
48.8228
48.8228
48.8228
48.8228
48.8228
48.8228
48.8228
48.8228
48.8228
48.8228
48.8228
48.8228
48.8228
48.8228
48.8228
48.8228
48.8228
48.8228
48.8228
48.8228
48.8228
48.8228
48.8228
48.8228
48.8228
48.8228
48.8228
48.8228
48.8228
48.8228
48.8228
48.8228
48.8228
48.8228
48.8228
48.8228
48.8228
48.8228
48.8228
48.8228
48.8228
48.8228
48.8228
48.8228
48.8228
48.8228
48.8228
48.8228
48.8228
48.8228
48.8228
48.8228
48.8228
48.8228
48.8228
48.8228
48.8228
48.8228
48.8228
48.8228
48.8228
48.8228
48.8228
48.8228
48.8228
48.8228
48.8228
48.8228
48.8228
48.8228
48.8228
48.8228
48.8228
48.8228
48.8228
48.8228
48.8228
48.7745
48.7745
48.7745
48.7745
48.7745
48.7745
48.7745
48.7745
48.7745
48.7745
48.7745
48.7745
48.7745
48.7745
48.7745
48.7745
48.7745
48.7745
48.7745
48.7745
48.7745
48.7745
48.7745
48.7745
48.7745
48.7745
48.7745
48.7745
48.7745
48.7745
48.7745
48.7745
48.7745
48.7745
48.7745
48.7745
48.7745
48.7745
48.7745
48.7745
48.7745
48.7745
48.7745
48.7745
48.7745
48.7745
48.7745
48.7745
48.7745
48.7745
48.7745
48.7745
48.7745
48.7745
48.7745
48.7745
48.7745
48.7745
48.7745
48.7745
48.7745
48.7745
48.7745
48.7745
48.7745
48.7745
48.7745
48.7745
48.7745
48.7745
48.7745
48.7745
48.7745
48.7745
48.7745
48.7745
48.7745
48.7745
48.7745
48.7745
48.7745
48.7745
48.7745
48.7745
48.7745
48.7745
48.7745
48.7745
48.7745
48.7745
48.7745
48.7745
48.7745
48.7745
48.7745
48.7745
48.7745
48.7745
48.7745
48.7745
48.7745
48.7745
48.7745
48.7745
48.7745
48.7745
48.7745
48.7745
48.7745
48.7745
48.7745
48.7745
48.7745
48.7745
48.7745
48.7745
48.7745
48.7745
48.7745
48.7745
48.7745
48.7745
48.7745
48.7745
48.7745
48.7745
48.7745
48.7745
48.7745
48.7745
48.7745
48.7745
48.7745
48.7745
48.7745
48.7745
48.7745
48.7745
48.7745
48.7745
48.7745
48.7745
48.7745
48.7745
48.7745
48.7745
48.7745
48.7745
48.7745
48.7745
48.7745
48.7745
48.7745
48.7745
48.7745
48.7745
48.7745
48.7745
48.7745
48.7745
48.7745
48.7745
48.7745
48.7745
48.7745
48.7745
48.7745
48.7745
48.7745
48.7745
48.7745
48.7745
48.7745
48.7745
48.7745
48.7745
48.7745
48.7745
48.7745
48.7745
48.7745
48.7745
48.7745
48.7745
48.7745
48.7745
48.7745
48.7745
48.7745
48.7745
48.7745
48.7745
48.7745
48.7745
48.7745
48.7745
48.7745
48.7745
48.7745
48.7745
48.7745
48.7745
48.7745
48.7745
48.7745
48.7745
48.7745
48.7745
48.7745
48.7745
48.7745
48.7745
48.7745
48.7745
48.7745
48.7745
48.7745
48.7745
48.7745
48.7745
48.7745
48.7745
48.7745
48.7745
48.7745
48.7745
48.7745
48.7745
48.7745
48.7745
48.7745
48.7745
48.7745
48.7745
48.7745
48.7745
48.7745
48.7745
48.7745
48.7745
48.7745
48.7745
48.7745
48.7745
48.7745
48.7745
48.7745
48.7745
48.7745
48.7745
48.7745
48.7745
48.7745
48.7745
48.7745
48.7745
48.7745
48.7745
48.7745
48.7745
48.7745
48.7745
48.7745
48.7745
48.7745
48.7745
48.7745
48.7745
48.7745
48.7745
48.7745
48.7745
48.7745
48.7745
48.7745
48.7745
48.7745
48.7745
48.7745
48.7745
48.7745
48.7745
48.7745
48.7745
48.7745
48.7745
48.7745
48.7745
48.7745
48.7745
48.7745
48.7745
48.7745
48.7745
48.7745
48.7745
48.7745
48.7745
48.7745
48.7745
48.7745
48.7745
48.7745
48.7745
48.7745
48.7745
48.7745
48.7745
48.7745
48.7745
48.7745
48.7745
48.7745
48.7745
48.7745
48.7745
48.7745
48.7745
48.7745
48.7745
48.7745
48.7745
48.7745
48.7745
48.7745
48.7745
48.7745
48.7745
48.7745
48.7745
48.7745
48.7745
48.7745
48.7745
48.7745
48.7745
48.7745
48.7745
48.7745
48.7745
48.7745
48.7745
48.7745
48.7745
48.7745
48.7745
48.7745
48.7745
48.7745
48.7745
48.7745
48.7745
48.7745
48.7745
48.7745
48.7745
48.7745
48.7745
48.7745
48.7745
48.7745
48.7745
48.7745
48.7745
48.7745
48.7745
48.7745
48.7745
48.7745
48.7745
48.7745
48.7745
48.7745
48.7745
48.7745
48.7745
48.7745
48.7745
48.7745
48.7745
48.7745
48.7745
48.7745
48.7745
48.7745
48.7745
48.7745
48.7745
48.7745
48.7745
48.7745
48.7745
48.7745
48.7745
48.7745
48.7745
48.7745
48.7745
48.7745
48.7745
48.7745
48.7745
48.7745
48.7745
48.7745
48.7745
48.7745
48.7745
48.7745
48.7745
48.7745
48.7745
48.7745
48.7745
48.7745
48.7745
48.7745
48.7745
48.7745
48.7745
48.7745
48.7745
48.7745
48.7745
48.7745
48.7745
48.7745
48.7745
48.7745
48.7745
48.7745
48.7745
48.7745
48.7745
48.7745
48.7745
48.7745
48.7745
48.7745
48.7745
48.7745
48.7745
48.7745
48.7745
48.7745
48.7745
48.7745
48.7745
48.7745
48.7745
48.7745
48.7745
48.7745
48.7745
48.7745
48.7745
48.7745
48.7745
48.7745
48.7745
48.7745
48.7745
48.7745
48.7745
48.7745
48.7745
48.7745
48.7745
48.7745
48.7745
48.7745
48.7745
48.7745
48.7745
48.7745
48.7745
48.7745
48.7745
48.7745
48.7745
48.7745
48.7745
48.7745
48.7745
48.7745
48.7745
48.7745
48.7745
48.7745
48.7745
48.7745
48.7745
48.7745
48.7745
48.7745
48.7745
48.7745
48.7745
48.7745
48.7745
48.7745
48.7745
48.7745
48.7745
48.7745
48.7745
48.7745
48.7745
48.7745
48.7745
48.7745
48.7745
48.7745
48.7745
48.7745
48.7745
48.7745
48.7745
48.7745
48.7745
48.7745
48.7745
48.7745
48.7745
48.7745
48.7745
48.7745
48.7745
48.7745
48.7745
48.7745
48.7745
48.7745
48.7745
48.7745
48.7745
48.7745
48.7745
48.7745
48.7745
48.7745
48.7745
48.7745
48.7745
48.7745
48.7745
48.7745
48.7745
48.7745
48.7745
48.7745
48.7745
48.7745
48.7745
48.7745
48.7745
48.7745
48.7745
48.7745
48.7745
48.7745
48.7745
48.7745
48.7745
48.7745
48.7745
48.7745
48.7745
48.7745
48.7745
48.7028
48.7028
48.7028
48.7028
48.7028
48.7028
48.7028
48.7028
48.7028
48.7028
48.7028
48.7028
48.7028
48.7028
48.7028
48.7028
48.7028
48.7028
48.7028
48.7028
48.7028
48.7028
48.7028
48.7028
48.7028
48.7028
48.7028
48.7028
48.7028
48.7028
48.7028
48.7028
48.7028
48.7028
48.7028
48.7028
48.7028
48.7028
48.7028
48.7028
48.7028
48.7028
48.7028
48.7028
48.7028
48.7028
48.7028
48.7028
48.7028
48.7028
48.7028
48.7028
48.7028
48.7028
48.7028
48.7028
48.7028
48.7028
48.7028
48.7028
48.7028
48.7028
48.7028
48.7028
48.7028
48.7028
48.7028
48.7028
48.7028
48.7028
48.7028
48.7028
48.7028
48.7028
48.7028
48.7028
48.7028
48.7028
48.7028
48.7028
48.7028
48.7028
48.7028
48.7028
48.7028
48.7028
48.7028
48.7028
48.7028
48.7028
48.7028
48.7028
48.7028
48.7028
48.7028
48.7028
48.7028
48.7028
48.7028
48.7028
48.7028
48.7028
48.7028
48.7028
48.7028
48.7028
48.7028
48.7028
48.7028
48.7028
48.7028
48.7028
48.7028
48.7028
48.7028
48.7028
48.7028
48.7028
48.7028
48.7028
48.7028
48.7028
48.7028
48.7028
48.7028
48.7028
48.7028
48.7028
48.7028
48.7028
48.7028
48.7028
48.7028
48.7028
48.7028
48.7028
48.7028
48.7028
48.7028
48.7028
48.7028
48.7028
48.7028
48.7028
48.7028
48.7028
48.7028
48.7028
48.7028
48.7028
48.7028
48.7028
48.7028
48.7028
48.7028
48.7028
48.7028
48.7028
