144.183
127.507
127.507
126.549
125.024
122.632
121.665
116.715
114.337
110.403
108.584
105.801
102.827
97.5468
94.8368
94.8368
91.1944
91.1944
89.8231
89.8231
79.8237
79.8237
79.8237
79.8237
79.8237
76.4326
76.1147
76.1147
74.8267
74.8267
71.008
71.008
71.008
71.008
71.008
71.008
67.309
67.309
65.7834
65.7834
65.7834
65.6588
65.6588
65.4654
64.677
64.677
64.677
64.677
64.677
64.677
64.677
64.677
64.677
60.3392
60.3392
60.3392
59.0305
58.7534
58.7534
58.7534
58.7534
58.7534
58.7534
58.392
58.392
58.3118
57.957
57.647
57.647
57.647
56.4539
56.4539
56.1615
56.1615
56.1526
56.1526
56.1526
56.1526
56.1526
56.1526
56.1526
56.1526
56.1526
56.1526
56.1526
56.1526
56.1526
56.1526
56.1526
56.1526
56.1526
56.1526
56.1526
56.1526
56.1526
56.1526
56.1526
55.2682
55.2682
55.2682
55.2682
55.2682
55.2682
55.2682
55.2682
55.2682
55.2682
55.2682
55.2682
55.2682
55.2682
55.2682
55.2682
55.2682
55.2682
55.2682
55.2682
55.2682
55.0585
55.0585
55.0585
54.6573
54.6573
54.6573
54.6573
54.6573
54.6573
54.6573
54.6573
54.6573
54.6573
54.6573
54.6573
54.6573
54.6573
54.6573
54.6573
54.6573
54.6573
54.6573
54.6573
54.6573
54.6573
54.6573
54.6573
54.5422
54.5422
54.5422
54.4599
54.4599
54.4599
54.4599
54.4599
54.4599
54.4599
54.4599
54.4599
54.4599
54.4599
54.4599
54.4599
54.4599
54.4599
54.4599
54.4599
54.4599
54.4599
54.4599
54.4599
54.4599
54.4599
54.4599
54.4599
54.4599
54.4599
54.4599
54.4599
54.4599
54.4599
54.4599
54.4599
54.4599
54.4599
54.4599
54.4599
54.4599
54.4599
53.7685
53.7685
53.7685
53.7685
53.7685
53.7685
53.7685
53.7685
53.7685
53.7685
53.7685
53.7685
53.7685
53.7685
53.7685
53.7685
53.7685
53.7685
53.7685
53.7685
53.7685
53.7685
53.7685
53.7685
53.7685
53.7685
53.7685
53.7685
53.7685
53.7685
53.7685
52.9654
52.9654
52.9654
52.9654
52.9654
52.9654
52.9654
52.9654
52.9654
52.9654
52.9654
52.9654
52.9654
52.9654
52.9654
52.9654
52.9654
52.9654
52.9654
52.9654
52.9654
52.9654
52.9654
52.9654
52.9654
52.9654
52.9654
52.9654
52.9654
52.9654
52.9654
52.9654
52.9654
52.9654
52.9654
52.9654
52.9654
52.9654
52.9654
52.9654
52.9654
52.9654
52.9654
52.9654
52.9654
52.9654
52.9654
52.9654
52.9654
52.9654
52.9654
52.9654
52.9654
52.9654
52.9654
52.9654
52.9654
52.9654
52.9654
52.9654
52.9654
52.9654
52.9654
52.9654
52.9654
52.9654
52.9654
52.9654
52.9654
52.9654
52.9654
52.9654
52.9654
52.9654
52.9654
52.9654
52.9654
52.9654
52.9654
52.9654
52.9654
52.9654
52.9654
52.9654
52.9654
52.9654
52.9654
52.9654
52.9654
52.9654
52.9654
52.4135
51.2494
50.6974
50.6974
50.6974
50.6974
50.6974
50.6974
50.6974
50.6974
50.6974
50.6974
50.6974
50.6974
50.6974
50.6974
50.6974
50.6974
50.6974
50.6974
50.6974
50.6974
50.6974
50.6974
50.6974
50.5451
50.5364
50.5364
50.5364
50.5364
50.5364
50.5364
50.5364
50.5364
50.5364
50.5364
50.5364
50.5364
50.5364
50.5364
50.5364
50.5364
50.5364
50.5364
50.5364
50.5364
50.5364
50.5364
50.5364
50.5364
50.5364
50.5364
50.5364
50.5364
50.5364
49.6403
49.1462
48.9802
48.9802
48.9802
48.9802
48.9802
48.9802
48.9802
48.9802
48.9802
48.9802
48.9802
48.9802
48.9802
48.9802
48.9802
48.9802
48.9802
48.9802
48.9802
48.9802
48.9802
48.9802
48.9802
48.9802
48.9802
48.9802
48.9802
48.9802
48.9802
48.9802
48.9802
48.9802
48.9802
48.9802
48.9802
48.9802
48.9802
48.9802
48.9802
48.9802
48.9802
48.9802
48.9802
48.9802
48.9802
48.9802
48.9802
48.9802
48.9802
48.9802
48.9802
48.9802
48.9802
48.9802
48.9802
48.9802
48.9802
48.9802
48.9802
48.9802
48.9802
48.9802
48.9802
48.9802
48.9802
48.9802
48.9802
48.9802
48.9802
48.9802
48.9802
48.9802
48.8115
48.8115
48.8115
48.8115
48.8115
48.8115
48.8115
48.8115
48.8115
48.8115
48.8115
48.8115
48.8115
48.8115
48.8115
48.8115
48.8115
48.8115
48.8115
48.8115
48.8115
48.8115
48.8115
48.8115
48.8115
48.8115
48.8115
48.8115
48.8115
48.8115
48.8115
48.8115
48.8115
48.8115
48.8115
48.8115
48.8115
48.8115
48.8115
48.8115
48.8115
48.8115
48.8115
48.8115
48.8115
48.8115
48.8115
48.8115
48.8115
48.8115
48.8115
48.8115
48.8115
48.8115
48.8115
48.8115
48.8115
48.8115
48.8115
48.707
48.707
48.707
48.707
48.707
48.707
48.707
48.707
48.707
48.707
48.707
48.707
48.707
48.707
48.707
48.707
48.707
48.707
48.707
47.6499
47.6499
47.6499
47.6499
47.6499
47.6499
47.6499
47.6499
47.6499
47.6499
47.6499
47.6499
47.6499
47.6499
47.6499
47.6499
47.6499
47.6499
47.6499
47.6499
47.6499
47.6499
47.6499
47.6499
47.6499
47.6499
47.6499
47.6499
47.6499
47.6499
47.6499
47.6499
47.6499
47.6499
47.6499
47.6499
47.6499
47.6499
47.6499
47.6499
47.6499
47.6499
47.6499
47.6499
47.6499
47.6499
47.6499
47.6499
47.6499
47.6499
47.6499
47.6499
47.6499
47.6499
47.6499
47.6499
47.6499
47.6499
47.6499
47.6499
47.6499
47.6499
47.6499
47.6499
47.6499
47.6499
47.6499
47.6499
47.6499
47.6499
47.6499
47.6499
47.6499
47.6499
47.6499
47.6499
47.6499
47.6499
47.6499
47.6499
47.6499
47.6499
47.6499
47.6499
47.6499
47.6499
47.6499
47.6499
47.6499
47.6499
47.6499
47.6499
47.6499
47.6499
47.6499
47.6499
47.6499
47.6499
47.6499
47.6499
47.6499
47.6499
47.6499
47.6499
47.6499
47.6499
47.6499
47.6499
47.6499
47.6499
47.6499
47.6499
47.6499
47.6499
47.6499
47.6499
47.6499
47.6499
47.6499
47.6499
47.6499
47.6499
47.6499
47.6499
47.6499
47.6499
47.6499
47.6499
47.6499
47.6499
47.6499
47.6499
47.6499
47.6499
47.6499
47.6499
47.6499
47.6499
47.6499
47.6499
47.6499
47.6499
47.6499
47.6499
47.6499
47.6499
47.6499
47.6499
47.6499
47.6499
47.6499
47.6499
47.6499
47.6499
47.6499
47.6499
47.6499
47.6499
47.6499
47.6499
47.6499
47.6499
47.6499
47.6499
47.6499
47.6499
47.6499
47.6499
46.4489
46.3666
46.3666
46.3666
46.3666
46.3666
46.3666
46.3666
46.3666
46.3666
46.3666
46.3666
46.3666
46.3666
46.3666
46.3666
46.3666
46.3666
46.3666
46.3666
46.3666
46.3666
46.3666
46.3666
46.3666
46.3666
46.3666
46.3666
46.3666
46.3666
46.3666
46.3666
46.3666
46.3666
46.3666
46.3666
46.3666
46.3666
46.3666
46.3666
46.3666
46.3666
46.3666
46.3666
46.3666
46.3666
46.3666
46.3666
46.3666
46.3666
46.3666
46.3666
46.3666
46.3666
46.3666
46.3666
46.3666
46.3666
46.3666
46.3666
46.3666
46.3666
46.3666
46.3666
46.3666
46.3666
46.3666
46.3666
46.3666
46.3666
46.3666
46.3666
46.3666
46.3666
46.3666
46.3666
46.3666
46.3666
46.3666
46.3666
46.3666
46.3666
46.3666
46.3666
46.3666
46.3666
46.3666
46.3666
46.3666
46.3666
46.3666
46.3666
46.3666
46.3666
46.3666
46.3666
46.3666
46.3666
46.3666
46.3666
46.3666
46.3666
46.3666
46.3666
46.3666
46.3666
46.3666
46.3666
46.3666
46.3666
46.3666
46.3666
46.3666
46.3666
46.3666
46.3666
46.3666
46.3666
46.3666
46.3666
46.3666
46.3666
46.3666
46.3666
46.3666
46.3666
46.3666
46.3666
46.3666
46.3666
46.3666
46.3666
46.3666
46.3666
46.3666
46.3666
46.3666
46.3666
46.3666
46.3666
46.3666
46.3666
46.3666
46.3666
46.3666
46.3666
46.3666
46.3666
46.3666
46.3666
46.3666
46.3666
46.3666
46.3666
46.3666
46.3666
46.3666
46.3666
46.3666
46.3666
46.3666
46.3666
46.3666
46.3666
46.3666
46.3666
46.3666
46.3666
46.3666
46.3666
46.3666
46.3666
46.3666
46.3666
46.3666
46.3666
46.3666
46.3666
46.3666
46.3666
46.3666
46.3666
46.3666
46.3666
46.3666
46.3666
46.3666
46.3666
46.3666
46.3666
46.3666
46.3666
46.3666
46.3666
46.3666
46.3666
46.3666
46.3666
46.3666
46.3666
46.3666
46.3666
46.3666
46.3666
46.3666
46.3666
46.3666
46.3666
46.3666
46.3666
46.3666
46.3666
46.3666
46.3666
46.3666
46.3666
46.3666
46.3666
46.3666
46.3666
46.3666
46.3666
46.3666
46.3666
46.3666
46.3666
46.3666
46.3666
46.3666
46.3666
46.3666
46.3666
46.3666
46.3666
46.3666
46.3666
46.3666
46.3666
46.3666
46.3666
46.3666
46.3666
46.3666
46.3666
46.3666
46.3666
46.3666
46.3666
46.3666
46.3666
46.3666
46.3666
46.3666
46.3666
46.3666
46.3666
46.3666
46.3666
46.3666
46.3666
46.3666
46.3666
46.3666
46.3666
46.3666
46.3666
46.3666
46.3666
46.3666
46.3666
46.3666
46.3666
46.3666
46.3666
46.3666
46.3666
46.3666
46.3666
46.3666
46.3666
46.3666
46.3666
46.3666
46.3666
46.3666
46.3666
46.3666
46.3666
46.3666
46.3666
46.3666
46.3666
46.3666
46.3666
46.3666
46.3666
46.3666
46.3666
46.3666
46.3666
46.3666
46.3666
46.3666
46.3666
46.3666
46.3666
46.3666
46.3666
46.3666
46.3666
46.3666
46.3666
46.3666
46.3666
46.3666
46.3666
