163.438
158.222
150.67
143.291
136.155
132.797
131.253
129.54
125.987
123.255
121.244
119.433
118.368
114.5
110.517
104.774
99.6759
97.5546
96.848
97.3846
98.009
95.8802
95.679
95.0376
92.5518
93.214
93.2575
92.6765
90.1948
89.0538
86.7395
86.1907
88.6146
88.5873
87.966
87.5684
86.5546
85.3585
84.4099
85.252
84.2894
81.8367
81.0589
80.9626
81.3154
79.7254
80.3005
78.8365
77.4999
77.6951
78.1647
77.7602
76.8573
78.1052
77.5157
77.5894
77.3925
75.942
76.6739
76.3096
76.3787
77.6958
76.2109
74.5408
75.1371
77.0922
75.7497
74.781
73.3725
73.9826
73.3204
73.8511
76.8318
75.2681
75.8832
75.1399
76.2108
74.6962
73.9494
72.69
73.1191
73.5641
74.3269
72.9884
71.3314
72.1606
71.5813
71.8274
71.0302
70.1895
69.3775
69.1373
67.5269
66.8564
65.4084
66.7375
66.1673
66.0248
68.564
68.5235
67.091
65.3882
66.8795
67.2552
64.1847
63.7056
64.2548
66.5665
66.5597
67.6487
66.235
64.175
64.1174
63.1612
66.6966
66.1763
66.7079
65.711
64.7161
63.4026
64.2551
64.6995
64.6733
65.6006
64.5734
65.6662
66.2375
67.6663
65.2689
62.8671
63.0918
63.9118
61.3174
64.3449
62.0224
61.2689
59.2132
59.736
60.5161
60.2661
59.2641
57.152
58.7674
58.0208
58.5511
58.3624
56.2089
58.2144
58.5328
56.8865
58.2794
59.2237
57.283
57.6578
58.2603
59.7633
60.0491
60.0094
58.9216
58.7642
58.1656
58.952
58.5959
59.4069
57.8649
55.8214
57.0549
56.5546
55.8833
56.1926
56.4794
56.8287
57.3072
54.3863
56.0129
54.2894
54.908
54.465
52.9417
53.0258
53.585
53.3697
51.0842
51.2703
51.8325
53.7294
56.0366
53.9588
55.1343
52.9994
54.0716
54.2113
53.9843
54.2217
53.0844
53.476
54.3099
54.7045
56.9079
55.3207
55.4814
55.0412
53.8063
53.0559
53.6803
51.9928
51.554
51.2429
52.8888
53.5717
53.3842
52.6767
55.6119
53.8906
56.1793
54.7441
53.708
53.1347
53.2297
52.8973
53.2539
54.2447
56.2314
55.3204
55.7952
56.2913
53.0877
53.6554
52.9211
52.9629
52.3753
53.0897
53.1721
52.6355
53.2759
53.6684
53.9557
53.1374
54.9634
56.2477
55.4502
54.3047
54.7284
55.3726
53.2893
53.2067
52.6889
54.2877
55.5209
55.4494
55.8232
52.7375
53.6595
54.2678
54.9888
55.2076
53.6654
55.7021
54.3118
55.9777
55.4375
56.3856
53.4731
53.4602
54.011
54.5696
53.0825
53.8091
51.2062
52.6117
54.1995
54.9861
55.3212
52.0721
53.876
53.311
53.9541
55.0739
53.6894
54.6891
53.5788
53.6256
52.6429
51.3585
52.404
52.3355
53.8741
53.8335
54.1699
52.6428
51.1702
53.3565
53.2109
52.7872
52.9371
52.9123
55.3891
54.5372
54.5716
54.3358
54.3346
54.4567
52.0401
53.6381
53.5706
54.1283
53.7452
54.756
53.5616
54.025
53.6817
55.8378
55.0727
53.5501
52.2604
51.0042
53.6744
52.9828
55.5851
56.0701
53.7617
55.5203
56.9978
54.9408
55.1826
54.2249
52.47
51.4766
51.9788
51.5413
51.4877
53.2746
52.5761
53.8833
52.6846
52.7503
55.8529
55.1408
54.4206
54.9198
55.6954
54.7337
54.1697
52.6606
54.2705
53.0649
54.0692
53.7809
54.3336
55.2055
53.118
53.4691
55.3884
54.957
52.6458
54.4363
54.2088
55.2059
55.6602
54.569
52.302
53.6615
54.3104
54.5409
54.0572
53.7524
54.3156
53.707
54.0773
53.2665
53.1207
53.2149
53.8079
52.8122
52.5134
52.8535
52.8128
54.3712
54.4907
54.4251
53.7364
54.1698
52.9774
53.338
54.491
52.8697
53.3766
53.1519
52.7564
52.2432
52.4481
50.7107
52.6888
53.6998
52.5125
52.5026
54.3921
53.0838
51.6237
54.2002
53.0086
53.0871
52.4359
54.2986
54.1215
53.1653
52.9014
53.9924
55.085
52.825
54.1219
53.6914
54.4935
56.3537
53.9518
51.4477
53.1914
53.1344
52.5935
51.9836
52.8686
54.5368
55.1111
54.4723
52.8127
52.9532
52.1331
53.9156
53.0803
52.8101
54.1572
52.6932
54.6897
53.5171
52.5864
53.6503
54.383
51.6522
52.6198
53.4078
52.4618
54.8257
55.3588
54.6491
55.4794
53.8012
53.378
54.6054
54.1939
53.46
54.4638
54.5526
54.5574
54.2801
55.4718
54.0483
53.1512
55.4769
54.0125
54.0315
54.2086
54.7681
55.1266
55.0777
55.5457
56.055
53.8413
54.1293
54.9571
54.8853
52.5768
53.6072
52.434
54.3152
53.1281
52.7548
53.1923
53.5796
52.4227
53.9027
53.7034
53.4766
53.0383
52.4574
53.6034
53.8647
54.1833
55.6088
54.3246
53.13
54.3047
53.9794
52.1856
52.5935
54.1726
54.1497
53.5352
53.2249
51.9953
52.1154
51.4435
52.6613
52.8081
53.7798
53.3458
52.6104
53.2219
51.6274
53.3527
53.532
53.7442
54.4887
54.3017
54.5084
54.7241
55.3083
53.9049
54.723
54.0274
53.9123
56.8321
54.2966
54.0168
54.7116
53.6759
54.6468
54.1934
54.8851
54.2435
54.6675
53.0724
52.0348
54.7785
52.5142
53.8527
52.813
53.977
55.5255
53.0706
55.0127
53.1006
52.7642
55.0681
52.8298
52.4455
53.7814
53.6263
53.5345
53.8919
54.6355
53.8155
52.8933
52.1237
55.6059
55.8018
54.2104
54.5433
53.2373
53.2729
53.266
53.401
54.1724
53.5038
52.1244
52.8008
52.8777
53.5203
53.382
53.1869
54.4659
54.779
53.7218
52.0752
53.0744
54.2412
53.4145
52.835
53.602
52.8374
52.4875
51.3242
52.4476
52.247
55.1675
54.7172
56.322
55.0087
54.4287
55.909
53.8737
53.2293
52.9129
52.7482
53.9876
52.7936
53.6414
54.0186
53.1749
53.08
54.1237
53.4212
53.4233
53.4926
52.7343
51.7957
53.397
52.406
53.2988
55.6426
54.5958
54.2057
53.7671
53.2994
53.2036
54.7177
54.1579
54.0273
52.9412
52.909
54.5267
54.3075
53.6078
55.1504
55.3241
54.6673
55.2217
54.1002
54.439
53.6598
53.7222
53.7034
53.8597
54.3746
55.5426
56.7187
55.1097
56.4851
52.7078
52.6851
53.1445
54.3455
52.7337
54.1129
55.0354
54.2325
54.2668
53.1093
54.4881
53.02
55.4964
53.7693
53.2957
54.1395
52.7413
52.9385
53.4723
55.8146
53.4778
53.5967
54.0065
53.707
54.4908
53.5064
55.9813
53.6526
55.2754
53.8594
53.0175
52.7802
53.9341
53.8977
54.0316
51.8552
53.0756
53.638
54.21
53.7003
55.368
53.0448
53.3586
54.0325
55.1732
55.4638
56.0203
54.7604
55.087
55.2252
54.1714
53.0159
53.9636
55.053
55.3142
57.1374
54.7019
52.489
52.4191
53.7697
53.1793
53.6062
55.3275
54.337
53.9503
53.7968
54.0765
54.0817
54.3734
52.8343
52.0192
51.769
52.5914
52.362
54.9253
54.2597
54.5261
53.7939
53.0122
54.9437
57.0524
54.6296
55.1078
55.3641
53.3464
52.7159
53.3558
52.9608
53.7499
53.3177
54.8397
54.4046
54.1263
53.0719
54.0216
54.1227
55.5025
54.7491
52.9117
52.8872
54.3329
53.9785
53.5849
53.2734
54.877
54.622
53.8224
52.9276
52.5199
53.917
54.5097
54.7794
53.0904
54.2698
53.6552
52.0308
54.3092
52.7599
53.7643
53.7296
53.5808
54.0357
54.0661
55.6379
55.4712
53.608
54.429
54.7884
51.1861
52.3584
52.0475
52.7717
53.2222
53.2802
54.2284
54.9185
54.6283
55.9608
53.6108
55.3392
53.8541
55.1797
53.4261
53.9478
52.6735
54.4072
56.6041
54.8285
55.56
54.5527
53.903
53.3408
54.7685
52.8785
53.605
51.3549
51.7032
53.3436
54.2591
53.0791
51.5905
52.4515
53.1511
53.3935
54.8281
56.213
53.1975
54.0169
53.3952
54.5121
55.3575
56.4579
54.7113
52.1552
55.5159
55.3868
53.7684
52.9335
53.3909
52.9394
53.2705
53.9519
55.0394
56.2075
56.9768
55.6465
52.9184
53.4123
54.0462
51.5183
54.5569
55.2244
55.8358
55.8534
53.0955
54.1201
52.8813
52.7758
55.4254
55.5968
54.4349
55.5667
53.4875
52.8108
54.8941
54.7941
53.5424
52.3468
53.2182
55.8913
52.6604
54.3531
54.0955
53.4588
54.8458
54.9739
54.6206
53.0216
55.1439
54.9695
56.4591
55.8529
56.8983
55.321
54.647
52.7503
53.0605
52.7559
52.6605
51.3108
51.3727
52.3606
52.6859
54.2455
53.5091
53.0505
52.2437
53.4195
57.3933
55.1441
54.0909
54.4563
53.6173
55.7478
54.4404
52.7529
52.8028
53.6423
52.9639
52.7629
51.4085
53.8439
53.9443
53.4233
53.6456
52.6741
53.1799
52.9888
52.9938
52.8659
53.6451
54.6406
53.5362
53.7325
53.4769
51.2578
52.7104
51.989
53.9051
53.6336
56.1396
54.0895
54.2329
53.5115
54.7637
54.3243
54.6011
55.0784
55.1614
53.2511
54.1978
53.1826
53.6151
53.0782
53.5245
54.4132
53.8146
53.1011
54.5357
54.1928
54.1618
54.3419
53.374
54.5495
55.0762
54.0507
52.9163
54.0487
53.3502
52.6257
54.3949
54.3335
55.4067
55.178
54.3109
52.8782
52.6086
53.5526
53.7753
53.6294
51.7558
52.7649
51.4286
52.5032
54.3154
53.5407
51.578
53.1676
53.0095
52.1267
51.8949
53.463
54.7606
55.7396
54.7274
53.8507
54.2675
55.2389
55.77
55.0244
53.8453
54.3388
53.855
55.8129
56.961
54.9079
53.9048
55.0994
54.0656
54.5543
57.4479
52.2129
52.3454
52.9406
52.7762
52.4375
52.7933
53.9985
52.7398
53.5558
54.9033
54.1892
53.0526
53.2567
54.4167
53.4552
51.5946
52.8692
52.7226
52.9267
52.9192
53.3084
54.1299
