163.923
156.526
145.257
138.12
132.6
130.128
127.217
123.462
118.727
113.213
109.084
106.464
105.357
101.045
96.118
92.7642
89.5734
86.9616
84.7154
84.9865
86.6922
85.7075
83.9473
82.3892
78.5719
79.2182
80.3758
81.677
79.8528
79.5205
79.0608
78.2493
79.3602
77.6351
78.0539
78.947
79.7664
77.7993
76.0297
74.3229
75.7417
72.9945
72.3363
73.1688
73.7363
73.8115
74.723
73.0643
72.2109
72.8697
73.2163
72.5944
71.3693
72.7471
73.8569
74.1948
72.6692
70.893
73.0025
73.0185
72.4393
73.7221
70.3197
70.3605
70.627
70.3266
70.8111
69.7041
69.2016
70.0908
69.8543
69.2464
70.5278
69.3629
69.67
68.9175
68.2546
67.1898
67.9178
67.1196
68.3012
68.0974
67.5764
68.5437
69.0166
69.0897
68.3871
66.8569
70.2744
69.9711
71.4572
69.3737
67.4932
68.4195
66.7293
68.7269
67.0667
67.2214
68.3632
68.1982
70.1155
68.7306
68.2903
67.8635
65.711
65.0792
65.6261
66.8265
65.8122
66.5838
65.9786
65.7855
66.3721
65.8529
66.633
66.0268
66.106
65.6426
65.1508
65.8461
66.1253
65.7937
66.9414
64.9674
66.0485
68.38
68.1846
68.0908
67.6095
66.3541
65.7687
65.5079
64.6287
64.039
65.7371
65.4731
64.6818
64.3863
64.1958
63.8191
62.8283
64.9332
65.0588
65.1087
64.1279
61.3897
61.8197
62.8747
65.0559
65.113
65.0614
63.4818
62.6741
62.5491
63.1804
61.8929
61.1235
61.5938
65.0075
63.023
63.2675
63.6829
64.4185
62.3069
60.7371
62.7325
62.7935
62.1718
60.4844
62.2641
62.0941
63.3469
60.1069
61.3875
58.3405
58.6361
59.5381
60.7179
59.9924
58.4522
57.9662
55.5559
55.4768
55.639
57.2646
59.0862
59.464
60.2633
56.9326
58.6623
57.7751
59.307
60.0365
60.9069
58.7006
58.5169
59.6237
59.5953
56.8152
57.7368
57.1791
56.8537
55.9652
56.4065
55.8533
54.9845
54.7223
57.8172
58.9132
58.8306
57.8168
58.5578
56.8718
58.5112
56.8793
56.5147
56.8899
58.2104
58.2492
58.0941
58.494
59.1961
56.9463
58.6324
59.4786
56.5892
56.5547
55.9609
53.8765
54.674
54.8172
54.8424
54.4685
55.489
57.1279
56.3917
55.0188
57.9909
56.6564
56.306
59.3189
58.8368
56.0538
54.0767
54.2523
55.5001
55.7666
56.3036
57.9033
56.3972
54.2635
55.5387
56.3236
55.8129
56.5693
56.3421
56.6648
55.6911
54.7511
54.8811
54.4117
53.728
54.4005
53.9228
56.1695
54.3428
53.0327
53.7809
55.725
56.725
57.2399
54.8119
54.4817
55.2806
53.6593
55.2506
55.5746
55.4512
54.171
55.5638
55.5971
55.2152
54.8242
55.353
53.7966
55.5245
56.5769
55.445
55.2943
52.5607
54.5391
54.5695
54.0629
53.442
54.0317
55.7264
55.4713
56.5442
54.4656
53.9478
54.5848
55.4827
54.3111
55.481
54.0215
53.0868
54.701
54.264
54.653
55.0653
56.2753
55.3022
54.3423
53.143
52.1355
53.9628
53.1311
54.8119
56.1483
56.4104
55.4328
55.2495
55.7519
55.5752
55.2367
54.2901
55.2767
53.6449
53.764
54.5745
54.3828
54.4108
55.4467
53.1245
53.5915
54.5587
55.4018
58.123
58.1117
58.021
58.0403
59.2991
56.0306
54.7499
55.2303
55.9947
52.7402
53.2099
55.4681
55.1685
57.153
53.9949
55.1043
56.8197
56.2204
55.3753
55.0832
52.8289
53.543
55.3099
56.3459
52.6473
54.2314
53.9606
54.3669
55.8844
57.0662
56.3512
54.8104
55.0711
54.3523
53.6512
55.5276
55.121
55.2034
54.0242
54.6217
52.7828
54.0779
56.1831
54.0398
54.1016
54.8895
54.9108
54.7652
54.0219
54.2028
53.0025
53.9269
52.1914
53.0873
52.5655
53.2783
52.5255
52.8352
54.3815
53.5423
53.4327
53.2145
52.1017
52.9324
54.7748
54.9927
54.9292
54.5706
53.8939
56.5399
55.166
56.9383
54.3327
53.7535
55.1916
54.0892
53.7159
53.774
53.5553
54.2978
54.2229
54.5627
54.4755
56.009
58.2787
54.8379
53.0703
53.9087
58.4152
56.6159
53.6565
55.476
53.1563
53.7595
53.6874
54.2633
55.1011
55.3395
53.074
52.9782
53.9734
53.3881
55.4659
55.7103
54.96
55.9888
55.1032
54.2484
55.4389
55.8924
54.5799
55.1729
56.1127
56.9702
55.4075
55.3038
54.8876
54.6972
56.3604
54.7635
55.4478
55.1554
55.4234
57.4307
56.1072
55.1893
55.2123
55.0754
55.1874
56.4442
54.764
53.1399
54.321
53.4947
55.1997
55.5653
54.2889
53.2995
55.2207
53.8058
55.1648
55.1196
55.0522
55.6371
54.1358
55.3513
54.6557
54.9862
57.225
56.853
55.8862
56.1744
55.6264
54.6872
53.7265
55.5796
54.2446
54.7287
54.5149
53.677
53.5717
55.2225
53.3892
52.7295
54.3239
55.7991
56.1858
55.3463
54.9817
53.3408
56.6498
53.9548
55.2696
55.3749
53.1077
53.4853
55.1764
53.6481
54.4063
52.5892
54.1163
56.5103
55.507
54.4711
54.9437
53.2101
54.1549
53.8719
55.4784
56.3621
53.2962
53.4357
54.2622
56.2319
56.9794
55.8229
55.193
53.3891
56.4262
56.6588
55.3829
57.1712
54.0516
54.0825
53.7201
54.5017
56.9357
56.6811
57.9844
56.3882
55.112
53.936
53.2944
53.7346
56.3952
56.851
55.8906
55.8427
56.2285
56.3039
55.7925
56.1817
56.23
55.2189
56.2183
53.8039
54.2225
53.6261
55.0902
54.1157
54.8036
54.8338
53.571
56.373
55.5529
54.8003
54.6801
52.917
54.3398
55.0885
53.6998
52.7986
53.4475
53.7499
55.8312
58.8486
55.9599
55.7997
56.0313
55.6807
57.3312
55.1331
55.7697
56.2214
54.7991
55.8468
54.6409
54.5023
54.5017
54.2414
53.5434
54.462
53.3452
53.4232
53.2392
56.2245
54.5027
53.5116
55.4043
55.1659
54.9686
53.9268
53.2003
54.5704
53.1025
54.1464
51.8258
54.1387
54.5215
54.6905
54.9946
54.8419
55.4821
56.3153
55.0664
58.4548
56.5817
56.5605
55.7148
55.3983
54.7227
53.912
53.8401
55.1367
55.9895
55.8947
55.7916
55.5489
57.2704
54.8612
57.7962
55.3638
56.0571
54.3309
54.3931
52.9371
53.3136
53.874
53.1764
53.7399
54.175
54.493
55.0027
54.5875
55.8534
54.9781
54.5715
54.9763
54.6524
54.6646
55.6376
55.3783
55.6097
55.2243
55.3132
56.0235
55.137
52.4946
53.0493
55.0734
57.9193
54.7456
54.1265
55.9836
55.5003
55.0743
54.8643
56.2997
54.8916
54.4012
53.6852
55.1166
55.221
54.1867
55.1253
58.5748
57.2936
56.6207
54.6045
56.1936
55.339
54.1739
54.9236
54.2566
55.0073
54.65
55.1995
54.6096
55.6114
55.151
55.2218
54.5128
54.9941
55.8456
55.5295
57.9994
56.4846
55.0418
53.7311
53.925
54.7494
56.5634
57.0767
57.4576
54.8732
54.6235
56.8344
57.5325
56.225
56.2851
56.253
53.8734
53.1248
55.4491
53.7751
53.6475
54.2949
55.8911
56.4153
58.0069
55.7588
54.9417
57.3899
57.5801
56.0588
53.3409
53.5649
54.4427
55.9775
53.4806
53.299
55.6103
54.8034
53.5204
53.2779
55.3607
54.7264
54.7649
55.6584
55.1778
55.7449
54.4014
54.3986
54.8807
54.4083
55.8442
55.5812
54.8859
55.7444
55.5757
55.5978
55.7691
54.0813
55.1551
54.5316
52.2519
53.1642
53.1584
54.9141
54.2118
54.3077
54.8068
55.5799
55.6793
56.9657
53.4341
55.1318
54.7712
56.2799
53.7526
54.6889
54.4037
55.2131
56.5538
55.2113
54.8047
53.9605
55.0517
54.3599
56.9328
54.3812
54.6774
52.1204
53.5693
55.2025
55.897
54.4374
54.2857
54.9618
54.9122
54.337
54.1074
54.4
52.221
54.4273
54.4147
58.4234
58.2133
54.7364
54.4259
52.7975
55.59
57.0984
56.5438
55.218
54.8409
55.2437
55.8413
54.4731
55.32
55.4835
54.9578
55.0899
54.4578
54.7308
53.6256
53.915
54.359
55.5699
55.5328
54.416
54.8153
55.099
54.4962
53.1294
55.164
56.3534
55.27
54.1764
53.3245
53.0317
55.8818
55.142
54.6637
54.4235
54.4991
56.0331
53.9129
56.2412
55.2571
54.3299
55.4447
55.5283
57.481
55.8741
55.2399
55.547
55.7217
55.5098
55.9269
56.3388
56.6786
56.9175
56.9284
55.3992
55.7755
53.9793
56.6506
54.8679
54.104
53.7005
54.5943
53.4737
53.7129
54.246
52.6682
54.379
55.7415
55.8647
54.3357
53.6626
55.3187
55.3644
54.9161
55.8507
55.9568
54.1165
55.6384
57.4162
54.8043
55.3745
55.298
56.0024
55.4337
55.7165
57.1425
55.5488
55.8042
54.6566
55.6746
54.7103
53.0283
53.9935
53.7939
53.8737
54.0029
54.4817
55.4905
54.0917
53.3426
53.9991
53.1789
55.1312
54.5185
56.2654
55.5097
55.3847
53.589
54.7254
55.9124
54.9754
55.1504
55.3541
53.0889
53.4542
54.8382
54.6692
56.6976
54.6051
55.0262
53.537
55.4125
52.1811
53.7922
55.3168
54.8629
56.238
54.7559
55.3156
56.2047
55.7276
54.734
54.5319
55.7743
55.602
56.6531
53.7925
54.9836
52.7426
54.0158
55.138
54.4247
53.5977
54.0136
54.5074
53.9097
53.4932
54.9023
55.5889
56.4362
55.3617
54.3808
55.7421
55.3177
56.3191
55.3131
55.0928
55.0271
54.2707
57.5353
56.4634
54.4929
54.2821
55.8557
54.6665
55.3626
58.0506
53.222
51.7008
52.9102
53.6253
53.6408
53.5111
54.7602
54.6511
55.1267
56.7451
56.67
54.3831
54.0104
56.0121
54.9606
53.9998
55.8945
54.2128
54.3338
53.6501
54.4086
55.271
56.8706
55.3069
55.8137
55.7167
