163.579
157.526
147.547
136.782
129.779
126.931
123.309
121.383
119.316
117.146
113.145
110.996
107.98
103.974
100.891
96.8494
94.0283
93.9236
94.1678
92.7901
91.709
90.475
87.2317
86.6294
86.4927
85.903
82.4404
83.5517
83.1359
84.9972
83.31
81.4381
80.9773
77.1815
74.8563
73.4007
71.083
70.4294
68.7713
69.7773
70.2936
69.9315
68.9207
69.3007
65.905
66.3378
65.5143
63.9119
62.6868
62.1458
59.9471
58.6056
59.7164
59.7857
58.8688
59.0038
57.8931
61.2166
60.5746
59.5257
59.3664
57.5305
58.1332
59.5125
59.6504
59.0013
58.3097
55.808
57.1206
56.6898
58.3817
57.0605
54.8569
58.1727
58.8265
58.9437
57.8319
57.1042
56.4577
57.2686
57.3868
56.9584
58.2176
58.9356
56.799
55.7571
57.0111
59.0247
57.1492
57.7498
56.4767
55.8814
57.4365
57.7153
58.6746
59.4952
60.9506
59.8783
58.0649
56.7219
56.9355
57.9417
57.7439
58.6189
56.5713
57.2526
55.777
57.9106
56.4971
55.7488
57.0166
55.6204
59.3187
57.6356
58.6037
57.7002
56.3296
54.7718
54.808
55.8656
56.453
55.7379
56.2591
54.9674
54.7371
57.4975
55.2274
55.807
54.7673
55.9651
56.1695
58.5813
58.0695
56.4628
54.2426
54.6881
54.996
56.8479
55.0135
53.7037
55.5835
54.9817
54.2232
54.5077
53.9705
54.7295
55.3741
57.8489
57.0984
54.9621
54.4935
54.6992
56.323
55.6122
54.4223
53.7456
57.3345
56.0717
56.5723
56.7222
57.904
54.6681
52.2188
53.96
54.9754
54.1152
55.2899
54.7975
55.6736
55.0369
53.505
55.3148
56.1068
56.5061
54.1779
53.0374
53.8158
53.7705
53.6892
52.9268
53.4108
53.5512
54.7188
56.4026
53.8972
52.88
52.3201
55.5514
56.228
56.5004
56.4433
56.0642
56.363
55.2026
54.0706
54.2654
55.2764
54.1338
55.0033
54.4985
55.3851
55.0535
55.3195
52.2168
53.4681
54.5998
54.3718
54.2892
53.3618
55.2254
56.8814
57.2428
55.2717
54.4587
53.3558
54.4136
54.5136
53.5309
55.0668
52.6013
53.9468
54.305
55.952
53.7205
54.3338
53.7301
52.9288
51.6154
52.0976
54.1971
55.8415
55.7391
54.1679
54.0673
55.5058
56.3419
56.0711
53.8495
54.4443
55.1667
53.8761
53.8933
54.4256
54.9214
56.6192
56.8177
55.0542
53.4533
53.727
54.4626
55.2421
55.6998
56.1191
56.3342
55.9135
55.3971
54.0033
54.2566
55.5027
57.2334
55.4965
56.7945
53.6246
51.1514
52.2233
54.816
54.2313
54.0656
51.3621
51.6545
53.354
52.5636
55.7999
57.6318
54.7553
55.3346
56.224
54.4409
52.2038
52.0603
52.4359
52.5689
54.4348
52.4268
53.4279
54.4677
53.0351
53.7472
54.119
54.7967
56.8299
57.9013
56.0333
56.1369
56.9351
54.3653
54.4764
53.6996
53.4261
53.3102
52.9183
53.4527
54.9137
53.7865
53.3766
53.9654
56.3763
54.8348
52.3008
52.0589
52.1919
53.014
52.6679
52.8485
55.2027
53.282
54.4061
54.1931
55.4048
55.4206
55.12
53.6019
54.1589
54.4126
52.9967
54.3274
51.0779
51.9967
53.3425
54.4466
53.5185
55.9008
56.1264
56.1392
56.6269
56.2655
55.3584
52.9162
53.2045
53.9374
54.8493
54.7818
52.4123
53.1816
53.0011
52.7856
54.9508
54.1898
53.1594
53.7189
52.2457
52.8527
54.4208
54.0973
52.3075
54.9947
53.4397
55.2137
53.9571
54.067
52.6968
53.8916
52.8438
53.2119
54.569
55.8433
53.7853
52.468
52.4803
52.8887
51.6184
52.6897
53.7884
51.7541
53.773
52.3387
52.9231
53.409
52.6916
54.0336
52.6772
53.7674
52.7284
53.3284
51.6396
52.626
51.5242
51.6568
51.027
52.1826
52.9324
52.6852
55.4793
52.0673
52.5426
52.3526
53.5305
53.018
53.304
52.7209
54.0586
55.4713
54.6806
54.6217
53.4201
53.1054
53.1956
54.474
51.6189
53.1502
52.8878
53.1134
55.389
54.3338
54.3743
55.8069
54.2505
54.1108
55.0132
54.7329
55.8195
55.4969
54.9423
53.1059
55.0537
52.4835
51.488
53.3161
53.4447
53.6876
53.7188
53.1186
52.3024
53.5626
54.045
52.8641
51.5247
52.2398
53.5892
55.0793
54.2874
52.349
52.7675
51.8152
53.7091
54.346
54.7655
54.1321
52.6444
54.3733
54.7338
54.5751
54.2693
55.4064
55.3514
55.7562
55.1977
54.7153
53.4757
54.2668
54.2261
54.376
51.7525
53.4769
52.4889
54.3163
54.7134
53.5268
52.7458
53.9865
52.6591
54.0138
54.1533
52.8259
54.5126
53.8683
54.3222
53.8243
55.1492
54.487
51.8704
53.9439
56.9254
55.4119
53.3061
52.6955
53.3654
52.314
52.0516
52.8114
52.6898
53.7402
54.7338
52.9849
54.9411
55.7185
53.2342
54.0072
52.5994
51.841
53.4493
53.7771
53.6796
53.1204
52.2699
53.1028
52.5927
53.0714
53.4948
52.5476
52.1697
52.8854
53.7257
52.6863
53.6233
52.1066
52.73
53.4048
54.4806
53.7196
54.6827
53.7273
52.02
54.0997
52.8113
53.4858
52.1821
53.7449
53.7269
52.4752
52.3868
52.8149
51.9449
53.1142
53.0999
52.1873
53.5826
53.4469
54.7277
54.37
51.7866
51.9188
51.4311
51.0828
55.0711
55.5112
53.9764
54.7103
54.24
55.9952
55.035
55.0701
54.7021
54.5737
53.7011
52.1054
52.494
52.9542
55.7575
54.4684
55.1332
53.0292
53.4232
52.5799
51.065
51.1962
53.5979
52.7559
52.8814
53.9795
54.1058
52.7703
53.3098
55.0383
54.262
53.248
54.0163
52.6936
54.0252
53.5189
52.8958
52.7065
52.284
53.9937
52.7091
53.2391
53.0369
52.8202
52.7967
53.0454
52.3429
52.134
51.8703
51.4343
51.0497
51.9592
52.5499
53.4835
56.0264
53.1511
52.6652
51.9867
53.0306
53.4505
52.8786
52.6283
55.0692
55.1747
53.7069
55.0442
54.5468
54.7748
54.3673
56.4525
56.6116
54.0472
55.5882
53.1439
52.1565
53.4357
52.7756
54.7948
53.8061
54.7343
54.2842
54.4782
54.593
55.1746
54.1631
55.1483
54.2879
54.6142
54.2101
53.2856
52.192
52.7148
53.3182
53.0388
53.8301
53.1995
53.693
54.3094
52.1108
53.3667
54.9709
55.7996
55.3931
55.3479
53.6864
55.1975
53.2907
53.3643
54.7738
51.7582
53.8354
54.6014
53.5326
52.8991
53.4079
53.4898
53.4227
52.2337
52.6026
55.2028
54.7206
53.8845
55.5812
54.6505
55.6444
53.8257
53.8721
53.7526
51.1981
53.3607
55.1727
55.4778
55.6322
56.1091
53.5739
54.1765
52.9924
52.7641
52.577
52.8675
52.0378
51.73
52.1082
51.8186
53.3784
53.9899
52.9271
52.0746
54.8974
55.7101
56.7697
52.7362
52.3136
52.4181
53.3573
53.3
52.5103
53.7216
53.0032
51.9706
53.4805
55.0975
53.7344
56.0656
54.6018
53.5585
51.4861
51.8381
51.6583
53.9956
55.4367
55.5239
55.0132
53.9812
54.7655
53.9979
54.8274
55.1205
54.2783
52.2017
52.8044
52.3623
54.0821
52.9581
54.1554
53.246
52.3041
51.3282
52.3146
51.7705
51.8791
53.4883
54.2078
52.6735
53.7651
53.111
53.7298
53.8247
53.0078
53.7188
53.4541
54.2284
54.7539
54.9834
55.6404
57.0962
53.8696
55.5995
55.0896
53.624
52.9699
53.354
54.8351
50.9236
51.7603
51.5863
53.4493
53.7491
52.9378
52.153
52.7528
51.7599
53.3894
55.6462
53.3672
56.0487
52.8391
53.6435
54.1875
52.4284
51.7507
53.4041
55.3761
53.622
52.7801
52.284
51.62
53.9928
54.6208
52.6436
52.9294
53.0487
53.6874
54.1727
54.4388
55.5811
54.2247
54.3475
52.1855
54.6647
54.7767
53.8535
55.5861
53.1304
54.9527
54.9081
53.643
52.2934
52.3748
52.5709
53.1171
54.3377
55.7784
55.8566
55.7103
56.0142
54.4207
53.9337
54.031
52.7698
53.0917
54.735
54.3684
54.2312
54.1201
53.4716
52.9698
51.906
54.7202
55.0371
54.2408
52.8837
50.7815
51.4013
54.1894
54.2016
52.2184
52.0788
52.3512
53.3481
52.7121
54.894
53.0222
52.981
54.0582
53.378
52.7523
52.2419
52.4641
52.8803
52.7763
54.2371
54.3775
54.6387
53.4481
53.0344
53.8265
53.4129
53.3093
53.5199
54.5826
53.784
54.0454
53.1262
51.4041
51.3925
53.4714
56.7801
53.4957
53.2077
54.5312
54.6419
54.3468
54.2429
54.9414
53.0791
51.6974
52.0134
52.2645
50.7378
53.0856
52.7049
53.3069
53.6942
54.2946
54.3863
55.3137
52.4868
51.6355
54.1076
54.3735
53.1693
54.5593
55.8057
52.591
51.0822
51.0137
53.3126
54.5585
54.9543
52.6454
52.7682
54.2049
56.4007
57.1984
54.1971
55.2746
53.9897
55.3568
52.7842
55.0107
56.3046
55.3391
54.8146
53.5434
51.3975
53.0178
54.4011
53.9955
54.9124
53.8119
54.5446
51.8798
54.3011
50.9505
52.8812
53.0268
52.5103
53.5506
52.9936
54.3246
55.5201
53.7075
53.6549
52.7488
52.9004
53.2176
53.7062
51.8793
51.8586
52.1653
50.8669
51.7689
52.843
51.9159
53.8226
53.2116
52.6867
52.608
52.5543
53.1821
54.3563
53.0664
54.378
53.6372
52.753
54.089
54.8687
52.6424
52.5545
53.853
52.0569
54.7655
53.2286
52.7758
52.6219
52.4909
54.6449
54.0646
54.0104
53.8674
52.4285
53.0802
52.709
52.1657
52.7218
53.5497
54.6353
52.4678
52.857
52.9181
54.0024
53.7289
51.9563
53.9088
54.8372
52.7696
53.2415
52.3712
55.0441
52.9692
55.1132
52.2244
51.1658
52.3878
53.7627
53.5726
52.2484
52.7383
54.1427
53.0087
53.5771
55.2485
53.3581
53.3048
52.8463
