163.773
158.941
150.112
139.319
132.56
128.981
127.315
126.155
123.813
121.89
117.944
116.849
112.043
109.161
107.194
104.901
100.774
99.0565
98.0615
96.6902
95.2838
92.0882
89.0658
86.7891
84.7584
84.3476
81.6569
81.7919
80.0685
81.4168
82.1654
78.6576
76.8078
77.0231
77.7351
74.6785
75.3402
76.2686
72.9877
72.6135
73.1761
73.3221
70.2869
71.9319
71.7034
72.1982
72.5295
71.4833
71.3032
72.1316
69.9146
69.4346
68.3998
67.5227
67.175
66.4777
65.7288
64.9355
63.1238
62.2802
65.3831
65.206
63.8374
62.9915
65.0696
64.9033
65.9038
65.1882
64.6737
63.9857
64.007
65.8654
62.66
63.0808
61.5266
62.4944
61.5944
60.6493
60.4859
61.2007
62.206
61.4813
61.4763
60.3407
59.7386
61.0815
60.2447
62.9994
63.3572
62.5196
62.6096
61.891
61.7501
58.9307
61.8732
61.6897
60.1255
61.8042
65.0684
66.3096
64.5939
63.1713
63.8716
59.8687
58.8212
61.0476
61.9104
59.5011
60.5333
60.1791
59.5219
60.9157
60.0644
60.2936
59.1822
58.5091
59.0311
57.8058
59.6909
59.1956
59.8709
60.246
61.0606
62.2704
63.0377
64.5832
63.1052
62.1061
59.452
59.5235
59.6613
61.6463
58.8406
58.4088
58.4358
58.4107
59.2518
60.8521
60.4859
58.8638
59.5259
58.8679
59.0448
59.0399
57.712
60.0771
59.5279
57.7115
60.768
59.622
59.1167
58.4953
58.4901
60.718
60.4083
61.2263
60.1653
60.754
59.7357
60.2213
59.9043
60.0523
57.723
57.3722
59.4949
59.6864
58.9729
59.553
59.9724
60.0655
59.6737
60.0342
58.2467
57.9023
57.6895
59.4812
59.1541
58.5273
59.2576
58.8376
58.2599
58.7934
59.4553
59.7021
61.1277
59.611
58.5387
58.2651
59.478
57.9956
57.5715
59.6011
59.9693
58.3388
59.1052
58.8488
56.8924
59.057
58.2073
59.2011
59.4397
59.8953
58.615
59.0259
57.6074
57.2336
58.9205
58.4791
58.5653
57.199
58.7093
60.176
61.8339
60.8629
60.0307
59.5286
61.0658
60.6219
58.0074
59.8831
56.5732
56.5847
59.2208
59.4589
57.8073
59.2101
58.5612
57.7477
56.0913
56.6122
58.4136
58.8822
59.5822
57.8816
57.8143
59.2029
58.4228
58.2603
59.5752
60.0898
59.0936
58.9255
58.1917
56.2824
58.8232
60.0989
59.2371
59.648
57.5525
57.7331
57.8205
59.1569
59.8975
57.7331
58.4078
56.9225
56.7631
57.743
56.0797
57.3808
57.9488
57.3094
58.4795
56.4777
55.7031
56.4151
58.1589
57.244
58.9225
56.7443
57.6128
57.8011
57.5482
58.2853
59.8637
58.2294
56.613
58.0493
59.7243
57.1239
56.3385
57.5361
57.3337
59.6724
57.2676
58.4321
57.721
57.3917
57.7238
58.2975
59.342
60.2404
62.5307
61.1481
60.4605
59.3189
58.7814
59.8816
59.2589
56.5889
57.4112
57.7212
58.4596
58.7352
56.8915
58.4623
59.7479
60.9556
59.3958
58.3797
56.1843
54.5826
56.2374
56.5274
58.3308
58.3954
56.635
57.7117
57.7133
56.4417
56.5442
56.0321
53.9181
54.8918
54.6797
55.3857
54.6262
53.9109
55.8648
56.3569
53.6351
53.9941
55.4675
56.2756
55.3033
55.0222
54.817
55.471
55.7356
56.0085
54.7586
54.5987
56.7108
55.6715
57.739
54.7094
56.2135
56.2594
54.4885
55.9056
55.735
54.7778
56.0936
55.4797
55.3254
55.1904
54.2497
57.2325
53.9501
56.7509
55.0708
56.1671
56.2766
57.3334
55.7017
57.5666
58.3906
54.7717
54.7667
56.4359
54.4635
53.6694
52.8888
54.3876
52.3599
52.2641
54.3962
51.9402
52.7927
54.3087
54.4438
54.2432
53.9247
53.262
52.0679
53.464
51.238
52.3718
53.2802
52.4596
53.0463
53.1598
53.4687
54.4075
56.937
53.0525
53.5533
53.4049
54.7508
54.1572
53.5695
53.7007
54.3566
54.66
53.3088
55.2265
54.5109
53.5727
54.9186
56.7027
53.0463
53.476
53.1769
53.5367
54.4555
56.7979
55.9637
56.408
56.3186
54.4683
55.9115
54.3713
53.2428
55.5586
53.781
52.4343
53.9023
54.3131
53.811
54.3846
54.361
56.1213
53.9444
54.6656
53.2073
56.2705
56.4737
53.996
52.8215
53.4003
55.5283
56.4557
53.5414
52.7149
53.7522
52.3942
55.2535
54.8484
56.1502
56.4902
52.6893
55.0252
55.0781
55.9637
55.7194
55.4716
56.053
53.232
54.3828
54.3359
54.1067
53.7715
52.5471
55.4734
53.5525
54.4479
54.4231
52.8723
53.1036
52.3261
53.2216
55.5237
53.466
54.2835
53.9714
54.0005
54.8377
53.2067
53.5184
53.3639
54.1494
57.6458
57.1172
54.0595
54.9004
55.7955
53.135
52.0466
52.8485
54.4103
54.3887
53.9802
52.6668
52.6137
54.845
54.1865
54.7525
55.2132
55.5439
57.4741
58.3177
56.7199
55.1641
56.2168
54.8883
54.7206
54.7626
53.0354
52.1983
53.5776
52.9136
53.9722
52.781
52.99
53.9945
53.6274
53.5682
53.2819
52.4097
52.5507
51.0788
50.2841
53.5242
54.5544
53.1092
54.1008
53.8673
52.9419
50.7564
52.5233
53.723
51.9495
54.4642
53.2075
55.1037
54.4896
53.1412
52.5153
53.5675
52.0715
53.59
53.5306
54.8144
52.804
52.6769
51.47
54.5381
54.867
53.3622
53.468
53.0516
52.5783
52.8579
52.8253
53.5403
51.8444
51.3642
51.345
52.3822
53.8086
54.1807
52.4391
53.6126
54.7766
52.9442
52.6242
52.0185
51.6035
51.7353
51.7045
52.5833
51.9233
51.4491
50.5147
52.9975
54.1661
55.8448
55.4358
52.3177
53.8565
52.6326
52.4395
54.9059
52.8873
53.3022
54.1299
52.6057
53.5036
53.6926
52.8029
52.3384
51.9031
52.7126
52.9436
52.648
52.5625
52.062
54.7965
52.9461
52.9079
54.0854
53.6256
53.0781
51.6827
51.5287
52.4214
53.461
54.2023
53.8039
52.1684
53.9106
52.6671
51.2017
52.0122
54.1547
53.2178
51.4164
52.9943
53.0321
54.3632
51.524
55.1965
53.9716
53.353
54.0264
54.5144
51.8065
52.6666
52.1151
52.996
53.9243
52.8763
53.1945
55.4305
55.828
58.882
55.3726
53.8346
51.4696
53.3874
51.9696
54.3387
52.9525
52.3458
53.8506
52.5616
52.5712
52.1088
53.3082
53.3277
51.6082
51.6298
52.0521
52.0044
51.102
52.3221
52.7147
52.0652
50.3885
51.389
52.662
52.9214
52.8039
52.2181
51.0305
52.5359
54.0453
52.3031
52.3793
55.5488
53.3745
53.5461
51.3454
51.1851
51.6376
51.0818
53.6244
54.2774
54.172
53.5993
54.0549
52.6466
53.2258
51.9926
52.2153
52.2643
51.7432
51.3471
50.6924
50.4367
49.9101
50.756
52.1468
51.0918
51.4541
52.2166
53.739
53.1096
49.8572
50.303
50.8631
50.8324
51.3335
50.6821
50.344
52.1411
50.6586
51.4611
52.2535
52.6444
53.8175
52.942
52.461
49.8052
51.5249
50.2886
51.3195
52.6953
53.1498
52.7896
53.0762
52.2155
51.6339
52.0413
52.4785
51.8475
49.6674
50.3734
49.7648
50.3281
51.0426
51.6247
50.2876
50.647
51.2715
52.3006
50.4498
50.4517
51.6113
51.337
52.0539
51.7331
50.8942
50.8181
50.9981
50.6047
51.3747
51.3211
52.3596
51.0991
53.0333
52.7789
54.2436
51.4423
50.9941
52.4258
52.1943
52.1011
51.4922
52.1328
52.7105
50.6354
51.1104
53.2449
52.6709
52.9349
51.2188
52.0941
51.6372
53.2122
52.2317
53.006
52.5666
52.5194
53.4231
52.0503
52.6068
51.3544
51.3109
50.6223
53.8345
52.8545
52.5823
49.501
50.0495
51.6253
52.3051
52.1762
50.8085
52.379
52.1807
52.5305
51.6163
52.1953
50.5525
51.8582
51.8012
54.2542
52.6275
52.4057
52.5965
52.6547
53.302
51.639
50.0668
49.769
50.8825
50.6447
52.8641
52.1851
50.1954
51.8066
52.5921
51.6119
49.9361
50.7047
49.631
51.0217
50.2142
51.8187
52.0641
51.6515
51.8295
50.1983
52.5652
53.2687
52.1433
51.0133
51.8065
51.6675
49.5374
49.8371
52.75
53.684
51.9445
51.0629
52.4317
51.903
53.3794
55.1489
50.2603
50.8788
49.7041
50.9737
49.7901
52.5309
53.7416
54.3293
55.7241
53.1781
52.8695
53.8128
52.2543
52.1891
52.1896
52.9509
53.3771
51.3655
51.6052
51.9644
52.5413
51.3888
51.1315
50.6353
51.2081
55.0932
52.5309
51.0489
50.8511
49.8885
52.4809
50.5037
50.5588
50.9072
50.0493
49.3447
50.1998
50.4068
52.8702
54.48
53.0372
51.9411
50.9167
49.8052
51.4107
49.7791
49.8077
53.5422
52.8344
51.5302
51.0515
51.4636
51.4595
52.3975
51.0738
50.8878
51.5768
51.1579
50.0504
50.7862
50.0502
52.0835
52.4119
50.8668
53.5388
54.425
54.0325
51.3049
51.5311
53.1435
51.0863
52.3278
52.3263
49.8729
49.9314
51.5975
51.1433
53.2024
51.3725
52.0071
50.4464
51.1049
48.4804
50.2371
50.7495
50.4442
51.6795
50.8393
51.0836
51.8532
51.9248
51.7001
51.4684
51.8916
51.4634
51.0724
49.2223
50.6492
49.3126
50.5441
52.3373
52.3102
49.8787
52.0883
51.5985
50.7057
50.4843
49.8268
51.5556
53.5237
51.743
51.9282
52.3906
52.1548
53.3623
53.0367
50.6516
50.8155
50.1882
50.6406
52.7805
51.3494
51.7355
51.3408
51.9669
51.9009
51.7767
50.7278
50.4886
50.4486
50.8152
50.2168
50.816
53.0188
53.9465
52.5403
52.1321
53.7166
51.2309
50.92
49.5601
51.7266
51.7568
52.5071
51.1766
51.4676
51.616
53.832
51.5467
51.099
51.0208
50.7639
50.3431
50.4238
51.3708
49.7057
51.7453
54.1791
53.9376
53.3686
