1,	-0.391975,	0
2,	-0.391321,	0.000653446
3,	-0.408744,	0.0174267
4,	-0.400822,	0.0146493
5,	-0.40245,	0.0114635
6,	-0.403589,	0.00942896
7,	-0.396109,	0.0109295
8,	-0.392353,	0.0101834
9,	-0.391892,	0.00899276
10,	-0.390713,	0.00812927
11,	-0.389578,	0.00744033
12,	-0.387851,	0.00700808
13,	-0.388595,	0.00648933
14,	-0.386332,	0.00642021
15,	-0.384859,	0.00615562
16,	-0.385691,	0.00581787
17,	-0.388877,	0.00632535
18,	-0.389282,	0.0059774
19,	-0.389202,	0.00565463
20,	-0.389812,	0.00539906
21,	-0.38979,	0.00513558
22,	-0.391264,	0.00511364
23,	-0.393459,	0.00535667
24,	-0.394546,	0.00524254
25,	-0.395323,	0.00508805
26,	-0.395806,	0.00491232
27,	-0.394216,	0.0049872
28,	-0.395345,	0.00493662
29,	-0.397543,	0.0052458
30,	-0.396339,	0.00520902
31,	-0.395261,	0.0051522
32,	-0.395249,	0.00498861
33,	-0.396549,	0.00500674
34,	-0.397388,	0.00492912
35,	-0.396938,	0.00480729
36,	-0.396496,	0.00469274
37,	-0.395285,	0.00472194
38,	-0.395474,	0.00459987
39,	-0.396963,	0.00472124
40,	-0.397824,	0.00468169
41,	-0.398053,	0.00457179
42,	-0.397585,	0.00448606
43,	-0.396234,	0.00458418
44,	-0.395973,	0.00448638
45,	-0.396722,	0.00444899
46,	-0.397346,	0.00439576
47,	-0.397702,	0.00431596
48,	-0.398393,	0.00428113
49,	-0.3997,	0.00439197
50,	-0.400463,	0.00437034
51,	-0.402754,	0.00485797
52,	-0.403961,	0.0049142
53,	-0.40402,	0.00482093
54,	-0.404261,	0.00473698
55,	-0.40423,	0.00465016
56,	-0.403523,	0.00462079
57,	-0.403283,	0.00454534
58,	-0.402922,	0.00448085
59,	-0.402702,	0.00440975
60,	-0.402315,	0.00435289
61,	-0.402619,	0.0042917
62,	-0.402654,	0.00422206
63,	-0.403554,	0.00425094
64,	-0.40345,	0.00418529
65,	-0.403054,	0.00413943
66,	-0.402642,	0.00409694
67,	-0.401981,	0.00408922
68,	-0.402028,	0.00402892
69,	-0.401655,	0.00398758
70,	-0.401696,	0.00393042
71,	-0.401116,	0.00391776
72,	-0.400121,	0.00398906
73,	-0.399559,	0.003974
74,	-0.399415,	0.00392258
75,	-0.400021,	0.0039171
76,	-0.399925,	0.00386641
77,	-0.399806,	0.00381772
78,	-0.399702,	0.0037699
79,	-0.399407,	0.00373349
80,	-0.39919,	0.00369293
81,	-0.398553,	0.00370231
82,	-0.398186,	0.00367518
83,	-0.397998,	0.0036355
84,	-0.397907,	0.00359312
85,	-0.39741,	0.0035852
86,	-0.396598,	0.00363521
87,	-0.396113,	0.00362578
88,	-0.395983,	0.00358668
89,	-0.395296,	0.00361219
90,	-0.394671,	0.00362603
91,	-0.394108,	0.00362989
92,	-0.394037,	0.00359091
93,	-0.394088,	0.00355246
94,	-0.394066,	0.00351453
95,	-0.39458,	0.00351511
96,	-0.395108,	0.0035182
97,	-0.39552,	0.00350598
98,	-0.395418,	0.00347152
99,	-0.39548,	0.00343684
100,	-0.395409,	0.00340304
1,	-0.391975,	0
2,	-0.391321,	0.000653446
3,	-0.408744,	0.0174267
4,	-0.400822,	0.0146493
5,	-0.40245,	0.0114635
6,	-0.403589,	0.00942896
7,	-0.396109,	0.0109295
8,	-0.392353,	0.0101834
9,	-0.391892,	0.00899276
10,	-0.390713,	0.00812927
11,	-0.389578,	0.00744033
12,	-0.387851,	0.00700808
13,	-0.388595,	0.00648933
14,	-0.386332,	0.00642021
15,	-0.384859,	0.00615562
16,	-0.385691,	0.00581787
17,	-0.388877,	0.00632535
18,	-0.389282,	0.0059774
19,	-0.389202,	0.00565463
20,	-0.389812,	0.00539906
21,	-0.38979,	0.00513558
22,	-0.391264,	0.00511364
23,	-0.393459,	0.00535667
24,	-0.394546,	0.00524254
25,	-0.395323,	0.00508805
26,	-0.395806,	0.00491232
27,	-0.394216,	0.0049872
28,	-0.395345,	0.00493662
29,	-0.397543,	0.0052458
30,	-0.396339,	0.00520902
31,	-0.395261,	0.0051522
32,	-0.395249,	0.00498861
33,	-0.396549,	0.00500674
34,	-0.397388,	0.00492912
35,	-0.396938,	0.00480729
36,	-0.396496,	0.00469274
37,	-0.395285,	0.00472194
38,	-0.395474,	0.00459987
39,	-0.396963,	0.00472124
40,	-0.397824,	0.00468169
41,	-0.398053,	0.00457179
42,	-0.397585,	0.00448606
43,	-0.396234,	0.00458418
44,	-0.395973,	0.00448638
45,	-0.396722,	0.00444899
46,	-0.397346,	0.00439576
47,	-0.397702,	0.00431596
48,	-0.398393,	0.00428113
49,	-0.3997,	0.00439197
50,	-0.400463,	0.00437034
51,	-0.402754,	0.00485797
52,	-0.403961,	0.0049142
53,	-0.40402,	0.00482093
54,	-0.404261,	0.00473698
55,	-0.40423,	0.00465016
56,	-0.403523,	0.00462079
57,	-0.403283,	0.00454534
58,	-0.402922,	0.00448085
59,	-0.402702,	0.00440975
60,	-0.402315,	0.00435289
61,	-0.402619,	0.0042917
62,	-0.402654,	0.00422206
63,	-0.403554,	0.00425094
64,	-0.40345,	0.00418529
65,	-0.403054,	0.00413943
66,	-0.402642,	0.00409694
67,	-0.401981,	0.00408922
68,	-0.402028,	0.00402892
69,	-0.401655,	0.00398758
70,	-0.401696,	0.00393042
71,	-0.401116,	0.00391776
72,	-0.400121,	0.00398906
73,	-0.399559,	0.003974
74,	-0.399415,	0.00392258
75,	-0.400021,	0.0039171
76,	-0.399925,	0.00386641
77,	-0.399806,	0.00381772
78,	-0.399702,	0.0037699
79,	-0.399407,	0.00373349
80,	-0.39919,	0.00369293
81,	-0.398553,	0.00370231
82,	-0.398186,	0.00367518
83,	-0.397998,	0.0036355
84,	-0.397907,	0.00359312
85,	-0.39741,	0.0035852
86,	-0.396598,	0.00363521
87,	-0.396113,	0.00362578
88,	-0.395983,	0.00358668
89,	-0.395296,	0.00361219
90,	-0.394671,	0.00362603
91,	-0.394108,	0.00362989
92,	-0.394037,	0.00359091
93,	-0.394088,	0.00355246
94,	-0.394066,	0.00351453
95,	-0.39458,	0.00351511
96,	-0.395108,	0.0035182
97,	-0.39552,	0.00350598
98,	-0.395418,	0.00347152
99,	-0.39548,	0.00343684
100,	-0.395409,	0.00340304
