1230.64
1230.64
1212.01
1192.44
1185.61
1170.31
1164.75
1162.6
1148.57
1143.95
1141.47
1130.23
1128.99
1125.98
1121.66
1110.83
1100.95
1090.74
1089.51
1082.52
1080.15
1076.9
1071.51
1069.87
1064.75
1056.23
1056.23
1050.32
1038.84
1031.72
1031.72
1028.86
1021.39
1012.13
1002.71
998.208
986.921
986.921
984.699
981.154
977.031
974.409
970.138
965.001
960.464
954.708
950.396
944.357
944.357
943.445
941.491
937.228
930.876
927.852
922.556
921.031
918.719
918.162
914.646
913.121
909.722
902.526
900.017
896.981
892.572
891.604
890.076
885.586
883.675
882.223
877.02
874.536
874.536
873.035
868.013
867.915
863.873
859.257
856.474
853.825
848.215
846.906
845.542
841.492
831.362
826.735
826.735
826.735
822.89
821.038
821.038
817.413
814.519
810.893
808.14
808.14
807.311
804.942
804.942
800.872
799.564
797.334
792.965
791.491
789.087
784.552
784.552
784.552
783.767
781.26
781.186
777.176
774.942
774.212
773.943
773.943
773.943
772.587
768.787
767.887
764.643
756.656
756.656
756.491
748.86
740.937
740.937
740.937
739.177
739.177
739.177
736.045
736.045
734.678
734.678
734.678
734.678
734.482
733.659
729.71
729.363
729.363
728.872
725.421
724.535
724.257
723.064
719.888
718.022
714.889
714.611
712.506
704.508
704.369
704.298
700.24
697.542
694.15
693.397
693.272
693.272
690.836
688.014
685.31
685.31
682.938
681.963
678.379
678.379
673.853
673.853
672.739
672.739
672.739
671.09
670.695
670.525
665.278
663.031
663.031
663.014
661.902
660.825
659.539
659.424
655.385
655.385
654.12
653.939
650.186
649.355
645.422
644.701
640.381
640.381
640.381
638.767
637.477
635.286
635.286
635.286
630.089
630.089
629.421
629.421
629.421
626.082
622.628
622.628
621.495
621.495
620.885
620.885
620.291
619.931
619.846
619.252
618.163
615.957
615.022
609.951
609.951
608.335
608.335
608.335
608.335
608.074
608.074
606.58
605.396
605.396
605.396
605.396
600.143
600.143
600.143
600.143
600.143
600.143
600.143
600.143
600.143
595.707
588.307
588.307
586.649
586.649
586.649
585.419
581.492
579.302
575.89
575.89
574.519
574.519
574.519
573.045
570.975
569.502
569.099
568.438
568.438
567.856
567.856
567.856
567.697
565.971
564.479
563.025
563.025
563.025
563.025
562.839
562.839
562.839
562.832
560.146
557.261
556.672
556.672
556.287
555.798
555.74
553.156
552.146
549.015
549.015
549.015
549.015
549.015
549.015
549.015
547.164
546.052
542.655
539.938
539.692
539.684
539.684
539.56
538.089
537.439
537.439
536.547
536.547
534.139
534.139
534.139
532.413
532.413
530.252
529.641
528.961
527.957
527.957
527.957
527.922
527.405
527.405
526.214
526.214
525.93
525.808
525.794
524.452
522.595
521.379
519.742
519.742
519.712
519.712
518.917
513.148
513.148
513.094
513.094
513.094
511.962
511.962
511.91
511.765
511.155
510.03
510.03
508.483
508.483
508.483
506.514
506.514
505.345
505.345
505.345
505.345
501.88
501.88
501.88
501.813
499.247
498.564
498.564
498.564
498.564
498.564
498.564
498.034
496.888
494.7
493.996
493.932
492.983
492.865
492.865
492.527
491.31
491.31
491.31
491.31
491.31
491.31
491.31
491.31
491.31
490.57
488.38
487.044
482.807
482.807
482.807
482.807
482.807
481.441
479.857
479.184
477.573
477.573
477.355
475.427
475.12
475.12
473.192
473.192
473.192
473.192
473.105
472.573
472.149
471.729
471.324
468.968
468.968
468.968
468.968
468.968
468.819
468.819
468.819
468.819
467.913
467.913
467.913
467.913
467.913
467.913
467.913
467.913
467.913
467.437
467.437
466.169
466.169
464.28
462.536
461.209
461.209
461.209
461.209
461.072
461.072
458.809
458.809
458.809
458.809
458.281
458.281
458.281
458.281
458.281
458.281
458.251
457.646
457.223
457.223
457.223
457.223
457.223
457.223
457.223
457.223
457.223
457.223
457.223
457.223
455.14
453.878
453.878
453.878
453.878
453.878
453.878
453.878
453.878
453.878
453.878
453.878
453.878
452.178
452.178
452.178
452.178
451.741
450.447
449.452
448.55
448.55
447.112
447.112
447.112
447.112
447.112
443.852
443.852
443.852
443.852
443.852
441.526
441.526
440.015
438.552
438.552
436.913
436.913
436.913
436.913
436.913
433.902
433.902
433.902
433.902
433.902
432.735
432.735
432.735
432.735
429.959
429.959
429.959
429.959
429.959
429.279
429.263
428.808
427.678
427.678
427.678
427.678
427.541
427.493
427.493
426.434
425.752
425.224
425.224
421.085
420.092
419
419
419
418.783
418.783
418.783
418.783
418.783
418.783
418.783
418.423
418.423
414.877
414.877
414.877
414.877
414.788
411.599
411.599
410.897
410.897
410.897
410.218
408.152
408.152
406.157
405.987
405.987
404.29
404.29
404.29
404.29
403.457
403.457
403.457
402.939
402.189
402.189
402.189
401.597
398.057
397.642
397.597
397.057
393.19
393.014
393.014
393.014
393.014
393.014
393.014
393.014
393.014
391.65
390.781
390.781
390.781
390.781
390.781
390.72
390.72
390.72
390.72
390.716
390.716
390.716
390.716
390.716
390.716
390.716
390.716
389.935
389.935
389.935
389.935
389.935
389.935
389.935
389.935
389.935
389.935
389.935
389.935
389.935
389.151
388.785
388.785
388.785
388.785
387.953
387.953
387.801
387.478
386.789
386.789
386.022
386.022
386.022
385.067
385.067
385.067
385.067
385.067
383.208
383.178
383.178
383.178
383.178
383.178
383.178
383.178
383.178
383.15
382.186
382.186
382.186
382.186
382.186
382.186
382.186
382.186
382.186
382.186
382.186
382.186
382.186
382.186
382.186
382.186
382.186
382.186
382.186
379.078
377.17
377.17
377.17
377.17
377.17
377.104
376.782
376.782
376.782
376.782
376.782
376.782
376.782
376.782
376.006
376.006
376.006
376.006
376.006
376.006
376.006
375.027
374.923
374.717
374.717
374.566
374.566
373.237
373.237
373.237
373.237
373.237
373.237
373.237
373.237
373.237
373.237
373.237
373.237
372.603
372.603
372.603
372.603
372.603
372.603
372.603
372.603
372.603
372.603
372.542
372.542
372.542
372.542
371.668
371.668
371.668
371.668
371.077
371.077
371.077
371.077
371.077
371.077
371.077
369.997
369.997
369.629
369.629
368.759
368.759
368.759
368.759
368.367
368.367
368.367
368.367
367.389
367.389
366.103
365.125
365.011
365.011
365.011
363.913
363.91
363.91
363.91
363.91
363.816
363.816
363.816
363.816
363.788
360.586
360.586
360.586
360.53
360.53
360.53
359.724
359.724
359.404
359.404
359.404
359.404
359.404
359.404
359.404
358.403
358.403
358.403
358.403
358.304
358.304
357.684
357.684
357.539
357.539
357.539
356.918
356.65
356.65
356.65
356.65
356.65
356.65
356.65
356.65
356.65
356.65
356.65
356.65
355.946
355.246
355.246
355.075
355.075
355.075
355.075
355.075
355.075
355.075
355.075
355.075
355.075
355.075
355.075
354.71
354.71
354.71
354.71
354.71
354.71
353.437
353.437
353.437
353.437
353.437
353.437
353.437
353.437
353.437
353.437
353.437
353.15
353.15
353.15
351.972
351.972
351.026
349.848
349.848
349.848
349.848
349.848
349.848
349.848
349.848
349.848
349.848
349.848
349.848
349.848
349.848
349.848
348.637
348.637
348.637
348.637
348.637
348.481
348.481
348.481
348.481
348.481
348.481
347.796
347.796
347.796
347.455
347.455
347.455
347.455
347.455
347.455
347.455
347.455
347.455
347.455
347.455
347.455
347.455
347.455
347.455
347.455
347.455
347.455
347.455
347.455
347.455
347.455
347.455
347.455
347.455
347.455
347.455
347.455
347.455
347.455
347.414
346.465
346.465
346.465
346.465
346.465
346.383
344.36
344.36
344.36
344.36
344.36
344.053
344.053
344.053
343.596
343.596
343.596
343.596
343.596
343.596
343.596
343.596
343.541
343.541
343.541
343.541
343.201
343.201
343.201
343.201
343.201
343.201
343.201
343.201
341.849
341.849
341.295
341.295
341.295
341.295
341.295
341.165
340.639
340.639
340.639
340.639
340.639
340.497
340.497
340.497
340.497
340.497
340.497
340.497
340.497
340.497
339.715
337.802
337.802
337.802
337.802
337.802
337.802
337.802
337.802
337.802
337.802
337.802
337.802
337.802
337.682
337.682
337.682
337.682
337.682
337.682
337.682
337.682
337.682
337.682
337.682
337.682
337.682
337.682
337.682
337.682
337.682
337.682
337.682
337.682
337.682
337.682
337.682
337.682
337.682
337.682
337.563
337.563
337.338
337.338
336.843
336.427
336.215
336.215
336.215
336.215
336.215
336.215
336.215
335.368
335.368
334.007
333.827
333.827
332.066
332.066
332.066
332.066
332.066
329.839
329.839
329.839
329.839
329.839
329.839
329.839
329.839
329.839
329.839
329.839
329.489
329.489
329.489
329.489
329.489
329.489
329.489
329.489
329.489
329.489
329.489
329.489
329.489
329.489
329.489
329.489
329.489
329.489
329.489
329.489
329.489
329.489
329.489
329.489
329.489
329.489
329.489
329.489
329.489
329.489
329.489
329.489
329.489
329.489
329.489
329.3
328.833
328.833
328.41
328.41
328.41
327.682
327.682
327.682
327.682
327.682
327.682
326.825
325.852
325.852
325.852
325.852
325.852
325.852
325.597
325.597
325.37
325.37
325.37
324.47
324.407
323.333
323.333
323.333
323.32
323.32
323.32
323.32
323.32
323.32
323.32
323.32
323.32
323.32
323.32
323.32
323.32
323.32
323.32
323.32
323.32
323.32
323.32
322.748
322.748
322.357
322.357
322.357
322.357
320.38
320.38
320.38
320.087
320.087
320.087
319.199
318.35
318.35
318.35
318.35
318.35
318.35
317.206
317.206
317.206
317.206
317.206
317.206
317.206
316.293
316.014
316.014
316.014
316.014
316.014
316.014
314.317
314.317
314.317
314.317
314.317
314.317
314.317
314.317
314.317
314.317
314.317
314.317
314.317
314.317
314.317
314.317
314.317
314.317
314.317
314.317
314.317
314.317
314.317
314.317
314.317
314.317
314.317
314.317
314.317
314.317
314.317
314.317
314.317
314.317
314.317
314.317
314.317
314.27
314.27
314.27
314.27
314.27
314.27
314.27
314.27
314.27
313.49
313.49
313.49
313.49
312.333
312.333
312.333
312.031
311.966
311.966
311.966
309.263
309.263
309.263
309.227
309.227
309.227
309.123
309.123
309.123
309.123
309.123
309.123
309.123
309.123
309.123
309.123
309.123
309.123
309.123
309.123
309.123
309.123
309.123
309.123
309.123
309.123
309.123
309.123
309.123
309.123
309.123
309.123
307.286
307.286
307.286
307.286
306.946
306.946
306.946
306.946
306.946
306.946
306.946
306.946
306.946
306.946
306.946
306.946
306.285
306.285
306.285
306.285
306.285
306.285
306.285
306.285
306.285
306.285
306.285
306.285
306.285
306.285
306.285
306.285
306.285
306.285
306.285
306.285
306.285
306.285
306.195
306.195
306.195
306.195
306.195
306.195
306.195
306.195
306.195
306.195
306.195
306.195
306.195
306.195
306.195
306.195
306.195
306.195
306.195
306.195
306.195
306.195
306.195
306.195
306.195
306.195
306.195
306.195
306.195
305.944
305.454
305.202
305.202
305.202
305.144
305.144
305.144
305.144
305.144
305.144
304.8
304.8
304.8
304.8
304.8
304.8
303.917
303.917
303.917
303.106
302.803
302.803
302.803
302.803
302.803
302.803
302.803
302.803
302.803
302.803
302.803
302.803
302.803
302.803
302.803
302.803
302.803
302.803
302.803
302.803
302.803
302.803
302.803
301.756
301.756
301.586
301.586
301.586
301.586
301.586
301.586
301.586
301.586
301.036
301.036
301.036
301.036
301.036
301.036
301.036
300.278
300.278
300.278
300.278
297.579
297.579
297.579
297.571
297.571
297.341
297.341
297.341
297.341
297.341
297.341
297.341
297.341
296.868
296.868
296.868
296.868
295.549
295.549
295.549
295.549
295.549
294.862
294.862
292.995
292.995
292.439
292.439
292.439
292.439
292.439
290.797
290.797
290.797
290.797
290.797
290.797
290.797
290.797
290.797
290.797
290.797
290.797
290.797
290.715
290.715
290.715
290.715
290.715
290.715
290.715
290.715
290.715
290.715
290.715
290.715
290.715
290.715
290.715
290.715
290.715
290.715
290.715
290.715
290.715
290.715
290.715
290.715
290.715
290.715
290.715
290.715
290.715
290.715
290.715
290.174
290.174
290.174
290.174
290.174
289.911
289.911
289.911
289.911
289.911
289.911
288.335
288.335
288.335
288.335
288.335
288.335
288.335
288.003
288.003
288.003
288.003
288.003
288.003
288.003
288.003
288.003
288.003
288.003
288.003
288.003
288.003
288.003
288.003
288.003
286.234
286.234
286.234
286.234
286.234
286.234
286.234
286.234
285.849
285.849
285.849
285.849
285.849
285.849
285.848
285.848
285.848
285.848
285.848
285.144
285.144
285.144
285.144
285.144
285.144
285.144
285.144
285.144
285.144
285.144
285.144
285.144
285.144
285.144
285.144
285.144
285.144
285.144
285.144
285.144
285.144
285.144
285.144
285.144
285.144
285.144
285.144
285.144
285.144
285.144
285.144
285.144
285.144
285.144
285.144
285.144
285.144
285.144
285.144
285.144
285.144
285.144
285.144
285.144
284.857
284.857
284.857
284.857
284.857
284.857
284.857
284.857
284.857
284.857
284.857
284.857
284.857
284.857
284.857
284.857
284.857
284.857
284.857
283.93
283.93
283.93
283.93
283.93
283.93
283.93
283.93
283.93
283.93
283.93
283.93
283.93
283.93
283.93
283.93
283.93
283.811
283.566
283.566
283.566
283.566
283.566
283.566
283.566
283.566
283.566
283.566
283.566
283.566
283.566
283.566
283.566
283.566
283.562
283.562
283.562
283.562
283.562
283.562
283.562
283.562
283.562
283.562
283.562
283.562
283.562
283.562
283.562
283.562
283.562
283.562
283.562
283.562
283.562
283.528
283.528
283.528
283.528
282.002
282.002
282.002
282.002
282.002
282.002
282.002
282.002
282.002
282.002
282.002
282.002
282.002
282.002
282.002
282.002
282.002
282.002
282.002
282.002
282.002
282.002
282.002
282.002
282.002
282.002
282.002
281.16
280.686
280.686
279.225
279.225
279.225
279.037
279.037
279.037
279.037
279.037
279.037
279.037
279.037
279.037
279.037
279.037
279.037
279.037
279.037
279.037
279.037
279.037
279.037
279.037
279.037
279.037
279.037
277.481
277.481
277.481
277.481
277.481
277.481
277.481
277.481
277.481
277.2
277.2
277.2
276.162
276.162
276.162
276.162
276.162
276.162
276.162
276.162
276.162
276.162
276.162
276.162
276.162
276.162
276.162
276.112
276.112
276.112
276.112
276.112
276.112
276.112
276.112
276.112
275.729
275.729
274.489
273.823
273.823
273.23
272.935
272.935
272.935
272.935
272.935
272.935
272.089
272.089
271.298
271.298
271.298
271.298
271.298
271.298
271.298
271.298
271.298
271.298
271.298
271.298
271.298
271.298
271.298
271.298
269.088
269.088
269.088
269.088
269.088
269.088
269.088
269.088
269.088
269.088
269.088
269.088
269.088
269.088
269.088
269.088
269.088
269.088
269.088
269.088
269.088
269.088
269.088
269.088
269.088
269.088
269.023
269.023
269.023
269.023
269.023
269.023
269.023
269.023
269.023
269.023
269.023
269.023
269.023
269.023
268.515
268.515
267.441
267.441
267.441
267.441
267.441
267.441
267.441
267.441
267.441
267.441
267.441
267.31
267.31
267.31
267.31
267.31
267.31
267.31
267.31
267.31
267.31
267.31
267.31
267.31
267.31
267.31
267.31
266.926
266.926
266.926
266.78
266.78
266.78
266.78
266.78
266.78
266.78
266.78
266.78
266.78
266.78
266.78
266.78
266.78
266.78
266.78
266.78
266.78
266.78
266.78
266.78
266.78
266.78
266.78
266.78
266.78
266.78
266.78
266.78
266.78
266.78
266.78
266.78
266.78
266.78
266.78
266.78
266.78
266.78
266.78
266.78
266.78
266.78
266.78
266.78
266.78
266.447
266.447
266.447
266.447
266.447
266.447
266.447
266.447
266.296
266.296
266.084
265.849
265.849
265.849
265.828
265.828
265.828
265.828
265.828
265.828
265.828
265.828
265.828
265.828
265.828
265.673
265.673
265.673
265.673
265.673
265.673
265.673
265.673
265.673
265.673
265.673
265.673
265.673
265.673
265.673
265.673
265.673
265.673
265.673
265.673
265.044
265.044
265.044
265.044
265.044
265.044
265.044
265.044
265.044
265.044
265.044
265.044
265.044
265.044
265.044
265.044
265.044
265.044
264.982
264.247
263.974
263.974
263.974
263.974
263.974
263.974
263.974
263.974
263.974
263.974
263.956
263.956
263.956
263.956
263.956
263.956
263.956
263.956
263.956
263.956
263.956
263.956
263.737
263.737
263.737
263.737
263.737
263.737
263.737
263.737
263.737
263.737
263.737
263.737
263.737
263.737
263.737
263.737
263.737
263.737
263.737
263.737
263.737
263.737
263.737
263.737
263.737
263.737
263.737
263.737
263.737
263.737
263.737
263.737
263.737
263.737
263.737
263.737
263.737
263.737
263.737
263.737
263.737
263.737
263.737
263.737
263.737
263.737
263.737
263.737
263.737
263.737
263.737
263.737
263.737
263.737
263.737
263.737
263.737
263.737
263.737
263.737
263.626
263.502
263.502
263.502
263.502
263.502
263.502
263.502
263.502
263.502
263.502
263.502
263.502
262.979
262.979
262.979
262.979
262.979
262.407
262.407
262.407
262.385
262.385
262.385
262.385
262.385
262.385
262.385
262.385
262.385
262.385
262.147
262.147
262.147
262.147
262.147
261.58
261.58
261.58
261.58
261.58
261.58
261.58
261.58
261.58
261.58
261.58
261.58
261.58
261.58
261.58
261.58
261.58
261.58
261.58
261.58
261.58
261.58
261.521
261.521
261.521
261.521
261.079
261.079
261.079
261.079
261.079
261.079
261.079
261.079
261.079
261.079
261.079
261.079
261.079
261.079
261.079
261.079
261.079
261.079
261.079
261.079
261.079
261.079
261.079
261.079
261.079
261.079
261.079
261.079
261.079
261.079
261.079
261.079
261.079
261.079
261.079
261.079
261.079
261.079
261.079
261.079
258.382
258.382
258.382
258.382
258.382
258.382
258.382
258.382
258.382
258.382
258.382
258.382
258.382
258.382
258.382
258.382
258.382
258.382
258.382
258.382
258.382
258.382
258.382
258.382
258.382
258.382
258.382
258.382
258.382
258.382
258.382
258.382
258.382
258.382
258.382
258.382
258.382
258.382
258.382
258.382
258.382
258.198
258.103
258.103
258.103
258.103
258.103
258.103
258.103
258.103
258.103
258.103
258.103
258.103
258.103
258.103
258.103
258.103
258.103
258.103
258.103
258.103
257.52
257.52
257.52
257.52
257.456
257.456
257.456
257.456
257.456
257.456
257.456
257.456
257.456
257.456
257.456
257.456
257.456
256.597
256.597
256.597
256.212
256.212
256.212
256.212
256.212
256.212
256.212
256.212
256.212
256.212
256.212
256.212
256.212
256.212
256.212
256.212
256.212
256.212
256.212
256.212
256.212
256.212
256.212
256.212
256.212
256.212
256.212
256.212
256.212
256.212
256.212
256.212
256.212
256.212
256.212
256.212
254.552
254.552
254.552
254.552
254.552
254.552
254.552
254.552
254.552
254.552
253.265
253.265
253.265
253.265
253.265
253.265
253.265
253.265
253.265
253.265
253.265
253.265
252.45
252.45
252.45
252.45
252.45
252.45
252.45
252.45
252.45
252.45
252.45
252.45
252.237
252.237
252.237
252.048
252.048
252.048
252.048
252.048
252.048
252.048
252.048
252.048
252.048
252.048
252.048
252.048
252.003
252.003
251.495
251.495
251.495
251.495
251.451
251.451
251.451
250.788
250.788
250.788
250.788
250.788
250.788
250.788
250.788
250.788
250.788
250.788
250.788
249.9
249.9
249.9
249.9
249.9
249.9
249.9
249.9
249.9
249.9
249.9
249.365
249.365
249.365
249.365
249.365
249.365
249.365
249.365
249.365
249.365
248.911
248.56
248.106
248.106
248.106
248.106
248.106
248.106
248.106
248.106
248.106
248.106
248.106
248.106
248.106
248.106
248.106
248.106
248.106
248.106
248.106
248.106
248.106
248.106
248.106
248.106
248.106
248.106
248.106
248.106
248.106
248.106
248.106
248.106
248.106
248.106
248.106
248.106
248.106
248.106
248.106
248.106
248.106
248.106
248.106
248.106
248.106
248.106
248.106
248.106
248.106
248.106
248.106
248.106
248.106
247.606
247.606
247.606
247.606
247.606
247.606
247.606
247.606
247.606
247.606
247.606
247.606
247.606
247.239
247.239
247.239
247.239
247.239
247.239
247.239
247.239
247.239
247.239
247.239
247.239
247.239
247.239
247.239
247.239
247.239
247.239
247.239
247.239
247.239
247.239
247.239
247.239
247.239
247.239
247.239
247.239
247.239
247.239
247.239
247.239
247.239
247.239
247.021
247.021
247.021
247.021
247.021
247.021
247.021
247.021
247.021
247.021
247.021
247.021
247.021
247.021
247.021
247.021
247.021
247.021
247.021
247.021
247.021
247.021
247.021
247.021
247.02
247.02
247.02
247.02
247.02
247.02
247.02
247.02
247.02
247.02
247.02
247.02
247.02
247.02
247.02
247.02
247.02
247.02
247.02
247.02
245.249
245.249
244.753
243.997
243.997
243.684
243.684
243.684
243.684
243.684
243.684
243.684
243.684
243.684
243.684
243.684
243.684
243.684
243.684
243.684
243.684
243.684
243.684
243.684
243.684
243.684
243.684
243.684
243.684
243.684
243.684
243.684
243.684
243.684
243.684
243.684
243.684
243.684
243.684
243.684
243.684
243.684
243.684
243.684
243.526
243.526
243.526
243.526
243.526
243.526
243.526
243.526
243.526
243.526
243.526
243.526
243.526
243.526
243.526
243.526
243.526
243.526
243.526
243.526
243.526
242.532
242.532
242.378
242.378
242.378
242.378
242.378
242.378
242.378
242.378
242.378
242.378
242.378
242.378
242.378
242.378
242.378
242.378
241.694
241.694
241.694
241.694
241.694
241.694
241.694
241.694
241.694
241.694
241.694
241.694
241.694
241.694
241.68
241.68
241.68
241.321
241.321
241.321
241.321
240.506
240.491
240.491
240.491
240.491
240.491
240.491
240.491
240.491
240.491
240.491
240.491
240.491
240.491
240.491
240.491
240.491
240.491
240.491
240.491
240.491
240.491
240.491
240.491
240.491
240.491
240.491
240.491
240.491
240.491
240.491
240.491
240.491
240.491
240.491
240.491
240.491
240.491
240.491
240.491
240.491
240.491
240.491
240.491
240.491
240.491
240.491
240.491
240.491
240.491
240.449
240.449
240.449
240.449
240.449
240.449
240.449
240.449
240.449
240.449
240.449
240.449
240.449
240.449
240.449
240.449
240.449
240.449
240.449
240.449
240.449
240.194
240.194
240.194
240.194
240.194
240.194
240.194
240.194
240.194
240.194
240.194
240.194
240.194
240.194
240.194
240.194
240.194
240.194
240.194
240.194
240.194
240.194
240.194
240.194
240.194
240.194
240.194
240.194
240.15
240.15
240.15
240.15
240.15
240.15
240.15
240.15
239.639
239.639
239.639
239.639
239.639
239.639
239.639
239.639
239.639
239.639
239.639
239.639
239.639
239.639
239.639
239.639
239.639
239.639
239.639
239.639
239.639
239.639
239.639
239.639
239.639
239.639
239.639
239.639
239.639
239.639
239.639
239.639
239.639
239.639
239.639
239.639
239.639
239.639
239.639
239.639
239.639
239.639
239.639
239.639
239.639
239.639
239.639
239.639
239.639
239.639
239.639
239.639
239.639
239.639
239.639
239.639
239.639
239.639
239.639
239.639
239.639
239.639
239.639
239.639
239.639
239.639
239.639
239.639
239.639
239.639
239.314
239.314
239.314
239.314
239.314
239.314
239.314
239.314
239.314
239.314
239.314
239.314
239.314
239.314
239.314
239.314
239.314
238.755
238.755
238.755
238.755
238.755
238.755
238.755
238.755
238.755
238.755
238.755
238.624
238.624
238.624
238.624
238.624
238.624
238.624
238.624
238.624
238.624
238.624
238.624
238.624
238.624
238.624
238.624
238.278
238.278
238.278
238.278
236.626
236.626
236.413
236.413
236.413
236.413
236.413
236.413
236.413
236.413
236.413
236.413
236.413
236.413
236.413
236.413
236.413
236.413
236.413
236.413
236.413
236.413
236.413
236.413
236.413
236.413
236.413
236.413
236.413
236.413
236.413
236.413
236.413
236.413
236.413
236.413
236.413
236.413
236.413
236.413
236.413
236.413
236.413
236.413
236.413
236.413
236.413
236.413
236.413
236.413
236.413
235.841
235.841
235.841
235.841
235.841
235.841
235.841
235.841
235.841
235.841
235.841
235.841
235.841
235.607
235.607
235.607
235.607
235.607
235.607
235.601
235.601
235.601
235.601
235.601
235.601
235.361
235.361
235.361
235.361
235.361
235.361
235.361
235.361
235.361
235.361
235.361
234.24
234.24
234.24
234.24
234.24
234.24
234.24
234.24
234.24
234.24
234.24
234.24
234.24
234.24
234.24
234.24
234.24
234.24
234.24
234.24
234.24
234.24
234.24
234.24
234.24
234.24
234.24
234.24
234.24
234.24
234.24
234.24
234.24
234.24
234.24
234.24
234.24
234.24
234.24
234.24
234.24
234.24
234.24
234.24
234.24
234.24
234.24
234.24
234.24
234.24
234.24
234.24
234.24
234.24
234.24
234.24
234.24
234.24
234.24
234.24
234.24
234.24
234.24
234.24
234.24
234.24
234.24
234.24
233.77
233.77
233.77
233.77
233.77
233.516
233.516
233.516
233.516
233.516
233.516
233.516
233.516
233.516
233.516
233.516
233.516
233.516
233.516
233.042
233.042
233.042
233.042
233.042
233.042
233.042
233.042
233.042
233.042
233.042
233.042
233.042
233.042
233.042
233.042
233.042
233.042
233.042
233.042
233.042
233.042
233.042
233.042
233.042
233.042
230.349
230.349
230.349
230.349
230.349
230.349
230.349
230.349
230.349
230.349
230.349
230.349
230.349
230.349
230.349
230.349
230.349
230.349
229.925
229.925
229.925
229.925
229.925
229.925
229.925
229.925
229.925
229.925
229.925
229.925
229.925
229.925
229.925
229.925
229.925
229.925
229.925
229.925
229.925
229.925
229.925
229.925
229.925
229.925
229.925
229.925
229.925
229.925
229.925
229.925
229.925
229.925
229.925
229.925
229.925
229.925
227.72
227.72
227.72
227.72
227.72
227.72
227.72
227.72
227.72
227.72
227.72
227.72
227.72
227.72
227.72
227.72
227.709
227.709
227.709
227.709
227.709
227.709
227.709
227.709
227.709
227.709
227.709
227.709
227.709
227.709
227.709
227.709
227.709
227.709
227.709
227.709
227.709
227.709
227.709
227.709
227.709
227.709
227.709
227.709
227.415
227.415
227.415
227.415
227.415
227.415
227.415
227.415
227.415
227.415
227.415
227.415
227.415
227.415
227.415
227.415
227.415
227.415
227.415
227.415
227.415
227.415
227.415
227.415
227.415
227.415
227.415
227.241
227.241
227.241
227.241
227.241
227.241
226.328
226.328
226.328
226.328
226.328
226.328
226.328
226.328
226.328
226.328
226.328
226.328
226.328
226.328
226.328
226.328
226.328
226.328
226.328
226.328
226.328
226.328
226.328
226.328
226.328
226.328
226.328
226.328
226.328
226.328
226.328
226.328
226.328
226.328
226.328
226.328
226.328
226.328
226.328
226.328
226.328
226.328
226.328
226.328
226.328
226.328
226.328
226.328
226.328
226.328
226.328
226.328
226.328
226.328
226.328
226.328
226.328
226.328
226.328
226.328
226.328
226.328
226.328
226.328
226.328
226.328
226.328
226.328
226.328
226.328
226.328
226.328
226.328
226.328
226.328
226.328
226.328
226.328
226.328
226.328
226.328
226.195
226.195
226.195
226.195
226.195
226.195
226.195
226.195
226.195
226.195
226.195
226.195
226.195
226.195
226.195
226.195
226.195
226.195
226.195
226.195
226.195
226.195
226.195
226.195
226.195
226.195
226.195
226.195
226.195
226.13
226.13
226.13
226.13
226.13
226.13
226.13
226.13
226.13
226.13
226.13
226.13
226.13
226.13
226.13
226.13
226.13
226.13
226.13
226.13
226.13
226.13
226.13
226.13
226.13
226.13
226.13
226.13
226.13
226.13
226.13
226.13
226.13
225.981
225.981
225.981
225.981
225.981
225.981
225.981
225.981
225.981
225.981
225.981
225.981
225.981
225.981
225.981
225.981
225.981
225.981
225.981
225.329
225.329
225.329
225.303
225.103
225.103
224.312
224.312
224.312
224.312
224.312
224.312
224.312
224.312
224.312
224.312
224.312
224.118
224.118
224.118
224.118
224.118
224.118
224.118
224.118
224.118
224.118
224.118
224.118
224.118
224.118
224.118
224.118
223.307
223.307
223.307
223.279
223.279
223.279
223.279
223.279
223.279
223.279
223.279
223.279
223.279
223.279
223.279
223.279
223.279
223.279
223.279
223.279
223.279
223.279
223.279
223.279
223.279
223.279
223.279
223.279
223.229
223.229
223.229
223.229
223.229
223.229
223.229
223.229
223.229
223.229
223.229
223.229
223.229
223.229
223.229
223.229
223.229
223.229
223.229
223.229
223.229
223.229
223.229
223.229
223.229
223.229
223.229
223.229
223.229
223.229
223.229
223.229
223.229
223.229
223.229
223.099
223.099
222.987
222.987
222.987
222.987
222.987
222.987
222.987
222.987
222.987
222.987
222.402
222.402
222.402
222.402
222.402
222.402
222.402
222.402
222.402
222.402
222.402
222.402
222.402
222.402
222.402
222.402
222.402
222.402
222.402
222.402
222.402
222.031
222.031
222.031
222.031
222.031
222.031
222.031
222.031
222.031
222.031
222.031
221.996
221.996
221.996
221.996
221.899
221.899
221.899
221.899
221.682
221.682
221.682
221.682
221.682
221.682
221.682
221.682
221.682
221.682
221.682
221.682
221.682
221.682
221.682
221.682
221.682
221.682
221.682
221.682
221.682
221.117
221.117
221.117
221.117
221.117
221.117
221.036
221.036
221.036
221.036
221.036
221.036
221.036
221.036
221.036
221.036
221.036
221.036
221.036
221.036
221.036
221.036
221.036
221.036
221.036
221.036
221.036
221.036
221.036
221.036
221.036
220.959
220.959
220.959
220.959
220.959
220.959
220.959
220.959
220.959
220.959
220.959
220.901
220.901
220.763
220.763
220.763
220.763
220.763
220.763
220.763
220.763
220.763
220.763
220.763
220.763
220.763
220.763
220.763
220.763
220.379
219.729
219.729
219.729
219.729
219.729
219.729
219.729
219.729
219.729
219.729
219.729
219.729
219.729
219.729
219.729
219.729
219.729
219.729
219.729
219.729
219.729
219.729
219.729
219.729
219.729
219.729
219.729
219.729
219.729
219.729
219.729
219.729
219.729
219.729
219.729
219.729
219.729
219.729
219.729
219.052
219.052
219.052
219.052
219.052
219.052
219.052
219.052
219.052
219.052
219.052
219.052
219.052
219.052
218.272
218.272
218.272
218.272
218.272
218.272
218.272
218.172
218.172
218.172
218.172
218.172
218.172
218.172
218.008
218.008
218.008
218.008
218.008
218.008
218.008
218.008
217.841
217.841
217.841
217.609
217.609
217.609
217.609
217.609
217.609
217.044
217.044
217.044
217.044
217.044
217.044
217.044
217.044
217.044
217.044
217.044
217.044
217.044
217.044
217.044
217.044
217.044
217.044
217.044
217.044
217.044
217.044
217.044
217.044
217.044
217.044
217.044
217.044
217.044
217.044
217.044
217.044
217.044
217.044
217.044
217.044
217.044
217.044
217.044
217.044
217.044
217.044
217.044
217.044
217.044
217.044
217.044
217.044
217.044
217.044
217.044
217.044
217.044
217.044
217.044
217.044
217.044
217.044
217.044
217.044
217.044
217.044
217.044
217.044
217.044
217.044
217.044
217.044
217.044
217.044
217.044
217.044
217.044
217.044
217.044
217.044
217.044
217.044
217.044
217.044
217.044
217.044
217.044
217.044
217.044
217.044
217.044
217.044
217.044
217.044
217.044
217.044
217.044
217.044
217.044
217.044
217.044
217.044
217.044
217.044
217.044
217.044
217.044
217.044
217.044
217.044
217.044
217.044
217.044
217.044
217.044
217.044
217.044
217.044
217.044
217.044
217.044
217.044
217.044
217.044
217.044
217.044
217.044
217.044
217.044
217.044
217.044
217.044
217.044
217.044
217.044
217.044
217.044
217.044
217.044
217.044
217.044
217.044
216.986
216.986
216.986
216.986
216.986
216.986
216.986
216.986
216.986
216.986
216.986
216.986
216.986
216.986
216.986
216.986
216.986
216.986
216.986
216.986
216.787
216.787
216.787
216.787
216.787
216.787
216.787
216.787
216.787
216.787
216.787
216.787
216.787
216.787
216.787
216.787
216.787
216.787
215.88
215.88
215.88
215.88
215.88
215.88
215.88
215.88
215.88
215.88
215.88
215.88
215.88
215.88
215.88
215.733
215.733
215.733
215.733
215.733
215.733
215.733
215.733
215.733
215.733
215.733
215.733
215.733
215.733
215.733
214.167
214.167
214.167
214.167
214.097
214.097
214.097
214.097
214.097
214.097
214.097
214.097
214.097
214.097
214.097
214.097
214.097
214.097
214.097
214.097
214.097
214.097
214.097
214.097
214.097
214.097
214.097
214.097
214.097
214.097
214.097
214.097
214.097
214.097
214.097
214.097
214.097
214.097
214.097
214.097
214.097
213.888
213.888
213.888
213.888
213.888
213.888
213.888
213.888
213.888
213.888
213.888
213.888
213.888
213.888
213.888
213.888
213.888
213.888
213.888
213.888
213.888
213.888
213.888
213.888
213.888
213.888
213.888
213.888
213.888
213.888
213.888
213.888
213.888
213.888
213.888
213.888
213.888
213.888
213.888
213.888
213.888
213.888
213.888
213.888
213.888
213.888
213.888
213.888
213.888
213.888
213.888
213.888
213.888
213.888
213.888
213.888
213.888
213.888
213.888
213.888
213.888
213.888
213.888
213.888
213.888
213.888
213.888
213.888
213.888
213.888
213.888
213.888
213.888
213.888
213.888
213.888
213.888
213.888
213.888
213.888
213.888
213.888
213.888
213.888
213.318
213.318
213.318
213.318
213.318
213.246
213.246
213.246
213.246
213.246
213.246
213.246
213.246
213.246
213.246
213.246
213.246
213.246
213.246
213.246
213.194
212.315
211.848
211.848
211.848
211.848
211.848
211.848
211.848
211.848
211.848
211.848
211.848
211.848
211.848
211.848
211.848
211.551
211.551
211.551
211.551
211.551
211.551
211.551
211.551
211.551
211.551
211.551
211.551
211.551
211.551
211.551
211.551
211.551
211.551
211.551
211.551
211.551
211.551
211.551
211.551
210.736
210.736
210.736
210.736
210.736
210.736
210.736
210.736
210.736
210.736
210.736
210.736
210.736
210.736
210.736
210.736
210.736
210.736
210.736
210.736
210.736
210.736
210.736
210.736
210.736
210.736
210.736
210.736
210.736
210.736
210.736
210.736
210.736
210.736
210.736
210.736
210.736
210.736
210.736
210.736
210.736
210.736
210.736
210.736
210.736
210.736
210.736
210.736
210.736
210.736
210.736
210.736
210.736
210.736
210.736
210.736
210.736
210.736
210.736
210.736
210.736
210.736
210.736
210.736
210.346
210.346
210.346
210.346
210.346
210.346
210.346
210.346
210.346
210.346
210.346
210.346
210.346
210.346
210.346
210.346
210.346
210.346
210.346
210.346
210.346
210.346
210.346
210.346
210.346
210.346
210.346
210.346
210.346
210.346
210.346
210.346
210.346
210.346
210.346
210.346
210.346
210.346
210.346
210.346
210.346
210.346
210.346
210.346
209.297
209.297
209.297
209.297
209.297
209.297
209.297
209.297
209.297
209.297
209.297
209.297
209.297
209.297
209.297
209.297
209.297
209.297
209.297
209.297
209.297
209.297
209.297
209.297
209.297
209.297
209.297
209.297
209.297
209.297
209.297
209.297
208.634
208.634
208.634
208.634
208.634
208.401
208.401
208.401
208.401
208.401
208.401
208.401
208.401
208.401
208.401
208.401
208.401
208.401
208.401
208.401
208.401
208.401
208.176
208.176
208.176
208.176
208.176
208.176
208.176
208.176
208.176
208.176
208.176
208.176
208.176
208.176
208.176
208.176
208.176
208.176
208.176
208.176
208.176
208.176
208.176
208.176
208.176
208.176
208.176
208.176
208.176
208.176
208.176
208.176
208.176
208.176
208.176
208.176
208.176
208.176
208.176
208.176
208.176
208.176
208.176
208.176
208.176
208.176
208.176
208.176
208.176
208.176
207.822
207.822
207.822
207.822
207.822
207.822
207.822
207.822
207.822
205.772
205.772
205.772
205.772
205.772
205.772
205.772
205.711
205.711
205.711
205.711
205.711
205.411
205.411
205.411
205.411
205.411
205.411
205.411
205.411
205.411
205.411
205.411
205.411
205.411
205.411
205.411
205.411
205.411
205.411
205.411
205.411
205.133
205.133
205.133
205.133
205.133
205.133
205.133
205.133
205.133
205.133
205.133
205.133
205.133
205.133
205.133
205.133
205.133
205.133
205.133
205.133
205.133
205.133
205.133
205.133
205.133
205.133
205.133
205.133
205.133
205.133
205.133
205.133
205.133
205.133
205.133
205.133
205.133
205.133
205.133
205.133
205.133
205.133
205.133
205.133
205.133
205.133
205.133
205.133
205.133
205.133
205.133
205.133
205.133
205.133
205.133
205.133
205.133
205.133
205.133
205.133
205.133
205.133
205.133
205.133
205.133
205.133
205.133
205.133
205.133
205.133
205.133
204.891
204.891
204.891
204.891
204.891
204.891
204.891
204.891
204.891
204.891
204.891
204.891
204.891
204.891
204.891
204.891
204.891
204.891
204.891
204.891
204.891
204.891
204.891
204.891
204.891
204.891
204.891
204.891
204.891
204.815
204.815
204.815
204.815
204.815
204.815
204.815
204.815
204.815
204.815
204.815
204.815
204.815
204.815
204.815
204.815
204.815
204.815
204.815
204.815
204.815
204.815
204.815
204.815
204.815
204.815
204.815
204.815
204.815
204.815
204.815
204.815
204.815
204.815
204.815
204.815
204.815
204.815
204.815
204.815
204.815
204.815
204.04
203.502
203.502
203.502
203.502
202.875
202.875
202.875
202.875
202.875
202.875
202.875
202.875
202.875
202.875
202.875
202.875
202.875
202.875
202.875
202.875
202.875
202.875
202.875
202.875
202.875
202.875
202.875
202.875
202.875
202.875
202.875
202.875
202.875
202.875
202.875
202.875
202.875
202.875
202.875
202.875
202.875
202.875
202.875
202.875
202.875
202.875
202.875
202.875
202.608
202.608
202.608
202.594
202.594
202.594
202.594
202.594
202.594
202.594
202.594
202.594
202.594
202.594
202.594
202.594
202.594
202.594
202.594
202.594
202.594
202.594
202.594
202.594
202.594
202.594
202.594
202.594
201.526
201.526
201.526
201.526
201.526
201.526
201.526
201.526
201.526
201.526
201.526
201.526
201.526
201.526
200.933
200.933
200.933
200.933
200.933
200.933
200.933
200.933
200.933
200.933
200.933
200.933
200.933
200.933
200.933
200.933
200.91
200.91
200.91
200.91
200.91
200.91
200.91
200.91
200.91
200.91
200.91
200.91
200.91
200.91
200.91
200.91
200.91
200.91
200.91
200.91
200.91
200.91
200.91
200.91
200.91
200.91
200.91
200.91
200.91
200.91
200.91
200.91
200.91
200.91
200.91
200.91
200.91
200.91
200.91
200.91
200.91
200.91
200.91
200.91
200.91
200.91
200.91
200.91
200.91
200.91
200.91
200.91
200.91
200.91
200.91
200.91
200.91
200.91
200.91
200.91
200.91
200.91
200.91
200.91
200.91
200.91
200.91
200.91
200.91
200.91
200.91
200.91
200.91
200.91
200.91
200.91
200.91
200.91
200.91
200.91
200.84
200.222
200.222
200.222
200.222
200.108
200.108
200.108
200.108
200.108
200.108
200.09
200.09
200.09
200.09
200.09
200.09
200.09
200.09
200.09
200.09
200.09
200.09
200.09
200.09
200.09
200.09
200.09
200.09
200.09
200.09
200.09
200.09
200.09
200.09
200.09
200.09
200.09
200.09
200.09
200.09
200.09
200.09
200.09
200.09
200.09
200.09
200.09
200.09
199.64
199.64
199.64
199.64
199.64
199.64
199.64
199.64
199.538
199.538
199.538
199.538
199.538
199.538
199.538
199.538
199.538
199.538
199.538
199.538
199.538
199.538
199.538
199.538
199.538
199.538
199.538
199.538
199.538
199.538
199.538
199.538
199.538
199.538
199.538
199.538
199.538
199.538
199.538
199.538
199.538
199.538
199.538
199.538
199.538
199.538
199.538
199.538
199.538
199.538
199.538
199.538
199.538
199.538
199.538
199.538
199.538
199.538
199.538
199.538
199.538
199.538
199.538
199.538
199.319
199.319
199.319
199.319
199.319
199.319
199.319
199.319
199.319
199.319
199.319
199.319
199.319
199.319
199.319
199.319
199.319
199.319
199.319
199.319
199.319
199.319
199.319
199.236
198.838
198.838
198.616
198.616
198.616
198.616
198.616
198.616
198.616
198.616
198.616
198.616
198.616
198.616
198.616
198.616
198.616
198.616
198.616
198.616
198.616
198.616
198.616
198.616
198.616
198.616
198.616
198.616
198.616
198.546
198.546
198.038
198.038
198.038
198.038
198.038
198.038
198.038
198.038
198.038
198.038
198.038
198.038
198.038
198.038
198.038
198.038
198.038
198.038
198.038
198.038
198.038
198.038
198.038
198.038
198.038
198.038
198.038
198.038
198.038
198.038
198.038
198.038
198.038
198.038
198.038
198.038
198.038
198.038
198.038
198.038
198.038
198.038
198.038
198.038
198.038
198.038
198.038
198.038
198.038
198.038
198.038
198.038
198.038
198.038
198.038
198.038
198.038
197.932
197.932
197.932
197.932
197.932
197.932
197.932
197.932
197.932
197.932
197.932
197.932
197.932
197.932
197.932
197.932
197.932
197.932
197.932
197.932
197.932
197.438
197.438
197.438
197.438
197.438
197.438
197.438
197.438
197.438
197.438
197.438
197.438
197.438
197.299
197.299
197.299
197.299
197.299
197.299
197.299
197.299
197.299
197.299
197.299
197.299
197.299
197.299
197.299
197.299
197.299
197.299
197.299
197.299
197.299
197.299
197.299
197.299
197.299
197.299
197.299
197.299
197.299
197.299
197.299
197.299
197.299
197.299
197.299
197.299
197.299
197.299
197.299
196.943
196.943
196.943
196.943
196.943
196.669
196.669
196.669
196.669
195.237
195.237
195.237
195.237
195.219
195.219
195.219
195.219
195.219
195.219
194.981
194.981
194.981
194.981
194.981
194.981
194.981
194.981
194.981
194.981
194.981
194.981
194.981
194.981
194.981
194.981
194.981
194.981
194.981
194.981
194.981
194.981
194.981
194.981
194.981
194.981
194.981
194.981
194.981
194.981
194.981
194.981
194.981
194.981
194.981
194.981
194.981
194.981
194.981
194.981
194.981
194.981
194.981
194.766
194.766
194.766
194.766
194.766
194.766
194.766
194.766
194.766
194.766
194.766
194.766
194.766
194.766
194.766
194.766
194.766
194.766
194.766
194.766
194.766
194.766
194.766
194.766
194.766
194.766
194.766
194.766
194.766
194.766
194.766
194.766
194.766
194.766
194.766
194.766
194.766
194.766
194.766
194.766
194.766
194.766
194.766
194.766
194.766
194.766
194.766
194.766
194.766
194.766
194.766
194.766
194.766
194.766
194.766
194.766
194.766
194.766
194.766
194.766
194.766
194.766
194.766
194.766
194.766
194.766
194.766
194.766
194.766
194.766
194.766
194.766
194.766
194.766
194.766
194.766
194.766
194.766
194.766
194.766
194.766
194.766
194.766
194.766
194.766
194.766
194.766
194.766
194.766
194.766
194.766
194.766
194.766
194.766
194.766
194.766
194.766
194.766
194.766
194.766
194.766
194.766
194.766
194.766
194.766
194.766
194.766
194.766
194.766
194.766
194.766
194.766
194.766
194.766
194.766
194.766
194.766
194.766
194.766
194.766
194.766
194.766
194.766
194.766
194.766
194.766
194.766
194.766
194.766
194.766
194.766
194.766
194.766
194.766
194.766
194.766
194.766
194.766
194.766
194.766
194.766
194.766
194.71
194.71
194.71
194.71
194.71
194.71
194.71
194.71
194.71
194.71
194.71
194.71
194.71
194.71
194.71
194.71
194.525
194.525
194.525
194.525
194.525
194.525
194.525
194.525
194.525
194.525
194.525
194.442
194.442
194.442
194.427
194.427
194.427
194.427
193.86
193.86
193.86
193.86
193.86
193.86
193.86
193.86
193.86
193.86
193.86
193.86
193.86
193.86
193.86
193.86
193.86
193.86
193.86
193.86
193.86
193.86
193.86
193.86
193.86
193.86
193.86
193.86
193.86
193.86
193.86
193.86
193.86
193.86
193.86
193.86
193.86
193.86
193.86
193.86
193.86
193.86
193.86
193.86
193.86
193.86
193.86
193.86
193.86
193.86
193.86
193.86
193.86
193.86
193.86
193.86
193.86
193.86
193.86
193.86
193.86
193.573
193.573
193.573
193.573
193.573
193.573
193.573
193.573
193.573
193.573
193.573
193.573
193.573
193.573
193.573
193.573
193.573
193.573
193.573
193.573
193.573
193.573
193.573
193.573
193.039
193.039
193.039
193.039
193.039
193.039
193.039
193.039
193.039
193.039
193.039
193.039
193.039
193.039
193.039
193.039
193.039
193.039
193.039
193.039
193.039
193.039
193.039
193.039
193.039
193.039
193.039
193.039
193.039
193.039
193.039
193.039
193.039
193.039
193.039
193.039
193.039
193.039
193.039
193.039
193.039
193.039
193.039
193.039
193.039
193.039
193.039
193.039
192.842
192.842
192.842
192.842
192.842
192.842
192.842
192.842
192.842
192.842
192.842
192.842
192.842
192.842
192.842
192.842
192.842
192.842
192.842
192.842
192.842
192.842
192.842
192.842
192.842
192.842
192.842
192.842
192.842
192.842
192.842
192.842
192.842
192.842
192.842
192.842
192.842
192.842
192.842
192.842
192.842
192.842
192.842
192.842
192.842
192.842
192.842
192.842
192.842
192.842
192.842
192.842
192.842
192.842
192.842
192.616
192.616
192.616
192.616
192.616
192.616
192.616
192.616
192.616
192.616
192.616
192.616
192.616
192.616
192.616
192.616
192.616
192.616
192.616
192.616
192.616
192.616
192.616
192.616
192.616
192.616
192.616
192.616
192.616
192.616
192.616
192.616
192.616
192.616
192.616
192.616
192.616
192.616
192.616
192.616
192.616
192.616
192.616
192.616
192.616
192.616
192.616
192.616
192.616
192.616
192.616
192.616
192.616
192.616
192.616
192.616
192.616
192.616
192.616
192.616
192.616
192.616
192.616
192.329
192.329
192.329
192.329
192.329
192.329
192.329
192.329
192.329
192.329
192.329
192.329
192.329
192.329
192.329
192.329
192.329
192.329
192.329
192.329
192.329
192.329
192.329
192.329
192.329
192.329
192.329
192.329
192.329
192.329
192.186
192.186
192.186
192.186
192.186
192.186
192.186
192.186
192.186
192.186
192.186
192.186
192.186
192.186
192.186
192.186
192.186
192.186
192.186
192.186
192.186
192.186
192.186
192.186
192.186
192.186
192.186
192.186
192.186
192.186
192.186
192.186
192.186
192.186
192.186
192.186
192.186
192.186
192.186
192.186
192.186
192.186
192.186
192.186
192.186
192.186
192.186
192.186
192.186
192.186
192.186
192.186
192.186
192.186
192.186
192.186
192.186
192.186
192.186
192.186
192.186
192.186
192.186
192.186
192.186
192.186
192.186
192.186
192.186
192.186
192.186
192.186
192.186
192.186
192.186
192.186
192.186
192.186
192.186
192.186
192.186
192.186
192.186
192.186
192.186
192.186
192.186
192.186
192.186
192.186
192.186
192.186
192.186
192.186
192.186
192.186
192.186
192.186
192.186
192.186
192.186
192.186
192.186
192.186
192.186
192.186
192.186
192.186
192.186
192.186
192.186
192.186
192.186
192.186
192.186
192.186
192.186
191.032
191.032
191.032
191.032
191.032
191.032
191.032
191.032
190.572
190.572
190.572
190.572
190.572
190.572
190.572
190.572
190.572
190.572
190.572
190.572
190.572
190.572
190.572
190.572
190.572
190.572
190.572
190.572
190.572
190.572
190.572
190.572
190.572
190.572
190.572
190.572
190.572
190.572
190.572
190.572
190.572
190.572
190.572
190.572
190.572
190.572
190.572
190.572
190.572
190.572
190.572
190.572
190.572
190.572
190.572
190.572
190.572
190.572
190.572
190.572
190.572
190.572
190.572
190.572
190.572
190.572
190.572
190.572
190.572
190.572
190.572
190.572
190.572
190.572
190.572
190.572
190.572
190.572
190.572
190.572
190.572
190.572
190.572
190.572
190.572
190.572
190.572
190.572
190.572
190.572
190.572
190.572
190.572
190.572
190.572
190.572
190.572
190.572
190.572
190.572
190.572
190.572
190.572
190.572
190.572
190.572
190.572
190.572
190.572
190.572
190.572
190.572
190.393
190.393
190.393
190.393
190.393
190.393
190.393
190.393
190.393
190.393
190.393
190.393
190.393
190.393
190.393
190.393
190.393
190.393
190.393
190.393
190.393
190.393
190.393
190.393
190.393
190.393
190.393
190.393
190.393
190.393
190.393
190.393
190.393
190.393
190.393
190.393
190.393
190.393
190.393
190.393
190.393
190.393
190.393
190.393
190.393
190.393
190.393
190.393
190.393
190.393
190.393
190.393
190.393
190.393
190.393
190.393
190.393
190.393
190.393
190.393
190.393
190.393
190.393
190.393
190.393
190.393
190.393
190.393
190.393
190.393
190.393
190.393
190.393
190.393
190.393
190.393
190.393
190.393
190.393
190.393
190.393
190.393
190.393
190.393
190.393
190.393
190.393
190.393
190.393
190.393
190.393
190.393
190.393
190.393
190.393
190.393
190.393
190.393
190.393
190.393
190.393
190.393
190.393
190.393
190.393
190.393
190.393
190.393
190.393
190.393
190.393
190.393
190.393
190.393
190.393
190.393
190.393
190.393
190.393
190.393
190.393
190.393
190.393
190.393
190.393
190.393
190.393
190.393
190.393
190.393
190.393
190.393
190.393
190.393
190.393
190.393
190.393
190.393
190.393
190.393
190.393
190.393
190.393
190.393
190.393
190.393
190.393
190.393
190.393
190.393
190.393
190.393
190.393
190.393
190.393
190.393
190.393
190.393
190.393
190.393
190.393
190.393
190.393
190.393
190.393
190.393
190.393
190.393
190.393
190.393
190.393
190.393
190.393
190.393
190.393
190.314
190.314
190.314
190.314
190.314
190.314
190.281
189.513
189.513
189.513
189.513
189.513
189.513
189.513
189.513
189.513
189.513
189.513
189.513
189.513
189.48
189.48
189.48
189.48
189.469
189.469
189.469
189.469
189.469
189.469
189.469
189.469
189.469
189.469
189.469
189.469
189.469
189.469
189.469
189.469
189.469
189.469
189.469
189.469
189.469
189.469
189.469
189.469
189.469
189.469
189.469
189.469
189.469
189.469
189.469
189.469
189.469
189.469
189.469
189.469
188.834
188.834
188.834
188.834
188.834
188.834
188.834
188.834
188.834
188.834
188.834
188.834
188.834
188.834
188.834
188.834
188.834
188.834
188.834
188.834
188.834
188.834
188.834
188.834
188.834
188.834
188.834
188.834
188.834
188.834
188.834
188.834
188.834
188.834
188.834
188.834
188.834
188.68
188.68
188.68
188.68
188.68
188.68
188.68
188.68
188.68
188.68
188.68
188.68
188.68
188.68
188.68
188.68
188.68
188.68
188.68
188.68
188.68
188.68
188.68
188.68
188.68
188.68
188.68
188.68
188.68
188.68
188.68
188.68
188.68
188.68
188.68
188.68
188.68
188.68
188.68
188.68
188.68
188.68
188.68
188.68
188.68
188.68
188.68
188.68
188.68
188.68
188.68
188.68
188.68
188.68
188.68
188.68
188.68
188.68
188.68
188.68
188.68
188.68
188.68
188.68
188.68
188.68
188.68
188.68
188.68
188.68
188.68
188.68
188.68
188.113
188.113
188.113
188.113
188.113
188.113
188.113
188.113
188.113
188.113
188.113
188.113
188.113
188.113
188.113
188.113
188.113
188.113
188.113
188.113
188.113
188.113
188.113
188.113
188.113
188.113
187.809
187.809
187.809
187.809
187.809
187.809
187.809
187.809
187.809
187.809
187.809
187.809
187.809
187.809
187.809
187.809
187.809
187.809
187.809
187.809
187.809
187.809
187.809
187.809
187.809
187.809
187.809
187.809
187.809
187.809
187.809
187.809
187.446
187.446
187.446
187.446
187.446
187.446
187.446
187.446
187.446
187.446
187.446
187.446
187.446
187.446
187.446
187.446
187.446
187.446
187.446
187.446
187.446
187.446
187.446
187.446
187.446
187.446
187.446
187.446
187.446
187.446
187.446
187.446
187.446
187.446
187.446
187.446
187.446
187.446
187.446
187.446
187.446
187.446
187.446
187.446
187.446
187.446
187.446
187.446
187.446
187.446
187.446
187.446
187.446
187.446
187.446
187.446
187.446
187.446
187.446
187.446
187.446
187.446
187.446
187.446
187.446
187.446
187.446
187.446
187.446
187.446
187.446
187.446
187.446
187.446
187.446
187.446
187.446
187.446
187.446
187.446
187.446
187.446
187.446
187.446
187.446
187.446
187.446
187.446
187.446
187.446
187.446
187.446
187.446
187.446
187.446
187.446
187.446
187.446
187.446
187.446
187.446
187.446
187.446
187.446
187.446
187.446
187.446
187.446
187.446
187.446
187.446
187.446
187.446
187.446
187.446
187.446
187.446
187.446
187.446
187.446
187.446
187.446
187.446
187.446
187.446
187.446
187.446
187.446
187.155
187.155
187.155
187.155
187.155
187.155
187.155
187.155
187.155
187.155
187.155
187.155
187.155
187.155
187.155
187.155
187.155
187.155
187.155
187.155
187.155
187.155
187.155
187.155
187.155
187.155
187.155
187.155
186.942
186.942
186.942
186.942
186.942
186.942
186.942
186.942
186.942
186.942
186.942
186.942
186.942
186.942
186.75
186.75
186.75
186.75
186.75
186.75
186.75
186.75
186.75
186.75
186.75
186.75
186.75
186.75
186.75
186.75
186.75
186.75
186.75
186.75
186.75
186.75
186.75
186.75
186.75
186.75
186.75
186.75
186.75
186.75
186.75
186.75
186.75
186.75
186.75
186.75
186.75
186.75
186.75
186.75
186.75
186.75
186.75
186.75
186.75
186.75
186.75
186.75
186.75
186.75
186.75
186.75
186.75
186.75
186.75
186.75
186.75
185.01
185.01
185.01
183.591
183.591
183.591
183.591
183.591
183.591
183.591
183.591
183.591
183.591
183.591
183.591
183.591
183.591
183.591
183.591
183.591
183.591
183.591
183.591
183.591
183.591
183.591
183.591
183.591
183.591
183.591
183.591
183.591
183.591
183.591
183.591
183.591
183.591
183.591
183.591
183.591
183.591
183.591
183.591
183.591
183.591
183.591
183.591
183.591
183.591
183.591
183.591
183.591
183.591
183.591
183.591
183.591
183.591
183.591
183.591
183.591
183.591
183.591
183.591
183.591
183.591
183.591
183.591
183.591
183.591
183.591
183.591
183.591
183.591
183.591
183.591
183.591
183.591
183.591
183.591
183.591
183.591
183.591
183.591
183.591
183.591
183.591
183.591
183.591
183.591
183.591
183.591
183.591
183.591
183.591
183.591
183.591
183.591
183.591
183.591
183.591
183.591
183.591
183.591
183.591
183.591
183.591
183.591
183.591
183.591
183.591
183.591
183.591
183.591
183.591
183.591
183.591
183.591
183.591
183.591
183.591
183.591
183.591
183.591
183.591
183.591
183.591
183.591
183.591
183.591
183.301
183.301
183.301
183.301
183.301
183.301
183.301
183.301
183.301
183.301
183.301
183.301
183.301
183.301
183.301
183.301
183.301
183.301
183.301
183.301
183.163
183.163
183.163
183.163
183.163
183.163
183.163
183.09
183.09
183.09
183.09
183.09
183.09
183.09
183.09
183.09
183.09
183.09
183.09
183.09
183.09
183.09
183.09
183.09
183.09
183.09
183.09
183.09
183.09
183.09
183.09
183.09
183.09
183.09
183.09
183.09
183.09
183.09
183.09
183.09
183.09
183.09
183.09
183.09
183.09
183.09
183.09
183.09
183.09
183.09
183.09
183.09
183.09
183.09
183.09
183.09
183.09
183.09
183.09
183.09
183.09
183.09
183.09
183.09
183.09
183.09
183.09
183.09
183.09
183.09
183.09
183.09
183.09
183.09
183.09
183.09
183.09
183.09
183.09
183.09
183.09
183.09
183.09
183.09
183.09
183.09
183.09
183.09
183.09
183.09
183.09
183.09
183.09
183.09
183.09
183.09
183.09
183.09
183.09
183.09
183.09
183.09
183.09
183.09
183.09
183.09
183.09
183.09
183.09
183.09
183.09
183.09
183.09
183.09
183.09
183.09
183.09
183.09
183.09
183.09
183.09
183.09
183.09
183.09
183.09
183.09
183.09
183.09
183.09
183.09
183.09
183.09
183.09
183.09
183.09
183.09
183.09
183.09
183.09
183.09
183.09
183.09
183.09
183.09
183.09
183.09
183.09
183.09
183.09
183.09
183.09
183.09
183.09
183.09
183.09
183.09
183.09
183.09
183.09
183.09
183.09
183.09
183.09
183.09
183.09
183.09
183.09
183.09
183.09
183.09
183.09
183.09
183.09
183.09
183.09
183.09
183.09
183.09
183.09
183.09
183.09
183.09
183.09
183.09
183.09
183.09
183.09
183.09
183.09
183.09
183.09
183.09
183.09
183.09
183.09
183.09
183.09
183.09
183.09
183.09
183.09
183.09
183.09
183.09
183.09
183.09
183.09
183.09
183.09
183.09
183.09
183.09
183.09
183.09
183.09
182.356
182.356
182.356
182.356
182.356
182.356
182.356
182.356
182.356
182.356
182.356
182.356
182.356
182.356
182.356
182.356
182.356
182.356
182.356
182.356
182.356
182.356
182.142
182.142
182.142
182.142
182.142
182.142
182.142
182.142
182.142
182.142
182.142
182.142
182.142
182.142
182.142
181.942
181.942
181.942
181.942
181.942
181.942
181.942
181.942
181.942
181.942
181.942
181.942
181.942
181.942
181.942
181.942
181.942
181.942
181.942
181.942
181.942
181.942
181.942
181.942
181.942
181.942
181.942
181.942
181.942
181.942
181.942
181.942
181.942
181.942
181.942
181.942
181.942
181.942
181.942
181.942
181.942
181.942
181.942
181.942
181.942
181.942
181.942
181.942
181.942
181.942
181.942
181.942
181.942
181.942
181.942
181.942
181.942
181.942
181.942
181.942
181.483
181.483
181.483
181.483
181.483
181.483
181.483
181.483
181.483
181.483
181.483
181.483
181.483
181.483
181.483
181.483
181.483
181.483
181.483
181.483
181.483
181.483
181.483
181.483
181.483
181.483
181.483
181.483
181.483
181.483
181.483
181.483
181.483
181.483
181.483
181.483
181.483
181.483
181.483
181.483
181.483
181.483
181.483
181.483
181.483
181.483
181.483
181.449
181.449
181.449
181.449
181.449
181.449
181.449
181.449
181.449
181.449
181.449
181.449
181.449
181.449
181.14
181.14
181.14
181.14
181.14
181.14
181.14
181.14
181.14
181.14
181.14
181.14
181.14
181.14
181.14
181.14
181.14
181.14
181.14
181.14
181.14
181.14
181.14
181.14
181.14
181.14
181.14
181.14
181.14
181.14
181.14
181.14
181.14
181.14
181.14
181.14
181.14
181.14
181.14
181.14
181.14
181.14
181.14
181.14
181.14
181.14
181.14
181.14
181.14
181.14
181.14
181.14
181.14
181.14
181.14
181.14
181.14
181.14
181.14
181.14
181.14
181.14
181.14
181.14
181.14
181.14
181.14
181.14
181.14
181.14
181.14
181.14
181.14
181.14
181.14
181.14
181.14
181.14
181.14
181.14
181.14
181.14
180.906
180.906
180.383
180.383
180.383
180.383
180.383
180.383
180.383
180.383
180.383
180.383
180.383
180.383
180.383
180.383
180.383
180.383
180.383
180.383
180.383
180.383
180.383
180.383
180.383
180.383
180.383
180.383
180.383
180.383
180.383
180.383
180.383
180.383
180.383
180.383
180.383
180.383
180.383
180.383
180.383
180.383
180.383
180.383
180.383
180.383
180.383
180.383
180.383
180.383
180.383
180.383
180.383
180.383
180.383
180.383
180.383
180.383
180.383
180.383
180.383
180.383
180.383
180.383
180.383
180.383
180.383
180.383
180.383
180.383
180.383
180.383
180.383
180.383
180.383
180.383
180.383
180.383
180.383
180.383
180.383
180.383
180.383
180.383
180.383
180.383
180.383
180.383
180.383
180.383
180.383
180.383
180.383
180.383
180.383
180.383
180.383
180.383
180.383
180.383
180.383
180.383
180.383
180.383
180.383
180.383
180.383
180.383
180.383
180.383
180.383
180.383
180.383
180.383
180.383
180.383
180.383
180.383
180.383
180.383
180.181
180.181
180.181
180.181
180.181
180.181
180.181
180.181
180.181
180.181
180.181
180.181
180.181
180.181
180.181
180.181
180.181
180.181
180.181
180.181
180.181
180.181
180.181
180.181
179.337
179.337
179.284
179.284
179.284
179.284
179.284
179.284
179.284
179.284
179.284
178.915
178.915
178.915
178.915
178.915
178.915
178.915
178.915
178.915
178.915
178.915
178.915
178.915
178.915
178.915
178.915
178.915
178.915
178.915
178.915
178.915
178.915
178.915
178.915
178.915
178.915
178.915
178.915
178.915
178.915
178.915
178.915
178.915
178.915
178.915
178.915
178.915
178.915
178.915
178.915
178.915
178.915
178.915
178.915
178.915
178.915
178.915
178.915
178.915
178.915
178.915
178.915
178.915
178.915
178.915
178.915
178.915
178.915
178.915
178.915
178.915
178.637
178.637
178.637
178.637
178.637
178.637
178.637
178.637
178.637
178.637
178.637
178.637
178.637
178.637
178.637
178.637
178.637
178.637
178.637
178.637
178.637
178.637
178.637
178.637
178.637
178.637
178.637
178.637
178.637
178.637
178.637
178.637
178.637
178.637
178.637
178.637
178.637
178.637
178.637
178.637
178.637
178.637
178.637
178.637
178.637
178.637
178.637
178.637
178.637
178.637
178.637
178.637
178.637
178.637
178.637
178.637
178.637
178.637
178.637
178.637
178.637
178.637
178.637
178.637
178.637
178.637
178.637
178.637
178.637
178.637
178.637
178.637
178.637
178.637
178.637
178.637
178.637
178.637
178.637
178.637
178.637
178.637
178.637
178.637
178.637
178.637
178.637
178.637
178.637
178.637
178.637
178.637
178.637
178.637
178.637
178.637
178.637
178.637
178.637
178.637
178.637
178.637
178.637
178.637
178.637
178.637
178.637
178.637
178.637
178.637
178.637
178.637
178.637
178.637
178.637
178.637
178.637
178.637
178.637
178.637
178.637
178.637
178.637
178.637
178.637
178.637
178.637
178.637
178.637
178.637
178.637
178.637
178.637
178.637
178.637
178.637
178.637
178.29
178.29
178.29
178.29
178.29
178.29
178.29
178.29
178.29
178.29
178.29
178.29
178.29
178.29
178.29
178.29
178.29
178.29
178.29
178.29
178.29
178.29
178.29
178.29
178.29
178.29
178.29
178.29
178.29
178.29
178.29
178.29
178.29
178.29
178.29
178.29
178.29
178.29
178.266
178.266
178.266
178.266
178.266
178.266
178.266
178.266
178.266
178.266
178.266
178.266
178.266
178.266
178.224
178.224
178.224
178.224
178.224
178.224
178.224
178.224
178.224
178.224
178.224
178.224
178.224
178.224
178.224
178.224
178.224
178.224
178.224
178.224
178.224
178.224
178.224
178.224
178.224
178.224
178.224
178.224
178.224
178.224
178.224
178.224
178.224
178.224
178.224
178.224
178.224
178.224
178.224
178.224
178.224
178.224
178.224
178.224
178.224
178.224
178.224
178.224
178.224
178.224
178.224
178.224
178.224
178.224
178.224
178.224
178.191
178.191
178.191
178.191
178.191
176.936
176.936
176.936
176.936
176.936
176.936
176.936
176.936
176.936
176.936
176.936
176.936
176.936
176.936
176.936
176.936
176.936
176.936
176.936
176.936
176.936
176.936
176.936
176.936
176.936
176.936
176.936
176.936
176.936
176.936
176.936
176.936
176.936
176.936
176.936
176.936
176.936
176.936
176.936
176.936
176.936
176.936
176.936
176.936
176.936
176.936
176.936
176.936
176.936
176.936
176.936
176.936
176.936
176.936
176.936
176.936
176.936
176.936
176.936
176.936
176.936
176.936
176.936
176.936
176.936
176.936
176.936
176.936
176.936
176.936
176.936
176.936
176.936
176.936
176.936
176.936
176.936
176.936
176.936
176.936
176.936
176.936
176.936
176.936
176.936
176.936
176.936
176.936
176.936
176.936
176.575
176.575
176.575
176.575
176.575
176.575
176.575
176.575
176.575
176.575
176.575
176.575
176.575
176.575
176.575
176.575
176.575
176.575
176.575
176.575
176.575
176.575
176.575
176.575
176.575
176.575
176.575
176.575
176.575
176.575
176.575
176.575
176.575
176.575
176.575
176.575
176.575
176.575
176.575
176.575
176.575
176.575
176.575
176.575
176.575
176.575
176.575
176.575
176.575
176.575
176.575
176.575
176.575
176.213
176.213
176.213
176.213
176.213
176.213
176.213
176.213
176.213
175.766
175.766
175.766
175.766
175.766
175.766
175.766
175.766
175.766
175.766
175.766
175.766
175.766
175.766
175.766
175.766
175.766
175.766
175.766
175.766
175.766
175.766
175.766
175.766
175.766
175.766
175.766
175.766
175.766
175.766
175.766
175.766
175.766
175.766
175.766
175.766
175.766
175.766
175.766
175.766
175.766
175.766
175.766
175.766
175.766
175.766
175.766
175.766
175.766
175.766
175.766
175.766
175.766
175.766
175.766
175.766
175.766
175.766
175.766
175.766
175.766
175.766
175.766
175.766
175.766
175.659
175.659
175.659
175.659
175.659
175.659
175.659
175.659
175.659
175.659
175.659
175.659
175.659
175.659
175.659
175.659
175.659
175.659
175.659
175.659
175.659
175.659
175.659
175.659
175.659
175.659
175.659
175.659
175.659
175.659
175.659
175.659
175.659
175.659
175.542
175.542
175.542
175.542
175.542
175.542
175.542
175.542
175.542
175.542
175.542
175.542
175.542
175.542
175.542
175.542
175.542
175.542
175.542
175.542
175.542
175.542
175.542
175.542
175.542
175.542
175.542
175.542
175.542
175.542
175.542
175.542
175.542
175.542
175.542
175.542
175.542
175.542
175.542
175.542
175.542
175.542
175.542
175.542
175.542
175.542
175.542
175.542
175.542
175.542
175.542
175.542
175.542
175.542
175.542
175.542
175.542
175.542
175.542
175.542
175.542
175.542
175.542
175.542
175.542
175.542
175.542
175.542
175.542
175.542
175.542
175.542
175.542
175.542
175.542
175.542
175.542
175.542
175.542
175.542
175.542
175.542
175.542
175.542
175.542
175.542
175.542
175.542
175.542
175.542
175.542
175.542
175.542
175.542
175.542
175.542
175.542
175.542
175.542
175.542
175.542
175.542
175.542
175.542
175.542
175.542
175.542
175.542
175.542
175.542
175.542
175.542
175.542
175.542
175.542
175.542
175.542
175.542
175.542
175.542
175.542
175.542
175.542
175.542
175.542
175.542
175.542
175.542
175.542
175.542
175.542
175.542
175.542
175.542
175.542
175.542
175.542
175.542
175.542
175.542
175.542
175.542
175.542
175.542
175.542
175.542
175.542
175.542
175.542
175.542
175.542
175.542
175.542
175.542
175.542
175.542
175.542
175.542
175.542
175.542
175.542
175.542
175.542
175.542
175.542
175.542
175.542
175.542
175.542
175.542
175.542
175.542
175.542
175.542
175.542
175.542
175.542
175.542
175.542
175.542
175.542
175.542
175.542
175.542
175.542
175.542
175.542
175.542
175.542
175.542
175.542
175.542
175.542
175.542
175.542
175.542
175.542
175.542
175.542
175.542
175.542
175.542
175.542
175.542
175.542
175.542
175.542
175.542
175.542
175.542
175.542
175.542
175.542
175.542
175.542
175.542
175.542
175.542
175.542
175.542
175.542
175.542
175.542
175.542
175.542
175.542
175.542
175.542
175.542
175.542
175.542
175.542
175.542
175.542
175.542
175.542
175.542
175.542
175.542
175.542
175.542
175.542
175.542
175.542
175.542
175.542
175.542
175.542
175.542
175.542
175.542
175.542
175.542
175.542
175.542
175.542
175.542
175.542
175.542
175.542
175.542
175.542
175.542
175.542
175.542
175.542
175.542
175.542
175.542
175.542
175.542
175.542
175.542
175.542
175.542
175.542
175.542
175.542
175.542
175.542
175.542
175.542
175.542
175.542
175.542
175.542
175.542
175.542
175.542
175.542
175.518
175.518
175.518
175.518
175.518
175.518
175.518
175.518
175.518
175.518
175.518
175.518
175.518
175.518
175.518
175.518
175.518
175.518
175.518
175.518
175.518
175.518
175.518
175.518
175.518
175.518
175.518
175.518
175.518
175.518
175.518
175.518
175.518
175.518
175.518
175.518
175.518
175.518
175.518
175.518
175.518
175.518
175.518
175.518
175.518
175.518
175.518
175.518
175.518
175.518
175.518
175.518
175.518
175.518
175.518
175.518
175.518
175.518
175.518
175.518
175.518
175.518
174.955
174.955
174.955
174.955
174.955
174.955
174.955
174.955
174.955
174.955
174.955
174.955
174.955
174.955
174.955
174.955
174.955
174.955
174.955
174.955
174.955
174.955
174.955
174.955
174.955
174.955
174.955
174.955
174.955
174.955
174.955
174.955
174.955
174.955
174.955
174.955
174.955
174.955
174.955
174.955
174.955
174.955
174.955
174.955
174.955
174.955
174.955
174.955
174.955
174.955
174.955
174.955
174.955
174.955
174.955
174.955
174.955
174.515
174.515
174.515
174.515
174.515
174.515
174.515
174.515
174.515
174.515
174.515
174.515
174.515
174.515
174.515
174.515
174.467
174.467
174.467
174.233
174.233
174.233
174.233
174.233
174.233
174.233
174.233
174.233
174.233
174.233
174.233
174.233
174.233
174.233
174.233
174.233
174.233
174.233
174.233
174.233
174.233
174.233
174.233
174.233
174.233
174.233
174.233
174.233
174.233
174.233
174.233
174.233
174.233
174.233
174.233
174.233
174.233
174.233
174.233
174.233
174.233
174.233
174.233
174.233
174.233
174.233
174.233
174.233
174.233
174.233
174.233
174.233
174.233
174.233
174.233
174.233
174.233
174.233
174.233
174.233
174.233
174.233
174.233
174.233
174.233
174.233
174.233
174.233
174.233
174.233
174.233
174.233
174.233
174.233
174.233
174.233
174.233
174.233
174.233
174.233
174.233
174.233
174.233
174.233
174.233
174.233
174.233
174.233
174.233
174.233
174.233
174.233
174.233
174.233
174.233
174.233
174.233
174.233
174.233
174.233
174.233
174.233
174.233
174.233
174.233
174.233
174.233
174.233
174.233
174.233
174.233
174.233
174.233
174.233
174.233
174.233
174.233
174.233
174.233
174.233
174.233
174.233
174.233
174.233
174.233
174.233
174.233
174.233
174.233
174.233
174.233
174.233
174.233
174.233
174.233
174.233
174.233
174.233
174.233
174.233
174.233
174.233
174.233
174.233
174.233
174.233
174.233
174.233
174.233
174.233
174.233
174.233
174.233
174.233
174.233
174.233
174.233
174.233
174.233
174.233
174.233
174.233
174.233
174.233
174.233
174.233
174.233
174.233
174.233
174.233
174.233
174.233
174.233
174.233
174.233
174.233
174.233
174.233
174.233
174.233
174.233
174.233
174.233
174.233
174.233
174.233
174.233
174.233
174.233
174.233
174.233
174.233
174.233
174.233
174.233
174.233
174.233
174.233
174.233
174.233
174.233
174.233
174.233
174.233
174.233
174.233
174.233
174.233
174.233
174.233
174.233
174.233
174.233
174.233
174.233
174.233
174.233
174.233
174.233
174.233
174.233
174.233
174.233
174.233
174.233
174.233
174.233
174.233
174.233
174.233
174.233
174.233
174.233
174.233
174.233
174.233
174.233
174.233
174.233
174.233
174.233
174.233
174.233
174.233
174.233
174.233
174.233
174.233
174.233
174.233
174.233
174.201
174.201
174.201
174.201
174.201
174.201
174.201
174.201
174.201
174.201
174.201
174.201
174.201
174.201
174.201
174.201
174.201
174.201
174.201
174.201
174.201
174.201
174.201
174.201
174.201
174.201
174.201
174.201
174.201
174.201
174.201
174.201
174.201
174.201
174.201
174.201
174.201
174.201
174.201
174.201
174.201
174.201
174.201
174.201
174.201
174.201
174.201
174.201
174.201
174.201
174.201
174.201
174.201
174.201
174.201
174.201
174.201
174.201
174.201
174.201
174.201
174.201
174.201
174.201
174.201
174.201
174.201
174.201
174.201
174.201
174.201
174.201
174.201
174.201
174.201
174.201
174.201
174.201
174.201
174.201
174.201
174.201
174.201
174.201
174.201
174.201
174.201
174.201
174.201
174.201
174.201
174.201
174.201
174.201
174.201
174.201
174.201
174.201
174.201
174.201
174.201
174.201
174.201
174.201
174.201
174.201
174.201
174.201
174.201
174.201
174.201
174.201
174.201
174.201
174.201
174.201
174.201
174.201
174.201
174.201
174.201
174.201
174.201
174.201
174.201
174.201
174.201
174.201
174.201
174.201
174.031
174.031
173.68
173.68
173.68
173.68
173.68
173.68
173.68
173.68
173.68
173.68
173.432
173.432
173.432
173.432
173.432
173.432
173.432
173.432
173.432
173.432
173.432
173.432
173.432
173.432
173.432
173.432
173.432
173.432
173.432
173.432
173.432
173.432
173.432
173.432
173.432
173.432
173.432
173.432
173.432
173.432
173.432
173.432
173.432
173.432
173.432
173.432
173.432
173.432
173.432
173.432
173.432
173.432
173.432
173.432
173.432
173.432
173.432
173.432
173.432
173.432
173.432
173.432
173.432
173.432
173.432
173.432
173.432
173.268
173.268
173.268
173.268
173.268
173.268
173.268
173.268
173.268
173.268
173.268
173.268
173.268
173.268
173.268
173.268
173.268
173.268
173.268
173.268
173.268
173.268
173.268
173.268
173.268
173.268
173.268
173.268
173.268
173.268
173.268
173.268
173.268
173.268
173.268
173.268
173.268
173.268
173.268
173.268
173.268
173.268
173.268
173.268
173.268
173.268
173.268
173.268
173.268
173.268
173.268
173.268
173.268
173.268
173.268
173.268
173.268
173.268
173.268
173.268
173.268
173.268
173.268
173.268
173.268
173.268
173.268
173.268
173.268
173.268
173.268
173.268
173.268
173.268
173.268
173.268
173.268
173.268
173.268
173.268
173.268
173.268
173.268
173.268
173.268
173.268
173.268
173.268
173.268
173.268
173.268
173.268
173.268
173.268
173.268
173.268
173.268
173.268
173.268
173.268
173.268
173.268
173.268
173.268
173.268
173.268
173.268
173.268
173.268
173.268
173.268
173.268
173.268
173.268
173.268
173.268
173.268
173.268
173.268
173.268
172.834
172.834
172.834
172.834
172.834
172.834
172.834
172.834
172.834
172.834
172.834
172.834
172.834
172.834
172.834
172.834
172.834
172.834
172.834
172.834
172.834
172.834
172.834
172.834
172.834
172.834
172.834
172.834
172.834
172.834
172.834
172.834
172.834
172.834
172.834
172.834
172.834
172.834
172.834
172.834
172.834
172.834
172.834
172.834
172.834
172.834
172.834
172.834
172.834
172.834
172.834
172.834
172.834
172.834
172.834
172.834
172.834
172.834
172.834
172.834
172.834
172.834
172.834
172.834
172.834
172.834
172.834
172.834
172.834
172.834
172.834
172.834
172.834
172.834
172.834
172.834
172.834
172.834
172.834
172.834
172.834
172.834
172.834
172.834
172.834
172.834
172.834
172.834
172.834
172.834
172.834
172.834
172.834
172.834
172.834
172.834
172.834
172.834
172.834
172.834
172.834
172.834
172.834
172.834
172.834
172.834
172.834
172.834
172.834
172.834
172.834
172.834
172.834
172.834
172.834
172.834
172.834
172.834
172.834
172.834
172.834
172.834
172.834
172.834
172.834
172.834
172.834
172.834
172.834
172.793
172.793
172.793
172.793
172.793
172.793
172.793
172.793
172.793
172.793
172.793
172.793
172.793
172.793
172.793
172.793
172.793
172.793
172.793
172.793
172.793
172.793
172.793
172.793
172.793
172.793
172.793
172.793
172.793
172.793
172.793
172.793
172.793
172.793
172.793
172.793
172.793
172.793
172.793
172.793
172.793
172.793
172.793
172.793
172.793
172.793
172.793
172.793
172.793
172.793
172.793
172.793
172.793
172.793
172.793
172.793
172.793
172.793
172.793
172.793
172.793
172.793
172.793
172.793
172.793
172.793
172.793
172.793
172.793
172.793
172.793
172.793
172.793
172.793
172.793
172.793
172.793
172.793
172.793
172.793
172.793
172.793
172.793
172.793
172.793
172.793
172.793
172.793
172.793
172.793
172.793
172.793
172.793
172.793
172.793
172.793
172.793
172.793
172.793
172.793
172.793
172.365
172.365
172.365
172.365
172.365
172.365
172.365
172.365
172.365
172.365
172.365
172.365
172.365
172.365
172.365
172.365
172.365
172.365
172.365
172.365
172.365
172.365
172.365
172.365
172.365
172.265
172.265
172.265
172.265
172.265
172.265
172.265
172.265
172.265
172.265
172.265
172.265
172.265
172.265
172.265
172.265
172.265
172.265
172.265
172.265
172.265
172.265
172.265
172.265
172.235
172.235
172.235
172.235
172.235
172.235
172.235
172.235
172.235
172.235
172.235
172.235
172.235
172.235
172.235
172.235
172.235
172.235
172.235
172.235
172.235
172.235
172.235
172.235
172.235
172.235
172.235
172.235
172.235
172.235
172.235
172.235
172.235
172.235
172.235
172.235
172.235
172.235
172.235
172.235
172.235
172.235
172.235
172.235
172.235
172.235
172.235
172.235
172.235
172.235
172.235
172.235
172.235
172.235
172.235
172.235
172.235
172.235
172.235
172.235
172.235
172.235
172.235
172.235
172.235
172.235
172.235
172.235
171.663
171.663
171.663
171.663
171.663
171.663
171.663
171.663
171.663
171.663
171.663
171.663
171.663
171.663
171.663
171.663
171.663
171.663
171.663
171.653
171.653
171.653
171.653
171.653
171.653
171.653
171.653
171.653
171.653
171.653
171.653
171.653
171.653
171.653
171.653
171.653
171.653
170.823
170.823
170.823
170.823
170.823
170.823
170.823
170.823
170.823
170.823
170.823
170.823
170.823
170.823
170.823
170.823
170.823
170.823
170.823
170.823
170.823
170.823
170.823
170.823
170.823
170.823
170.823
170.823
170.823
170.823
170.823
170.823
170.823
170.823
170.823
170.823
170.823
170.823
170.823
170.823
170.823
170.823
170.823
170.823
170.823
170.823
170.823
170.823
170.823
170.823
170.823
170.823
170.823
170.823
170.823
170.823
170.823
170.823
170.823
170.823
170.823
170.823
170.823
170.823
170.823
170.823
170.823
170.823
170.823
170.823
170.823
170.823
170.823
170.823
170.761
170.761
170.761
170.761
170.761
170.761
170.761
170.761
170.761
170.761
170.761
170.761
170.761
170.761
170.761
170.761
170.761
170.761
170.761
170.761
170.761
170.761
170.761
170.761
170.761
170.761
170.761
170.761
170.761
170.761
170.761
170.761
170.761
170.761
170.761
170.761
170.761
170.761
170.761
170.761
170.761
170.761
170.761
170.761
170.761
170.761
170.761
170.761
170.761
170.761
170.761
170.761
170.761
170.761
170.761
170.761
170.761
170.761
170.761
170.761
170.761
170.761
170.761
170.761
170.761
170.761
170.761
170.761
170.761
170.761
170.761
170.761
170.761
170.761
170.761
170.761
170.761
170.761
170.761
170.761
170.761
170.761
170.761
170.761
170.761
170.761
170.761
170.761
170.761
170.761
170.761
170.761
170.761
170.761
170.761
170.761
170.761
170.761
170.761
170.761
170.761
170.761
170.761
170.761
170.761
170.761
170.761
170.761
170.761
170.761
170.761
170.761
170.761
170.761
170.761
170.761
170.761
170.761
170.761
170.761
170.761
170.761
170.761
170.761
170.761
170.761
170.761
170.761
170.761
170.761
170.761
170.761
170.761
170.761
170.761
170.761
170.761
170.761
170.761
170.761
170.761
170.761
170.761
170.761
170.761
170.761
170.761
170.761
170.761
170.761
170.761
170.761
170.761
170.761
170.761
170.761
170.761
170.761
170.761
170.761
170.761
170.761
170.761
170.761
170.761
170.761
170.761
170.761
170.761
170.761
170.761
170.545
170.545
170.545
170.545
170.545
170.545
170.545
170.545
170.545
170.545
170.545
170.545
170.545
170.545
170.545
170.545
170.545
170.545
170.545
170.545
170.545
170.545
170.545
170.545
170.545
170.545
170.545
170.545
170.545
170.545
170.436
170.436
170.436
170.436
170.436
170.436
170.436
170.436
170.436
170.436
170.436
170.436
170.436
170.436
170.436
170.436
170.436
170.436
170.436
170.436
170.436
170.436
170.436
170.436
170.436
170.436
170.436
170.436
170.436
170.436
170.436
170.436
170.436
170.436
170.436
170.436
170.436
170.436
170.436
170.436
170.436
170.436
170.436
170.436
170.436
170.436
170.436
170.436
170.436
170.436
170.436
170.436
170.436
170.436
170.436
170.436
170.436
170.436
170.436
170.436
170.436
170.436
170.436
170.436
170.436
170.436
170.436
170.436
170.436
170.436
170.436
170.436
170.436
170.436
170.436
170.436
170.436
170.436
170.436
170.436
170.436
170.436
170.436
170.436
170.436
170.436
170.436
170.436
170.436
170.436
170.436
170.436
170.436
170.436
170.436
170.436
170.436
170.436
170.436
170.436
170.436
170.436
170.436
170.436
170.436
170.436
170.436
170.436
170.436
170.436
170.436
170.436
170.436
170.436
170.436
170.436
170.436
170.436
170.436
170.436
170.436
170.436
170.436
170.436
170.436
170.436
170.436
170.436
170.436
170.436
170.436
170.436
170.436
170.436
170.436
170.436
170.436
170.436
170.436
170.436
170.436
170.436
170.363
170.363
170.363
170.363
170.363
170.363
170.363
170.363
170.363
170.363
170.363
170.363
170.363
170.363
170.363
170.363
170.363
170.363
170.363
170.363
170.363
170.363
170.363
170.363
170.363
170.363
170.363
170.363
170.363
170.363
170.363
170.363
169.505
169.505
169.505
169.505
169.505
169.505
169.505
169.505
169.505
169.505
169.505
169.505
169.505
169.505
169.505
169.505
169.505
169.505
169.505
169.505
169.505
169.505
169.505
169.505
169.505
169.505
169.505
169.505
169.505
169.505
169.505
169.505
169.505
169.505
169.505
169.505
169.505
169.505
169.505
169.505
169.505
169.465
169.465
169.465
169.465
169.465
169.465
169.465
169.465
169.465
169.465
169.465
169.465
169.465
169.465
169.465
169.465
169.465
169.465
169.465
169.465
169.465
169.465
169.465
169.465
169.465
169.465
169.465
169.465
169.465
169.465
169.465
169.465
169.465
169.465
169.465
169.465
169.465
169.465
169.465
169.465
169.465
169.465
169.465
169.465
169.465
169.465
169.465
169.465
169.465
169.465
169.465
169.465
169.465
169.465
169.465
169.465
169.465
169.465
169.465
169.465
169.465
169.255
168.869
168.869
168.869
168.869
168.869
168.869
168.869
168.869
168.869
168.869
168.869
168.869
168.869
168.869
168.869
168.869
168.869
168.869
168.869
168.869
168.869
168.869
168.869
168.869
168.869
168.869
168.869
168.869
168.869
168.869
168.869
168.869
168.869
168.869
168.869
168.869
168.869
168.869
168.869
168.869
168.869
168.869
168.869
168.869
168.869
168.869
168.869
168.869
168.869
168.869
168.869
168.869
168.869
168.869
168.869
168.869
168.869
168.869
168.869
168.869
168.869
168.869
168.869
168.869
168.869
168.869
168.869
168.869
168.869
168.869
168.869
168.869
168.869
168.869
168.869
168.869
168.869
168.869
168.869
168.869
168.869
168.869
168.869
168.869
168.869
168.869
168.869
168.869
168.869
168.869
168.869
168.869
168.869
168.869
168.869
168.869
168.869
168.869
168.869
168.869
168.869
168.675
168.675
168.675
168.675
168.675
168.675
168.675
168.675
168.675
168.675
168.675
168.675
168.675
168.675
168.675
168.675
168.675
168.675
168.675
168.675
168.675
168.675
168.675
168.675
168.675
168.675
168.675
168.675
168.675
168.675
168.675
168.675
168.675
168.675
168.675
168.675
168.675
168.675
168.675
168.675
168.675
168.675
168.675
168.675
168.675
168.675
168.675
168.675
168.675
168.675
168.675
168.675
168.675
168.675
168.675
168.675
168.675
168.675
168.675
168.675
168.675
168.675
168.675
168.675
168.675
168.675
168.675
168.675
168.675
168.675
168.675
168.675
168.675
168.675
168.675
168.675
168.675
168.675
168.675
168.675
168.675
168.675
168.675
168.675
168.675
168.675
168.675
168.675
168.675
168.675
168.675
168.675
168.675
168.675
168.675
168.675
168.675
168.675
168.675
168.675
168.675
168.675
168.675
168.675
168.675
168.675
168.675
168.675
168.675
168.675
168.675
168.675
168.675
168.675
168.675
168.675
168.675
168.675
168.675
168.675
168.675
168.675
168.675
168.675
168.675
168.675
168.675
168.675
168.675
168.675
168.675
168.675
168.675
168.675
168.675
168.675
168.675
168.675
168.675
168.675
168.675
168.675
168.675
168.675
168.675
168.675
168.675
168.675
168.675
168.675
168.675
168.675
168.675
168.675
168.675
168.675
168.675
168.675
168.675
168.675
168.675
168.675
168.675
168.675
168.675
168.675
168.675
168.675
168.675
168.675
168.675
168.675
168.675
168.675
168.675
168.675
168.675
168.675
168.675
168.675
168.675
168.675
168.675
168.675
168.675
168.675
168.205
168.205
168.205
168.205
168.205
168.205
168.205
168.205
168.205
168.205
168.205
168.205
168.205
168.205
168.205
168.205
168.205
168.205
168.205
168.205
168.205
168.205
168.205
168.205
168.205
168.205
168.205
168.205
168.205
168.205
168.205
168.205
168.205
168.205
168.205
168.205
168.205
168.205
168.205
168.205
168.205
167.256
167.256
167.256
167.256
167.256
167.256
167.256
167.256
167.256
167.256
167.256
167.256
167.256
167.256
167.256
167.256
167.256
167.256
167.256
167.256
167.256
167.256
167.256
167.256
167.256
167.256
167.256
167.256
167.256
167.256
167.256
167.256
167.256
167.256
167.256
167.256
167.256
167.256
167.256
167.256
167.256
167.256
167.256
167.256
167.256
167.256
167.256
167.256
167.256
167.256
167.256
167.256
167.256
167.256
167.256
167.256
167.256
167.256
167.256
167.256
167.256
167.256
167.256
167.256
167.256
167.256
167.256
167.256
167.256
167.256
167.256
167.256
167.256
167.256
167.256
167.256
167.256
167.256
167.256
167.256
167.256
167.256
167.256
167.256
167.256
167.256
167.256
167.256
167.256
167.256
167.256
167.256
167.256
167.256
167.256
167.256
167.256
167.256
167.256
167.256
167.256
167.256
167.256
167.256
167.256
167.256
167.256
167.256
167.256
167.256
167.256
167.256
167.256
167.256
167.256
167.256
167.256
167.256
167.256
167.256
167.256
167.256
167.256
167.256
167.256
167.256
167.256
167.256
167.256
167.256
167.256
167.256
167.256
167.256
167.256
167.256
167.256
167.256
167.256
167.256
167.256
167.256
167.256
167.256
167.256
167.256
167.256
167.256
167.256
167.256
167.256
167.256
167.256
167.256
167.256
167.256
167.256
167.256
167.256
167.256
167.256
167.256
167.256
167.256
167.256
167.256
167.256
167.256
