1326.82
1289.82
1259.66
1238.81
1216.2
1205.17
1194.62
1182.92
1177.7
1169.4
1161.61
1151.57
1146.34
1139.63
1135.01
1129.68
1126.96
1118.3
1110.86
1103.01
1097.48
1089.31
1084.83
1082.33
1079.83
1076.63
1071.97
1067.54
1060.86
1053.84
1048.9
1041.84
1038.39
1032.93
1025.98
1017.22
1011.54
1000.24
995.119
992.99
988.797
984.933
982.313
978.962
972.753
971.644
966.913
961.626
956.731
952.39
951.763
949.875
948.091
943.771
940.714
933.662
927.651
925.853
925.113
922.807
922.45
918.869
915.099
909.484
906.403
902.344
900.392
897.017
892.759
893.045
889.634
885.511
881.238
878.49
878.409
877.673
874.655
872.658
869.723
864.993
861.891
859.162
854.927
853.345
851.503
849.676
843.764
837.207
833.794
831.439
828.963
825.543
823.668
822.012
819.556
817.746
815.19
814.681
812.923
811.096
810.07
807.734
804.607
802.894
801.04
799.026
795.318
791.288
789.124
788.492
786.384
787.395
785.976
784.338
781.584
780.923
779.903
779.265
780.394
779.429
780.989
778.233
773.148
770.062
765.247
761.208
758.786
755.431
750.987
748.21
747.902
745.541
744.8
741.682
739.117
740.31
739.47
737.333
739.947
740.976
741.447
739.675
739.203
736.6
734.407
732.874
732.062
730.26
727.584
725.902
723.217
722.787
721.605
716.028
715.721
712.553
709.76
705.764
703.892
702.471
700.039
698.537
697.233
696.842
692.869
690.579
688.729
690.163
690.018
687.75
683.475
683.487
680.692
677.936
678.939
678.077
677.915
676.098
675.724
674.233
671.108
671.543
670.247
671.809
668.05
668.059
666.369
666.398
661.708
660.445
656.249
657.382
653.822
651.573
648.936
646.035
646.686
645.66
645.695
645.022
646.441
643.584
642.691
638.15
636.779
633.805
634.605
633.629
632.155
630.661
629.66
628.456
627.917
628.432
625.931
627.205
624.577
626.719
625.236
625.899
624.511
622.143
618.296
616.159
616.836
614.35
613.475
612.83
612.879
611.774
612.926
610.234
610.15
610.154
606.961
607.673
606.955
606.13
605.613
605.905
605.747
603.64
603.033
603.382
602.853
600.121
595.847
594.023
592.696
592.148
592.291
590.082
586.647
584.723
582.162
580.252
580.22
578.896
577.838
576.491
575.199
575.947
575.042
575.96
575.677
574.702
574.709
574.367
573.085
572.269
570.445
568.997
570.222
568.619
568.5
567.338
568.355
568.668
566.687
564.669
564.452
561.405
562.053
562.389
560.98
558.911
560.657
556.786
554.199
553.321
554.49
553.676
553.63
553.546
551.554
550.891
552.529
549.629
547.803
546.391
546.319
547.278
547.774
548.007
547.801
548.815
546.555
546.245
545.098
542.301
539.257
538.265
538.322
536.201
536.787
534.992
534.883
534.154
534.085
533.259
531.553
531.673
529.786
530.656
531.202
530.395
529.801
530.551
529.298
528.675
527.547
524.062
525.847
524.569
522.41
519.903
520.046
520.566
519.679
520.052
518.286
520.281
518.358
518.922
518.991
519.033
516.812
514.698
517.165
514.575
513.153
515.241
512.709
510.417
510.517
508.719
508.667
507.914
508.774
507.031
506.728
503.815
502.457
501.314
501.372
503.019
504.443
503.081
504.79
500.775
500.237
499.762
499.514
497.343
498.546
499.522
500.072
497.347
498.46
497.776
496.46
497.508
495.522
497.211
497.664
496.566
496.505
492.261
491.734
491.109
488.336
489.242
489.7
487.42
484.11
483.2
483.032
484.618
485.15
481.943
480.347
479.771
478.433
478.968
480.258
479.223
480.858
478.169
477.728
478.139
479.114
479.357
476.942
473.208
474.84
474.215
473.977
472.286
471.893
472.954
472.676
472.069
471.646
472.112
472.762
472.816
474.087
475.299
474.395
474.043
473.506
472.59
473.055
472.547
469.373
467.786
467.468
465.758
464.508
467.269
463.825
463.887
464.227
463.901
464.132
463.14
462.774
463.789
461.293
462.73
462.63
462.271
462.156
461.745
463.291
463.709
463.858
464.477
463.805
462.02
463.831
462.231
464.152
463.192
464.647
461.23
461.705
460.976
461.202
463.195
462.316
459.733
459.924
458.298
457.053
457.386
458.805
459.165
456.144
456.481
455.824
456.026
458.928
459.583
457.527
456.018
454.076
453.853
452.567
451.131
452.853
453.24
452.699
451.805
451.368
451.377
449.547
447.816
446.792
446.148
444.763
443.278
442.455
441.13
440.61
441.083
442.262
442.759
442.236
440.039
440.171
442.152
441.877
440.105
438.475
438.657
439.353
436.309
435.488
435.043
433.743
434.86
434.38
433.427
433.043
432.001
432.978
433.364
431.768
433.191
435.631
434.174
433.142
431.654
428.251
425.954
426.744
426.115
425.539
427.119
424.825
422.814
423.477
424.83
425.377
424.834
425.546
426.516
424.718
425.024
420.82
419.184
419.609
418.003
418.668
415.621
416.622
415.241
415.191
414.442
414.786
411.922
415.216
415.158
413.826
412.222
412.935
409.789
410.076
409.03
407.9
408.299
408.129
409.059
408.424
408.463
409.299
405.176
404.944
405.977
401.779
401.409
400.974
399.923
398.464
400.043
399.925
399.522
397.985
396.782
396.752
398.685
400.285
398.075
397.534
399.185
398.171
396.991
398.178
398.061
397.193
395.331
397.006
397.771
396.587
396.36
397.66
400.282
399.327
395.971
394.2
397.733
397.533
397.739
397.654
396.313
394.974
394.489
394.669
395.562
395.892
399.066
399.266
396.825
397.01
396.555
397.613
397.93
394.908
392.384
392.248
394.712
392.206
394.243
394.831
394.105
393.157
390.669
391.793
393.505
393.35
389.801
391.255
388.748
388.463
387.966
387.878
388.673
389.663
391.557
386.814
387.829
387.368
386.989
388.798
387.944
388.885
386.362
385.819
386.461
387.439
388.028
387.416
387.512
388.345
387.866
386.122
386.438
386.024
385.413
382.507
382.552
382.825
383.132
383.534
385.716
385.279
386.925
384.115
382.61
384.202
383.853
382.807
379.49
381.124
382.927
380.383
380.446
381.707
382.073
382.4
383.002
383.213
381.651
381.413
383.212
382.524
380.329
379.671
378.897
378.286
379.085
377.254
381.082
378.274
379.009
378.425
377.836
377.791
377.229
378.699
377.841
377.784
376.185
375.324
377.629
377.448
378.58
378.019
377.74
378.902
377.017
378.281
378.333
378.219
378.271
378.712
380.135
379.274
378.172
381.358
376.889
376.875
377.429
377.676
373.85
375.402
376.503
374.395
376.283
379.34
376.742
378.43
378.234
375.416
374.903
373.285
371.115
371.508
373.876
376.268
375.471
372.87
372.469
372.954
370.533
374.14
373.168
372.243
371.824
369.335
366.678
368.711
367.912
367.445
365.708
366.796
369.761
366.881
369.001
367.347
365.451
365.924
365.831
367.215
365.779
365.613
366.341
366.059
366.997
365.421
366.124
364.013
364.617
365.755
364.988
363.636
361.97
364.931
364.837
363.152
361.74
361.988
361.575
361.758
361.239
360.083
362.19
362.712
362.583
362.699
361.201
362.709
362.671
362.242
361.967
362.1
360.128
360.394
360.577
361.068
360.216
361.971
359.715
359.352
362.268
363.574
360.004
361.029
359.46
359.964
361.431
361.486
360.905
361.905
361.879
360.934
360.291
360.826
359.793
358.009
360.005
358.311
360.601
359.217
361.395
356.441
356.913
357.501
356.72
355.926
355.201
355.231
355.398
355.226
357.475
356.391
355.917
356.201
355.419
357.196
358.301
358.06
357.351
356.374
355.929
354.187
354.853
353.924
355.16
353.595
355.116
354.674
354.208
355.138
356.258
355.184
353.114
352.436
351.874
350.566
351.947
353.095
352.488
353.916
354.011
352.589
351.997
352.117
354.176
356.402
353.846
354.577
353.701
353.219
354.864
354.338
350.902
352.114
351.266
353.639
356.08
353.994
354.465
354.215
353.859
353.861
355.359
354.215
353.413
353.552
355.305
353.255
354.065
357.559
356.746
352.851
352.7
354.273
351.313
349.055
348.614
348.133
348.446
349.965
349.184
350.037
349.802
349.13
349.232
349.089
350.004
349.354
348.01
348.444
349.282
349.658
348.439
349.729
350.127
350.471
350.79
351.32
352.68
348.712
348.353
347.95
348.675
347.124
347.776
348.246
346.798
347.926
349.132
345.374
346.134
346.217
348.113
345.101
346.341
343.11
343.615
344.923
345.203
344.09
344.704
343.325
341.332
342.106
342.129
343.445
345.623
343.876
345.117
342.094
343.248
343.142
344.855
343.458
343.928
342.396
343.566
345.658
346.211
343.863
345.093
346.096
345.563
343.91
343.224
344.592
346.344
343.844
342.976
342.517
343.714
343.44
342.74
343.148
343.404
342.704
344.816
345.186
345.117
344.581
345.434
345.856
344.405
343.449
345.002
343.952
342.35
342.277
344.091
343.422
342.932
340.94
340.796
341.649
344.257
340.703
341.512
339.666
339.282
338.629
338.863
338.381
339.465
338.776
336.183
334.432
334.435
333.011
336.27
335.075
334.87
334.503
334.868
336.45
335.691
334.961
335.369
334.964
336.049
337.781
336.429
334.821
335.609
334.696
334.597
333.762
334.076
334.05
334.315
336.142
336.252
337.634
337.044
335.253
336.935
335.259
335.128
336.492
336.461
337.841
336.669
335.283
336.297
338.352
338.767
337.239
334.093
334.467
335.351
336.47
336.201
334.097
335.169
333.756
334.356
337.581
337.426
335.159
335.339
334.609
335.733
334.011
334.554
332.365
331.628
331.276
332.052
331.724
333.929
333.419
331.5
330.947
330.654
330.576
330.296
329.329
330.061
331.824
331.713
328.182
327.409
330.108
331.811
332.241
331.085
328.592
327.439
329.801
328.804
329.075
329.59
329.151
328.106
330.201
329.111
330.324
329.685
332.266
331.174
332.87
329.174
328.254
328.414
327.056
326.038
323.566
325.92
326.848
325.992
325.096
325.847
325.98
327.223
323.607
324.116
326.074
323.012
322.285
322.05
321.16
322.725
323.279
324.335
325.176
321.67
322.609
320.237
320.222
322.785
322.602
321.48
321.724
321.878
321.382
319.316
318.717
320.483
318.209
318.922
319.602
319.412
320.834
318.893
322.391
323.681
319.105
320.503
321.625
321.372
320.385
319.688
321.342
322.455
321.094
319.731
321.341
322.696
323.244
321.265
320.126
322.779
322.126
320.139
321.933
320.844
323.334
321.857
318.546
319.566
318.808
319.883
318.438
319.995
320.017
320.435
322.37
322.282
319.032
320.62
318.661
319.906
319.13
321.989
320.629
322.409
320.068
317.077
316.542
317.019
315.423
316.503
315.533
315.013
313.742
313.948
315.344
315.691
317.122
314.498
314.058
315.156
318.15
315.241
315.346
316.876
316.624
312.971
315.876
318.288
317.229
316.475
317.308
318.033
315.077
314.34
316.149
315.242
314.412
316.412
317.456
316.184
314.875
315.875
313.9
313.757
312.829
311.261
311.829
313.971
313.488
312.009
313.208
312.849
311.861
311.565
312.136
312.675
313.57
313.54
314.715
311.131
311.292
310.97
309.985
310.343
311.322
313.957
313.137
315.625
312.89
313.274
312.619
311.726
311.391
311.956
311.922
313.248
313.024
311.292
313.68
312.034
312.974
311.028
313.959
313.449
313.965
315.428
312.779
313.613
312.937
311.933
310.928
312.243
311.839
314.416
314.023
312.616
311.456
309.818
309.471
311.838
311.157
311.71
314.511
311.883
311.817
311.988
314.373
313.273
309.837
310.263
309.812
309.048
309.505
311.461
310.736
311.305
311.14
309.886
310.109
310.148
309.303
310.393
308.752
309.979
307.106
309.546
310.169
312.579
309.146
309.494
307.673
308.597
309.95
309.98
309.614
308.501
308.366
310.291
310.441
308.356
307.117
307.053
306.498
307.672
308.129
307.048
309.141
309.964
308.386
309.22
308.492
309.827
307.867
307.415
306.189
308.965
305.886
307.578
307.703
306.181
306.197
306.102
308.272
306.187
307.243
307.281
306.689
308.343
307.035
304.927
304.781
303.153
305.422
305.887
308.207
306.177
307.567
306.057
303.762
303.981
307.319
306.213
305.652
303.922
303.372
304.944
302.772
304.283
298.952
301.091
300.641
300.942
300.043
301.841
300.486
299.964
301.002
301.45
301.949
299.328
300.613
299.664
299.053
299.055
297.512
297.035
296.337
297.133
296.789
295.519
296.63
296.216
296.666
295.282
296.794
295.36
295.408
294.822
293.9
295.909
298.628
300.129
295.988
294.993
296.13
296.67
295.959
296.523
297.17
296.587
297.489
295.739
295.989
295.581
294.994
295.837
295.326
296.914
295.566
295.503
295.708
296.355
297.755
297.785
296.256
296.574
296.449
297.372
297.605
297.301
297.38
297.016
298.259
297.645
297.02
293.894
294.389
294.02
293.941
294.879
296.807
295.684
293.3
293.048
292.25
291.989
294.442
292.121
292.509
293.412
296.081
293.716
292.037
293.031
294.595
294.518
293.093
294.213
292.009
292.538
290.575
293.106
291.839
290.938
292.076
291.82
293.308
293.595
290.7
293.806
291.706
292.042
292.296
291.932
292.976
291.356
291.893
290.143
292.826
291.082
291.374
292.14
290.795
290.377
291.138
288.954
291.262
291.214
293.479
292.1
291.678
290.198
290.531
289.578
291.189
292.374
293.413
291.169
291.587
292.735
291.974
293.334
292.702
291.431
290.102
290.356
291.12
291.66
291.96
292.675
294.433
292.072
293.467
291.913
291.087
290.988
290.919
292.194
290.619
289.54
290.39
290.262
292.776
293.265
290.352
292.762
290.98
291.533
290.964
290.705
291.532
291.732
291.622
291.446
288.772
291.096
292.4
290.454
288.298
289.818
293.757
290.701
290.191
291.85
292.668
290.693
290.497
290.382
290.117
289.689
289.668
288.911
290.83
289.123
290.687
288.846
291.066
290.432
292.055
292.521
290.979
290.964
289.975
289.463
292.126
289.904
290.142
290.427
290.462
289.967
291.304
291.027
288.884
291.472
291.273
289.234
288.93
292.78
293.396
289.63
289.124
289.983
291.244
291.873
291.726
289.248
291.016
288.264
290.019
288.869
288.206
288.163
290.854
291.533
291.321
292.328
292.988
291.819
289.243
289.739
289.255
288.206
289.374
288.036
286.763
286.084
288.963
288.954
288.812
288.968
288.489
288.445
288.838
286.955
288.82
289.303
287.729
287.2
286.448
287.629
286.491
286.092
286.011
288.617
289.067
286.753
286.206
286.387
289.046
290.321
288.57
284.672
283.893
284.914
285.939
285.795
290.749
288.184
289.104
288.701
285.617
287.425
283.746
283.993
285.055
284.935
285.204
284.875
283.416
285.569
283.611
284.783
284.152
284.978
285.724
285.893
284.037
283.165
282.599
285.504
286.586
284.532
284.6
283.573
284.189
283.489
282.861
282.482
282.624
282.41
281.609
281.928
284.457
284.986
283.569
283
285.255
283.972
280.328
281.313
280.596
282.623
283.961
282.609
283.697
281.511
281.971
280.736
282.273
281.165
281.317
280.513
280.309
281.133
281.518
283.153
280.876
282.522
282.499
280.094
279.699
279.366
279.567
279.57
279.754
281.262
280.836
278.639
277.526
277.982
277.944
279.059
279.466
279.239
280.156
276.944
279.801
277.665
278.159
279.104
280.804
278.938
280.173
278.184
275.232
276.062
277.539
275.221
275.063
275.883
274.944
275.537
276.054
276.46
273.581
274.076
275.666
275.228
275.499
274.395
274.396
277.168
275.475
275.249
274.855
276.835
273.357
275.124
274.274
274.535
275.876
275.923
274.716
275.2
275.011
274.42
274.26
273.703
274.47
276.741
275.507
275.609
274.541
273.832
274.311
273.757
276.345
277.797
274.959
271.919
273.451
273.465
271.276
272.296
272.688
274.023
276.877
275.465
276.92
275.483
274.97
273.308
272.373
273.408
275.54
277.259
277.868
273.126
273.502
274.427
275.166
274.298
272.443
272.398
272.354
274.443
275.894
273.143
271.129
272.102
271.1
272.734
274.404
274.011
274.388
275.897
274.099
273.221
273.214
273.846
272.418
272.395
274.399
274.836
276.477
274.61
276.953
275.066
274.807
271.812
271.951
271.422
272.852
271.529
275.41
273.261
271.393
272.219
271.098
271.418
273.939
272.67
275.553
277.974
276.685
275.157
274.524
273.111
272.687
272.35
274.69
276.076
275.07
273.357
272.705
274.156
274.903
275.878
271.844
270.547
271.697
270.174
270.291
271.45
272.717
270.205
272.047
271.589
270.78
270.633
271.199
271.754
271.033
275.305
275.988
275.977
274.801
271.514
272.654
273.802
274.535
273.215
271.246
270.744
269.669
271.178
271.228
272.111
270.51
271.439
271.664
272.28
271.219
271.23
269.639
269.692
271.736
270.728
269.879
270.546
273.063
272.538
272.113
271.435
272.007
270.932
271.165
271.766
272.202
271.859
271.771
272.591
272.288
270.177
271.786
274.723
276.492
274.05
270.776
269.104
269.203
268.697
267.097
269.139
269.57
271.87
269.848
270.243
268.414
268.483
269.479
270.307
270.391
267.49
269.084
269.763
271.946
270.854
271.809
269.412
268.755
269.895
269.82
270.741
268.469
270.096
270.226
271.683
268.43
270.515
269.91
269.042
267.949
269.229
270.175
271.133
271.169
270.173
270.549
268.231
272.22
273.277
274.146
271.859
270.841
269.286
269.018
269.096
270.642
272.304
272.726
270.957
267.886
268.001
269.458
269.88
269.845
268.964
273.927
271.009
271.256
269.745
269.662
269.136
269.689
269.939
269.342
273.191
272.013
269.837
269.266
271.721
270.345
270.517
271.216
271.468
270.482
271.082
271.321
273.962
272.477
271.901
271.808
271.288
271.422
270.527
269.401
270.194
268.261
268.732
272.506
270.368
272.183
270.962
271.106
269.251
268.738
267.845
268.237
268.402
268.669
270.066
270.166
267.959
268.444
266.008
266.723
269.487
270.246
272.377
272.086
271.082
271.075
270.547
270.878
268.63
268.443
271.256
268.046
268.439
266.054
265.561
265.426
267.284
267.482
266.567
266.568
270.292
267.013
267.205
266.855
269.086
267.05
268.074
266.417
267.71
266.09
266.193
268.524
266.736
270.191
266.738
269.252
268.171
265.808
266.315
267.051
266.524
265.846
265.314
265.311
265.399
266.495
266.699
266.014
267.499
266.246
264.787
267.411
267.529
265.508
266.279
267.237
266.833
268.272
267.554
267.426
267.713
267.233
265.999
266.411
265.477
266.91
265.439
266.349
267.091
266.138
266.975
268.113
267.405
264.84
264.808
264.138
264.592
264.091
265.008
263.472
264.324
264.071
264.309
263.569
264.76
265.924
265.106
263.706
262.808
263.164
264.436
264.104
264.413
263.896
266.337
265.066
263.224
263.043
262.158
262.709
262.929
266.153
266.675
264.879
263.282
264.395
265.91
264.663
262.563
264.355
265.11
264.718
264.599
266.882
265.973
262.179
263.142
265.54
265.658
264.44
264.358
265.977
262.77
262.404
262.252
262.983
262.261
263.219
264.372
263.272
265.813
264.189
264.717
264.816
262.139
261.714
262.502
263.075
263.15
265.032
264.788
265.462
263.133
262.593
263.562
265.599
262.848
264.148
264.31
263.675
267.921
265.107
263.245
263.532
263.646
263.537
262.162
262.165
261.95
262.474
262.671
264.647
263.683
264.14
263.731
264.46
262.724
263.369
264.104
263.907
264.667
263.056
263.058
261.721
261.553
261.188
261.595
261.854
261.465
262.091
262.399
263.423
263.554
261.524
263.338
262.693
263.912
264.209
262.34
264.479
260.57
260.675
259.785
261.64
260.83
261.35
262.7
261.09
260.869
260.859
262.497
261.416
260.841
260.446
258.679
259.042
259.777
263.012
263.411
262.638
259.652
261.237
260.636
258.263
257.846
258.576
257.467
258.824
260.514
259.271
259.089
258.895
259.76
258.65
259.445
261.254
261.226
263.007
261.763
260.146
259.751
257.818
258.472
257.573
258.64
257.953
257.572
259.09
260.201
260.353
259.424
259.399
257.694
257.188
259.364
259.992
257.157
259.368
259.133
259.862
259.009
257.219
258.113
258.538
256.68
255.162
253.897
254.529
256.074
256.566
256.457
255.428
259.359
259.308
260.197
258.325
257.745
258.749
259.087
261.269
259.249
256.528
256.977
255.959
256.238
254.572
254.818
254.529
252.585
257.026
256.594
258.351
259.644
258.909
256.331
259.312
257.336
255.661
253.458
252.776
255.08
254.746
252.757
252.218
253.923
254.238
257.045
255.818
253.789
254.842
254.539
254.11
253.332
255.488
254.334
254.449
254.661
254.035
254.437
257.985
254.325
252.777
254.03
255.899
254.923
253.301
252.916
252.837
254.933
252.898
252.791
253.587
254.655
252.847
255.73
253.882
254.102
253.704
254.956
254.498
255.306
254.25
253.729
253.705
253.808
254.174
256.449
255.955
256.183
256.999
255.354
254.954
254.65
253.835
254.876
252.514
252.385
253.209
253.841
254.582
253.275
252.959
255.519
254.677
254.063
252.663
251.029
253.92
256.001
254.384
252.092
255.441
252.371
252.752
255.234
254.001
253.779
253.97
253.924
253.442
252.882
252.134
251.747
251.572
252.435
252.166
253.017
254.32
252.061
250.769
253.373
253.02
253.133
254.058
254.284
255.104
255.385
254.731
252.911
252.913
254.575
252.314
252.714
252.903
251.563
250.884
249.582
250.774
250.912
252.496
252.532
252.775
252.822
254.408
252.226
253.932
251.828
252.665
254.315
254.694
252.687
251.746
252.821
253.761
251.502
249.485
251.177
251.301
255.4
255.863
254.758
255.484
253.824
252.712
252.138
253.262
256.994
254.42
255.471
252.811
255.381
257.168
253.496
250.87
249.028
250.297
249.039
251.965
249.2
249.008
248.18
248.957
251.435
249.057
250.8
250.174
251.645
250.913
250.971
249.568
247.977
251.945
251.902
250.545
251.106
250.031
251.952
253.14
252.667
250.518
252.031
252.183
253.559
250.744
248.777
254.39
250.69
250.068
248.959
249.797
249.53
251.279
250.105
247.742
250.721
252.108
249.618
250.488
248.001
248.894
248.148
250.171
250.502
249.09
248.35
250.013
249.094
249.497
248.294
249.382
250.066
251.396
248.729
247.937
248.85
248.668
250.677
252.36
250.097
250.488
247.561
249.097
248.778
250.071
249.85
248.397
249.978
250.483
249.94
249.25
251.813
249.836
248.41
246.734
245.079
244.675
247.307
248.104
249.84
249.78
250.07
248.619
247.272
246.78
246.39
248.858
249.394
249.888
248.602
251.822
249.68
250.37
251.819
251.43
249.395
247.671
247.948
245.423
244.872
245.705
248.97
248.706
247.072
245.806
246.123
246.566
245.853
246.287
249.733
249.041
248.081
249.068
247.05
246.686
246.678
245.482
247.684
248.657
249.019
247.478
245.527
247.055
248.641
247.718
248.03
246.417
244.317
244.947
244.823
245.516
249.129
247.848
247.265
246.791
248.385
248.273
248.325
244.883
245.936
246.071
247.323
246.208
245.867
248.357
249.647
248.612
246.128
246.926
245.522
245.665
244.916
247.263
244.11
244.032
245.779
246.616
247.703
249.278
247.114
245.411
246.259
247.434
247.59
247.855
246.895
247.657
246.874
244.95
247.078
247.737
247.35
247.788
245.65
245.557
246.099
247.615
247.226
246.126
247.946
246.372
246.577
245.284
246.802
247.126
247.675
246.49
245.658
246.951
248.406
250.426
248.019
249.092
249.636
249.843
249.446
246.818
249.762
248.622
247.29
249.333
250.571
246.972
246.379
244.911
245.399
246.443
247.846
245.713
244.986
246.641
247.018
245.497
246.088
248.016
248.984
246.406
245.398
248.731
247.96
246.248
245.835
245.805
246.128
245.949
245.278
244.691
248.457
248.242
244.853
246.355
245.053
245.263
246.436
247.772
245.219
248.034
247.777
249.235
247.89
250.523
245.54
246.896
248.285
247.167
247.072
244.433
246.499
244.871
244.31
245.792
245.811
242.99
243.812
246.365
245.254
245.252
248.431
246.25
246.764
245.297
246.066
246.75
246.88
246.452
246.361
247.929
246.456
246.32
248.845
245.204
247.006
246.873
248.508
246.239
246.727
246.822
244.464
243.95
246.501
245.85
245.951
244.44
246.405
245.096
244.202
243.818
245.014
249.067
249.138
246.063
243.893
244.108
244.839
241.293
243.338
245.558
246.162
246.129
244.364
245.354
245.533
243.638
245.423
246.702
245.631
245.563
244.629
246.25
244.424
245.269
244.851
243.961
245.375
244.761
243.919
244.728
244.437
243.541
243.967
245.363
245.785
245.295
243.352
241.962
241.6
241.246
241.702
243.985
243.55
242.69
243.158
244.381
243.117
242.35
240.909
242.444
243.537
241.731
242.529
241.781
242.266
240.057
242.259
242.565
242.144
244.39
245.898
244.193
244.328
242.711
241.518
243.525
241.643
242.88
245.702
241.762
243.881
244.55
244.998
240.778
242.541
241.263
242.546
242.339
242.764
242.613
243.99
243.674
242.686
244.124
241.539
239.918
242.182
243.368
241.717
241.944
241.077
240.976
241.748
242.211
244.499
244.195
242.059
242.53
242.688
239.866
240.727
242.464
241.566
241.054
244.771
242.908
244.037
245.162
246.32
246.927
245.867
245.639
242.182
243.354
244.87
242.865
242.298
241.451
241.17
238.823
240.051
242.262
243.625
242.332
241.792
240.737
240.052
241.767
241.231
240.064
241.436
240.37
240.172
238.895
240.635
242.939
243.241
241.3
241.951
242.747
241.817
242.203
244.374
240.586
241.053
243.294
241.283
238.74
238.698
240.212
237.989
239.111
240.122
241.899
239.104
240.161
240.07
240.278
243.781
240.411
241.513
240.191
240.55
240.058
241.583
241.768
238.517
240.673
241.166
240.714
238.809
238.489
238.116
241.25
242.718
241.371
241.892
242.093
240.465
240.69
243.519
243.364
241.621
238.505
240.334
239.902
241.734
240.108
242.302
242.283
240.207
240.039
239.742
239.568
239.873
239.238
239.914
240.363
238.165
238.579
239.148
240.026
239.493
242.995
239.414
242.167
242.304
240.457
238.799
240.489
241.389
240.661
241.725
240.044
238.712
239.066
238.056
240.104
240.847
241.142
237.956
241.036
239.626
237.538
239.704
240.135
240.205
237.543
237.3
238.695
239.504
240.076
238.79
237.829
238.564
238.19
237.367
240.124
238.107
238.467
238.245
236.506
238.414
238.426
237.878
235.949
236.509
236.327
237.056
237.464
235.091
237.881
236.785
235.35
235.716
236.503
235.459
234.095
234.703
236.399
235.129
236.213
235.263
235.598
234.935
237.173
236.548
237.561
235.495
234.798
235.245
235.324
235.638
235.571
234.818
233.68
235.634
237.606
238.418
237.256
236.747
234.311
236.028
233.873
236.483
235.85
235.311
235.836
237.477
236.693
234.407
234.669
231.912
230.925
232.656
232.38
231.373
232.628
232.037
233.577
234.106
234.652
232.591
233.582
232.289
231.146
232.552
231.428
235.073
233.307
234.32
233.383
233.145
234.589
233.727
233.978
236.129
236.598
237.412
237.424
238.026
235.579
234.096
233.098
234.536
234.387
236.142
235.604
235.36
235.384
234.317
235.706
233.252
234.023
234.562
234.231
232.676
235.061
234.086
233.49
232.311
235.24
233.228
237.548
235.278
234.589
234.801
232.624
233.728
233.055
233.256
234.197
234.331
233.642
234.477
233.748
232.917
233.319
235.743
234.761
234.765
234.973
237.533
238.553
232.936
236.884
233.085
233.772
235.089
234.715
233.756
232.786
231.501
231.225
231.271
231.451
232.971
232.104
235.286
232.466
235.038
233.938
231.667
234.461
234.141
233.486
234.043
234.297
232.691
234.446
233.828
232.326
233.704
231.006
234.593
232.514
233.805
233.256
232.721
231.497
233.523
232.078
233.893
233.75
234.076
231.041
231.552
233.666
234.236
233.676
235.207
234.637
232.567
233.556
232.276
233.327
234.794
233.743
234.228
230.431
229.921
232.626
233.969
235.421
236.135
237.09
236.261
233.968
233.925
235.744
232.126
233.161
232.656
234.407
231.526
232.396
234.332
232.425
232.53
232.104
231.301
233.163
233.352
232.34
232.498
231.785
233.436
235.461
234.947
231.552
231.691
233.414
230.306
231.054
230.718
230.596
231.731
232.886
230.778
231.767
234.18
232.911
231.011
232.32
231.646
231.867
232.55
234.13
232.166
232.533
233.759
232.666
230.272
229.507
230.623
230.675
231.423
232.045
234.881
234.832
233.441
232.416
234.567
233.115
231.612
231.348
230.774
232.512
232.135
230.81
231.126
231.69
233.281
233.787
231.558
230.646
232.782
234.49
232.338
232.406
232.847
230.717
230.766
230.548
232.461
232.597
232.083
232.165
232.53
233.521
233.006
232.33
233.057
230.092
230.651
229.435
231.177
232.148
231.8
235.177
232.943
230.94
233.246
231.85
232.275
230.749
231.552
231.818
234.539
232.537
232.948
233.389
232.405
231.74
231.061
231.871
230.076
229.83
228.174
229.456
228.434
230
228.926
232.137
232.712
230.723
229.817
229.238
230.299
229.448
230.178
231.288
231.435
230.258
231.271
232.33
230.266
230.683
230.226
229.936
231.007
231.831
231.626
232.372
232.98
229.495
229.323
229.384
228.675
229.309
229.411
228.656
230.661
230.978
228.821
232.345
233.103
228.882
231.395
228.966
228.685
230.855
231.19
228.726
229.638
231.067
229.504
231.428
232.846
231.391
230.877
230.03
228.674
230.52
230.826
229.887
230.728
229.94
228.499
227.677
228.916
228.453
230.287
228.98
228.568
229.094
230.671
226.845
227.915
229.513
231.233
229.81
228.319
227.031
230.495
229.124
228.854
227.767
227.867
229.32
230.26
230.145
230.322
229.961
232.568
233.204
231.537
229.905
231.636
229.99
227.938
227.591
228.352
230.916
229.541
226.796
227.382
227.289
230.566
232.155
230.369
227.729
228.632
229.57
231.672
228.804
228.12
229.297
228.875
227.918
229.165
228.19
230.456
231.093
228.416
229.179
233.45
234.039
233.909
231.421
228.614
228.412
229.801
227.895
227.837
226.106
228.657
228.571
227.103
228.122
229.952
228.557
227.487
226.148
226.328
228.371
229.938
229.43
229.488
229.611
227.87
228.318
228.714
227.83
228.249
228.393
228.579
228.066
230.319
229.322
229.516
229.224
229.37
227.4
228.98
229.915
226.37
227.719
225.858
228.001
229.468
228.17
225.683
227.512
227.163
229.23
228.601
228.37
227.337
227.218
226.332
226.249
224.947
228.1
226.311
227.166
227.557
229.687
228.127
228.087
229.27
231.429
226.983
227.708
229.569
227.653
225.623
226.308
227.228
227.992
226.15
228.166
230.058
229.079
226.182
225.165
225.427
225.223
227.585
226.825
227.794
228.237
230.07
229.636
228.764
226.769
226.641
226.933
227.58
228.632
228.553
227.195
226.347
226.522
226.035
226.481
227.354
228.161
226.032
224.743
225.704
227.293
228.268
226.889
226.774
225.315
227.551
223.998
224.389
226.901
228.388
229.481
226.446
226.89
225.573
223.959
223.79
225.294
225.128
225.541
227.073
224.273
225.243
227.434
226.123
227.371
226.769
226.102
225.28
224.174
225.429
223.251
223.662
226.632
225.754
224.851
223.607
226.243
225.634
224.955
225.363
224.914
226.791
225.897
227.708
225.653
225.03
224.664
223.427
223.348
223.69
224.095
223.893
223.098
224.122
225.705
226.813
230.461
227.383
226.478
224.602
223.853
222.674
224.988
225.25
223.423
224.045
225.057
223.854
224.831
224.025
224.664
224.712
224.767
223.483
225.177
224.183
224.394
223.841
223.541
222.91
222.741
222.337
222.557
222.523
225.834
223.961
225.008
225.43
226.338
224.135
224.958
223.014
219.895
220.014
221.07
223.872
222.562
224.397
223.209
224.055
224.435
224.92
220.488
223.57
222.71
224.01
222.047
221.85
225.089
224.948
225.552
226.279
224.632
228.091
225.704
226.638
224.288
222.764
223.079
224.035
225.142
223.255
224.64
223.742
223.459
224.994
223.502
223.848
225.086
224.014
222.743
222.247
223.996
223.872
222.687
224.183
222.087
223.758
221.337
223.197
223.141
221.56
222.067
222.208
225.963
224.469
225.271
225.634
223.942
222.826
223.204
223.355
224.138
223.491
223.623
224.201
225.332
224.85
223.073
222.752
223.374
225.497
222.341
221.889
223.277
225.553
224.629
222.904
222.997
224.462
225.947
224.531
223.495
223.664
225.147
224.294
222.443
224.699
223.403
224.716
222.209
223.299
223.543
222.546
222.221
224.215
224.02
225.239
225.344
223.701
224.241
224.702
223.983
223.167
220.894
220.935
220.498
221.359
224.721
224.129
222.909
222.839
222.184
222.91
223.296
222.971
224.407
222.492
221.814
222.307
224.303
225.447
223.41
224.488
221.053
221.205
221.052
222.177
225.22
224.871
222.973
224.151
221.496
220.996
222.592
223.529
223.55
224.042
223.018
224.469
221.503
222.231
221.372
222.354
222.743
221.771
222.966
224.713
225.74
224.543
223.718
224.973
223.199
224.919
223.919
223.357
224.129
223.987
223.37
223.748
222.824
223.288
223.815
224.962
223.565
224.673
222.992
223.249
220.501
222.275
221.857
221.645
221.012
221.209
223.557
223.162
221.848
223.501
220.18
219.055
221.449
222.393
225.951
220.768
223.077
222.726
223.444
224.286
222.155
222.001
224.319
221.36
220.6
221.312
222.297
220.678
222.247
220.011
221.766
221.455
219.14
220.275
220.04
221.852
221.223
221.734
219.601
218.889
219.687
222.383
220.009
221.556
220.566
219.09
219.871
218.782
219.643
220.213
224.638
223.333
225.823
224.713
222.356
223.5
222.138
219.612
219.019
221.57
223.323
224.359
223.159
225.106
222.137
222.394
220.939
218.858
221.004
219.9
221.069
221.587
220.23
219.861
221.547
221.97
223.385
223.724
221.692
221.773
224.058
221.328
222.127
219.657
220.865
219.556
220.877
218.877
219.1
220.527
219.515
216.967
218.777
219.829
221.709
220.257
222.445
220.064
219.052
218.759
219.748
221.176
219.986
217.897
221.351
221.564
221.453
218.856
222.608
221.31
219.724
218.189
220.307
220.089
221.391
220.916
219.219
219.246
218.012
221.671
222.173
219.017
220.145
220.564
220.439
221.795
220.552
220.375
220.512
219.96
219.786
221.561
222.216
218.958
223.686
222.424
221.857
219.8
219.163
216.989
219.105
219.354
221.655
222.42
222.355
222.475
221.533
220.371
218.099
220.531
219.389
220.244
220.739
221.085
221.212
224.516
223.05
223.173
225.34
222.289
220.089
220.725
220.691
220.424
218.199
215.048
218.042
221.124
219.755
220.204
220.962
220.095
218.796
221.681
218.676
218.927
222.986
221.864
219.336
220.826
216.934
217.144
217.209
220.027
218.624
219.726
218.418
218.856
217.948
216.363
216.607
219.052
219.954
219.877
218.356
217.469
218.824
217.613
216.806
217.569
220.25
219.154
218.158
218.389
217.523
219.482
216.442
217.076
217.623
218.781
219.421
217.991
217.188
217.854
215.583
216.018
216.274
215.077
217.8
219.502
216.891
217.278
217.664
218.193
215.413
216.388
215.222
216.727
215.494
216.992
217.083
217.874
218.332
218.418
216.84
219.742
218.958
215.981
215.649
215.231
216.511
214.456
215.618
214.6
216.97
217.026
214.893
216.377
218.267
219.148
219.127
217.246
218.068
216.982
216.885
216.161
217.285
218.461
218.117
219.231
218.495
219.244
215.963
216.26
214.906
215.935
215.319
217.97
217.74
219.541
218.144
219.334
216.755
217.1
215.984
217.914
216.322
215.439
215.089
217.906
218.63
215.475
214.463
214.679
217.803
217.539
218.693
216.96
217.38
218.331
217.879
216.777
214.226
214.112
215.524
213.167
218.897
217.518
216.307
217.846
216.504
215.841
217.789
217.027
217.392
217.448
217.448
217.255
216.549
215.244
215.017
214.057
216.44
218.409
216.347
216.929
218.299
216.699
216.905
217.581
216.627
215.744
214.886
215.882
215.553
215.566
214.844
215.177
214.32
215.347
216.145
214.544
215.348
216.587
215.811
215.425
216.725
216.632
215.955
217.854
215.008
215.364
214.246
212.732
215.593
213.974
212.431
214.41
213.705
215.737
216.268
216.738
217.272
218.403
217.255
217.207
217.381
214.889
214.82
216.117
215.174
214.273
213.304
215.738
217.679
215.762
217.498
215
215.702
215.165
216.425
216.399
214.52
216.529
216.894
216.976
218.004
218.728
216.758
216.044
215.187
215.174
215.76
214.06
213.549
214.046
214.408
213.676
214.442
214.806
215.822
215.86
213.761
215.901
212.589
212.116
213.968
214.272
216.363
216.677
218.201
216.138
217.404
215.587
217.18
216.389
215.94
213.996
213.85
214.418
215.885
217.311
215.354
215.223
213.583
213.894
214.571
211.369
213.835
215.311
213.911
214.572
215.752
213.535
213.574
214.1
216.04
215.906
213.34
214.206
215.495
214.076
213.217
214.229
216.642
214.066
213.713
215.931
215.524
213.096
213.672
213.203
212.258
213.873
214.39
211.332
212.307
210.627
211.596
211.906
212.415
211.5
211.432
211.345
211.107
212.884
209.93
210.137
212.616
212.109
211.255
212.755
210.104
210.422
212.362
214.109
211.601
213.243
213.116
210.61
212.863
210.558
211.099
210.125
212.146
210.586
212.3
210.293
211.355
210.825
212.726
209.649
213.702
213.287
212.373
212.103
211.825
210.048
210.597
211.893
210.634
211.801
210.584
212.724
212.695
211.284
210.581
211.055
211.27
212.739
211.335
210.742
210.871
208.859
210.28
208.83
211.457
211.681
211.61
212.99
213.422
214.555
211.259
212.502
212.314
211.3
210.313
210.289
211.249
210.625
209.997
211.155
211.949
212.916
213.329
212.289
212.054
212.337
211.083
213.137
211.841
212.315
211.87
210.912
211.469
210.631
210.344
212.753
210.765
210.97
210.115
214.145
212.642
211.785
210.476
210.729
209.945
209.318
209.363
210.442
212.13
210.543
209.894
209.305
210.24
212.014
210.786
209.236
208.851
212.857
212.018
211.714
212.199
212.44
210.53
211.47
210.421
213.176
212.758
213.12
211.778
211.397
210.417
212.82
211.035
213.591
211.012
211.016
210.671
210.531
210.118
211.584
210.134
211.531
212.867
212.708
212.814
210.726
209.65
210.149
209.335
210.891
212.907
214.165
212.413
212.068
209.849
210.624
213.302
210.549
210.587
210.676
210.621
209.874
210.857
211.931
213.482
211.757
210.652
211.243
209.163
210.35
211.82
210.452
210.711
209.66
208.915
211.017
210.942
209.438
211.028
210.924
209.517
209.224
211.784
208.123
210.157
207.925
208.723
211.979
209.324
208.477
207.718
208.927
208.407
209.74
207.358
207.464
208.33
210.309
209.592
209.255
209.4
209.244
209.598
208.039
209.88
209.766
211.784
208.912
209.337
209.27
207.357
211.057
208.019
209.712
209.929
208.41
211.38
211.316
209.143
209.479
207.257
210.473
210.238
208.606
210.296
211.404
210.351
212.453
209.5
208.543
208.582
207.621
208.843
209.853
209.476
211.758
210.292
208.738
209.287
209.059
209.449
208.143
207.409
208.378
209.798
209.953
209.182
208.841
208.261
209.858
208.831
208.647
209.165
208.481
207.367
208.485
208.879
206.856
204.474
208.234
205.46
204.024
205.002
204.307
205.731
208.215
207.925
208.452
206.102
206.804
206.213
204.979
207.699
208.117
207
207.275
206.863
206.366
206.521
207.233
206.989
210.038
207.9
209.039
205.591
207.755
206.135
206.936
206.438
205.893
210.419
207.571
208.56
206.363
207.8
208.093
206.346
207.276
206.557
208.337
206.92
206.556
208.793
209.374
209.211
206.247
207.137
208.977
207.96
207.837
206.125
205.273
206.265
208.321
207.309
206.667
207.66
205.96
207.088
208.581
209.856
207.903
206.794
207.975
206.93
207.14
207.237
208.775
208.709
206.959
204.958
206.724
206.552
209.21
207.885
207.287
208.58
207.888
207.89
208.665
207.358
206.704
205.898
205.807
205.517
206.031
205.179
206.287
207.599
207.089
206.591
207.934
207.647
206.667
208.856
206.966
207.104
206.914
207.747
207.227
206.888
206.923
205.283
205.343
204.228
205.342
209.941
209.12
207.807
208.637
208.45
207.921
207.968
207.355
206.753
209.395
206.914
207.215
205.777
207.122
207.54
207.844
206.057
206.487
206.155
206.188
205.889
205.73
207.858
208.086
210.009
210.228
209.597
207.391
206.317
207.292
208.219
208.414
208.714
209.444
207.78
207.047
208.2
208.086
207.893
203.71
204.504
204.611
205.311
204.261
205.52
206.117
207.844
208.567
206.388
208.239
207.735
207.314
206.147
206.479
205.753
206.722
206.067
205.109
207.073
207.922
206.23
208.387
207.541
208.807
207.081
207.505
205.246
205.225
207.8
208.303
205.597
207.387
204.652
206.06
207.257
204.735
205.362
204.326
203.595
206.258
207.125
207.461
206.249
206.014
205.174
205.567
208.836
208.151
207.273
207.203
206.849
205.913
205.476
206.073
205.723
206.369
204.463
203.112
207.024
207.999
207.778
205.99
206.648
206.825
208.487
206.257
205.564
203.981
207.438
206.483
205.584
206.511
205.693
206.283
206.63
207.403
208.731
208.309
207.408
203.643
204.081
208.505
205.503
204.324
204.849
204.148
205.545
208.53
204.865
204.847
205.362
211.429
207.743
205.217
205.004
205.398
208.432
208.692
205.385
204.519
206.006
209.646
207.208
207.148
206.167
208.614
206.862
205.148
204.331
203.393
206.171
205.613
204.129
203.816
201.483
203.187
204.904
203.983
204.242
205.749
203.569
204.215
202.733
202.13
203.487
203.571
206.802
205.599
204.754
205.563
204.156
204.057
202.987
206.069
205.509
204.536
203.357
204.338
206.229
209.271
206.671
209.006
207.189
208.413
206.716
207.146
206.199
206.179
207.714
206.749
206.313
206.549
202.829
203.378
203.764
204.149
203.087
205.384
204.479
203.42
204.747
203.122
202.365
203.555
203.45
201.808
204.363
204.822
203.967
203.801
203.231
203.653
203.02
204.024
207.198
204.866
204.558
203.572
203.585
205.817
203.034
204.579
204.904
205.711
205.188
202.379
204.188
202.075
203.413
204.197
204.932
206.903
207.492
205.088
203.273
203.62
202.654
202.275
203.313
204.016
204.065
205.204
207.027
208.639
206.43
205.588
204.918
200.906
202.312
203.419
204.56
204.704
205.355
202.599
202.04
203.416
205.846
204.44
204.645
202.005
205.189
204.596
204.054
204.083
204.523
205.618
205.236
203.146
204.639
204.566
202.847
203.985
202.728
203.063
202.132
201.344
203.381
203.058
203.45
203.211
204.636
204.385
201.629
203.196
201.821
203.045
203.748
205.895
206.07
203.39
202.674
202.925
203.631
203.152
203.01
202.222
205.058
204.669
201.288
201.359
202.212
200.656
201.206
201.539
200.79
200.609
198.396
199.365
200.898
201.637
203.561
203.417
201.154
202.64
202.219
200.593
201.982
203.983
204.407
204.849
200.633
200.141
201.042
201.284
201.169
202.365
203.39
201.392
200.275
199.152
200.875
202.498
200.559
202.275
200.302
200.505
201.427
200.239
203.607
202.914
201.343
202.618
201.117
199.888
200.515
199.707
199.159
203.017
201.912
202.217
202.896
200.005
200.515
199.266
200.182
202.535
202.098
202.468
202.439
200.462
198.438
198.943
200.397
203.21
203.725
198.825
198.651
201.661
203.408
206.68
204.293
203.142
199.541
199.59
199.909
202.8
204.042
205.026
202.268
201.065
200.003
201.149
201.189
199.562
200.867
200.326
202.791
199.594
200.805
202.699
201.28
201.638
200.044
201.643
202.955
199.217
199.546
201.73
199.195
199.79
198.646
200.485
200.669
200.996
201.218
200.15
202.793
203.05
200.905
200.88
201.83
202.695
202.518
200.532
203.969
204.292
201.432
199.407
200.41
200.877
201.522
201.141
201.128
199.98
201.404
200.29
201.3
201.723
202.169
201.677
201.31
202.906
202.834
203.316
202.453
200.227
200.191
200.747
198.987
200.798
203.56
204.356
204.328
202.386
200.356
199.792
201.752
201.404
199.053
199.763
201.327
200.359
199.507
200.804
199.674
201.342
202.192
201.223
200.595
203.362
201.073
201.464
205.916
199.537
200.032
201.042
200.484
202.353
198.899
200.957
201.797
201.087
202.544
200.503
202.96
201.109
203.527
203.026
202.738
201.05
202.429
201.143
202.533
200.571
202.429
200.626
201.878
203.574
201.592
200.024
202.007
204.035
201.895
202.187
200.19
198.489
200.293
200.89
199.933
200.863
199.096
201.644
203.636
200.849
201.182
203.852
200.706
202.143
199.227
199.733
200.206
201.284
201.377
199.304
199.319
199.36
199.614
201.481
201.091
202.913
204.598
202.291
203.516
202.607
200.527
199.884
199.32
200.486
203.062
202.591
201.58
199.398
202.062
198.305
201.614
199.623
198.898
197.023
199.57
200.853
202.311
203.207
203.185
202.675
199.764
199.883
199.464
201.286
200.238
200.94
202.034
200.459
199.941
202.216
201.126
199.134
200.284
201.903
202.747
201.053
201.725
201.595
200.747
201.853
201.53
201.537
199.933
198.651
198.168
198.485
198.627
201.378
201.984
201.588
200.703
201.235
200.089
204.247
203.334
203.284
201.878
202.954
200.963
200.298
201.246
202.312
200.977
200.693
201.507
202.392
200.95
199.644
200.43
200.383
198.69
198.709
201.15
198.619
199.102
202.405
203.472
203.454
201.47
199.419
198.07
197.794
199.507
197.487
198.864
200.077
200.038
198.603
198.369
197.276
199.066
197.439
199.496
199.161
200.696
201.542
199.719
200.436
198.251
200.691
200.546
201.251
203.135
199.446
197.188
200.282
199.258
200.156
200.92
200.278
199.847
200.326
198.909
200.114
198.449
198.753
199.928
199.619
198.604
197.95
200.581
197.56
198.943
202.479
200.981
201.701
201.805
199.003
200.975
201.396
202.04
200.633
201.925
202.409
200.564
202.337
202.109
200.702
198.989
201.15
201.379
200.171
202.66
198.699
199.461
199.168
199.175
198.354
198.288
199.636
196.55
197.338
200.377
198.765
198.582
197.852
200.627
200.311
200.573
201.317
204.362
202.613
200.215
199.699
197.989
196.131
199.005
200.209
199.761
200.803
199.099
199.85
199.287
201.544
198.185
198.969
197.712
197.897
198.758
198.153
199.969
198.66
200.791
199.237
198.731
199.839
200.27
199.67
200.197
197.958
197.671
197.712
198.677
198.535
197.254
197.647
198.293
199.093
198.945
198.581
199.109
200.21
201.01
200.775
199.918
199.516
199.809
198.772
199.584
201.829
199.093
200.808
199.906
202.354
201.268
196.494
196.969
197.994
198.154
196.068
196.726
200.921
203.859
199.138
199.34
199.223
197.642
198.4
200.849
201.255
200.805
197.242
197.969
198.067
200.185
198.415
198.865
198.824
200.915
200.397
198.697
197.901
197.027
198.391
197.964
198.612
199.163
199.41
201.239
200.355
199.671
198.627
198.575
198.171
202.339
203.723
201.03
199.143
199.577
196.911
200.895
198.607
197.862
198.514
197.939
197.534
199.311
197.518
200.917
203.777
204.631
202.837
199.382
198.405
197.82
199.629
198.612
198.649
196.231
198.74
198.91
198.442
198.865
197.937
200.525
200.213
198.748
202.679
198.127
198.785
198.564
198.464
198.473
200.464
200.551
196.758
199.319
198.635
198.848
199.033
198.154
198.536
200.461
199.14
199.946
200.117
202.197
197.063
197.268
198.775
200.95
197.74
196.867
197.967
199.541
197.308
200.409
200.145
198.232
197.488
198.027
197.41
198.227
200.38
197.755
199.239
200.484
198.519
197.485
196.758
201.244
201.555
197.864
197.657
200.247
198.072
198.025
199.212
198.269
197.656
199.943
198.638
198.324
199.243
199.508
200.26
201.829
200.067
200.376
199.256
198.057
199.655
198.622
199.663
198.723
199.956
200.362
200.282
196.666
196.302
197.35
200.565
199.243
201.225
198.429
198.227
197.322
197.653
198.005
197.358
198.471
196.299
197.896
201
200.754
195.886
198.095
200.766
198.179
198.172
197.733
199.877
198.394
198.733
201.513
198.9
197.307
200.532
199.516
198.191
197.129
197.844
197.585
197.499
196.57
197.869
197.668
199.032
199.368
198.937
197.618
196.907
199.062
198.904
198.183
197.038
199.774
198.675
199.044
197.415
198.685
199.402
197.253
196.139
196.152
198.777
197.311
197.491
194.416
197.24
199.824
197.477
197.364
195.808
197.597
196.784
196.927
196.606
196.807
197.357
196.536
199.824
198.882
198.729
197.927
195.616
197.75
198.196
198.714
195.666
196.845
198.459
196.856
199.031
195.979
198.841
196.741
196.627
194.263
195.677
197.476
199.626
197.349
198.393
195.805
194.572
195.956
196.111
200.042
197.155
195.269
196.999
195.952
195.649
197.504
197.099
198.692
197.197
194.836
195.949
195.552
195.757
197.781
196.406
197.755
197.21
198.362
196.29
198.424
196.427
196.746
196.933
196.621
196.28
198.034
195.691
198.452
200.873
201.217
198.027
196.169
198.278
195.613
195.494
195.925
198.869
196.713
196.34
195.269
197.373
197.199
199.565
197.571
196.894
199.725
199.96
196.048
196.052
195.704
198.266
197.268
199.658
202.083
199.784
200.362
200.336
198.944
197.779
197.977
199.184
198.186
199.478
200.909
196.074
195.782
195.252
197.797
198.835
198.571
200.397
197.677
197.902
197.514
198.413
199.366
198.128
199.139
198.572
196.814
196.867
199.605
199.6
198.93
198.317
199.891
199.009
201.58
201.247
198.871
198.348
197.134
198.916
198.426
197.487
198.174
198.989
198.474
198.521
198.298
196.846
199.462
197.007
195.585
194.99
195.704
198.745
195.873
199.837
199.221
197.905
197.518
197.997
198.523
196.283
197.01
197.003
197.964
197.194
198.795
199.657
199.1
199.144
197.3
197.664
196.846
198.721
197.384
195.647
195.21
196.143
198.341
199.461
200.126
196.738
196.926
197.894
199.293
197.459
198.907
196.443
199.235
196.704
196.754
195.69
195.654
195.695
194.847
196.349
196.44
197.231
196.141
197.27
199.932
198.782
196.563
196.245
196.046
196.955
198.477
197.786
197.414
197.238
198.119
195.824
196.435
201.001
198.635
201.008
200.843
197.884
197.506
199.301
195.576
197.202
197.815
195.62
196.227
198.966
197.188
196.806
194.617
196.526
197.715
198.706
199.771
199.527
197.285
199.968
196.343
198.172
196.655
198.113
199.287
195.985
195.484
197.738
196.461
198.33
197.32
197.423
198.913
197.155
197.619
200.149
199.383
197.524
197.311
196.814
197.09
196.394
196.302
195.764
198.36
198.172
197.276
196.713
196.366
197.286
198.909
195.922
195.79
198.829
198.131
194.859
194.733
196.171
197.084
195.538
196.489
195.254
197.424
196.062
196.683
195.528
196.772
198.383
201.76
196.88
196.713
194.983
196.031
195.868
194.778
195.919
197.04
196.13
198.474
195.143
196.998
199.647
198.357
195.157
194.827
197.187
196.007
194.961
196.836
194.211
196.009
195.939
196.786
195.703
199.335
196.489
196.646
194.54
196.486
198.742
196.909
197.872
194.479
198.25
197.88
196.283
194.675
194.799
194.9
195.135
193.918
194.887
194.002
195.18
194.567
196.817
192.91
194.498
196.001
196.238
196.342
195.22
196.451
197.575
198.966
196.731
195.567
195.271
196.716
197.566
195.028
195.685
195.599
194.956
196.19
196.221
194.967
194.144
196.291
194.797
196.836
196.764
195.769
193.884
196.557
196.559
196.085
196.719
195.906
195.553
197.994
198.458
194.338
195.502
194.145
195.768
198.546
198.356
197.572
194.305
196.817
198.946
198.144
196.731
196.176
195.747
195.347
192.971
194.532
196.446
199.112
196.01
194.995
194.901
194.933
196.118
195.211
196.757
195.376
192.791
194.272
192.715
193.436
193.631
194.348
192.805
197.107
196.239
194.002
195.662
194.265
195.774
196.046
197.514
194.73
194.083
193.461
195.049
195.09
194.762
193.247
197.199
193.589
195.13
193.766
197.276
197.456
195.848
196.376
195.502
197.377
196.188
196.306
192.744
195.611
196.256
196.047
194.499
194.63
191.993
191.561
194.234
198.06
195.445
193.705
194.181
193.806
193.63
195.018
196.186
195.382
194.437
193.685
194.866
194.05
195.078
194.338
195.715
196.149
195.823
196.243
196.29
196.149
195.012
194.621
195.721
197.393
192.293
191.065
191.96
191.953
191.159
193.109
194.445
193.654
194.633
195.808
195.204
194.744
194.607
192.984
194.728
194.305
193.656
196.428
194.081
196.947
193.878
194.125
195.666
192.43
192.557
193.082
193.086
194.643
194.371
194.575
193.533
194.375
197.36
198.538
196.248
192.997
193.62
195.699
195.77
193.866
193.019
196.594
195.575
193.296
194.759
193.828
193.212
194.881
197.055
194.889
191.827
194.893
193.831
192.381
194.263
193.069
192.55
194.26
195.691
197.063
197.182
195.995
196.641
194.69
195.311
194.627
193.206
194.019
194.208
194.131
195.051
194.298
193.87
196.103
192.707
193.447
191.198
191.216
193.101
191.943
192.72
190.856
192.418
191.077
192.335
191.053
191.409
192.981
192.236
192.236
194.177
193.388
193.043
194.399
195.243
196.383
194.24
196.763
195.035
195.64
195.938
194.888
194.373
193.618
194.874
195.544
195.673
193.985
194.077
197.16
197.102
191.547
192.591
195.896
195.804
195.513
194.656
198.75
194.871
195.842
194.404
192.96
191.99
193.246
194.993
192.202
194.392
197.421
194.314
192.735
192.929
192.02
194.649
194.384
193.04
193.389
192.391
193.844
192.476
196.063
196.868
195.968
192.448
193.269
193.647
196.337
197.009
195.686
197.04
200.626
199.022
197.743
195.418
197.036
197.702
195.7
197.133
192.686
193.062
193.961
194.132
194.214
194.536
196.076
194.737
195.707
195.755
196.359
195.027
192.803
193.024
194.058
194.015
193.197
193.872
193.394
194.928
194.741
192.189
197.053
193.834
192.744
193.004
195.228
196.399
193.76
192.288
193.253
194.426
195.355
193.92
195.469
195.007
194.059
194.083
194.135
192.015
192.469
192.063
195.437
195.439
193.786
191.978
194.373
193.583
191.271
191.142
192.915
193.587
196.509
195.49
194.087
191.47
192.64
190.668
194.139
194.095
193.633
193.242
194.968
194.678
193.257
194.298
194.318
195.364
195.165
195.198
191.331
194.236
194.186
192.615
194.088
192.039
191.054
190.862
192.79
191.105
192.542
193.731
192.987
190.877
192.698
190.733
193.055
191.876
191.899
191.453
190.647
191.548
191.989
191.865
192.177
196.922
192.432
191.509
192.674
193.27
191.549
192.532
193.704
195.62
192.388
192.121
194.546
196.811
195.68
195.464
192.811
194.28
191.744
191.613
191.484
189.258
191.012
190.869
190.451
191.874
189.794
188.988
190.792
191.851
190.953
190.589
188.901
190.285
188.852
190.468
192.708
190.942
191.132
191.293
189.106
190.665
191.028
191.711
191.473
192.327
189.273
189.736
189.224
190.308
191.397
192.867
192.5
190.996
193.222
190.818
189.35
190.854
188.339
190.918
189.714
189.764
189.237
189.949
188.267
190.054
188.292
189.494
188.394
188.488
188.657
188.356
189.52
191.742
192.977
189.083
191.203
189.64
190.252
188.532
191.203
190.936
190.772
191.444
192.586
190.349
192.607
191.412
190.875
190.483
190.006
190.997
190.424
187.862
188.438
188.938
190.138
190.119
190.704
187.921
191.179
191.532
190.669
191.56
190.363
189.776
190.408
188.618
189.927
191.148
190.328
191.119
190.425
190.869
190.934
190.716
190.791
191.835
191.997
193.965
190.329
189.762
191.891
190.565
190.767
190.9
187.826
187.68
190.407
191.386
189.237
190.637
190.527
190.002
188.355
189.59
189.415
190.546
191.423
192.164
193.33
191.488
189.522
190.063
188.822
188.597
188.137
188.372
188.534
189.49
187.676
186.09
190.404
189.733
187.584
188.891
189.192
190.354
191.036
188.992
190.008
191.554
190.681
191.58
189.352
190.035
189.774
189.688
189.262
191.014
193.149
195.858
193.659
191.499
192.241
189.292
188.218
189.511
190.617
190.882
191.561
191.813
190.413
187.157
188.758
188.13
188.444
188.67
189.051
187.871
188.394
187.651
188.831
187.827
189.252
187.773
190.489
190.763
189.252
190.406
189.851
187.939
188.42
191.86
191.982
190.756
189.888
187.571
187.686
189.471
191.137
193.257
190.399
189.405
188.407
186.85
189.92
188.302
189.499
188.808
190.823
191.83
188.665
188.695
189.591
189.246
190.657
188.562
189.319
189.883
186.253
188.732
190.704
192.796
190.397
191.138
189.264
189.582
186.991
187.121
187.053
188.975
189.05
188.672
187.868
187.526
189.61
190.107
189.666
190.021
189.584
190.285
190.684
190.198
188.372
187.895
190.298
191.54
188.882
189.571
191.847
190.727
189.256
190.82
190.207
189.075
191.018
188.959
187.394
191.936
189.403
188.29
189.394
188.369
189.894
191.366
187.33
190.489
191.374
189.437
191.054
192.142
191.472
188.357
189.076
189.249
190.25
191.336
192.874
189.342
187.677
187.958
189.899
188.508
189.392
189.842
191.085
192.085
192.231
189.459
190.094
193.637
193.271
192.733
190.591
187.404
188.555
191.616
192.192
193.515
190.779
190.405
189.318
188.156
189.784
190.019
189.752
188.354
189.576
190.888
189.546
188.743
190.578
189.921
189.92
190.294
189.807
188.118
189.427
190.8
190.725
189.052
189.473
188.482
188.143
187.628
190.362
189.805
187.533
188.305
187.655
190.677
190.062
190.566
187.533
189.082
190.395
194.125
190.902
191.347
191.026
194.12
190.444
189.239
188.366
188.933
189.535
189.753
189.355
190.367
191.341
193.082
191.438
191.276
192.033
189.165
186.874
188.643
189.693
189.18
188.505
188.719
189.033
188.692
188.895
191.966
190.145
189.483
189.961
188.318
186.671
188.999
188.644
187.888
188.236
187.779
188.463
188.584
189.998
189.961
186.92
189.278
188.859
189.477
189.458
191.591
189.872
191.042
188.799
188.745
191.411
192.257
193.744
189.145
188.004
187.141
189.525
191.598
191.982
187.455
187.368
188.353
189.282
188.548
186.966
188.769
187.153
186.519
190.227
191.71
190.257
189.78
188.468
189.667
190.002
187.702
189.619
190.382
189.092
191.176
191.067
190.462
189.812
192.22
189.814
191.617
188.045
190.799
190.855
191.555
188.615
188.049
186.908
188.682
188.579
187.75
187.69
187.671
188.598
189.934
187.845
188.172
187.261
188.664
188.516
188.026
186.757
187.199
187.819
188.771
189.382
187.86
189.572
187.99
187.987
187.529
188.348
188.31
188.068
187.021
187.678
187.461
189.294
191.46
191.659
191.599
189.306
189.512
188.047
190.584
190.256
189.24
187.256
187.52
186.933
186.912
186.946
187.102
187.787
187.617
187.576
186.727
187.638
189.299
188.843
188.318
188.858
188.917
188.902
189.462
188.29
188.783
187.278
187.544
188.327
186.978
186.126
186.475
188.109
189.628
192.999
191.408
190.924
189.441
188.405
188.402
187.028
184.483
186.401
187.687
185.304
187.332
186.967
190.274
187.362
186.724
186.941
189.485
187.331
188.782
189.14
189.356
190.905
190.381
187.936
186.874
187.448
186.147
186.551
187.75
187.437
189.266
188.373
188.318
188.048
188.212
189.083
189.202
189.051
188.499
187.148
187.717
188.52
188.051
187.476
187.419
188.493
190.988
189.609
188.373
185.019
187.058
187.58
188.571
187.169
188.522
187.799
188.158
187.876
188.241
189.241
188.295
190.843
187.37
187.781
188.687
186.354
185.574
187.19
186.862
187.588
188.585
189.044
186.915
188.772
188.9
187.164
185.268
184.184
186.735
185.991
189.686
187.978
188.441
189.294
188.139
186.351
187.851
187.701
188.209
187.271
186.45
187.388
186.909
188.82
186.521
185.326
185.661
189.141
188.873
189.66
189.125
186.014
189.622
189.409
188.249
188.791
187.453
185.826
187.483
189.972
185.44
188.406
185.226
185.827
187.024
186.719
186.778
186.466
186.251
187.011
187.074
187.119
187.006
186.462
186.567
186.382
185.274
188.403
189.701
190.036
189.583
189.401
189.461
189.899
190.422
190.12
188.767
191.516
192.651
185.705
187.637
186.657
183.526
186.131
186.113
185.376
186.704
187.351
187.399
187.144
186.642
187.156
186.632
185.77
187.823
188.504
187.579
188.751
190.093
191.312
188.644
187.531
187.786
189.632
191.308
187.709
185.914
187.15
186.478
187.037
187.18
186.663
187.472
186.592
187.7
186.702
186.829
184.163
184.798
188.211
186.532
185.396
187.469
188.544
190.567
188.707
188.592
186.887
186.888
185.689
185.817
184.362
184.905
185.344
185.969
186.096
189.418
190.85
189.562
189.646
186.731
184.764
187.926
187.31
187.806
189.368
187.276
187.009
185.917
185.341
187.431
188.031
189.092
190.234
187.409
185.568
186.959
188.366
189.686
187.278
185.717
188.82
186.665
185.646
187.932
187.804
187.517
188.341
187.361
188.24
185.186
188.756
186.121
185.227
186.756
185.951
185.677
187.032
187.105
187.268
187.383
186.515
186.491
185.817
186.94
187.093
184.876
185.044
185.82
186.511
186.304
185.545
186.146
188.017
185.709
184.609
185.182
184.053
183.876
185.557
187.909
188.365
186.3
184.335
186.355
188.039
184.932
185.348
185.006
185.428
187.393
185.813
185.544
186.915
186.01
187.528
188.645
186.836
186.212
184.703
186.222
185.689
187.71
185.23
185.392
185.504
185.994
186.35
186.281
186.074
188.083
188.15
188.99
189.482
186.874
183.286
185.235
185.161
183.433
185.671
185.545
185.475
188.021
186.126
186.394
186.624
185.556
186.031
186.878
185.845
184.714
184.654
184.928
183.38
184.291
184.023
186.512
184.355
183.082
183.481
184.288
186.135
187.263
184.703
184.301
187.122
188.658
186.078
185.096
186.221
186.524
189.29
186.232
186.9
186.681
183.944
185.429
186.934
183.111
184.615
186.603
184.919
185.995
185.38
184.569
185.861
187.02
185.569
183.954
185.43
183.891
185.939
184.289
189.504
185.173
185.239
182.858
182.167
184.418
186.368
186.251
183.931
185.014
184.62
186.497
184.267
185.547
185.686
186.179
183.925
187.012
187.038
185.862
186.319
183.407
186.067
185.687
186.875
185.956
185.749
186.159
184.731
184.172
184.363
186.466
185.879
186.483
188.223
189.009
184.508
187.035
186.08
186.008
184.602
185.158
186.846
184.544
183.897
183.998
182.739
184.159
184.717
184.876
184.154
185.307
185.215
187.584
185.05
185.806
187.892
184.754
186.112
186.733
189.218
187.591
184.702
187.652
187.805
190.073
188.577
189.546
185.114
185.788
184.392
185.332
185.278
185.529
185.528
184.469
185.205
186.374
186.716
188.087
185.294
187.173
187.101
185.523
184.979
186.417
190.001
186.916
184.587
186.407
185.937
182.311
186.3
185.077
186.212
188.943
188.408
188.763
185.945
186.543
184.807
185.404
186.771
187.196
185.014
186.268
188.572
188.741
187.708
189.977
187.248
186.952
183.863
184.371
184.034
182.586
183.015
185.096
186.578
186.366
186.943
184.582
187.562
187.713
187.668
185.551
184.839
185.734
184.116
184.155
187.271
186.687
185.144
184.439
185.939
187.869
185.261
186.182
185.235
185.625
186.633
184.651
185.961
185.708
184.89
183.493
184.746
188.729
187.261
186.991
188.456
187.672
185.505
185.652
189.497
189.746
187.346
183.372
185.647
188.014
186.139
184.306
184.688
187.966
187.102
185.703
186.817
185.213
184.605
185.916
185.32
182.719
183.511
183.016
182.493
183.177
184.255
185.725
185.536
186.953
186.422
186.122
184.869
184.859
183.952
182.922
181.741
183.059
185.881
185.042
184.425
182.988
184.48
185.084
184.565
186.452
187.921
186.439
187.606
184.851
182.935
183.513
184.986
183.857
185.14
185.451
184.521
185.365
184.367
182.954
182.911
183.978
185.37
184.846
183.777
186.158
186.413
186.423
186.136
185.946
187.014
186.551
186.563
181.57
183.385
184.304
184.868
185.537
182.762
183.589
182.259
182.886
183.694
183.412
185.989
186.496
184.396
184.515
185.291
187.249
187.595
185.738
183.46
185.456
185.097
181.319
181.284
182.634
182.86
181.393
183.454
185
185.075
184.367
183.941
186.387
183.939
185.469
186.977
186.748
184.321
182.954
183.153
186.684
185.755
184.335
182.921
183.672
183.663
184.389
185.151
184.952
184.813
184.542
186.298
185.063
184.657
182.138
182.126
185.178
183.088
181.995
181.381
181.788
182.421
183.452
182.452
182.521
183.973
183.511
181.528
181.686
182.973
181.519
181.448
185.263
184.52
184.132
181.774
184.697
185.109
185.031
181.789
183.156
182.952
184.791
183.514
182.024
181.686
184.02
183.676
182.31
181.434
180.434
181.087
179.77
180.37
182.338
183.813
185.392
186.307
184.097
184.166
183.514
185.691
183.682
184.222
186.567
186.254
182.669
180.083
181.911
182.788
184.487
182.534
183.51
184.583
183.32
181.011
182.059
182.335
182.137
182.071
183.804
182.364
184.703
182.735
184.199
183.078
181.518
183.507
184.032
181.449
180.704
180.744
182.004
181.615
182.609
181.909
183.432
182.037
182.48
181.647
181.372
183.473
184.054
184.113
185.425
182.429
182.988
183.816
183.062
185.386
181.992
182.321
181.714
182.627
183.676
181.977
181.275
180.744
180.344
181.009
182.188
183.949
183.721
183.873
184.465
183.985
182.165
183.016
181.975
180.892
182.802
182.317
182.267
183.646
183.505
183.943
183.381
178.948
180.706
184.015
183.765
182.154
182.463
181.305
183.556
183.916
184.194
182.661
182.216
183.249
180.792
179.925
179.957
180.995
182.785
183.075
183.193
185.055
184.79
183.301
181.694
182.058
181.12
179.91
182.324
183.232
184.218
182.024
182.834
182.69
186.653
184.028
182.386
181.201
181.246
182.549
181.818
181.66
182.134
182.961
182.159
183.862
183.012
183.261
184.66
183.053
182.111
181.47
182.788
180.839
181.947
180.939
182.102
180.863
181.637
179.908
183.015
181.48
180.636
179.222
178.974
180.967
181.261
180.975
180.996
180.954
180.829
181.477
183.216
184.213
186.089
184.135
182.618
184.164
185.505
184.489
185.634
185.588
184.549
183.542
182.713
180.343
180.071
180.822
183.446
182.461
181.234
182.127
181.785
181.027
184.876
181.478
184.052
180.807
180.726
182.274
184.805
185.323
183.544
184.981
185.247
182.599
183.467
183.447
183.936
182.027
180.875
180.76
180.422
179.826
180.396
184.074
179.819
182.482
181.931
182.886
180.655
181.652
181.239
183.476
184.393
183.52
183.119
180.781
180.697
184.601
185.503
184.982
185.876
182.021
182.388
182.729
183.534
186.29
183.624
184.543
183.663
184.792
184.69
180.287
181.427
181.387
181.435
181.891
181.966
184.223
185.073
182.567
182.203
182.212
183.052
182.121
183.684
184.549
185.65
183.512
180.725
182.909
182.088
180.281
181.373
182.513
184.171
180.665
181.866
181.517
184.412
181.971
184.733
187.112
184.661
183.406
180.203
180.365
180.206
180.304
180.065
180.668
179.903
180.063
179.852
181.528
181.321
183.134
183.907
184.57
184.241
184.981
185.58
184.574
183.336
182.692
184.016
184.021
182.512
181.532
182.618
185.269
181.888
182.546
183.509
184.702
182.898
182.276
181.612
182.559
185.527
185.325
185.161
181.801
182.287
185.529
184.532
182.472
181.151
181.123
182.435
185.353
183.469
183.456
183.829
183.924
183.073
182.976
181.516
183.038
183.546
183.176
182.801
181.712
181.225
182.23
182.013
182.468
181.371
182.914
181.452
181.265
182.15
182.721
184.506
184.472
185.486
183.671
182.65
180.837
182.783
182.318
181.04
180.39
181.402
182.264
182.624
183.673
183.411
179.689
180.776
181.506
185.717
184.094
182.547
181.867
181.496
182.517
189.459
182.974
181.601
180.185
178.981
180.075
178.512
179.032
180.67
183.082
181.175
180.81
182.878
182.225
183.517
182.526
182.779
181.782
183.394
181.103
181.044
182.09
183.866
180.583
182.322
182.283
182.3
180.851
183.284
184.821
180.929
179.966
181.66
181.226
180.533
180.793
182.454
181.102
180.48
182.873
183.747
182.414
183.139
184.357
184.31
184.459
183.714
185.724
184.277
181.538
185.54
184.084
182.834
183.149
181.167
181.328
183.03
184.147
179.271
181.168
180.952
182.694
182.003
180.727
182.947
184.397
184.216
184.09
182.46
184.564
186.106
184.459
184.182
184.659
183.576
183.16
182.763
184.104
183.254
184.103
183.66
183.974
180.332
182.429
185.806
183.759
183.818
182.345
181.508
182.57
181.656
183.173
183.562
185.207
185.66
183.269
183.453
182.575
183.888
185.459
182.488
182.166
181.573
180.782
183.085
183.726
180.384
181.415
181.739
182.344
181.287
179.634
180.163
180.479
182.068
181.875
182.359
182.625
183.897
183.482
180.219
180.125
181.745
187.075
185.65
182.151
181.738
181.333
182.038
182.336
180.935
180.92
180.189
182.534
181.806
182.965
181.806
181.444
182.774
182.161
181.478
184.428
183.474
184.693
184.495
183.602
182.448
180.905
183.537
185.577
182.216
180.807
181.474
179.917
181.809
183.755
178.906
179.948
181.768
180.984
181.927
181.429
182.494
181.087
182.734
181.511
181.124
180.98
182.537
183.178
180.924
183.345
181.02
181.149
183.28
183.796
182.235
182.547
180.095
180.472
181.931
183.493
184.529
185.998
181.587
182.324
181.905
181.016
182.831
181.353
180.264
179.854
180.354
181.159
180.14
182.162
180.012
183.115
184.512
184.64
183.535
179.829
180.966
181.418
180.041
180.587
183.525
181.027
184.751
183.953
183.816
183.692
181.566
181.66
179.41
182.612
181.804
180.908
183.24
185.834
181.609
182.785
181.662
180.809
180.765
183.019
181.555
181.021
180.496
182.919
180.49
181.565
182.272
182.5
182.342
180.834
181.232
182.006
179.991
178.91
179.556
179.033
181.772
180.12
180.782
181.716
182.092
181.936
181.253
182.231
179.788
179.625
181.674
181.294
181.306
180.662
181.415
180.825
182.222
182.241
181.666
180.735
180.077
178.857
178.71
179.448
178.793
180.663
181.69
182.974
184.533
182.007
180.586
181.385
181.231
180.765
180.074
180.936
182.479
182.661
181.031
182.224
181.348
182.572
180.314
183.734
184.756
183.076
182.665
182.982
181.491
179.566
180.675
180.841
180.508
179.677
178.864
179.335
180.451
183.707
184.176
182.705
182.278
180.33
180.494
182.106
185.695
187.498
185.725
181.683
179.978
181.609
179.741
181.593
182.159
180.706
181.425
184.093
184.648
181.673
181.757
181.938
181.404
179.622
179.694
182.802
181.065
181.783
180.253
181.245
179.253
181.568
179.878
185.902
185.817
182.81
182.139
181.302
180.292
181.512
181.511
179.906
178.931
179.915
179.928
178.932
180.551
181.302
183.247
182.316
181.33
182.349
182.862
179.115
179.38
177.706
177.592
178.543
180.691
180.914
179.617
179.195
178.362
181.625
183.125
185.061
182
181.452
180.294
179.092
181.453
179.886
179.989
179.196
180.743
183.016
182.834
182.839
182.724
182.221
182.246
181.767
180.094
178.822
180.211
179.974
181.103
182.296
181.747
180.692
181.402
180.688
181.645
181.698
180.523
179.154
179.55
179.152
177.429
180.02
182.569
184.796
184.446
181.296
180.667
180.86
180.845
181.49
179.572
179.584
180.082
181.439
181.709
181.696
179.609
179.486
182.164
182.546
180.679
181.008
182.509
180.746
181.018
180.436
180.357
179.819
179.402
180.142
180.277
180.495
180.117
178.903
179.595
182.013
183.653
180.653
180.308
180.896
180.263
180.718
178.675
178.88
179.271
179.96
179.679
180.336
181.022
181.973
183.226
181.574
181.689
181.387
179.825
183.013
184.766
183.43
184.29
182.051
181.672
181.337
182.42
183.194
182.642
183.149
184.877
179.695
181.38
184.168
182.635
181.039
180.738
182.032
180.238
180.018
179.409
179.904
181.142
182.605
182.055
181.383
182.28
180.579
181.262
181.019
181.087
183.525
182.093
180.76
179.239
179.41
179.917
182.15
182.054
180.944
180.455
182.647
183.625
179.279
180.943
181.139
181.091
178.959
181.545
181.335
180.873
181.108
182.817
183.311
182.121
181.346
181.06
179.164
180.29
180.818
180.504
178.325
180.831
179.112
178.654
181.167
180.038
179.417
178.804
180.599
180.46
181.791
181.045
180.373
180.534
180.677
178.201
179.866
182.348
181.765
180.518
180.243
180.696
179.368
178.867
177.981
181.098
179.933
179.987
179.975
181.18
181.679
181.643
181.007
181.463
180.312
181.184
181.166
179.498
180.265
180.615
179.869
179.763
183.635
180.237
179.426
180.655
179.771
178.732
181.528
181.996
185.756
183.817
183.864
185.283
180.865
180.083
180.68
182.288
184.066
182.491
183.472
181.769
186.546
182.335
180.091
178.834
180.875
180.668
181.557
180.477
178.732
179.751
179.759
182.041
180.601
180.575
178.579
181.385
181.946
182.855
181.402
183.962
182.13
180.126
183.954
182.306
181.234
181.229
181.534
181.125
181.253
183.619
181.796
179.792
180.353
181.038
180.146
180.816
179.652
179.582
179.266
178.014
180.723
184.587
184.954
182.273
180.092
179.719
179.091
179.264
182.038
183.677
183.608
182.161
183.333
180.993
180.098
183.784
178.138
179.552
179.803
181.152
179.414
178.221
177.219
177.513
178.762
179.737
178.69
178.864
179.656
179.315
178.469
180.055
182.571
181.264
180.62
182.449
179.759
178.293
181.031
180.388
179.362
179.509
180.403
180.012
180.551
178.235
181.711
180.512
179.607
178.91
180.173
179.164
177.953
178.431
179.164
179.846
177.957
178.469
176.969
179.321
177.292
176.955
179.763
179.413
180.098
181.861
179.923
179.428
178.776
181.566
182.375
180.669
177.946
178.931
180.596
179.016
180.527
177.702
178.453
179.878
180.748
181.614
180.493
180.625
181.608
181.1
180.96
180.382
179.421
178.852
182.15
179.267
180.813
178.261
181.235
179.649
177.808
179.699
180.574
178.305
180.494
181.47
180.5
178.893
180.84
178.157
180.032
182.68
180.335
180.946
180.427
182.686
179.386
179.542
181.357
177.412
178.114
180.02
180.388
179.824
180.634
184.392
179.502
179.788
178.009
179.465
178.818
181.403
181.356
180.404
180.659
180.616
180.857
177.733
179.356
181.453
179.861
182.735
183.685
182.789
181.716
180.213
180.041
180.23
181.07
182.227
179.954
182.399
180.271
181.112
179.726
181.547
180.215
177.194
178.073
179.034
180.4
178.674
179.781
177.874
178.297
179.079
179.818
182.027
180.954
181.676
179.582
178.34
178.708
177.893
177.431
180.305
177.588
179.49
179.653
179.376
179.918
179.915
180.829
183.67
180.521
182.063
179.77
178.631
177.078
181.777
179.755
178.267
177.589
179.337
178.958
180.373
181.999
180.747
178.041
180.595
182.469
178.411
179.98
183.045
179.046
176.82
177.06
176.804
180.161
181.605
181.907
180.745
178.01
178.671
179.415
179.091
180.445
180.08
178.975
178.014
179.519
180.847
179.707
180.15
178.848
178.871
176.417
178.482
180.616
181.838
181.124
178.687
181.68
179.515
180.12
179.849
179.738
179.79
179.7
179.481
181.094
181.497
177.889
179.513
179.009
179.465
179.383
178.277
178.674
177.587
177.354
178.071
179.005
179.288
177.79
178.342
179.162
180.035
181.913
182.182
180.531
180.332
179.314
180.483
180.88
179.606
178.633
178.995
178.789
180.169
177.187
179.284
177.645
177.457
179.111
178.701
180.826
179.188
179.858
182.424
178.715
180.351
179.445
177.602
181.79
180.665
181.029
181.235
179.537
178.107
175.903
178.969
177.831
179.85
177.33
177.052
176.321
178.29
178.503
178.13
179.851
180.205
180.964
181.34
180.18
180.453
182.284
181.6
181.376
180.038
179.384
179.129
179.189
179.095
178.262
178.036
177.286
178.768
179.093
179.261
178.929
179.12
177.056
179.327
178.714
179.971
178.268
177.766
180.87
180.015
179.223
180.879
179.018
181.376
180.763
182.666
180.213
176.622
177.61
179.931
179.604
178.666
180.577
180.475
181.125
177.535
176.948
177.123
177.937
178.104
179.45
180.576
178.221
178.61
179.16
178.86
178.663
182.005
180.121
178.819
178.172
178.311
178.778
179.555
179.556
179.716
180.982
179.571
178.504
180.087
177.392
179.594
178.816
180.079
183.105
180.145
180.561
178.596
179.2
180.965
179.639
180.811
180.076
179.132
181.175
179.228
180.499
179.182
181.952
182.075
178.829
178.229
177.08
178.968
180.805
179.499
179.599
176.667
177.876
179.19
180.251
181.045
179.328
180.244
178.737
179.688
181.567
181.332
179.462
178.37
181.02
178.091
179.638
180.423
182.504
182.063
180.628
177.8
178.134
179.775
178.745
179.345
179.611
181.927
181.496
178.558
179.291
179.319
178.398
180.292
181.374
182.709
179.303
178.097
181.61
180.541
179.303
178.431
176.614
178.724
177.867
179.577
182.117
180.432
177.633
179.839
180.825
180.127
178.329
181.958
181.486
182.967
180.939
178.065
176.664
176.573
177.062
179.242
180.699
183.756
180.27
177
178.487
180.911
182.171
181.311
177.451
177.799
176.384
177.553
178.047
180.727
176.643
178.88
177.941
178.528
179.832
178.208
179.847
178.77
177.71
177.666
179.488
180.179
180.123
184.076
185.396
183.725
180.228
179.183
178.828
178.14
177.216
180.053
180.582
180.541
180.657
181.124
176.301
177.667
177.421
178.698
179.519
177.78
178.244
182.361
182.184
181.53
178.575
177.383
178.557
176.601
179.356
179.56
178.768
180.769
179.939
178.146
179.213
177.843
175.554
178.983
178.876
178.34
180.981
178.789
178.851
183.179
179.867
179.516
180.539
180.4
180.059
178.538
180.586
177.564
177.451
177.705
177.617
177.302
179.103
178.477
176.695
178.739
178.794
178.475
180.007
182.274
181.962
180.05
177.631
177.239
177.702
179.158
179.697
178.582
177.923
178.668
177.741
177.036
178.678
178.422
177.748
178.094
176.111
177.95
179.274
178.688
177.681
180.359
177.996
177.445
177.168
177.494
178.512
178.596
179.474
180.115
178.191
176.727
177.445
174.724
177.311
178.421
176.927
178.381
179.952
178.009
179.968
179.104
178.677
177.818
179.375
179.625
178.062
178.448
177.487
177.696
176.817
176.148
176.936
178.637
178.513
176.775
177.875
177.838
176.497
177.337
178.752
180.138
180.561
182.302
183.204
180.769
180.721
178.015
178.11
175.85
175.53
176.651
177.442
176.104
177.844
175.392
177.916
177.981
175.884
175.173
176.88
179.832
176.013
178.292
176.005
177.351
174.84
176.339
175.816
177.001
176.284
177.087
175.29
177.773
177.681
178.617
178.695
178.472
176.805
176.687
177.886
177.845
179.144
178.156
177.096
178.261
177.69
177.8
177.121
177.665
176.306
180.069
177.191
177.336
177.43
177.138
176.184
176.252
176.594
177.152
175.647
175.978
175.961
178.819
176.76
177.438
178.695
179.863
178.607
179.253
176.966
176.06
178.044
177.036
175.885
175.596
175.631
175.518
179.071
176.375
179.052
180.313
177.058
176.522
176.347
176.174
177.602
176.809
176.601
179.135
179.782
178.143
177.011
177.963
178.931
177.97
178.29
177.595
177.294
176.774
176.152
176.823
175.426
177.476
177.779
180.949
178.161
178.258
178.634
177.118
178.623
177.817
176.7
176.878
178.46
179.472
176.411
175.918
175.192
174.68
176.042
177.06
178.027
173.302
174.938
176.632
178.75
177.279
176.425
177.707
177.052
176.493
176.626
175.753
177.168
177.174
177.806
179.616
176.198
176.861
176.582
176.928
178.341
179.71
179.897
175.916
177.837
176.046
176.346
180.233
178.924
178.592
178.485
176.847
176.016
178.516
176.331
177.546
176.397
178.62
177.678
178.106
177.558
175.823
176.633
177.822
176.549
176.334
176.353
176.193
177.931
177.02
178.268
179.144
177.682
179.209
178.815
178.369
179.671
179.562
178.008
178.87
179.284
176.611
176.784
178.288
177.742
178.487
179.102
175.742
178.412
179.207
179.766
177.909
179.451
178.984
179.007
178.035
176.383
175.918
175.539
175.466
175.201
176.872
178.517
178.427
175.958
178.417
176.641
175.753
176.455
175.918
176.744
177.557
176.861
176.842
177.517
176.765
178.276
175.592
176.36
175.942
176.973
177.169
177.089
179.607
176.746
176.715
177.05
178.832
180.645
179.486
181.315
180.999
180.85
178.621
177.481
178.724
177.914
175.436
176.909
176.343
177.103
180.438
181.018
177.628
177.289
180.25
180.086
179.342
178.388
177.391
174.629
173.392
174.827
176.041
177.399
175.108
175.201
176.374
174.067
176.296
177.84
176.97
176.203
177.76
178.178
177.112
177.317
178.361
176.307
178.389
177.665
175.074
175.838
176.513
179.051
176.883
176.035
177.248
176.869
177.28
177.903
176.974
177.574
177.055
176.372
176.031
178.138
179.749
176.211
175.227
175.956
176.948
178.31
178.561
178.413
175.513
177.563
177.359
175.463
173.832
176.282
178.884
178.573
180.255
179.469
179.144
179.435
180.137
179.5
180.117
181.019
177.891
178.519
175.522
174.571
175.584
178.167
178.96
180.66
179.175
180.528
176.978
178.441
175
176.164
176.341
174.714
175.358
175.301
176.477
177.155
177.721
177.535
176.371
178.376
177.741
175.553
175.877
176.506
177.117
175.346
177.201
176.782
178.982
178.171
177.324
177.463
175.716
175.356
176.683
176.518
177.466
176.909
177.904
178.196
178.845
177.62
177.712
180.188
176.679
176.954
177.53
176.497
176.16
176.263
177.101
177.405
176.31
175.218
174.874
177.587
176.509
180.616
177.529
178.872
177.635
176.409
178.107
176.66
176.896
177.578
179.311
179.249
178.494
175.297
175.723
179.058
177.755
178.73
182.626
177.927
176.615
176.36
177.078
177.557
176.657
174.942
176.965
177.756
177.183
176.184
176.875
179.417
180.501
177.045
176.711
177.207
177.111
177.671
179.775
177.972
178.19
175.772
177.087
176.381
178.297
177.491
176.764
177.215
174.071
175.661
175.815
174.993
175.015
176.932
174.335
176.821
177.456
178.265
177.553
176.096
175.643
174.055
178.043
176.446
179.947
177.259
174.222
174.191
173.253
172.823
174.812
175.229
176.573
177.338
178.611
178.478
177.891
176.914
177.307
180.42
179.694
176.767
176.154
177.147
179.347
175.624
174.267
175.046
174.393
175.024
174.764
175.458
174.738
175.294
176.753
177.146
177.296
174.784
175.459
175.782
177.206
176.035
175.167
176.98
176.685
178.18
176.112
175.458
173.803
176.738
175.018
177.899
175.677
175.832
176.551
178
174.244
174.885
176.936
174.735
177.17
174.363
175.594
176.548
174.162
174.062
173.607
173.962
174.724
175.294
174.386
173.065
175.79
175.201
175.613
175.294
177.231
176.637
176.917
176.626
177.43
178.092
178.706
178.57
172.709
173.979
175.041
173.083
177.255
175.303
178.17
178.452
180.979
181.519
178.554
176.436
177.456
178.112
177.565
177.2
180.275
178.612
174.884
175.928
173.329
173.453
176.098
173.179
173.484
176.594
174.567
177.284
176.618
175.009
173.309
174.19
176.511
173.795
175.118
174.282
174.775
177.969
178.493
176.104
175.735
177.055
175.828
177.336
176.365
177.849
175.599
175.601
174.892
172.047
174.456
175.202
173.861
174.156
175.152
176.045
175.66
174.308
174.634
176.389
174.35
173.891
174.034
171.656
171.818
174.291
173.878
175.31
175.691
177.151
176.535
178.113
178.781
181.502
177.775
175.317
175.273
177.016
175.615
177.199
177.541
175.163
175.916
178.381
177.969
177.464
174.901
174.958
173.209
173.209
174.789
175.896
177.151
176.63
179.538
177.44
176.254
177.06
176.124
177.405
176.836
173.034
173.049
175.722
174.783
174.222
174.8
173.719
175.092
173.24
175.942
174.166
174.78
175.967
177.491
177.849
175.009
175.019
174.974
175.209
176.609
173.841
175.329
177.824
177.134
176.812
175.09
174.856
175.032
177.338
174.913
174.148
175.387
175.626
176.176
175.73
176.049
174.655
172.862
175.155
177.924
177.369
175.416
175.61
174.896
172.571
173.536
175.932
175.305
174.617
173.862
173.057
172.984
172.935
173.552
175.362
174.259
173.369
173.206
172.336
174.479
174.221
177.869
177.538
178.997
179.282
175.792
174.984
177.02
176.703
176.904
173.426
175.663
173.974
174.738
172.962
175.679
179.568
176.956
175.532
175.679
176.128
174.23
174.668
176.021
174.397
173.779
174.784
176.649
177.616
176.582
174.558
176.337
176.164
172.857
176.566
176.899
176.634
174.373
173.736
174.685
176.969
175.23
176.47
177.038
174.44
174.615
174.72
176.45
172.934
174.615
175.702
175.433
176.476
175.711
173.791
173.624
174.053
172.943
172.804
174.253
176.524
174.556
172.551
175.471
175.751
173.924
172.641
174.161
174.796
173.517
173.648
176.382
173.963
176.42
177.303
174.717
173.04
174.764
174.651
175.81
176.181
175.908
175.739
176.231
175.631
177.875
176.268
174.536
175.672
175.66
176.875
177.549
175.908
174.504
174.904
175.197
174.852
174.037
172.491
173.718
174.889
173.139
176.27
175.231
173.352
175.763
176.892
176.998
176.464
176.624
177.648
176.869
176.645
176.558
174.36
176.587
173.864
176.768
175.431
175.815
176.56
175.274
172.847
172.893
174.738
173.22
175.551
174.604
172.958
172.583
174.843
174.896
175.992
176.392
175.864
177.134
176.18
174.806
174.324
175.79
174.813
173.933
175.67
175.066
174.117
175.79
176.107
177.315
175.472
176.482
174.416
175.38
178.051
176.655
176.06
174.534
174.912
174.735
175.875
174.102
175.912
174.698
173.367
174.66
175.661
174.147
175.447
174.304
173.059
175.205
174.225
174.092
174.617
174.47
173.747
175.038
174.934
175.589
174.758
174.897
175.033
174.554
175.941
174.543
176.658
176.842
176.628
177.25
173.094
172.278
175.384
174.71
177.064
176.91
175.495
175.665
172.016
172.831
175.362
175.145
173.714
173.754
173.793
173.118
173.093
175.232
173.974
174.593
172.696
177.405
176.335
179.184
178.703
178.735
175.819
175.351
174.334
172.517
176.332
174.863
172.529
172.942
172.402
173.659
174.294
177
175.435
175.835
173.136
175.163
176.038
176.167
175.63
173.867
176.072
174.094
176.164
176.611
174.722
174.405
174.575
173.441
173.338
172.497
172.89
172.721
173.68
174.889
174.104
173.83
172.785
172.834
171.964
172.378
175.27
177.106
177.528
176.764
176.408
176.438
175.903
177.413
176.06
177.554
176.475
173.925
175.813
174.017
175.828
175.57
170.969
173.128
173.761
172.964
172.838
174.3
172.053
172.32
173.426
173.645
174.965
171.832
172.566
173.837
176.149
178.212
174.331
173.406
175.927
173.969
175.153
174.259
173.54
173.547
175.422
176.754
175.979
176.786
173.764
176.444
173.952
174.047
170.136
171.35
171.634
173.326
174.912
173.215
175.262
175.267
174.099
173.277
175.199
174.44
173.409
171.867
170.687
175.528
174.226
173.312
173.01
172.829
173.72
174.043
173.085
175.179
173.846
172.493
171.445
172.921
172.489
174.064
173.895
173.686
