1,	2.12298,	0
2,	2.04042,	0.0825626
3,	2.08594,	0.0659155
4,	2.09955,	0.0485545
5,	2.09373,	0.0380578
6,	2.09711,	0.031257
7,	2.12159,	0.0360157
8,	2.14657,	0.0399604
9,	2.14979,	0.0353883
10,	2.15997,	0.0332494
11,	2.17061,	0.0319047
12,	2.16391,	0.0298875
13,	2.15651,	0.0284709
14,	2.15875,	0.0264542
15,	2.15104,	0.0258073
16,	2.14526,	0.0248229
17,	2.14991,	0.0237776
18,	2.15049,	0.0224253
19,	2.15488,	0.0216605
20,	2.16033,	0.0212587
21,	2.1715,	0.0231037
22,	2.18815,	0.0276139
23,	2.19522,	0.0273165
24,	2.19162,	0.0264002
25,	2.18987,	0.0253826
26,	2.18509,	0.0248506
27,	2.17545,	0.0257852
28,	2.17464,	0.0248602
29,	2.1704,	0.0243607
30,	2.16639,	0.0238739
31,	2.16755,	0.0231203
32,	2.16702,	0.0223924
33,	2.16131,	0.0224432
34,	2.16392,	0.0219292
35,	2.16025,	0.0216072
36,	2.16384,	0.021304
37,	2.16176,	0.0208243
38,	2.16033,	0.0203198
39,	2.16471,	0.0202706
40,	2.16913,	0.0202467
41,	2.16996,	0.0197641
42,	2.17312,	0.0195449
43,	2.17266,	0.0190905
44,	2.1712,	0.0187088
45,	2.16635,	0.018919
46,	2.17097,	0.0190713
47,	2.1734,	0.0188186
48,	2.17927,	0.0193348
49,	2.18138,	0.0190525
50,	2.18041,	0.0186927
51,	2.18144,	0.0183516
52,	2.1799,	0.0180609
53,	2.18129,	0.0177709
54,	2.18344,	0.0175716
55,	2.18484,	0.0173054
56,	2.18117,	0.0173849
57,	2.17828,	0.0173204
58,	2.17896,	0.0170329
59,	2.17949,	0.01675
60,	2.17837,	0.0165062
61,	2.17592,	0.0164175
62,	2.17933,	0.0165059
63,	2.17812,	0.0162869
64,	2.17384,	0.0165896
65,	2.17485,	0.0163634
66,	2.1745,	0.0161175
67,	2.17149,	0.0161567
68,	2.16836,	0.0162239
69,	2.16884,	0.0159944
70,	2.16973,	0.0157893
71,	2.16986,	0.0155658
72,	2.16904,	0.0153697
73,	2.17064,	0.0152413
74,	2.17227,	0.015122
75,	2.17244,	0.0149201
76,	2.17158,	0.0147477
77,	2.1736,	0.0146946
78,	2.17114,	0.0147128
79,	2.17303,	0.0146479
80,	2.17295,	0.0144638
81,	2.17235,	0.0142966
82,	2.17342,	0.0141618
83,	2.17462,	0.0140416
84,	2.17262,	0.0140173
85,	2.17093,	0.0139543
86,	2.16891,	0.0139374
87,	2.16692,	0.0139203
88,	2.16573,	0.0138124
89,	2.1663,	0.0136681
90,	2.16445,	0.0136414
91,	2.16236,	0.0136516
92,	2.16222,	0.0135031
93,	2.16221,	0.0133571
94,	2.16166,	0.0132257
95,	2.16212,	0.0130939
96,	2.16328,	0.0130082
97,	2.16406,	0.0128974
98,	2.16519,	0.0128145
99,	2.16594,	0.0127067
100,	2.16586,	0.0125793
