1,	-3.368136536,	0
2,	-3.367570465,	0.0005660713726
3,	-3.368129691,	0.0006477233135
4,	-3.367608289,	0.0006939974885
5,	-3.367297501,	0.0006209416349
6,	-3.367215544,	0.0005135783603
7,	-3.366817018,	0.0005892576647
8,	-3.36665345,	0.0005358851469
9,	-3.3666951,	0.0004744380289
10,	-3.366657472,	0.0004260152895
11,	-3.366646715,	0.000385495445
12,	-3.36674657,	0.0003658003552
13,	-3.366853422,	0.0003530455613
14,	-3.366770683,	0.0003371662826
15,	-3.366766632,	0.0003139108659
16,	-3.366751228,	0.0002940404624
17,	-3.366635293,	0.0002995482132
18,	-3.366606943,	0.0002838360579
19,	-3.366592292,	0.0002688814952
20,	-3.366511252,	0.0002676471245
21,	-3.366445096,	0.0002630385874
22,	-3.366376151,	0.0002601014653
23,	-3.366313343,	0.0002563488608
24,	-3.366322406,	0.0002456026129
25,	-3.366322503,	0.0002355737708
26,	-3.366345757,	0.0002275234692
27,	-3.366365809,	0.0002198508626
28,	-3.366372742,	0.0002119670301
29,	-3.366411082,	0.000208089616
30,	-3.366438127,	0.000202844774
31,	-3.366417944,	0.0001972277821
32,	-3.366448157,	0.0001933403797
33,	-3.366515065,	0.0001989764067
34,	-3.366469354,	0.0001983738532
35,	-3.366489155,	0.0001936376996
36,	-3.366462217,	0.0001901002876
37,	-3.36640871,	0.0001924776733
38,	-3.366419728,	0.0001876677191
39,	-3.366354575,	0.0001940568139
40,	-3.366305166,	0.0001954899803
41,	-3.366267592,	0.0001943294804
42,	-3.366228237,	0.0001936864399
43,	-3.366241863,	0.0001896186601
44,	-3.366233151,	0.0001854637532
45,	-3.36623777,	0.0001813543308
46,	-3.366224329,	0.000177876612
47,	-3.366205608,	0.0001750547498
48,	-3.366187024,	0.0001723737744
49,	-3.366162279,	0.0001706230973
50,	-3.366172542,	0.0001674905508
51,	-3.366190745,	0.0001651796457
52,	-3.366186509,	0.0001620273644
53,	-3.366194549,	0.0001591440656
54,	-3.366169132,	0.0001582239686
55,	-3.366171058,	0.0001553324719
56,	-3.366189565,	0.0001536521396
57,	-3.366218105,	0.0001536068933
58,	-3.366239795,	0.0001524858985
59,	-3.366230868,	0.0001501447479
60,	-3.36626529,	0.0001515812688
61,	-3.366268941,	0.0001491203044
62,	-3.366265676,	0.0001467317447
63,	-3.36627435,	0.0001446442164
64,	-3.366291414,	0.0001433852239
65,	-3.36626538,	0.0001435426797
66,	-3.36628136,	0.000142251499
67,	-3.366298965,	0.0001412139334
68,	-3.366315653,	0.0001401190456
69,	-3.366298969,	0.000139077752
70,	-3.366278435,	0.000138605978
71,	-3.366286025,	0.0001368505011
72,	-3.366295675,	0.0001352809814
73,	-3.366289502,	0.0001335576904
74,	-3.366275333,	0.0001325002342
75,	-3.366266375,	0.0001310281606
76,	-3.366310682,	0.000136673496
77,	-3.366332306,	0.0001366092119
78,	-3.366358688,	0.0001374028044
79,	-3.366346377,	0.0001362098593
80,	-3.366365361,	0.0001358297504
81,	-3.366362383,	0.000134175428
82,	-3.366335576,	0.000135212943
83,	-3.366335779,	0.0001335740917
84,	-3.366344229,	0.0001322445827
85,	-3.36634982,	0.0001307990476
86,	-3.366360877,	0.0001297411955
87,	-3.366369339,	0.0001285201384
88,	-3.366352107,	0.0001282145253
89,	-3.366351154,	0.0001267693122
90,	-3.366367389,	0.0001263997766
91,	-3.366366243,	0.0001250083047
92,	-3.366374729,	0.0001239329224
93,	-3.366386817,	0.0001231876365
94,	-3.366383334,	0.000121919835
95,	-3.366362378,	0.0001224364407
96,	-3.366346019,	0.0001222538605
97,	-3.36632788,	0.0001223390198
98,	-3.366326254,	0.000121095145
99,	-3.366345046,	0.0001213297453
100,	-3.366345846,	0.0001201129871
