138.941
138.941
134.494
131.158
128.25
125.397
117.539
116.471
116.471
104.041
100.813
100.813
98.2381
98.2011
91.6768
88.6637
88.6637
87.236
87.2187
83.9638
83.9638
83.9638
80.9789
80.9789
80.9789
78.736
76.7387
76.7387
76.7387
76.6336
76.6336
76.6336
76.6336
75.9931
75.9931
74.579
74.579
74.579
73.7921
73.7921
73.7921
72.3909
72.3909
72.3909
72.3909
72.3909
72.3909
72.1289
71.3232
68.3757
67.3079
67.3079
67.3079
67.3079
67.0265
67.0265
67.0265
67.0265
67.0265
67.0265
66.8489
66.0173
66.0173
65.8397
65.8397
65.8397
65.8397
65.2341
65.2341
65.0565
65.0565
65.0565
65.0565
65.0565
65.0565
65.0565
65.0565
65.0565
65.0565
65.0565
65.0565
65.0565
65.0565
65.0565
65.0565
65.0565
65.0565
65.0565
65.0565
65.0565
65.0565
65.0565
65.0565
63.9621
63.9621
63.9621
63.9621
63.9621
63.9621
63.9621
63.4053
63.4053
63.4053
63.4053
63.4053
62.8761
62.8761
62.8761
62.8761
62.8761
60.0161
60.0161
60.0161
60.0161
60.0161
59.9886
59.9886
59.9886
59.9886
59.9886
59.9886
59.9886
57.4295
57.4295
57.4295
57.4295
57.4295
57.4295
57.4295
57.4295
57.4295
57.4295
57.4295
57.4295
57.4295
57.4295
57.4295
57.4295
57.4295
57.4295
57.2693
57.2693
57.2693
57.2693
57.2693
57.2693
57.2693
57.2693
57.2693
57.2693
57.2693
57.2693
57.2693
54.2561
54.2561
54.2561
54.2561
54.2561
54.2561
54.2561
54.2561
54.2561
54.2561
54.2561
54.2561
54.2561
54.2561
54.2561
54.2561
54.2561
54.2561
54.2561
54.2561
54.2561
54.2561
54.2561
54.2561
54.2561
54.2561
54.2561
54.2561
54.2561
54.2561
54.2561
54.2561
54.2561
54.2561
54.2561
54.2561
54.2561
54.2561
54.2561
54.2561
54.2561
54.2561
54.2561
54.2561
54.2561
54.2561
54.2561
54.2561
54.2561
54.2561
54.2561
54.2561
54.2561
54.2561
54.2561
54.2561
54.2561
54.2561
54.2561
54.2561
54.2561
54.2561
52.7633
52.7633
52.7633
52.7633
52.7633
52.7633
52.7633
52.7633
52.7633
52.7633
52.7633
52.7633
52.7633
52.7633
52.7633
52.7633
52.7633
52.7633
52.7633
52.7633
52.7633
52.7633
52.7633
52.7633
52.7633
52.7633
52.7633
52.7633
52.7633
52.7633
52.7633
52.7633
52.7633
52.7633
52.7633
52.7633
52.7633
52.7633
52.7633
52.7633
52.7633
52.7633
52.7633
52.7633
52.7633
52.7633
52.7633
52.7633
52.7633
52.7633
52.7633
52.7633
52.7633
52.7633
52.7633
52.7633
52.7633
52.7633
52.7633
52.7633
52.7633
52.7633
52.7633
52.7633
52.7633
52.7633
52.7633
52.7633
52.7633
52.7633
52.7633
52.7633
52.7633
52.7633
52.7633
52.7633
52.0459
52.0459
52.0459
52.0459
52.0459
52.0459
52.0459
52.0459
52.0459
52.0459
52.0459
52.0459
52.0459
52.0459
52.0459
52.0459
52.0459
52.0459
52.0459
52.0459
52.0459
52.0459
52.0459
52.0459
52.0459
52.0459
52.0459
52.0459
52.0459
52.0459
52.0459
52.0459
52.0459
52.0459
52.0459
52.0459
52.0459
52.0459
52.0459
52.0459
52.0459
52.0459
52.0459
52.0459
51.4777
51.4777
51.4777
51.4777
51.4777
51.4777
51.4777
51.4777
51.4777
51.4777
51.4777
51.4777
51.4777
51.4777
51.4777
51.4777
51.4777
51.4777
51.4777
51.4777
51.4777
51.4777
51.4777
51.4777
51.4777
51.4777
51.4777
51.4777
51.4523
51.4523
51.4523
51.4523
51.4523
51.4523
51.4523
51.4523
50.8881
50.8881
50.8881
50.8881
50.8881
50.8881
50.8881
50.8881
50.8881
50.8881
50.8881
50.8881
50.8881
50.8881
50.8881
50.8881
50.8881
50.8881
50.8881
50.8881
50.8881
50.8881
50.4904
50.4904
50.4904
50.4904
50.4904
50.4904
50.4904
50.4904
50.4904
50.4904
50.4904
50.4904
50.4904
50.436
50.436
50.436
50.436
50.436
50.436
50.436
50.436
50.436
50.436
50.436
50.436
50.436
50.436
50.436
50.436
50.436
50.436
50.436
50.436
50.436
50.436
50.436
50.436
50.436
50.436
50.436
50.436
50.436
50.436
50.436
50.436
50.436
50.436
50.436
50.436
50.436
50.436
50.436
50.436
50.436
50.436
50.436
50.436
50.436
50.436
50.436
50.436
50.436
50.436
50.436
50.436
50.436
50.436
50.436
50.436
50.436
50.436
50.436
50.436
50.436
50.436
50.436
50.436
50.436
50.436
50.436
50.436
50.436
50.436
50.436
50.436
50.436
50.436
50.436
50.436
50.436
50.436
50.436
50.436
50.436
50.436
50.436
50.436
50.436
50.436
50.436
50.436
50.436
50.436
50.436
50.436
50.436
50.436
50.436
50.436
50.436
50.436
50.436
50.436
50.436
50.3381
50.3381
50.3381
50.3381
50.3381
50.3381
50.3381
50.3381
50.3381
50.3381
50.3381
50.3381
50.3381
50.3381
50.3381
50.3381
50.3381
50.3381
50.3381
50.3381
50.3294
50.3294
50.3294
50.3294
50.3294
50.3294
50.3294
50.3294
50.3294
50.3294
50.3294
50.3294
50.3294
50.3294
50.3294
50.3294
50.3294
50.3294
50.3294
50.3294
50.3294
50.3294
50.3294
50.3294
50.3294
50.3294
50.3294
50.3294
50.3294
50.3294
50.3294
50.3294
50.3294
50.3294
50.3294
50.3294
50.3294
50.3294
50.3294
50.3294
50.3294
48.1027
48.1027
48.1027
48.1027
48.1027
48.1027
48.1027
48.1027
48.1027
48.1027
48.1027
48.1027
48.1027
48.1027
48.1027
48.1027
48.1027
48.1027
48.1027
48.1027
48.1027
48.1027
48.1027
48.1027
48.1027
48.1027
48.1027
48.1027
48.1027
48.1027
48.1027
48.1027
48.1027
48.1027
48.1027
48.1027
48.1027
48.1027
48.1027
48.1027
48.1027
48.1027
48.1027
48.1027
48.1027
48.0846
48.0846
48.0846
48.0846
48.0846
48.0846
48.0846
48.0846
48.0846
48.0846
48.0661
48.0661
48.0661
48.0661
48.0661
48.0661
48.0661
48.0661
48.0661
48.0661
48.0661
48.0661
48.0661
48.0661
48.0661
48.0661
48.0661
48.0661
48.0661
48.0661
48.0661
48.0661
48.0661
48.0661
48.0661
48.0661
48.0661
48.0661
48.0661
48.0661
48.0661
48.0661
48.0661
48.0661
48.0661
48.0661
48.0661
48.0661
48.0661
48.0661
48.0661
48.0661
46.9858
46.9858
46.9858
46.9858
46.9858
46.9858
46.9858
46.9858
46.9858
46.9858
46.9858
46.9858
46.9858
46.9858
46.9858
46.9858
46.9858
46.9858
46.9858
46.9858
46.9858
46.9034
46.9034
46.9034
46.9034
46.9034
46.9034
46.9034
46.9034
46.9034
46.9034
46.9034
46.9034
46.9034
46.9034
46.9034
46.9034
46.9034
46.9034
46.9034
46.9034
46.9034
46.9034
46.9034
46.9034
46.9034
46.9034
46.9034
46.9034
46.9034
46.9034
46.9034
46.9034
46.9034
46.9034
46.9034
46.9034
46.9034
46.9034
46.9034
46.9034
46.9034
46.9034
46.9034
46.9034
46.9034
46.9034
46.9034
46.9034
46.9034
46.9034
46.9034
46.9034
46.9034
46.9034
46.9034
46.9034
46.9034
46.9034
46.9034
46.9034
46.9034
46.9034
46.9034
46.9034
46.9034
46.9034
46.9034
46.9034
46.9034
46.9034
46.9034
46.9034
46.9034
46.9034
46.9034
46.9034
46.9034
46.9034
46.9034
46.9034
46.9034
46.9034
46.9034
46.9034
46.9034
46.9034
46.9034
46.9034
46.9034
46.9034
46.9034
46.9034
46.9034
46.9034
46.9034
46.9034
46.9034
46.9034
46.9034
46.9034
46.9034
46.9034
46.9034
46.9034
46.9034
46.9034
46.9034
46.9034
46.9034
46.9034
46.9034
46.9034
46.9034
46.9034
46.9034
46.9034
46.9034
46.9034
46.9034
46.9034
46.9034
46.9034
46.9034
46.9034
46.9034
46.9034
46.9034
46.9034
46.9034
46.9034
46.9034
46.9034
46.9034
46.9034
46.9034
46.9034
46.9034
46.9034
46.9034
46.9034
46.9034
46.9034
46.9034
46.9034
46.9034
46.9034
46.9034
46.9034
46.9034
46.9034
46.9034
46.9034
46.9034
46.9034
46.9034
46.9034
46.9034
46.9034
46.9034
46.9034
46.9034
46.9034
46.9034
46.9034
46.9034
46.9034
46.9034
46.9034
46.8945
46.8945
46.8945
46.8945
46.8945
46.8945
46.8945
46.8945
46.8945
46.8945
46.8945
46.8945
46.8945
46.8945
46.8945
46.8945
46.8945
46.8945
46.8945
46.8945
46.8945
46.8945
46.8945
46.8945
46.8945
46.8945
46.8945
46.8945
46.8945
46.8945
46.8945
46.8945
46.8945
46.8945
46.8945
46.8945
46.8945
46.8945
46.8945
46.8945
46.8945
46.8945
46.8945
46.8945
46.8945
46.8945
46.8945
46.8945
46.8945
46.8945
46.8945
46.8945
46.8945
46.8945
46.8945
46.8945
46.8945
46.8945
46.8945
46.8945
46.8945
46.8945
46.8945
46.8945
46.8945
46.8945
46.8945
46.8945
46.8945
46.8945
46.8945
46.8945
46.8945
46.8945
46.8945
46.8945
46.8945
46.8945
46.8945
46.8945
46.8945
46.8945
46.8945
46.8945
46.8945
46.8945
46.8945
46.8945
46.8945
46.8945
46.8945
46.8945
46.8945
46.8945
46.8945
46.8945
46.8945
46.8945
46.8945
46.8945
46.8945
46.8945
46.8945
46.8945
46.8945
46.8945
46.8945
46.8945
46.8945
46.8945
46.8945
46.8945
46.8945
46.8945
46.8945
46.8945
46.8945
46.8945
46.8945
46.8945
46.8945
46.8945
46.8945
46.8945
46.8945
46.8945
46.8945
46.8945
46.8945
46.8945
46.8945
46.8945
46.8945
46.8945
46.8945
46.8945
46.8945
46.8945
46.8945
46.8945
46.8945
46.8945
46.8945
46.8945
46.8945
46.8945
