169.436
165.232
158.615
152.258
145.384
142.255
139.475
136.378
131.381
127.795
124.726
120.725
115.865
115.314
111.883
110.191
106.694
102.632
100.855
100.631
99.4285
97.8926
96.7262
94.6743
90.5905
90.521
89.0778
87.3937
87.5983
88.7906
88.1422
85.8249
85.3477
84.0503
84.6157
82.1967
84.6557
85.4635
85.8567
85.395
85.9553
88.2704
84.7647
84.0855
81.3684
80.7701
77.7275
78.5416
77.9726
78.3607
78.5653
77.1028
74.6763
73.4519
74.8797
72.485
73.5344
76.3909
75.1613
74.4196
72.9652
73.352
72.3372
72.1436
72.5864
71.9499
72.9127
69.9441
70.6116
70.4449
69.7946
70.2763
72.8855
72.9364
74.9791
73.2983
72.4956
72.0995
71.3002
72.1369
73.6505
71.0994
71.8985
74.912
73.4525
73.4662
72.407
71.1849
74.025
71.9144
73.5812
72.4585
72.3032
71.4359
72.9639
72.8297
72.5552
74.61
75.2746
75.6736
73.3732
71.9128
72.5533
71.8531
70.9163
70.722
71.8213
70.0752
72.9852
68.0835
68.1813
70.2218
69.1938
73.0329
70.4834
71.4296
69.2027
68.3476
66.6187
66.161
65.3112
64.77
65.046
65.0946
66.3376
66.5827
69.4009
65.6257
63.7391
65.0957
65.4154
66.8659
66.2797
66.0379
63.7652
61.95
63.1812
63.2446
65.2373
63.7987
62.855
64.3259
62.9733
63.0885
64.2994
63.4748
65.0919
66.3551
65.5454
64.6044
65.2061
63.5328
62.6838
63.646
63.9861
63.0857
62.1994
64.276
62.8274
63.955
63.3798
62.9886
63.3503
61.6753
62.7328
62.0631
62.0921
59.5828
58.8269
59.247
60.133
60.0082
61.9982
59.8212
59.1135
59.6173
60.652
61.0074
60.7343
61.3989
59.7609
59.2012
58.9061
61.5257
63.5417
63.5722
62.3739
61.9022
60.7627
61.1422
61.0603
60.2869
61.9093
61.1754
61.6598
62.3843
62.3731
61.6671
62.4822
62.168
62.9629
62.2795
63.8367
62.7933
62.1328
60.0874
60.2425
61.7114
63.0926
60.4464
60.8182
62.0516
63.4548
63.6083
65.2587
63.8503
63.0016
63.946
63.1404
62.2349
61.9431
61.4327
62.4084
64.1135
66.0725
62.0691
64.8579
63.7779
62.4094
60.456
59.9959
61.5841
61.2332
59.627
59.0466
60.1743
60.1203
59.1424
59.1859
61.8579
61.7963
60.2298
58.9456
60.8648
60.2312
59.9423
60.5835
62.0654
61.0866
59.8535
59.1699
59.6038
60.389
60.3727
60.5245
62.9272
61.7773
62.8226
63.324
65.1046
62.3851
61.4103
58.8692
60.5907
59.5767
60.7607
59.5338
59.2242
60.7456
61.1496
59.5257
60.1621
63.0163
61.985
61.6368
60.5815
61.2207
59.0155
59.9321
60.2998
59.0218
59.206
59.3724
57.8766
60.0377
62.1517
60.7574
60.8451
58.7497
59.9946
59.6619
59.9472
60.5992
60.7818
60.1499
60.8555
61.7502
60.7618
59.6253
59.2041
60.135
58.9519
61.6635
59.3979
59.5165
61.0755
57.7574
60.2151
60.303
61.1225
61.0456
61.7646
61.9711
58.8552
58.3506
60.5784
61.7365
64.0007
61.3518
62.469
61.871
61.3079
61.8399
62.4156
61.1729
61.6826
59.3257
57.5957
58.9173
59.0796
59.3401
58.7093
58.3226
58.6231
58.4571
60.5978
62.2188
60.3371
61.8937
61.7223
61.3625
61.9985
60.7132
60.5772
60.0469
58.0757
59.2755
57.9626
57.2453
59.9651
59.7295
57.6376
59.2198
58.0011
59.6871
60.9744
62.0883
58.5501
60.9089
58.9944
58.9982
58.1361
58.7806
58.8145
58.5355
58.4473
57.0138
56.8155
59.9801
59.5237
61.5628
58.0201
56.6437
56.9087
59.7946
61.7676
61.4404
62.425
61.9054
62.8387
65.0754
63.4112
61.8574
60.1454
60.6758
58.5724
59.3839
59.3963
58.6229
57.6408
59.0457
58.3701
56.988
57.3818
56.7579
58.0001
59.067
58.6478
57.3425
57.3831
56.7354
58.7139
58.1906
55.8141
58.5161
60.087
61.1745
59.8696
61.866
63.211
60.0552
59.1323
57.6751
59.6057
58.9762
59.477
59.916
60.408
60.0112
58.4608
59.9018
57.8751
57.7531
60.0387
57.4321
56.7816
58.1526
57.8743
59.2099
57.5388
57.7391
58.1762
57.9897
57.1905
56.7279
55.752
55.1372
57.856
58.555
56.784
58.3466
57.3662
58.6885
59.7516
61.1226
58.645
58.5002
58.5046
58.2887
57.1436
59.7849
59.0223
58.1683
59.5252
58.288
58.5279
58.0243
59.5496
61.5558
61.3964
61.7611
61.3504
59.3055
58.1512
58.6899
57.3771
56.4704
57.4707
57.1777
58.5805
61.1694
60.2058
59.7372
61.0988
60.3681
60.6738
61.0041
59.4008
60.5983
57.6217
57.668
56.7717
58.8761
61.8148
59.1
55.7884
58.7841
58.9495
57.6264
54.6911
55.0089
56.12
55.6539
55.1969
55.7295
55.6603
57.2032
56.7992
58.9267
59.8569
59.2101
60.3119
60.4962
59.008
58.9862
61.1178
58.7529
58.7399
57.8948
56.705
55.8125
57.5688
55.5523
56.6878
58.1627
57.4928
59.0337
57.772
56.0925
57.0564
55.5202
54.3913
53.5336
55.893
57.3581
56.1779
57.1567
58.8213
58.9525
60.0836
57.7556
57.234
58.054
57.1333
60.6242
58.3007
59.0705
55.6896
56.8549
57.2307
60.2315
63.0744
63.3489
61.4884
60.5108
57.2854
58.0908
56.3344
59.683
59.4092
56.2234
56.8161
56.4404
56.8497
59.123
60.7973
60.651
59.3625
57.0826
57.0068
55.9776
55.9317
56.3968
57.3717
57.7433
57.638
59.4611
58.8496
58.8027
58.2859
57.4129
56.7981
57.4065
56.3399
55.5955
54.7586
54.5415
56.2509
57.5448
57.6876
58.697
56.571
56.443
58.2284
60.2307
58.872
56.248
57.4779
59.9493
56.5426
57.135
54.904
54.8694
56.2758
55.6354
55.9085
55.7509
54.7239
55.2997
56.4986
54.6307
56.689
58.2999
58.7185
57.5321
55.6977
54.0858
53.175
54.8536
55.4565
55.8179
58.0281
56.2592
54.3529
55.9719
56.8841
57.2049
56.2962
56.4021
60.6325
60.1012
62.2092
57.5192
55.473
56.4569
55.6225
56.9753
56.3341
55.5734
54.3927
55.1706
56.2052
58.3113
54.7445
57.2987
57.6346
57.3399
55.6511
56.8898
55.0452
55.0413
54.4315
53.7125
53.4698
54.4701
55.4898
55.8551
56.6382
58.5336
55.8519
54.909
55.483
54.5922
55.1905
57.0841
56.0007
54.7459
56.3914
57.4192
57.0777
56.4758
53.1198
53.8046
56.0796
59.4995
58.031
58.6109
58.521
57.2094
57.803
58.7933
57.759
56.538
53.7171
54.2487
55.2322
54.8887
54.4105
55.1273
57.8297
58.5331
56.1416
53.6911
57.1523
56.8125
57.5464
58.4998
56.9064
54.3271
54.0198
55.0887
54.0875
54.7421
57.3976
57.2415
56.0578
55.945
55.5162
57.0331
57.4469
55.3562
53.1348
52.6227
54.8129
54.8598
58.1205
58.2091
57.9865
59.1151
57.4387
57.7389
58.9158
60.982
56.8978
57.4974
54.1582
54.5701
55.0705
53.7709
55.5304
55.3852
57.7068
52.9718
53.3167
53.5356
53.8903
54.8714
54.8301
55.9912
52.4442
52.3037
51.6816
53.1647
52.9688
52.6017
53.8191
56.4968
54.4106
51.5255
52.1095
54.0087
54.9111
53.1847
52.9957
53.8285
53.4708
52.649
55.8179
56.3924
59.7968
57.5456
55.3
57.685
55.5914
55.2382
52.7689
53.8676
56.3313
53.3508
54.2112
55.5391
54.6218
54.8503
54.9279
56.143
54.4875
53.5875
54.4381
54.6397
53.1281
54.2589
54.6135
54.6699
54.2547
52.1207
56.3986
53.2365
54.7891
55.0479
54.2056
54.2043
52.9362
55.4629
54.6976
54.3359
52.7752
51.1701
53.1524
54.6933
55.3041
54.0089
53.8723
54.7445
52.8726
56.2813
57.6581
56.9529
55.5417
54.516
55.6347
55.6471
54.4064
57.8393
55.2143
55.2953
56.3542
55.7641
53.0144
54.0426
55.3692
53.7843
57.9034
59.5961
58.4331
58.0984
58.9421
56.8377
56.8026
55.6302
54.6033
54.7452
54.9898
55.5948
55.4889
53.9627
53.6136
53.605
54.8629
57.7689
57.0253
56.4856
56.1017
53.7517
53.231
55.6111
56.7155
56.483
55.4612
55.1818
57.948
54.4981
57.3424
55.6326
54.4919
56.0452
56.3889
59.1804
57.2513
57.5987
57.9755
58.7561
58.7148
55.6899
56.7838
54.835
55.8787
57.9836
57.7529
55.9798
54.865
57.7317
57.973
56.8506
54.8411
54.1791
53.6748
54.574
52.9175
50.9819
53.358
54.0146
54.1913
55.194
54.5877
54.2137
54.1233
53.5638
54.2843
55.3898
53.9088
54.9031
54.9862
54.7702
55.5666
55.7551
53.9224
52.5073
54.0941
55.8931
52.6138
54.7901
52.1517
54.3066
53.6986
52.0405
52.4902
53.8574
55.6481
55.8372
55.8443
56.3938
56.0799
54.5475
57.8784
54.5976
55.9019
54.4965
57.4272
53.7644
53.396
55.3668
55.3875
55.085
55.2054
54.6852
54.2722
53.5195
56.832
56.6247
56.4201
56.7706
56.1679
57.9341
57.5677
56.4465
57.1924
56.1516
56.0738
54.7503
57.9222
55.8858
56.9945
55.5447
56.9819
56.0749
55.8222
55.2334
55.6846
56.0102
52.534
52.8086
52.8688
52.2095
52.8913
54.031
53.9774
55.7634
55.5927
54.7269
53.4305
53.1526
54.5788
57.6057
55.5016
56.7921
55.7951
53.827
55.3768
55.8186
52.956
52.9629
52.0343
53.2789
57.1809
55.0303
56.1643
55.8396
55.3036
54.6831
55.3358
53.4641
52.1343
52.2635
54.1874
53.901
54.3325
55.467
56.6489
54.5647
56.1542
58.8828
55.7346
54.6812
52.6252
52.8686
52.6275
54.0232
53.6342
54.6248
55.3838
54.7867
54.7233
55.242
54.9078
54.3055
53.1881
53.4231
54.8872
55.5519
55.1806
