1,	1.411820948,	0
2,	1.411826163,	5.214576144e-06
3,	1.411817747,	8.938361896e-06
4,	1.411798647,	2.011848627e-05
5,	1.411751285,	4.98597602e-05
6,	1.411744552,	4.126330481e-05
7,	1.411744523,	3.487387013e-05
8,	1.411760117,	3.398999757e-05
9,	1.411763253,	3.013994457e-05
10,	1.411755968,	2.792503229e-05
11,	1.411753285,	2.540121319e-05
12,	1.411761843,	2.47167551e-05
13,	1.41176423,	2.286105528e-05
14,	1.411776188,	2.430973875e-05
15,	1.411775404,	2.264468594e-05
16,	1.411774465,	2.120296484e-05
17,	1.411773491,	1.994053144e-05
18,	1.411771858,	1.887092871e-05
19,	1.411771456,	1.785463341e-05
20,	1.411774439,	1.719896266e-05
21,	1.41177762,	1.666594825e-05
22,	1.411774172,	1.626021399e-05
23,	1.411775712,	1.561336899e-05
24,	1.411773294,	1.51430649e-05
25,	1.411770395,	1.481115176e-05
26,	1.411772272,	1.435338602e-05
27,	1.411773414,	1.385868969e-05
28,	1.411769633,	1.387951898e-05
29,	1.411768262,	1.346236299e-05
30,	1.41177028,	1.316143628e-05
31,	1.411764578,	1.394840596e-05
32,	1.41176178,	1.379227457e-05
33,	1.411762252,	1.337612417e-05
34,	1.411762095,	1.297769304e-05
35,	1.411761142,	1.263743535e-05
36,	1.411761332,	1.228284507e-05
37,	1.411760786,	1.195874586e-05
38,	1.411760455,	1.164448438e-05
39,	1.411761307,	1.137396597e-05
40,	1.411760582,	1.110966007e-05
41,	1.41176378,	1.129736599e-05
42,	1.411765011,	1.109363448e-05
43,	1.411765636,	1.085059559e-05
44,	1.411766718,	1.065618662e-05
45,	1.411766587,	1.041751669e-05
46,	1.411768143,	1.030661998e-05
47,	1.411769481,	1.017339111e-05
48,	1.411767921,	1.008065857e-05
49,	1.411763493,	1.082024681e-05
50,	1.411759153,	1.145571139e-05
51,	1.411756152,	1.162307728e-05
52,	1.411753867,	1.162409668e-05
53,	1.411750652,	1.184714223e-05
54,	1.411746289,	1.241744597e-05
55,	1.411744183,	1.237012613e-05
56,	1.411745629,	1.223296313e-05
57,	1.411747767,	1.220516358e-05
58,	1.41175074,	1.235577417e-05
59,	1.411752716,	1.230431889e-05
60,	1.41175475,	1.226729272e-05
61,	1.411756921,	1.225818374e-05
62,	1.411756576,	1.206378115e-05
63,	1.41175664,	1.187092321e-05
64,	1.411758746,	1.18722981e-05
65,	1.411759473,	1.171076765e-05
66,	1.411760961,	1.162757838e-05
67,	1.411762762,	1.159343873e-05
68,	1.411764721,	1.158853276e-05
69,	1.411766556,	1.156584415e-05
70,	1.41176848,	1.156060713e-05
71,	1.41177015,	1.151828228e-05
72,	1.411770935,	1.138434073e-05
73,	1.411771566,	1.124497565e-05
74,	1.411771645,	1.109225859e-05
75,	1.411772732,	1.099727251e-05
76,	1.411773618,	1.088767609e-05
77,	1.411773913,	1.074940606e-05
78,	1.411775215,	1.069026831e-05
79,	1.411776552,	1.063836922e-05
80,	1.411779094,	1.080788463e-05
81,	1.411779771,	1.069506866e-05
82,	1.411778488,	1.064153675e-05
83,	1.411777809,	1.053440845e-05
84,	1.411777575,	1.041088382e-05
85,	1.411778199,	1.03065631e-05
86,	1.411778871,	1.020817563e-05
87,	1.411778939,	1.009038674e-05
88,	1.411779525,	9.992296072e-06
89,	1.411780564,	9.933867164e-06
90,	1.411780275,	9.827139206e-06
91,	1.411779024,	9.798669311e-06
92,	1.411777388,	9.828714123e-06
93,	1.411777033,	9.728916082e-06
94,	1.411775424,	9.75847223e-06
95,	1.41177433,	9.717027215e-06
96,	1.411773794,	9.630185371e-06
97,	1.41177542,	9.668106134e-06
98,	1.411776783,	9.665540778e-06
99,	1.411777099,	9.572620809e-06
100,	1.411774979,	9.710613373e-06
